[2024-09-20T10:17:45.404+0000] {local_task_job_runner.py:123} INFO - ::group::Pre task execution logs
[2024-09-20T10:17:45.413+0000] {taskinstance.py:2603} INFO - Dependencies all met for dep_context=non-requeueable deps ti=<TaskInstance: example_python_operator.print_the_context manual__2024-09-20T10:17:43.143240+00:00 [queued]>
[2024-09-20T10:17:45.417+0000] {taskinstance.py:2603} INFO - Dependencies all met for dep_context=requeueable deps ti=<TaskInstance: example_python_operator.print_the_context manual__2024-09-20T10:17:43.143240+00:00 [queued]>
[2024-09-20T10:17:45.417+0000] {taskinstance.py:2856} INFO - Starting attempt 1 of 1
[2024-09-20T10:17:45.423+0000] {taskinstance.py:2879} INFO - Executing <Task(PythonOperator): print_the_context> on 2024-09-20 10:17:43.143240+00:00
[2024-09-20T10:17:45.442+0000] {warnings.py:112} WARNING - /home/***/.local/lib/python3.12/site-packages/***/task/task_runner/standard_task_runner.py:70: DeprecationWarning: This process (pid=124) is multi-threaded, use of fork() may lead to deadlocks in the child.
  pid = os.fork()

[2024-09-20T10:17:45.443+0000] {standard_task_runner.py:72} INFO - Started process 126 to run task
[2024-09-20T10:17:45.443+0000] {standard_task_runner.py:104} INFO - Running: ['***', 'tasks', 'run', 'example_python_operator', 'print_the_context', 'manual__2024-09-20T10:17:43.143240+00:00', '--job-id', '14', '--raw', '--subdir', '/home/***/.local/lib/python3.12/site-packages/***/example_dags/example_python_operator.py', '--cfg-path', '/tmp/tmp208owl9y']
[2024-09-20T10:17:45.444+0000] {standard_task_runner.py:105} INFO - Job 14: Subtask print_the_context
[2024-09-20T10:17:45.489+0000] {task_command.py:467} INFO - Running <TaskInstance: example_python_operator.print_the_context manual__2024-09-20T10:17:43.143240+00:00 [running]> on host e7275b2d8499
[2024-09-20T10:17:45.567+0000] {taskinstance.py:3122} INFO - Exporting env vars: AIRFLOW_CTX_DAG_OWNER='***' AIRFLOW_CTX_DAG_ID='example_python_operator' AIRFLOW_CTX_TASK_ID='print_the_context' AIRFLOW_CTX_EXECUTION_DATE='2024-09-20T10:17:43.143240+00:00' AIRFLOW_CTX_TRY_NUMBER='1' AIRFLOW_CTX_DAG_RUN_ID='manual__2024-09-20T10:17:43.143240+00:00'
[2024-09-20T10:17:45.567+0000] {logging_mixin.py:190} INFO - Task instance is in running state
[2024-09-20T10:17:45.568+0000] {logging_mixin.py:190} INFO -  Previous state of the Task instance: queued
[2024-09-20T10:17:45.568+0000] {logging_mixin.py:190} INFO - Current task name:print_the_context state:running start_date:2024-09-20 10:17:45.414267+00:00
[2024-09-20T10:17:45.568+0000] {logging_mixin.py:190} INFO - Dag name:example_python_operator and current dag run status:running
[2024-09-20T10:17:45.568+0000] {taskinstance.py:731} INFO - ::endgroup::
[2024-09-20T10:17:45.569+0000] {logging_mixin.py:190} INFO - ::group::All kwargs
[2024-09-20T10:17:45.576+0000] {logging_mixin.py:190} INFO - {'conf': <***.configuration.AirflowConfigParser object at 0xffff8c5bfc50>,
 'conn': None,
 'dag': <DAG: example_python_operator>,
 'dag_run': <DagRun example_python_operator @ 2024-09-20 10:17:43.143240+00:00: manual__2024-09-20T10:17:43.143240+00:00, state:running, queued_at: 2024-09-20 10:17:43.156099+00:00. externally triggered: True>,
 'data_interval_end': DateTime(2024, 9, 20, 10, 17, 43, 143240, tzinfo=Timezone('UTC')),
 'data_interval_start': DateTime(2024, 9, 20, 10, 17, 43, 143240, tzinfo=Timezone('UTC')),
 'ds_nodash': '20240920',
 'execution_date': <Proxy at 0xffff6c555e00 with factory functools.partial(<function lazy_mapping_from_context.<locals>._deprecated_proxy_factory at 0xffff6c543ce0>, 'execution_date', DateTime(2024, 9, 20, 10, 17, 43, 143240, tzinfo=Timezone('UTC')))>,
 'expanded_ti_count': None,
 'inlet_events': InletEventsAccessors(_inlets=[], _datasets={}, _dataset_aliases={}, _session=<sqlalchemy.orm.session.Session object at 0xffff8c650d10>),
 'inlets': [],
 'logical_date': DateTime(2024, 9, 20, 10, 17, 43, 143240, tzinfo=Timezone('UTC')),
 'macros': <module '***.macros' from '/home/***/.local/lib/python3.12/site-packages/***/macros/__init__.py'>,
 'map_index_template': None,
 'next_ds': <Proxy at 0xffff6c665c40 with factory functools.partial(<function lazy_mapping_from_context.<locals>._deprecated_proxy_factory at 0xffff6c543ce0>, 'next_ds', '2024-09-20')>,
 'next_ds_nodash': <Proxy at 0xffff6c51c940 with factory functools.partial(<function lazy_mapping_from_context.<locals>._deprecated_proxy_factory at 0xffff6c543ce0>, 'next_ds_nodash', '20240920')>,
 'next_execution_date': <Proxy at 0xffff6c51c800 with factory functools.partial(<function lazy_mapping_from_context.<locals>._deprecated_proxy_factory at 0xffff6c543ce0>, 'next_execution_date', DateTime(2024, 9, 20, 10, 17, 43, 143240, tzinfo=Timezone('UTC')))>,
 'outlet_events': <***.utils.context.OutletEventAccessors object at 0xffff6c507f20>,
 'outlets': [],
 'params': {},
 'prev_data_interval_end_success': None,
 'prev_data_interval_start_success': None,
 'prev_ds': <Proxy at 0xffff6c51c580 with factory functools.partial(<function lazy_mapping_from_context.<locals>._deprecated_proxy_factory at 0xffff6c543ce0>, 'prev_ds', '2024-09-20')>,
 'prev_ds_nodash': <Proxy at 0xffff6c5108c0 with factory functools.partial(<function lazy_mapping_from_context.<locals>._deprecated_proxy_factory at 0xffff6c543ce0>, 'prev_ds_nodash', '20240920')>,
 'prev_end_date_success': None,
 'prev_execution_date': <Proxy at 0xffff6c764140 with factory functools.partial(<function lazy_mapping_from_context.<locals>._deprecated_proxy_factory at 0xffff6c543ce0>, 'prev_execution_date', DateTime(2024, 9, 20, 10, 17, 43, 143240, tzinfo=Timezone('UTC')))>,
 'prev_execution_date_success': <Proxy at 0xffff6cba7800 with factory functools.partial(<function lazy_mapping_from_context.<locals>._deprecated_proxy_factory at 0xffff6c543ce0>, 'prev_execution_date_success', None)>,
 'prev_start_date_success': None,
 'run_id': 'manual__2024-09-20T10:17:43.143240+00:00',
 'task': <Task(PythonOperator): print_the_context>,
 'task_instance': <TaskInstance: example_python_operator.print_the_context manual__2024-09-20T10:17:43.143240+00:00 [running]>,
 'task_instance_key_str': 'example_python_operator__print_the_context__20240920',
 'templates_dict': None,
 'test_mode': False,
 'ti': <TaskInstance: example_python_operator.print_the_context manual__2024-09-20T10:17:43.143240+00:00 [running]>,
 'tomorrow_ds': <Proxy at 0xffff6c5b1480 with factory functools.partial(<function lazy_mapping_from_context.<locals>._deprecated_proxy_factory at 0xffff6c543ce0>, 'tomorrow_ds', '2024-09-21')>,
 'tomorrow_ds_nodash': <Proxy at 0xffff6c5b12c0 with factory functools.partial(<function lazy_mapping_from_context.<locals>._deprecated_proxy_factory at 0xffff6c543ce0>, 'tomorrow_ds_nodash', '20240921')>,
 'triggering_dataset_events': <Proxy at 0xffff6c5542c0 with factory <function _get_template_context.<locals>.get_triggering_events at 0xffff6c5414e0>>,
 'ts': '2024-09-20T10:17:43.143240+00:00',
 'ts_nodash': '20240920T101743',
 'ts_nodash_with_tz': '20240920T101743.143240+0000',
 'var': {'json': None, 'value': None},
 'yesterday_ds': <Proxy at 0xffff6c5b1400 with factory functools.partial(<function lazy_mapping_from_context.<locals>._deprecated_proxy_factory at 0xffff6c543ce0>, 'yesterday_ds', '2024-09-19')>,
 'yesterday_ds_nodash': <Proxy at 0xffff6c5b15c0 with factory functools.partial(<function lazy_mapping_from_context.<locals>._deprecated_proxy_factory at 0xffff6c543ce0>, 'yesterday_ds_nodash', '20240919')>}
[2024-09-20T10:17:45.576+0000] {logging_mixin.py:190} INFO - ::endgroup::
[2024-09-20T10:17:45.576+0000] {logging_mixin.py:190} INFO - ::group::Context variable ds
[2024-09-20T10:17:45.576+0000] {logging_mixin.py:190} INFO - 2024-09-20
[2024-09-20T10:17:45.576+0000] {logging_mixin.py:190} INFO - ::endgroup::
[2024-09-20T10:17:45.576+0000] {python.py:240} INFO - Done. Returned value was: Whatever you return gets printed in the logs
[2024-09-20T10:17:45.583+0000] {taskinstance.py:340} INFO - ::group::Post task execution logs
[2024-09-20T10:17:45.583+0000] {taskinstance.py:352} INFO - Marking task as SUCCESS. dag_id=example_python_operator, task_id=print_the_context, run_id=manual__2024-09-20T10:17:43.143240+00:00, execution_date=20240920T101743, start_date=20240920T101745, end_date=20240920T101745
[2024-09-20T10:17:45.586+0000] {logging_mixin.py:190} INFO - Task instance in success state
[2024-09-20T10:17:45.586+0000] {logging_mixin.py:190} INFO -  Previous state of the Task instance: running
[2024-09-20T10:17:45.586+0000] {logging_mixin.py:190} INFO - Dag name:example_python_operator queued_at:2024-09-20 10:17:43.156099+00:00
[2024-09-20T10:17:45.586+0000] {logging_mixin.py:190} INFO - Task hostname:e7275b2d8499 operator:PythonOperator
[2024-09-20T10:17:45.626+0000] {local_task_job_runner.py:261} INFO - Task exited with return code 0
[2024-09-20T10:17:45.641+0000] {taskinstance.py:3891} INFO - 2 downstream tasks scheduled from follow-on schedule check
[2024-09-20T10:17:45.642+0000] {local_task_job_runner.py:240} INFO - ::endgroup::
