[2024-08-23T12:03:21.512+0000] {processor.py:186} INFO - Started process (PID=125) to work on /home/airflow/.local/lib/python3.12/site-packages/airflow/example_dags/example_nested_branch_dag.py
[2024-08-23T12:03:21.519+0000] {processor.py:914} INFO - Processing file /home/airflow/.local/lib/python3.12/site-packages/airflow/example_dags/example_nested_branch_dag.py for tasks to queue
[2024-08-23T12:03:21.523+0000] {logging_mixin.py:190} INFO - [2024-08-23T12:03:21.523+0000] {dagbag.py:587} INFO - Filling up the DagBag from /home/airflow/.local/lib/python3.12/site-packages/airflow/example_dags/example_nested_branch_dag.py
[2024-08-23T12:03:21.552+0000] {processor.py:925} INFO - DAG(s) 'example_nested_branch_dag' retrieved from /home/airflow/.local/lib/python3.12/site-packages/airflow/example_dags/example_nested_branch_dag.py
[2024-08-23T12:03:21.851+0000] {logging_mixin.py:190} INFO - [2024-08-23T12:03:21.850+0000] {override.py:1858} INFO - Created Permission View: can read on DAG:example_nested_branch_dag
[2024-08-23T12:03:21.871+0000] {logging_mixin.py:190} INFO - [2024-08-23T12:03:21.870+0000] {override.py:1858} INFO - Created Permission View: can delete on DAG:example_nested_branch_dag
[2024-08-23T12:03:21.882+0000] {logging_mixin.py:190} INFO - [2024-08-23T12:03:21.882+0000] {override.py:1858} INFO - Created Permission View: can edit on DAG:example_nested_branch_dag
[2024-08-23T12:03:21.884+0000] {logging_mixin.py:190} INFO - [2024-08-23T12:03:21.884+0000] {dag.py:3211} INFO - Sync 1 DAGs
[2024-08-23T12:03:21.948+0000] {logging_mixin.py:190} INFO - [2024-08-23T12:03:21.948+0000] {dag.py:3234} INFO - Creating ORM DAG for example_nested_branch_dag
[2024-08-23T12:03:21.999+0000] {logging_mixin.py:190} INFO - [2024-08-23T12:03:21.999+0000] {dag.py:4138} INFO - Setting next_dagrun for example_nested_branch_dag to 2024-08-22 00:00:00+00:00, run_after=2024-08-23 00:00:00+00:00
[2024-08-23T12:03:22.037+0000] {processor.py:208} INFO - Processing /home/airflow/.local/lib/python3.12/site-packages/airflow/example_dags/example_nested_branch_dag.py took 0.530 seconds
[2024-08-23T12:03:52.123+0000] {processor.py:186} INFO - Started process (PID=186) to work on /home/airflow/.local/lib/python3.12/site-packages/airflow/example_dags/example_nested_branch_dag.py
[2024-08-23T12:03:52.130+0000] {processor.py:914} INFO - Processing file /home/airflow/.local/lib/python3.12/site-packages/airflow/example_dags/example_nested_branch_dag.py for tasks to queue
[2024-08-23T12:03:52.135+0000] {logging_mixin.py:190} INFO - [2024-08-23T12:03:52.135+0000] {dagbag.py:587} INFO - Filling up the DagBag from /home/airflow/.local/lib/python3.12/site-packages/airflow/example_dags/example_nested_branch_dag.py
[2024-08-23T12:03:52.167+0000] {processor.py:925} INFO - DAG(s) 'example_nested_branch_dag' retrieved from /home/airflow/.local/lib/python3.12/site-packages/airflow/example_dags/example_nested_branch_dag.py
[2024-08-23T12:03:52.245+0000] {logging_mixin.py:190} INFO - [2024-08-23T12:03:52.244+0000] {dag.py:3211} INFO - Sync 1 DAGs
[2024-08-23T12:03:52.636+0000] {logging_mixin.py:190} INFO - [2024-08-23T12:03:52.616+0000] {dag.py:4138} INFO - Setting next_dagrun for example_nested_branch_dag to 2024-08-22 00:00:00+00:00, run_after=2024-08-23 00:00:00+00:00
[2024-08-23T12:03:52.707+0000] {processor.py:208} INFO - Processing /home/airflow/.local/lib/python3.12/site-packages/airflow/example_dags/example_nested_branch_dag.py took 0.599 seconds
[2024-08-23T12:04:35.508+0000] {processor.py:186} INFO - Started process (PID=254) to work on /home/airflow/.local/lib/python3.12/site-packages/airflow/example_dags/example_nested_branch_dag.py
[2024-08-23T12:04:35.532+0000] {processor.py:914} INFO - Processing file /home/airflow/.local/lib/python3.12/site-packages/airflow/example_dags/example_nested_branch_dag.py for tasks to queue
[2024-08-23T12:04:35.540+0000] {logging_mixin.py:190} INFO - [2024-08-23T12:04:35.539+0000] {dagbag.py:587} INFO - Filling up the DagBag from /home/airflow/.local/lib/python3.12/site-packages/airflow/example_dags/example_nested_branch_dag.py
[2024-08-23T12:04:35.583+0000] {processor.py:925} INFO - DAG(s) 'example_nested_branch_dag' retrieved from /home/airflow/.local/lib/python3.12/site-packages/airflow/example_dags/example_nested_branch_dag.py
[2024-08-23T12:04:35.813+0000] {logging_mixin.py:190} INFO - [2024-08-23T12:04:35.812+0000] {dag.py:3211} INFO - Sync 1 DAGs
[2024-08-23T12:04:35.857+0000] {logging_mixin.py:190} INFO - [2024-08-23T12:04:35.856+0000] {dag.py:4138} INFO - Setting next_dagrun for example_nested_branch_dag to 2024-08-22 00:00:00+00:00, run_after=2024-08-23 00:00:00+00:00
[2024-08-23T12:04:35.961+0000] {processor.py:208} INFO - Processing /home/airflow/.local/lib/python3.12/site-packages/airflow/example_dags/example_nested_branch_dag.py took 0.480 seconds
[2024-08-23T12:05:09.963+0000] {processor.py:186} INFO - Started process (PID=315) to work on /home/airflow/.local/lib/python3.12/site-packages/airflow/example_dags/example_nested_branch_dag.py
[2024-08-23T12:05:09.968+0000] {processor.py:914} INFO - Processing file /home/airflow/.local/lib/python3.12/site-packages/airflow/example_dags/example_nested_branch_dag.py for tasks to queue
[2024-08-23T12:05:09.971+0000] {logging_mixin.py:190} INFO - [2024-08-23T12:05:09.970+0000] {dagbag.py:587} INFO - Filling up the DagBag from /home/airflow/.local/lib/python3.12/site-packages/airflow/example_dags/example_nested_branch_dag.py
[2024-08-23T12:05:09.992+0000] {processor.py:925} INFO - DAG(s) 'example_nested_branch_dag' retrieved from /home/airflow/.local/lib/python3.12/site-packages/airflow/example_dags/example_nested_branch_dag.py
[2024-08-23T12:05:10.023+0000] {logging_mixin.py:190} INFO - [2024-08-23T12:05:10.023+0000] {dag.py:3211} INFO - Sync 1 DAGs
[2024-08-23T12:05:10.038+0000] {logging_mixin.py:190} INFO - [2024-08-23T12:05:10.038+0000] {dag.py:4138} INFO - Setting next_dagrun for example_nested_branch_dag to 2024-08-22 00:00:00+00:00, run_after=2024-08-23 00:00:00+00:00
[2024-08-23T12:05:10.652+0000] {processor.py:208} INFO - Processing /home/airflow/.local/lib/python3.12/site-packages/airflow/example_dags/example_nested_branch_dag.py took 0.698 seconds
[2024-08-23T12:05:41.013+0000] {processor.py:186} INFO - Started process (PID=377) to work on /home/airflow/.local/lib/python3.12/site-packages/airflow/example_dags/example_nested_branch_dag.py
[2024-08-23T12:05:41.015+0000] {processor.py:914} INFO - Processing file /home/airflow/.local/lib/python3.12/site-packages/airflow/example_dags/example_nested_branch_dag.py for tasks to queue
[2024-08-23T12:05:41.016+0000] {logging_mixin.py:190} INFO - [2024-08-23T12:05:41.016+0000] {dagbag.py:587} INFO - Filling up the DagBag from /home/airflow/.local/lib/python3.12/site-packages/airflow/example_dags/example_nested_branch_dag.py
[2024-08-23T12:05:41.049+0000] {processor.py:925} INFO - DAG(s) 'example_nested_branch_dag' retrieved from /home/airflow/.local/lib/python3.12/site-packages/airflow/example_dags/example_nested_branch_dag.py
[2024-08-23T12:05:41.091+0000] {logging_mixin.py:190} INFO - [2024-08-23T12:05:41.091+0000] {dag.py:3211} INFO - Sync 1 DAGs
[2024-08-23T12:05:41.146+0000] {logging_mixin.py:190} INFO - [2024-08-23T12:05:41.145+0000] {dag.py:4138} INFO - Setting next_dagrun for example_nested_branch_dag to 2024-08-22 00:00:00+00:00, run_after=2024-08-23 00:00:00+00:00
[2024-08-23T12:05:41.185+0000] {processor.py:208} INFO - Processing /home/airflow/.local/lib/python3.12/site-packages/airflow/example_dags/example_nested_branch_dag.py took 0.181 seconds
[2024-08-23T12:06:11.741+0000] {processor.py:186} INFO - Started process (PID=439) to work on /home/airflow/.local/lib/python3.12/site-packages/airflow/example_dags/example_nested_branch_dag.py
[2024-08-23T12:06:11.745+0000] {processor.py:914} INFO - Processing file /home/airflow/.local/lib/python3.12/site-packages/airflow/example_dags/example_nested_branch_dag.py for tasks to queue
[2024-08-23T12:06:11.751+0000] {logging_mixin.py:190} INFO - [2024-08-23T12:06:11.750+0000] {dagbag.py:587} INFO - Filling up the DagBag from /home/airflow/.local/lib/python3.12/site-packages/airflow/example_dags/example_nested_branch_dag.py
[2024-08-23T12:06:11.767+0000] {processor.py:925} INFO - DAG(s) 'example_nested_branch_dag' retrieved from /home/airflow/.local/lib/python3.12/site-packages/airflow/example_dags/example_nested_branch_dag.py
[2024-08-23T12:06:11.825+0000] {logging_mixin.py:190} INFO - [2024-08-23T12:06:11.824+0000] {dag.py:3211} INFO - Sync 1 DAGs
[2024-08-23T12:06:11.856+0000] {logging_mixin.py:190} INFO - [2024-08-23T12:06:11.856+0000] {dag.py:4138} INFO - Setting next_dagrun for example_nested_branch_dag to 2024-08-22 00:00:00+00:00, run_after=2024-08-23 00:00:00+00:00
[2024-08-23T12:06:11.903+0000] {processor.py:208} INFO - Processing /home/airflow/.local/lib/python3.12/site-packages/airflow/example_dags/example_nested_branch_dag.py took 0.184 seconds
[2024-08-23T12:06:41.954+0000] {processor.py:186} INFO - Started process (PID=500) to work on /home/airflow/.local/lib/python3.12/site-packages/airflow/example_dags/example_nested_branch_dag.py
[2024-08-23T12:06:41.956+0000] {processor.py:914} INFO - Processing file /home/airflow/.local/lib/python3.12/site-packages/airflow/example_dags/example_nested_branch_dag.py for tasks to queue
[2024-08-23T12:06:41.957+0000] {logging_mixin.py:190} INFO - [2024-08-23T12:06:41.956+0000] {dagbag.py:587} INFO - Filling up the DagBag from /home/airflow/.local/lib/python3.12/site-packages/airflow/example_dags/example_nested_branch_dag.py
[2024-08-23T12:06:41.962+0000] {processor.py:925} INFO - DAG(s) 'example_nested_branch_dag' retrieved from /home/airflow/.local/lib/python3.12/site-packages/airflow/example_dags/example_nested_branch_dag.py
[2024-08-23T12:06:41.972+0000] {logging_mixin.py:190} INFO - [2024-08-23T12:06:41.972+0000] {dag.py:3211} INFO - Sync 1 DAGs
[2024-08-23T12:06:41.983+0000] {logging_mixin.py:190} INFO - [2024-08-23T12:06:41.983+0000] {dag.py:4138} INFO - Setting next_dagrun for example_nested_branch_dag to 2024-08-22 00:00:00+00:00, run_after=2024-08-23 00:00:00+00:00
[2024-08-23T12:06:41.989+0000] {processor.py:208} INFO - Processing /home/airflow/.local/lib/python3.12/site-packages/airflow/example_dags/example_nested_branch_dag.py took 0.038 seconds
[2024-08-23T12:07:12.379+0000] {processor.py:186} INFO - Started process (PID=562) to work on /home/airflow/.local/lib/python3.12/site-packages/airflow/example_dags/example_nested_branch_dag.py
[2024-08-23T12:07:12.380+0000] {processor.py:914} INFO - Processing file /home/airflow/.local/lib/python3.12/site-packages/airflow/example_dags/example_nested_branch_dag.py for tasks to queue
[2024-08-23T12:07:12.381+0000] {logging_mixin.py:190} INFO - [2024-08-23T12:07:12.381+0000] {dagbag.py:587} INFO - Filling up the DagBag from /home/airflow/.local/lib/python3.12/site-packages/airflow/example_dags/example_nested_branch_dag.py
[2024-08-23T12:07:12.387+0000] {processor.py:925} INFO - DAG(s) 'example_nested_branch_dag' retrieved from /home/airflow/.local/lib/python3.12/site-packages/airflow/example_dags/example_nested_branch_dag.py
[2024-08-23T12:07:12.399+0000] {logging_mixin.py:190} INFO - [2024-08-23T12:07:12.398+0000] {dag.py:3211} INFO - Sync 1 DAGs
[2024-08-23T12:07:12.410+0000] {logging_mixin.py:190} INFO - [2024-08-23T12:07:12.410+0000] {dag.py:4138} INFO - Setting next_dagrun for example_nested_branch_dag to 2024-08-22 00:00:00+00:00, run_after=2024-08-23 00:00:00+00:00
[2024-08-23T12:07:12.421+0000] {processor.py:208} INFO - Processing /home/airflow/.local/lib/python3.12/site-packages/airflow/example_dags/example_nested_branch_dag.py took 0.045 seconds
[2024-08-23T12:07:43.038+0000] {processor.py:186} INFO - Started process (PID=624) to work on /home/airflow/.local/lib/python3.12/site-packages/airflow/example_dags/example_nested_branch_dag.py
[2024-08-23T12:07:43.039+0000] {processor.py:914} INFO - Processing file /home/airflow/.local/lib/python3.12/site-packages/airflow/example_dags/example_nested_branch_dag.py for tasks to queue
[2024-08-23T12:07:43.041+0000] {logging_mixin.py:190} INFO - [2024-08-23T12:07:43.041+0000] {dagbag.py:587} INFO - Filling up the DagBag from /home/airflow/.local/lib/python3.12/site-packages/airflow/example_dags/example_nested_branch_dag.py
[2024-08-23T12:07:43.050+0000] {processor.py:925} INFO - DAG(s) 'example_nested_branch_dag' retrieved from /home/airflow/.local/lib/python3.12/site-packages/airflow/example_dags/example_nested_branch_dag.py
[2024-08-23T12:07:43.064+0000] {logging_mixin.py:190} INFO - [2024-08-23T12:07:43.064+0000] {dag.py:3211} INFO - Sync 1 DAGs
[2024-08-23T12:07:43.081+0000] {logging_mixin.py:190} INFO - [2024-08-23T12:07:43.081+0000] {dag.py:4138} INFO - Setting next_dagrun for example_nested_branch_dag to 2024-08-22 00:00:00+00:00, run_after=2024-08-23 00:00:00+00:00
[2024-08-23T12:07:43.096+0000] {processor.py:208} INFO - Processing /home/airflow/.local/lib/python3.12/site-packages/airflow/example_dags/example_nested_branch_dag.py took 0.065 seconds
[2024-08-23T12:08:14.426+0000] {processor.py:186} INFO - Started process (PID=686) to work on /home/airflow/.local/lib/python3.12/site-packages/airflow/example_dags/example_nested_branch_dag.py
[2024-08-23T12:08:14.436+0000] {processor.py:914} INFO - Processing file /home/airflow/.local/lib/python3.12/site-packages/airflow/example_dags/example_nested_branch_dag.py for tasks to queue
[2024-08-23T12:08:14.453+0000] {logging_mixin.py:190} INFO - [2024-08-23T12:08:14.452+0000] {dagbag.py:587} INFO - Filling up the DagBag from /home/airflow/.local/lib/python3.12/site-packages/airflow/example_dags/example_nested_branch_dag.py
[2024-08-23T12:08:14.495+0000] {processor.py:925} INFO - DAG(s) 'example_nested_branch_dag' retrieved from /home/airflow/.local/lib/python3.12/site-packages/airflow/example_dags/example_nested_branch_dag.py
[2024-08-23T12:08:14.707+0000] {logging_mixin.py:190} INFO - [2024-08-23T12:08:14.706+0000] {dag.py:3211} INFO - Sync 1 DAGs
[2024-08-23T12:08:14.825+0000] {logging_mixin.py:190} INFO - [2024-08-23T12:08:14.823+0000] {dag.py:4138} INFO - Setting next_dagrun for example_nested_branch_dag to 2024-08-22 00:00:00+00:00, run_after=2024-08-23 00:00:00+00:00
[2024-08-23T12:08:14.885+0000] {processor.py:208} INFO - Processing /home/airflow/.local/lib/python3.12/site-packages/airflow/example_dags/example_nested_branch_dag.py took 0.545 seconds
[2024-08-23T12:08:45.037+0000] {processor.py:186} INFO - Started process (PID=748) to work on /home/airflow/.local/lib/python3.12/site-packages/airflow/example_dags/example_nested_branch_dag.py
[2024-08-23T12:08:45.039+0000] {processor.py:914} INFO - Processing file /home/airflow/.local/lib/python3.12/site-packages/airflow/example_dags/example_nested_branch_dag.py for tasks to queue
[2024-08-23T12:08:45.043+0000] {logging_mixin.py:190} INFO - [2024-08-23T12:08:45.043+0000] {dagbag.py:587} INFO - Filling up the DagBag from /home/airflow/.local/lib/python3.12/site-packages/airflow/example_dags/example_nested_branch_dag.py
[2024-08-23T12:08:45.076+0000] {processor.py:925} INFO - DAG(s) 'example_nested_branch_dag' retrieved from /home/airflow/.local/lib/python3.12/site-packages/airflow/example_dags/example_nested_branch_dag.py
[2024-08-23T12:08:45.097+0000] {logging_mixin.py:190} INFO - [2024-08-23T12:08:45.097+0000] {dag.py:3211} INFO - Sync 1 DAGs
[2024-08-23T12:08:45.128+0000] {logging_mixin.py:190} INFO - [2024-08-23T12:08:45.128+0000] {dag.py:4138} INFO - Setting next_dagrun for example_nested_branch_dag to 2024-08-22 00:00:00+00:00, run_after=2024-08-23 00:00:00+00:00
[2024-08-23T12:08:45.139+0000] {processor.py:208} INFO - Processing /home/airflow/.local/lib/python3.12/site-packages/airflow/example_dags/example_nested_branch_dag.py took 0.111 seconds
[2024-08-23T12:09:16.191+0000] {processor.py:186} INFO - Started process (PID=810) to work on /home/airflow/.local/lib/python3.12/site-packages/airflow/example_dags/example_nested_branch_dag.py
[2024-08-23T12:09:16.194+0000] {processor.py:914} INFO - Processing file /home/airflow/.local/lib/python3.12/site-packages/airflow/example_dags/example_nested_branch_dag.py for tasks to queue
[2024-08-23T12:09:16.197+0000] {logging_mixin.py:190} INFO - [2024-08-23T12:09:16.197+0000] {dagbag.py:587} INFO - Filling up the DagBag from /home/airflow/.local/lib/python3.12/site-packages/airflow/example_dags/example_nested_branch_dag.py
[2024-08-23T12:09:16.221+0000] {processor.py:925} INFO - DAG(s) 'example_nested_branch_dag' retrieved from /home/airflow/.local/lib/python3.12/site-packages/airflow/example_dags/example_nested_branch_dag.py
[2024-08-23T12:09:16.256+0000] {logging_mixin.py:190} INFO - [2024-08-23T12:09:16.256+0000] {dag.py:3211} INFO - Sync 1 DAGs
[2024-08-23T12:09:16.277+0000] {logging_mixin.py:190} INFO - [2024-08-23T12:09:16.277+0000] {dag.py:4138} INFO - Setting next_dagrun for example_nested_branch_dag to 2024-08-22 00:00:00+00:00, run_after=2024-08-23 00:00:00+00:00
[2024-08-23T12:09:16.328+0000] {processor.py:208} INFO - Processing /home/airflow/.local/lib/python3.12/site-packages/airflow/example_dags/example_nested_branch_dag.py took 0.147 seconds
[2024-08-23T12:09:46.820+0000] {processor.py:186} INFO - Started process (PID=872) to work on /home/airflow/.local/lib/python3.12/site-packages/airflow/example_dags/example_nested_branch_dag.py
[2024-08-23T12:09:46.823+0000] {processor.py:914} INFO - Processing file /home/airflow/.local/lib/python3.12/site-packages/airflow/example_dags/example_nested_branch_dag.py for tasks to queue
[2024-08-23T12:09:46.827+0000] {logging_mixin.py:190} INFO - [2024-08-23T12:09:46.826+0000] {dagbag.py:587} INFO - Filling up the DagBag from /home/airflow/.local/lib/python3.12/site-packages/airflow/example_dags/example_nested_branch_dag.py
[2024-08-23T12:09:46.841+0000] {processor.py:925} INFO - DAG(s) 'example_nested_branch_dag' retrieved from /home/airflow/.local/lib/python3.12/site-packages/airflow/example_dags/example_nested_branch_dag.py
[2024-08-23T12:09:46.865+0000] {logging_mixin.py:190} INFO - [2024-08-23T12:09:46.864+0000] {dag.py:3211} INFO - Sync 1 DAGs
[2024-08-23T12:09:46.883+0000] {logging_mixin.py:190} INFO - [2024-08-23T12:09:46.883+0000] {dag.py:4138} INFO - Setting next_dagrun for example_nested_branch_dag to 2024-08-22 00:00:00+00:00, run_after=2024-08-23 00:00:00+00:00
[2024-08-23T12:09:46.893+0000] {processor.py:208} INFO - Processing /home/airflow/.local/lib/python3.12/site-packages/airflow/example_dags/example_nested_branch_dag.py took 0.080 seconds
[2024-08-23T12:10:17.936+0000] {processor.py:186} INFO - Started process (PID=934) to work on /home/airflow/.local/lib/python3.12/site-packages/airflow/example_dags/example_nested_branch_dag.py
[2024-08-23T12:10:17.943+0000] {processor.py:914} INFO - Processing file /home/airflow/.local/lib/python3.12/site-packages/airflow/example_dags/example_nested_branch_dag.py for tasks to queue
[2024-08-23T12:10:17.953+0000] {logging_mixin.py:190} INFO - [2024-08-23T12:10:17.953+0000] {dagbag.py:587} INFO - Filling up the DagBag from /home/airflow/.local/lib/python3.12/site-packages/airflow/example_dags/example_nested_branch_dag.py
[2024-08-23T12:10:17.979+0000] {processor.py:925} INFO - DAG(s) 'example_nested_branch_dag' retrieved from /home/airflow/.local/lib/python3.12/site-packages/airflow/example_dags/example_nested_branch_dag.py
[2024-08-23T12:10:18.052+0000] {logging_mixin.py:190} INFO - [2024-08-23T12:10:18.052+0000] {dag.py:3211} INFO - Sync 1 DAGs
[2024-08-23T12:10:18.085+0000] {logging_mixin.py:190} INFO - [2024-08-23T12:10:18.085+0000] {dag.py:4138} INFO - Setting next_dagrun for example_nested_branch_dag to 2024-08-22 00:00:00+00:00, run_after=2024-08-23 00:00:00+00:00
[2024-08-23T12:10:18.104+0000] {processor.py:208} INFO - Processing /home/airflow/.local/lib/python3.12/site-packages/airflow/example_dags/example_nested_branch_dag.py took 0.176 seconds
[2024-08-23T12:10:49.059+0000] {processor.py:186} INFO - Started process (PID=996) to work on /home/airflow/.local/lib/python3.12/site-packages/airflow/example_dags/example_nested_branch_dag.py
[2024-08-23T12:10:49.062+0000] {processor.py:914} INFO - Processing file /home/airflow/.local/lib/python3.12/site-packages/airflow/example_dags/example_nested_branch_dag.py for tasks to queue
[2024-08-23T12:10:49.068+0000] {logging_mixin.py:190} INFO - [2024-08-23T12:10:49.068+0000] {dagbag.py:587} INFO - Filling up the DagBag from /home/airflow/.local/lib/python3.12/site-packages/airflow/example_dags/example_nested_branch_dag.py
[2024-08-23T12:10:49.090+0000] {processor.py:925} INFO - DAG(s) 'example_nested_branch_dag' retrieved from /home/airflow/.local/lib/python3.12/site-packages/airflow/example_dags/example_nested_branch_dag.py
[2024-08-23T12:10:49.136+0000] {logging_mixin.py:190} INFO - [2024-08-23T12:10:49.136+0000] {dag.py:3211} INFO - Sync 1 DAGs
[2024-08-23T12:10:49.165+0000] {logging_mixin.py:190} INFO - [2024-08-23T12:10:49.165+0000] {dag.py:4138} INFO - Setting next_dagrun for example_nested_branch_dag to 2024-08-22 00:00:00+00:00, run_after=2024-08-23 00:00:00+00:00
[2024-08-23T12:10:49.189+0000] {processor.py:208} INFO - Processing /home/airflow/.local/lib/python3.12/site-packages/airflow/example_dags/example_nested_branch_dag.py took 0.138 seconds
[2024-08-23T12:11:19.889+0000] {processor.py:186} INFO - Started process (PID=1058) to work on /home/airflow/.local/lib/python3.12/site-packages/airflow/example_dags/example_nested_branch_dag.py
[2024-08-23T12:11:19.895+0000] {processor.py:914} INFO - Processing file /home/airflow/.local/lib/python3.12/site-packages/airflow/example_dags/example_nested_branch_dag.py for tasks to queue
[2024-08-23T12:11:19.898+0000] {logging_mixin.py:190} INFO - [2024-08-23T12:11:19.898+0000] {dagbag.py:587} INFO - Filling up the DagBag from /home/airflow/.local/lib/python3.12/site-packages/airflow/example_dags/example_nested_branch_dag.py
[2024-08-23T12:11:19.912+0000] {processor.py:925} INFO - DAG(s) 'example_nested_branch_dag' retrieved from /home/airflow/.local/lib/python3.12/site-packages/airflow/example_dags/example_nested_branch_dag.py
[2024-08-23T12:11:19.940+0000] {logging_mixin.py:190} INFO - [2024-08-23T12:11:19.940+0000] {dag.py:3211} INFO - Sync 1 DAGs
[2024-08-23T12:11:19.958+0000] {logging_mixin.py:190} INFO - [2024-08-23T12:11:19.958+0000] {dag.py:4138} INFO - Setting next_dagrun for example_nested_branch_dag to 2024-08-22 00:00:00+00:00, run_after=2024-08-23 00:00:00+00:00
[2024-08-23T12:11:19.974+0000] {processor.py:208} INFO - Processing /home/airflow/.local/lib/python3.12/site-packages/airflow/example_dags/example_nested_branch_dag.py took 0.118 seconds
[2024-08-23T12:11:50.992+0000] {processor.py:186} INFO - Started process (PID=1120) to work on /home/airflow/.local/lib/python3.12/site-packages/airflow/example_dags/example_nested_branch_dag.py
[2024-08-23T12:11:50.996+0000] {processor.py:914} INFO - Processing file /home/airflow/.local/lib/python3.12/site-packages/airflow/example_dags/example_nested_branch_dag.py for tasks to queue
[2024-08-23T12:11:51.004+0000] {logging_mixin.py:190} INFO - [2024-08-23T12:11:51.001+0000] {dagbag.py:587} INFO - Filling up the DagBag from /home/airflow/.local/lib/python3.12/site-packages/airflow/example_dags/example_nested_branch_dag.py
[2024-08-23T12:11:51.060+0000] {processor.py:925} INFO - DAG(s) 'example_nested_branch_dag' retrieved from /home/airflow/.local/lib/python3.12/site-packages/airflow/example_dags/example_nested_branch_dag.py
[2024-08-23T12:11:51.119+0000] {logging_mixin.py:190} INFO - [2024-08-23T12:11:51.118+0000] {dag.py:3211} INFO - Sync 1 DAGs
[2024-08-23T12:11:51.200+0000] {logging_mixin.py:190} INFO - [2024-08-23T12:11:51.199+0000] {dag.py:4138} INFO - Setting next_dagrun for example_nested_branch_dag to 2024-08-22 00:00:00+00:00, run_after=2024-08-23 00:00:00+00:00
[2024-08-23T12:11:51.236+0000] {processor.py:208} INFO - Processing /home/airflow/.local/lib/python3.12/site-packages/airflow/example_dags/example_nested_branch_dag.py took 0.258 seconds
[2024-08-23T12:12:22.370+0000] {processor.py:186} INFO - Started process (PID=1186) to work on /home/airflow/.local/lib/python3.12/site-packages/airflow/example_dags/example_nested_branch_dag.py
[2024-08-23T12:12:22.374+0000] {processor.py:914} INFO - Processing file /home/airflow/.local/lib/python3.12/site-packages/airflow/example_dags/example_nested_branch_dag.py for tasks to queue
[2024-08-23T12:12:22.376+0000] {logging_mixin.py:190} INFO - [2024-08-23T12:12:22.376+0000] {dagbag.py:587} INFO - Filling up the DagBag from /home/airflow/.local/lib/python3.12/site-packages/airflow/example_dags/example_nested_branch_dag.py
[2024-08-23T12:12:22.383+0000] {processor.py:925} INFO - DAG(s) 'example_nested_branch_dag' retrieved from /home/airflow/.local/lib/python3.12/site-packages/airflow/example_dags/example_nested_branch_dag.py
[2024-08-23T12:12:22.395+0000] {logging_mixin.py:190} INFO - [2024-08-23T12:12:22.394+0000] {dag.py:3211} INFO - Sync 1 DAGs
[2024-08-23T12:12:22.405+0000] {logging_mixin.py:190} INFO - [2024-08-23T12:12:22.405+0000] {dag.py:4138} INFO - Setting next_dagrun for example_nested_branch_dag to 2024-08-22 00:00:00+00:00, run_after=2024-08-23 00:00:00+00:00
[2024-08-23T12:12:22.413+0000] {processor.py:208} INFO - Processing /home/airflow/.local/lib/python3.12/site-packages/airflow/example_dags/example_nested_branch_dag.py took 0.048 seconds
[2024-08-23T12:12:52.766+0000] {processor.py:186} INFO - Started process (PID=1248) to work on /home/airflow/.local/lib/python3.12/site-packages/airflow/example_dags/example_nested_branch_dag.py
[2024-08-23T12:12:52.768+0000] {processor.py:914} INFO - Processing file /home/airflow/.local/lib/python3.12/site-packages/airflow/example_dags/example_nested_branch_dag.py for tasks to queue
[2024-08-23T12:12:52.770+0000] {logging_mixin.py:190} INFO - [2024-08-23T12:12:52.770+0000] {dagbag.py:587} INFO - Filling up the DagBag from /home/airflow/.local/lib/python3.12/site-packages/airflow/example_dags/example_nested_branch_dag.py
[2024-08-23T12:12:52.777+0000] {processor.py:925} INFO - DAG(s) 'example_nested_branch_dag' retrieved from /home/airflow/.local/lib/python3.12/site-packages/airflow/example_dags/example_nested_branch_dag.py
[2024-08-23T12:12:52.796+0000] {logging_mixin.py:190} INFO - [2024-08-23T12:12:52.796+0000] {dag.py:3211} INFO - Sync 1 DAGs
[2024-08-23T12:12:52.807+0000] {logging_mixin.py:190} INFO - [2024-08-23T12:12:52.806+0000] {dag.py:4138} INFO - Setting next_dagrun for example_nested_branch_dag to 2024-08-22 00:00:00+00:00, run_after=2024-08-23 00:00:00+00:00
[2024-08-23T12:12:52.813+0000] {processor.py:208} INFO - Processing /home/airflow/.local/lib/python3.12/site-packages/airflow/example_dags/example_nested_branch_dag.py took 0.050 seconds
[2024-08-23T12:13:23.018+0000] {processor.py:186} INFO - Started process (PID=1310) to work on /home/airflow/.local/lib/python3.12/site-packages/airflow/example_dags/example_nested_branch_dag.py
[2024-08-23T12:13:23.020+0000] {processor.py:914} INFO - Processing file /home/airflow/.local/lib/python3.12/site-packages/airflow/example_dags/example_nested_branch_dag.py for tasks to queue
[2024-08-23T12:13:23.021+0000] {logging_mixin.py:190} INFO - [2024-08-23T12:13:23.021+0000] {dagbag.py:587} INFO - Filling up the DagBag from /home/airflow/.local/lib/python3.12/site-packages/airflow/example_dags/example_nested_branch_dag.py
[2024-08-23T12:13:23.029+0000] {processor.py:925} INFO - DAG(s) 'example_nested_branch_dag' retrieved from /home/airflow/.local/lib/python3.12/site-packages/airflow/example_dags/example_nested_branch_dag.py
[2024-08-23T12:13:23.044+0000] {logging_mixin.py:190} INFO - [2024-08-23T12:13:23.044+0000] {dag.py:3211} INFO - Sync 1 DAGs
[2024-08-23T12:13:23.055+0000] {logging_mixin.py:190} INFO - [2024-08-23T12:13:23.055+0000] {dag.py:4138} INFO - Setting next_dagrun for example_nested_branch_dag to 2024-08-22 00:00:00+00:00, run_after=2024-08-23 00:00:00+00:00
[2024-08-23T12:13:23.063+0000] {processor.py:208} INFO - Processing /home/airflow/.local/lib/python3.12/site-packages/airflow/example_dags/example_nested_branch_dag.py took 0.049 seconds
[2024-08-23T12:13:53.837+0000] {processor.py:186} INFO - Started process (PID=1372) to work on /home/airflow/.local/lib/python3.12/site-packages/airflow/example_dags/example_nested_branch_dag.py
[2024-08-23T12:13:53.838+0000] {processor.py:914} INFO - Processing file /home/airflow/.local/lib/python3.12/site-packages/airflow/example_dags/example_nested_branch_dag.py for tasks to queue
[2024-08-23T12:13:53.839+0000] {logging_mixin.py:190} INFO - [2024-08-23T12:13:53.839+0000] {dagbag.py:587} INFO - Filling up the DagBag from /home/airflow/.local/lib/python3.12/site-packages/airflow/example_dags/example_nested_branch_dag.py
[2024-08-23T12:13:53.846+0000] {processor.py:925} INFO - DAG(s) 'example_nested_branch_dag' retrieved from /home/airflow/.local/lib/python3.12/site-packages/airflow/example_dags/example_nested_branch_dag.py
[2024-08-23T12:13:53.857+0000] {logging_mixin.py:190} INFO - [2024-08-23T12:13:53.857+0000] {dag.py:3211} INFO - Sync 1 DAGs
[2024-08-23T12:13:53.868+0000] {logging_mixin.py:190} INFO - [2024-08-23T12:13:53.868+0000] {dag.py:4138} INFO - Setting next_dagrun for example_nested_branch_dag to 2024-08-22 00:00:00+00:00, run_after=2024-08-23 00:00:00+00:00
[2024-08-23T12:13:53.875+0000] {processor.py:208} INFO - Processing /home/airflow/.local/lib/python3.12/site-packages/airflow/example_dags/example_nested_branch_dag.py took 0.043 seconds
[2024-08-23T12:14:24.495+0000] {processor.py:186} INFO - Started process (PID=1434) to work on /home/airflow/.local/lib/python3.12/site-packages/airflow/example_dags/example_nested_branch_dag.py
[2024-08-23T12:14:24.497+0000] {processor.py:914} INFO - Processing file /home/airflow/.local/lib/python3.12/site-packages/airflow/example_dags/example_nested_branch_dag.py for tasks to queue
[2024-08-23T12:14:24.498+0000] {logging_mixin.py:190} INFO - [2024-08-23T12:14:24.498+0000] {dagbag.py:587} INFO - Filling up the DagBag from /home/airflow/.local/lib/python3.12/site-packages/airflow/example_dags/example_nested_branch_dag.py
[2024-08-23T12:14:24.503+0000] {processor.py:925} INFO - DAG(s) 'example_nested_branch_dag' retrieved from /home/airflow/.local/lib/python3.12/site-packages/airflow/example_dags/example_nested_branch_dag.py
[2024-08-23T12:14:24.512+0000] {logging_mixin.py:190} INFO - [2024-08-23T12:14:24.512+0000] {dag.py:3211} INFO - Sync 1 DAGs
[2024-08-23T12:14:24.521+0000] {logging_mixin.py:190} INFO - [2024-08-23T12:14:24.521+0000] {dag.py:4138} INFO - Setting next_dagrun for example_nested_branch_dag to 2024-08-22 00:00:00+00:00, run_after=2024-08-23 00:00:00+00:00
[2024-08-23T12:14:24.527+0000] {processor.py:208} INFO - Processing /home/airflow/.local/lib/python3.12/site-packages/airflow/example_dags/example_nested_branch_dag.py took 0.034 seconds
[2024-08-23T12:14:55.258+0000] {processor.py:186} INFO - Started process (PID=1496) to work on /home/airflow/.local/lib/python3.12/site-packages/airflow/example_dags/example_nested_branch_dag.py
[2024-08-23T12:14:55.260+0000] {processor.py:914} INFO - Processing file /home/airflow/.local/lib/python3.12/site-packages/airflow/example_dags/example_nested_branch_dag.py for tasks to queue
[2024-08-23T12:14:55.262+0000] {logging_mixin.py:190} INFO - [2024-08-23T12:14:55.261+0000] {dagbag.py:587} INFO - Filling up the DagBag from /home/airflow/.local/lib/python3.12/site-packages/airflow/example_dags/example_nested_branch_dag.py
[2024-08-23T12:14:55.269+0000] {processor.py:925} INFO - DAG(s) 'example_nested_branch_dag' retrieved from /home/airflow/.local/lib/python3.12/site-packages/airflow/example_dags/example_nested_branch_dag.py
[2024-08-23T12:14:55.283+0000] {logging_mixin.py:190} INFO - [2024-08-23T12:14:55.283+0000] {dag.py:3211} INFO - Sync 1 DAGs
[2024-08-23T12:14:55.296+0000] {logging_mixin.py:190} INFO - [2024-08-23T12:14:55.296+0000] {dag.py:4138} INFO - Setting next_dagrun for example_nested_branch_dag to 2024-08-22 00:00:00+00:00, run_after=2024-08-23 00:00:00+00:00
[2024-08-23T12:14:55.304+0000] {processor.py:208} INFO - Processing /home/airflow/.local/lib/python3.12/site-packages/airflow/example_dags/example_nested_branch_dag.py took 0.055 seconds
[2024-08-23T12:15:25.676+0000] {processor.py:186} INFO - Started process (PID=1558) to work on /home/airflow/.local/lib/python3.12/site-packages/airflow/example_dags/example_nested_branch_dag.py
[2024-08-23T12:15:25.680+0000] {processor.py:914} INFO - Processing file /home/airflow/.local/lib/python3.12/site-packages/airflow/example_dags/example_nested_branch_dag.py for tasks to queue
[2024-08-23T12:15:25.681+0000] {logging_mixin.py:190} INFO - [2024-08-23T12:15:25.681+0000] {dagbag.py:587} INFO - Filling up the DagBag from /home/airflow/.local/lib/python3.12/site-packages/airflow/example_dags/example_nested_branch_dag.py
[2024-08-23T12:15:25.687+0000] {processor.py:925} INFO - DAG(s) 'example_nested_branch_dag' retrieved from /home/airflow/.local/lib/python3.12/site-packages/airflow/example_dags/example_nested_branch_dag.py
[2024-08-23T12:15:25.710+0000] {logging_mixin.py:190} INFO - [2024-08-23T12:15:25.710+0000] {dag.py:3211} INFO - Sync 1 DAGs
[2024-08-23T12:15:25.723+0000] {logging_mixin.py:190} INFO - [2024-08-23T12:15:25.723+0000] {dag.py:4138} INFO - Setting next_dagrun for example_nested_branch_dag to 2024-08-22 00:00:00+00:00, run_after=2024-08-23 00:00:00+00:00
[2024-08-23T12:15:25.731+0000] {processor.py:208} INFO - Processing /home/airflow/.local/lib/python3.12/site-packages/airflow/example_dags/example_nested_branch_dag.py took 0.058 seconds
[2024-08-23T12:15:56.600+0000] {processor.py:186} INFO - Started process (PID=1620) to work on /home/airflow/.local/lib/python3.12/site-packages/airflow/example_dags/example_nested_branch_dag.py
[2024-08-23T12:15:56.604+0000] {processor.py:914} INFO - Processing file /home/airflow/.local/lib/python3.12/site-packages/airflow/example_dags/example_nested_branch_dag.py for tasks to queue
[2024-08-23T12:15:56.605+0000] {logging_mixin.py:190} INFO - [2024-08-23T12:15:56.605+0000] {dagbag.py:587} INFO - Filling up the DagBag from /home/airflow/.local/lib/python3.12/site-packages/airflow/example_dags/example_nested_branch_dag.py
[2024-08-23T12:15:56.612+0000] {processor.py:925} INFO - DAG(s) 'example_nested_branch_dag' retrieved from /home/airflow/.local/lib/python3.12/site-packages/airflow/example_dags/example_nested_branch_dag.py
[2024-08-23T12:15:56.625+0000] {logging_mixin.py:190} INFO - [2024-08-23T12:15:56.625+0000] {dag.py:3211} INFO - Sync 1 DAGs
[2024-08-23T12:15:56.638+0000] {logging_mixin.py:190} INFO - [2024-08-23T12:15:56.638+0000] {dag.py:4138} INFO - Setting next_dagrun for example_nested_branch_dag to 2024-08-22 00:00:00+00:00, run_after=2024-08-23 00:00:00+00:00
[2024-08-23T12:15:56.647+0000] {processor.py:208} INFO - Processing /home/airflow/.local/lib/python3.12/site-packages/airflow/example_dags/example_nested_branch_dag.py took 0.051 seconds
[2024-08-23T12:16:27.235+0000] {processor.py:186} INFO - Started process (PID=1681) to work on /home/airflow/.local/lib/python3.12/site-packages/airflow/example_dags/example_nested_branch_dag.py
[2024-08-23T12:16:27.236+0000] {processor.py:914} INFO - Processing file /home/airflow/.local/lib/python3.12/site-packages/airflow/example_dags/example_nested_branch_dag.py for tasks to queue
[2024-08-23T12:16:27.237+0000] {logging_mixin.py:190} INFO - [2024-08-23T12:16:27.237+0000] {dagbag.py:587} INFO - Filling up the DagBag from /home/airflow/.local/lib/python3.12/site-packages/airflow/example_dags/example_nested_branch_dag.py
[2024-08-23T12:16:27.242+0000] {processor.py:925} INFO - DAG(s) 'example_nested_branch_dag' retrieved from /home/airflow/.local/lib/python3.12/site-packages/airflow/example_dags/example_nested_branch_dag.py
[2024-08-23T12:16:27.251+0000] {logging_mixin.py:190} INFO - [2024-08-23T12:16:27.251+0000] {dag.py:3211} INFO - Sync 1 DAGs
[2024-08-23T12:16:27.262+0000] {logging_mixin.py:190} INFO - [2024-08-23T12:16:27.262+0000] {dag.py:4138} INFO - Setting next_dagrun for example_nested_branch_dag to 2024-08-22 00:00:00+00:00, run_after=2024-08-23 00:00:00+00:00
[2024-08-23T12:16:27.269+0000] {processor.py:208} INFO - Processing /home/airflow/.local/lib/python3.12/site-packages/airflow/example_dags/example_nested_branch_dag.py took 0.036 seconds
