[2024-08-23T12:03:25.288+0000] {processor.py:186} INFO - Started process (PID=141) to work on /home/airflow/.local/lib/python3.12/site-packages/airflow/example_dags/example_external_task_marker_dag.py
[2024-08-23T12:03:25.292+0000] {processor.py:914} INFO - Processing file /home/airflow/.local/lib/python3.12/site-packages/airflow/example_dags/example_external_task_marker_dag.py for tasks to queue
[2024-08-23T12:03:25.294+0000] {logging_mixin.py:190} INFO - [2024-08-23T12:03:25.294+0000] {dagbag.py:587} INFO - Filling up the DagBag from /home/airflow/.local/lib/python3.12/site-packages/airflow/example_dags/example_external_task_marker_dag.py
[2024-08-23T12:03:25.300+0000] {processor.py:925} INFO - DAG(s) 'example_external_task_marker_parent', 'example_external_task_marker_child' retrieved from /home/airflow/.local/lib/python3.12/site-packages/airflow/example_dags/example_external_task_marker_dag.py
[2024-08-23T12:03:25.389+0000] {logging_mixin.py:190} INFO - [2024-08-23T12:03:25.388+0000] {override.py:1858} INFO - Created Permission View: can read on DAG:example_external_task_marker_parent
[2024-08-23T12:03:25.397+0000] {logging_mixin.py:190} INFO - [2024-08-23T12:03:25.396+0000] {override.py:1858} INFO - Created Permission View: can delete on DAG:example_external_task_marker_parent
[2024-08-23T12:03:25.406+0000] {logging_mixin.py:190} INFO - [2024-08-23T12:03:25.406+0000] {override.py:1858} INFO - Created Permission View: can edit on DAG:example_external_task_marker_parent
[2024-08-23T12:03:25.433+0000] {logging_mixin.py:190} INFO - [2024-08-23T12:03:25.433+0000] {override.py:1858} INFO - Created Permission View: can read on DAG:example_external_task_marker_child
[2024-08-23T12:03:25.440+0000] {logging_mixin.py:190} INFO - [2024-08-23T12:03:25.439+0000] {override.py:1858} INFO - Created Permission View: can delete on DAG:example_external_task_marker_child
[2024-08-23T12:03:25.449+0000] {logging_mixin.py:190} INFO - [2024-08-23T12:03:25.448+0000] {override.py:1858} INFO - Created Permission View: can edit on DAG:example_external_task_marker_child
[2024-08-23T12:03:25.451+0000] {logging_mixin.py:190} INFO - [2024-08-23T12:03:25.450+0000] {dag.py:3211} INFO - Sync 2 DAGs
[2024-08-23T12:03:25.463+0000] {logging_mixin.py:190} INFO - [2024-08-23T12:03:25.463+0000] {dag.py:3234} INFO - Creating ORM DAG for example_external_task_marker_parent
[2024-08-23T12:03:25.463+0000] {logging_mixin.py:190} INFO - [2024-08-23T12:03:25.463+0000] {dag.py:3234} INFO - Creating ORM DAG for example_external_task_marker_child
[2024-08-23T12:03:25.463+0000] {logging_mixin.py:190} INFO - [2024-08-23T12:03:25.463+0000] {dag.py:4138} INFO - Setting next_dagrun for example_external_task_marker_child to None, run_after=None
[2024-08-23T12:03:25.464+0000] {logging_mixin.py:190} INFO - [2024-08-23T12:03:25.464+0000] {dag.py:4138} INFO - Setting next_dagrun for example_external_task_marker_parent to None, run_after=None
[2024-08-23T12:03:25.475+0000] {processor.py:208} INFO - Processing /home/airflow/.local/lib/python3.12/site-packages/airflow/example_dags/example_external_task_marker_dag.py took 0.193 seconds
[2024-08-23T12:03:57.259+0000] {processor.py:186} INFO - Started process (PID=205) to work on /home/airflow/.local/lib/python3.12/site-packages/airflow/example_dags/example_external_task_marker_dag.py
[2024-08-23T12:03:57.262+0000] {processor.py:914} INFO - Processing file /home/airflow/.local/lib/python3.12/site-packages/airflow/example_dags/example_external_task_marker_dag.py for tasks to queue
[2024-08-23T12:03:57.264+0000] {logging_mixin.py:190} INFO - [2024-08-23T12:03:57.264+0000] {dagbag.py:587} INFO - Filling up the DagBag from /home/airflow/.local/lib/python3.12/site-packages/airflow/example_dags/example_external_task_marker_dag.py
[2024-08-23T12:03:57.269+0000] {processor.py:925} INFO - DAG(s) 'example_external_task_marker_child', 'example_external_task_marker_parent' retrieved from /home/airflow/.local/lib/python3.12/site-packages/airflow/example_dags/example_external_task_marker_dag.py
[2024-08-23T12:03:57.306+0000] {logging_mixin.py:190} INFO - [2024-08-23T12:03:57.306+0000] {dag.py:3211} INFO - Sync 2 DAGs
[2024-08-23T12:03:57.329+0000] {logging_mixin.py:190} INFO - [2024-08-23T12:03:57.328+0000] {dag.py:4138} INFO - Setting next_dagrun for example_external_task_marker_child to None, run_after=None
[2024-08-23T12:03:57.336+0000] {logging_mixin.py:190} INFO - [2024-08-23T12:03:57.336+0000] {dag.py:4138} INFO - Setting next_dagrun for example_external_task_marker_parent to None, run_after=None
[2024-08-23T12:03:57.347+0000] {processor.py:208} INFO - Processing /home/airflow/.local/lib/python3.12/site-packages/airflow/example_dags/example_external_task_marker_dag.py took 0.238 seconds
[2024-08-23T12:04:56.538+0000] {processor.py:186} INFO - Started process (PID=271) to work on /home/airflow/.local/lib/python3.12/site-packages/airflow/example_dags/example_external_task_marker_dag.py
[2024-08-23T12:04:56.556+0000] {processor.py:914} INFO - Processing file /home/airflow/.local/lib/python3.12/site-packages/airflow/example_dags/example_external_task_marker_dag.py for tasks to queue
[2024-08-23T12:04:56.605+0000] {logging_mixin.py:190} INFO - [2024-08-23T12:04:56.597+0000] {dagbag.py:587} INFO - Filling up the DagBag from /home/airflow/.local/lib/python3.12/site-packages/airflow/example_dags/example_external_task_marker_dag.py
[2024-08-23T12:04:56.717+0000] {processor.py:925} INFO - DAG(s) 'example_external_task_marker_parent', 'example_external_task_marker_child' retrieved from /home/airflow/.local/lib/python3.12/site-packages/airflow/example_dags/example_external_task_marker_dag.py
[2024-08-23T12:04:56.893+0000] {logging_mixin.py:190} INFO - [2024-08-23T12:04:56.892+0000] {dag.py:3211} INFO - Sync 2 DAGs
[2024-08-23T12:04:56.979+0000] {logging_mixin.py:190} INFO - [2024-08-23T12:04:56.978+0000] {dag.py:4138} INFO - Setting next_dagrun for example_external_task_marker_child to None, run_after=None
[2024-08-23T12:04:56.983+0000] {logging_mixin.py:190} INFO - [2024-08-23T12:04:56.983+0000] {dag.py:4138} INFO - Setting next_dagrun for example_external_task_marker_parent to None, run_after=None
[2024-08-23T12:04:57.127+0000] {processor.py:208} INFO - Processing /home/airflow/.local/lib/python3.12/site-packages/airflow/example_dags/example_external_task_marker_dag.py took 0.613 seconds
[2024-08-23T12:05:27.569+0000] {processor.py:186} INFO - Started process (PID=333) to work on /home/airflow/.local/lib/python3.12/site-packages/airflow/example_dags/example_external_task_marker_dag.py
[2024-08-23T12:05:27.569+0000] {processor.py:914} INFO - Processing file /home/airflow/.local/lib/python3.12/site-packages/airflow/example_dags/example_external_task_marker_dag.py for tasks to queue
[2024-08-23T12:05:27.571+0000] {logging_mixin.py:190} INFO - [2024-08-23T12:05:27.571+0000] {dagbag.py:587} INFO - Filling up the DagBag from /home/airflow/.local/lib/python3.12/site-packages/airflow/example_dags/example_external_task_marker_dag.py
[2024-08-23T12:05:27.576+0000] {processor.py:925} INFO - DAG(s) 'example_external_task_marker_parent', 'example_external_task_marker_child' retrieved from /home/airflow/.local/lib/python3.12/site-packages/airflow/example_dags/example_external_task_marker_dag.py
[2024-08-23T12:05:27.589+0000] {logging_mixin.py:190} INFO - [2024-08-23T12:05:27.589+0000] {dag.py:3211} INFO - Sync 2 DAGs
[2024-08-23T12:05:27.602+0000] {logging_mixin.py:190} INFO - [2024-08-23T12:05:27.602+0000] {dag.py:4138} INFO - Setting next_dagrun for example_external_task_marker_child to None, run_after=None
[2024-08-23T12:05:27.605+0000] {logging_mixin.py:190} INFO - [2024-08-23T12:05:27.605+0000] {dag.py:4138} INFO - Setting next_dagrun for example_external_task_marker_parent to None, run_after=None
[2024-08-23T12:05:27.615+0000] {processor.py:208} INFO - Processing /home/airflow/.local/lib/python3.12/site-packages/airflow/example_dags/example_external_task_marker_dag.py took 0.050 seconds
[2024-08-23T12:05:57.974+0000] {processor.py:186} INFO - Started process (PID=394) to work on /home/airflow/.local/lib/python3.12/site-packages/airflow/example_dags/example_external_task_marker_dag.py
[2024-08-23T12:05:57.977+0000] {processor.py:914} INFO - Processing file /home/airflow/.local/lib/python3.12/site-packages/airflow/example_dags/example_external_task_marker_dag.py for tasks to queue
[2024-08-23T12:05:57.982+0000] {logging_mixin.py:190} INFO - [2024-08-23T12:05:57.982+0000] {dagbag.py:587} INFO - Filling up the DagBag from /home/airflow/.local/lib/python3.12/site-packages/airflow/example_dags/example_external_task_marker_dag.py
[2024-08-23T12:05:58.033+0000] {processor.py:925} INFO - DAG(s) 'example_external_task_marker_child', 'example_external_task_marker_parent' retrieved from /home/airflow/.local/lib/python3.12/site-packages/airflow/example_dags/example_external_task_marker_dag.py
[2024-08-23T12:05:58.121+0000] {logging_mixin.py:190} INFO - [2024-08-23T12:05:58.121+0000] {dag.py:3211} INFO - Sync 2 DAGs
[2024-08-23T12:05:58.180+0000] {logging_mixin.py:190} INFO - [2024-08-23T12:05:58.179+0000] {dag.py:4138} INFO - Setting next_dagrun for example_external_task_marker_child to None, run_after=None
[2024-08-23T12:05:58.185+0000] {logging_mixin.py:190} INFO - [2024-08-23T12:05:58.185+0000] {dag.py:4138} INFO - Setting next_dagrun for example_external_task_marker_parent to None, run_after=None
[2024-08-23T12:05:58.252+0000] {processor.py:208} INFO - Processing /home/airflow/.local/lib/python3.12/site-packages/airflow/example_dags/example_external_task_marker_dag.py took 0.287 seconds
[2024-08-23T12:06:29.267+0000] {processor.py:186} INFO - Started process (PID=456) to work on /home/airflow/.local/lib/python3.12/site-packages/airflow/example_dags/example_external_task_marker_dag.py
[2024-08-23T12:06:29.287+0000] {processor.py:914} INFO - Processing file /home/airflow/.local/lib/python3.12/site-packages/airflow/example_dags/example_external_task_marker_dag.py for tasks to queue
[2024-08-23T12:06:29.296+0000] {logging_mixin.py:190} INFO - [2024-08-23T12:06:29.295+0000] {dagbag.py:587} INFO - Filling up the DagBag from /home/airflow/.local/lib/python3.12/site-packages/airflow/example_dags/example_external_task_marker_dag.py
[2024-08-23T12:06:29.348+0000] {processor.py:925} INFO - DAG(s) 'example_external_task_marker_child', 'example_external_task_marker_parent' retrieved from /home/airflow/.local/lib/python3.12/site-packages/airflow/example_dags/example_external_task_marker_dag.py
[2024-08-23T12:06:29.411+0000] {logging_mixin.py:190} INFO - [2024-08-23T12:06:29.410+0000] {dag.py:3211} INFO - Sync 2 DAGs
[2024-08-23T12:06:29.427+0000] {logging_mixin.py:190} INFO - [2024-08-23T12:06:29.427+0000] {dag.py:4138} INFO - Setting next_dagrun for example_external_task_marker_child to None, run_after=None
[2024-08-23T12:06:29.441+0000] {logging_mixin.py:190} INFO - [2024-08-23T12:06:29.440+0000] {dag.py:4138} INFO - Setting next_dagrun for example_external_task_marker_parent to None, run_after=None
[2024-08-23T12:06:29.460+0000] {processor.py:208} INFO - Processing /home/airflow/.local/lib/python3.12/site-packages/airflow/example_dags/example_external_task_marker_dag.py took 0.228 seconds
[2024-08-23T12:06:59.831+0000] {processor.py:186} INFO - Started process (PID=518) to work on /home/airflow/.local/lib/python3.12/site-packages/airflow/example_dags/example_external_task_marker_dag.py
[2024-08-23T12:06:59.834+0000] {processor.py:914} INFO - Processing file /home/airflow/.local/lib/python3.12/site-packages/airflow/example_dags/example_external_task_marker_dag.py for tasks to queue
[2024-08-23T12:06:59.842+0000] {logging_mixin.py:190} INFO - [2024-08-23T12:06:59.841+0000] {dagbag.py:587} INFO - Filling up the DagBag from /home/airflow/.local/lib/python3.12/site-packages/airflow/example_dags/example_external_task_marker_dag.py
[2024-08-23T12:06:59.857+0000] {processor.py:925} INFO - DAG(s) 'example_external_task_marker_parent', 'example_external_task_marker_child' retrieved from /home/airflow/.local/lib/python3.12/site-packages/airflow/example_dags/example_external_task_marker_dag.py
[2024-08-23T12:06:59.911+0000] {logging_mixin.py:190} INFO - [2024-08-23T12:06:59.911+0000] {dag.py:3211} INFO - Sync 2 DAGs
[2024-08-23T12:06:59.930+0000] {logging_mixin.py:190} INFO - [2024-08-23T12:06:59.930+0000] {dag.py:4138} INFO - Setting next_dagrun for example_external_task_marker_child to None, run_after=None
[2024-08-23T12:06:59.934+0000] {logging_mixin.py:190} INFO - [2024-08-23T12:06:59.934+0000] {dag.py:4138} INFO - Setting next_dagrun for example_external_task_marker_parent to None, run_after=None
[2024-08-23T12:06:59.945+0000] {processor.py:208} INFO - Processing /home/airflow/.local/lib/python3.12/site-packages/airflow/example_dags/example_external_task_marker_dag.py took 0.127 seconds
[2024-08-23T12:07:30.217+0000] {processor.py:186} INFO - Started process (PID=579) to work on /home/airflow/.local/lib/python3.12/site-packages/airflow/example_dags/example_external_task_marker_dag.py
[2024-08-23T12:07:30.222+0000] {processor.py:914} INFO - Processing file /home/airflow/.local/lib/python3.12/site-packages/airflow/example_dags/example_external_task_marker_dag.py for tasks to queue
[2024-08-23T12:07:30.227+0000] {logging_mixin.py:190} INFO - [2024-08-23T12:07:30.227+0000] {dagbag.py:587} INFO - Filling up the DagBag from /home/airflow/.local/lib/python3.12/site-packages/airflow/example_dags/example_external_task_marker_dag.py
[2024-08-23T12:07:30.253+0000] {processor.py:925} INFO - DAG(s) 'example_external_task_marker_parent', 'example_external_task_marker_child' retrieved from /home/airflow/.local/lib/python3.12/site-packages/airflow/example_dags/example_external_task_marker_dag.py
[2024-08-23T12:07:30.290+0000] {logging_mixin.py:190} INFO - [2024-08-23T12:07:30.289+0000] {dag.py:3211} INFO - Sync 2 DAGs
[2024-08-23T12:07:30.317+0000] {logging_mixin.py:190} INFO - [2024-08-23T12:07:30.317+0000] {dag.py:4138} INFO - Setting next_dagrun for example_external_task_marker_child to None, run_after=None
[2024-08-23T12:07:30.322+0000] {logging_mixin.py:190} INFO - [2024-08-23T12:07:30.322+0000] {dag.py:4138} INFO - Setting next_dagrun for example_external_task_marker_parent to None, run_after=None
[2024-08-23T12:07:30.339+0000] {processor.py:208} INFO - Processing /home/airflow/.local/lib/python3.12/site-packages/airflow/example_dags/example_external_task_marker_dag.py took 0.149 seconds
[2024-08-23T12:08:00.814+0000] {processor.py:186} INFO - Started process (PID=641) to work on /home/airflow/.local/lib/python3.12/site-packages/airflow/example_dags/example_external_task_marker_dag.py
[2024-08-23T12:08:00.819+0000] {processor.py:914} INFO - Processing file /home/airflow/.local/lib/python3.12/site-packages/airflow/example_dags/example_external_task_marker_dag.py for tasks to queue
[2024-08-23T12:08:00.829+0000] {logging_mixin.py:190} INFO - [2024-08-23T12:08:00.827+0000] {dagbag.py:587} INFO - Filling up the DagBag from /home/airflow/.local/lib/python3.12/site-packages/airflow/example_dags/example_external_task_marker_dag.py
[2024-08-23T12:08:00.848+0000] {processor.py:925} INFO - DAG(s) 'example_external_task_marker_parent', 'example_external_task_marker_child' retrieved from /home/airflow/.local/lib/python3.12/site-packages/airflow/example_dags/example_external_task_marker_dag.py
[2024-08-23T12:08:00.883+0000] {logging_mixin.py:190} INFO - [2024-08-23T12:08:00.883+0000] {dag.py:3211} INFO - Sync 2 DAGs
[2024-08-23T12:08:00.898+0000] {logging_mixin.py:190} INFO - [2024-08-23T12:08:00.898+0000] {dag.py:4138} INFO - Setting next_dagrun for example_external_task_marker_child to None, run_after=None
[2024-08-23T12:08:00.902+0000] {logging_mixin.py:190} INFO - [2024-08-23T12:08:00.902+0000] {dag.py:4138} INFO - Setting next_dagrun for example_external_task_marker_parent to None, run_after=None
[2024-08-23T12:08:00.934+0000] {processor.py:208} INFO - Processing /home/airflow/.local/lib/python3.12/site-packages/airflow/example_dags/example_external_task_marker_dag.py took 0.133 seconds
[2024-08-23T12:08:31.417+0000] {processor.py:186} INFO - Started process (PID=703) to work on /home/airflow/.local/lib/python3.12/site-packages/airflow/example_dags/example_external_task_marker_dag.py
[2024-08-23T12:08:31.419+0000] {processor.py:914} INFO - Processing file /home/airflow/.local/lib/python3.12/site-packages/airflow/example_dags/example_external_task_marker_dag.py for tasks to queue
[2024-08-23T12:08:31.425+0000] {logging_mixin.py:190} INFO - [2024-08-23T12:08:31.424+0000] {dagbag.py:587} INFO - Filling up the DagBag from /home/airflow/.local/lib/python3.12/site-packages/airflow/example_dags/example_external_task_marker_dag.py
[2024-08-23T12:08:31.434+0000] {processor.py:925} INFO - DAG(s) 'example_external_task_marker_parent', 'example_external_task_marker_child' retrieved from /home/airflow/.local/lib/python3.12/site-packages/airflow/example_dags/example_external_task_marker_dag.py
[2024-08-23T12:08:31.457+0000] {logging_mixin.py:190} INFO - [2024-08-23T12:08:31.457+0000] {dag.py:3211} INFO - Sync 2 DAGs
[2024-08-23T12:08:31.471+0000] {logging_mixin.py:190} INFO - [2024-08-23T12:08:31.471+0000] {dag.py:4138} INFO - Setting next_dagrun for example_external_task_marker_child to None, run_after=None
[2024-08-23T12:08:31.473+0000] {logging_mixin.py:190} INFO - [2024-08-23T12:08:31.473+0000] {dag.py:4138} INFO - Setting next_dagrun for example_external_task_marker_parent to None, run_after=None
[2024-08-23T12:08:31.490+0000] {processor.py:208} INFO - Processing /home/airflow/.local/lib/python3.12/site-packages/airflow/example_dags/example_external_task_marker_dag.py took 0.080 seconds
[2024-08-23T12:09:01.896+0000] {processor.py:186} INFO - Started process (PID=765) to work on /home/airflow/.local/lib/python3.12/site-packages/airflow/example_dags/example_external_task_marker_dag.py
[2024-08-23T12:09:01.899+0000] {processor.py:914} INFO - Processing file /home/airflow/.local/lib/python3.12/site-packages/airflow/example_dags/example_external_task_marker_dag.py for tasks to queue
[2024-08-23T12:09:01.902+0000] {logging_mixin.py:190} INFO - [2024-08-23T12:09:01.901+0000] {dagbag.py:587} INFO - Filling up the DagBag from /home/airflow/.local/lib/python3.12/site-packages/airflow/example_dags/example_external_task_marker_dag.py
[2024-08-23T12:09:01.913+0000] {processor.py:925} INFO - DAG(s) 'example_external_task_marker_child', 'example_external_task_marker_parent' retrieved from /home/airflow/.local/lib/python3.12/site-packages/airflow/example_dags/example_external_task_marker_dag.py
[2024-08-23T12:09:01.933+0000] {logging_mixin.py:190} INFO - [2024-08-23T12:09:01.933+0000] {dag.py:3211} INFO - Sync 2 DAGs
[2024-08-23T12:09:01.943+0000] {logging_mixin.py:190} INFO - [2024-08-23T12:09:01.943+0000] {dag.py:4138} INFO - Setting next_dagrun for example_external_task_marker_child to None, run_after=None
[2024-08-23T12:09:01.945+0000] {logging_mixin.py:190} INFO - [2024-08-23T12:09:01.945+0000] {dag.py:4138} INFO - Setting next_dagrun for example_external_task_marker_parent to None, run_after=None
[2024-08-23T12:09:01.954+0000] {processor.py:208} INFO - Processing /home/airflow/.local/lib/python3.12/site-packages/airflow/example_dags/example_external_task_marker_dag.py took 0.067 seconds
[2024-08-23T12:09:32.640+0000] {processor.py:186} INFO - Started process (PID=827) to work on /home/airflow/.local/lib/python3.12/site-packages/airflow/example_dags/example_external_task_marker_dag.py
[2024-08-23T12:09:32.642+0000] {processor.py:914} INFO - Processing file /home/airflow/.local/lib/python3.12/site-packages/airflow/example_dags/example_external_task_marker_dag.py for tasks to queue
[2024-08-23T12:09:32.645+0000] {logging_mixin.py:190} INFO - [2024-08-23T12:09:32.644+0000] {dagbag.py:587} INFO - Filling up the DagBag from /home/airflow/.local/lib/python3.12/site-packages/airflow/example_dags/example_external_task_marker_dag.py
[2024-08-23T12:09:32.651+0000] {processor.py:925} INFO - DAG(s) 'example_external_task_marker_parent', 'example_external_task_marker_child' retrieved from /home/airflow/.local/lib/python3.12/site-packages/airflow/example_dags/example_external_task_marker_dag.py
[2024-08-23T12:09:32.673+0000] {logging_mixin.py:190} INFO - [2024-08-23T12:09:32.673+0000] {dag.py:3211} INFO - Sync 2 DAGs
[2024-08-23T12:09:32.682+0000] {logging_mixin.py:190} INFO - [2024-08-23T12:09:32.682+0000] {dag.py:4138} INFO - Setting next_dagrun for example_external_task_marker_child to None, run_after=None
[2024-08-23T12:09:32.684+0000] {logging_mixin.py:190} INFO - [2024-08-23T12:09:32.684+0000] {dag.py:4138} INFO - Setting next_dagrun for example_external_task_marker_parent to None, run_after=None
[2024-08-23T12:09:32.699+0000] {processor.py:208} INFO - Processing /home/airflow/.local/lib/python3.12/site-packages/airflow/example_dags/example_external_task_marker_dag.py took 0.069 seconds
[2024-08-23T12:10:03.329+0000] {processor.py:186} INFO - Started process (PID=895) to work on /home/airflow/.local/lib/python3.12/site-packages/airflow/example_dags/example_external_task_marker_dag.py
[2024-08-23T12:10:03.333+0000] {processor.py:914} INFO - Processing file /home/airflow/.local/lib/python3.12/site-packages/airflow/example_dags/example_external_task_marker_dag.py for tasks to queue
[2024-08-23T12:10:03.345+0000] {logging_mixin.py:190} INFO - [2024-08-23T12:10:03.345+0000] {dagbag.py:587} INFO - Filling up the DagBag from /home/airflow/.local/lib/python3.12/site-packages/airflow/example_dags/example_external_task_marker_dag.py
[2024-08-23T12:10:03.366+0000] {processor.py:925} INFO - DAG(s) 'example_external_task_marker_parent', 'example_external_task_marker_child' retrieved from /home/airflow/.local/lib/python3.12/site-packages/airflow/example_dags/example_external_task_marker_dag.py
[2024-08-23T12:10:03.411+0000] {logging_mixin.py:190} INFO - [2024-08-23T12:10:03.411+0000] {dag.py:3211} INFO - Sync 2 DAGs
[2024-08-23T12:10:03.425+0000] {logging_mixin.py:190} INFO - [2024-08-23T12:10:03.425+0000] {dag.py:4138} INFO - Setting next_dagrun for example_external_task_marker_child to None, run_after=None
[2024-08-23T12:10:03.431+0000] {logging_mixin.py:190} INFO - [2024-08-23T12:10:03.431+0000] {dag.py:4138} INFO - Setting next_dagrun for example_external_task_marker_parent to None, run_after=None
[2024-08-23T12:10:03.455+0000] {processor.py:208} INFO - Processing /home/airflow/.local/lib/python3.12/site-packages/airflow/example_dags/example_external_task_marker_dag.py took 0.138 seconds
[2024-08-23T12:10:33.656+0000] {processor.py:186} INFO - Started process (PID=957) to work on /home/airflow/.local/lib/python3.12/site-packages/airflow/example_dags/example_external_task_marker_dag.py
[2024-08-23T12:10:33.660+0000] {processor.py:914} INFO - Processing file /home/airflow/.local/lib/python3.12/site-packages/airflow/example_dags/example_external_task_marker_dag.py for tasks to queue
[2024-08-23T12:10:33.669+0000] {logging_mixin.py:190} INFO - [2024-08-23T12:10:33.667+0000] {dagbag.py:587} INFO - Filling up the DagBag from /home/airflow/.local/lib/python3.12/site-packages/airflow/example_dags/example_external_task_marker_dag.py
[2024-08-23T12:10:33.702+0000] {processor.py:925} INFO - DAG(s) 'example_external_task_marker_parent', 'example_external_task_marker_child' retrieved from /home/airflow/.local/lib/python3.12/site-packages/airflow/example_dags/example_external_task_marker_dag.py
[2024-08-23T12:10:33.744+0000] {logging_mixin.py:190} INFO - [2024-08-23T12:10:33.743+0000] {dag.py:3211} INFO - Sync 2 DAGs
[2024-08-23T12:10:33.763+0000] {logging_mixin.py:190} INFO - [2024-08-23T12:10:33.763+0000] {dag.py:4138} INFO - Setting next_dagrun for example_external_task_marker_child to None, run_after=None
[2024-08-23T12:10:33.774+0000] {logging_mixin.py:190} INFO - [2024-08-23T12:10:33.773+0000] {dag.py:4138} INFO - Setting next_dagrun for example_external_task_marker_parent to None, run_after=None
[2024-08-23T12:10:33.808+0000] {processor.py:208} INFO - Processing /home/airflow/.local/lib/python3.12/site-packages/airflow/example_dags/example_external_task_marker_dag.py took 0.162 seconds
[2024-08-23T12:11:04.581+0000] {processor.py:186} INFO - Started process (PID=1019) to work on /home/airflow/.local/lib/python3.12/site-packages/airflow/example_dags/example_external_task_marker_dag.py
[2024-08-23T12:11:04.584+0000] {processor.py:914} INFO - Processing file /home/airflow/.local/lib/python3.12/site-packages/airflow/example_dags/example_external_task_marker_dag.py for tasks to queue
[2024-08-23T12:11:04.588+0000] {logging_mixin.py:190} INFO - [2024-08-23T12:11:04.588+0000] {dagbag.py:587} INFO - Filling up the DagBag from /home/airflow/.local/lib/python3.12/site-packages/airflow/example_dags/example_external_task_marker_dag.py
[2024-08-23T12:11:04.594+0000] {processor.py:925} INFO - DAG(s) 'example_external_task_marker_child', 'example_external_task_marker_parent' retrieved from /home/airflow/.local/lib/python3.12/site-packages/airflow/example_dags/example_external_task_marker_dag.py
[2024-08-23T12:11:04.629+0000] {logging_mixin.py:190} INFO - [2024-08-23T12:11:04.629+0000] {dag.py:3211} INFO - Sync 2 DAGs
[2024-08-23T12:11:04.643+0000] {logging_mixin.py:190} INFO - [2024-08-23T12:11:04.642+0000] {dag.py:4138} INFO - Setting next_dagrun for example_external_task_marker_child to None, run_after=None
[2024-08-23T12:11:04.651+0000] {logging_mixin.py:190} INFO - [2024-08-23T12:11:04.650+0000] {dag.py:4138} INFO - Setting next_dagrun for example_external_task_marker_parent to None, run_after=None
[2024-08-23T12:11:04.661+0000] {processor.py:208} INFO - Processing /home/airflow/.local/lib/python3.12/site-packages/airflow/example_dags/example_external_task_marker_dag.py took 0.083 seconds
[2024-08-23T12:11:35.377+0000] {processor.py:186} INFO - Started process (PID=1081) to work on /home/airflow/.local/lib/python3.12/site-packages/airflow/example_dags/example_external_task_marker_dag.py
[2024-08-23T12:11:35.378+0000] {processor.py:914} INFO - Processing file /home/airflow/.local/lib/python3.12/site-packages/airflow/example_dags/example_external_task_marker_dag.py for tasks to queue
[2024-08-23T12:11:35.380+0000] {logging_mixin.py:190} INFO - [2024-08-23T12:11:35.379+0000] {dagbag.py:587} INFO - Filling up the DagBag from /home/airflow/.local/lib/python3.12/site-packages/airflow/example_dags/example_external_task_marker_dag.py
[2024-08-23T12:11:35.383+0000] {processor.py:925} INFO - DAG(s) 'example_external_task_marker_parent', 'example_external_task_marker_child' retrieved from /home/airflow/.local/lib/python3.12/site-packages/airflow/example_dags/example_external_task_marker_dag.py
[2024-08-23T12:11:35.400+0000] {logging_mixin.py:190} INFO - [2024-08-23T12:11:35.400+0000] {dag.py:3211} INFO - Sync 2 DAGs
[2024-08-23T12:11:35.412+0000] {logging_mixin.py:190} INFO - [2024-08-23T12:11:35.412+0000] {dag.py:4138} INFO - Setting next_dagrun for example_external_task_marker_child to None, run_after=None
[2024-08-23T12:11:35.415+0000] {logging_mixin.py:190} INFO - [2024-08-23T12:11:35.415+0000] {dag.py:4138} INFO - Setting next_dagrun for example_external_task_marker_parent to None, run_after=None
[2024-08-23T12:11:35.422+0000] {processor.py:208} INFO - Processing /home/airflow/.local/lib/python3.12/site-packages/airflow/example_dags/example_external_task_marker_dag.py took 0.048 seconds
[2024-08-23T12:12:05.582+0000] {processor.py:186} INFO - Started process (PID=1143) to work on /home/airflow/.local/lib/python3.12/site-packages/airflow/example_dags/example_external_task_marker_dag.py
[2024-08-23T12:12:05.585+0000] {processor.py:914} INFO - Processing file /home/airflow/.local/lib/python3.12/site-packages/airflow/example_dags/example_external_task_marker_dag.py for tasks to queue
[2024-08-23T12:12:05.586+0000] {logging_mixin.py:190} INFO - [2024-08-23T12:12:05.586+0000] {dagbag.py:587} INFO - Filling up the DagBag from /home/airflow/.local/lib/python3.12/site-packages/airflow/example_dags/example_external_task_marker_dag.py
[2024-08-23T12:12:05.598+0000] {processor.py:925} INFO - DAG(s) 'example_external_task_marker_child', 'example_external_task_marker_parent' retrieved from /home/airflow/.local/lib/python3.12/site-packages/airflow/example_dags/example_external_task_marker_dag.py
[2024-08-23T12:12:05.616+0000] {logging_mixin.py:190} INFO - [2024-08-23T12:12:05.616+0000] {dag.py:3211} INFO - Sync 2 DAGs
[2024-08-23T12:12:05.626+0000] {logging_mixin.py:190} INFO - [2024-08-23T12:12:05.626+0000] {dag.py:4138} INFO - Setting next_dagrun for example_external_task_marker_child to None, run_after=None
[2024-08-23T12:12:05.629+0000] {logging_mixin.py:190} INFO - [2024-08-23T12:12:05.629+0000] {dag.py:4138} INFO - Setting next_dagrun for example_external_task_marker_parent to None, run_after=None
[2024-08-23T12:12:05.641+0000] {processor.py:208} INFO - Processing /home/airflow/.local/lib/python3.12/site-packages/airflow/example_dags/example_external_task_marker_dag.py took 0.061 seconds
[2024-08-23T12:12:36.470+0000] {processor.py:186} INFO - Started process (PID=1205) to work on /home/airflow/.local/lib/python3.12/site-packages/airflow/example_dags/example_external_task_marker_dag.py
[2024-08-23T12:12:36.471+0000] {processor.py:914} INFO - Processing file /home/airflow/.local/lib/python3.12/site-packages/airflow/example_dags/example_external_task_marker_dag.py for tasks to queue
[2024-08-23T12:12:36.473+0000] {logging_mixin.py:190} INFO - [2024-08-23T12:12:36.473+0000] {dagbag.py:587} INFO - Filling up the DagBag from /home/airflow/.local/lib/python3.12/site-packages/airflow/example_dags/example_external_task_marker_dag.py
[2024-08-23T12:12:36.477+0000] {processor.py:925} INFO - DAG(s) 'example_external_task_marker_parent', 'example_external_task_marker_child' retrieved from /home/airflow/.local/lib/python3.12/site-packages/airflow/example_dags/example_external_task_marker_dag.py
[2024-08-23T12:12:36.495+0000] {logging_mixin.py:190} INFO - [2024-08-23T12:12:36.495+0000] {dag.py:3211} INFO - Sync 2 DAGs
[2024-08-23T12:12:36.501+0000] {logging_mixin.py:190} INFO - [2024-08-23T12:12:36.501+0000] {dag.py:4138} INFO - Setting next_dagrun for example_external_task_marker_child to None, run_after=None
[2024-08-23T12:12:36.504+0000] {logging_mixin.py:190} INFO - [2024-08-23T12:12:36.504+0000] {dag.py:4138} INFO - Setting next_dagrun for example_external_task_marker_parent to None, run_after=None
[2024-08-23T12:12:36.513+0000] {processor.py:208} INFO - Processing /home/airflow/.local/lib/python3.12/site-packages/airflow/example_dags/example_external_task_marker_dag.py took 0.048 seconds
[2024-08-23T12:13:06.656+0000] {processor.py:186} INFO - Started process (PID=1267) to work on /home/airflow/.local/lib/python3.12/site-packages/airflow/example_dags/example_external_task_marker_dag.py
[2024-08-23T12:13:06.658+0000] {processor.py:914} INFO - Processing file /home/airflow/.local/lib/python3.12/site-packages/airflow/example_dags/example_external_task_marker_dag.py for tasks to queue
[2024-08-23T12:13:06.660+0000] {logging_mixin.py:190} INFO - [2024-08-23T12:13:06.660+0000] {dagbag.py:587} INFO - Filling up the DagBag from /home/airflow/.local/lib/python3.12/site-packages/airflow/example_dags/example_external_task_marker_dag.py
[2024-08-23T12:13:06.664+0000] {processor.py:925} INFO - DAG(s) 'example_external_task_marker_parent', 'example_external_task_marker_child' retrieved from /home/airflow/.local/lib/python3.12/site-packages/airflow/example_dags/example_external_task_marker_dag.py
[2024-08-23T12:13:06.681+0000] {logging_mixin.py:190} INFO - [2024-08-23T12:13:06.681+0000] {dag.py:3211} INFO - Sync 2 DAGs
[2024-08-23T12:13:06.698+0000] {logging_mixin.py:190} INFO - [2024-08-23T12:13:06.698+0000] {dag.py:4138} INFO - Setting next_dagrun for example_external_task_marker_child to None, run_after=None
[2024-08-23T12:13:06.700+0000] {logging_mixin.py:190} INFO - [2024-08-23T12:13:06.700+0000] {dag.py:4138} INFO - Setting next_dagrun for example_external_task_marker_parent to None, run_after=None
[2024-08-23T12:13:06.712+0000] {processor.py:208} INFO - Processing /home/airflow/.local/lib/python3.12/site-packages/airflow/example_dags/example_external_task_marker_dag.py took 0.060 seconds
[2024-08-23T12:13:37.349+0000] {processor.py:186} INFO - Started process (PID=1329) to work on /home/airflow/.local/lib/python3.12/site-packages/airflow/example_dags/example_external_task_marker_dag.py
[2024-08-23T12:13:37.351+0000] {processor.py:914} INFO - Processing file /home/airflow/.local/lib/python3.12/site-packages/airflow/example_dags/example_external_task_marker_dag.py for tasks to queue
[2024-08-23T12:13:37.354+0000] {logging_mixin.py:190} INFO - [2024-08-23T12:13:37.354+0000] {dagbag.py:587} INFO - Filling up the DagBag from /home/airflow/.local/lib/python3.12/site-packages/airflow/example_dags/example_external_task_marker_dag.py
[2024-08-23T12:13:37.357+0000] {processor.py:925} INFO - DAG(s) 'example_external_task_marker_child', 'example_external_task_marker_parent' retrieved from /home/airflow/.local/lib/python3.12/site-packages/airflow/example_dags/example_external_task_marker_dag.py
[2024-08-23T12:13:37.371+0000] {logging_mixin.py:190} INFO - [2024-08-23T12:13:37.371+0000] {dag.py:3211} INFO - Sync 2 DAGs
[2024-08-23T12:13:37.378+0000] {logging_mixin.py:190} INFO - [2024-08-23T12:13:37.378+0000] {dag.py:4138} INFO - Setting next_dagrun for example_external_task_marker_child to None, run_after=None
[2024-08-23T12:13:37.380+0000] {logging_mixin.py:190} INFO - [2024-08-23T12:13:37.380+0000] {dag.py:4138} INFO - Setting next_dagrun for example_external_task_marker_parent to None, run_after=None
[2024-08-23T12:13:37.391+0000] {processor.py:208} INFO - Processing /home/airflow/.local/lib/python3.12/site-packages/airflow/example_dags/example_external_task_marker_dag.py took 0.045 seconds
[2024-08-23T12:14:07.614+0000] {processor.py:186} INFO - Started process (PID=1391) to work on /home/airflow/.local/lib/python3.12/site-packages/airflow/example_dags/example_external_task_marker_dag.py
[2024-08-23T12:14:07.615+0000] {processor.py:914} INFO - Processing file /home/airflow/.local/lib/python3.12/site-packages/airflow/example_dags/example_external_task_marker_dag.py for tasks to queue
[2024-08-23T12:14:07.617+0000] {logging_mixin.py:190} INFO - [2024-08-23T12:14:07.617+0000] {dagbag.py:587} INFO - Filling up the DagBag from /home/airflow/.local/lib/python3.12/site-packages/airflow/example_dags/example_external_task_marker_dag.py
[2024-08-23T12:14:07.621+0000] {processor.py:925} INFO - DAG(s) 'example_external_task_marker_parent', 'example_external_task_marker_child' retrieved from /home/airflow/.local/lib/python3.12/site-packages/airflow/example_dags/example_external_task_marker_dag.py
[2024-08-23T12:14:07.636+0000] {logging_mixin.py:190} INFO - [2024-08-23T12:14:07.636+0000] {dag.py:3211} INFO - Sync 2 DAGs
[2024-08-23T12:14:07.643+0000] {logging_mixin.py:190} INFO - [2024-08-23T12:14:07.643+0000] {dag.py:4138} INFO - Setting next_dagrun for example_external_task_marker_child to None, run_after=None
[2024-08-23T12:14:07.647+0000] {logging_mixin.py:190} INFO - [2024-08-23T12:14:07.646+0000] {dag.py:4138} INFO - Setting next_dagrun for example_external_task_marker_parent to None, run_after=None
[2024-08-23T12:14:07.658+0000] {processor.py:208} INFO - Processing /home/airflow/.local/lib/python3.12/site-packages/airflow/example_dags/example_external_task_marker_dag.py took 0.047 seconds
[2024-08-23T12:14:38.143+0000] {processor.py:186} INFO - Started process (PID=1453) to work on /home/airflow/.local/lib/python3.12/site-packages/airflow/example_dags/example_external_task_marker_dag.py
[2024-08-23T12:14:38.144+0000] {processor.py:914} INFO - Processing file /home/airflow/.local/lib/python3.12/site-packages/airflow/example_dags/example_external_task_marker_dag.py for tasks to queue
[2024-08-23T12:14:38.146+0000] {logging_mixin.py:190} INFO - [2024-08-23T12:14:38.146+0000] {dagbag.py:587} INFO - Filling up the DagBag from /home/airflow/.local/lib/python3.12/site-packages/airflow/example_dags/example_external_task_marker_dag.py
[2024-08-23T12:14:38.150+0000] {processor.py:925} INFO - DAG(s) 'example_external_task_marker_child', 'example_external_task_marker_parent' retrieved from /home/airflow/.local/lib/python3.12/site-packages/airflow/example_dags/example_external_task_marker_dag.py
[2024-08-23T12:14:38.168+0000] {logging_mixin.py:190} INFO - [2024-08-23T12:14:38.167+0000] {dag.py:3211} INFO - Sync 2 DAGs
[2024-08-23T12:14:38.177+0000] {logging_mixin.py:190} INFO - [2024-08-23T12:14:38.177+0000] {dag.py:4138} INFO - Setting next_dagrun for example_external_task_marker_child to None, run_after=None
[2024-08-23T12:14:38.180+0000] {logging_mixin.py:190} INFO - [2024-08-23T12:14:38.180+0000] {dag.py:4138} INFO - Setting next_dagrun for example_external_task_marker_parent to None, run_after=None
[2024-08-23T12:14:38.187+0000] {processor.py:208} INFO - Processing /home/airflow/.local/lib/python3.12/site-packages/airflow/example_dags/example_external_task_marker_dag.py took 0.049 seconds
[2024-08-23T12:15:09.166+0000] {processor.py:186} INFO - Started process (PID=1515) to work on /home/airflow/.local/lib/python3.12/site-packages/airflow/example_dags/example_external_task_marker_dag.py
[2024-08-23T12:15:09.168+0000] {processor.py:914} INFO - Processing file /home/airflow/.local/lib/python3.12/site-packages/airflow/example_dags/example_external_task_marker_dag.py for tasks to queue
[2024-08-23T12:15:09.169+0000] {logging_mixin.py:190} INFO - [2024-08-23T12:15:09.169+0000] {dagbag.py:587} INFO - Filling up the DagBag from /home/airflow/.local/lib/python3.12/site-packages/airflow/example_dags/example_external_task_marker_dag.py
[2024-08-23T12:15:09.173+0000] {processor.py:925} INFO - DAG(s) 'example_external_task_marker_child', 'example_external_task_marker_parent' retrieved from /home/airflow/.local/lib/python3.12/site-packages/airflow/example_dags/example_external_task_marker_dag.py
[2024-08-23T12:15:09.186+0000] {logging_mixin.py:190} INFO - [2024-08-23T12:15:09.186+0000] {dag.py:3211} INFO - Sync 2 DAGs
[2024-08-23T12:15:09.196+0000] {logging_mixin.py:190} INFO - [2024-08-23T12:15:09.196+0000] {dag.py:4138} INFO - Setting next_dagrun for example_external_task_marker_child to None, run_after=None
[2024-08-23T12:15:09.200+0000] {logging_mixin.py:190} INFO - [2024-08-23T12:15:09.199+0000] {dag.py:4138} INFO - Setting next_dagrun for example_external_task_marker_parent to None, run_after=None
[2024-08-23T12:15:09.212+0000] {processor.py:208} INFO - Processing /home/airflow/.local/lib/python3.12/site-packages/airflow/example_dags/example_external_task_marker_dag.py took 0.050 seconds
[2024-08-23T12:15:39.413+0000] {processor.py:186} INFO - Started process (PID=1577) to work on /home/airflow/.local/lib/python3.12/site-packages/airflow/example_dags/example_external_task_marker_dag.py
[2024-08-23T12:15:39.415+0000] {processor.py:914} INFO - Processing file /home/airflow/.local/lib/python3.12/site-packages/airflow/example_dags/example_external_task_marker_dag.py for tasks to queue
[2024-08-23T12:15:39.417+0000] {logging_mixin.py:190} INFO - [2024-08-23T12:15:39.416+0000] {dagbag.py:587} INFO - Filling up the DagBag from /home/airflow/.local/lib/python3.12/site-packages/airflow/example_dags/example_external_task_marker_dag.py
[2024-08-23T12:15:39.422+0000] {processor.py:925} INFO - DAG(s) 'example_external_task_marker_parent', 'example_external_task_marker_child' retrieved from /home/airflow/.local/lib/python3.12/site-packages/airflow/example_dags/example_external_task_marker_dag.py
[2024-08-23T12:15:39.437+0000] {logging_mixin.py:190} INFO - [2024-08-23T12:15:39.437+0000] {dag.py:3211} INFO - Sync 2 DAGs
[2024-08-23T12:15:39.443+0000] {logging_mixin.py:190} INFO - [2024-08-23T12:15:39.443+0000] {dag.py:4138} INFO - Setting next_dagrun for example_external_task_marker_child to None, run_after=None
[2024-08-23T12:15:39.444+0000] {logging_mixin.py:190} INFO - [2024-08-23T12:15:39.444+0000] {dag.py:4138} INFO - Setting next_dagrun for example_external_task_marker_parent to None, run_after=None
[2024-08-23T12:15:39.452+0000] {processor.py:208} INFO - Processing /home/airflow/.local/lib/python3.12/site-packages/airflow/example_dags/example_external_task_marker_dag.py took 0.045 seconds
[2024-08-23T12:16:09.656+0000] {processor.py:186} INFO - Started process (PID=1639) to work on /home/airflow/.local/lib/python3.12/site-packages/airflow/example_dags/example_external_task_marker_dag.py
[2024-08-23T12:16:09.660+0000] {processor.py:914} INFO - Processing file /home/airflow/.local/lib/python3.12/site-packages/airflow/example_dags/example_external_task_marker_dag.py for tasks to queue
[2024-08-23T12:16:09.662+0000] {logging_mixin.py:190} INFO - [2024-08-23T12:16:09.662+0000] {dagbag.py:587} INFO - Filling up the DagBag from /home/airflow/.local/lib/python3.12/site-packages/airflow/example_dags/example_external_task_marker_dag.py
[2024-08-23T12:16:09.670+0000] {processor.py:925} INFO - DAG(s) 'example_external_task_marker_child', 'example_external_task_marker_parent' retrieved from /home/airflow/.local/lib/python3.12/site-packages/airflow/example_dags/example_external_task_marker_dag.py
[2024-08-23T12:16:09.688+0000] {logging_mixin.py:190} INFO - [2024-08-23T12:16:09.687+0000] {dag.py:3211} INFO - Sync 2 DAGs
[2024-08-23T12:16:09.696+0000] {logging_mixin.py:190} INFO - [2024-08-23T12:16:09.696+0000] {dag.py:4138} INFO - Setting next_dagrun for example_external_task_marker_child to None, run_after=None
[2024-08-23T12:16:09.698+0000] {logging_mixin.py:190} INFO - [2024-08-23T12:16:09.698+0000] {dag.py:4138} INFO - Setting next_dagrun for example_external_task_marker_parent to None, run_after=None
[2024-08-23T12:16:09.707+0000] {processor.py:208} INFO - Processing /home/airflow/.local/lib/python3.12/site-packages/airflow/example_dags/example_external_task_marker_dag.py took 0.056 seconds
[2024-08-23T12:16:39.988+0000] {processor.py:186} INFO - Started process (PID=1701) to work on /home/airflow/.local/lib/python3.12/site-packages/airflow/example_dags/example_external_task_marker_dag.py
[2024-08-23T12:16:39.989+0000] {processor.py:914} INFO - Processing file /home/airflow/.local/lib/python3.12/site-packages/airflow/example_dags/example_external_task_marker_dag.py for tasks to queue
[2024-08-23T12:16:39.991+0000] {logging_mixin.py:190} INFO - [2024-08-23T12:16:39.990+0000] {dagbag.py:587} INFO - Filling up the DagBag from /home/airflow/.local/lib/python3.12/site-packages/airflow/example_dags/example_external_task_marker_dag.py
[2024-08-23T12:16:39.995+0000] {processor.py:925} INFO - DAG(s) 'example_external_task_marker_child', 'example_external_task_marker_parent' retrieved from /home/airflow/.local/lib/python3.12/site-packages/airflow/example_dags/example_external_task_marker_dag.py
[2024-08-23T12:16:40.013+0000] {logging_mixin.py:190} INFO - [2024-08-23T12:16:40.013+0000] {dag.py:3211} INFO - Sync 2 DAGs
[2024-08-23T12:16:40.023+0000] {logging_mixin.py:190} INFO - [2024-08-23T12:16:40.023+0000] {dag.py:4138} INFO - Setting next_dagrun for example_external_task_marker_child to None, run_after=None
[2024-08-23T12:16:40.025+0000] {logging_mixin.py:190} INFO - [2024-08-23T12:16:40.025+0000] {dag.py:4138} INFO - Setting next_dagrun for example_external_task_marker_parent to None, run_after=None
[2024-08-23T12:16:40.037+0000] {processor.py:208} INFO - Processing /home/airflow/.local/lib/python3.12/site-packages/airflow/example_dags/example_external_task_marker_dag.py took 0.052 seconds
