[2024-08-23T12:03:19.005+0000] {processor.py:186} INFO - Started process (PID=120) to work on /home/airflow/.local/lib/python3.12/site-packages/airflow/example_dags/example_trigger_target_dag.py
[2024-08-23T12:03:19.010+0000] {processor.py:914} INFO - Processing file /home/airflow/.local/lib/python3.12/site-packages/airflow/example_dags/example_trigger_target_dag.py for tasks to queue
[2024-08-23T12:03:19.019+0000] {logging_mixin.py:190} INFO - [2024-08-23T12:03:19.019+0000] {dagbag.py:587} INFO - Filling up the DagBag from /home/airflow/.local/lib/python3.12/site-packages/airflow/example_dags/example_trigger_target_dag.py
[2024-08-23T12:03:19.026+0000] {processor.py:925} INFO - DAG(s) 'example_trigger_target_dag' retrieved from /home/airflow/.local/lib/python3.12/site-packages/airflow/example_dags/example_trigger_target_dag.py
[2024-08-23T12:03:19.137+0000] {logging_mixin.py:190} INFO - [2024-08-23T12:03:19.137+0000] {override.py:1858} INFO - Created Permission View: can read on DAG:example_trigger_target_dag
[2024-08-23T12:03:19.154+0000] {logging_mixin.py:190} INFO - [2024-08-23T12:03:19.154+0000] {override.py:1858} INFO - Created Permission View: can delete on DAG:example_trigger_target_dag
[2024-08-23T12:03:19.164+0000] {logging_mixin.py:190} INFO - [2024-08-23T12:03:19.164+0000] {override.py:1858} INFO - Created Permission View: can edit on DAG:example_trigger_target_dag
[2024-08-23T12:03:19.166+0000] {logging_mixin.py:190} INFO - [2024-08-23T12:03:19.166+0000] {dag.py:3211} INFO - Sync 1 DAGs
[2024-08-23T12:03:19.190+0000] {logging_mixin.py:190} INFO - [2024-08-23T12:03:19.190+0000] {dag.py:3234} INFO - Creating ORM DAG for example_trigger_target_dag
[2024-08-23T12:03:19.191+0000] {logging_mixin.py:190} INFO - [2024-08-23T12:03:19.191+0000] {dag.py:4138} INFO - Setting next_dagrun for example_trigger_target_dag to None, run_after=None
[2024-08-23T12:03:19.208+0000] {processor.py:208} INFO - Processing /home/airflow/.local/lib/python3.12/site-packages/airflow/example_dags/example_trigger_target_dag.py took 0.207 seconds
[2024-08-23T12:03:51.103+0000] {processor.py:186} INFO - Started process (PID=182) to work on /home/airflow/.local/lib/python3.12/site-packages/airflow/example_dags/example_trigger_target_dag.py
[2024-08-23T12:03:51.110+0000] {processor.py:914} INFO - Processing file /home/airflow/.local/lib/python3.12/site-packages/airflow/example_dags/example_trigger_target_dag.py for tasks to queue
[2024-08-23T12:03:51.113+0000] {logging_mixin.py:190} INFO - [2024-08-23T12:03:51.113+0000] {dagbag.py:587} INFO - Filling up the DagBag from /home/airflow/.local/lib/python3.12/site-packages/airflow/example_dags/example_trigger_target_dag.py
[2024-08-23T12:03:51.130+0000] {processor.py:925} INFO - DAG(s) 'example_trigger_target_dag' retrieved from /home/airflow/.local/lib/python3.12/site-packages/airflow/example_dags/example_trigger_target_dag.py
[2024-08-23T12:03:51.160+0000] {logging_mixin.py:190} INFO - [2024-08-23T12:03:51.160+0000] {dag.py:3211} INFO - Sync 1 DAGs
[2024-08-23T12:03:51.174+0000] {logging_mixin.py:190} INFO - [2024-08-23T12:03:51.174+0000] {dag.py:4138} INFO - Setting next_dagrun for example_trigger_target_dag to None, run_after=None
[2024-08-23T12:03:51.187+0000] {processor.py:208} INFO - Processing /home/airflow/.local/lib/python3.12/site-packages/airflow/example_dags/example_trigger_target_dag.py took 0.089 seconds
[2024-08-23T12:04:31.715+0000] {processor.py:186} INFO - Started process (PID=250) to work on /home/airflow/.local/lib/python3.12/site-packages/airflow/example_dags/example_trigger_target_dag.py
[2024-08-23T12:04:31.726+0000] {processor.py:914} INFO - Processing file /home/airflow/.local/lib/python3.12/site-packages/airflow/example_dags/example_trigger_target_dag.py for tasks to queue
[2024-08-23T12:04:31.729+0000] {logging_mixin.py:190} INFO - [2024-08-23T12:04:31.729+0000] {dagbag.py:587} INFO - Filling up the DagBag from /home/airflow/.local/lib/python3.12/site-packages/airflow/example_dags/example_trigger_target_dag.py
[2024-08-23T12:04:31.804+0000] {processor.py:925} INFO - DAG(s) 'example_trigger_target_dag' retrieved from /home/airflow/.local/lib/python3.12/site-packages/airflow/example_dags/example_trigger_target_dag.py
[2024-08-23T12:04:32.230+0000] {logging_mixin.py:190} INFO - [2024-08-23T12:04:32.216+0000] {dag.py:3211} INFO - Sync 1 DAGs
[2024-08-23T12:04:32.442+0000] {logging_mixin.py:190} INFO - [2024-08-23T12:04:32.440+0000] {dag.py:4138} INFO - Setting next_dagrun for example_trigger_target_dag to None, run_after=None
[2024-08-23T12:04:32.511+0000] {processor.py:208} INFO - Processing /home/airflow/.local/lib/python3.12/site-packages/airflow/example_dags/example_trigger_target_dag.py took 0.835 seconds
[2024-08-23T12:05:08.902+0000] {processor.py:186} INFO - Started process (PID=311) to work on /home/airflow/.local/lib/python3.12/site-packages/airflow/example_dags/example_trigger_target_dag.py
[2024-08-23T12:05:08.910+0000] {processor.py:914} INFO - Processing file /home/airflow/.local/lib/python3.12/site-packages/airflow/example_dags/example_trigger_target_dag.py for tasks to queue
[2024-08-23T12:05:08.914+0000] {logging_mixin.py:190} INFO - [2024-08-23T12:05:08.914+0000] {dagbag.py:587} INFO - Filling up the DagBag from /home/airflow/.local/lib/python3.12/site-packages/airflow/example_dags/example_trigger_target_dag.py
[2024-08-23T12:05:08.930+0000] {processor.py:925} INFO - DAG(s) 'example_trigger_target_dag' retrieved from /home/airflow/.local/lib/python3.12/site-packages/airflow/example_dags/example_trigger_target_dag.py
[2024-08-23T12:05:09.039+0000] {logging_mixin.py:190} INFO - [2024-08-23T12:05:09.039+0000] {dag.py:3211} INFO - Sync 1 DAGs
[2024-08-23T12:05:09.073+0000] {logging_mixin.py:190} INFO - [2024-08-23T12:05:09.073+0000] {dag.py:4138} INFO - Setting next_dagrun for example_trigger_target_dag to None, run_after=None
[2024-08-23T12:05:09.122+0000] {processor.py:208} INFO - Processing /home/airflow/.local/lib/python3.12/site-packages/airflow/example_dags/example_trigger_target_dag.py took 0.239 seconds
[2024-08-23T12:05:39.491+0000] {processor.py:186} INFO - Started process (PID=373) to work on /home/airflow/.local/lib/python3.12/site-packages/airflow/example_dags/example_trigger_target_dag.py
[2024-08-23T12:05:39.496+0000] {processor.py:914} INFO - Processing file /home/airflow/.local/lib/python3.12/site-packages/airflow/example_dags/example_trigger_target_dag.py for tasks to queue
[2024-08-23T12:05:39.502+0000] {logging_mixin.py:190} INFO - [2024-08-23T12:05:39.502+0000] {dagbag.py:587} INFO - Filling up the DagBag from /home/airflow/.local/lib/python3.12/site-packages/airflow/example_dags/example_trigger_target_dag.py
[2024-08-23T12:05:39.513+0000] {processor.py:925} INFO - DAG(s) 'example_trigger_target_dag' retrieved from /home/airflow/.local/lib/python3.12/site-packages/airflow/example_dags/example_trigger_target_dag.py
[2024-08-23T12:05:39.549+0000] {logging_mixin.py:190} INFO - [2024-08-23T12:05:39.548+0000] {dag.py:3211} INFO - Sync 1 DAGs
[2024-08-23T12:05:39.586+0000] {logging_mixin.py:190} INFO - [2024-08-23T12:05:39.585+0000] {dag.py:4138} INFO - Setting next_dagrun for example_trigger_target_dag to None, run_after=None
[2024-08-23T12:05:39.623+0000] {processor.py:208} INFO - Processing /home/airflow/.local/lib/python3.12/site-packages/airflow/example_dags/example_trigger_target_dag.py took 0.164 seconds
[2024-08-23T12:06:10.311+0000] {processor.py:186} INFO - Started process (PID=435) to work on /home/airflow/.local/lib/python3.12/site-packages/airflow/example_dags/example_trigger_target_dag.py
[2024-08-23T12:06:10.313+0000] {processor.py:914} INFO - Processing file /home/airflow/.local/lib/python3.12/site-packages/airflow/example_dags/example_trigger_target_dag.py for tasks to queue
[2024-08-23T12:06:10.316+0000] {logging_mixin.py:190} INFO - [2024-08-23T12:06:10.316+0000] {dagbag.py:587} INFO - Filling up the DagBag from /home/airflow/.local/lib/python3.12/site-packages/airflow/example_dags/example_trigger_target_dag.py
[2024-08-23T12:06:10.321+0000] {processor.py:925} INFO - DAG(s) 'example_trigger_target_dag' retrieved from /home/airflow/.local/lib/python3.12/site-packages/airflow/example_dags/example_trigger_target_dag.py
[2024-08-23T12:06:10.364+0000] {logging_mixin.py:190} INFO - [2024-08-23T12:06:10.364+0000] {dag.py:3211} INFO - Sync 1 DAGs
[2024-08-23T12:06:10.374+0000] {logging_mixin.py:190} INFO - [2024-08-23T12:06:10.374+0000] {dag.py:4138} INFO - Setting next_dagrun for example_trigger_target_dag to None, run_after=None
[2024-08-23T12:06:10.384+0000] {processor.py:208} INFO - Processing /home/airflow/.local/lib/python3.12/site-packages/airflow/example_dags/example_trigger_target_dag.py took 0.077 seconds
[2024-08-23T12:06:40.779+0000] {processor.py:186} INFO - Started process (PID=497) to work on /home/airflow/.local/lib/python3.12/site-packages/airflow/example_dags/example_trigger_target_dag.py
[2024-08-23T12:06:40.780+0000] {processor.py:914} INFO - Processing file /home/airflow/.local/lib/python3.12/site-packages/airflow/example_dags/example_trigger_target_dag.py for tasks to queue
[2024-08-23T12:06:40.781+0000] {logging_mixin.py:190} INFO - [2024-08-23T12:06:40.781+0000] {dagbag.py:587} INFO - Filling up the DagBag from /home/airflow/.local/lib/python3.12/site-packages/airflow/example_dags/example_trigger_target_dag.py
[2024-08-23T12:06:40.790+0000] {processor.py:925} INFO - DAG(s) 'example_trigger_target_dag' retrieved from /home/airflow/.local/lib/python3.12/site-packages/airflow/example_dags/example_trigger_target_dag.py
[2024-08-23T12:06:40.810+0000] {logging_mixin.py:190} INFO - [2024-08-23T12:06:40.809+0000] {dag.py:3211} INFO - Sync 1 DAGs
[2024-08-23T12:06:40.816+0000] {logging_mixin.py:190} INFO - [2024-08-23T12:06:40.816+0000] {dag.py:4138} INFO - Setting next_dagrun for example_trigger_target_dag to None, run_after=None
[2024-08-23T12:06:40.826+0000] {processor.py:208} INFO - Processing /home/airflow/.local/lib/python3.12/site-packages/airflow/example_dags/example_trigger_target_dag.py took 0.055 seconds
[2024-08-23T12:07:11.230+0000] {processor.py:186} INFO - Started process (PID=558) to work on /home/airflow/.local/lib/python3.12/site-packages/airflow/example_dags/example_trigger_target_dag.py
[2024-08-23T12:07:11.234+0000] {processor.py:914} INFO - Processing file /home/airflow/.local/lib/python3.12/site-packages/airflow/example_dags/example_trigger_target_dag.py for tasks to queue
[2024-08-23T12:07:11.235+0000] {logging_mixin.py:190} INFO - [2024-08-23T12:07:11.234+0000] {dagbag.py:587} INFO - Filling up the DagBag from /home/airflow/.local/lib/python3.12/site-packages/airflow/example_dags/example_trigger_target_dag.py
[2024-08-23T12:07:11.238+0000] {processor.py:925} INFO - DAG(s) 'example_trigger_target_dag' retrieved from /home/airflow/.local/lib/python3.12/site-packages/airflow/example_dags/example_trigger_target_dag.py
[2024-08-23T12:07:11.251+0000] {logging_mixin.py:190} INFO - [2024-08-23T12:07:11.251+0000] {dag.py:3211} INFO - Sync 1 DAGs
[2024-08-23T12:07:11.259+0000] {logging_mixin.py:190} INFO - [2024-08-23T12:07:11.259+0000] {dag.py:4138} INFO - Setting next_dagrun for example_trigger_target_dag to None, run_after=None
[2024-08-23T12:07:11.266+0000] {processor.py:208} INFO - Processing /home/airflow/.local/lib/python3.12/site-packages/airflow/example_dags/example_trigger_target_dag.py took 0.040 seconds
[2024-08-23T12:07:41.741+0000] {processor.py:186} INFO - Started process (PID=620) to work on /home/airflow/.local/lib/python3.12/site-packages/airflow/example_dags/example_trigger_target_dag.py
[2024-08-23T12:07:41.742+0000] {processor.py:914} INFO - Processing file /home/airflow/.local/lib/python3.12/site-packages/airflow/example_dags/example_trigger_target_dag.py for tasks to queue
[2024-08-23T12:07:41.744+0000] {logging_mixin.py:190} INFO - [2024-08-23T12:07:41.743+0000] {dagbag.py:587} INFO - Filling up the DagBag from /home/airflow/.local/lib/python3.12/site-packages/airflow/example_dags/example_trigger_target_dag.py
[2024-08-23T12:07:41.748+0000] {processor.py:925} INFO - DAG(s) 'example_trigger_target_dag' retrieved from /home/airflow/.local/lib/python3.12/site-packages/airflow/example_dags/example_trigger_target_dag.py
[2024-08-23T12:07:41.758+0000] {logging_mixin.py:190} INFO - [2024-08-23T12:07:41.758+0000] {dag.py:3211} INFO - Sync 1 DAGs
[2024-08-23T12:07:41.767+0000] {logging_mixin.py:190} INFO - [2024-08-23T12:07:41.767+0000] {dag.py:4138} INFO - Setting next_dagrun for example_trigger_target_dag to None, run_after=None
[2024-08-23T12:07:41.782+0000] {processor.py:208} INFO - Processing /home/airflow/.local/lib/python3.12/site-packages/airflow/example_dags/example_trigger_target_dag.py took 0.044 seconds
[2024-08-23T12:08:12.877+0000] {processor.py:186} INFO - Started process (PID=682) to work on /home/airflow/.local/lib/python3.12/site-packages/airflow/example_dags/example_trigger_target_dag.py
[2024-08-23T12:08:12.879+0000] {processor.py:914} INFO - Processing file /home/airflow/.local/lib/python3.12/site-packages/airflow/example_dags/example_trigger_target_dag.py for tasks to queue
[2024-08-23T12:08:12.882+0000] {logging_mixin.py:190} INFO - [2024-08-23T12:08:12.881+0000] {dagbag.py:587} INFO - Filling up the DagBag from /home/airflow/.local/lib/python3.12/site-packages/airflow/example_dags/example_trigger_target_dag.py
[2024-08-23T12:08:12.887+0000] {processor.py:925} INFO - DAG(s) 'example_trigger_target_dag' retrieved from /home/airflow/.local/lib/python3.12/site-packages/airflow/example_dags/example_trigger_target_dag.py
[2024-08-23T12:08:12.900+0000] {logging_mixin.py:190} INFO - [2024-08-23T12:08:12.899+0000] {dag.py:3211} INFO - Sync 1 DAGs
[2024-08-23T12:08:12.908+0000] {logging_mixin.py:190} INFO - [2024-08-23T12:08:12.908+0000] {dag.py:4138} INFO - Setting next_dagrun for example_trigger_target_dag to None, run_after=None
[2024-08-23T12:08:12.928+0000] {processor.py:208} INFO - Processing /home/airflow/.local/lib/python3.12/site-packages/airflow/example_dags/example_trigger_target_dag.py took 0.059 seconds
[2024-08-23T12:08:43.718+0000] {processor.py:186} INFO - Started process (PID=744) to work on /home/airflow/.local/lib/python3.12/site-packages/airflow/example_dags/example_trigger_target_dag.py
[2024-08-23T12:08:43.721+0000] {processor.py:914} INFO - Processing file /home/airflow/.local/lib/python3.12/site-packages/airflow/example_dags/example_trigger_target_dag.py for tasks to queue
[2024-08-23T12:08:43.723+0000] {logging_mixin.py:190} INFO - [2024-08-23T12:08:43.723+0000] {dagbag.py:587} INFO - Filling up the DagBag from /home/airflow/.local/lib/python3.12/site-packages/airflow/example_dags/example_trigger_target_dag.py
[2024-08-23T12:08:43.729+0000] {processor.py:925} INFO - DAG(s) 'example_trigger_target_dag' retrieved from /home/airflow/.local/lib/python3.12/site-packages/airflow/example_dags/example_trigger_target_dag.py
[2024-08-23T12:08:43.744+0000] {logging_mixin.py:190} INFO - [2024-08-23T12:08:43.744+0000] {dag.py:3211} INFO - Sync 1 DAGs
[2024-08-23T12:08:43.751+0000] {logging_mixin.py:190} INFO - [2024-08-23T12:08:43.751+0000] {dag.py:4138} INFO - Setting next_dagrun for example_trigger_target_dag to None, run_after=None
[2024-08-23T12:08:43.765+0000] {processor.py:208} INFO - Processing /home/airflow/.local/lib/python3.12/site-packages/airflow/example_dags/example_trigger_target_dag.py took 0.051 seconds
[2024-08-23T12:09:14.979+0000] {processor.py:186} INFO - Started process (PID=806) to work on /home/airflow/.local/lib/python3.12/site-packages/airflow/example_dags/example_trigger_target_dag.py
[2024-08-23T12:09:14.981+0000] {processor.py:914} INFO - Processing file /home/airflow/.local/lib/python3.12/site-packages/airflow/example_dags/example_trigger_target_dag.py for tasks to queue
[2024-08-23T12:09:14.983+0000] {logging_mixin.py:190} INFO - [2024-08-23T12:09:14.983+0000] {dagbag.py:587} INFO - Filling up the DagBag from /home/airflow/.local/lib/python3.12/site-packages/airflow/example_dags/example_trigger_target_dag.py
[2024-08-23T12:09:14.991+0000] {processor.py:925} INFO - DAG(s) 'example_trigger_target_dag' retrieved from /home/airflow/.local/lib/python3.12/site-packages/airflow/example_dags/example_trigger_target_dag.py
[2024-08-23T12:09:15.007+0000] {logging_mixin.py:190} INFO - [2024-08-23T12:09:15.006+0000] {dag.py:3211} INFO - Sync 1 DAGs
[2024-08-23T12:09:15.019+0000] {logging_mixin.py:190} INFO - [2024-08-23T12:09:15.019+0000] {dag.py:4138} INFO - Setting next_dagrun for example_trigger_target_dag to None, run_after=None
[2024-08-23T12:09:15.033+0000] {processor.py:208} INFO - Processing /home/airflow/.local/lib/python3.12/site-packages/airflow/example_dags/example_trigger_target_dag.py took 0.059 seconds
[2024-08-23T12:09:45.644+0000] {processor.py:186} INFO - Started process (PID=868) to work on /home/airflow/.local/lib/python3.12/site-packages/airflow/example_dags/example_trigger_target_dag.py
[2024-08-23T12:09:45.644+0000] {processor.py:914} INFO - Processing file /home/airflow/.local/lib/python3.12/site-packages/airflow/example_dags/example_trigger_target_dag.py for tasks to queue
[2024-08-23T12:09:45.645+0000] {logging_mixin.py:190} INFO - [2024-08-23T12:09:45.645+0000] {dagbag.py:587} INFO - Filling up the DagBag from /home/airflow/.local/lib/python3.12/site-packages/airflow/example_dags/example_trigger_target_dag.py
[2024-08-23T12:09:45.649+0000] {processor.py:925} INFO - DAG(s) 'example_trigger_target_dag' retrieved from /home/airflow/.local/lib/python3.12/site-packages/airflow/example_dags/example_trigger_target_dag.py
[2024-08-23T12:09:45.662+0000] {logging_mixin.py:190} INFO - [2024-08-23T12:09:45.662+0000] {dag.py:3211} INFO - Sync 1 DAGs
[2024-08-23T12:09:45.671+0000] {logging_mixin.py:190} INFO - [2024-08-23T12:09:45.671+0000] {dag.py:4138} INFO - Setting next_dagrun for example_trigger_target_dag to None, run_after=None
[2024-08-23T12:09:45.682+0000] {processor.py:208} INFO - Processing /home/airflow/.local/lib/python3.12/site-packages/airflow/example_dags/example_trigger_target_dag.py took 0.041 seconds
[2024-08-23T12:10:16.766+0000] {processor.py:186} INFO - Started process (PID=930) to work on /home/airflow/.local/lib/python3.12/site-packages/airflow/example_dags/example_trigger_target_dag.py
[2024-08-23T12:10:16.769+0000] {processor.py:914} INFO - Processing file /home/airflow/.local/lib/python3.12/site-packages/airflow/example_dags/example_trigger_target_dag.py for tasks to queue
[2024-08-23T12:10:16.770+0000] {logging_mixin.py:190} INFO - [2024-08-23T12:10:16.770+0000] {dagbag.py:587} INFO - Filling up the DagBag from /home/airflow/.local/lib/python3.12/site-packages/airflow/example_dags/example_trigger_target_dag.py
[2024-08-23T12:10:16.773+0000] {processor.py:925} INFO - DAG(s) 'example_trigger_target_dag' retrieved from /home/airflow/.local/lib/python3.12/site-packages/airflow/example_dags/example_trigger_target_dag.py
[2024-08-23T12:10:16.784+0000] {logging_mixin.py:190} INFO - [2024-08-23T12:10:16.784+0000] {dag.py:3211} INFO - Sync 1 DAGs
[2024-08-23T12:10:16.792+0000] {logging_mixin.py:190} INFO - [2024-08-23T12:10:16.792+0000] {dag.py:4138} INFO - Setting next_dagrun for example_trigger_target_dag to None, run_after=None
[2024-08-23T12:10:16.800+0000] {processor.py:208} INFO - Processing /home/airflow/.local/lib/python3.12/site-packages/airflow/example_dags/example_trigger_target_dag.py took 0.039 seconds
[2024-08-23T12:10:47.847+0000] {processor.py:186} INFO - Started process (PID=992) to work on /home/airflow/.local/lib/python3.12/site-packages/airflow/example_dags/example_trigger_target_dag.py
[2024-08-23T12:10:47.849+0000] {processor.py:914} INFO - Processing file /home/airflow/.local/lib/python3.12/site-packages/airflow/example_dags/example_trigger_target_dag.py for tasks to queue
[2024-08-23T12:10:47.851+0000] {logging_mixin.py:190} INFO - [2024-08-23T12:10:47.851+0000] {dagbag.py:587} INFO - Filling up the DagBag from /home/airflow/.local/lib/python3.12/site-packages/airflow/example_dags/example_trigger_target_dag.py
[2024-08-23T12:10:47.855+0000] {processor.py:925} INFO - DAG(s) 'example_trigger_target_dag' retrieved from /home/airflow/.local/lib/python3.12/site-packages/airflow/example_dags/example_trigger_target_dag.py
[2024-08-23T12:10:47.868+0000] {logging_mixin.py:190} INFO - [2024-08-23T12:10:47.868+0000] {dag.py:3211} INFO - Sync 1 DAGs
[2024-08-23T12:10:47.876+0000] {logging_mixin.py:190} INFO - [2024-08-23T12:10:47.876+0000] {dag.py:4138} INFO - Setting next_dagrun for example_trigger_target_dag to None, run_after=None
[2024-08-23T12:10:47.883+0000] {processor.py:208} INFO - Processing /home/airflow/.local/lib/python3.12/site-packages/airflow/example_dags/example_trigger_target_dag.py took 0.039 seconds
[2024-08-23T12:11:18.671+0000] {processor.py:186} INFO - Started process (PID=1054) to work on /home/airflow/.local/lib/python3.12/site-packages/airflow/example_dags/example_trigger_target_dag.py
[2024-08-23T12:11:18.672+0000] {processor.py:914} INFO - Processing file /home/airflow/.local/lib/python3.12/site-packages/airflow/example_dags/example_trigger_target_dag.py for tasks to queue
[2024-08-23T12:11:18.674+0000] {logging_mixin.py:190} INFO - [2024-08-23T12:11:18.674+0000] {dagbag.py:587} INFO - Filling up the DagBag from /home/airflow/.local/lib/python3.12/site-packages/airflow/example_dags/example_trigger_target_dag.py
[2024-08-23T12:11:18.681+0000] {processor.py:925} INFO - DAG(s) 'example_trigger_target_dag' retrieved from /home/airflow/.local/lib/python3.12/site-packages/airflow/example_dags/example_trigger_target_dag.py
[2024-08-23T12:11:18.695+0000] {logging_mixin.py:190} INFO - [2024-08-23T12:11:18.695+0000] {dag.py:3211} INFO - Sync 1 DAGs
[2024-08-23T12:11:18.705+0000] {logging_mixin.py:190} INFO - [2024-08-23T12:11:18.705+0000] {dag.py:4138} INFO - Setting next_dagrun for example_trigger_target_dag to None, run_after=None
[2024-08-23T12:11:18.731+0000] {processor.py:208} INFO - Processing /home/airflow/.local/lib/python3.12/site-packages/airflow/example_dags/example_trigger_target_dag.py took 0.075 seconds
[2024-08-23T12:11:49.741+0000] {processor.py:186} INFO - Started process (PID=1116) to work on /home/airflow/.local/lib/python3.12/site-packages/airflow/example_dags/example_trigger_target_dag.py
[2024-08-23T12:11:49.743+0000] {processor.py:914} INFO - Processing file /home/airflow/.local/lib/python3.12/site-packages/airflow/example_dags/example_trigger_target_dag.py for tasks to queue
[2024-08-23T12:11:49.746+0000] {logging_mixin.py:190} INFO - [2024-08-23T12:11:49.746+0000] {dagbag.py:587} INFO - Filling up the DagBag from /home/airflow/.local/lib/python3.12/site-packages/airflow/example_dags/example_trigger_target_dag.py
[2024-08-23T12:11:49.753+0000] {processor.py:925} INFO - DAG(s) 'example_trigger_target_dag' retrieved from /home/airflow/.local/lib/python3.12/site-packages/airflow/example_dags/example_trigger_target_dag.py
[2024-08-23T12:11:49.770+0000] {logging_mixin.py:190} INFO - [2024-08-23T12:11:49.770+0000] {dag.py:3211} INFO - Sync 1 DAGs
[2024-08-23T12:11:49.780+0000] {logging_mixin.py:190} INFO - [2024-08-23T12:11:49.780+0000] {dag.py:4138} INFO - Setting next_dagrun for example_trigger_target_dag to None, run_after=None
[2024-08-23T12:11:49.793+0000] {processor.py:208} INFO - Processing /home/airflow/.local/lib/python3.12/site-packages/airflow/example_dags/example_trigger_target_dag.py took 0.067 seconds
[2024-08-23T12:12:20.877+0000] {processor.py:186} INFO - Started process (PID=1178) to work on /home/airflow/.local/lib/python3.12/site-packages/airflow/example_dags/example_trigger_target_dag.py
[2024-08-23T12:12:20.878+0000] {processor.py:914} INFO - Processing file /home/airflow/.local/lib/python3.12/site-packages/airflow/example_dags/example_trigger_target_dag.py for tasks to queue
[2024-08-23T12:12:20.882+0000] {logging_mixin.py:190} INFO - [2024-08-23T12:12:20.882+0000] {dagbag.py:587} INFO - Filling up the DagBag from /home/airflow/.local/lib/python3.12/site-packages/airflow/example_dags/example_trigger_target_dag.py
[2024-08-23T12:12:20.889+0000] {processor.py:925} INFO - DAG(s) 'example_trigger_target_dag' retrieved from /home/airflow/.local/lib/python3.12/site-packages/airflow/example_dags/example_trigger_target_dag.py
[2024-08-23T12:12:20.905+0000] {logging_mixin.py:190} INFO - [2024-08-23T12:12:20.905+0000] {dag.py:3211} INFO - Sync 1 DAGs
[2024-08-23T12:12:20.912+0000] {logging_mixin.py:190} INFO - [2024-08-23T12:12:20.912+0000] {dag.py:4138} INFO - Setting next_dagrun for example_trigger_target_dag to None, run_after=None
[2024-08-23T12:12:20.921+0000] {processor.py:208} INFO - Processing /home/airflow/.local/lib/python3.12/site-packages/airflow/example_dags/example_trigger_target_dag.py took 0.048 seconds
[2024-08-23T12:12:51.458+0000] {processor.py:186} INFO - Started process (PID=1240) to work on /home/airflow/.local/lib/python3.12/site-packages/airflow/example_dags/example_trigger_target_dag.py
[2024-08-23T12:12:51.460+0000] {processor.py:914} INFO - Processing file /home/airflow/.local/lib/python3.12/site-packages/airflow/example_dags/example_trigger_target_dag.py for tasks to queue
[2024-08-23T12:12:51.462+0000] {logging_mixin.py:190} INFO - [2024-08-23T12:12:51.461+0000] {dagbag.py:587} INFO - Filling up the DagBag from /home/airflow/.local/lib/python3.12/site-packages/airflow/example_dags/example_trigger_target_dag.py
[2024-08-23T12:12:51.468+0000] {processor.py:925} INFO - DAG(s) 'example_trigger_target_dag' retrieved from /home/airflow/.local/lib/python3.12/site-packages/airflow/example_dags/example_trigger_target_dag.py
[2024-08-23T12:12:51.487+0000] {logging_mixin.py:190} INFO - [2024-08-23T12:12:51.487+0000] {dag.py:3211} INFO - Sync 1 DAGs
[2024-08-23T12:12:51.495+0000] {logging_mixin.py:190} INFO - [2024-08-23T12:12:51.495+0000] {dag.py:4138} INFO - Setting next_dagrun for example_trigger_target_dag to None, run_after=None
[2024-08-23T12:12:51.503+0000] {processor.py:208} INFO - Processing /home/airflow/.local/lib/python3.12/site-packages/airflow/example_dags/example_trigger_target_dag.py took 0.048 seconds
[2024-08-23T12:13:21.705+0000] {processor.py:186} INFO - Started process (PID=1302) to work on /home/airflow/.local/lib/python3.12/site-packages/airflow/example_dags/example_trigger_target_dag.py
[2024-08-23T12:13:21.707+0000] {processor.py:914} INFO - Processing file /home/airflow/.local/lib/python3.12/site-packages/airflow/example_dags/example_trigger_target_dag.py for tasks to queue
[2024-08-23T12:13:21.708+0000] {logging_mixin.py:190} INFO - [2024-08-23T12:13:21.708+0000] {dagbag.py:587} INFO - Filling up the DagBag from /home/airflow/.local/lib/python3.12/site-packages/airflow/example_dags/example_trigger_target_dag.py
[2024-08-23T12:13:21.712+0000] {processor.py:925} INFO - DAG(s) 'example_trigger_target_dag' retrieved from /home/airflow/.local/lib/python3.12/site-packages/airflow/example_dags/example_trigger_target_dag.py
[2024-08-23T12:13:21.725+0000] {logging_mixin.py:190} INFO - [2024-08-23T12:13:21.724+0000] {dag.py:3211} INFO - Sync 1 DAGs
[2024-08-23T12:13:21.732+0000] {logging_mixin.py:190} INFO - [2024-08-23T12:13:21.732+0000] {dag.py:4138} INFO - Setting next_dagrun for example_trigger_target_dag to None, run_after=None
[2024-08-23T12:13:21.742+0000] {processor.py:208} INFO - Processing /home/airflow/.local/lib/python3.12/site-packages/airflow/example_dags/example_trigger_target_dag.py took 0.040 seconds
[2024-08-23T12:13:52.452+0000] {processor.py:186} INFO - Started process (PID=1364) to work on /home/airflow/.local/lib/python3.12/site-packages/airflow/example_dags/example_trigger_target_dag.py
[2024-08-23T12:13:52.454+0000] {processor.py:914} INFO - Processing file /home/airflow/.local/lib/python3.12/site-packages/airflow/example_dags/example_trigger_target_dag.py for tasks to queue
[2024-08-23T12:13:52.456+0000] {logging_mixin.py:190} INFO - [2024-08-23T12:13:52.456+0000] {dagbag.py:587} INFO - Filling up the DagBag from /home/airflow/.local/lib/python3.12/site-packages/airflow/example_dags/example_trigger_target_dag.py
[2024-08-23T12:13:52.460+0000] {processor.py:925} INFO - DAG(s) 'example_trigger_target_dag' retrieved from /home/airflow/.local/lib/python3.12/site-packages/airflow/example_dags/example_trigger_target_dag.py
[2024-08-23T12:13:52.472+0000] {logging_mixin.py:190} INFO - [2024-08-23T12:13:52.472+0000] {dag.py:3211} INFO - Sync 1 DAGs
[2024-08-23T12:13:52.487+0000] {logging_mixin.py:190} INFO - [2024-08-23T12:13:52.486+0000] {dag.py:4138} INFO - Setting next_dagrun for example_trigger_target_dag to None, run_after=None
[2024-08-23T12:13:52.508+0000] {processor.py:208} INFO - Processing /home/airflow/.local/lib/python3.12/site-packages/airflow/example_dags/example_trigger_target_dag.py took 0.059 seconds
[2024-08-23T12:14:23.139+0000] {processor.py:186} INFO - Started process (PID=1426) to work on /home/airflow/.local/lib/python3.12/site-packages/airflow/example_dags/example_trigger_target_dag.py
[2024-08-23T12:14:23.140+0000] {processor.py:914} INFO - Processing file /home/airflow/.local/lib/python3.12/site-packages/airflow/example_dags/example_trigger_target_dag.py for tasks to queue
[2024-08-23T12:14:23.141+0000] {logging_mixin.py:190} INFO - [2024-08-23T12:14:23.141+0000] {dagbag.py:587} INFO - Filling up the DagBag from /home/airflow/.local/lib/python3.12/site-packages/airflow/example_dags/example_trigger_target_dag.py
[2024-08-23T12:14:23.145+0000] {processor.py:925} INFO - DAG(s) 'example_trigger_target_dag' retrieved from /home/airflow/.local/lib/python3.12/site-packages/airflow/example_dags/example_trigger_target_dag.py
[2024-08-23T12:14:23.158+0000] {logging_mixin.py:190} INFO - [2024-08-23T12:14:23.158+0000] {dag.py:3211} INFO - Sync 1 DAGs
[2024-08-23T12:14:23.166+0000] {logging_mixin.py:190} INFO - [2024-08-23T12:14:23.166+0000] {dag.py:4138} INFO - Setting next_dagrun for example_trigger_target_dag to None, run_after=None
[2024-08-23T12:14:23.177+0000] {processor.py:208} INFO - Processing /home/airflow/.local/lib/python3.12/site-packages/airflow/example_dags/example_trigger_target_dag.py took 0.041 seconds
[2024-08-23T12:14:53.882+0000] {processor.py:186} INFO - Started process (PID=1488) to work on /home/airflow/.local/lib/python3.12/site-packages/airflow/example_dags/example_trigger_target_dag.py
[2024-08-23T12:14:53.883+0000] {processor.py:914} INFO - Processing file /home/airflow/.local/lib/python3.12/site-packages/airflow/example_dags/example_trigger_target_dag.py for tasks to queue
[2024-08-23T12:14:53.888+0000] {logging_mixin.py:190} INFO - [2024-08-23T12:14:53.888+0000] {dagbag.py:587} INFO - Filling up the DagBag from /home/airflow/.local/lib/python3.12/site-packages/airflow/example_dags/example_trigger_target_dag.py
[2024-08-23T12:14:53.894+0000] {processor.py:925} INFO - DAG(s) 'example_trigger_target_dag' retrieved from /home/airflow/.local/lib/python3.12/site-packages/airflow/example_dags/example_trigger_target_dag.py
[2024-08-23T12:14:53.905+0000] {logging_mixin.py:190} INFO - [2024-08-23T12:14:53.905+0000] {dag.py:3211} INFO - Sync 1 DAGs
[2024-08-23T12:14:53.914+0000] {logging_mixin.py:190} INFO - [2024-08-23T12:14:53.914+0000] {dag.py:4138} INFO - Setting next_dagrun for example_trigger_target_dag to None, run_after=None
[2024-08-23T12:14:53.927+0000] {processor.py:208} INFO - Processing /home/airflow/.local/lib/python3.12/site-packages/airflow/example_dags/example_trigger_target_dag.py took 0.051 seconds
[2024-08-23T12:15:24.298+0000] {processor.py:186} INFO - Started process (PID=1550) to work on /home/airflow/.local/lib/python3.12/site-packages/airflow/example_dags/example_trigger_target_dag.py
[2024-08-23T12:15:24.301+0000] {processor.py:914} INFO - Processing file /home/airflow/.local/lib/python3.12/site-packages/airflow/example_dags/example_trigger_target_dag.py for tasks to queue
[2024-08-23T12:15:24.302+0000] {logging_mixin.py:190} INFO - [2024-08-23T12:15:24.302+0000] {dagbag.py:587} INFO - Filling up the DagBag from /home/airflow/.local/lib/python3.12/site-packages/airflow/example_dags/example_trigger_target_dag.py
[2024-08-23T12:15:24.308+0000] {processor.py:925} INFO - DAG(s) 'example_trigger_target_dag' retrieved from /home/airflow/.local/lib/python3.12/site-packages/airflow/example_dags/example_trigger_target_dag.py
[2024-08-23T12:15:24.327+0000] {logging_mixin.py:190} INFO - [2024-08-23T12:15:24.327+0000] {dag.py:3211} INFO - Sync 1 DAGs
[2024-08-23T12:15:24.336+0000] {logging_mixin.py:190} INFO - [2024-08-23T12:15:24.336+0000] {dag.py:4138} INFO - Setting next_dagrun for example_trigger_target_dag to None, run_after=None
[2024-08-23T12:15:24.351+0000] {processor.py:208} INFO - Processing /home/airflow/.local/lib/python3.12/site-packages/airflow/example_dags/example_trigger_target_dag.py took 0.057 seconds
[2024-08-23T12:15:55.333+0000] {processor.py:186} INFO - Started process (PID=1612) to work on /home/airflow/.local/lib/python3.12/site-packages/airflow/example_dags/example_trigger_target_dag.py
[2024-08-23T12:15:55.333+0000] {processor.py:914} INFO - Processing file /home/airflow/.local/lib/python3.12/site-packages/airflow/example_dags/example_trigger_target_dag.py for tasks to queue
[2024-08-23T12:15:55.335+0000] {logging_mixin.py:190} INFO - [2024-08-23T12:15:55.334+0000] {dagbag.py:587} INFO - Filling up the DagBag from /home/airflow/.local/lib/python3.12/site-packages/airflow/example_dags/example_trigger_target_dag.py
[2024-08-23T12:15:55.339+0000] {processor.py:925} INFO - DAG(s) 'example_trigger_target_dag' retrieved from /home/airflow/.local/lib/python3.12/site-packages/airflow/example_dags/example_trigger_target_dag.py
[2024-08-23T12:15:55.351+0000] {logging_mixin.py:190} INFO - [2024-08-23T12:15:55.351+0000] {dag.py:3211} INFO - Sync 1 DAGs
[2024-08-23T12:15:55.357+0000] {logging_mixin.py:190} INFO - [2024-08-23T12:15:55.357+0000] {dag.py:4138} INFO - Setting next_dagrun for example_trigger_target_dag to None, run_after=None
[2024-08-23T12:15:55.365+0000] {processor.py:208} INFO - Processing /home/airflow/.local/lib/python3.12/site-packages/airflow/example_dags/example_trigger_target_dag.py took 0.038 seconds
[2024-08-23T12:16:25.863+0000] {processor.py:186} INFO - Started process (PID=1674) to work on /home/airflow/.local/lib/python3.12/site-packages/airflow/example_dags/example_trigger_target_dag.py
[2024-08-23T12:16:25.864+0000] {processor.py:914} INFO - Processing file /home/airflow/.local/lib/python3.12/site-packages/airflow/example_dags/example_trigger_target_dag.py for tasks to queue
[2024-08-23T12:16:25.865+0000] {logging_mixin.py:190} INFO - [2024-08-23T12:16:25.865+0000] {dagbag.py:587} INFO - Filling up the DagBag from /home/airflow/.local/lib/python3.12/site-packages/airflow/example_dags/example_trigger_target_dag.py
[2024-08-23T12:16:25.869+0000] {processor.py:925} INFO - DAG(s) 'example_trigger_target_dag' retrieved from /home/airflow/.local/lib/python3.12/site-packages/airflow/example_dags/example_trigger_target_dag.py
[2024-08-23T12:16:25.882+0000] {logging_mixin.py:190} INFO - [2024-08-23T12:16:25.882+0000] {dag.py:3211} INFO - Sync 1 DAGs
[2024-08-23T12:16:25.888+0000] {logging_mixin.py:190} INFO - [2024-08-23T12:16:25.888+0000] {dag.py:4138} INFO - Setting next_dagrun for example_trigger_target_dag to None, run_after=None
[2024-08-23T12:16:25.895+0000] {processor.py:208} INFO - Processing /home/airflow/.local/lib/python3.12/site-packages/airflow/example_dags/example_trigger_target_dag.py took 0.036 seconds
