[2024-08-23T12:03:14.551+0000] {processor.py:186} INFO - Started process (PID=103) to work on /home/airflow/.local/lib/python3.12/site-packages/airflow/example_dags/example_bash_operator.py
[2024-08-23T12:03:14.553+0000] {processor.py:914} INFO - Processing file /home/airflow/.local/lib/python3.12/site-packages/airflow/example_dags/example_bash_operator.py for tasks to queue
[2024-08-23T12:03:14.558+0000] {logging_mixin.py:190} INFO - [2024-08-23T12:03:14.558+0000] {dagbag.py:587} INFO - Filling up the DagBag from /home/airflow/.local/lib/python3.12/site-packages/airflow/example_dags/example_bash_operator.py
[2024-08-23T12:03:14.593+0000] {processor.py:925} INFO - DAG(s) 'example_bash_operator' retrieved from /home/airflow/.local/lib/python3.12/site-packages/airflow/example_dags/example_bash_operator.py
[2024-08-23T12:03:14.748+0000] {logging_mixin.py:190} INFO - [2024-08-23T12:03:14.747+0000] {override.py:1858} INFO - Created Permission View: can read on DAG:example_bash_operator
[2024-08-23T12:03:14.769+0000] {logging_mixin.py:190} INFO - [2024-08-23T12:03:14.768+0000] {override.py:1858} INFO - Created Permission View: can delete on DAG:example_bash_operator
[2024-08-23T12:03:14.772+0000] {logging_mixin.py:190} INFO - [2024-08-23T12:03:14.772+0000] {override.py:1858} INFO - Created Permission View: can edit on DAG:example_bash_operator
[2024-08-23T12:03:14.773+0000] {logging_mixin.py:190} INFO - [2024-08-23T12:03:14.773+0000] {dag.py:3211} INFO - Sync 1 DAGs
[2024-08-23T12:03:14.782+0000] {logging_mixin.py:190} INFO - [2024-08-23T12:03:14.782+0000] {dag.py:3234} INFO - Creating ORM DAG for example_bash_operator
[2024-08-23T12:03:14.789+0000] {logging_mixin.py:190} INFO - [2024-08-23T12:03:14.789+0000] {dag.py:4138} INFO - Setting next_dagrun for example_bash_operator to 2024-08-22 00:00:00+00:00, run_after=2024-08-23 00:00:00+00:00
[2024-08-23T12:03:14.803+0000] {processor.py:208} INFO - Processing /home/airflow/.local/lib/python3.12/site-packages/airflow/example_dags/example_bash_operator.py took 0.267 seconds
[2024-08-23T12:03:45.002+0000] {processor.py:186} INFO - Started process (PID=165) to work on /home/airflow/.local/lib/python3.12/site-packages/airflow/example_dags/example_bash_operator.py
[2024-08-23T12:03:45.004+0000] {processor.py:914} INFO - Processing file /home/airflow/.local/lib/python3.12/site-packages/airflow/example_dags/example_bash_operator.py for tasks to queue
[2024-08-23T12:03:45.005+0000] {logging_mixin.py:190} INFO - [2024-08-23T12:03:45.005+0000] {dagbag.py:587} INFO - Filling up the DagBag from /home/airflow/.local/lib/python3.12/site-packages/airflow/example_dags/example_bash_operator.py
[2024-08-23T12:03:45.016+0000] {processor.py:925} INFO - DAG(s) 'example_bash_operator' retrieved from /home/airflow/.local/lib/python3.12/site-packages/airflow/example_dags/example_bash_operator.py
[2024-08-23T12:03:45.110+0000] {logging_mixin.py:190} INFO - [2024-08-23T12:03:45.109+0000] {dag.py:3211} INFO - Sync 1 DAGs
[2024-08-23T12:03:45.220+0000] {logging_mixin.py:190} INFO - [2024-08-23T12:03:45.220+0000] {dag.py:4138} INFO - Setting next_dagrun for example_bash_operator to 2024-08-22 00:00:00+00:00, run_after=2024-08-23 00:00:00+00:00
[2024-08-23T12:03:45.247+0000] {processor.py:208} INFO - Processing /home/airflow/.local/lib/python3.12/site-packages/airflow/example_dags/example_bash_operator.py took 0.250 seconds
[2024-08-23T12:04:18.548+0000] {processor.py:186} INFO - Started process (PID=227) to work on /home/airflow/.local/lib/python3.12/site-packages/airflow/example_dags/example_bash_operator.py
[2024-08-23T12:04:18.554+0000] {processor.py:914} INFO - Processing file /home/airflow/.local/lib/python3.12/site-packages/airflow/example_dags/example_bash_operator.py for tasks to queue
[2024-08-23T12:04:18.556+0000] {logging_mixin.py:190} INFO - [2024-08-23T12:04:18.556+0000] {dagbag.py:587} INFO - Filling up the DagBag from /home/airflow/.local/lib/python3.12/site-packages/airflow/example_dags/example_bash_operator.py
[2024-08-23T12:04:18.660+0000] {processor.py:925} INFO - DAG(s) 'example_bash_operator' retrieved from /home/airflow/.local/lib/python3.12/site-packages/airflow/example_dags/example_bash_operator.py
[2024-08-23T12:04:18.723+0000] {logging_mixin.py:190} INFO - [2024-08-23T12:04:18.721+0000] {dag.py:3211} INFO - Sync 1 DAGs
[2024-08-23T12:04:18.774+0000] {logging_mixin.py:190} INFO - [2024-08-23T12:04:18.774+0000] {dag.py:4138} INFO - Setting next_dagrun for example_bash_operator to 2024-08-22 00:00:00+00:00, run_after=2024-08-23 00:00:00+00:00
[2024-08-23T12:04:18.793+0000] {processor.py:208} INFO - Processing /home/airflow/.local/lib/python3.12/site-packages/airflow/example_dags/example_bash_operator.py took 0.283 seconds
[2024-08-23T12:05:04.310+0000] {processor.py:186} INFO - Started process (PID=294) to work on /home/airflow/.local/lib/python3.12/site-packages/airflow/example_dags/example_bash_operator.py
[2024-08-23T12:05:04.314+0000] {processor.py:914} INFO - Processing file /home/airflow/.local/lib/python3.12/site-packages/airflow/example_dags/example_bash_operator.py for tasks to queue
[2024-08-23T12:05:04.335+0000] {logging_mixin.py:190} INFO - [2024-08-23T12:05:04.334+0000] {dagbag.py:587} INFO - Filling up the DagBag from /home/airflow/.local/lib/python3.12/site-packages/airflow/example_dags/example_bash_operator.py
[2024-08-23T12:05:04.393+0000] {processor.py:925} INFO - DAG(s) 'example_bash_operator' retrieved from /home/airflow/.local/lib/python3.12/site-packages/airflow/example_dags/example_bash_operator.py
[2024-08-23T12:05:04.447+0000] {logging_mixin.py:190} INFO - [2024-08-23T12:05:04.446+0000] {dag.py:3211} INFO - Sync 1 DAGs
[2024-08-23T12:05:04.484+0000] {logging_mixin.py:190} INFO - [2024-08-23T12:05:04.484+0000] {dag.py:4138} INFO - Setting next_dagrun for example_bash_operator to 2024-08-22 00:00:00+00:00, run_after=2024-08-23 00:00:00+00:00
[2024-08-23T12:05:04.599+0000] {processor.py:208} INFO - Processing /home/airflow/.local/lib/python3.12/site-packages/airflow/example_dags/example_bash_operator.py took 0.298 seconds
[2024-08-23T12:05:35.341+0000] {processor.py:186} INFO - Started process (PID=356) to work on /home/airflow/.local/lib/python3.12/site-packages/airflow/example_dags/example_bash_operator.py
[2024-08-23T12:05:35.352+0000] {processor.py:914} INFO - Processing file /home/airflow/.local/lib/python3.12/site-packages/airflow/example_dags/example_bash_operator.py for tasks to queue
[2024-08-23T12:05:35.362+0000] {logging_mixin.py:190} INFO - [2024-08-23T12:05:35.362+0000] {dagbag.py:587} INFO - Filling up the DagBag from /home/airflow/.local/lib/python3.12/site-packages/airflow/example_dags/example_bash_operator.py
[2024-08-23T12:05:35.403+0000] {processor.py:925} INFO - DAG(s) 'example_bash_operator' retrieved from /home/airflow/.local/lib/python3.12/site-packages/airflow/example_dags/example_bash_operator.py
[2024-08-23T12:05:35.452+0000] {logging_mixin.py:190} INFO - [2024-08-23T12:05:35.452+0000] {dag.py:3211} INFO - Sync 1 DAGs
[2024-08-23T12:05:35.506+0000] {logging_mixin.py:190} INFO - [2024-08-23T12:05:35.506+0000] {dag.py:4138} INFO - Setting next_dagrun for example_bash_operator to 2024-08-22 00:00:00+00:00, run_after=2024-08-23 00:00:00+00:00
[2024-08-23T12:05:35.530+0000] {processor.py:208} INFO - Processing /home/airflow/.local/lib/python3.12/site-packages/airflow/example_dags/example_bash_operator.py took 0.197 seconds
[2024-08-23T12:06:05.691+0000] {processor.py:186} INFO - Started process (PID=418) to work on /home/airflow/.local/lib/python3.12/site-packages/airflow/example_dags/example_bash_operator.py
[2024-08-23T12:06:05.697+0000] {processor.py:914} INFO - Processing file /home/airflow/.local/lib/python3.12/site-packages/airflow/example_dags/example_bash_operator.py for tasks to queue
[2024-08-23T12:06:05.703+0000] {logging_mixin.py:190} INFO - [2024-08-23T12:06:05.702+0000] {dagbag.py:587} INFO - Filling up the DagBag from /home/airflow/.local/lib/python3.12/site-packages/airflow/example_dags/example_bash_operator.py
[2024-08-23T12:06:05.732+0000] {processor.py:925} INFO - DAG(s) 'example_bash_operator' retrieved from /home/airflow/.local/lib/python3.12/site-packages/airflow/example_dags/example_bash_operator.py
[2024-08-23T12:06:05.763+0000] {logging_mixin.py:190} INFO - [2024-08-23T12:06:05.763+0000] {dag.py:3211} INFO - Sync 1 DAGs
[2024-08-23T12:06:05.809+0000] {logging_mixin.py:190} INFO - [2024-08-23T12:06:05.808+0000] {dag.py:4138} INFO - Setting next_dagrun for example_bash_operator to 2024-08-22 00:00:00+00:00, run_after=2024-08-23 00:00:00+00:00
[2024-08-23T12:06:05.853+0000] {processor.py:208} INFO - Processing /home/airflow/.local/lib/python3.12/site-packages/airflow/example_dags/example_bash_operator.py took 0.174 seconds
[2024-08-23T12:06:36.629+0000] {processor.py:186} INFO - Started process (PID=480) to work on /home/airflow/.local/lib/python3.12/site-packages/airflow/example_dags/example_bash_operator.py
[2024-08-23T12:06:36.631+0000] {processor.py:914} INFO - Processing file /home/airflow/.local/lib/python3.12/site-packages/airflow/example_dags/example_bash_operator.py for tasks to queue
[2024-08-23T12:06:36.633+0000] {logging_mixin.py:190} INFO - [2024-08-23T12:06:36.633+0000] {dagbag.py:587} INFO - Filling up the DagBag from /home/airflow/.local/lib/python3.12/site-packages/airflow/example_dags/example_bash_operator.py
[2024-08-23T12:06:36.660+0000] {processor.py:925} INFO - DAG(s) 'example_bash_operator' retrieved from /home/airflow/.local/lib/python3.12/site-packages/airflow/example_dags/example_bash_operator.py
[2024-08-23T12:06:36.691+0000] {logging_mixin.py:190} INFO - [2024-08-23T12:06:36.691+0000] {dag.py:3211} INFO - Sync 1 DAGs
[2024-08-23T12:06:36.723+0000] {logging_mixin.py:190} INFO - [2024-08-23T12:06:36.723+0000] {dag.py:4138} INFO - Setting next_dagrun for example_bash_operator to 2024-08-22 00:00:00+00:00, run_after=2024-08-23 00:00:00+00:00
[2024-08-23T12:06:36.745+0000] {processor.py:208} INFO - Processing /home/airflow/.local/lib/python3.12/site-packages/airflow/example_dags/example_bash_operator.py took 0.124 seconds
[2024-08-23T12:07:06.860+0000] {processor.py:186} INFO - Started process (PID=541) to work on /home/airflow/.local/lib/python3.12/site-packages/airflow/example_dags/example_bash_operator.py
[2024-08-23T12:07:06.864+0000] {processor.py:914} INFO - Processing file /home/airflow/.local/lib/python3.12/site-packages/airflow/example_dags/example_bash_operator.py for tasks to queue
[2024-08-23T12:07:06.872+0000] {logging_mixin.py:190} INFO - [2024-08-23T12:07:06.871+0000] {dagbag.py:587} INFO - Filling up the DagBag from /home/airflow/.local/lib/python3.12/site-packages/airflow/example_dags/example_bash_operator.py
[2024-08-23T12:07:06.930+0000] {processor.py:925} INFO - DAG(s) 'example_bash_operator' retrieved from /home/airflow/.local/lib/python3.12/site-packages/airflow/example_dags/example_bash_operator.py
[2024-08-23T12:07:07.013+0000] {logging_mixin.py:190} INFO - [2024-08-23T12:07:07.013+0000] {dag.py:3211} INFO - Sync 1 DAGs
[2024-08-23T12:07:07.051+0000] {logging_mixin.py:190} INFO - [2024-08-23T12:07:07.051+0000] {dag.py:4138} INFO - Setting next_dagrun for example_bash_operator to 2024-08-22 00:00:00+00:00, run_after=2024-08-23 00:00:00+00:00
[2024-08-23T12:07:07.076+0000] {processor.py:208} INFO - Processing /home/airflow/.local/lib/python3.12/site-packages/airflow/example_dags/example_bash_operator.py took 0.226 seconds
[2024-08-23T12:07:37.494+0000] {processor.py:186} INFO - Started process (PID=603) to work on /home/airflow/.local/lib/python3.12/site-packages/airflow/example_dags/example_bash_operator.py
[2024-08-23T12:07:37.497+0000] {processor.py:914} INFO - Processing file /home/airflow/.local/lib/python3.12/site-packages/airflow/example_dags/example_bash_operator.py for tasks to queue
[2024-08-23T12:07:37.500+0000] {logging_mixin.py:190} INFO - [2024-08-23T12:07:37.500+0000] {dagbag.py:587} INFO - Filling up the DagBag from /home/airflow/.local/lib/python3.12/site-packages/airflow/example_dags/example_bash_operator.py
[2024-08-23T12:07:37.516+0000] {processor.py:925} INFO - DAG(s) 'example_bash_operator' retrieved from /home/airflow/.local/lib/python3.12/site-packages/airflow/example_dags/example_bash_operator.py
[2024-08-23T12:07:37.545+0000] {logging_mixin.py:190} INFO - [2024-08-23T12:07:37.545+0000] {dag.py:3211} INFO - Sync 1 DAGs
[2024-08-23T12:07:37.573+0000] {logging_mixin.py:190} INFO - [2024-08-23T12:07:37.572+0000] {dag.py:4138} INFO - Setting next_dagrun for example_bash_operator to 2024-08-22 00:00:00+00:00, run_after=2024-08-23 00:00:00+00:00
[2024-08-23T12:07:37.584+0000] {processor.py:208} INFO - Processing /home/airflow/.local/lib/python3.12/site-packages/airflow/example_dags/example_bash_operator.py took 0.095 seconds
[2024-08-23T12:08:08.414+0000] {processor.py:186} INFO - Started process (PID=665) to work on /home/airflow/.local/lib/python3.12/site-packages/airflow/example_dags/example_bash_operator.py
[2024-08-23T12:08:08.420+0000] {processor.py:914} INFO - Processing file /home/airflow/.local/lib/python3.12/site-packages/airflow/example_dags/example_bash_operator.py for tasks to queue
[2024-08-23T12:08:08.424+0000] {logging_mixin.py:190} INFO - [2024-08-23T12:08:08.423+0000] {dagbag.py:587} INFO - Filling up the DagBag from /home/airflow/.local/lib/python3.12/site-packages/airflow/example_dags/example_bash_operator.py
[2024-08-23T12:08:08.436+0000] {processor.py:925} INFO - DAG(s) 'example_bash_operator' retrieved from /home/airflow/.local/lib/python3.12/site-packages/airflow/example_dags/example_bash_operator.py
[2024-08-23T12:08:08.468+0000] {logging_mixin.py:190} INFO - [2024-08-23T12:08:08.468+0000] {dag.py:3211} INFO - Sync 1 DAGs
[2024-08-23T12:08:08.491+0000] {logging_mixin.py:190} INFO - [2024-08-23T12:08:08.491+0000] {dag.py:4138} INFO - Setting next_dagrun for example_bash_operator to 2024-08-22 00:00:00+00:00, run_after=2024-08-23 00:00:00+00:00
[2024-08-23T12:08:08.506+0000] {processor.py:208} INFO - Processing /home/airflow/.local/lib/python3.12/site-packages/airflow/example_dags/example_bash_operator.py took 0.100 seconds
[2024-08-23T12:08:38.571+0000] {processor.py:186} INFO - Started process (PID=727) to work on /home/airflow/.local/lib/python3.12/site-packages/airflow/example_dags/example_bash_operator.py
[2024-08-23T12:08:38.575+0000] {processor.py:914} INFO - Processing file /home/airflow/.local/lib/python3.12/site-packages/airflow/example_dags/example_bash_operator.py for tasks to queue
[2024-08-23T12:08:38.587+0000] {logging_mixin.py:190} INFO - [2024-08-23T12:08:38.584+0000] {dagbag.py:587} INFO - Filling up the DagBag from /home/airflow/.local/lib/python3.12/site-packages/airflow/example_dags/example_bash_operator.py
[2024-08-23T12:08:38.618+0000] {processor.py:925} INFO - DAG(s) 'example_bash_operator' retrieved from /home/airflow/.local/lib/python3.12/site-packages/airflow/example_dags/example_bash_operator.py
[2024-08-23T12:08:38.643+0000] {logging_mixin.py:190} INFO - [2024-08-23T12:08:38.643+0000] {dag.py:3211} INFO - Sync 1 DAGs
[2024-08-23T12:08:38.661+0000] {logging_mixin.py:190} INFO - [2024-08-23T12:08:38.660+0000] {dag.py:4138} INFO - Setting next_dagrun for example_bash_operator to 2024-08-22 00:00:00+00:00, run_after=2024-08-23 00:00:00+00:00
[2024-08-23T12:08:38.672+0000] {processor.py:208} INFO - Processing /home/airflow/.local/lib/python3.12/site-packages/airflow/example_dags/example_bash_operator.py took 0.112 seconds
[2024-08-23T12:09:08.838+0000] {processor.py:186} INFO - Started process (PID=789) to work on /home/airflow/.local/lib/python3.12/site-packages/airflow/example_dags/example_bash_operator.py
[2024-08-23T12:09:08.845+0000] {processor.py:914} INFO - Processing file /home/airflow/.local/lib/python3.12/site-packages/airflow/example_dags/example_bash_operator.py for tasks to queue
[2024-08-23T12:09:08.853+0000] {logging_mixin.py:190} INFO - [2024-08-23T12:09:08.853+0000] {dagbag.py:587} INFO - Filling up the DagBag from /home/airflow/.local/lib/python3.12/site-packages/airflow/example_dags/example_bash_operator.py
[2024-08-23T12:09:08.863+0000] {processor.py:925} INFO - DAG(s) 'example_bash_operator' retrieved from /home/airflow/.local/lib/python3.12/site-packages/airflow/example_dags/example_bash_operator.py
[2024-08-23T12:09:08.879+0000] {logging_mixin.py:190} INFO - [2024-08-23T12:09:08.879+0000] {dag.py:3211} INFO - Sync 1 DAGs
[2024-08-23T12:09:08.893+0000] {logging_mixin.py:190} INFO - [2024-08-23T12:09:08.893+0000] {dag.py:4138} INFO - Setting next_dagrun for example_bash_operator to 2024-08-22 00:00:00+00:00, run_after=2024-08-23 00:00:00+00:00
[2024-08-23T12:09:08.901+0000] {processor.py:208} INFO - Processing /home/airflow/.local/lib/python3.12/site-packages/airflow/example_dags/example_bash_operator.py took 0.068 seconds
[2024-08-23T12:09:39.701+0000] {processor.py:186} INFO - Started process (PID=851) to work on /home/airflow/.local/lib/python3.12/site-packages/airflow/example_dags/example_bash_operator.py
[2024-08-23T12:09:39.703+0000] {processor.py:914} INFO - Processing file /home/airflow/.local/lib/python3.12/site-packages/airflow/example_dags/example_bash_operator.py for tasks to queue
[2024-08-23T12:09:39.706+0000] {logging_mixin.py:190} INFO - [2024-08-23T12:09:39.706+0000] {dagbag.py:587} INFO - Filling up the DagBag from /home/airflow/.local/lib/python3.12/site-packages/airflow/example_dags/example_bash_operator.py
[2024-08-23T12:09:39.721+0000] {processor.py:925} INFO - DAG(s) 'example_bash_operator' retrieved from /home/airflow/.local/lib/python3.12/site-packages/airflow/example_dags/example_bash_operator.py
[2024-08-23T12:09:39.736+0000] {logging_mixin.py:190} INFO - [2024-08-23T12:09:39.736+0000] {dag.py:3211} INFO - Sync 1 DAGs
[2024-08-23T12:09:39.750+0000] {logging_mixin.py:190} INFO - [2024-08-23T12:09:39.749+0000] {dag.py:4138} INFO - Setting next_dagrun for example_bash_operator to 2024-08-22 00:00:00+00:00, run_after=2024-08-23 00:00:00+00:00
[2024-08-23T12:09:39.759+0000] {processor.py:208} INFO - Processing /home/airflow/.local/lib/python3.12/site-packages/airflow/example_dags/example_bash_operator.py took 0.069 seconds
[2024-08-23T12:10:10.753+0000] {processor.py:186} INFO - Started process (PID=913) to work on /home/airflow/.local/lib/python3.12/site-packages/airflow/example_dags/example_bash_operator.py
[2024-08-23T12:10:10.755+0000] {processor.py:914} INFO - Processing file /home/airflow/.local/lib/python3.12/site-packages/airflow/example_dags/example_bash_operator.py for tasks to queue
[2024-08-23T12:10:10.760+0000] {logging_mixin.py:190} INFO - [2024-08-23T12:10:10.760+0000] {dagbag.py:587} INFO - Filling up the DagBag from /home/airflow/.local/lib/python3.12/site-packages/airflow/example_dags/example_bash_operator.py
[2024-08-23T12:10:10.791+0000] {processor.py:925} INFO - DAG(s) 'example_bash_operator' retrieved from /home/airflow/.local/lib/python3.12/site-packages/airflow/example_dags/example_bash_operator.py
[2024-08-23T12:10:10.833+0000] {logging_mixin.py:190} INFO - [2024-08-23T12:10:10.833+0000] {dag.py:3211} INFO - Sync 1 DAGs
[2024-08-23T12:10:10.865+0000] {logging_mixin.py:190} INFO - [2024-08-23T12:10:10.864+0000] {dag.py:4138} INFO - Setting next_dagrun for example_bash_operator to 2024-08-22 00:00:00+00:00, run_after=2024-08-23 00:00:00+00:00
[2024-08-23T12:10:10.882+0000] {processor.py:208} INFO - Processing /home/airflow/.local/lib/python3.12/site-packages/airflow/example_dags/example_bash_operator.py took 0.139 seconds
[2024-08-23T12:10:41.637+0000] {processor.py:186} INFO - Started process (PID=975) to work on /home/airflow/.local/lib/python3.12/site-packages/airflow/example_dags/example_bash_operator.py
[2024-08-23T12:10:41.643+0000] {processor.py:914} INFO - Processing file /home/airflow/.local/lib/python3.12/site-packages/airflow/example_dags/example_bash_operator.py for tasks to queue
[2024-08-23T12:10:41.651+0000] {logging_mixin.py:190} INFO - [2024-08-23T12:10:41.650+0000] {dagbag.py:587} INFO - Filling up the DagBag from /home/airflow/.local/lib/python3.12/site-packages/airflow/example_dags/example_bash_operator.py
[2024-08-23T12:10:41.678+0000] {processor.py:925} INFO - DAG(s) 'example_bash_operator' retrieved from /home/airflow/.local/lib/python3.12/site-packages/airflow/example_dags/example_bash_operator.py
[2024-08-23T12:10:41.761+0000] {logging_mixin.py:190} INFO - [2024-08-23T12:10:41.761+0000] {dag.py:3211} INFO - Sync 1 DAGs
[2024-08-23T12:10:41.804+0000] {logging_mixin.py:190} INFO - [2024-08-23T12:10:41.801+0000] {dag.py:4138} INFO - Setting next_dagrun for example_bash_operator to 2024-08-22 00:00:00+00:00, run_after=2024-08-23 00:00:00+00:00
[2024-08-23T12:10:41.830+0000] {processor.py:208} INFO - Processing /home/airflow/.local/lib/python3.12/site-packages/airflow/example_dags/example_bash_operator.py took 0.200 seconds
[2024-08-23T12:11:12.831+0000] {processor.py:186} INFO - Started process (PID=1037) to work on /home/airflow/.local/lib/python3.12/site-packages/airflow/example_dags/example_bash_operator.py
[2024-08-23T12:11:12.838+0000] {processor.py:914} INFO - Processing file /home/airflow/.local/lib/python3.12/site-packages/airflow/example_dags/example_bash_operator.py for tasks to queue
[2024-08-23T12:11:12.843+0000] {logging_mixin.py:190} INFO - [2024-08-23T12:11:12.843+0000] {dagbag.py:587} INFO - Filling up the DagBag from /home/airflow/.local/lib/python3.12/site-packages/airflow/example_dags/example_bash_operator.py
[2024-08-23T12:11:12.874+0000] {processor.py:925} INFO - DAG(s) 'example_bash_operator' retrieved from /home/airflow/.local/lib/python3.12/site-packages/airflow/example_dags/example_bash_operator.py
[2024-08-23T12:11:12.956+0000] {logging_mixin.py:190} INFO - [2024-08-23T12:11:12.955+0000] {dag.py:3211} INFO - Sync 1 DAGs
[2024-08-23T12:11:13.001+0000] {logging_mixin.py:190} INFO - [2024-08-23T12:11:13.000+0000] {dag.py:4138} INFO - Setting next_dagrun for example_bash_operator to 2024-08-22 00:00:00+00:00, run_after=2024-08-23 00:00:00+00:00
[2024-08-23T12:11:13.026+0000] {processor.py:208} INFO - Processing /home/airflow/.local/lib/python3.12/site-packages/airflow/example_dags/example_bash_operator.py took 0.213 seconds
[2024-08-23T12:11:43.628+0000] {processor.py:186} INFO - Started process (PID=1099) to work on /home/airflow/.local/lib/python3.12/site-packages/airflow/example_dags/example_bash_operator.py
[2024-08-23T12:11:43.631+0000] {processor.py:914} INFO - Processing file /home/airflow/.local/lib/python3.12/site-packages/airflow/example_dags/example_bash_operator.py for tasks to queue
[2024-08-23T12:11:43.634+0000] {logging_mixin.py:190} INFO - [2024-08-23T12:11:43.634+0000] {dagbag.py:587} INFO - Filling up the DagBag from /home/airflow/.local/lib/python3.12/site-packages/airflow/example_dags/example_bash_operator.py
[2024-08-23T12:11:43.663+0000] {processor.py:925} INFO - DAG(s) 'example_bash_operator' retrieved from /home/airflow/.local/lib/python3.12/site-packages/airflow/example_dags/example_bash_operator.py
[2024-08-23T12:11:43.690+0000] {logging_mixin.py:190} INFO - [2024-08-23T12:11:43.690+0000] {dag.py:3211} INFO - Sync 1 DAGs
[2024-08-23T12:11:43.707+0000] {logging_mixin.py:190} INFO - [2024-08-23T12:11:43.707+0000] {dag.py:4138} INFO - Setting next_dagrun for example_bash_operator to 2024-08-22 00:00:00+00:00, run_after=2024-08-23 00:00:00+00:00
[2024-08-23T12:11:43.732+0000] {processor.py:208} INFO - Processing /home/airflow/.local/lib/python3.12/site-packages/airflow/example_dags/example_bash_operator.py took 0.110 seconds
[2024-08-23T12:12:14.586+0000] {processor.py:186} INFO - Started process (PID=1161) to work on /home/airflow/.local/lib/python3.12/site-packages/airflow/example_dags/example_bash_operator.py
[2024-08-23T12:12:14.588+0000] {processor.py:914} INFO - Processing file /home/airflow/.local/lib/python3.12/site-packages/airflow/example_dags/example_bash_operator.py for tasks to queue
[2024-08-23T12:12:14.599+0000] {logging_mixin.py:190} INFO - [2024-08-23T12:12:14.597+0000] {dagbag.py:587} INFO - Filling up the DagBag from /home/airflow/.local/lib/python3.12/site-packages/airflow/example_dags/example_bash_operator.py
[2024-08-23T12:12:14.618+0000] {processor.py:925} INFO - DAG(s) 'example_bash_operator' retrieved from /home/airflow/.local/lib/python3.12/site-packages/airflow/example_dags/example_bash_operator.py
[2024-08-23T12:12:14.653+0000] {logging_mixin.py:190} INFO - [2024-08-23T12:12:14.653+0000] {dag.py:3211} INFO - Sync 1 DAGs
[2024-08-23T12:12:14.680+0000] {logging_mixin.py:190} INFO - [2024-08-23T12:12:14.679+0000] {dag.py:4138} INFO - Setting next_dagrun for example_bash_operator to 2024-08-22 00:00:00+00:00, run_after=2024-08-23 00:00:00+00:00
[2024-08-23T12:12:14.781+0000] {processor.py:208} INFO - Processing /home/airflow/.local/lib/python3.12/site-packages/airflow/example_dags/example_bash_operator.py took 0.199 seconds
[2024-08-23T12:12:45.324+0000] {processor.py:186} INFO - Started process (PID=1223) to work on /home/airflow/.local/lib/python3.12/site-packages/airflow/example_dags/example_bash_operator.py
[2024-08-23T12:12:45.329+0000] {processor.py:914} INFO - Processing file /home/airflow/.local/lib/python3.12/site-packages/airflow/example_dags/example_bash_operator.py for tasks to queue
[2024-08-23T12:12:45.332+0000] {logging_mixin.py:190} INFO - [2024-08-23T12:12:45.331+0000] {dagbag.py:587} INFO - Filling up the DagBag from /home/airflow/.local/lib/python3.12/site-packages/airflow/example_dags/example_bash_operator.py
[2024-08-23T12:12:45.363+0000] {processor.py:925} INFO - DAG(s) 'example_bash_operator' retrieved from /home/airflow/.local/lib/python3.12/site-packages/airflow/example_dags/example_bash_operator.py
[2024-08-23T12:12:45.403+0000] {logging_mixin.py:190} INFO - [2024-08-23T12:12:45.403+0000] {dag.py:3211} INFO - Sync 1 DAGs
[2024-08-23T12:12:45.439+0000] {logging_mixin.py:190} INFO - [2024-08-23T12:12:45.439+0000] {dag.py:4138} INFO - Setting next_dagrun for example_bash_operator to 2024-08-22 00:00:00+00:00, run_after=2024-08-23 00:00:00+00:00
[2024-08-23T12:12:45.460+0000] {processor.py:208} INFO - Processing /home/airflow/.local/lib/python3.12/site-packages/airflow/example_dags/example_bash_operator.py took 0.141 seconds
[2024-08-23T12:13:15.782+0000] {processor.py:186} INFO - Started process (PID=1285) to work on /home/airflow/.local/lib/python3.12/site-packages/airflow/example_dags/example_bash_operator.py
[2024-08-23T12:13:15.784+0000] {processor.py:914} INFO - Processing file /home/airflow/.local/lib/python3.12/site-packages/airflow/example_dags/example_bash_operator.py for tasks to queue
[2024-08-23T12:13:15.786+0000] {logging_mixin.py:190} INFO - [2024-08-23T12:13:15.786+0000] {dagbag.py:587} INFO - Filling up the DagBag from /home/airflow/.local/lib/python3.12/site-packages/airflow/example_dags/example_bash_operator.py
[2024-08-23T12:13:15.798+0000] {processor.py:925} INFO - DAG(s) 'example_bash_operator' retrieved from /home/airflow/.local/lib/python3.12/site-packages/airflow/example_dags/example_bash_operator.py
[2024-08-23T12:13:15.813+0000] {logging_mixin.py:190} INFO - [2024-08-23T12:13:15.813+0000] {dag.py:3211} INFO - Sync 1 DAGs
[2024-08-23T12:13:15.825+0000] {logging_mixin.py:190} INFO - [2024-08-23T12:13:15.825+0000] {dag.py:4138} INFO - Setting next_dagrun for example_bash_operator to 2024-08-22 00:00:00+00:00, run_after=2024-08-23 00:00:00+00:00
[2024-08-23T12:13:15.838+0000] {processor.py:208} INFO - Processing /home/airflow/.local/lib/python3.12/site-packages/airflow/example_dags/example_bash_operator.py took 0.061 seconds
[2024-08-23T12:13:46.535+0000] {processor.py:186} INFO - Started process (PID=1347) to work on /home/airflow/.local/lib/python3.12/site-packages/airflow/example_dags/example_bash_operator.py
[2024-08-23T12:13:46.539+0000] {processor.py:914} INFO - Processing file /home/airflow/.local/lib/python3.12/site-packages/airflow/example_dags/example_bash_operator.py for tasks to queue
[2024-08-23T12:13:46.541+0000] {logging_mixin.py:190} INFO - [2024-08-23T12:13:46.540+0000] {dagbag.py:587} INFO - Filling up the DagBag from /home/airflow/.local/lib/python3.12/site-packages/airflow/example_dags/example_bash_operator.py
[2024-08-23T12:13:46.559+0000] {processor.py:925} INFO - DAG(s) 'example_bash_operator' retrieved from /home/airflow/.local/lib/python3.12/site-packages/airflow/example_dags/example_bash_operator.py
[2024-08-23T12:13:46.585+0000] {logging_mixin.py:190} INFO - [2024-08-23T12:13:46.585+0000] {dag.py:3211} INFO - Sync 1 DAGs
[2024-08-23T12:13:46.601+0000] {logging_mixin.py:190} INFO - [2024-08-23T12:13:46.601+0000] {dag.py:4138} INFO - Setting next_dagrun for example_bash_operator to 2024-08-22 00:00:00+00:00, run_after=2024-08-23 00:00:00+00:00
[2024-08-23T12:13:46.613+0000] {processor.py:208} INFO - Processing /home/airflow/.local/lib/python3.12/site-packages/airflow/example_dags/example_bash_operator.py took 0.085 seconds
[2024-08-23T12:14:17.458+0000] {processor.py:186} INFO - Started process (PID=1409) to work on /home/airflow/.local/lib/python3.12/site-packages/airflow/example_dags/example_bash_operator.py
[2024-08-23T12:14:17.461+0000] {processor.py:914} INFO - Processing file /home/airflow/.local/lib/python3.12/site-packages/airflow/example_dags/example_bash_operator.py for tasks to queue
[2024-08-23T12:14:17.463+0000] {logging_mixin.py:190} INFO - [2024-08-23T12:14:17.463+0000] {dagbag.py:587} INFO - Filling up the DagBag from /home/airflow/.local/lib/python3.12/site-packages/airflow/example_dags/example_bash_operator.py
[2024-08-23T12:14:17.476+0000] {processor.py:925} INFO - DAG(s) 'example_bash_operator' retrieved from /home/airflow/.local/lib/python3.12/site-packages/airflow/example_dags/example_bash_operator.py
[2024-08-23T12:14:17.493+0000] {logging_mixin.py:190} INFO - [2024-08-23T12:14:17.493+0000] {dag.py:3211} INFO - Sync 1 DAGs
[2024-08-23T12:14:17.506+0000] {logging_mixin.py:190} INFO - [2024-08-23T12:14:17.505+0000] {dag.py:4138} INFO - Setting next_dagrun for example_bash_operator to 2024-08-22 00:00:00+00:00, run_after=2024-08-23 00:00:00+00:00
[2024-08-23T12:14:17.514+0000] {processor.py:208} INFO - Processing /home/airflow/.local/lib/python3.12/site-packages/airflow/example_dags/example_bash_operator.py took 0.062 seconds
[2024-08-23T12:14:47.957+0000] {processor.py:186} INFO - Started process (PID=1471) to work on /home/airflow/.local/lib/python3.12/site-packages/airflow/example_dags/example_bash_operator.py
[2024-08-23T12:14:47.959+0000] {processor.py:914} INFO - Processing file /home/airflow/.local/lib/python3.12/site-packages/airflow/example_dags/example_bash_operator.py for tasks to queue
[2024-08-23T12:14:47.961+0000] {logging_mixin.py:190} INFO - [2024-08-23T12:14:47.961+0000] {dagbag.py:587} INFO - Filling up the DagBag from /home/airflow/.local/lib/python3.12/site-packages/airflow/example_dags/example_bash_operator.py
[2024-08-23T12:14:47.970+0000] {processor.py:925} INFO - DAG(s) 'example_bash_operator' retrieved from /home/airflow/.local/lib/python3.12/site-packages/airflow/example_dags/example_bash_operator.py
[2024-08-23T12:14:47.990+0000] {logging_mixin.py:190} INFO - [2024-08-23T12:14:47.990+0000] {dag.py:3211} INFO - Sync 1 DAGs
[2024-08-23T12:14:48.002+0000] {logging_mixin.py:190} INFO - [2024-08-23T12:14:48.002+0000] {dag.py:4138} INFO - Setting next_dagrun for example_bash_operator to 2024-08-22 00:00:00+00:00, run_after=2024-08-23 00:00:00+00:00
[2024-08-23T12:14:48.013+0000] {processor.py:208} INFO - Processing /home/airflow/.local/lib/python3.12/site-packages/airflow/example_dags/example_bash_operator.py took 0.059 seconds
[2024-08-23T12:15:18.110+0000] {processor.py:186} INFO - Started process (PID=1533) to work on /home/airflow/.local/lib/python3.12/site-packages/airflow/example_dags/example_bash_operator.py
[2024-08-23T12:15:18.112+0000] {processor.py:914} INFO - Processing file /home/airflow/.local/lib/python3.12/site-packages/airflow/example_dags/example_bash_operator.py for tasks to queue
[2024-08-23T12:15:18.113+0000] {logging_mixin.py:190} INFO - [2024-08-23T12:15:18.113+0000] {dagbag.py:587} INFO - Filling up the DagBag from /home/airflow/.local/lib/python3.12/site-packages/airflow/example_dags/example_bash_operator.py
[2024-08-23T12:15:18.119+0000] {processor.py:925} INFO - DAG(s) 'example_bash_operator' retrieved from /home/airflow/.local/lib/python3.12/site-packages/airflow/example_dags/example_bash_operator.py
[2024-08-23T12:15:18.132+0000] {logging_mixin.py:190} INFO - [2024-08-23T12:15:18.132+0000] {dag.py:3211} INFO - Sync 1 DAGs
[2024-08-23T12:15:18.145+0000] {logging_mixin.py:190} INFO - [2024-08-23T12:15:18.144+0000] {dag.py:4138} INFO - Setting next_dagrun for example_bash_operator to 2024-08-22 00:00:00+00:00, run_after=2024-08-23 00:00:00+00:00
[2024-08-23T12:15:18.156+0000] {processor.py:208} INFO - Processing /home/airflow/.local/lib/python3.12/site-packages/airflow/example_dags/example_bash_operator.py took 0.051 seconds
[2024-08-23T12:15:48.214+0000] {processor.py:186} INFO - Started process (PID=1594) to work on /home/airflow/.local/lib/python3.12/site-packages/airflow/example_dags/example_bash_operator.py
[2024-08-23T12:15:48.216+0000] {processor.py:914} INFO - Processing file /home/airflow/.local/lib/python3.12/site-packages/airflow/example_dags/example_bash_operator.py for tasks to queue
[2024-08-23T12:15:48.217+0000] {logging_mixin.py:190} INFO - [2024-08-23T12:15:48.217+0000] {dagbag.py:587} INFO - Filling up the DagBag from /home/airflow/.local/lib/python3.12/site-packages/airflow/example_dags/example_bash_operator.py
[2024-08-23T12:15:48.227+0000] {processor.py:925} INFO - DAG(s) 'example_bash_operator' retrieved from /home/airflow/.local/lib/python3.12/site-packages/airflow/example_dags/example_bash_operator.py
[2024-08-23T12:15:48.245+0000] {logging_mixin.py:190} INFO - [2024-08-23T12:15:48.245+0000] {dag.py:3211} INFO - Sync 1 DAGs
[2024-08-23T12:15:48.256+0000] {logging_mixin.py:190} INFO - [2024-08-23T12:15:48.256+0000] {dag.py:4138} INFO - Setting next_dagrun for example_bash_operator to 2024-08-22 00:00:00+00:00, run_after=2024-08-23 00:00:00+00:00
[2024-08-23T12:15:48.263+0000] {processor.py:208} INFO - Processing /home/airflow/.local/lib/python3.12/site-packages/airflow/example_dags/example_bash_operator.py took 0.054 seconds
[2024-08-23T12:16:18.570+0000] {processor.py:186} INFO - Started process (PID=1656) to work on /home/airflow/.local/lib/python3.12/site-packages/airflow/example_dags/example_bash_operator.py
[2024-08-23T12:16:18.571+0000] {processor.py:914} INFO - Processing file /home/airflow/.local/lib/python3.12/site-packages/airflow/example_dags/example_bash_operator.py for tasks to queue
[2024-08-23T12:16:18.575+0000] {logging_mixin.py:190} INFO - [2024-08-23T12:16:18.574+0000] {dagbag.py:587} INFO - Filling up the DagBag from /home/airflow/.local/lib/python3.12/site-packages/airflow/example_dags/example_bash_operator.py
[2024-08-23T12:16:18.602+0000] {processor.py:925} INFO - DAG(s) 'example_bash_operator' retrieved from /home/airflow/.local/lib/python3.12/site-packages/airflow/example_dags/example_bash_operator.py
[2024-08-23T12:16:18.621+0000] {logging_mixin.py:190} INFO - [2024-08-23T12:16:18.620+0000] {dag.py:3211} INFO - Sync 1 DAGs
[2024-08-23T12:16:18.632+0000] {logging_mixin.py:190} INFO - [2024-08-23T12:16:18.632+0000] {dag.py:4138} INFO - Setting next_dagrun for example_bash_operator to 2024-08-22 00:00:00+00:00, run_after=2024-08-23 00:00:00+00:00
[2024-08-23T12:16:18.643+0000] {processor.py:208} INFO - Processing /home/airflow/.local/lib/python3.12/site-packages/airflow/example_dags/example_bash_operator.py took 0.079 seconds
[2024-08-23T12:16:48.962+0000] {processor.py:186} INFO - Started process (PID=1718) to work on /home/airflow/.local/lib/python3.12/site-packages/airflow/example_dags/example_bash_operator.py
[2024-08-23T12:16:48.964+0000] {processor.py:914} INFO - Processing file /home/airflow/.local/lib/python3.12/site-packages/airflow/example_dags/example_bash_operator.py for tasks to queue
[2024-08-23T12:16:48.968+0000] {logging_mixin.py:190} INFO - [2024-08-23T12:16:48.968+0000] {dagbag.py:587} INFO - Filling up the DagBag from /home/airflow/.local/lib/python3.12/site-packages/airflow/example_dags/example_bash_operator.py
[2024-08-23T12:16:49.008+0000] {processor.py:925} INFO - DAG(s) 'example_bash_operator' retrieved from /home/airflow/.local/lib/python3.12/site-packages/airflow/example_dags/example_bash_operator.py
[2024-08-23T12:16:49.041+0000] {logging_mixin.py:190} INFO - [2024-08-23T12:16:49.041+0000] {dag.py:3211} INFO - Sync 1 DAGs
[2024-08-23T12:16:49.064+0000] {logging_mixin.py:190} INFO - [2024-08-23T12:16:49.064+0000] {dag.py:4138} INFO - Setting next_dagrun for example_bash_operator to 2024-08-22 00:00:00+00:00, run_after=2024-08-23 00:00:00+00:00
[2024-08-23T12:16:49.082+0000] {processor.py:208} INFO - Processing /home/airflow/.local/lib/python3.12/site-packages/airflow/example_dags/example_bash_operator.py took 0.128 seconds
