[2024-08-23T12:03:18.890+0000] {processor.py:186} INFO - Started process (PID=119) to work on /home/airflow/.local/lib/python3.12/site-packages/airflow/example_dags/example_params_ui_tutorial.py
[2024-08-23T12:03:18.893+0000] {processor.py:914} INFO - Processing file /home/airflow/.local/lib/python3.12/site-packages/airflow/example_dags/example_params_ui_tutorial.py for tasks to queue
[2024-08-23T12:03:18.906+0000] {logging_mixin.py:190} INFO - [2024-08-23T12:03:18.904+0000] {dagbag.py:587} INFO - Filling up the DagBag from /home/airflow/.local/lib/python3.12/site-packages/airflow/example_dags/example_params_ui_tutorial.py
[2024-08-23T12:03:18.930+0000] {processor.py:925} INFO - DAG(s) 'example_params_ui_tutorial' retrieved from /home/airflow/.local/lib/python3.12/site-packages/airflow/example_dags/example_params_ui_tutorial.py
[2024-08-23T12:03:19.122+0000] {logging_mixin.py:190} INFO - [2024-08-23T12:03:19.122+0000] {override.py:1858} INFO - Created Permission View: can read on DAG:example_params_ui_tutorial
[2024-08-23T12:03:19.132+0000] {logging_mixin.py:190} INFO - [2024-08-23T12:03:19.132+0000] {override.py:1858} INFO - Created Permission View: can delete on DAG:example_params_ui_tutorial
[2024-08-23T12:03:19.137+0000] {logging_mixin.py:190} INFO - [2024-08-23T12:03:19.136+0000] {override.py:1858} INFO - Created Permission View: can edit on DAG:example_params_ui_tutorial
[2024-08-23T12:03:19.137+0000] {logging_mixin.py:190} INFO - [2024-08-23T12:03:19.137+0000] {dag.py:3211} INFO - Sync 1 DAGs
[2024-08-23T12:03:19.157+0000] {logging_mixin.py:190} INFO - [2024-08-23T12:03:19.157+0000] {dag.py:3234} INFO - Creating ORM DAG for example_params_ui_tutorial
[2024-08-23T12:03:19.158+0000] {logging_mixin.py:190} INFO - [2024-08-23T12:03:19.158+0000] {dag.py:4138} INFO - Setting next_dagrun for example_params_ui_tutorial to None, run_after=None
[2024-08-23T12:03:19.182+0000] {processor.py:208} INFO - Processing /home/airflow/.local/lib/python3.12/site-packages/airflow/example_dags/example_params_ui_tutorial.py took 0.335 seconds
[2024-08-23T12:03:51.030+0000] {processor.py:186} INFO - Started process (PID=181) to work on /home/airflow/.local/lib/python3.12/site-packages/airflow/example_dags/example_params_ui_tutorial.py
[2024-08-23T12:03:51.033+0000] {processor.py:914} INFO - Processing file /home/airflow/.local/lib/python3.12/site-packages/airflow/example_dags/example_params_ui_tutorial.py for tasks to queue
[2024-08-23T12:03:51.038+0000] {logging_mixin.py:190} INFO - [2024-08-23T12:03:51.038+0000] {dagbag.py:587} INFO - Filling up the DagBag from /home/airflow/.local/lib/python3.12/site-packages/airflow/example_dags/example_params_ui_tutorial.py
[2024-08-23T12:03:51.044+0000] {processor.py:925} INFO - DAG(s) 'example_params_ui_tutorial' retrieved from /home/airflow/.local/lib/python3.12/site-packages/airflow/example_dags/example_params_ui_tutorial.py
[2024-08-23T12:03:51.102+0000] {logging_mixin.py:190} INFO - [2024-08-23T12:03:51.102+0000] {dag.py:3211} INFO - Sync 1 DAGs
[2024-08-23T12:03:51.128+0000] {logging_mixin.py:190} INFO - [2024-08-23T12:03:51.128+0000] {dag.py:4138} INFO - Setting next_dagrun for example_params_ui_tutorial to None, run_after=None
[2024-08-23T12:03:51.162+0000] {processor.py:208} INFO - Processing /home/airflow/.local/lib/python3.12/site-packages/airflow/example_dags/example_params_ui_tutorial.py took 0.137 seconds
[2024-08-23T12:04:31.624+0000] {processor.py:186} INFO - Started process (PID=249) to work on /home/airflow/.local/lib/python3.12/site-packages/airflow/example_dags/example_params_ui_tutorial.py
[2024-08-23T12:04:31.635+0000] {processor.py:914} INFO - Processing file /home/airflow/.local/lib/python3.12/site-packages/airflow/example_dags/example_params_ui_tutorial.py for tasks to queue
[2024-08-23T12:04:31.637+0000] {logging_mixin.py:190} INFO - [2024-08-23T12:04:31.637+0000] {dagbag.py:587} INFO - Filling up the DagBag from /home/airflow/.local/lib/python3.12/site-packages/airflow/example_dags/example_params_ui_tutorial.py
[2024-08-23T12:04:31.669+0000] {processor.py:925} INFO - DAG(s) 'example_params_ui_tutorial' retrieved from /home/airflow/.local/lib/python3.12/site-packages/airflow/example_dags/example_params_ui_tutorial.py
[2024-08-23T12:04:31.795+0000] {logging_mixin.py:190} INFO - [2024-08-23T12:04:31.794+0000] {dag.py:3211} INFO - Sync 1 DAGs
[2024-08-23T12:04:31.890+0000] {logging_mixin.py:190} INFO - [2024-08-23T12:04:31.881+0000] {dag.py:4138} INFO - Setting next_dagrun for example_params_ui_tutorial to None, run_after=None
[2024-08-23T12:04:32.314+0000] {processor.py:208} INFO - Processing /home/airflow/.local/lib/python3.12/site-packages/airflow/example_dags/example_params_ui_tutorial.py took 0.712 seconds
[2024-08-23T12:05:08.500+0000] {processor.py:186} INFO - Started process (PID=310) to work on /home/airflow/.local/lib/python3.12/site-packages/airflow/example_dags/example_params_ui_tutorial.py
[2024-08-23T12:05:08.503+0000] {processor.py:914} INFO - Processing file /home/airflow/.local/lib/python3.12/site-packages/airflow/example_dags/example_params_ui_tutorial.py for tasks to queue
[2024-08-23T12:05:08.513+0000] {logging_mixin.py:190} INFO - [2024-08-23T12:05:08.512+0000] {dagbag.py:587} INFO - Filling up the DagBag from /home/airflow/.local/lib/python3.12/site-packages/airflow/example_dags/example_params_ui_tutorial.py
[2024-08-23T12:05:08.579+0000] {processor.py:925} INFO - DAG(s) 'example_params_ui_tutorial' retrieved from /home/airflow/.local/lib/python3.12/site-packages/airflow/example_dags/example_params_ui_tutorial.py
[2024-08-23T12:05:08.821+0000] {logging_mixin.py:190} INFO - [2024-08-23T12:05:08.819+0000] {dag.py:3211} INFO - Sync 1 DAGs
[2024-08-23T12:05:08.868+0000] {logging_mixin.py:190} INFO - [2024-08-23T12:05:08.868+0000] {dag.py:4138} INFO - Setting next_dagrun for example_params_ui_tutorial to None, run_after=None
[2024-08-23T12:05:08.896+0000] {processor.py:208} INFO - Processing /home/airflow/.local/lib/python3.12/site-packages/airflow/example_dags/example_params_ui_tutorial.py took 0.408 seconds
[2024-08-23T12:05:39.450+0000] {processor.py:186} INFO - Started process (PID=372) to work on /home/airflow/.local/lib/python3.12/site-packages/airflow/example_dags/example_params_ui_tutorial.py
[2024-08-23T12:05:39.452+0000] {processor.py:914} INFO - Processing file /home/airflow/.local/lib/python3.12/site-packages/airflow/example_dags/example_params_ui_tutorial.py for tasks to queue
[2024-08-23T12:05:39.455+0000] {logging_mixin.py:190} INFO - [2024-08-23T12:05:39.455+0000] {dagbag.py:587} INFO - Filling up the DagBag from /home/airflow/.local/lib/python3.12/site-packages/airflow/example_dags/example_params_ui_tutorial.py
[2024-08-23T12:05:39.489+0000] {processor.py:925} INFO - DAG(s) 'example_params_ui_tutorial' retrieved from /home/airflow/.local/lib/python3.12/site-packages/airflow/example_dags/example_params_ui_tutorial.py
[2024-08-23T12:05:39.560+0000] {logging_mixin.py:190} INFO - [2024-08-23T12:05:39.560+0000] {dag.py:3211} INFO - Sync 1 DAGs
[2024-08-23T12:05:39.593+0000] {logging_mixin.py:190} INFO - [2024-08-23T12:05:39.593+0000] {dag.py:4138} INFO - Setting next_dagrun for example_params_ui_tutorial to None, run_after=None
[2024-08-23T12:05:39.642+0000] {processor.py:208} INFO - Processing /home/airflow/.local/lib/python3.12/site-packages/airflow/example_dags/example_params_ui_tutorial.py took 0.198 seconds
[2024-08-23T12:06:10.278+0000] {processor.py:186} INFO - Started process (PID=434) to work on /home/airflow/.local/lib/python3.12/site-packages/airflow/example_dags/example_params_ui_tutorial.py
[2024-08-23T12:06:10.280+0000] {processor.py:914} INFO - Processing file /home/airflow/.local/lib/python3.12/site-packages/airflow/example_dags/example_params_ui_tutorial.py for tasks to queue
[2024-08-23T12:06:10.282+0000] {logging_mixin.py:190} INFO - [2024-08-23T12:06:10.282+0000] {dagbag.py:587} INFO - Filling up the DagBag from /home/airflow/.local/lib/python3.12/site-packages/airflow/example_dags/example_params_ui_tutorial.py
[2024-08-23T12:06:10.289+0000] {processor.py:925} INFO - DAG(s) 'example_params_ui_tutorial' retrieved from /home/airflow/.local/lib/python3.12/site-packages/airflow/example_dags/example_params_ui_tutorial.py
[2024-08-23T12:06:10.316+0000] {logging_mixin.py:190} INFO - [2024-08-23T12:06:10.316+0000] {dag.py:3211} INFO - Sync 1 DAGs
[2024-08-23T12:06:10.325+0000] {logging_mixin.py:190} INFO - [2024-08-23T12:06:10.325+0000] {dag.py:4138} INFO - Setting next_dagrun for example_params_ui_tutorial to None, run_after=None
[2024-08-23T12:06:10.359+0000] {processor.py:208} INFO - Processing /home/airflow/.local/lib/python3.12/site-packages/airflow/example_dags/example_params_ui_tutorial.py took 0.086 seconds
[2024-08-23T12:06:40.764+0000] {processor.py:186} INFO - Started process (PID=496) to work on /home/airflow/.local/lib/python3.12/site-packages/airflow/example_dags/example_params_ui_tutorial.py
[2024-08-23T12:06:40.765+0000] {processor.py:914} INFO - Processing file /home/airflow/.local/lib/python3.12/site-packages/airflow/example_dags/example_params_ui_tutorial.py for tasks to queue
[2024-08-23T12:06:40.766+0000] {logging_mixin.py:190} INFO - [2024-08-23T12:06:40.766+0000] {dagbag.py:587} INFO - Filling up the DagBag from /home/airflow/.local/lib/python3.12/site-packages/airflow/example_dags/example_params_ui_tutorial.py
[2024-08-23T12:06:40.772+0000] {processor.py:925} INFO - DAG(s) 'example_params_ui_tutorial' retrieved from /home/airflow/.local/lib/python3.12/site-packages/airflow/example_dags/example_params_ui_tutorial.py
[2024-08-23T12:06:40.801+0000] {logging_mixin.py:190} INFO - [2024-08-23T12:06:40.801+0000] {dag.py:3211} INFO - Sync 1 DAGs
[2024-08-23T12:06:40.810+0000] {logging_mixin.py:190} INFO - [2024-08-23T12:06:40.810+0000] {dag.py:4138} INFO - Setting next_dagrun for example_params_ui_tutorial to None, run_after=None
[2024-08-23T12:06:40.825+0000] {processor.py:208} INFO - Processing /home/airflow/.local/lib/python3.12/site-packages/airflow/example_dags/example_params_ui_tutorial.py took 0.079 seconds
[2024-08-23T12:07:11.201+0000] {processor.py:186} INFO - Started process (PID=557) to work on /home/airflow/.local/lib/python3.12/site-packages/airflow/example_dags/example_params_ui_tutorial.py
[2024-08-23T12:07:11.202+0000] {processor.py:914} INFO - Processing file /home/airflow/.local/lib/python3.12/site-packages/airflow/example_dags/example_params_ui_tutorial.py for tasks to queue
[2024-08-23T12:07:11.203+0000] {logging_mixin.py:190} INFO - [2024-08-23T12:07:11.203+0000] {dagbag.py:587} INFO - Filling up the DagBag from /home/airflow/.local/lib/python3.12/site-packages/airflow/example_dags/example_params_ui_tutorial.py
[2024-08-23T12:07:11.207+0000] {processor.py:925} INFO - DAG(s) 'example_params_ui_tutorial' retrieved from /home/airflow/.local/lib/python3.12/site-packages/airflow/example_dags/example_params_ui_tutorial.py
[2024-08-23T12:07:11.229+0000] {logging_mixin.py:190} INFO - [2024-08-23T12:07:11.228+0000] {dag.py:3211} INFO - Sync 1 DAGs
[2024-08-23T12:07:11.236+0000] {logging_mixin.py:190} INFO - [2024-08-23T12:07:11.236+0000] {dag.py:4138} INFO - Setting next_dagrun for example_params_ui_tutorial to None, run_after=None
[2024-08-23T12:07:11.250+0000] {processor.py:208} INFO - Processing /home/airflow/.local/lib/python3.12/site-packages/airflow/example_dags/example_params_ui_tutorial.py took 0.054 seconds
[2024-08-23T12:07:41.680+0000] {processor.py:186} INFO - Started process (PID=619) to work on /home/airflow/.local/lib/python3.12/site-packages/airflow/example_dags/example_params_ui_tutorial.py
[2024-08-23T12:07:41.682+0000] {processor.py:914} INFO - Processing file /home/airflow/.local/lib/python3.12/site-packages/airflow/example_dags/example_params_ui_tutorial.py for tasks to queue
[2024-08-23T12:07:41.684+0000] {logging_mixin.py:190} INFO - [2024-08-23T12:07:41.684+0000] {dagbag.py:587} INFO - Filling up the DagBag from /home/airflow/.local/lib/python3.12/site-packages/airflow/example_dags/example_params_ui_tutorial.py
[2024-08-23T12:07:41.690+0000] {processor.py:925} INFO - DAG(s) 'example_params_ui_tutorial' retrieved from /home/airflow/.local/lib/python3.12/site-packages/airflow/example_dags/example_params_ui_tutorial.py
[2024-08-23T12:07:41.714+0000] {logging_mixin.py:190} INFO - [2024-08-23T12:07:41.714+0000] {dag.py:3211} INFO - Sync 1 DAGs
[2024-08-23T12:07:41.723+0000] {logging_mixin.py:190} INFO - [2024-08-23T12:07:41.723+0000] {dag.py:4138} INFO - Setting next_dagrun for example_params_ui_tutorial to None, run_after=None
[2024-08-23T12:07:41.733+0000] {processor.py:208} INFO - Processing /home/airflow/.local/lib/python3.12/site-packages/airflow/example_dags/example_params_ui_tutorial.py took 0.056 seconds
[2024-08-23T12:08:12.821+0000] {processor.py:186} INFO - Started process (PID=681) to work on /home/airflow/.local/lib/python3.12/site-packages/airflow/example_dags/example_params_ui_tutorial.py
[2024-08-23T12:08:12.822+0000] {processor.py:914} INFO - Processing file /home/airflow/.local/lib/python3.12/site-packages/airflow/example_dags/example_params_ui_tutorial.py for tasks to queue
[2024-08-23T12:08:12.824+0000] {logging_mixin.py:190} INFO - [2024-08-23T12:08:12.823+0000] {dagbag.py:587} INFO - Filling up the DagBag from /home/airflow/.local/lib/python3.12/site-packages/airflow/example_dags/example_params_ui_tutorial.py
[2024-08-23T12:08:12.829+0000] {processor.py:925} INFO - DAG(s) 'example_params_ui_tutorial' retrieved from /home/airflow/.local/lib/python3.12/site-packages/airflow/example_dags/example_params_ui_tutorial.py
[2024-08-23T12:08:12.854+0000] {logging_mixin.py:190} INFO - [2024-08-23T12:08:12.854+0000] {dag.py:3211} INFO - Sync 1 DAGs
[2024-08-23T12:08:12.865+0000] {logging_mixin.py:190} INFO - [2024-08-23T12:08:12.865+0000] {dag.py:4138} INFO - Setting next_dagrun for example_params_ui_tutorial to None, run_after=None
[2024-08-23T12:08:12.878+0000] {processor.py:208} INFO - Processing /home/airflow/.local/lib/python3.12/site-packages/airflow/example_dags/example_params_ui_tutorial.py took 0.062 seconds
[2024-08-23T12:08:43.670+0000] {processor.py:186} INFO - Started process (PID=743) to work on /home/airflow/.local/lib/python3.12/site-packages/airflow/example_dags/example_params_ui_tutorial.py
[2024-08-23T12:08:43.671+0000] {processor.py:914} INFO - Processing file /home/airflow/.local/lib/python3.12/site-packages/airflow/example_dags/example_params_ui_tutorial.py for tasks to queue
[2024-08-23T12:08:43.674+0000] {logging_mixin.py:190} INFO - [2024-08-23T12:08:43.674+0000] {dagbag.py:587} INFO - Filling up the DagBag from /home/airflow/.local/lib/python3.12/site-packages/airflow/example_dags/example_params_ui_tutorial.py
[2024-08-23T12:08:43.683+0000] {processor.py:925} INFO - DAG(s) 'example_params_ui_tutorial' retrieved from /home/airflow/.local/lib/python3.12/site-packages/airflow/example_dags/example_params_ui_tutorial.py
[2024-08-23T12:08:43.708+0000] {logging_mixin.py:190} INFO - [2024-08-23T12:08:43.708+0000] {dag.py:3211} INFO - Sync 1 DAGs
[2024-08-23T12:08:43.717+0000] {logging_mixin.py:190} INFO - [2024-08-23T12:08:43.717+0000] {dag.py:4138} INFO - Setting next_dagrun for example_params_ui_tutorial to None, run_after=None
[2024-08-23T12:08:43.730+0000] {processor.py:208} INFO - Processing /home/airflow/.local/lib/python3.12/site-packages/airflow/example_dags/example_params_ui_tutorial.py took 0.065 seconds
[2024-08-23T12:09:14.941+0000] {processor.py:186} INFO - Started process (PID=805) to work on /home/airflow/.local/lib/python3.12/site-packages/airflow/example_dags/example_params_ui_tutorial.py
[2024-08-23T12:09:14.944+0000] {processor.py:914} INFO - Processing file /home/airflow/.local/lib/python3.12/site-packages/airflow/example_dags/example_params_ui_tutorial.py for tasks to queue
[2024-08-23T12:09:14.946+0000] {logging_mixin.py:190} INFO - [2024-08-23T12:09:14.945+0000] {dagbag.py:587} INFO - Filling up the DagBag from /home/airflow/.local/lib/python3.12/site-packages/airflow/example_dags/example_params_ui_tutorial.py
[2024-08-23T12:09:14.955+0000] {processor.py:925} INFO - DAG(s) 'example_params_ui_tutorial' retrieved from /home/airflow/.local/lib/python3.12/site-packages/airflow/example_dags/example_params_ui_tutorial.py
[2024-08-23T12:09:14.991+0000] {logging_mixin.py:190} INFO - [2024-08-23T12:09:14.990+0000] {dag.py:3211} INFO - Sync 1 DAGs
[2024-08-23T12:09:15.004+0000] {logging_mixin.py:190} INFO - [2024-08-23T12:09:15.004+0000] {dag.py:4138} INFO - Setting next_dagrun for example_params_ui_tutorial to None, run_after=None
[2024-08-23T12:09:15.019+0000] {processor.py:208} INFO - Processing /home/airflow/.local/lib/python3.12/site-packages/airflow/example_dags/example_params_ui_tutorial.py took 0.087 seconds
[2024-08-23T12:09:45.612+0000] {processor.py:186} INFO - Started process (PID=867) to work on /home/airflow/.local/lib/python3.12/site-packages/airflow/example_dags/example_params_ui_tutorial.py
[2024-08-23T12:09:45.614+0000] {processor.py:914} INFO - Processing file /home/airflow/.local/lib/python3.12/site-packages/airflow/example_dags/example_params_ui_tutorial.py for tasks to queue
[2024-08-23T12:09:45.618+0000] {logging_mixin.py:190} INFO - [2024-08-23T12:09:45.618+0000] {dagbag.py:587} INFO - Filling up the DagBag from /home/airflow/.local/lib/python3.12/site-packages/airflow/example_dags/example_params_ui_tutorial.py
[2024-08-23T12:09:45.625+0000] {processor.py:925} INFO - DAG(s) 'example_params_ui_tutorial' retrieved from /home/airflow/.local/lib/python3.12/site-packages/airflow/example_dags/example_params_ui_tutorial.py
[2024-08-23T12:09:45.647+0000] {logging_mixin.py:190} INFO - [2024-08-23T12:09:45.647+0000] {dag.py:3211} INFO - Sync 1 DAGs
[2024-08-23T12:09:45.655+0000] {logging_mixin.py:190} INFO - [2024-08-23T12:09:45.655+0000] {dag.py:4138} INFO - Setting next_dagrun for example_params_ui_tutorial to None, run_after=None
[2024-08-23T12:09:45.675+0000] {processor.py:208} INFO - Processing /home/airflow/.local/lib/python3.12/site-packages/airflow/example_dags/example_params_ui_tutorial.py took 0.068 seconds
[2024-08-23T12:10:16.723+0000] {processor.py:186} INFO - Started process (PID=929) to work on /home/airflow/.local/lib/python3.12/site-packages/airflow/example_dags/example_params_ui_tutorial.py
[2024-08-23T12:10:16.724+0000] {processor.py:914} INFO - Processing file /home/airflow/.local/lib/python3.12/site-packages/airflow/example_dags/example_params_ui_tutorial.py for tasks to queue
[2024-08-23T12:10:16.726+0000] {logging_mixin.py:190} INFO - [2024-08-23T12:10:16.726+0000] {dagbag.py:587} INFO - Filling up the DagBag from /home/airflow/.local/lib/python3.12/site-packages/airflow/example_dags/example_params_ui_tutorial.py
[2024-08-23T12:10:16.731+0000] {processor.py:925} INFO - DAG(s) 'example_params_ui_tutorial' retrieved from /home/airflow/.local/lib/python3.12/site-packages/airflow/example_dags/example_params_ui_tutorial.py
[2024-08-23T12:10:16.764+0000] {logging_mixin.py:190} INFO - [2024-08-23T12:10:16.764+0000] {dag.py:3211} INFO - Sync 1 DAGs
[2024-08-23T12:10:16.771+0000] {logging_mixin.py:190} INFO - [2024-08-23T12:10:16.770+0000] {dag.py:4138} INFO - Setting next_dagrun for example_params_ui_tutorial to None, run_after=None
[2024-08-23T12:10:16.784+0000] {processor.py:208} INFO - Processing /home/airflow/.local/lib/python3.12/site-packages/airflow/example_dags/example_params_ui_tutorial.py took 0.064 seconds
[2024-08-23T12:10:47.814+0000] {processor.py:186} INFO - Started process (PID=991) to work on /home/airflow/.local/lib/python3.12/site-packages/airflow/example_dags/example_params_ui_tutorial.py
[2024-08-23T12:10:47.816+0000] {processor.py:914} INFO - Processing file /home/airflow/.local/lib/python3.12/site-packages/airflow/example_dags/example_params_ui_tutorial.py for tasks to queue
[2024-08-23T12:10:47.818+0000] {logging_mixin.py:190} INFO - [2024-08-23T12:10:47.817+0000] {dagbag.py:587} INFO - Filling up the DagBag from /home/airflow/.local/lib/python3.12/site-packages/airflow/example_dags/example_params_ui_tutorial.py
[2024-08-23T12:10:47.825+0000] {processor.py:925} INFO - DAG(s) 'example_params_ui_tutorial' retrieved from /home/airflow/.local/lib/python3.12/site-packages/airflow/example_dags/example_params_ui_tutorial.py
[2024-08-23T12:10:47.849+0000] {logging_mixin.py:190} INFO - [2024-08-23T12:10:47.848+0000] {dag.py:3211} INFO - Sync 1 DAGs
[2024-08-23T12:10:47.857+0000] {logging_mixin.py:190} INFO - [2024-08-23T12:10:47.857+0000] {dag.py:4138} INFO - Setting next_dagrun for example_params_ui_tutorial to None, run_after=None
[2024-08-23T12:10:47.870+0000] {processor.py:208} INFO - Processing /home/airflow/.local/lib/python3.12/site-packages/airflow/example_dags/example_params_ui_tutorial.py took 0.059 seconds
[2024-08-23T12:11:18.653+0000] {processor.py:186} INFO - Started process (PID=1053) to work on /home/airflow/.local/lib/python3.12/site-packages/airflow/example_dags/example_params_ui_tutorial.py
[2024-08-23T12:11:18.654+0000] {processor.py:914} INFO - Processing file /home/airflow/.local/lib/python3.12/site-packages/airflow/example_dags/example_params_ui_tutorial.py for tasks to queue
[2024-08-23T12:11:18.656+0000] {logging_mixin.py:190} INFO - [2024-08-23T12:11:18.656+0000] {dagbag.py:587} INFO - Filling up the DagBag from /home/airflow/.local/lib/python3.12/site-packages/airflow/example_dags/example_params_ui_tutorial.py
[2024-08-23T12:11:18.669+0000] {processor.py:925} INFO - DAG(s) 'example_params_ui_tutorial' retrieved from /home/airflow/.local/lib/python3.12/site-packages/airflow/example_dags/example_params_ui_tutorial.py
[2024-08-23T12:11:18.702+0000] {logging_mixin.py:190} INFO - [2024-08-23T12:11:18.701+0000] {dag.py:3211} INFO - Sync 1 DAGs
[2024-08-23T12:11:18.712+0000] {logging_mixin.py:190} INFO - [2024-08-23T12:11:18.711+0000] {dag.py:4138} INFO - Setting next_dagrun for example_params_ui_tutorial to None, run_after=None
[2024-08-23T12:11:18.738+0000] {processor.py:208} INFO - Processing /home/airflow/.local/lib/python3.12/site-packages/airflow/example_dags/example_params_ui_tutorial.py took 0.091 seconds
[2024-08-23T12:11:49.715+0000] {processor.py:186} INFO - Started process (PID=1115) to work on /home/airflow/.local/lib/python3.12/site-packages/airflow/example_dags/example_params_ui_tutorial.py
[2024-08-23T12:11:49.717+0000] {processor.py:914} INFO - Processing file /home/airflow/.local/lib/python3.12/site-packages/airflow/example_dags/example_params_ui_tutorial.py for tasks to queue
[2024-08-23T12:11:49.720+0000] {logging_mixin.py:190} INFO - [2024-08-23T12:11:49.719+0000] {dagbag.py:587} INFO - Filling up the DagBag from /home/airflow/.local/lib/python3.12/site-packages/airflow/example_dags/example_params_ui_tutorial.py
[2024-08-23T12:11:49.741+0000] {processor.py:925} INFO - DAG(s) 'example_params_ui_tutorial' retrieved from /home/airflow/.local/lib/python3.12/site-packages/airflow/example_dags/example_params_ui_tutorial.py
[2024-08-23T12:11:49.776+0000] {logging_mixin.py:190} INFO - [2024-08-23T12:11:49.776+0000] {dag.py:3211} INFO - Sync 1 DAGs
[2024-08-23T12:11:49.785+0000] {logging_mixin.py:190} INFO - [2024-08-23T12:11:49.785+0000] {dag.py:4138} INFO - Setting next_dagrun for example_params_ui_tutorial to None, run_after=None
[2024-08-23T12:11:49.798+0000] {processor.py:208} INFO - Processing /home/airflow/.local/lib/python3.12/site-packages/airflow/example_dags/example_params_ui_tutorial.py took 0.086 seconds
[2024-08-23T12:12:20.858+0000] {processor.py:186} INFO - Started process (PID=1177) to work on /home/airflow/.local/lib/python3.12/site-packages/airflow/example_dags/example_params_ui_tutorial.py
[2024-08-23T12:12:20.862+0000] {processor.py:914} INFO - Processing file /home/airflow/.local/lib/python3.12/site-packages/airflow/example_dags/example_params_ui_tutorial.py for tasks to queue
[2024-08-23T12:12:20.863+0000] {logging_mixin.py:190} INFO - [2024-08-23T12:12:20.863+0000] {dagbag.py:587} INFO - Filling up the DagBag from /home/airflow/.local/lib/python3.12/site-packages/airflow/example_dags/example_params_ui_tutorial.py
[2024-08-23T12:12:20.868+0000] {processor.py:925} INFO - DAG(s) 'example_params_ui_tutorial' retrieved from /home/airflow/.local/lib/python3.12/site-packages/airflow/example_dags/example_params_ui_tutorial.py
[2024-08-23T12:12:20.889+0000] {logging_mixin.py:190} INFO - [2024-08-23T12:12:20.888+0000] {dag.py:3211} INFO - Sync 1 DAGs
[2024-08-23T12:12:20.896+0000] {logging_mixin.py:190} INFO - [2024-08-23T12:12:20.896+0000] {dag.py:4138} INFO - Setting next_dagrun for example_params_ui_tutorial to None, run_after=None
[2024-08-23T12:12:20.910+0000] {processor.py:208} INFO - Processing /home/airflow/.local/lib/python3.12/site-packages/airflow/example_dags/example_params_ui_tutorial.py took 0.065 seconds
[2024-08-23T12:12:51.419+0000] {processor.py:186} INFO - Started process (PID=1239) to work on /home/airflow/.local/lib/python3.12/site-packages/airflow/example_dags/example_params_ui_tutorial.py
[2024-08-23T12:12:51.423+0000] {processor.py:914} INFO - Processing file /home/airflow/.local/lib/python3.12/site-packages/airflow/example_dags/example_params_ui_tutorial.py for tasks to queue
[2024-08-23T12:12:51.428+0000] {logging_mixin.py:190} INFO - [2024-08-23T12:12:51.428+0000] {dagbag.py:587} INFO - Filling up the DagBag from /home/airflow/.local/lib/python3.12/site-packages/airflow/example_dags/example_params_ui_tutorial.py
[2024-08-23T12:12:51.434+0000] {processor.py:925} INFO - DAG(s) 'example_params_ui_tutorial' retrieved from /home/airflow/.local/lib/python3.12/site-packages/airflow/example_dags/example_params_ui_tutorial.py
[2024-08-23T12:12:51.466+0000] {logging_mixin.py:190} INFO - [2024-08-23T12:12:51.466+0000] {dag.py:3211} INFO - Sync 1 DAGs
[2024-08-23T12:12:51.475+0000] {logging_mixin.py:190} INFO - [2024-08-23T12:12:51.475+0000] {dag.py:4138} INFO - Setting next_dagrun for example_params_ui_tutorial to None, run_after=None
[2024-08-23T12:12:51.488+0000] {processor.py:208} INFO - Processing /home/airflow/.local/lib/python3.12/site-packages/airflow/example_dags/example_params_ui_tutorial.py took 0.087 seconds
[2024-08-23T12:13:21.654+0000] {processor.py:186} INFO - Started process (PID=1301) to work on /home/airflow/.local/lib/python3.12/site-packages/airflow/example_dags/example_params_ui_tutorial.py
[2024-08-23T12:13:21.654+0000] {processor.py:914} INFO - Processing file /home/airflow/.local/lib/python3.12/site-packages/airflow/example_dags/example_params_ui_tutorial.py for tasks to queue
[2024-08-23T12:13:21.657+0000] {logging_mixin.py:190} INFO - [2024-08-23T12:13:21.657+0000] {dagbag.py:587} INFO - Filling up the DagBag from /home/airflow/.local/lib/python3.12/site-packages/airflow/example_dags/example_params_ui_tutorial.py
[2024-08-23T12:13:21.662+0000] {processor.py:925} INFO - DAG(s) 'example_params_ui_tutorial' retrieved from /home/airflow/.local/lib/python3.12/site-packages/airflow/example_dags/example_params_ui_tutorial.py
[2024-08-23T12:13:21.683+0000] {logging_mixin.py:190} INFO - [2024-08-23T12:13:21.683+0000] {dag.py:3211} INFO - Sync 1 DAGs
[2024-08-23T12:13:21.690+0000] {logging_mixin.py:190} INFO - [2024-08-23T12:13:21.690+0000] {dag.py:4138} INFO - Setting next_dagrun for example_params_ui_tutorial to None, run_after=None
[2024-08-23T12:13:21.697+0000] {processor.py:208} INFO - Processing /home/airflow/.local/lib/python3.12/site-packages/airflow/example_dags/example_params_ui_tutorial.py took 0.046 seconds
[2024-08-23T12:13:52.414+0000] {processor.py:186} INFO - Started process (PID=1363) to work on /home/airflow/.local/lib/python3.12/site-packages/airflow/example_dags/example_params_ui_tutorial.py
[2024-08-23T12:13:52.417+0000] {processor.py:914} INFO - Processing file /home/airflow/.local/lib/python3.12/site-packages/airflow/example_dags/example_params_ui_tutorial.py for tasks to queue
[2024-08-23T12:13:52.419+0000] {logging_mixin.py:190} INFO - [2024-08-23T12:13:52.418+0000] {dagbag.py:587} INFO - Filling up the DagBag from /home/airflow/.local/lib/python3.12/site-packages/airflow/example_dags/example_params_ui_tutorial.py
[2024-08-23T12:13:52.423+0000] {processor.py:925} INFO - DAG(s) 'example_params_ui_tutorial' retrieved from /home/airflow/.local/lib/python3.12/site-packages/airflow/example_dags/example_params_ui_tutorial.py
[2024-08-23T12:13:52.450+0000] {logging_mixin.py:190} INFO - [2024-08-23T12:13:52.450+0000] {dag.py:3211} INFO - Sync 1 DAGs
[2024-08-23T12:13:52.457+0000] {logging_mixin.py:190} INFO - [2024-08-23T12:13:52.457+0000] {dag.py:4138} INFO - Setting next_dagrun for example_params_ui_tutorial to None, run_after=None
[2024-08-23T12:13:52.478+0000] {processor.py:208} INFO - Processing /home/airflow/.local/lib/python3.12/site-packages/airflow/example_dags/example_params_ui_tutorial.py took 0.067 seconds
[2024-08-23T12:14:23.129+0000] {processor.py:186} INFO - Started process (PID=1425) to work on /home/airflow/.local/lib/python3.12/site-packages/airflow/example_dags/example_params_ui_tutorial.py
[2024-08-23T12:14:23.130+0000] {processor.py:914} INFO - Processing file /home/airflow/.local/lib/python3.12/site-packages/airflow/example_dags/example_params_ui_tutorial.py for tasks to queue
[2024-08-23T12:14:23.131+0000] {logging_mixin.py:190} INFO - [2024-08-23T12:14:23.131+0000] {dagbag.py:587} INFO - Filling up the DagBag from /home/airflow/.local/lib/python3.12/site-packages/airflow/example_dags/example_params_ui_tutorial.py
[2024-08-23T12:14:23.135+0000] {processor.py:925} INFO - DAG(s) 'example_params_ui_tutorial' retrieved from /home/airflow/.local/lib/python3.12/site-packages/airflow/example_dags/example_params_ui_tutorial.py
[2024-08-23T12:14:23.157+0000] {logging_mixin.py:190} INFO - [2024-08-23T12:14:23.157+0000] {dag.py:3211} INFO - Sync 1 DAGs
[2024-08-23T12:14:23.166+0000] {logging_mixin.py:190} INFO - [2024-08-23T12:14:23.166+0000] {dag.py:4138} INFO - Setting next_dagrun for example_params_ui_tutorial to None, run_after=None
[2024-08-23T12:14:23.176+0000] {processor.py:208} INFO - Processing /home/airflow/.local/lib/python3.12/site-packages/airflow/example_dags/example_params_ui_tutorial.py took 0.050 seconds
[2024-08-23T12:14:53.826+0000] {processor.py:186} INFO - Started process (PID=1487) to work on /home/airflow/.local/lib/python3.12/site-packages/airflow/example_dags/example_params_ui_tutorial.py
[2024-08-23T12:14:53.830+0000] {processor.py:914} INFO - Processing file /home/airflow/.local/lib/python3.12/site-packages/airflow/example_dags/example_params_ui_tutorial.py for tasks to queue
[2024-08-23T12:14:53.831+0000] {logging_mixin.py:190} INFO - [2024-08-23T12:14:53.831+0000] {dagbag.py:587} INFO - Filling up the DagBag from /home/airflow/.local/lib/python3.12/site-packages/airflow/example_dags/example_params_ui_tutorial.py
[2024-08-23T12:14:53.839+0000] {processor.py:925} INFO - DAG(s) 'example_params_ui_tutorial' retrieved from /home/airflow/.local/lib/python3.12/site-packages/airflow/example_dags/example_params_ui_tutorial.py
[2024-08-23T12:14:53.864+0000] {logging_mixin.py:190} INFO - [2024-08-23T12:14:53.863+0000] {dag.py:3211} INFO - Sync 1 DAGs
[2024-08-23T12:14:53.874+0000] {logging_mixin.py:190} INFO - [2024-08-23T12:14:53.874+0000] {dag.py:4138} INFO - Setting next_dagrun for example_params_ui_tutorial to None, run_after=None
[2024-08-23T12:14:53.883+0000] {processor.py:208} INFO - Processing /home/airflow/.local/lib/python3.12/site-packages/airflow/example_dags/example_params_ui_tutorial.py took 0.063 seconds
[2024-08-23T12:15:24.222+0000] {processor.py:186} INFO - Started process (PID=1549) to work on /home/airflow/.local/lib/python3.12/site-packages/airflow/example_dags/example_params_ui_tutorial.py
[2024-08-23T12:15:24.226+0000] {processor.py:914} INFO - Processing file /home/airflow/.local/lib/python3.12/site-packages/airflow/example_dags/example_params_ui_tutorial.py for tasks to queue
[2024-08-23T12:15:24.228+0000] {logging_mixin.py:190} INFO - [2024-08-23T12:15:24.228+0000] {dagbag.py:587} INFO - Filling up the DagBag from /home/airflow/.local/lib/python3.12/site-packages/airflow/example_dags/example_params_ui_tutorial.py
[2024-08-23T12:15:24.235+0000] {processor.py:925} INFO - DAG(s) 'example_params_ui_tutorial' retrieved from /home/airflow/.local/lib/python3.12/site-packages/airflow/example_dags/example_params_ui_tutorial.py
[2024-08-23T12:15:24.260+0000] {logging_mixin.py:190} INFO - [2024-08-23T12:15:24.260+0000] {dag.py:3211} INFO - Sync 1 DAGs
[2024-08-23T12:15:24.269+0000] {logging_mixin.py:190} INFO - [2024-08-23T12:15:24.269+0000] {dag.py:4138} INFO - Setting next_dagrun for example_params_ui_tutorial to None, run_after=None
[2024-08-23T12:15:24.277+0000] {processor.py:208} INFO - Processing /home/airflow/.local/lib/python3.12/site-packages/airflow/example_dags/example_params_ui_tutorial.py took 0.061 seconds
[2024-08-23T12:15:55.305+0000] {processor.py:186} INFO - Started process (PID=1611) to work on /home/airflow/.local/lib/python3.12/site-packages/airflow/example_dags/example_params_ui_tutorial.py
[2024-08-23T12:15:55.306+0000] {processor.py:914} INFO - Processing file /home/airflow/.local/lib/python3.12/site-packages/airflow/example_dags/example_params_ui_tutorial.py for tasks to queue
[2024-08-23T12:15:55.307+0000] {logging_mixin.py:190} INFO - [2024-08-23T12:15:55.307+0000] {dagbag.py:587} INFO - Filling up the DagBag from /home/airflow/.local/lib/python3.12/site-packages/airflow/example_dags/example_params_ui_tutorial.py
[2024-08-23T12:15:55.312+0000] {processor.py:925} INFO - DAG(s) 'example_params_ui_tutorial' retrieved from /home/airflow/.local/lib/python3.12/site-packages/airflow/example_dags/example_params_ui_tutorial.py
[2024-08-23T12:15:55.340+0000] {logging_mixin.py:190} INFO - [2024-08-23T12:15:55.340+0000] {dag.py:3211} INFO - Sync 1 DAGs
[2024-08-23T12:15:55.348+0000] {logging_mixin.py:190} INFO - [2024-08-23T12:15:55.347+0000] {dag.py:4138} INFO - Setting next_dagrun for example_params_ui_tutorial to None, run_after=None
[2024-08-23T12:15:55.359+0000] {processor.py:208} INFO - Processing /home/airflow/.local/lib/python3.12/site-packages/airflow/example_dags/example_params_ui_tutorial.py took 0.057 seconds
[2024-08-23T12:16:25.829+0000] {processor.py:186} INFO - Started process (PID=1673) to work on /home/airflow/.local/lib/python3.12/site-packages/airflow/example_dags/example_params_ui_tutorial.py
[2024-08-23T12:16:25.830+0000] {processor.py:914} INFO - Processing file /home/airflow/.local/lib/python3.12/site-packages/airflow/example_dags/example_params_ui_tutorial.py for tasks to queue
[2024-08-23T12:16:25.831+0000] {logging_mixin.py:190} INFO - [2024-08-23T12:16:25.831+0000] {dagbag.py:587} INFO - Filling up the DagBag from /home/airflow/.local/lib/python3.12/site-packages/airflow/example_dags/example_params_ui_tutorial.py
[2024-08-23T12:16:25.836+0000] {processor.py:925} INFO - DAG(s) 'example_params_ui_tutorial' retrieved from /home/airflow/.local/lib/python3.12/site-packages/airflow/example_dags/example_params_ui_tutorial.py
[2024-08-23T12:16:25.860+0000] {logging_mixin.py:190} INFO - [2024-08-23T12:16:25.860+0000] {dag.py:3211} INFO - Sync 1 DAGs
[2024-08-23T12:16:25.867+0000] {logging_mixin.py:190} INFO - [2024-08-23T12:16:25.867+0000] {dag.py:4138} INFO - Setting next_dagrun for example_params_ui_tutorial to None, run_after=None
[2024-08-23T12:16:25.878+0000] {processor.py:208} INFO - Processing /home/airflow/.local/lib/python3.12/site-packages/airflow/example_dags/example_params_ui_tutorial.py took 0.053 seconds
