[2024-08-23T12:03:12.605+0000] {processor.py:186} INFO - Started process (PID=98) to work on /home/airflow/.local/lib/python3.12/site-packages/airflow/example_dags/example_short_circuit_operator.py
[2024-08-23T12:03:12.610+0000] {processor.py:914} INFO - Processing file /home/airflow/.local/lib/python3.12/site-packages/airflow/example_dags/example_short_circuit_operator.py for tasks to queue
[2024-08-23T12:03:12.623+0000] {logging_mixin.py:190} INFO - [2024-08-23T12:03:12.622+0000] {dagbag.py:587} INFO - Filling up the DagBag from /home/airflow/.local/lib/python3.12/site-packages/airflow/example_dags/example_short_circuit_operator.py
[2024-08-23T12:03:12.652+0000] {processor.py:925} INFO - DAG(s) 'example_short_circuit_operator' retrieved from /home/airflow/.local/lib/python3.12/site-packages/airflow/example_dags/example_short_circuit_operator.py
[2024-08-23T12:03:12.946+0000] {logging_mixin.py:190} INFO - [2024-08-23T12:03:12.945+0000] {override.py:1858} INFO - Created Permission View: can read on DAG:example_short_circuit_operator
[2024-08-23T12:03:12.956+0000] {logging_mixin.py:190} INFO - [2024-08-23T12:03:12.955+0000] {override.py:1858} INFO - Created Permission View: can delete on DAG:example_short_circuit_operator
[2024-08-23T12:03:12.966+0000] {logging_mixin.py:190} INFO - [2024-08-23T12:03:12.965+0000] {override.py:1858} INFO - Created Permission View: can edit on DAG:example_short_circuit_operator
[2024-08-23T12:03:12.967+0000] {logging_mixin.py:190} INFO - [2024-08-23T12:03:12.967+0000] {dag.py:3211} INFO - Sync 1 DAGs
[2024-08-23T12:03:12.995+0000] {logging_mixin.py:190} INFO - [2024-08-23T12:03:12.994+0000] {dag.py:3234} INFO - Creating ORM DAG for example_short_circuit_operator
[2024-08-23T12:03:13.016+0000] {logging_mixin.py:190} INFO - [2024-08-23T12:03:13.015+0000] {dag.py:4138} INFO - Setting next_dagrun for example_short_circuit_operator to 2024-08-22 00:00:00+00:00, run_after=2024-08-23 00:00:00+00:00
[2024-08-23T12:03:13.043+0000] {processor.py:208} INFO - Processing /home/airflow/.local/lib/python3.12/site-packages/airflow/example_dags/example_short_circuit_operator.py took 0.448 seconds
[2024-08-23T12:03:44.092+0000] {processor.py:186} INFO - Started process (PID=160) to work on /home/airflow/.local/lib/python3.12/site-packages/airflow/example_dags/example_short_circuit_operator.py
[2024-08-23T12:03:44.101+0000] {processor.py:914} INFO - Processing file /home/airflow/.local/lib/python3.12/site-packages/airflow/example_dags/example_short_circuit_operator.py for tasks to queue
[2024-08-23T12:03:44.115+0000] {logging_mixin.py:190} INFO - [2024-08-23T12:03:44.114+0000] {dagbag.py:587} INFO - Filling up the DagBag from /home/airflow/.local/lib/python3.12/site-packages/airflow/example_dags/example_short_circuit_operator.py
[2024-08-23T12:03:44.157+0000] {processor.py:925} INFO - DAG(s) 'example_short_circuit_operator' retrieved from /home/airflow/.local/lib/python3.12/site-packages/airflow/example_dags/example_short_circuit_operator.py
[2024-08-23T12:03:44.227+0000] {logging_mixin.py:190} INFO - [2024-08-23T12:03:44.227+0000] {dag.py:3211} INFO - Sync 1 DAGs
[2024-08-23T12:03:44.255+0000] {logging_mixin.py:190} INFO - [2024-08-23T12:03:44.255+0000] {dag.py:4138} INFO - Setting next_dagrun for example_short_circuit_operator to 2024-08-22 00:00:00+00:00, run_after=2024-08-23 00:00:00+00:00
[2024-08-23T12:03:44.267+0000] {processor.py:208} INFO - Processing /home/airflow/.local/lib/python3.12/site-packages/airflow/example_dags/example_short_circuit_operator.py took 0.183 seconds
[2024-08-23T12:04:17.956+0000] {processor.py:186} INFO - Started process (PID=222) to work on /home/airflow/.local/lib/python3.12/site-packages/airflow/example_dags/example_short_circuit_operator.py
[2024-08-23T12:04:17.957+0000] {processor.py:914} INFO - Processing file /home/airflow/.local/lib/python3.12/site-packages/airflow/example_dags/example_short_circuit_operator.py for tasks to queue
[2024-08-23T12:04:17.960+0000] {logging_mixin.py:190} INFO - [2024-08-23T12:04:17.959+0000] {dagbag.py:587} INFO - Filling up the DagBag from /home/airflow/.local/lib/python3.12/site-packages/airflow/example_dags/example_short_circuit_operator.py
[2024-08-23T12:04:17.966+0000] {processor.py:925} INFO - DAG(s) 'example_short_circuit_operator' retrieved from /home/airflow/.local/lib/python3.12/site-packages/airflow/example_dags/example_short_circuit_operator.py
[2024-08-23T12:04:17.989+0000] {logging_mixin.py:190} INFO - [2024-08-23T12:04:17.989+0000] {dag.py:3211} INFO - Sync 1 DAGs
[2024-08-23T12:04:18.002+0000] {logging_mixin.py:190} INFO - [2024-08-23T12:04:18.002+0000] {dag.py:4138} INFO - Setting next_dagrun for example_short_circuit_operator to 2024-08-22 00:00:00+00:00, run_after=2024-08-23 00:00:00+00:00
[2024-08-23T12:04:18.013+0000] {processor.py:208} INFO - Processing /home/airflow/.local/lib/python3.12/site-packages/airflow/example_dags/example_short_circuit_operator.py took 0.062 seconds
[2024-08-23T12:05:02.340+0000] {processor.py:186} INFO - Started process (PID=289) to work on /home/airflow/.local/lib/python3.12/site-packages/airflow/example_dags/example_short_circuit_operator.py
[2024-08-23T12:05:02.345+0000] {processor.py:914} INFO - Processing file /home/airflow/.local/lib/python3.12/site-packages/airflow/example_dags/example_short_circuit_operator.py for tasks to queue
[2024-08-23T12:05:02.357+0000] {logging_mixin.py:190} INFO - [2024-08-23T12:05:02.356+0000] {dagbag.py:587} INFO - Filling up the DagBag from /home/airflow/.local/lib/python3.12/site-packages/airflow/example_dags/example_short_circuit_operator.py
[2024-08-23T12:05:02.394+0000] {processor.py:925} INFO - DAG(s) 'example_short_circuit_operator' retrieved from /home/airflow/.local/lib/python3.12/site-packages/airflow/example_dags/example_short_circuit_operator.py
[2024-08-23T12:05:02.466+0000] {logging_mixin.py:190} INFO - [2024-08-23T12:05:02.457+0000] {dag.py:3211} INFO - Sync 1 DAGs
[2024-08-23T12:05:02.621+0000] {logging_mixin.py:190} INFO - [2024-08-23T12:05:02.620+0000] {dag.py:4138} INFO - Setting next_dagrun for example_short_circuit_operator to 2024-08-22 00:00:00+00:00, run_after=2024-08-23 00:00:00+00:00
[2024-08-23T12:05:02.842+0000] {processor.py:208} INFO - Processing /home/airflow/.local/lib/python3.12/site-packages/airflow/example_dags/example_short_circuit_operator.py took 0.526 seconds
[2024-08-23T12:05:32.963+0000] {processor.py:186} INFO - Started process (PID=350) to work on /home/airflow/.local/lib/python3.12/site-packages/airflow/example_dags/example_short_circuit_operator.py
[2024-08-23T12:05:32.966+0000] {processor.py:914} INFO - Processing file /home/airflow/.local/lib/python3.12/site-packages/airflow/example_dags/example_short_circuit_operator.py for tasks to queue
[2024-08-23T12:05:32.968+0000] {logging_mixin.py:190} INFO - [2024-08-23T12:05:32.968+0000] {dagbag.py:587} INFO - Filling up the DagBag from /home/airflow/.local/lib/python3.12/site-packages/airflow/example_dags/example_short_circuit_operator.py
[2024-08-23T12:05:32.973+0000] {processor.py:925} INFO - DAG(s) 'example_short_circuit_operator' retrieved from /home/airflow/.local/lib/python3.12/site-packages/airflow/example_dags/example_short_circuit_operator.py
[2024-08-23T12:05:32.993+0000] {logging_mixin.py:190} INFO - [2024-08-23T12:05:32.992+0000] {dag.py:3211} INFO - Sync 1 DAGs
[2024-08-23T12:05:33.014+0000] {logging_mixin.py:190} INFO - [2024-08-23T12:05:33.014+0000] {dag.py:4138} INFO - Setting next_dagrun for example_short_circuit_operator to 2024-08-22 00:00:00+00:00, run_after=2024-08-23 00:00:00+00:00
[2024-08-23T12:05:33.023+0000] {processor.py:208} INFO - Processing /home/airflow/.local/lib/python3.12/site-packages/airflow/example_dags/example_short_circuit_operator.py took 0.065 seconds
[2024-08-23T12:06:03.772+0000] {processor.py:186} INFO - Started process (PID=412) to work on /home/airflow/.local/lib/python3.12/site-packages/airflow/example_dags/example_short_circuit_operator.py
[2024-08-23T12:06:03.775+0000] {processor.py:914} INFO - Processing file /home/airflow/.local/lib/python3.12/site-packages/airflow/example_dags/example_short_circuit_operator.py for tasks to queue
[2024-08-23T12:06:03.778+0000] {logging_mixin.py:190} INFO - [2024-08-23T12:06:03.777+0000] {dagbag.py:587} INFO - Filling up the DagBag from /home/airflow/.local/lib/python3.12/site-packages/airflow/example_dags/example_short_circuit_operator.py
[2024-08-23T12:06:03.799+0000] {processor.py:925} INFO - DAG(s) 'example_short_circuit_operator' retrieved from /home/airflow/.local/lib/python3.12/site-packages/airflow/example_dags/example_short_circuit_operator.py
[2024-08-23T12:06:03.820+0000] {logging_mixin.py:190} INFO - [2024-08-23T12:06:03.819+0000] {dag.py:3211} INFO - Sync 1 DAGs
[2024-08-23T12:06:03.842+0000] {logging_mixin.py:190} INFO - [2024-08-23T12:06:03.841+0000] {dag.py:4138} INFO - Setting next_dagrun for example_short_circuit_operator to 2024-08-22 00:00:00+00:00, run_after=2024-08-23 00:00:00+00:00
[2024-08-23T12:06:03.855+0000] {processor.py:208} INFO - Processing /home/airflow/.local/lib/python3.12/site-packages/airflow/example_dags/example_short_circuit_operator.py took 0.089 seconds
[2024-08-23T12:06:33.957+0000] {processor.py:186} INFO - Started process (PID=474) to work on /home/airflow/.local/lib/python3.12/site-packages/airflow/example_dags/example_short_circuit_operator.py
[2024-08-23T12:06:33.960+0000] {processor.py:914} INFO - Processing file /home/airflow/.local/lib/python3.12/site-packages/airflow/example_dags/example_short_circuit_operator.py for tasks to queue
[2024-08-23T12:06:33.962+0000] {logging_mixin.py:190} INFO - [2024-08-23T12:06:33.962+0000] {dagbag.py:587} INFO - Filling up the DagBag from /home/airflow/.local/lib/python3.12/site-packages/airflow/example_dags/example_short_circuit_operator.py
[2024-08-23T12:06:33.971+0000] {processor.py:925} INFO - DAG(s) 'example_short_circuit_operator' retrieved from /home/airflow/.local/lib/python3.12/site-packages/airflow/example_dags/example_short_circuit_operator.py
[2024-08-23T12:06:33.990+0000] {logging_mixin.py:190} INFO - [2024-08-23T12:06:33.990+0000] {dag.py:3211} INFO - Sync 1 DAGs
[2024-08-23T12:06:34.004+0000] {logging_mixin.py:190} INFO - [2024-08-23T12:06:34.004+0000] {dag.py:4138} INFO - Setting next_dagrun for example_short_circuit_operator to 2024-08-22 00:00:00+00:00, run_after=2024-08-23 00:00:00+00:00
[2024-08-23T12:06:34.014+0000] {processor.py:208} INFO - Processing /home/airflow/.local/lib/python3.12/site-packages/airflow/example_dags/example_short_circuit_operator.py took 0.061 seconds
[2024-08-23T12:07:04.263+0000] {processor.py:186} INFO - Started process (PID=534) to work on /home/airflow/.local/lib/python3.12/site-packages/airflow/example_dags/example_short_circuit_operator.py
[2024-08-23T12:07:04.265+0000] {processor.py:914} INFO - Processing file /home/airflow/.local/lib/python3.12/site-packages/airflow/example_dags/example_short_circuit_operator.py for tasks to queue
[2024-08-23T12:07:04.266+0000] {logging_mixin.py:190} INFO - [2024-08-23T12:07:04.266+0000] {dagbag.py:587} INFO - Filling up the DagBag from /home/airflow/.local/lib/python3.12/site-packages/airflow/example_dags/example_short_circuit_operator.py
[2024-08-23T12:07:04.271+0000] {processor.py:925} INFO - DAG(s) 'example_short_circuit_operator' retrieved from /home/airflow/.local/lib/python3.12/site-packages/airflow/example_dags/example_short_circuit_operator.py
[2024-08-23T12:07:04.286+0000] {logging_mixin.py:190} INFO - [2024-08-23T12:07:04.286+0000] {dag.py:3211} INFO - Sync 1 DAGs
[2024-08-23T12:07:04.299+0000] {logging_mixin.py:190} INFO - [2024-08-23T12:07:04.299+0000] {dag.py:4138} INFO - Setting next_dagrun for example_short_circuit_operator to 2024-08-22 00:00:00+00:00, run_after=2024-08-23 00:00:00+00:00
[2024-08-23T12:07:04.309+0000] {processor.py:208} INFO - Processing /home/airflow/.local/lib/python3.12/site-packages/airflow/example_dags/example_short_circuit_operator.py took 0.050 seconds
[2024-08-23T12:07:34.980+0000] {processor.py:186} INFO - Started process (PID=597) to work on /home/airflow/.local/lib/python3.12/site-packages/airflow/example_dags/example_short_circuit_operator.py
[2024-08-23T12:07:34.981+0000] {processor.py:914} INFO - Processing file /home/airflow/.local/lib/python3.12/site-packages/airflow/example_dags/example_short_circuit_operator.py for tasks to queue
[2024-08-23T12:07:34.982+0000] {logging_mixin.py:190} INFO - [2024-08-23T12:07:34.982+0000] {dagbag.py:587} INFO - Filling up the DagBag from /home/airflow/.local/lib/python3.12/site-packages/airflow/example_dags/example_short_circuit_operator.py
[2024-08-23T12:07:34.989+0000] {processor.py:925} INFO - DAG(s) 'example_short_circuit_operator' retrieved from /home/airflow/.local/lib/python3.12/site-packages/airflow/example_dags/example_short_circuit_operator.py
[2024-08-23T12:07:35.006+0000] {logging_mixin.py:190} INFO - [2024-08-23T12:07:35.006+0000] {dag.py:3211} INFO - Sync 1 DAGs
[2024-08-23T12:07:35.048+0000] {logging_mixin.py:190} INFO - [2024-08-23T12:07:35.045+0000] {dag.py:4138} INFO - Setting next_dagrun for example_short_circuit_operator to 2024-08-22 00:00:00+00:00, run_after=2024-08-23 00:00:00+00:00
[2024-08-23T12:07:35.075+0000] {processor.py:208} INFO - Processing /home/airflow/.local/lib/python3.12/site-packages/airflow/example_dags/example_short_circuit_operator.py took 0.099 seconds
[2024-08-23T12:08:05.761+0000] {processor.py:186} INFO - Started process (PID=659) to work on /home/airflow/.local/lib/python3.12/site-packages/airflow/example_dags/example_short_circuit_operator.py
[2024-08-23T12:08:05.763+0000] {processor.py:914} INFO - Processing file /home/airflow/.local/lib/python3.12/site-packages/airflow/example_dags/example_short_circuit_operator.py for tasks to queue
[2024-08-23T12:08:05.765+0000] {logging_mixin.py:190} INFO - [2024-08-23T12:08:05.765+0000] {dagbag.py:587} INFO - Filling up the DagBag from /home/airflow/.local/lib/python3.12/site-packages/airflow/example_dags/example_short_circuit_operator.py
[2024-08-23T12:08:05.772+0000] {processor.py:925} INFO - DAG(s) 'example_short_circuit_operator' retrieved from /home/airflow/.local/lib/python3.12/site-packages/airflow/example_dags/example_short_circuit_operator.py
[2024-08-23T12:08:05.786+0000] {logging_mixin.py:190} INFO - [2024-08-23T12:08:05.786+0000] {dag.py:3211} INFO - Sync 1 DAGs
[2024-08-23T12:08:05.796+0000] {logging_mixin.py:190} INFO - [2024-08-23T12:08:05.796+0000] {dag.py:4138} INFO - Setting next_dagrun for example_short_circuit_operator to 2024-08-22 00:00:00+00:00, run_after=2024-08-23 00:00:00+00:00
[2024-08-23T12:08:05.806+0000] {processor.py:208} INFO - Processing /home/airflow/.local/lib/python3.12/site-packages/airflow/example_dags/example_short_circuit_operator.py took 0.048 seconds
[2024-08-23T12:08:36.251+0000] {processor.py:186} INFO - Started process (PID=721) to work on /home/airflow/.local/lib/python3.12/site-packages/airflow/example_dags/example_short_circuit_operator.py
[2024-08-23T12:08:36.252+0000] {processor.py:914} INFO - Processing file /home/airflow/.local/lib/python3.12/site-packages/airflow/example_dags/example_short_circuit_operator.py for tasks to queue
[2024-08-23T12:08:36.253+0000] {logging_mixin.py:190} INFO - [2024-08-23T12:08:36.253+0000] {dagbag.py:587} INFO - Filling up the DagBag from /home/airflow/.local/lib/python3.12/site-packages/airflow/example_dags/example_short_circuit_operator.py
[2024-08-23T12:08:36.257+0000] {processor.py:925} INFO - DAG(s) 'example_short_circuit_operator' retrieved from /home/airflow/.local/lib/python3.12/site-packages/airflow/example_dags/example_short_circuit_operator.py
[2024-08-23T12:08:36.268+0000] {logging_mixin.py:190} INFO - [2024-08-23T12:08:36.268+0000] {dag.py:3211} INFO - Sync 1 DAGs
[2024-08-23T12:08:36.277+0000] {logging_mixin.py:190} INFO - [2024-08-23T12:08:36.277+0000] {dag.py:4138} INFO - Setting next_dagrun for example_short_circuit_operator to 2024-08-22 00:00:00+00:00, run_after=2024-08-23 00:00:00+00:00
[2024-08-23T12:08:36.284+0000] {processor.py:208} INFO - Processing /home/airflow/.local/lib/python3.12/site-packages/airflow/example_dags/example_short_circuit_operator.py took 0.036 seconds
[2024-08-23T12:09:06.514+0000] {processor.py:186} INFO - Started process (PID=783) to work on /home/airflow/.local/lib/python3.12/site-packages/airflow/example_dags/example_short_circuit_operator.py
[2024-08-23T12:09:06.515+0000] {processor.py:914} INFO - Processing file /home/airflow/.local/lib/python3.12/site-packages/airflow/example_dags/example_short_circuit_operator.py for tasks to queue
[2024-08-23T12:09:06.516+0000] {logging_mixin.py:190} INFO - [2024-08-23T12:09:06.516+0000] {dagbag.py:587} INFO - Filling up the DagBag from /home/airflow/.local/lib/python3.12/site-packages/airflow/example_dags/example_short_circuit_operator.py
[2024-08-23T12:09:06.521+0000] {processor.py:925} INFO - DAG(s) 'example_short_circuit_operator' retrieved from /home/airflow/.local/lib/python3.12/site-packages/airflow/example_dags/example_short_circuit_operator.py
[2024-08-23T12:09:06.535+0000] {logging_mixin.py:190} INFO - [2024-08-23T12:09:06.535+0000] {dag.py:3211} INFO - Sync 1 DAGs
[2024-08-23T12:09:06.548+0000] {logging_mixin.py:190} INFO - [2024-08-23T12:09:06.548+0000] {dag.py:4138} INFO - Setting next_dagrun for example_short_circuit_operator to 2024-08-22 00:00:00+00:00, run_after=2024-08-23 00:00:00+00:00
[2024-08-23T12:09:06.555+0000] {processor.py:208} INFO - Processing /home/airflow/.local/lib/python3.12/site-packages/airflow/example_dags/example_short_circuit_operator.py took 0.044 seconds
[2024-08-23T12:09:37.276+0000] {processor.py:186} INFO - Started process (PID=845) to work on /home/airflow/.local/lib/python3.12/site-packages/airflow/example_dags/example_short_circuit_operator.py
[2024-08-23T12:09:37.278+0000] {processor.py:914} INFO - Processing file /home/airflow/.local/lib/python3.12/site-packages/airflow/example_dags/example_short_circuit_operator.py for tasks to queue
[2024-08-23T12:09:37.281+0000] {logging_mixin.py:190} INFO - [2024-08-23T12:09:37.281+0000] {dagbag.py:587} INFO - Filling up the DagBag from /home/airflow/.local/lib/python3.12/site-packages/airflow/example_dags/example_short_circuit_operator.py
[2024-08-23T12:09:37.285+0000] {processor.py:925} INFO - DAG(s) 'example_short_circuit_operator' retrieved from /home/airflow/.local/lib/python3.12/site-packages/airflow/example_dags/example_short_circuit_operator.py
[2024-08-23T12:09:37.300+0000] {logging_mixin.py:190} INFO - [2024-08-23T12:09:37.300+0000] {dag.py:3211} INFO - Sync 1 DAGs
[2024-08-23T12:09:37.311+0000] {logging_mixin.py:190} INFO - [2024-08-23T12:09:37.311+0000] {dag.py:4138} INFO - Setting next_dagrun for example_short_circuit_operator to 2024-08-22 00:00:00+00:00, run_after=2024-08-23 00:00:00+00:00
[2024-08-23T12:09:37.317+0000] {processor.py:208} INFO - Processing /home/airflow/.local/lib/python3.12/site-packages/airflow/example_dags/example_short_circuit_operator.py took 0.046 seconds
[2024-08-23T12:10:08.169+0000] {processor.py:186} INFO - Started process (PID=907) to work on /home/airflow/.local/lib/python3.12/site-packages/airflow/example_dags/example_short_circuit_operator.py
[2024-08-23T12:10:08.170+0000] {processor.py:914} INFO - Processing file /home/airflow/.local/lib/python3.12/site-packages/airflow/example_dags/example_short_circuit_operator.py for tasks to queue
[2024-08-23T12:10:08.171+0000] {logging_mixin.py:190} INFO - [2024-08-23T12:10:08.171+0000] {dagbag.py:587} INFO - Filling up the DagBag from /home/airflow/.local/lib/python3.12/site-packages/airflow/example_dags/example_short_circuit_operator.py
[2024-08-23T12:10:08.177+0000] {processor.py:925} INFO - DAG(s) 'example_short_circuit_operator' retrieved from /home/airflow/.local/lib/python3.12/site-packages/airflow/example_dags/example_short_circuit_operator.py
[2024-08-23T12:10:08.190+0000] {logging_mixin.py:190} INFO - [2024-08-23T12:10:08.190+0000] {dag.py:3211} INFO - Sync 1 DAGs
[2024-08-23T12:10:08.199+0000] {logging_mixin.py:190} INFO - [2024-08-23T12:10:08.199+0000] {dag.py:4138} INFO - Setting next_dagrun for example_short_circuit_operator to 2024-08-22 00:00:00+00:00, run_after=2024-08-23 00:00:00+00:00
[2024-08-23T12:10:08.207+0000] {processor.py:208} INFO - Processing /home/airflow/.local/lib/python3.12/site-packages/airflow/example_dags/example_short_circuit_operator.py took 0.045 seconds
[2024-08-23T12:10:39.042+0000] {processor.py:186} INFO - Started process (PID=969) to work on /home/airflow/.local/lib/python3.12/site-packages/airflow/example_dags/example_short_circuit_operator.py
[2024-08-23T12:10:39.044+0000] {processor.py:914} INFO - Processing file /home/airflow/.local/lib/python3.12/site-packages/airflow/example_dags/example_short_circuit_operator.py for tasks to queue
[2024-08-23T12:10:39.046+0000] {logging_mixin.py:190} INFO - [2024-08-23T12:10:39.046+0000] {dagbag.py:587} INFO - Filling up the DagBag from /home/airflow/.local/lib/python3.12/site-packages/airflow/example_dags/example_short_circuit_operator.py
[2024-08-23T12:10:39.052+0000] {processor.py:925} INFO - DAG(s) 'example_short_circuit_operator' retrieved from /home/airflow/.local/lib/python3.12/site-packages/airflow/example_dags/example_short_circuit_operator.py
[2024-08-23T12:10:39.066+0000] {logging_mixin.py:190} INFO - [2024-08-23T12:10:39.066+0000] {dag.py:3211} INFO - Sync 1 DAGs
[2024-08-23T12:10:39.078+0000] {logging_mixin.py:190} INFO - [2024-08-23T12:10:39.078+0000] {dag.py:4138} INFO - Setting next_dagrun for example_short_circuit_operator to 2024-08-22 00:00:00+00:00, run_after=2024-08-23 00:00:00+00:00
[2024-08-23T12:10:39.087+0000] {processor.py:208} INFO - Processing /home/airflow/.local/lib/python3.12/site-packages/airflow/example_dags/example_short_circuit_operator.py took 0.053 seconds
[2024-08-23T12:11:09.289+0000] {processor.py:186} INFO - Started process (PID=1031) to work on /home/airflow/.local/lib/python3.12/site-packages/airflow/example_dags/example_short_circuit_operator.py
[2024-08-23T12:11:09.289+0000] {processor.py:914} INFO - Processing file /home/airflow/.local/lib/python3.12/site-packages/airflow/example_dags/example_short_circuit_operator.py for tasks to queue
[2024-08-23T12:11:09.291+0000] {logging_mixin.py:190} INFO - [2024-08-23T12:11:09.291+0000] {dagbag.py:587} INFO - Filling up the DagBag from /home/airflow/.local/lib/python3.12/site-packages/airflow/example_dags/example_short_circuit_operator.py
[2024-08-23T12:11:09.295+0000] {processor.py:925} INFO - DAG(s) 'example_short_circuit_operator' retrieved from /home/airflow/.local/lib/python3.12/site-packages/airflow/example_dags/example_short_circuit_operator.py
[2024-08-23T12:11:09.309+0000] {logging_mixin.py:190} INFO - [2024-08-23T12:11:09.309+0000] {dag.py:3211} INFO - Sync 1 DAGs
[2024-08-23T12:11:09.320+0000] {logging_mixin.py:190} INFO - [2024-08-23T12:11:09.320+0000] {dag.py:4138} INFO - Setting next_dagrun for example_short_circuit_operator to 2024-08-22 00:00:00+00:00, run_after=2024-08-23 00:00:00+00:00
[2024-08-23T12:11:09.328+0000] {processor.py:208} INFO - Processing /home/airflow/.local/lib/python3.12/site-packages/airflow/example_dags/example_short_circuit_operator.py took 0.042 seconds
[2024-08-23T12:11:40.125+0000] {processor.py:186} INFO - Started process (PID=1093) to work on /home/airflow/.local/lib/python3.12/site-packages/airflow/example_dags/example_short_circuit_operator.py
[2024-08-23T12:11:40.131+0000] {processor.py:914} INFO - Processing file /home/airflow/.local/lib/python3.12/site-packages/airflow/example_dags/example_short_circuit_operator.py for tasks to queue
[2024-08-23T12:11:40.135+0000] {logging_mixin.py:190} INFO - [2024-08-23T12:11:40.135+0000] {dagbag.py:587} INFO - Filling up the DagBag from /home/airflow/.local/lib/python3.12/site-packages/airflow/example_dags/example_short_circuit_operator.py
[2024-08-23T12:11:40.141+0000] {processor.py:925} INFO - DAG(s) 'example_short_circuit_operator' retrieved from /home/airflow/.local/lib/python3.12/site-packages/airflow/example_dags/example_short_circuit_operator.py
[2024-08-23T12:11:40.156+0000] {logging_mixin.py:190} INFO - [2024-08-23T12:11:40.156+0000] {dag.py:3211} INFO - Sync 1 DAGs
[2024-08-23T12:11:40.167+0000] {logging_mixin.py:190} INFO - [2024-08-23T12:11:40.167+0000] {dag.py:4138} INFO - Setting next_dagrun for example_short_circuit_operator to 2024-08-22 00:00:00+00:00, run_after=2024-08-23 00:00:00+00:00
[2024-08-23T12:11:40.174+0000] {processor.py:208} INFO - Processing /home/airflow/.local/lib/python3.12/site-packages/airflow/example_dags/example_short_circuit_operator.py took 0.062 seconds
[2024-08-23T12:12:11.181+0000] {processor.py:186} INFO - Started process (PID=1155) to work on /home/airflow/.local/lib/python3.12/site-packages/airflow/example_dags/example_short_circuit_operator.py
[2024-08-23T12:12:11.183+0000] {processor.py:914} INFO - Processing file /home/airflow/.local/lib/python3.12/site-packages/airflow/example_dags/example_short_circuit_operator.py for tasks to queue
[2024-08-23T12:12:11.184+0000] {logging_mixin.py:190} INFO - [2024-08-23T12:12:11.184+0000] {dagbag.py:587} INFO - Filling up the DagBag from /home/airflow/.local/lib/python3.12/site-packages/airflow/example_dags/example_short_circuit_operator.py
[2024-08-23T12:12:11.190+0000] {processor.py:925} INFO - DAG(s) 'example_short_circuit_operator' retrieved from /home/airflow/.local/lib/python3.12/site-packages/airflow/example_dags/example_short_circuit_operator.py
[2024-08-23T12:12:11.210+0000] {logging_mixin.py:190} INFO - [2024-08-23T12:12:11.210+0000] {dag.py:3211} INFO - Sync 1 DAGs
[2024-08-23T12:12:11.221+0000] {logging_mixin.py:190} INFO - [2024-08-23T12:12:11.220+0000] {dag.py:4138} INFO - Setting next_dagrun for example_short_circuit_operator to 2024-08-22 00:00:00+00:00, run_after=2024-08-23 00:00:00+00:00
[2024-08-23T12:12:11.227+0000] {processor.py:208} INFO - Processing /home/airflow/.local/lib/python3.12/site-packages/airflow/example_dags/example_short_circuit_operator.py took 0.049 seconds
[2024-08-23T12:12:41.970+0000] {processor.py:186} INFO - Started process (PID=1217) to work on /home/airflow/.local/lib/python3.12/site-packages/airflow/example_dags/example_short_circuit_operator.py
[2024-08-23T12:12:41.974+0000] {processor.py:914} INFO - Processing file /home/airflow/.local/lib/python3.12/site-packages/airflow/example_dags/example_short_circuit_operator.py for tasks to queue
[2024-08-23T12:12:41.975+0000] {logging_mixin.py:190} INFO - [2024-08-23T12:12:41.975+0000] {dagbag.py:587} INFO - Filling up the DagBag from /home/airflow/.local/lib/python3.12/site-packages/airflow/example_dags/example_short_circuit_operator.py
[2024-08-23T12:12:41.982+0000] {processor.py:925} INFO - DAG(s) 'example_short_circuit_operator' retrieved from /home/airflow/.local/lib/python3.12/site-packages/airflow/example_dags/example_short_circuit_operator.py
[2024-08-23T12:12:42.000+0000] {logging_mixin.py:190} INFO - [2024-08-23T12:12:42.000+0000] {dag.py:3211} INFO - Sync 1 DAGs
[2024-08-23T12:12:42.010+0000] {logging_mixin.py:190} INFO - [2024-08-23T12:12:42.010+0000] {dag.py:4138} INFO - Setting next_dagrun for example_short_circuit_operator to 2024-08-22 00:00:00+00:00, run_after=2024-08-23 00:00:00+00:00
[2024-08-23T12:12:42.017+0000] {processor.py:208} INFO - Processing /home/airflow/.local/lib/python3.12/site-packages/airflow/example_dags/example_short_circuit_operator.py took 0.056 seconds
[2024-08-23T12:13:12.393+0000] {processor.py:186} INFO - Started process (PID=1279) to work on /home/airflow/.local/lib/python3.12/site-packages/airflow/example_dags/example_short_circuit_operator.py
[2024-08-23T12:13:12.396+0000] {processor.py:914} INFO - Processing file /home/airflow/.local/lib/python3.12/site-packages/airflow/example_dags/example_short_circuit_operator.py for tasks to queue
[2024-08-23T12:13:12.397+0000] {logging_mixin.py:190} INFO - [2024-08-23T12:13:12.397+0000] {dagbag.py:587} INFO - Filling up the DagBag from /home/airflow/.local/lib/python3.12/site-packages/airflow/example_dags/example_short_circuit_operator.py
[2024-08-23T12:13:12.402+0000] {processor.py:925} INFO - DAG(s) 'example_short_circuit_operator' retrieved from /home/airflow/.local/lib/python3.12/site-packages/airflow/example_dags/example_short_circuit_operator.py
[2024-08-23T12:13:12.413+0000] {logging_mixin.py:190} INFO - [2024-08-23T12:13:12.413+0000] {dag.py:3211} INFO - Sync 1 DAGs
[2024-08-23T12:13:12.423+0000] {logging_mixin.py:190} INFO - [2024-08-23T12:13:12.423+0000] {dag.py:4138} INFO - Setting next_dagrun for example_short_circuit_operator to 2024-08-22 00:00:00+00:00, run_after=2024-08-23 00:00:00+00:00
[2024-08-23T12:13:12.430+0000] {processor.py:208} INFO - Processing /home/airflow/.local/lib/python3.12/site-packages/airflow/example_dags/example_short_circuit_operator.py took 0.040 seconds
[2024-08-23T12:13:42.975+0000] {processor.py:186} INFO - Started process (PID=1341) to work on /home/airflow/.local/lib/python3.12/site-packages/airflow/example_dags/example_short_circuit_operator.py
[2024-08-23T12:13:42.976+0000] {processor.py:914} INFO - Processing file /home/airflow/.local/lib/python3.12/site-packages/airflow/example_dags/example_short_circuit_operator.py for tasks to queue
[2024-08-23T12:13:42.978+0000] {logging_mixin.py:190} INFO - [2024-08-23T12:13:42.977+0000] {dagbag.py:587} INFO - Filling up the DagBag from /home/airflow/.local/lib/python3.12/site-packages/airflow/example_dags/example_short_circuit_operator.py
[2024-08-23T12:13:42.982+0000] {processor.py:925} INFO - DAG(s) 'example_short_circuit_operator' retrieved from /home/airflow/.local/lib/python3.12/site-packages/airflow/example_dags/example_short_circuit_operator.py
[2024-08-23T12:13:42.993+0000] {logging_mixin.py:190} INFO - [2024-08-23T12:13:42.993+0000] {dag.py:3211} INFO - Sync 1 DAGs
[2024-08-23T12:13:43.003+0000] {logging_mixin.py:190} INFO - [2024-08-23T12:13:43.003+0000] {dag.py:4138} INFO - Setting next_dagrun for example_short_circuit_operator to 2024-08-22 00:00:00+00:00, run_after=2024-08-23 00:00:00+00:00
[2024-08-23T12:13:43.009+0000] {processor.py:208} INFO - Processing /home/airflow/.local/lib/python3.12/site-packages/airflow/example_dags/example_short_circuit_operator.py took 0.040 seconds
[2024-08-23T12:14:13.142+0000] {processor.py:186} INFO - Started process (PID=1403) to work on /home/airflow/.local/lib/python3.12/site-packages/airflow/example_dags/example_short_circuit_operator.py
[2024-08-23T12:14:13.146+0000] {processor.py:914} INFO - Processing file /home/airflow/.local/lib/python3.12/site-packages/airflow/example_dags/example_short_circuit_operator.py for tasks to queue
[2024-08-23T12:14:13.147+0000] {logging_mixin.py:190} INFO - [2024-08-23T12:14:13.147+0000] {dagbag.py:587} INFO - Filling up the DagBag from /home/airflow/.local/lib/python3.12/site-packages/airflow/example_dags/example_short_circuit_operator.py
[2024-08-23T12:14:13.152+0000] {processor.py:925} INFO - DAG(s) 'example_short_circuit_operator' retrieved from /home/airflow/.local/lib/python3.12/site-packages/airflow/example_dags/example_short_circuit_operator.py
[2024-08-23T12:14:13.169+0000] {logging_mixin.py:190} INFO - [2024-08-23T12:14:13.169+0000] {dag.py:3211} INFO - Sync 1 DAGs
[2024-08-23T12:14:13.179+0000] {logging_mixin.py:190} INFO - [2024-08-23T12:14:13.179+0000] {dag.py:4138} INFO - Setting next_dagrun for example_short_circuit_operator to 2024-08-22 00:00:00+00:00, run_after=2024-08-23 00:00:00+00:00
[2024-08-23T12:14:13.186+0000] {processor.py:208} INFO - Processing /home/airflow/.local/lib/python3.12/site-packages/airflow/example_dags/example_short_circuit_operator.py took 0.051 seconds
[2024-08-23T12:14:43.753+0000] {processor.py:186} INFO - Started process (PID=1465) to work on /home/airflow/.local/lib/python3.12/site-packages/airflow/example_dags/example_short_circuit_operator.py
[2024-08-23T12:14:43.754+0000] {processor.py:914} INFO - Processing file /home/airflow/.local/lib/python3.12/site-packages/airflow/example_dags/example_short_circuit_operator.py for tasks to queue
[2024-08-23T12:14:43.755+0000] {logging_mixin.py:190} INFO - [2024-08-23T12:14:43.755+0000] {dagbag.py:587} INFO - Filling up the DagBag from /home/airflow/.local/lib/python3.12/site-packages/airflow/example_dags/example_short_circuit_operator.py
[2024-08-23T12:14:43.760+0000] {processor.py:925} INFO - DAG(s) 'example_short_circuit_operator' retrieved from /home/airflow/.local/lib/python3.12/site-packages/airflow/example_dags/example_short_circuit_operator.py
[2024-08-23T12:14:43.770+0000] {logging_mixin.py:190} INFO - [2024-08-23T12:14:43.770+0000] {dag.py:3211} INFO - Sync 1 DAGs
[2024-08-23T12:14:43.780+0000] {logging_mixin.py:190} INFO - [2024-08-23T12:14:43.780+0000] {dag.py:4138} INFO - Setting next_dagrun for example_short_circuit_operator to 2024-08-22 00:00:00+00:00, run_after=2024-08-23 00:00:00+00:00
[2024-08-23T12:14:43.786+0000] {processor.py:208} INFO - Processing /home/airflow/.local/lib/python3.12/site-packages/airflow/example_dags/example_short_circuit_operator.py took 0.036 seconds
[2024-08-23T12:15:14.649+0000] {processor.py:186} INFO - Started process (PID=1526) to work on /home/airflow/.local/lib/python3.12/site-packages/airflow/example_dags/example_short_circuit_operator.py
[2024-08-23T12:15:14.651+0000] {processor.py:914} INFO - Processing file /home/airflow/.local/lib/python3.12/site-packages/airflow/example_dags/example_short_circuit_operator.py for tasks to queue
[2024-08-23T12:15:14.651+0000] {logging_mixin.py:190} INFO - [2024-08-23T12:15:14.651+0000] {dagbag.py:587} INFO - Filling up the DagBag from /home/airflow/.local/lib/python3.12/site-packages/airflow/example_dags/example_short_circuit_operator.py
[2024-08-23T12:15:14.656+0000] {processor.py:925} INFO - DAG(s) 'example_short_circuit_operator' retrieved from /home/airflow/.local/lib/python3.12/site-packages/airflow/example_dags/example_short_circuit_operator.py
[2024-08-23T12:15:14.672+0000] {logging_mixin.py:190} INFO - [2024-08-23T12:15:14.672+0000] {dag.py:3211} INFO - Sync 1 DAGs
[2024-08-23T12:15:14.682+0000] {logging_mixin.py:190} INFO - [2024-08-23T12:15:14.682+0000] {dag.py:4138} INFO - Setting next_dagrun for example_short_circuit_operator to 2024-08-22 00:00:00+00:00, run_after=2024-08-23 00:00:00+00:00
[2024-08-23T12:15:14.688+0000] {processor.py:208} INFO - Processing /home/airflow/.local/lib/python3.12/site-packages/airflow/example_dags/example_short_circuit_operator.py took 0.042 seconds
[2024-08-23T12:15:44.961+0000] {processor.py:186} INFO - Started process (PID=1589) to work on /home/airflow/.local/lib/python3.12/site-packages/airflow/example_dags/example_short_circuit_operator.py
[2024-08-23T12:15:44.964+0000] {processor.py:914} INFO - Processing file /home/airflow/.local/lib/python3.12/site-packages/airflow/example_dags/example_short_circuit_operator.py for tasks to queue
[2024-08-23T12:15:44.967+0000] {logging_mixin.py:190} INFO - [2024-08-23T12:15:44.967+0000] {dagbag.py:587} INFO - Filling up the DagBag from /home/airflow/.local/lib/python3.12/site-packages/airflow/example_dags/example_short_circuit_operator.py
[2024-08-23T12:15:44.971+0000] {processor.py:925} INFO - DAG(s) 'example_short_circuit_operator' retrieved from /home/airflow/.local/lib/python3.12/site-packages/airflow/example_dags/example_short_circuit_operator.py
[2024-08-23T12:15:44.988+0000] {logging_mixin.py:190} INFO - [2024-08-23T12:15:44.988+0000] {dag.py:3211} INFO - Sync 1 DAGs
[2024-08-23T12:15:44.998+0000] {logging_mixin.py:190} INFO - [2024-08-23T12:15:44.998+0000] {dag.py:4138} INFO - Setting next_dagrun for example_short_circuit_operator to 2024-08-22 00:00:00+00:00, run_after=2024-08-23 00:00:00+00:00
[2024-08-23T12:15:45.005+0000] {processor.py:208} INFO - Processing /home/airflow/.local/lib/python3.12/site-packages/airflow/example_dags/example_short_circuit_operator.py took 0.048 seconds
[2024-08-23T12:16:15.294+0000] {processor.py:186} INFO - Started process (PID=1651) to work on /home/airflow/.local/lib/python3.12/site-packages/airflow/example_dags/example_short_circuit_operator.py
[2024-08-23T12:16:15.294+0000] {processor.py:914} INFO - Processing file /home/airflow/.local/lib/python3.12/site-packages/airflow/example_dags/example_short_circuit_operator.py for tasks to queue
[2024-08-23T12:16:15.295+0000] {logging_mixin.py:190} INFO - [2024-08-23T12:16:15.295+0000] {dagbag.py:587} INFO - Filling up the DagBag from /home/airflow/.local/lib/python3.12/site-packages/airflow/example_dags/example_short_circuit_operator.py
[2024-08-23T12:16:15.300+0000] {processor.py:925} INFO - DAG(s) 'example_short_circuit_operator' retrieved from /home/airflow/.local/lib/python3.12/site-packages/airflow/example_dags/example_short_circuit_operator.py
[2024-08-23T12:16:15.314+0000] {logging_mixin.py:190} INFO - [2024-08-23T12:16:15.314+0000] {dag.py:3211} INFO - Sync 1 DAGs
[2024-08-23T12:16:15.331+0000] {logging_mixin.py:190} INFO - [2024-08-23T12:16:15.331+0000] {dag.py:4138} INFO - Setting next_dagrun for example_short_circuit_operator to 2024-08-22 00:00:00+00:00, run_after=2024-08-23 00:00:00+00:00
[2024-08-23T12:16:15.346+0000] {processor.py:208} INFO - Processing /home/airflow/.local/lib/python3.12/site-packages/airflow/example_dags/example_short_circuit_operator.py took 0.055 seconds
[2024-08-23T12:16:45.640+0000] {processor.py:186} INFO - Started process (PID=1713) to work on /home/airflow/.local/lib/python3.12/site-packages/airflow/example_dags/example_short_circuit_operator.py
[2024-08-23T12:16:45.641+0000] {processor.py:914} INFO - Processing file /home/airflow/.local/lib/python3.12/site-packages/airflow/example_dags/example_short_circuit_operator.py for tasks to queue
[2024-08-23T12:16:45.643+0000] {logging_mixin.py:190} INFO - [2024-08-23T12:16:45.642+0000] {dagbag.py:587} INFO - Filling up the DagBag from /home/airflow/.local/lib/python3.12/site-packages/airflow/example_dags/example_short_circuit_operator.py
[2024-08-23T12:16:45.648+0000] {processor.py:925} INFO - DAG(s) 'example_short_circuit_operator' retrieved from /home/airflow/.local/lib/python3.12/site-packages/airflow/example_dags/example_short_circuit_operator.py
[2024-08-23T12:16:45.664+0000] {logging_mixin.py:190} INFO - [2024-08-23T12:16:45.664+0000] {dag.py:3211} INFO - Sync 1 DAGs
[2024-08-23T12:16:45.676+0000] {logging_mixin.py:190} INFO - [2024-08-23T12:16:45.675+0000] {dag.py:4138} INFO - Setting next_dagrun for example_short_circuit_operator to 2024-08-22 00:00:00+00:00, run_after=2024-08-23 00:00:00+00:00
[2024-08-23T12:16:45.683+0000] {processor.py:208} INFO - Processing /home/airflow/.local/lib/python3.12/site-packages/airflow/example_dags/example_short_circuit_operator.py took 0.047 seconds
