[2024-08-23T12:03:22.449+0000] {processor.py:186} INFO - Started process (PID=128) to work on /home/airflow/.local/lib/python3.12/site-packages/airflow/example_dags/example_params_trigger_ui.py
[2024-08-23T12:03:22.450+0000] {processor.py:914} INFO - Processing file /home/airflow/.local/lib/python3.12/site-packages/airflow/example_dags/example_params_trigger_ui.py for tasks to queue
[2024-08-23T12:03:22.451+0000] {logging_mixin.py:190} INFO - [2024-08-23T12:03:22.451+0000] {dagbag.py:587} INFO - Filling up the DagBag from /home/airflow/.local/lib/python3.12/site-packages/airflow/example_dags/example_params_trigger_ui.py
[2024-08-23T12:03:22.470+0000] {processor.py:925} INFO - DAG(s) 'example_params_trigger_ui' retrieved from /home/airflow/.local/lib/python3.12/site-packages/airflow/example_dags/example_params_trigger_ui.py
[2024-08-23T12:03:22.677+0000] {logging_mixin.py:190} INFO - [2024-08-23T12:03:22.675+0000] {override.py:1858} INFO - Created Permission View: can read on DAG:example_params_trigger_ui
[2024-08-23T12:03:22.699+0000] {logging_mixin.py:190} INFO - [2024-08-23T12:03:22.698+0000] {override.py:1858} INFO - Created Permission View: can delete on DAG:example_params_trigger_ui
[2024-08-23T12:03:22.707+0000] {logging_mixin.py:190} INFO - [2024-08-23T12:03:22.707+0000] {override.py:1858} INFO - Created Permission View: can edit on DAG:example_params_trigger_ui
[2024-08-23T12:03:22.707+0000] {logging_mixin.py:190} INFO - [2024-08-23T12:03:22.707+0000] {dag.py:3211} INFO - Sync 1 DAGs
[2024-08-23T12:03:22.715+0000] {logging_mixin.py:190} INFO - [2024-08-23T12:03:22.715+0000] {dag.py:3234} INFO - Creating ORM DAG for example_params_trigger_ui
[2024-08-23T12:03:22.715+0000] {logging_mixin.py:190} INFO - [2024-08-23T12:03:22.715+0000] {dag.py:4138} INFO - Setting next_dagrun for example_params_trigger_ui to None, run_after=None
[2024-08-23T12:03:22.821+0000] {processor.py:208} INFO - Processing /home/airflow/.local/lib/python3.12/site-packages/airflow/example_dags/example_params_trigger_ui.py took 0.292 seconds
[2024-08-23T12:03:55.128+0000] {processor.py:186} INFO - Started process (PID=196) to work on /home/airflow/.local/lib/python3.12/site-packages/airflow/example_dags/example_params_trigger_ui.py
[2024-08-23T12:03:55.128+0000] {processor.py:914} INFO - Processing file /home/airflow/.local/lib/python3.12/site-packages/airflow/example_dags/example_params_trigger_ui.py for tasks to queue
[2024-08-23T12:03:55.130+0000] {logging_mixin.py:190} INFO - [2024-08-23T12:03:55.129+0000] {dagbag.py:587} INFO - Filling up the DagBag from /home/airflow/.local/lib/python3.12/site-packages/airflow/example_dags/example_params_trigger_ui.py
[2024-08-23T12:03:55.183+0000] {processor.py:925} INFO - DAG(s) 'example_params_trigger_ui' retrieved from /home/airflow/.local/lib/python3.12/site-packages/airflow/example_dags/example_params_trigger_ui.py
[2024-08-23T12:03:55.255+0000] {logging_mixin.py:190} INFO - [2024-08-23T12:03:55.255+0000] {dag.py:3211} INFO - Sync 1 DAGs
[2024-08-23T12:03:55.266+0000] {logging_mixin.py:190} INFO - [2024-08-23T12:03:55.266+0000] {dag.py:4138} INFO - Setting next_dagrun for example_params_trigger_ui to None, run_after=None
[2024-08-23T12:03:55.286+0000] {processor.py:208} INFO - Processing /home/airflow/.local/lib/python3.12/site-packages/airflow/example_dags/example_params_trigger_ui.py took 0.161 seconds
[2024-08-23T12:04:51.058+0000] {processor.py:186} INFO - Started process (PID=264) to work on /home/airflow/.local/lib/python3.12/site-packages/airflow/example_dags/example_params_trigger_ui.py
[2024-08-23T12:04:51.132+0000] {processor.py:914} INFO - Processing file /home/airflow/.local/lib/python3.12/site-packages/airflow/example_dags/example_params_trigger_ui.py for tasks to queue
[2024-08-23T12:04:51.304+0000] {logging_mixin.py:190} INFO - [2024-08-23T12:04:51.298+0000] {dagbag.py:587} INFO - Filling up the DagBag from /home/airflow/.local/lib/python3.12/site-packages/airflow/example_dags/example_params_trigger_ui.py
[2024-08-23T12:04:51.504+0000] {processor.py:925} INFO - DAG(s) 'example_params_trigger_ui' retrieved from /home/airflow/.local/lib/python3.12/site-packages/airflow/example_dags/example_params_trigger_ui.py
[2024-08-23T12:04:51.668+0000] {logging_mixin.py:190} INFO - [2024-08-23T12:04:51.667+0000] {dag.py:3211} INFO - Sync 1 DAGs
[2024-08-23T12:04:51.691+0000] {logging_mixin.py:190} INFO - [2024-08-23T12:04:51.691+0000] {dag.py:4138} INFO - Setting next_dagrun for example_params_trigger_ui to None, run_after=None
[2024-08-23T12:04:51.751+0000] {processor.py:208} INFO - Processing /home/airflow/.local/lib/python3.12/site-packages/airflow/example_dags/example_params_trigger_ui.py took 1.167 seconds
[2024-08-23T12:05:21.805+0000] {processor.py:186} INFO - Started process (PID=324) to work on /home/airflow/.local/lib/python3.12/site-packages/airflow/example_dags/example_params_trigger_ui.py
[2024-08-23T12:05:21.811+0000] {processor.py:914} INFO - Processing file /home/airflow/.local/lib/python3.12/site-packages/airflow/example_dags/example_params_trigger_ui.py for tasks to queue
[2024-08-23T12:05:21.815+0000] {logging_mixin.py:190} INFO - [2024-08-23T12:05:21.814+0000] {dagbag.py:587} INFO - Filling up the DagBag from /home/airflow/.local/lib/python3.12/site-packages/airflow/example_dags/example_params_trigger_ui.py
[2024-08-23T12:05:21.825+0000] {processor.py:925} INFO - DAG(s) 'example_params_trigger_ui' retrieved from /home/airflow/.local/lib/python3.12/site-packages/airflow/example_dags/example_params_trigger_ui.py
[2024-08-23T12:05:21.854+0000] {logging_mixin.py:190} INFO - [2024-08-23T12:05:21.853+0000] {dag.py:3211} INFO - Sync 1 DAGs
[2024-08-23T12:05:21.860+0000] {logging_mixin.py:190} INFO - [2024-08-23T12:05:21.860+0000] {dag.py:4138} INFO - Setting next_dagrun for example_params_trigger_ui to None, run_after=None
[2024-08-23T12:05:21.870+0000] {processor.py:208} INFO - Processing /home/airflow/.local/lib/python3.12/site-packages/airflow/example_dags/example_params_trigger_ui.py took 0.069 seconds
[2024-08-23T12:05:52.952+0000] {processor.py:186} INFO - Started process (PID=387) to work on /home/airflow/.local/lib/python3.12/site-packages/airflow/example_dags/example_params_trigger_ui.py
[2024-08-23T12:05:52.956+0000] {processor.py:914} INFO - Processing file /home/airflow/.local/lib/python3.12/site-packages/airflow/example_dags/example_params_trigger_ui.py for tasks to queue
[2024-08-23T12:05:52.960+0000] {logging_mixin.py:190} INFO - [2024-08-23T12:05:52.959+0000] {dagbag.py:587} INFO - Filling up the DagBag from /home/airflow/.local/lib/python3.12/site-packages/airflow/example_dags/example_params_trigger_ui.py
[2024-08-23T12:05:52.987+0000] {processor.py:925} INFO - DAG(s) 'example_params_trigger_ui' retrieved from /home/airflow/.local/lib/python3.12/site-packages/airflow/example_dags/example_params_trigger_ui.py
[2024-08-23T12:05:53.049+0000] {logging_mixin.py:190} INFO - [2024-08-23T12:05:53.049+0000] {dag.py:3211} INFO - Sync 1 DAGs
[2024-08-23T12:05:53.061+0000] {logging_mixin.py:190} INFO - [2024-08-23T12:05:53.060+0000] {dag.py:4138} INFO - Setting next_dagrun for example_params_trigger_ui to None, run_after=None
[2024-08-23T12:05:53.087+0000] {processor.py:208} INFO - Processing /home/airflow/.local/lib/python3.12/site-packages/airflow/example_dags/example_params_trigger_ui.py took 0.151 seconds
[2024-08-23T12:06:23.368+0000] {processor.py:186} INFO - Started process (PID=449) to work on /home/airflow/.local/lib/python3.12/site-packages/airflow/example_dags/example_params_trigger_ui.py
[2024-08-23T12:06:23.369+0000] {processor.py:914} INFO - Processing file /home/airflow/.local/lib/python3.12/site-packages/airflow/example_dags/example_params_trigger_ui.py for tasks to queue
[2024-08-23T12:06:23.372+0000] {logging_mixin.py:190} INFO - [2024-08-23T12:06:23.372+0000] {dagbag.py:587} INFO - Filling up the DagBag from /home/airflow/.local/lib/python3.12/site-packages/airflow/example_dags/example_params_trigger_ui.py
[2024-08-23T12:06:23.385+0000] {processor.py:925} INFO - DAG(s) 'example_params_trigger_ui' retrieved from /home/airflow/.local/lib/python3.12/site-packages/airflow/example_dags/example_params_trigger_ui.py
[2024-08-23T12:06:23.418+0000] {logging_mixin.py:190} INFO - [2024-08-23T12:06:23.418+0000] {dag.py:3211} INFO - Sync 1 DAGs
[2024-08-23T12:06:23.430+0000] {logging_mixin.py:190} INFO - [2024-08-23T12:06:23.429+0000] {dag.py:4138} INFO - Setting next_dagrun for example_params_trigger_ui to None, run_after=None
[2024-08-23T12:06:23.463+0000] {processor.py:208} INFO - Processing /home/airflow/.local/lib/python3.12/site-packages/airflow/example_dags/example_params_trigger_ui.py took 0.100 seconds
[2024-08-23T12:06:54.095+0000] {processor.py:186} INFO - Started process (PID=511) to work on /home/airflow/.local/lib/python3.12/site-packages/airflow/example_dags/example_params_trigger_ui.py
[2024-08-23T12:06:54.095+0000] {processor.py:914} INFO - Processing file /home/airflow/.local/lib/python3.12/site-packages/airflow/example_dags/example_params_trigger_ui.py for tasks to queue
[2024-08-23T12:06:54.097+0000] {logging_mixin.py:190} INFO - [2024-08-23T12:06:54.096+0000] {dagbag.py:587} INFO - Filling up the DagBag from /home/airflow/.local/lib/python3.12/site-packages/airflow/example_dags/example_params_trigger_ui.py
[2024-08-23T12:06:54.103+0000] {processor.py:925} INFO - DAG(s) 'example_params_trigger_ui' retrieved from /home/airflow/.local/lib/python3.12/site-packages/airflow/example_dags/example_params_trigger_ui.py
[2024-08-23T12:06:54.140+0000] {logging_mixin.py:190} INFO - [2024-08-23T12:06:54.140+0000] {dag.py:3211} INFO - Sync 1 DAGs
[2024-08-23T12:06:54.165+0000] {logging_mixin.py:190} INFO - [2024-08-23T12:06:54.165+0000] {dag.py:4138} INFO - Setting next_dagrun for example_params_trigger_ui to None, run_after=None
[2024-08-23T12:06:54.194+0000] {processor.py:208} INFO - Processing /home/airflow/.local/lib/python3.12/site-packages/airflow/example_dags/example_params_trigger_ui.py took 0.102 seconds
[2024-08-23T12:07:24.294+0000] {processor.py:186} INFO - Started process (PID=572) to work on /home/airflow/.local/lib/python3.12/site-packages/airflow/example_dags/example_params_trigger_ui.py
[2024-08-23T12:07:24.297+0000] {processor.py:914} INFO - Processing file /home/airflow/.local/lib/python3.12/site-packages/airflow/example_dags/example_params_trigger_ui.py for tasks to queue
[2024-08-23T12:07:24.300+0000] {logging_mixin.py:190} INFO - [2024-08-23T12:07:24.300+0000] {dagbag.py:587} INFO - Filling up the DagBag from /home/airflow/.local/lib/python3.12/site-packages/airflow/example_dags/example_params_trigger_ui.py
[2024-08-23T12:07:24.309+0000] {processor.py:925} INFO - DAG(s) 'example_params_trigger_ui' retrieved from /home/airflow/.local/lib/python3.12/site-packages/airflow/example_dags/example_params_trigger_ui.py
[2024-08-23T12:07:24.337+0000] {logging_mixin.py:190} INFO - [2024-08-23T12:07:24.337+0000] {dag.py:3211} INFO - Sync 1 DAGs
[2024-08-23T12:07:24.354+0000] {logging_mixin.py:190} INFO - [2024-08-23T12:07:24.354+0000] {dag.py:4138} INFO - Setting next_dagrun for example_params_trigger_ui to None, run_after=None
[2024-08-23T12:07:24.365+0000] {processor.py:208} INFO - Processing /home/airflow/.local/lib/python3.12/site-packages/airflow/example_dags/example_params_trigger_ui.py took 0.074 seconds
[2024-08-23T12:07:55.057+0000] {processor.py:186} INFO - Started process (PID=634) to work on /home/airflow/.local/lib/python3.12/site-packages/airflow/example_dags/example_params_trigger_ui.py
[2024-08-23T12:07:55.059+0000] {processor.py:914} INFO - Processing file /home/airflow/.local/lib/python3.12/site-packages/airflow/example_dags/example_params_trigger_ui.py for tasks to queue
[2024-08-23T12:07:55.061+0000] {logging_mixin.py:190} INFO - [2024-08-23T12:07:55.061+0000] {dagbag.py:587} INFO - Filling up the DagBag from /home/airflow/.local/lib/python3.12/site-packages/airflow/example_dags/example_params_trigger_ui.py
[2024-08-23T12:07:55.071+0000] {processor.py:925} INFO - DAG(s) 'example_params_trigger_ui' retrieved from /home/airflow/.local/lib/python3.12/site-packages/airflow/example_dags/example_params_trigger_ui.py
[2024-08-23T12:07:55.137+0000] {logging_mixin.py:190} INFO - [2024-08-23T12:07:55.136+0000] {dag.py:3211} INFO - Sync 1 DAGs
[2024-08-23T12:07:55.148+0000] {logging_mixin.py:190} INFO - [2024-08-23T12:07:55.148+0000] {dag.py:4138} INFO - Setting next_dagrun for example_params_trigger_ui to None, run_after=None
[2024-08-23T12:07:55.160+0000] {processor.py:208} INFO - Processing /home/airflow/.local/lib/python3.12/site-packages/airflow/example_dags/example_params_trigger_ui.py took 0.109 seconds
[2024-08-23T12:08:25.933+0000] {processor.py:186} INFO - Started process (PID=696) to work on /home/airflow/.local/lib/python3.12/site-packages/airflow/example_dags/example_params_trigger_ui.py
[2024-08-23T12:08:25.934+0000] {processor.py:914} INFO - Processing file /home/airflow/.local/lib/python3.12/site-packages/airflow/example_dags/example_params_trigger_ui.py for tasks to queue
[2024-08-23T12:08:25.935+0000] {logging_mixin.py:190} INFO - [2024-08-23T12:08:25.935+0000] {dagbag.py:587} INFO - Filling up the DagBag from /home/airflow/.local/lib/python3.12/site-packages/airflow/example_dags/example_params_trigger_ui.py
[2024-08-23T12:08:25.941+0000] {processor.py:925} INFO - DAG(s) 'example_params_trigger_ui' retrieved from /home/airflow/.local/lib/python3.12/site-packages/airflow/example_dags/example_params_trigger_ui.py
[2024-08-23T12:08:25.962+0000] {logging_mixin.py:190} INFO - [2024-08-23T12:08:25.961+0000] {dag.py:3211} INFO - Sync 1 DAGs
[2024-08-23T12:08:25.971+0000] {logging_mixin.py:190} INFO - [2024-08-23T12:08:25.971+0000] {dag.py:4138} INFO - Setting next_dagrun for example_params_trigger_ui to None, run_after=None
[2024-08-23T12:08:25.986+0000] {processor.py:208} INFO - Processing /home/airflow/.local/lib/python3.12/site-packages/airflow/example_dags/example_params_trigger_ui.py took 0.056 seconds
[2024-08-23T12:08:56.322+0000] {processor.py:186} INFO - Started process (PID=758) to work on /home/airflow/.local/lib/python3.12/site-packages/airflow/example_dags/example_params_trigger_ui.py
[2024-08-23T12:08:56.325+0000] {processor.py:914} INFO - Processing file /home/airflow/.local/lib/python3.12/site-packages/airflow/example_dags/example_params_trigger_ui.py for tasks to queue
[2024-08-23T12:08:56.326+0000] {logging_mixin.py:190} INFO - [2024-08-23T12:08:56.326+0000] {dagbag.py:587} INFO - Filling up the DagBag from /home/airflow/.local/lib/python3.12/site-packages/airflow/example_dags/example_params_trigger_ui.py
[2024-08-23T12:08:56.332+0000] {processor.py:925} INFO - DAG(s) 'example_params_trigger_ui' retrieved from /home/airflow/.local/lib/python3.12/site-packages/airflow/example_dags/example_params_trigger_ui.py
[2024-08-23T12:08:56.357+0000] {logging_mixin.py:190} INFO - [2024-08-23T12:08:56.357+0000] {dag.py:3211} INFO - Sync 1 DAGs
[2024-08-23T12:08:56.366+0000] {logging_mixin.py:190} INFO - [2024-08-23T12:08:56.366+0000] {dag.py:4138} INFO - Setting next_dagrun for example_params_trigger_ui to None, run_after=None
[2024-08-23T12:08:56.385+0000] {processor.py:208} INFO - Processing /home/airflow/.local/lib/python3.12/site-packages/airflow/example_dags/example_params_trigger_ui.py took 0.066 seconds
[2024-08-23T12:09:27.222+0000] {processor.py:186} INFO - Started process (PID=820) to work on /home/airflow/.local/lib/python3.12/site-packages/airflow/example_dags/example_params_trigger_ui.py
[2024-08-23T12:09:27.224+0000] {processor.py:914} INFO - Processing file /home/airflow/.local/lib/python3.12/site-packages/airflow/example_dags/example_params_trigger_ui.py for tasks to queue
[2024-08-23T12:09:27.225+0000] {logging_mixin.py:190} INFO - [2024-08-23T12:09:27.225+0000] {dagbag.py:587} INFO - Filling up the DagBag from /home/airflow/.local/lib/python3.12/site-packages/airflow/example_dags/example_params_trigger_ui.py
[2024-08-23T12:09:27.232+0000] {processor.py:925} INFO - DAG(s) 'example_params_trigger_ui' retrieved from /home/airflow/.local/lib/python3.12/site-packages/airflow/example_dags/example_params_trigger_ui.py
[2024-08-23T12:09:27.257+0000] {logging_mixin.py:190} INFO - [2024-08-23T12:09:27.257+0000] {dag.py:3211} INFO - Sync 1 DAGs
[2024-08-23T12:09:27.267+0000] {logging_mixin.py:190} INFO - [2024-08-23T12:09:27.267+0000] {dag.py:4138} INFO - Setting next_dagrun for example_params_trigger_ui to None, run_after=None
[2024-08-23T12:09:27.281+0000] {processor.py:208} INFO - Processing /home/airflow/.local/lib/python3.12/site-packages/airflow/example_dags/example_params_trigger_ui.py took 0.066 seconds
[2024-08-23T12:09:57.657+0000] {processor.py:186} INFO - Started process (PID=882) to work on /home/airflow/.local/lib/python3.12/site-packages/airflow/example_dags/example_params_trigger_ui.py
[2024-08-23T12:09:57.659+0000] {processor.py:914} INFO - Processing file /home/airflow/.local/lib/python3.12/site-packages/airflow/example_dags/example_params_trigger_ui.py for tasks to queue
[2024-08-23T12:09:57.662+0000] {logging_mixin.py:190} INFO - [2024-08-23T12:09:57.661+0000] {dagbag.py:587} INFO - Filling up the DagBag from /home/airflow/.local/lib/python3.12/site-packages/airflow/example_dags/example_params_trigger_ui.py
[2024-08-23T12:09:57.670+0000] {processor.py:925} INFO - DAG(s) 'example_params_trigger_ui' retrieved from /home/airflow/.local/lib/python3.12/site-packages/airflow/example_dags/example_params_trigger_ui.py
[2024-08-23T12:09:57.695+0000] {logging_mixin.py:190} INFO - [2024-08-23T12:09:57.695+0000] {dag.py:3211} INFO - Sync 1 DAGs
[2024-08-23T12:09:57.703+0000] {logging_mixin.py:190} INFO - [2024-08-23T12:09:57.703+0000] {dag.py:4138} INFO - Setting next_dagrun for example_params_trigger_ui to None, run_after=None
[2024-08-23T12:09:57.712+0000] {processor.py:208} INFO - Processing /home/airflow/.local/lib/python3.12/site-packages/airflow/example_dags/example_params_trigger_ui.py took 0.072 seconds
[2024-08-23T12:10:27.761+0000] {processor.py:186} INFO - Started process (PID=943) to work on /home/airflow/.local/lib/python3.12/site-packages/airflow/example_dags/example_params_trigger_ui.py
[2024-08-23T12:10:27.763+0000] {processor.py:914} INFO - Processing file /home/airflow/.local/lib/python3.12/site-packages/airflow/example_dags/example_params_trigger_ui.py for tasks to queue
[2024-08-23T12:10:27.764+0000] {logging_mixin.py:190} INFO - [2024-08-23T12:10:27.764+0000] {dagbag.py:587} INFO - Filling up the DagBag from /home/airflow/.local/lib/python3.12/site-packages/airflow/example_dags/example_params_trigger_ui.py
[2024-08-23T12:10:27.772+0000] {processor.py:925} INFO - DAG(s) 'example_params_trigger_ui' retrieved from /home/airflow/.local/lib/python3.12/site-packages/airflow/example_dags/example_params_trigger_ui.py
[2024-08-23T12:10:27.799+0000] {logging_mixin.py:190} INFO - [2024-08-23T12:10:27.799+0000] {dag.py:3211} INFO - Sync 1 DAGs
[2024-08-23T12:10:27.810+0000] {logging_mixin.py:190} INFO - [2024-08-23T12:10:27.810+0000] {dag.py:4138} INFO - Setting next_dagrun for example_params_trigger_ui to None, run_after=None
[2024-08-23T12:10:27.824+0000] {processor.py:208} INFO - Processing /home/airflow/.local/lib/python3.12/site-packages/airflow/example_dags/example_params_trigger_ui.py took 0.072 seconds
[2024-08-23T12:10:57.938+0000] {processor.py:186} INFO - Started process (PID=1005) to work on /home/airflow/.local/lib/python3.12/site-packages/airflow/example_dags/example_params_trigger_ui.py
[2024-08-23T12:10:57.939+0000] {processor.py:914} INFO - Processing file /home/airflow/.local/lib/python3.12/site-packages/airflow/example_dags/example_params_trigger_ui.py for tasks to queue
[2024-08-23T12:10:57.941+0000] {logging_mixin.py:190} INFO - [2024-08-23T12:10:57.941+0000] {dagbag.py:587} INFO - Filling up the DagBag from /home/airflow/.local/lib/python3.12/site-packages/airflow/example_dags/example_params_trigger_ui.py
[2024-08-23T12:10:57.949+0000] {processor.py:925} INFO - DAG(s) 'example_params_trigger_ui' retrieved from /home/airflow/.local/lib/python3.12/site-packages/airflow/example_dags/example_params_trigger_ui.py
[2024-08-23T12:10:57.976+0000] {logging_mixin.py:190} INFO - [2024-08-23T12:10:57.975+0000] {dag.py:3211} INFO - Sync 1 DAGs
[2024-08-23T12:10:57.983+0000] {logging_mixin.py:190} INFO - [2024-08-23T12:10:57.982+0000] {dag.py:4138} INFO - Setting next_dagrun for example_params_trigger_ui to None, run_after=None
[2024-08-23T12:10:57.993+0000] {processor.py:208} INFO - Processing /home/airflow/.local/lib/python3.12/site-packages/airflow/example_dags/example_params_trigger_ui.py took 0.059 seconds
[2024-08-23T12:11:28.756+0000] {processor.py:186} INFO - Started process (PID=1068) to work on /home/airflow/.local/lib/python3.12/site-packages/airflow/example_dags/example_params_trigger_ui.py
[2024-08-23T12:11:28.757+0000] {processor.py:914} INFO - Processing file /home/airflow/.local/lib/python3.12/site-packages/airflow/example_dags/example_params_trigger_ui.py for tasks to queue
[2024-08-23T12:11:28.758+0000] {logging_mixin.py:190} INFO - [2024-08-23T12:11:28.758+0000] {dagbag.py:587} INFO - Filling up the DagBag from /home/airflow/.local/lib/python3.12/site-packages/airflow/example_dags/example_params_trigger_ui.py
[2024-08-23T12:11:28.763+0000] {processor.py:925} INFO - DAG(s) 'example_params_trigger_ui' retrieved from /home/airflow/.local/lib/python3.12/site-packages/airflow/example_dags/example_params_trigger_ui.py
[2024-08-23T12:11:28.783+0000] {logging_mixin.py:190} INFO - [2024-08-23T12:11:28.782+0000] {dag.py:3211} INFO - Sync 1 DAGs
[2024-08-23T12:11:28.789+0000] {logging_mixin.py:190} INFO - [2024-08-23T12:11:28.789+0000] {dag.py:4138} INFO - Setting next_dagrun for example_params_trigger_ui to None, run_after=None
[2024-08-23T12:11:28.800+0000] {processor.py:208} INFO - Processing /home/airflow/.local/lib/python3.12/site-packages/airflow/example_dags/example_params_trigger_ui.py took 0.048 seconds
[2024-08-23T12:11:59.050+0000] {processor.py:186} INFO - Started process (PID=1130) to work on /home/airflow/.local/lib/python3.12/site-packages/airflow/example_dags/example_params_trigger_ui.py
[2024-08-23T12:11:59.051+0000] {processor.py:914} INFO - Processing file /home/airflow/.local/lib/python3.12/site-packages/airflow/example_dags/example_params_trigger_ui.py for tasks to queue
[2024-08-23T12:11:59.052+0000] {logging_mixin.py:190} INFO - [2024-08-23T12:11:59.052+0000] {dagbag.py:587} INFO - Filling up the DagBag from /home/airflow/.local/lib/python3.12/site-packages/airflow/example_dags/example_params_trigger_ui.py
[2024-08-23T12:11:59.058+0000] {processor.py:925} INFO - DAG(s) 'example_params_trigger_ui' retrieved from /home/airflow/.local/lib/python3.12/site-packages/airflow/example_dags/example_params_trigger_ui.py
[2024-08-23T12:11:59.080+0000] {logging_mixin.py:190} INFO - [2024-08-23T12:11:59.080+0000] {dag.py:3211} INFO - Sync 1 DAGs
[2024-08-23T12:11:59.089+0000] {logging_mixin.py:190} INFO - [2024-08-23T12:11:59.089+0000] {dag.py:4138} INFO - Setting next_dagrun for example_params_trigger_ui to None, run_after=None
[2024-08-23T12:11:59.098+0000] {processor.py:208} INFO - Processing /home/airflow/.local/lib/python3.12/site-packages/airflow/example_dags/example_params_trigger_ui.py took 0.053 seconds
[2024-08-23T12:12:29.902+0000] {processor.py:186} INFO - Started process (PID=1192) to work on /home/airflow/.local/lib/python3.12/site-packages/airflow/example_dags/example_params_trigger_ui.py
[2024-08-23T12:12:29.903+0000] {processor.py:914} INFO - Processing file /home/airflow/.local/lib/python3.12/site-packages/airflow/example_dags/example_params_trigger_ui.py for tasks to queue
[2024-08-23T12:12:29.905+0000] {logging_mixin.py:190} INFO - [2024-08-23T12:12:29.905+0000] {dagbag.py:587} INFO - Filling up the DagBag from /home/airflow/.local/lib/python3.12/site-packages/airflow/example_dags/example_params_trigger_ui.py
[2024-08-23T12:12:29.911+0000] {processor.py:925} INFO - DAG(s) 'example_params_trigger_ui' retrieved from /home/airflow/.local/lib/python3.12/site-packages/airflow/example_dags/example_params_trigger_ui.py
[2024-08-23T12:12:29.937+0000] {logging_mixin.py:190} INFO - [2024-08-23T12:12:29.937+0000] {dag.py:3211} INFO - Sync 1 DAGs
[2024-08-23T12:12:29.954+0000] {logging_mixin.py:190} INFO - [2024-08-23T12:12:29.953+0000] {dag.py:4138} INFO - Setting next_dagrun for example_params_trigger_ui to None, run_after=None
[2024-08-23T12:12:29.964+0000] {processor.py:208} INFO - Processing /home/airflow/.local/lib/python3.12/site-packages/airflow/example_dags/example_params_trigger_ui.py took 0.064 seconds
[2024-08-23T12:13:00.271+0000] {processor.py:186} INFO - Started process (PID=1254) to work on /home/airflow/.local/lib/python3.12/site-packages/airflow/example_dags/example_params_trigger_ui.py
[2024-08-23T12:13:00.271+0000] {processor.py:914} INFO - Processing file /home/airflow/.local/lib/python3.12/site-packages/airflow/example_dags/example_params_trigger_ui.py for tasks to queue
[2024-08-23T12:13:00.273+0000] {logging_mixin.py:190} INFO - [2024-08-23T12:13:00.272+0000] {dagbag.py:587} INFO - Filling up the DagBag from /home/airflow/.local/lib/python3.12/site-packages/airflow/example_dags/example_params_trigger_ui.py
[2024-08-23T12:13:00.279+0000] {processor.py:925} INFO - DAG(s) 'example_params_trigger_ui' retrieved from /home/airflow/.local/lib/python3.12/site-packages/airflow/example_dags/example_params_trigger_ui.py
[2024-08-23T12:13:00.301+0000] {logging_mixin.py:190} INFO - [2024-08-23T12:13:00.301+0000] {dag.py:3211} INFO - Sync 1 DAGs
[2024-08-23T12:13:00.309+0000] {logging_mixin.py:190} INFO - [2024-08-23T12:13:00.309+0000] {dag.py:4138} INFO - Setting next_dagrun for example_params_trigger_ui to None, run_after=None
[2024-08-23T12:13:00.321+0000] {processor.py:208} INFO - Processing /home/airflow/.local/lib/python3.12/site-packages/airflow/example_dags/example_params_trigger_ui.py took 0.054 seconds
[2024-08-23T12:13:30.685+0000] {processor.py:186} INFO - Started process (PID=1316) to work on /home/airflow/.local/lib/python3.12/site-packages/airflow/example_dags/example_params_trigger_ui.py
[2024-08-23T12:13:30.686+0000] {processor.py:914} INFO - Processing file /home/airflow/.local/lib/python3.12/site-packages/airflow/example_dags/example_params_trigger_ui.py for tasks to queue
[2024-08-23T12:13:30.687+0000] {logging_mixin.py:190} INFO - [2024-08-23T12:13:30.687+0000] {dagbag.py:587} INFO - Filling up the DagBag from /home/airflow/.local/lib/python3.12/site-packages/airflow/example_dags/example_params_trigger_ui.py
[2024-08-23T12:13:30.693+0000] {processor.py:925} INFO - DAG(s) 'example_params_trigger_ui' retrieved from /home/airflow/.local/lib/python3.12/site-packages/airflow/example_dags/example_params_trigger_ui.py
[2024-08-23T12:13:30.714+0000] {logging_mixin.py:190} INFO - [2024-08-23T12:13:30.714+0000] {dag.py:3211} INFO - Sync 1 DAGs
[2024-08-23T12:13:30.732+0000] {logging_mixin.py:190} INFO - [2024-08-23T12:13:30.724+0000] {dag.py:4138} INFO - Setting next_dagrun for example_params_trigger_ui to None, run_after=None
[2024-08-23T12:13:30.761+0000] {processor.py:208} INFO - Processing /home/airflow/.local/lib/python3.12/site-packages/airflow/example_dags/example_params_trigger_ui.py took 0.080 seconds
[2024-08-23T12:14:01.266+0000] {processor.py:186} INFO - Started process (PID=1378) to work on /home/airflow/.local/lib/python3.12/site-packages/airflow/example_dags/example_params_trigger_ui.py
[2024-08-23T12:14:01.266+0000] {processor.py:914} INFO - Processing file /home/airflow/.local/lib/python3.12/site-packages/airflow/example_dags/example_params_trigger_ui.py for tasks to queue
[2024-08-23T12:14:01.267+0000] {logging_mixin.py:190} INFO - [2024-08-23T12:14:01.267+0000] {dagbag.py:587} INFO - Filling up the DagBag from /home/airflow/.local/lib/python3.12/site-packages/airflow/example_dags/example_params_trigger_ui.py
[2024-08-23T12:14:01.273+0000] {processor.py:925} INFO - DAG(s) 'example_params_trigger_ui' retrieved from /home/airflow/.local/lib/python3.12/site-packages/airflow/example_dags/example_params_trigger_ui.py
[2024-08-23T12:14:01.292+0000] {logging_mixin.py:190} INFO - [2024-08-23T12:14:01.292+0000] {dag.py:3211} INFO - Sync 1 DAGs
[2024-08-23T12:14:01.299+0000] {logging_mixin.py:190} INFO - [2024-08-23T12:14:01.299+0000] {dag.py:4138} INFO - Setting next_dagrun for example_params_trigger_ui to None, run_after=None
[2024-08-23T12:14:01.306+0000] {processor.py:208} INFO - Processing /home/airflow/.local/lib/python3.12/site-packages/airflow/example_dags/example_params_trigger_ui.py took 0.047 seconds
[2024-08-23T12:14:31.794+0000] {processor.py:186} INFO - Started process (PID=1440) to work on /home/airflow/.local/lib/python3.12/site-packages/airflow/example_dags/example_params_trigger_ui.py
[2024-08-23T12:14:31.796+0000] {processor.py:914} INFO - Processing file /home/airflow/.local/lib/python3.12/site-packages/airflow/example_dags/example_params_trigger_ui.py for tasks to queue
[2024-08-23T12:14:31.797+0000] {logging_mixin.py:190} INFO - [2024-08-23T12:14:31.797+0000] {dagbag.py:587} INFO - Filling up the DagBag from /home/airflow/.local/lib/python3.12/site-packages/airflow/example_dags/example_params_trigger_ui.py
[2024-08-23T12:14:31.803+0000] {processor.py:925} INFO - DAG(s) 'example_params_trigger_ui' retrieved from /home/airflow/.local/lib/python3.12/site-packages/airflow/example_dags/example_params_trigger_ui.py
[2024-08-23T12:14:31.824+0000] {logging_mixin.py:190} INFO - [2024-08-23T12:14:31.824+0000] {dag.py:3211} INFO - Sync 1 DAGs
[2024-08-23T12:14:31.834+0000] {logging_mixin.py:190} INFO - [2024-08-23T12:14:31.834+0000] {dag.py:4138} INFO - Setting next_dagrun for example_params_trigger_ui to None, run_after=None
[2024-08-23T12:14:31.844+0000] {processor.py:208} INFO - Processing /home/airflow/.local/lib/python3.12/site-packages/airflow/example_dags/example_params_trigger_ui.py took 0.055 seconds
[2024-08-23T12:15:02.658+0000] {processor.py:186} INFO - Started process (PID=1502) to work on /home/airflow/.local/lib/python3.12/site-packages/airflow/example_dags/example_params_trigger_ui.py
[2024-08-23T12:15:02.659+0000] {processor.py:914} INFO - Processing file /home/airflow/.local/lib/python3.12/site-packages/airflow/example_dags/example_params_trigger_ui.py for tasks to queue
[2024-08-23T12:15:02.661+0000] {logging_mixin.py:190} INFO - [2024-08-23T12:15:02.661+0000] {dagbag.py:587} INFO - Filling up the DagBag from /home/airflow/.local/lib/python3.12/site-packages/airflow/example_dags/example_params_trigger_ui.py
[2024-08-23T12:15:02.667+0000] {processor.py:925} INFO - DAG(s) 'example_params_trigger_ui' retrieved from /home/airflow/.local/lib/python3.12/site-packages/airflow/example_dags/example_params_trigger_ui.py
[2024-08-23T12:15:02.691+0000] {logging_mixin.py:190} INFO - [2024-08-23T12:15:02.691+0000] {dag.py:3211} INFO - Sync 1 DAGs
[2024-08-23T12:15:02.699+0000] {logging_mixin.py:190} INFO - [2024-08-23T12:15:02.699+0000] {dag.py:4138} INFO - Setting next_dagrun for example_params_trigger_ui to None, run_after=None
[2024-08-23T12:15:02.707+0000] {processor.py:208} INFO - Processing /home/airflow/.local/lib/python3.12/site-packages/airflow/example_dags/example_params_trigger_ui.py took 0.053 seconds
[2024-08-23T12:15:33.053+0000] {processor.py:186} INFO - Started process (PID=1564) to work on /home/airflow/.local/lib/python3.12/site-packages/airflow/example_dags/example_params_trigger_ui.py
[2024-08-23T12:15:33.054+0000] {processor.py:914} INFO - Processing file /home/airflow/.local/lib/python3.12/site-packages/airflow/example_dags/example_params_trigger_ui.py for tasks to queue
[2024-08-23T12:15:33.056+0000] {logging_mixin.py:190} INFO - [2024-08-23T12:15:33.055+0000] {dagbag.py:587} INFO - Filling up the DagBag from /home/airflow/.local/lib/python3.12/site-packages/airflow/example_dags/example_params_trigger_ui.py
[2024-08-23T12:15:33.061+0000] {processor.py:925} INFO - DAG(s) 'example_params_trigger_ui' retrieved from /home/airflow/.local/lib/python3.12/site-packages/airflow/example_dags/example_params_trigger_ui.py
[2024-08-23T12:15:33.081+0000] {logging_mixin.py:190} INFO - [2024-08-23T12:15:33.081+0000] {dag.py:3211} INFO - Sync 1 DAGs
[2024-08-23T12:15:33.089+0000] {logging_mixin.py:190} INFO - [2024-08-23T12:15:33.088+0000] {dag.py:4138} INFO - Setting next_dagrun for example_params_trigger_ui to None, run_after=None
[2024-08-23T12:15:33.098+0000] {processor.py:208} INFO - Processing /home/airflow/.local/lib/python3.12/site-packages/airflow/example_dags/example_params_trigger_ui.py took 0.052 seconds
[2024-08-23T12:16:03.958+0000] {processor.py:186} INFO - Started process (PID=1626) to work on /home/airflow/.local/lib/python3.12/site-packages/airflow/example_dags/example_params_trigger_ui.py
[2024-08-23T12:16:03.960+0000] {processor.py:914} INFO - Processing file /home/airflow/.local/lib/python3.12/site-packages/airflow/example_dags/example_params_trigger_ui.py for tasks to queue
[2024-08-23T12:16:03.964+0000] {logging_mixin.py:190} INFO - [2024-08-23T12:16:03.963+0000] {dagbag.py:587} INFO - Filling up the DagBag from /home/airflow/.local/lib/python3.12/site-packages/airflow/example_dags/example_params_trigger_ui.py
[2024-08-23T12:16:03.994+0000] {processor.py:925} INFO - DAG(s) 'example_params_trigger_ui' retrieved from /home/airflow/.local/lib/python3.12/site-packages/airflow/example_dags/example_params_trigger_ui.py
[2024-08-23T12:16:04.092+0000] {logging_mixin.py:190} INFO - [2024-08-23T12:16:04.091+0000] {dag.py:3211} INFO - Sync 1 DAGs
[2024-08-23T12:16:04.104+0000] {logging_mixin.py:190} INFO - [2024-08-23T12:16:04.103+0000] {dag.py:4138} INFO - Setting next_dagrun for example_params_trigger_ui to None, run_after=None
[2024-08-23T12:16:04.135+0000] {processor.py:208} INFO - Processing /home/airflow/.local/lib/python3.12/site-packages/airflow/example_dags/example_params_trigger_ui.py took 0.241 seconds
[2024-08-23T12:16:34.948+0000] {processor.py:186} INFO - Started process (PID=1693) to work on /home/airflow/.local/lib/python3.12/site-packages/airflow/example_dags/example_params_trigger_ui.py
[2024-08-23T12:16:34.950+0000] {processor.py:914} INFO - Processing file /home/airflow/.local/lib/python3.12/site-packages/airflow/example_dags/example_params_trigger_ui.py for tasks to queue
[2024-08-23T12:16:34.955+0000] {logging_mixin.py:190} INFO - [2024-08-23T12:16:34.954+0000] {dagbag.py:587} INFO - Filling up the DagBag from /home/airflow/.local/lib/python3.12/site-packages/airflow/example_dags/example_params_trigger_ui.py
[2024-08-23T12:16:34.983+0000] {processor.py:925} INFO - DAG(s) 'example_params_trigger_ui' retrieved from /home/airflow/.local/lib/python3.12/site-packages/airflow/example_dags/example_params_trigger_ui.py
[2024-08-23T12:16:35.021+0000] {logging_mixin.py:190} INFO - [2024-08-23T12:16:35.021+0000] {dag.py:3211} INFO - Sync 1 DAGs
[2024-08-23T12:16:35.042+0000] {logging_mixin.py:190} INFO - [2024-08-23T12:16:35.042+0000] {dag.py:4138} INFO - Setting next_dagrun for example_params_trigger_ui to None, run_after=None
[2024-08-23T12:16:35.104+0000] {processor.py:208} INFO - Processing /home/airflow/.local/lib/python3.12/site-packages/airflow/example_dags/example_params_trigger_ui.py took 0.165 seconds
