[2024-08-23T12:03:14.896+0000] {processor.py:186} INFO - Started process (PID=105) to work on /home/airflow/.local/lib/python3.12/site-packages/airflow/example_dags/example_latest_only_with_trigger.py
[2024-08-23T12:03:14.897+0000] {processor.py:914} INFO - Processing file /home/airflow/.local/lib/python3.12/site-packages/airflow/example_dags/example_latest_only_with_trigger.py for tasks to queue
[2024-08-23T12:03:14.901+0000] {logging_mixin.py:190} INFO - [2024-08-23T12:03:14.899+0000] {dagbag.py:587} INFO - Filling up the DagBag from /home/airflow/.local/lib/python3.12/site-packages/airflow/example_dags/example_latest_only_with_trigger.py
[2024-08-23T12:03:14.910+0000] {processor.py:925} INFO - DAG(s) 'latest_only_with_trigger' retrieved from /home/airflow/.local/lib/python3.12/site-packages/airflow/example_dags/example_latest_only_with_trigger.py
[2024-08-23T12:03:15.079+0000] {logging_mixin.py:190} INFO - [2024-08-23T12:03:15.078+0000] {override.py:1858} INFO - Created Permission View: can read on DAG:latest_only_with_trigger
[2024-08-23T12:03:15.094+0000] {logging_mixin.py:190} INFO - [2024-08-23T12:03:15.094+0000] {override.py:1858} INFO - Created Permission View: can delete on DAG:latest_only_with_trigger
[2024-08-23T12:03:15.105+0000] {logging_mixin.py:190} INFO - [2024-08-23T12:03:15.105+0000] {override.py:1858} INFO - Created Permission View: can edit on DAG:latest_only_with_trigger
[2024-08-23T12:03:15.106+0000] {logging_mixin.py:190} INFO - [2024-08-23T12:03:15.106+0000] {dag.py:3211} INFO - Sync 1 DAGs
[2024-08-23T12:03:15.116+0000] {logging_mixin.py:190} INFO - [2024-08-23T12:03:15.116+0000] {dag.py:3234} INFO - Creating ORM DAG for latest_only_with_trigger
[2024-08-23T12:03:15.127+0000] {logging_mixin.py:190} INFO - [2024-08-23T12:03:15.127+0000] {dag.py:4138} INFO - Setting next_dagrun for latest_only_with_trigger to 2024-08-23 08:00:00+00:00, run_after=2024-08-23 12:00:00+00:00
[2024-08-23T12:03:15.142+0000] {processor.py:208} INFO - Processing /home/airflow/.local/lib/python3.12/site-packages/airflow/example_dags/example_latest_only_with_trigger.py took 0.253 seconds
[2024-08-23T12:03:45.382+0000] {processor.py:186} INFO - Started process (PID=167) to work on /home/airflow/.local/lib/python3.12/site-packages/airflow/example_dags/example_latest_only_with_trigger.py
[2024-08-23T12:03:45.389+0000] {processor.py:914} INFO - Processing file /home/airflow/.local/lib/python3.12/site-packages/airflow/example_dags/example_latest_only_with_trigger.py for tasks to queue
[2024-08-23T12:03:45.391+0000] {logging_mixin.py:190} INFO - [2024-08-23T12:03:45.391+0000] {dagbag.py:587} INFO - Filling up the DagBag from /home/airflow/.local/lib/python3.12/site-packages/airflow/example_dags/example_latest_only_with_trigger.py
[2024-08-23T12:03:45.397+0000] {processor.py:925} INFO - DAG(s) 'latest_only_with_trigger' retrieved from /home/airflow/.local/lib/python3.12/site-packages/airflow/example_dags/example_latest_only_with_trigger.py
[2024-08-23T12:03:45.425+0000] {logging_mixin.py:190} INFO - [2024-08-23T12:03:45.425+0000] {dag.py:3211} INFO - Sync 1 DAGs
[2024-08-23T12:03:45.446+0000] {logging_mixin.py:190} INFO - [2024-08-23T12:03:45.446+0000] {dag.py:4138} INFO - Setting next_dagrun for latest_only_with_trigger to 2024-08-23 08:00:00+00:00, run_after=2024-08-23 12:00:00+00:00
[2024-08-23T12:03:45.458+0000] {processor.py:208} INFO - Processing /home/airflow/.local/lib/python3.12/site-packages/airflow/example_dags/example_latest_only_with_trigger.py took 0.103 seconds
[2024-08-23T12:04:18.843+0000] {processor.py:186} INFO - Started process (PID=229) to work on /home/airflow/.local/lib/python3.12/site-packages/airflow/example_dags/example_latest_only_with_trigger.py
[2024-08-23T12:04:18.852+0000] {processor.py:914} INFO - Processing file /home/airflow/.local/lib/python3.12/site-packages/airflow/example_dags/example_latest_only_with_trigger.py for tasks to queue
[2024-08-23T12:04:18.865+0000] {logging_mixin.py:190} INFO - [2024-08-23T12:04:18.865+0000] {dagbag.py:587} INFO - Filling up the DagBag from /home/airflow/.local/lib/python3.12/site-packages/airflow/example_dags/example_latest_only_with_trigger.py
[2024-08-23T12:04:18.872+0000] {processor.py:925} INFO - DAG(s) 'latest_only_with_trigger' retrieved from /home/airflow/.local/lib/python3.12/site-packages/airflow/example_dags/example_latest_only_with_trigger.py
[2024-08-23T12:04:18.898+0000] {logging_mixin.py:190} INFO - [2024-08-23T12:04:18.898+0000] {dag.py:3211} INFO - Sync 1 DAGs
[2024-08-23T12:04:18.912+0000] {logging_mixin.py:190} INFO - [2024-08-23T12:04:18.912+0000] {dag.py:4138} INFO - Setting next_dagrun for latest_only_with_trigger to 2024-08-23 08:00:00+00:00, run_after=2024-08-23 12:00:00+00:00
[2024-08-23T12:04:18.923+0000] {processor.py:208} INFO - Processing /home/airflow/.local/lib/python3.12/site-packages/airflow/example_dags/example_latest_only_with_trigger.py took 0.092 seconds
[2024-08-23T12:05:04.646+0000] {processor.py:186} INFO - Started process (PID=296) to work on /home/airflow/.local/lib/python3.12/site-packages/airflow/example_dags/example_latest_only_with_trigger.py
[2024-08-23T12:05:04.648+0000] {processor.py:914} INFO - Processing file /home/airflow/.local/lib/python3.12/site-packages/airflow/example_dags/example_latest_only_with_trigger.py for tasks to queue
[2024-08-23T12:05:04.656+0000] {logging_mixin.py:190} INFO - [2024-08-23T12:05:04.656+0000] {dagbag.py:587} INFO - Filling up the DagBag from /home/airflow/.local/lib/python3.12/site-packages/airflow/example_dags/example_latest_only_with_trigger.py
[2024-08-23T12:05:04.696+0000] {processor.py:925} INFO - DAG(s) 'latest_only_with_trigger' retrieved from /home/airflow/.local/lib/python3.12/site-packages/airflow/example_dags/example_latest_only_with_trigger.py
[2024-08-23T12:05:04.780+0000] {logging_mixin.py:190} INFO - [2024-08-23T12:05:04.780+0000] {dag.py:3211} INFO - Sync 1 DAGs
[2024-08-23T12:05:04.870+0000] {logging_mixin.py:190} INFO - [2024-08-23T12:05:04.869+0000] {dag.py:4138} INFO - Setting next_dagrun for latest_only_with_trigger to 2024-08-23 08:00:00+00:00, run_after=2024-08-23 12:00:00+00:00
[2024-08-23T12:05:04.922+0000] {processor.py:208} INFO - Processing /home/airflow/.local/lib/python3.12/site-packages/airflow/example_dags/example_latest_only_with_trigger.py took 0.289 seconds
[2024-08-23T12:05:35.572+0000] {processor.py:186} INFO - Started process (PID=358) to work on /home/airflow/.local/lib/python3.12/site-packages/airflow/example_dags/example_latest_only_with_trigger.py
[2024-08-23T12:05:35.573+0000] {processor.py:914} INFO - Processing file /home/airflow/.local/lib/python3.12/site-packages/airflow/example_dags/example_latest_only_with_trigger.py for tasks to queue
[2024-08-23T12:05:35.576+0000] {logging_mixin.py:190} INFO - [2024-08-23T12:05:35.576+0000] {dagbag.py:587} INFO - Filling up the DagBag from /home/airflow/.local/lib/python3.12/site-packages/airflow/example_dags/example_latest_only_with_trigger.py
[2024-08-23T12:05:35.583+0000] {processor.py:925} INFO - DAG(s) 'latest_only_with_trigger' retrieved from /home/airflow/.local/lib/python3.12/site-packages/airflow/example_dags/example_latest_only_with_trigger.py
[2024-08-23T12:05:35.604+0000] {logging_mixin.py:190} INFO - [2024-08-23T12:05:35.604+0000] {dag.py:3211} INFO - Sync 1 DAGs
[2024-08-23T12:05:35.637+0000] {logging_mixin.py:190} INFO - [2024-08-23T12:05:35.637+0000] {dag.py:4138} INFO - Setting next_dagrun for latest_only_with_trigger to 2024-08-23 08:00:00+00:00, run_after=2024-08-23 12:00:00+00:00
[2024-08-23T12:05:35.657+0000] {processor.py:208} INFO - Processing /home/airflow/.local/lib/python3.12/site-packages/airflow/example_dags/example_latest_only_with_trigger.py took 0.089 seconds
[2024-08-23T12:06:05.935+0000] {processor.py:186} INFO - Started process (PID=420) to work on /home/airflow/.local/lib/python3.12/site-packages/airflow/example_dags/example_latest_only_with_trigger.py
[2024-08-23T12:06:05.936+0000] {processor.py:914} INFO - Processing file /home/airflow/.local/lib/python3.12/site-packages/airflow/example_dags/example_latest_only_with_trigger.py for tasks to queue
[2024-08-23T12:06:05.940+0000] {logging_mixin.py:190} INFO - [2024-08-23T12:06:05.939+0000] {dagbag.py:587} INFO - Filling up the DagBag from /home/airflow/.local/lib/python3.12/site-packages/airflow/example_dags/example_latest_only_with_trigger.py
[2024-08-23T12:06:05.945+0000] {processor.py:925} INFO - DAG(s) 'latest_only_with_trigger' retrieved from /home/airflow/.local/lib/python3.12/site-packages/airflow/example_dags/example_latest_only_with_trigger.py
[2024-08-23T12:06:05.998+0000] {logging_mixin.py:190} INFO - [2024-08-23T12:06:05.997+0000] {dag.py:3211} INFO - Sync 1 DAGs
[2024-08-23T12:06:06.046+0000] {logging_mixin.py:190} INFO - [2024-08-23T12:06:06.046+0000] {dag.py:4138} INFO - Setting next_dagrun for latest_only_with_trigger to 2024-08-23 08:00:00+00:00, run_after=2024-08-23 12:00:00+00:00
[2024-08-23T12:06:06.073+0000] {processor.py:208} INFO - Processing /home/airflow/.local/lib/python3.12/site-packages/airflow/example_dags/example_latest_only_with_trigger.py took 0.145 seconds
[2024-08-23T12:06:36.815+0000] {processor.py:186} INFO - Started process (PID=482) to work on /home/airflow/.local/lib/python3.12/site-packages/airflow/example_dags/example_latest_only_with_trigger.py
[2024-08-23T12:06:36.816+0000] {processor.py:914} INFO - Processing file /home/airflow/.local/lib/python3.12/site-packages/airflow/example_dags/example_latest_only_with_trigger.py for tasks to queue
[2024-08-23T12:06:36.818+0000] {logging_mixin.py:190} INFO - [2024-08-23T12:06:36.817+0000] {dagbag.py:587} INFO - Filling up the DagBag from /home/airflow/.local/lib/python3.12/site-packages/airflow/example_dags/example_latest_only_with_trigger.py
[2024-08-23T12:06:36.822+0000] {processor.py:925} INFO - DAG(s) 'latest_only_with_trigger' retrieved from /home/airflow/.local/lib/python3.12/site-packages/airflow/example_dags/example_latest_only_with_trigger.py
[2024-08-23T12:06:36.837+0000] {logging_mixin.py:190} INFO - [2024-08-23T12:06:36.837+0000] {dag.py:3211} INFO - Sync 1 DAGs
[2024-08-23T12:06:36.853+0000] {logging_mixin.py:190} INFO - [2024-08-23T12:06:36.853+0000] {dag.py:4138} INFO - Setting next_dagrun for latest_only_with_trigger to 2024-08-23 08:00:00+00:00, run_after=2024-08-23 12:00:00+00:00
[2024-08-23T12:06:36.864+0000] {processor.py:208} INFO - Processing /home/airflow/.local/lib/python3.12/site-packages/airflow/example_dags/example_latest_only_with_trigger.py took 0.053 seconds
[2024-08-23T12:07:07.170+0000] {processor.py:186} INFO - Started process (PID=543) to work on /home/airflow/.local/lib/python3.12/site-packages/airflow/example_dags/example_latest_only_with_trigger.py
[2024-08-23T12:07:07.173+0000] {processor.py:914} INFO - Processing file /home/airflow/.local/lib/python3.12/site-packages/airflow/example_dags/example_latest_only_with_trigger.py for tasks to queue
[2024-08-23T12:07:07.177+0000] {logging_mixin.py:190} INFO - [2024-08-23T12:07:07.176+0000] {dagbag.py:587} INFO - Filling up the DagBag from /home/airflow/.local/lib/python3.12/site-packages/airflow/example_dags/example_latest_only_with_trigger.py
[2024-08-23T12:07:07.183+0000] {processor.py:925} INFO - DAG(s) 'latest_only_with_trigger' retrieved from /home/airflow/.local/lib/python3.12/site-packages/airflow/example_dags/example_latest_only_with_trigger.py
[2024-08-23T12:07:07.231+0000] {logging_mixin.py:190} INFO - [2024-08-23T12:07:07.231+0000] {dag.py:3211} INFO - Sync 1 DAGs
[2024-08-23T12:07:07.256+0000] {logging_mixin.py:190} INFO - [2024-08-23T12:07:07.256+0000] {dag.py:4138} INFO - Setting next_dagrun for latest_only_with_trigger to 2024-08-23 08:00:00+00:00, run_after=2024-08-23 12:00:00+00:00
[2024-08-23T12:07:07.271+0000] {processor.py:208} INFO - Processing /home/airflow/.local/lib/python3.12/site-packages/airflow/example_dags/example_latest_only_with_trigger.py took 0.107 seconds
[2024-08-23T12:07:37.612+0000] {processor.py:186} INFO - Started process (PID=605) to work on /home/airflow/.local/lib/python3.12/site-packages/airflow/example_dags/example_latest_only_with_trigger.py
[2024-08-23T12:07:37.613+0000] {processor.py:914} INFO - Processing file /home/airflow/.local/lib/python3.12/site-packages/airflow/example_dags/example_latest_only_with_trigger.py for tasks to queue
[2024-08-23T12:07:37.616+0000] {logging_mixin.py:190} INFO - [2024-08-23T12:07:37.616+0000] {dagbag.py:587} INFO - Filling up the DagBag from /home/airflow/.local/lib/python3.12/site-packages/airflow/example_dags/example_latest_only_with_trigger.py
[2024-08-23T12:07:37.629+0000] {processor.py:925} INFO - DAG(s) 'latest_only_with_trigger' retrieved from /home/airflow/.local/lib/python3.12/site-packages/airflow/example_dags/example_latest_only_with_trigger.py
[2024-08-23T12:07:37.651+0000] {logging_mixin.py:190} INFO - [2024-08-23T12:07:37.651+0000] {dag.py:3211} INFO - Sync 1 DAGs
[2024-08-23T12:07:37.666+0000] {logging_mixin.py:190} INFO - [2024-08-23T12:07:37.666+0000] {dag.py:4138} INFO - Setting next_dagrun for latest_only_with_trigger to 2024-08-23 08:00:00+00:00, run_after=2024-08-23 12:00:00+00:00
[2024-08-23T12:07:37.686+0000] {processor.py:208} INFO - Processing /home/airflow/.local/lib/python3.12/site-packages/airflow/example_dags/example_latest_only_with_trigger.py took 0.079 seconds
[2024-08-23T12:08:08.551+0000] {processor.py:186} INFO - Started process (PID=667) to work on /home/airflow/.local/lib/python3.12/site-packages/airflow/example_dags/example_latest_only_with_trigger.py
[2024-08-23T12:08:08.553+0000] {processor.py:914} INFO - Processing file /home/airflow/.local/lib/python3.12/site-packages/airflow/example_dags/example_latest_only_with_trigger.py for tasks to queue
[2024-08-23T12:08:08.556+0000] {logging_mixin.py:190} INFO - [2024-08-23T12:08:08.555+0000] {dagbag.py:587} INFO - Filling up the DagBag from /home/airflow/.local/lib/python3.12/site-packages/airflow/example_dags/example_latest_only_with_trigger.py
[2024-08-23T12:08:08.565+0000] {processor.py:925} INFO - DAG(s) 'latest_only_with_trigger' retrieved from /home/airflow/.local/lib/python3.12/site-packages/airflow/example_dags/example_latest_only_with_trigger.py
[2024-08-23T12:08:08.597+0000] {logging_mixin.py:190} INFO - [2024-08-23T12:08:08.596+0000] {dag.py:3211} INFO - Sync 1 DAGs
[2024-08-23T12:08:08.640+0000] {logging_mixin.py:190} INFO - [2024-08-23T12:08:08.640+0000] {dag.py:4138} INFO - Setting next_dagrun for latest_only_with_trigger to 2024-08-23 08:00:00+00:00, run_after=2024-08-23 12:00:00+00:00
[2024-08-23T12:08:08.674+0000] {processor.py:208} INFO - Processing /home/airflow/.local/lib/python3.12/site-packages/airflow/example_dags/example_latest_only_with_trigger.py took 0.134 seconds
[2024-08-23T12:08:38.732+0000] {processor.py:186} INFO - Started process (PID=729) to work on /home/airflow/.local/lib/python3.12/site-packages/airflow/example_dags/example_latest_only_with_trigger.py
[2024-08-23T12:08:38.733+0000] {processor.py:914} INFO - Processing file /home/airflow/.local/lib/python3.12/site-packages/airflow/example_dags/example_latest_only_with_trigger.py for tasks to queue
[2024-08-23T12:08:38.735+0000] {logging_mixin.py:190} INFO - [2024-08-23T12:08:38.735+0000] {dagbag.py:587} INFO - Filling up the DagBag from /home/airflow/.local/lib/python3.12/site-packages/airflow/example_dags/example_latest_only_with_trigger.py
[2024-08-23T12:08:38.745+0000] {processor.py:925} INFO - DAG(s) 'latest_only_with_trigger' retrieved from /home/airflow/.local/lib/python3.12/site-packages/airflow/example_dags/example_latest_only_with_trigger.py
[2024-08-23T12:08:38.762+0000] {logging_mixin.py:190} INFO - [2024-08-23T12:08:38.762+0000] {dag.py:3211} INFO - Sync 1 DAGs
[2024-08-23T12:08:38.775+0000] {logging_mixin.py:190} INFO - [2024-08-23T12:08:38.774+0000] {dag.py:4138} INFO - Setting next_dagrun for latest_only_with_trigger to 2024-08-23 08:00:00+00:00, run_after=2024-08-23 12:00:00+00:00
[2024-08-23T12:08:38.785+0000] {processor.py:208} INFO - Processing /home/airflow/.local/lib/python3.12/site-packages/airflow/example_dags/example_latest_only_with_trigger.py took 0.056 seconds
[2024-08-23T12:09:08.926+0000] {processor.py:186} INFO - Started process (PID=791) to work on /home/airflow/.local/lib/python3.12/site-packages/airflow/example_dags/example_latest_only_with_trigger.py
[2024-08-23T12:09:08.927+0000] {processor.py:914} INFO - Processing file /home/airflow/.local/lib/python3.12/site-packages/airflow/example_dags/example_latest_only_with_trigger.py for tasks to queue
[2024-08-23T12:09:08.928+0000] {logging_mixin.py:190} INFO - [2024-08-23T12:09:08.928+0000] {dagbag.py:587} INFO - Filling up the DagBag from /home/airflow/.local/lib/python3.12/site-packages/airflow/example_dags/example_latest_only_with_trigger.py
[2024-08-23T12:09:08.931+0000] {processor.py:925} INFO - DAG(s) 'latest_only_with_trigger' retrieved from /home/airflow/.local/lib/python3.12/site-packages/airflow/example_dags/example_latest_only_with_trigger.py
[2024-08-23T12:09:08.941+0000] {logging_mixin.py:190} INFO - [2024-08-23T12:09:08.941+0000] {dag.py:3211} INFO - Sync 1 DAGs
[2024-08-23T12:09:08.952+0000] {logging_mixin.py:190} INFO - [2024-08-23T12:09:08.952+0000] {dag.py:4138} INFO - Setting next_dagrun for latest_only_with_trigger to 2024-08-23 08:00:00+00:00, run_after=2024-08-23 12:00:00+00:00
[2024-08-23T12:09:08.962+0000] {processor.py:208} INFO - Processing /home/airflow/.local/lib/python3.12/site-packages/airflow/example_dags/example_latest_only_with_trigger.py took 0.039 seconds
[2024-08-23T12:09:39.788+0000] {processor.py:186} INFO - Started process (PID=853) to work on /home/airflow/.local/lib/python3.12/site-packages/airflow/example_dags/example_latest_only_with_trigger.py
[2024-08-23T12:09:39.789+0000] {processor.py:914} INFO - Processing file /home/airflow/.local/lib/python3.12/site-packages/airflow/example_dags/example_latest_only_with_trigger.py for tasks to queue
[2024-08-23T12:09:39.791+0000] {logging_mixin.py:190} INFO - [2024-08-23T12:09:39.791+0000] {dagbag.py:587} INFO - Filling up the DagBag from /home/airflow/.local/lib/python3.12/site-packages/airflow/example_dags/example_latest_only_with_trigger.py
[2024-08-23T12:09:39.798+0000] {processor.py:925} INFO - DAG(s) 'latest_only_with_trigger' retrieved from /home/airflow/.local/lib/python3.12/site-packages/airflow/example_dags/example_latest_only_with_trigger.py
[2024-08-23T12:09:39.813+0000] {logging_mixin.py:190} INFO - [2024-08-23T12:09:39.812+0000] {dag.py:3211} INFO - Sync 1 DAGs
[2024-08-23T12:09:39.828+0000] {logging_mixin.py:190} INFO - [2024-08-23T12:09:39.828+0000] {dag.py:4138} INFO - Setting next_dagrun for latest_only_with_trigger to 2024-08-23 08:00:00+00:00, run_after=2024-08-23 12:00:00+00:00
[2024-08-23T12:09:39.836+0000] {processor.py:208} INFO - Processing /home/airflow/.local/lib/python3.12/site-packages/airflow/example_dags/example_latest_only_with_trigger.py took 0.052 seconds
[2024-08-23T12:10:10.952+0000] {processor.py:186} INFO - Started process (PID=915) to work on /home/airflow/.local/lib/python3.12/site-packages/airflow/example_dags/example_latest_only_with_trigger.py
[2024-08-23T12:10:10.953+0000] {processor.py:914} INFO - Processing file /home/airflow/.local/lib/python3.12/site-packages/airflow/example_dags/example_latest_only_with_trigger.py for tasks to queue
[2024-08-23T12:10:10.957+0000] {logging_mixin.py:190} INFO - [2024-08-23T12:10:10.957+0000] {dagbag.py:587} INFO - Filling up the DagBag from /home/airflow/.local/lib/python3.12/site-packages/airflow/example_dags/example_latest_only_with_trigger.py
[2024-08-23T12:10:10.964+0000] {processor.py:925} INFO - DAG(s) 'latest_only_with_trigger' retrieved from /home/airflow/.local/lib/python3.12/site-packages/airflow/example_dags/example_latest_only_with_trigger.py
[2024-08-23T12:10:10.982+0000] {logging_mixin.py:190} INFO - [2024-08-23T12:10:10.982+0000] {dag.py:3211} INFO - Sync 1 DAGs
[2024-08-23T12:10:10.993+0000] {logging_mixin.py:190} INFO - [2024-08-23T12:10:10.993+0000] {dag.py:4138} INFO - Setting next_dagrun for latest_only_with_trigger to 2024-08-23 08:00:00+00:00, run_after=2024-08-23 12:00:00+00:00
[2024-08-23T12:10:11.010+0000] {processor.py:208} INFO - Processing /home/airflow/.local/lib/python3.12/site-packages/airflow/example_dags/example_latest_only_with_trigger.py took 0.062 seconds
[2024-08-23T12:10:41.916+0000] {processor.py:186} INFO - Started process (PID=977) to work on /home/airflow/.local/lib/python3.12/site-packages/airflow/example_dags/example_latest_only_with_trigger.py
[2024-08-23T12:10:41.917+0000] {processor.py:914} INFO - Processing file /home/airflow/.local/lib/python3.12/site-packages/airflow/example_dags/example_latest_only_with_trigger.py for tasks to queue
[2024-08-23T12:10:41.918+0000] {logging_mixin.py:190} INFO - [2024-08-23T12:10:41.918+0000] {dagbag.py:587} INFO - Filling up the DagBag from /home/airflow/.local/lib/python3.12/site-packages/airflow/example_dags/example_latest_only_with_trigger.py
[2024-08-23T12:10:41.922+0000] {processor.py:925} INFO - DAG(s) 'latest_only_with_trigger' retrieved from /home/airflow/.local/lib/python3.12/site-packages/airflow/example_dags/example_latest_only_with_trigger.py
[2024-08-23T12:10:41.950+0000] {logging_mixin.py:190} INFO - [2024-08-23T12:10:41.950+0000] {dag.py:3211} INFO - Sync 1 DAGs
[2024-08-23T12:10:41.964+0000] {logging_mixin.py:190} INFO - [2024-08-23T12:10:41.963+0000] {dag.py:4138} INFO - Setting next_dagrun for latest_only_with_trigger to 2024-08-23 08:00:00+00:00, run_after=2024-08-23 12:00:00+00:00
[2024-08-23T12:10:41.982+0000] {processor.py:208} INFO - Processing /home/airflow/.local/lib/python3.12/site-packages/airflow/example_dags/example_latest_only_with_trigger.py took 0.070 seconds
[2024-08-23T12:11:13.268+0000] {processor.py:186} INFO - Started process (PID=1039) to work on /home/airflow/.local/lib/python3.12/site-packages/airflow/example_dags/example_latest_only_with_trigger.py
[2024-08-23T12:11:13.272+0000] {processor.py:914} INFO - Processing file /home/airflow/.local/lib/python3.12/site-packages/airflow/example_dags/example_latest_only_with_trigger.py for tasks to queue
[2024-08-23T12:11:13.278+0000] {logging_mixin.py:190} INFO - [2024-08-23T12:11:13.277+0000] {dagbag.py:587} INFO - Filling up the DagBag from /home/airflow/.local/lib/python3.12/site-packages/airflow/example_dags/example_latest_only_with_trigger.py
[2024-08-23T12:11:13.292+0000] {processor.py:925} INFO - DAG(s) 'latest_only_with_trigger' retrieved from /home/airflow/.local/lib/python3.12/site-packages/airflow/example_dags/example_latest_only_with_trigger.py
[2024-08-23T12:11:13.326+0000] {logging_mixin.py:190} INFO - [2024-08-23T12:11:13.325+0000] {dag.py:3211} INFO - Sync 1 DAGs
[2024-08-23T12:11:13.351+0000] {logging_mixin.py:190} INFO - [2024-08-23T12:11:13.351+0000] {dag.py:4138} INFO - Setting next_dagrun for latest_only_with_trigger to 2024-08-23 08:00:00+00:00, run_after=2024-08-23 12:00:00+00:00
[2024-08-23T12:11:13.370+0000] {processor.py:208} INFO - Processing /home/airflow/.local/lib/python3.12/site-packages/airflow/example_dags/example_latest_only_with_trigger.py took 0.112 seconds
[2024-08-23T12:11:43.755+0000] {processor.py:186} INFO - Started process (PID=1101) to work on /home/airflow/.local/lib/python3.12/site-packages/airflow/example_dags/example_latest_only_with_trigger.py
[2024-08-23T12:11:43.757+0000] {processor.py:914} INFO - Processing file /home/airflow/.local/lib/python3.12/site-packages/airflow/example_dags/example_latest_only_with_trigger.py for tasks to queue
[2024-08-23T12:11:43.760+0000] {logging_mixin.py:190} INFO - [2024-08-23T12:11:43.758+0000] {dagbag.py:587} INFO - Filling up the DagBag from /home/airflow/.local/lib/python3.12/site-packages/airflow/example_dags/example_latest_only_with_trigger.py
[2024-08-23T12:11:43.767+0000] {processor.py:925} INFO - DAG(s) 'latest_only_with_trigger' retrieved from /home/airflow/.local/lib/python3.12/site-packages/airflow/example_dags/example_latest_only_with_trigger.py
[2024-08-23T12:11:43.782+0000] {logging_mixin.py:190} INFO - [2024-08-23T12:11:43.782+0000] {dag.py:3211} INFO - Sync 1 DAGs
[2024-08-23T12:11:43.795+0000] {logging_mixin.py:190} INFO - [2024-08-23T12:11:43.794+0000] {dag.py:4138} INFO - Setting next_dagrun for latest_only_with_trigger to 2024-08-23 08:00:00+00:00, run_after=2024-08-23 12:00:00+00:00
[2024-08-23T12:11:43.802+0000] {processor.py:208} INFO - Processing /home/airflow/.local/lib/python3.12/site-packages/airflow/example_dags/example_latest_only_with_trigger.py took 0.051 seconds
[2024-08-23T12:12:14.862+0000] {processor.py:186} INFO - Started process (PID=1163) to work on /home/airflow/.local/lib/python3.12/site-packages/airflow/example_dags/example_latest_only_with_trigger.py
[2024-08-23T12:12:14.866+0000] {processor.py:914} INFO - Processing file /home/airflow/.local/lib/python3.12/site-packages/airflow/example_dags/example_latest_only_with_trigger.py for tasks to queue
[2024-08-23T12:12:14.871+0000] {logging_mixin.py:190} INFO - [2024-08-23T12:12:14.870+0000] {dagbag.py:587} INFO - Filling up the DagBag from /home/airflow/.local/lib/python3.12/site-packages/airflow/example_dags/example_latest_only_with_trigger.py
[2024-08-23T12:12:14.882+0000] {processor.py:925} INFO - DAG(s) 'latest_only_with_trigger' retrieved from /home/airflow/.local/lib/python3.12/site-packages/airflow/example_dags/example_latest_only_with_trigger.py
[2024-08-23T12:12:14.905+0000] {logging_mixin.py:190} INFO - [2024-08-23T12:12:14.905+0000] {dag.py:3211} INFO - Sync 1 DAGs
[2024-08-23T12:12:14.920+0000] {logging_mixin.py:190} INFO - [2024-08-23T12:12:14.920+0000] {dag.py:4138} INFO - Setting next_dagrun for latest_only_with_trigger to 2024-08-23 08:00:00+00:00, run_after=2024-08-23 12:00:00+00:00
[2024-08-23T12:12:14.931+0000] {processor.py:208} INFO - Processing /home/airflow/.local/lib/python3.12/site-packages/airflow/example_dags/example_latest_only_with_trigger.py took 0.075 seconds
[2024-08-23T12:12:45.530+0000] {processor.py:186} INFO - Started process (PID=1225) to work on /home/airflow/.local/lib/python3.12/site-packages/airflow/example_dags/example_latest_only_with_trigger.py
[2024-08-23T12:12:45.532+0000] {processor.py:914} INFO - Processing file /home/airflow/.local/lib/python3.12/site-packages/airflow/example_dags/example_latest_only_with_trigger.py for tasks to queue
[2024-08-23T12:12:45.534+0000] {logging_mixin.py:190} INFO - [2024-08-23T12:12:45.534+0000] {dagbag.py:587} INFO - Filling up the DagBag from /home/airflow/.local/lib/python3.12/site-packages/airflow/example_dags/example_latest_only_with_trigger.py
[2024-08-23T12:12:45.538+0000] {processor.py:925} INFO - DAG(s) 'latest_only_with_trigger' retrieved from /home/airflow/.local/lib/python3.12/site-packages/airflow/example_dags/example_latest_only_with_trigger.py
[2024-08-23T12:12:45.565+0000] {logging_mixin.py:190} INFO - [2024-08-23T12:12:45.565+0000] {dag.py:3211} INFO - Sync 1 DAGs
[2024-08-23T12:12:45.578+0000] {logging_mixin.py:190} INFO - [2024-08-23T12:12:45.578+0000] {dag.py:4138} INFO - Setting next_dagrun for latest_only_with_trigger to 2024-08-23 08:00:00+00:00, run_after=2024-08-23 12:00:00+00:00
[2024-08-23T12:12:45.587+0000] {processor.py:208} INFO - Processing /home/airflow/.local/lib/python3.12/site-packages/airflow/example_dags/example_latest_only_with_trigger.py took 0.062 seconds
[2024-08-23T12:13:15.893+0000] {processor.py:186} INFO - Started process (PID=1287) to work on /home/airflow/.local/lib/python3.12/site-packages/airflow/example_dags/example_latest_only_with_trigger.py
[2024-08-23T12:13:15.895+0000] {processor.py:914} INFO - Processing file /home/airflow/.local/lib/python3.12/site-packages/airflow/example_dags/example_latest_only_with_trigger.py for tasks to queue
[2024-08-23T12:13:15.895+0000] {logging_mixin.py:190} INFO - [2024-08-23T12:13:15.895+0000] {dagbag.py:587} INFO - Filling up the DagBag from /home/airflow/.local/lib/python3.12/site-packages/airflow/example_dags/example_latest_only_with_trigger.py
[2024-08-23T12:13:15.899+0000] {processor.py:925} INFO - DAG(s) 'latest_only_with_trigger' retrieved from /home/airflow/.local/lib/python3.12/site-packages/airflow/example_dags/example_latest_only_with_trigger.py
[2024-08-23T12:13:15.912+0000] {logging_mixin.py:190} INFO - [2024-08-23T12:13:15.912+0000] {dag.py:3211} INFO - Sync 1 DAGs
[2024-08-23T12:13:15.923+0000] {logging_mixin.py:190} INFO - [2024-08-23T12:13:15.923+0000] {dag.py:4138} INFO - Setting next_dagrun for latest_only_with_trigger to 2024-08-23 08:00:00+00:00, run_after=2024-08-23 12:00:00+00:00
[2024-08-23T12:13:15.934+0000] {processor.py:208} INFO - Processing /home/airflow/.local/lib/python3.12/site-packages/airflow/example_dags/example_latest_only_with_trigger.py took 0.047 seconds
[2024-08-23T12:13:46.659+0000] {processor.py:186} INFO - Started process (PID=1349) to work on /home/airflow/.local/lib/python3.12/site-packages/airflow/example_dags/example_latest_only_with_trigger.py
[2024-08-23T12:13:46.661+0000] {processor.py:914} INFO - Processing file /home/airflow/.local/lib/python3.12/site-packages/airflow/example_dags/example_latest_only_with_trigger.py for tasks to queue
[2024-08-23T12:13:46.662+0000] {logging_mixin.py:190} INFO - [2024-08-23T12:13:46.661+0000] {dagbag.py:587} INFO - Filling up the DagBag from /home/airflow/.local/lib/python3.12/site-packages/airflow/example_dags/example_latest_only_with_trigger.py
[2024-08-23T12:13:46.669+0000] {processor.py:925} INFO - DAG(s) 'latest_only_with_trigger' retrieved from /home/airflow/.local/lib/python3.12/site-packages/airflow/example_dags/example_latest_only_with_trigger.py
[2024-08-23T12:13:46.682+0000] {logging_mixin.py:190} INFO - [2024-08-23T12:13:46.682+0000] {dag.py:3211} INFO - Sync 1 DAGs
[2024-08-23T12:13:46.696+0000] {logging_mixin.py:190} INFO - [2024-08-23T12:13:46.696+0000] {dag.py:4138} INFO - Setting next_dagrun for latest_only_with_trigger to 2024-08-23 08:00:00+00:00, run_after=2024-08-23 12:00:00+00:00
[2024-08-23T12:13:46.714+0000] {processor.py:208} INFO - Processing /home/airflow/.local/lib/python3.12/site-packages/airflow/example_dags/example_latest_only_with_trigger.py took 0.057 seconds
[2024-08-23T12:14:17.530+0000] {processor.py:186} INFO - Started process (PID=1411) to work on /home/airflow/.local/lib/python3.12/site-packages/airflow/example_dags/example_latest_only_with_trigger.py
[2024-08-23T12:14:17.531+0000] {processor.py:914} INFO - Processing file /home/airflow/.local/lib/python3.12/site-packages/airflow/example_dags/example_latest_only_with_trigger.py for tasks to queue
[2024-08-23T12:14:17.533+0000] {logging_mixin.py:190} INFO - [2024-08-23T12:14:17.532+0000] {dagbag.py:587} INFO - Filling up the DagBag from /home/airflow/.local/lib/python3.12/site-packages/airflow/example_dags/example_latest_only_with_trigger.py
[2024-08-23T12:14:17.536+0000] {processor.py:925} INFO - DAG(s) 'latest_only_with_trigger' retrieved from /home/airflow/.local/lib/python3.12/site-packages/airflow/example_dags/example_latest_only_with_trigger.py
[2024-08-23T12:14:17.548+0000] {logging_mixin.py:190} INFO - [2024-08-23T12:14:17.548+0000] {dag.py:3211} INFO - Sync 1 DAGs
[2024-08-23T12:14:17.560+0000] {logging_mixin.py:190} INFO - [2024-08-23T12:14:17.560+0000] {dag.py:4138} INFO - Setting next_dagrun for latest_only_with_trigger to 2024-08-23 08:00:00+00:00, run_after=2024-08-23 12:00:00+00:00
[2024-08-23T12:14:17.567+0000] {processor.py:208} INFO - Processing /home/airflow/.local/lib/python3.12/site-packages/airflow/example_dags/example_latest_only_with_trigger.py took 0.040 seconds
[2024-08-23T12:14:48.074+0000] {processor.py:186} INFO - Started process (PID=1473) to work on /home/airflow/.local/lib/python3.12/site-packages/airflow/example_dags/example_latest_only_with_trigger.py
[2024-08-23T12:14:48.075+0000] {processor.py:914} INFO - Processing file /home/airflow/.local/lib/python3.12/site-packages/airflow/example_dags/example_latest_only_with_trigger.py for tasks to queue
[2024-08-23T12:14:48.076+0000] {logging_mixin.py:190} INFO - [2024-08-23T12:14:48.076+0000] {dagbag.py:587} INFO - Filling up the DagBag from /home/airflow/.local/lib/python3.12/site-packages/airflow/example_dags/example_latest_only_with_trigger.py
[2024-08-23T12:14:48.080+0000] {processor.py:925} INFO - DAG(s) 'latest_only_with_trigger' retrieved from /home/airflow/.local/lib/python3.12/site-packages/airflow/example_dags/example_latest_only_with_trigger.py
[2024-08-23T12:14:48.095+0000] {logging_mixin.py:190} INFO - [2024-08-23T12:14:48.095+0000] {dag.py:3211} INFO - Sync 1 DAGs
[2024-08-23T12:14:48.107+0000] {logging_mixin.py:190} INFO - [2024-08-23T12:14:48.107+0000] {dag.py:4138} INFO - Setting next_dagrun for latest_only_with_trigger to 2024-08-23 08:00:00+00:00, run_after=2024-08-23 12:00:00+00:00
[2024-08-23T12:14:48.122+0000] {processor.py:208} INFO - Processing /home/airflow/.local/lib/python3.12/site-packages/airflow/example_dags/example_latest_only_with_trigger.py took 0.051 seconds
[2024-08-23T12:15:18.241+0000] {processor.py:186} INFO - Started process (PID=1535) to work on /home/airflow/.local/lib/python3.12/site-packages/airflow/example_dags/example_latest_only_with_trigger.py
[2024-08-23T12:15:18.243+0000] {processor.py:914} INFO - Processing file /home/airflow/.local/lib/python3.12/site-packages/airflow/example_dags/example_latest_only_with_trigger.py for tasks to queue
[2024-08-23T12:15:18.244+0000] {logging_mixin.py:190} INFO - [2024-08-23T12:15:18.244+0000] {dagbag.py:587} INFO - Filling up the DagBag from /home/airflow/.local/lib/python3.12/site-packages/airflow/example_dags/example_latest_only_with_trigger.py
[2024-08-23T12:15:18.249+0000] {processor.py:925} INFO - DAG(s) 'latest_only_with_trigger' retrieved from /home/airflow/.local/lib/python3.12/site-packages/airflow/example_dags/example_latest_only_with_trigger.py
[2024-08-23T12:15:18.260+0000] {logging_mixin.py:190} INFO - [2024-08-23T12:15:18.260+0000] {dag.py:3211} INFO - Sync 1 DAGs
[2024-08-23T12:15:18.272+0000] {logging_mixin.py:190} INFO - [2024-08-23T12:15:18.272+0000] {dag.py:4138} INFO - Setting next_dagrun for latest_only_with_trigger to 2024-08-23 08:00:00+00:00, run_after=2024-08-23 12:00:00+00:00
[2024-08-23T12:15:18.281+0000] {processor.py:208} INFO - Processing /home/airflow/.local/lib/python3.12/site-packages/airflow/example_dags/example_latest_only_with_trigger.py took 0.045 seconds
[2024-08-23T12:15:48.312+0000] {processor.py:186} INFO - Started process (PID=1596) to work on /home/airflow/.local/lib/python3.12/site-packages/airflow/example_dags/example_latest_only_with_trigger.py
[2024-08-23T12:15:48.314+0000] {processor.py:914} INFO - Processing file /home/airflow/.local/lib/python3.12/site-packages/airflow/example_dags/example_latest_only_with_trigger.py for tasks to queue
[2024-08-23T12:15:48.315+0000] {logging_mixin.py:190} INFO - [2024-08-23T12:15:48.315+0000] {dagbag.py:587} INFO - Filling up the DagBag from /home/airflow/.local/lib/python3.12/site-packages/airflow/example_dags/example_latest_only_with_trigger.py
[2024-08-23T12:15:48.319+0000] {processor.py:925} INFO - DAG(s) 'latest_only_with_trigger' retrieved from /home/airflow/.local/lib/python3.12/site-packages/airflow/example_dags/example_latest_only_with_trigger.py
[2024-08-23T12:15:48.327+0000] {logging_mixin.py:190} INFO - [2024-08-23T12:15:48.327+0000] {dag.py:3211} INFO - Sync 1 DAGs
[2024-08-23T12:15:48.335+0000] {logging_mixin.py:190} INFO - [2024-08-23T12:15:48.335+0000] {dag.py:4138} INFO - Setting next_dagrun for latest_only_with_trigger to 2024-08-23 08:00:00+00:00, run_after=2024-08-23 12:00:00+00:00
[2024-08-23T12:15:48.341+0000] {processor.py:208} INFO - Processing /home/airflow/.local/lib/python3.12/site-packages/airflow/example_dags/example_latest_only_with_trigger.py took 0.032 seconds
[2024-08-23T12:16:18.710+0000] {processor.py:186} INFO - Started process (PID=1658) to work on /home/airflow/.local/lib/python3.12/site-packages/airflow/example_dags/example_latest_only_with_trigger.py
[2024-08-23T12:16:18.712+0000] {processor.py:914} INFO - Processing file /home/airflow/.local/lib/python3.12/site-packages/airflow/example_dags/example_latest_only_with_trigger.py for tasks to queue
[2024-08-23T12:16:18.713+0000] {logging_mixin.py:190} INFO - [2024-08-23T12:16:18.713+0000] {dagbag.py:587} INFO - Filling up the DagBag from /home/airflow/.local/lib/python3.12/site-packages/airflow/example_dags/example_latest_only_with_trigger.py
[2024-08-23T12:16:18.717+0000] {processor.py:925} INFO - DAG(s) 'latest_only_with_trigger' retrieved from /home/airflow/.local/lib/python3.12/site-packages/airflow/example_dags/example_latest_only_with_trigger.py
[2024-08-23T12:16:18.727+0000] {logging_mixin.py:190} INFO - [2024-08-23T12:16:18.727+0000] {dag.py:3211} INFO - Sync 1 DAGs
[2024-08-23T12:16:18.737+0000] {logging_mixin.py:190} INFO - [2024-08-23T12:16:18.737+0000] {dag.py:4138} INFO - Setting next_dagrun for latest_only_with_trigger to 2024-08-23 08:00:00+00:00, run_after=2024-08-23 12:00:00+00:00
[2024-08-23T12:16:18.745+0000] {processor.py:208} INFO - Processing /home/airflow/.local/lib/python3.12/site-packages/airflow/example_dags/example_latest_only_with_trigger.py took 0.040 seconds
[2024-08-23T12:16:49.154+0000] {processor.py:186} INFO - Started process (PID=1720) to work on /home/airflow/.local/lib/python3.12/site-packages/airflow/example_dags/example_latest_only_with_trigger.py
[2024-08-23T12:16:49.155+0000] {processor.py:914} INFO - Processing file /home/airflow/.local/lib/python3.12/site-packages/airflow/example_dags/example_latest_only_with_trigger.py for tasks to queue
[2024-08-23T12:16:49.156+0000] {logging_mixin.py:190} INFO - [2024-08-23T12:16:49.156+0000] {dagbag.py:587} INFO - Filling up the DagBag from /home/airflow/.local/lib/python3.12/site-packages/airflow/example_dags/example_latest_only_with_trigger.py
[2024-08-23T12:16:49.160+0000] {processor.py:925} INFO - DAG(s) 'latest_only_with_trigger' retrieved from /home/airflow/.local/lib/python3.12/site-packages/airflow/example_dags/example_latest_only_with_trigger.py
[2024-08-23T12:16:49.170+0000] {logging_mixin.py:190} INFO - [2024-08-23T12:16:49.170+0000] {dag.py:3211} INFO - Sync 1 DAGs
[2024-08-23T12:16:49.179+0000] {logging_mixin.py:190} INFO - [2024-08-23T12:16:49.179+0000] {dag.py:4138} INFO - Setting next_dagrun for latest_only_with_trigger to 2024-08-23 08:00:00+00:00, run_after=2024-08-23 12:00:00+00:00
[2024-08-23T12:16:49.185+0000] {processor.py:208} INFO - Processing /home/airflow/.local/lib/python3.12/site-packages/airflow/example_dags/example_latest_only_with_trigger.py took 0.034 seconds
