[2024-08-23T12:03:18.264+0000] {processor.py:186} INFO - Started process (PID=117) to work on /home/airflow/.local/lib/python3.12/site-packages/airflow/example_dags/example_time_delta_sensor_async.py
[2024-08-23T12:03:18.265+0000] {processor.py:914} INFO - Processing file /home/airflow/.local/lib/python3.12/site-packages/airflow/example_dags/example_time_delta_sensor_async.py for tasks to queue
[2024-08-23T12:03:18.269+0000] {logging_mixin.py:190} INFO - [2024-08-23T12:03:18.268+0000] {dagbag.py:587} INFO - Filling up the DagBag from /home/airflow/.local/lib/python3.12/site-packages/airflow/example_dags/example_time_delta_sensor_async.py
[2024-08-23T12:03:18.288+0000] {processor.py:925} INFO - DAG(s) 'example_time_delta_sensor_async' retrieved from /home/airflow/.local/lib/python3.12/site-packages/airflow/example_dags/example_time_delta_sensor_async.py
[2024-08-23T12:03:18.605+0000] {logging_mixin.py:190} INFO - [2024-08-23T12:03:18.593+0000] {override.py:1858} INFO - Created Permission View: can read on DAG:example_time_delta_sensor_async
[2024-08-23T12:03:18.655+0000] {logging_mixin.py:190} INFO - [2024-08-23T12:03:18.655+0000] {override.py:1858} INFO - Created Permission View: can delete on DAG:example_time_delta_sensor_async
[2024-08-23T12:03:18.691+0000] {logging_mixin.py:190} INFO - [2024-08-23T12:03:18.690+0000] {override.py:1858} INFO - Created Permission View: can edit on DAG:example_time_delta_sensor_async
[2024-08-23T12:03:18.692+0000] {logging_mixin.py:190} INFO - [2024-08-23T12:03:18.692+0000] {dag.py:3211} INFO - Sync 1 DAGs
[2024-08-23T12:03:18.723+0000] {logging_mixin.py:190} INFO - [2024-08-23T12:03:18.723+0000] {dag.py:3234} INFO - Creating ORM DAG for example_time_delta_sensor_async
[2024-08-23T12:03:18.725+0000] {logging_mixin.py:190} INFO - [2024-08-23T12:03:18.725+0000] {dag.py:4138} INFO - Setting next_dagrun for example_time_delta_sensor_async to None, run_after=None
[2024-08-23T12:03:18.778+0000] {processor.py:208} INFO - Processing /home/airflow/.local/lib/python3.12/site-packages/airflow/example_dags/example_time_delta_sensor_async.py took 0.521 seconds
[2024-08-23T12:03:50.871+0000] {processor.py:186} INFO - Started process (PID=179) to work on /home/airflow/.local/lib/python3.12/site-packages/airflow/example_dags/example_time_delta_sensor_async.py
[2024-08-23T12:03:50.875+0000] {processor.py:914} INFO - Processing file /home/airflow/.local/lib/python3.12/site-packages/airflow/example_dags/example_time_delta_sensor_async.py for tasks to queue
[2024-08-23T12:03:50.879+0000] {logging_mixin.py:190} INFO - [2024-08-23T12:03:50.878+0000] {dagbag.py:587} INFO - Filling up the DagBag from /home/airflow/.local/lib/python3.12/site-packages/airflow/example_dags/example_time_delta_sensor_async.py
[2024-08-23T12:03:50.906+0000] {processor.py:925} INFO - DAG(s) 'example_time_delta_sensor_async' retrieved from /home/airflow/.local/lib/python3.12/site-packages/airflow/example_dags/example_time_delta_sensor_async.py
[2024-08-23T12:03:50.936+0000] {logging_mixin.py:190} INFO - [2024-08-23T12:03:50.936+0000] {dag.py:3211} INFO - Sync 1 DAGs
[2024-08-23T12:03:50.964+0000] {logging_mixin.py:190} INFO - [2024-08-23T12:03:50.963+0000] {dag.py:4138} INFO - Setting next_dagrun for example_time_delta_sensor_async to None, run_after=None
[2024-08-23T12:03:50.994+0000] {processor.py:208} INFO - Processing /home/airflow/.local/lib/python3.12/site-packages/airflow/example_dags/example_time_delta_sensor_async.py took 0.132 seconds
[2024-08-23T12:04:30.704+0000] {processor.py:186} INFO - Started process (PID=247) to work on /home/airflow/.local/lib/python3.12/site-packages/airflow/example_dags/example_time_delta_sensor_async.py
[2024-08-23T12:04:30.716+0000] {processor.py:914} INFO - Processing file /home/airflow/.local/lib/python3.12/site-packages/airflow/example_dags/example_time_delta_sensor_async.py for tasks to queue
[2024-08-23T12:04:30.768+0000] {logging_mixin.py:190} INFO - [2024-08-23T12:04:30.755+0000] {dagbag.py:587} INFO - Filling up the DagBag from /home/airflow/.local/lib/python3.12/site-packages/airflow/example_dags/example_time_delta_sensor_async.py
[2024-08-23T12:04:30.831+0000] {processor.py:925} INFO - DAG(s) 'example_time_delta_sensor_async' retrieved from /home/airflow/.local/lib/python3.12/site-packages/airflow/example_dags/example_time_delta_sensor_async.py
[2024-08-23T12:04:30.939+0000] {logging_mixin.py:190} INFO - [2024-08-23T12:04:30.938+0000] {dag.py:3211} INFO - Sync 1 DAGs
[2024-08-23T12:04:31.002+0000] {logging_mixin.py:190} INFO - [2024-08-23T12:04:31.000+0000] {dag.py:4138} INFO - Setting next_dagrun for example_time_delta_sensor_async to None, run_after=None
[2024-08-23T12:04:31.446+0000] {processor.py:208} INFO - Processing /home/airflow/.local/lib/python3.12/site-packages/airflow/example_dags/example_time_delta_sensor_async.py took 0.895 seconds
[2024-08-23T12:05:08.151+0000] {processor.py:186} INFO - Started process (PID=308) to work on /home/airflow/.local/lib/python3.12/site-packages/airflow/example_dags/example_time_delta_sensor_async.py
[2024-08-23T12:05:08.156+0000] {processor.py:914} INFO - Processing file /home/airflow/.local/lib/python3.12/site-packages/airflow/example_dags/example_time_delta_sensor_async.py for tasks to queue
[2024-08-23T12:05:08.161+0000] {logging_mixin.py:190} INFO - [2024-08-23T12:05:08.160+0000] {dagbag.py:587} INFO - Filling up the DagBag from /home/airflow/.local/lib/python3.12/site-packages/airflow/example_dags/example_time_delta_sensor_async.py
[2024-08-23T12:05:08.171+0000] {processor.py:925} INFO - DAG(s) 'example_time_delta_sensor_async' retrieved from /home/airflow/.local/lib/python3.12/site-packages/airflow/example_dags/example_time_delta_sensor_async.py
[2024-08-23T12:05:08.290+0000] {logging_mixin.py:190} INFO - [2024-08-23T12:05:08.289+0000] {dag.py:3211} INFO - Sync 1 DAGs
[2024-08-23T12:05:08.344+0000] {logging_mixin.py:190} INFO - [2024-08-23T12:05:08.344+0000] {dag.py:4138} INFO - Setting next_dagrun for example_time_delta_sensor_async to None, run_after=None
[2024-08-23T12:05:08.400+0000] {processor.py:208} INFO - Processing /home/airflow/.local/lib/python3.12/site-packages/airflow/example_dags/example_time_delta_sensor_async.py took 0.256 seconds
[2024-08-23T12:05:39.291+0000] {processor.py:186} INFO - Started process (PID=370) to work on /home/airflow/.local/lib/python3.12/site-packages/airflow/example_dags/example_time_delta_sensor_async.py
[2024-08-23T12:05:39.293+0000] {processor.py:914} INFO - Processing file /home/airflow/.local/lib/python3.12/site-packages/airflow/example_dags/example_time_delta_sensor_async.py for tasks to queue
[2024-08-23T12:05:39.296+0000] {logging_mixin.py:190} INFO - [2024-08-23T12:05:39.296+0000] {dagbag.py:587} INFO - Filling up the DagBag from /home/airflow/.local/lib/python3.12/site-packages/airflow/example_dags/example_time_delta_sensor_async.py
[2024-08-23T12:05:39.304+0000] {processor.py:925} INFO - DAG(s) 'example_time_delta_sensor_async' retrieved from /home/airflow/.local/lib/python3.12/site-packages/airflow/example_dags/example_time_delta_sensor_async.py
[2024-08-23T12:05:39.346+0000] {logging_mixin.py:190} INFO - [2024-08-23T12:05:39.345+0000] {dag.py:3211} INFO - Sync 1 DAGs
[2024-08-23T12:05:39.360+0000] {logging_mixin.py:190} INFO - [2024-08-23T12:05:39.360+0000] {dag.py:4138} INFO - Setting next_dagrun for example_time_delta_sensor_async to None, run_after=None
[2024-08-23T12:05:39.405+0000] {processor.py:208} INFO - Processing /home/airflow/.local/lib/python3.12/site-packages/airflow/example_dags/example_time_delta_sensor_async.py took 0.126 seconds
[2024-08-23T12:06:10.192+0000] {processor.py:186} INFO - Started process (PID=432) to work on /home/airflow/.local/lib/python3.12/site-packages/airflow/example_dags/example_time_delta_sensor_async.py
[2024-08-23T12:06:10.195+0000] {processor.py:914} INFO - Processing file /home/airflow/.local/lib/python3.12/site-packages/airflow/example_dags/example_time_delta_sensor_async.py for tasks to queue
[2024-08-23T12:06:10.197+0000] {logging_mixin.py:190} INFO - [2024-08-23T12:06:10.196+0000] {dagbag.py:587} INFO - Filling up the DagBag from /home/airflow/.local/lib/python3.12/site-packages/airflow/example_dags/example_time_delta_sensor_async.py
[2024-08-23T12:06:10.201+0000] {processor.py:925} INFO - DAG(s) 'example_time_delta_sensor_async' retrieved from /home/airflow/.local/lib/python3.12/site-packages/airflow/example_dags/example_time_delta_sensor_async.py
[2024-08-23T12:06:10.218+0000] {logging_mixin.py:190} INFO - [2024-08-23T12:06:10.218+0000] {dag.py:3211} INFO - Sync 1 DAGs
[2024-08-23T12:06:10.232+0000] {logging_mixin.py:190} INFO - [2024-08-23T12:06:10.231+0000] {dag.py:4138} INFO - Setting next_dagrun for example_time_delta_sensor_async to None, run_after=None
[2024-08-23T12:06:10.247+0000] {processor.py:208} INFO - Processing /home/airflow/.local/lib/python3.12/site-packages/airflow/example_dags/example_time_delta_sensor_async.py took 0.065 seconds
[2024-08-23T12:06:40.635+0000] {processor.py:186} INFO - Started process (PID=494) to work on /home/airflow/.local/lib/python3.12/site-packages/airflow/example_dags/example_time_delta_sensor_async.py
[2024-08-23T12:06:40.636+0000] {processor.py:914} INFO - Processing file /home/airflow/.local/lib/python3.12/site-packages/airflow/example_dags/example_time_delta_sensor_async.py for tasks to queue
[2024-08-23T12:06:40.638+0000] {logging_mixin.py:190} INFO - [2024-08-23T12:06:40.638+0000] {dagbag.py:587} INFO - Filling up the DagBag from /home/airflow/.local/lib/python3.12/site-packages/airflow/example_dags/example_time_delta_sensor_async.py
[2024-08-23T12:06:40.642+0000] {processor.py:925} INFO - DAG(s) 'example_time_delta_sensor_async' retrieved from /home/airflow/.local/lib/python3.12/site-packages/airflow/example_dags/example_time_delta_sensor_async.py
[2024-08-23T12:06:40.655+0000] {logging_mixin.py:190} INFO - [2024-08-23T12:06:40.655+0000] {dag.py:3211} INFO - Sync 1 DAGs
[2024-08-23T12:06:40.663+0000] {logging_mixin.py:190} INFO - [2024-08-23T12:06:40.663+0000] {dag.py:4138} INFO - Setting next_dagrun for example_time_delta_sensor_async to None, run_after=None
[2024-08-23T12:06:40.671+0000] {processor.py:208} INFO - Processing /home/airflow/.local/lib/python3.12/site-packages/airflow/example_dags/example_time_delta_sensor_async.py took 0.043 seconds
[2024-08-23T12:07:11.099+0000] {processor.py:186} INFO - Started process (PID=555) to work on /home/airflow/.local/lib/python3.12/site-packages/airflow/example_dags/example_time_delta_sensor_async.py
[2024-08-23T12:07:11.104+0000] {processor.py:914} INFO - Processing file /home/airflow/.local/lib/python3.12/site-packages/airflow/example_dags/example_time_delta_sensor_async.py for tasks to queue
[2024-08-23T12:07:11.106+0000] {logging_mixin.py:190} INFO - [2024-08-23T12:07:11.105+0000] {dagbag.py:587} INFO - Filling up the DagBag from /home/airflow/.local/lib/python3.12/site-packages/airflow/example_dags/example_time_delta_sensor_async.py
[2024-08-23T12:07:11.111+0000] {processor.py:925} INFO - DAG(s) 'example_time_delta_sensor_async' retrieved from /home/airflow/.local/lib/python3.12/site-packages/airflow/example_dags/example_time_delta_sensor_async.py
[2024-08-23T12:07:11.123+0000] {logging_mixin.py:190} INFO - [2024-08-23T12:07:11.123+0000] {dag.py:3211} INFO - Sync 1 DAGs
[2024-08-23T12:07:11.130+0000] {logging_mixin.py:190} INFO - [2024-08-23T12:07:11.130+0000] {dag.py:4138} INFO - Setting next_dagrun for example_time_delta_sensor_async to None, run_after=None
[2024-08-23T12:07:11.138+0000] {processor.py:208} INFO - Processing /home/airflow/.local/lib/python3.12/site-packages/airflow/example_dags/example_time_delta_sensor_async.py took 0.043 seconds
[2024-08-23T12:07:41.292+0000] {processor.py:186} INFO - Started process (PID=616) to work on /home/airflow/.local/lib/python3.12/site-packages/airflow/example_dags/example_time_delta_sensor_async.py
[2024-08-23T12:07:41.296+0000] {processor.py:914} INFO - Processing file /home/airflow/.local/lib/python3.12/site-packages/airflow/example_dags/example_time_delta_sensor_async.py for tasks to queue
[2024-08-23T12:07:41.305+0000] {logging_mixin.py:190} INFO - [2024-08-23T12:07:41.304+0000] {dagbag.py:587} INFO - Filling up the DagBag from /home/airflow/.local/lib/python3.12/site-packages/airflow/example_dags/example_time_delta_sensor_async.py
[2024-08-23T12:07:41.325+0000] {processor.py:925} INFO - DAG(s) 'example_time_delta_sensor_async' retrieved from /home/airflow/.local/lib/python3.12/site-packages/airflow/example_dags/example_time_delta_sensor_async.py
[2024-08-23T12:07:41.368+0000] {logging_mixin.py:190} INFO - [2024-08-23T12:07:41.368+0000] {dag.py:3211} INFO - Sync 1 DAGs
[2024-08-23T12:07:41.385+0000] {logging_mixin.py:190} INFO - [2024-08-23T12:07:41.384+0000] {dag.py:4138} INFO - Setting next_dagrun for example_time_delta_sensor_async to None, run_after=None
[2024-08-23T12:07:41.430+0000] {processor.py:208} INFO - Processing /home/airflow/.local/lib/python3.12/site-packages/airflow/example_dags/example_time_delta_sensor_async.py took 0.151 seconds
[2024-08-23T12:08:12.682+0000] {processor.py:186} INFO - Started process (PID=679) to work on /home/airflow/.local/lib/python3.12/site-packages/airflow/example_dags/example_time_delta_sensor_async.py
[2024-08-23T12:08:12.687+0000] {processor.py:914} INFO - Processing file /home/airflow/.local/lib/python3.12/site-packages/airflow/example_dags/example_time_delta_sensor_async.py for tasks to queue
[2024-08-23T12:08:12.689+0000] {logging_mixin.py:190} INFO - [2024-08-23T12:08:12.689+0000] {dagbag.py:587} INFO - Filling up the DagBag from /home/airflow/.local/lib/python3.12/site-packages/airflow/example_dags/example_time_delta_sensor_async.py
[2024-08-23T12:08:12.694+0000] {processor.py:925} INFO - DAG(s) 'example_time_delta_sensor_async' retrieved from /home/airflow/.local/lib/python3.12/site-packages/airflow/example_dags/example_time_delta_sensor_async.py
[2024-08-23T12:08:12.735+0000] {logging_mixin.py:190} INFO - [2024-08-23T12:08:12.734+0000] {dag.py:3211} INFO - Sync 1 DAGs
[2024-08-23T12:08:12.764+0000] {logging_mixin.py:190} INFO - [2024-08-23T12:08:12.764+0000] {dag.py:4138} INFO - Setting next_dagrun for example_time_delta_sensor_async to None, run_after=None
[2024-08-23T12:08:12.781+0000] {processor.py:208} INFO - Processing /home/airflow/.local/lib/python3.12/site-packages/airflow/example_dags/example_time_delta_sensor_async.py took 0.117 seconds
[2024-08-23T12:08:43.584+0000] {processor.py:186} INFO - Started process (PID=741) to work on /home/airflow/.local/lib/python3.12/site-packages/airflow/example_dags/example_time_delta_sensor_async.py
[2024-08-23T12:08:43.586+0000] {processor.py:914} INFO - Processing file /home/airflow/.local/lib/python3.12/site-packages/airflow/example_dags/example_time_delta_sensor_async.py for tasks to queue
[2024-08-23T12:08:43.588+0000] {logging_mixin.py:190} INFO - [2024-08-23T12:08:43.588+0000] {dagbag.py:587} INFO - Filling up the DagBag from /home/airflow/.local/lib/python3.12/site-packages/airflow/example_dags/example_time_delta_sensor_async.py
[2024-08-23T12:08:43.592+0000] {processor.py:925} INFO - DAG(s) 'example_time_delta_sensor_async' retrieved from /home/airflow/.local/lib/python3.12/site-packages/airflow/example_dags/example_time_delta_sensor_async.py
[2024-08-23T12:08:43.623+0000] {logging_mixin.py:190} INFO - [2024-08-23T12:08:43.623+0000] {dag.py:3211} INFO - Sync 1 DAGs
[2024-08-23T12:08:43.631+0000] {logging_mixin.py:190} INFO - [2024-08-23T12:08:43.631+0000] {dag.py:4138} INFO - Setting next_dagrun for example_time_delta_sensor_async to None, run_after=None
[2024-08-23T12:08:43.641+0000] {processor.py:208} INFO - Processing /home/airflow/.local/lib/python3.12/site-packages/airflow/example_dags/example_time_delta_sensor_async.py took 0.079 seconds
[2024-08-23T12:09:14.831+0000] {processor.py:186} INFO - Started process (PID=803) to work on /home/airflow/.local/lib/python3.12/site-packages/airflow/example_dags/example_time_delta_sensor_async.py
[2024-08-23T12:09:14.835+0000] {processor.py:914} INFO - Processing file /home/airflow/.local/lib/python3.12/site-packages/airflow/example_dags/example_time_delta_sensor_async.py for tasks to queue
[2024-08-23T12:09:14.840+0000] {logging_mixin.py:190} INFO - [2024-08-23T12:09:14.840+0000] {dagbag.py:587} INFO - Filling up the DagBag from /home/airflow/.local/lib/python3.12/site-packages/airflow/example_dags/example_time_delta_sensor_async.py
[2024-08-23T12:09:14.849+0000] {processor.py:925} INFO - DAG(s) 'example_time_delta_sensor_async' retrieved from /home/airflow/.local/lib/python3.12/site-packages/airflow/example_dags/example_time_delta_sensor_async.py
[2024-08-23T12:09:14.888+0000] {logging_mixin.py:190} INFO - [2024-08-23T12:09:14.888+0000] {dag.py:3211} INFO - Sync 1 DAGs
[2024-08-23T12:09:14.899+0000] {logging_mixin.py:190} INFO - [2024-08-23T12:09:14.899+0000] {dag.py:4138} INFO - Setting next_dagrun for example_time_delta_sensor_async to None, run_after=None
[2024-08-23T12:09:14.914+0000] {processor.py:208} INFO - Processing /home/airflow/.local/lib/python3.12/site-packages/airflow/example_dags/example_time_delta_sensor_async.py took 0.127 seconds
[2024-08-23T12:09:45.543+0000] {processor.py:186} INFO - Started process (PID=865) to work on /home/airflow/.local/lib/python3.12/site-packages/airflow/example_dags/example_time_delta_sensor_async.py
[2024-08-23T12:09:45.546+0000] {processor.py:914} INFO - Processing file /home/airflow/.local/lib/python3.12/site-packages/airflow/example_dags/example_time_delta_sensor_async.py for tasks to queue
[2024-08-23T12:09:45.548+0000] {logging_mixin.py:190} INFO - [2024-08-23T12:09:45.548+0000] {dagbag.py:587} INFO - Filling up the DagBag from /home/airflow/.local/lib/python3.12/site-packages/airflow/example_dags/example_time_delta_sensor_async.py
[2024-08-23T12:09:45.552+0000] {processor.py:925} INFO - DAG(s) 'example_time_delta_sensor_async' retrieved from /home/airflow/.local/lib/python3.12/site-packages/airflow/example_dags/example_time_delta_sensor_async.py
[2024-08-23T12:09:45.568+0000] {logging_mixin.py:190} INFO - [2024-08-23T12:09:45.568+0000] {dag.py:3211} INFO - Sync 1 DAGs
[2024-08-23T12:09:45.582+0000] {logging_mixin.py:190} INFO - [2024-08-23T12:09:45.582+0000] {dag.py:4138} INFO - Setting next_dagrun for example_time_delta_sensor_async to None, run_after=None
[2024-08-23T12:09:45.591+0000] {processor.py:208} INFO - Processing /home/airflow/.local/lib/python3.12/site-packages/airflow/example_dags/example_time_delta_sensor_async.py took 0.051 seconds
[2024-08-23T12:10:16.660+0000] {processor.py:186} INFO - Started process (PID=927) to work on /home/airflow/.local/lib/python3.12/site-packages/airflow/example_dags/example_time_delta_sensor_async.py
[2024-08-23T12:10:16.663+0000] {processor.py:914} INFO - Processing file /home/airflow/.local/lib/python3.12/site-packages/airflow/example_dags/example_time_delta_sensor_async.py for tasks to queue
[2024-08-23T12:10:16.665+0000] {logging_mixin.py:190} INFO - [2024-08-23T12:10:16.665+0000] {dagbag.py:587} INFO - Filling up the DagBag from /home/airflow/.local/lib/python3.12/site-packages/airflow/example_dags/example_time_delta_sensor_async.py
[2024-08-23T12:10:16.669+0000] {processor.py:925} INFO - DAG(s) 'example_time_delta_sensor_async' retrieved from /home/airflow/.local/lib/python3.12/site-packages/airflow/example_dags/example_time_delta_sensor_async.py
[2024-08-23T12:10:16.686+0000] {logging_mixin.py:190} INFO - [2024-08-23T12:10:16.685+0000] {dag.py:3211} INFO - Sync 1 DAGs
[2024-08-23T12:10:16.693+0000] {logging_mixin.py:190} INFO - [2024-08-23T12:10:16.693+0000] {dag.py:4138} INFO - Setting next_dagrun for example_time_delta_sensor_async to None, run_after=None
[2024-08-23T12:10:16.703+0000] {processor.py:208} INFO - Processing /home/airflow/.local/lib/python3.12/site-packages/airflow/example_dags/example_time_delta_sensor_async.py took 0.049 seconds
[2024-08-23T12:10:47.739+0000] {processor.py:186} INFO - Started process (PID=989) to work on /home/airflow/.local/lib/python3.12/site-packages/airflow/example_dags/example_time_delta_sensor_async.py
[2024-08-23T12:10:47.741+0000] {processor.py:914} INFO - Processing file /home/airflow/.local/lib/python3.12/site-packages/airflow/example_dags/example_time_delta_sensor_async.py for tasks to queue
[2024-08-23T12:10:47.749+0000] {logging_mixin.py:190} INFO - [2024-08-23T12:10:47.748+0000] {dagbag.py:587} INFO - Filling up the DagBag from /home/airflow/.local/lib/python3.12/site-packages/airflow/example_dags/example_time_delta_sensor_async.py
[2024-08-23T12:10:47.756+0000] {processor.py:925} INFO - DAG(s) 'example_time_delta_sensor_async' retrieved from /home/airflow/.local/lib/python3.12/site-packages/airflow/example_dags/example_time_delta_sensor_async.py
[2024-08-23T12:10:47.772+0000] {logging_mixin.py:190} INFO - [2024-08-23T12:10:47.772+0000] {dag.py:3211} INFO - Sync 1 DAGs
[2024-08-23T12:10:47.783+0000] {logging_mixin.py:190} INFO - [2024-08-23T12:10:47.783+0000] {dag.py:4138} INFO - Setting next_dagrun for example_time_delta_sensor_async to None, run_after=None
[2024-08-23T12:10:47.796+0000] {processor.py:208} INFO - Processing /home/airflow/.local/lib/python3.12/site-packages/airflow/example_dags/example_time_delta_sensor_async.py took 0.064 seconds
[2024-08-23T12:11:18.466+0000] {processor.py:186} INFO - Started process (PID=1051) to work on /home/airflow/.local/lib/python3.12/site-packages/airflow/example_dags/example_time_delta_sensor_async.py
[2024-08-23T12:11:18.467+0000] {processor.py:914} INFO - Processing file /home/airflow/.local/lib/python3.12/site-packages/airflow/example_dags/example_time_delta_sensor_async.py for tasks to queue
[2024-08-23T12:11:18.469+0000] {logging_mixin.py:190} INFO - [2024-08-23T12:11:18.469+0000] {dagbag.py:587} INFO - Filling up the DagBag from /home/airflow/.local/lib/python3.12/site-packages/airflow/example_dags/example_time_delta_sensor_async.py
[2024-08-23T12:11:18.473+0000] {processor.py:925} INFO - DAG(s) 'example_time_delta_sensor_async' retrieved from /home/airflow/.local/lib/python3.12/site-packages/airflow/example_dags/example_time_delta_sensor_async.py
[2024-08-23T12:11:18.488+0000] {logging_mixin.py:190} INFO - [2024-08-23T12:11:18.488+0000] {dag.py:3211} INFO - Sync 1 DAGs
[2024-08-23T12:11:18.498+0000] {logging_mixin.py:190} INFO - [2024-08-23T12:11:18.497+0000] {dag.py:4138} INFO - Setting next_dagrun for example_time_delta_sensor_async to None, run_after=None
[2024-08-23T12:11:18.527+0000] {processor.py:208} INFO - Processing /home/airflow/.local/lib/python3.12/site-packages/airflow/example_dags/example_time_delta_sensor_async.py took 0.067 seconds
[2024-08-23T12:11:49.575+0000] {processor.py:186} INFO - Started process (PID=1113) to work on /home/airflow/.local/lib/python3.12/site-packages/airflow/example_dags/example_time_delta_sensor_async.py
[2024-08-23T12:11:49.576+0000] {processor.py:914} INFO - Processing file /home/airflow/.local/lib/python3.12/site-packages/airflow/example_dags/example_time_delta_sensor_async.py for tasks to queue
[2024-08-23T12:11:49.579+0000] {logging_mixin.py:190} INFO - [2024-08-23T12:11:49.578+0000] {dagbag.py:587} INFO - Filling up the DagBag from /home/airflow/.local/lib/python3.12/site-packages/airflow/example_dags/example_time_delta_sensor_async.py
[2024-08-23T12:11:49.583+0000] {processor.py:925} INFO - DAG(s) 'example_time_delta_sensor_async' retrieved from /home/airflow/.local/lib/python3.12/site-packages/airflow/example_dags/example_time_delta_sensor_async.py
[2024-08-23T12:11:49.607+0000] {logging_mixin.py:190} INFO - [2024-08-23T12:11:49.607+0000] {dag.py:3211} INFO - Sync 1 DAGs
[2024-08-23T12:11:49.617+0000] {logging_mixin.py:190} INFO - [2024-08-23T12:11:49.617+0000] {dag.py:4138} INFO - Setting next_dagrun for example_time_delta_sensor_async to None, run_after=None
[2024-08-23T12:11:49.628+0000] {processor.py:208} INFO - Processing /home/airflow/.local/lib/python3.12/site-packages/airflow/example_dags/example_time_delta_sensor_async.py took 0.057 seconds
[2024-08-23T12:12:20.763+0000] {processor.py:186} INFO - Started process (PID=1175) to work on /home/airflow/.local/lib/python3.12/site-packages/airflow/example_dags/example_time_delta_sensor_async.py
[2024-08-23T12:12:20.766+0000] {processor.py:914} INFO - Processing file /home/airflow/.local/lib/python3.12/site-packages/airflow/example_dags/example_time_delta_sensor_async.py for tasks to queue
[2024-08-23T12:12:20.770+0000] {logging_mixin.py:190} INFO - [2024-08-23T12:12:20.769+0000] {dagbag.py:587} INFO - Filling up the DagBag from /home/airflow/.local/lib/python3.12/site-packages/airflow/example_dags/example_time_delta_sensor_async.py
[2024-08-23T12:12:20.776+0000] {processor.py:925} INFO - DAG(s) 'example_time_delta_sensor_async' retrieved from /home/airflow/.local/lib/python3.12/site-packages/airflow/example_dags/example_time_delta_sensor_async.py
[2024-08-23T12:12:20.809+0000] {logging_mixin.py:190} INFO - [2024-08-23T12:12:20.808+0000] {dag.py:3211} INFO - Sync 1 DAGs
[2024-08-23T12:12:20.818+0000] {logging_mixin.py:190} INFO - [2024-08-23T12:12:20.817+0000] {dag.py:4138} INFO - Setting next_dagrun for example_time_delta_sensor_async to None, run_after=None
[2024-08-23T12:12:20.827+0000] {processor.py:208} INFO - Processing /home/airflow/.local/lib/python3.12/site-packages/airflow/example_dags/example_time_delta_sensor_async.py took 0.091 seconds
[2024-08-23T12:12:51.291+0000] {processor.py:186} INFO - Started process (PID=1237) to work on /home/airflow/.local/lib/python3.12/site-packages/airflow/example_dags/example_time_delta_sensor_async.py
[2024-08-23T12:12:51.297+0000] {processor.py:914} INFO - Processing file /home/airflow/.local/lib/python3.12/site-packages/airflow/example_dags/example_time_delta_sensor_async.py for tasks to queue
[2024-08-23T12:12:51.299+0000] {logging_mixin.py:190} INFO - [2024-08-23T12:12:51.299+0000] {dagbag.py:587} INFO - Filling up the DagBag from /home/airflow/.local/lib/python3.12/site-packages/airflow/example_dags/example_time_delta_sensor_async.py
[2024-08-23T12:12:51.303+0000] {processor.py:925} INFO - DAG(s) 'example_time_delta_sensor_async' retrieved from /home/airflow/.local/lib/python3.12/site-packages/airflow/example_dags/example_time_delta_sensor_async.py
[2024-08-23T12:12:51.319+0000] {logging_mixin.py:190} INFO - [2024-08-23T12:12:51.319+0000] {dag.py:3211} INFO - Sync 1 DAGs
[2024-08-23T12:12:51.328+0000] {logging_mixin.py:190} INFO - [2024-08-23T12:12:51.328+0000] {dag.py:4138} INFO - Setting next_dagrun for example_time_delta_sensor_async to None, run_after=None
[2024-08-23T12:12:51.336+0000] {processor.py:208} INFO - Processing /home/airflow/.local/lib/python3.12/site-packages/airflow/example_dags/example_time_delta_sensor_async.py took 0.051 seconds
[2024-08-23T12:13:21.597+0000] {processor.py:186} INFO - Started process (PID=1299) to work on /home/airflow/.local/lib/python3.12/site-packages/airflow/example_dags/example_time_delta_sensor_async.py
[2024-08-23T12:13:21.598+0000] {processor.py:914} INFO - Processing file /home/airflow/.local/lib/python3.12/site-packages/airflow/example_dags/example_time_delta_sensor_async.py for tasks to queue
[2024-08-23T12:13:21.600+0000] {logging_mixin.py:190} INFO - [2024-08-23T12:13:21.600+0000] {dagbag.py:587} INFO - Filling up the DagBag from /home/airflow/.local/lib/python3.12/site-packages/airflow/example_dags/example_time_delta_sensor_async.py
[2024-08-23T12:13:21.603+0000] {processor.py:925} INFO - DAG(s) 'example_time_delta_sensor_async' retrieved from /home/airflow/.local/lib/python3.12/site-packages/airflow/example_dags/example_time_delta_sensor_async.py
[2024-08-23T12:13:21.615+0000] {logging_mixin.py:190} INFO - [2024-08-23T12:13:21.615+0000] {dag.py:3211} INFO - Sync 1 DAGs
[2024-08-23T12:13:21.622+0000] {logging_mixin.py:190} INFO - [2024-08-23T12:13:21.622+0000] {dag.py:4138} INFO - Setting next_dagrun for example_time_delta_sensor_async to None, run_after=None
[2024-08-23T12:13:21.632+0000] {processor.py:208} INFO - Processing /home/airflow/.local/lib/python3.12/site-packages/airflow/example_dags/example_time_delta_sensor_async.py took 0.038 seconds
[2024-08-23T12:13:52.348+0000] {processor.py:186} INFO - Started process (PID=1361) to work on /home/airflow/.local/lib/python3.12/site-packages/airflow/example_dags/example_time_delta_sensor_async.py
[2024-08-23T12:13:52.352+0000] {processor.py:914} INFO - Processing file /home/airflow/.local/lib/python3.12/site-packages/airflow/example_dags/example_time_delta_sensor_async.py for tasks to queue
[2024-08-23T12:13:52.354+0000] {logging_mixin.py:190} INFO - [2024-08-23T12:13:52.353+0000] {dagbag.py:587} INFO - Filling up the DagBag from /home/airflow/.local/lib/python3.12/site-packages/airflow/example_dags/example_time_delta_sensor_async.py
[2024-08-23T12:13:52.358+0000] {processor.py:925} INFO - DAG(s) 'example_time_delta_sensor_async' retrieved from /home/airflow/.local/lib/python3.12/site-packages/airflow/example_dags/example_time_delta_sensor_async.py
[2024-08-23T12:13:52.378+0000] {logging_mixin.py:190} INFO - [2024-08-23T12:13:52.377+0000] {dag.py:3211} INFO - Sync 1 DAGs
[2024-08-23T12:13:52.388+0000] {logging_mixin.py:190} INFO - [2024-08-23T12:13:52.388+0000] {dag.py:4138} INFO - Setting next_dagrun for example_time_delta_sensor_async to None, run_after=None
[2024-08-23T12:13:52.396+0000] {processor.py:208} INFO - Processing /home/airflow/.local/lib/python3.12/site-packages/airflow/example_dags/example_time_delta_sensor_async.py took 0.055 seconds
[2024-08-23T12:14:23.073+0000] {processor.py:186} INFO - Started process (PID=1423) to work on /home/airflow/.local/lib/python3.12/site-packages/airflow/example_dags/example_time_delta_sensor_async.py
[2024-08-23T12:14:23.077+0000] {processor.py:914} INFO - Processing file /home/airflow/.local/lib/python3.12/site-packages/airflow/example_dags/example_time_delta_sensor_async.py for tasks to queue
[2024-08-23T12:14:23.080+0000] {logging_mixin.py:190} INFO - [2024-08-23T12:14:23.079+0000] {dagbag.py:587} INFO - Filling up the DagBag from /home/airflow/.local/lib/python3.12/site-packages/airflow/example_dags/example_time_delta_sensor_async.py
[2024-08-23T12:14:23.084+0000] {processor.py:925} INFO - DAG(s) 'example_time_delta_sensor_async' retrieved from /home/airflow/.local/lib/python3.12/site-packages/airflow/example_dags/example_time_delta_sensor_async.py
[2024-08-23T12:14:23.093+0000] {logging_mixin.py:190} INFO - [2024-08-23T12:14:23.093+0000] {dag.py:3211} INFO - Sync 1 DAGs
[2024-08-23T12:14:23.099+0000] {logging_mixin.py:190} INFO - [2024-08-23T12:14:23.099+0000] {dag.py:4138} INFO - Setting next_dagrun for example_time_delta_sensor_async to None, run_after=None
[2024-08-23T12:14:23.114+0000] {processor.py:208} INFO - Processing /home/airflow/.local/lib/python3.12/site-packages/airflow/example_dags/example_time_delta_sensor_async.py took 0.046 seconds
[2024-08-23T12:14:53.753+0000] {processor.py:186} INFO - Started process (PID=1485) to work on /home/airflow/.local/lib/python3.12/site-packages/airflow/example_dags/example_time_delta_sensor_async.py
[2024-08-23T12:14:53.756+0000] {processor.py:914} INFO - Processing file /home/airflow/.local/lib/python3.12/site-packages/airflow/example_dags/example_time_delta_sensor_async.py for tasks to queue
[2024-08-23T12:14:53.758+0000] {logging_mixin.py:190} INFO - [2024-08-23T12:14:53.758+0000] {dagbag.py:587} INFO - Filling up the DagBag from /home/airflow/.local/lib/python3.12/site-packages/airflow/example_dags/example_time_delta_sensor_async.py
[2024-08-23T12:14:53.762+0000] {processor.py:925} INFO - DAG(s) 'example_time_delta_sensor_async' retrieved from /home/airflow/.local/lib/python3.12/site-packages/airflow/example_dags/example_time_delta_sensor_async.py
[2024-08-23T12:14:53.777+0000] {logging_mixin.py:190} INFO - [2024-08-23T12:14:53.777+0000] {dag.py:3211} INFO - Sync 1 DAGs
[2024-08-23T12:14:53.785+0000] {logging_mixin.py:190} INFO - [2024-08-23T12:14:53.785+0000] {dag.py:4138} INFO - Setting next_dagrun for example_time_delta_sensor_async to None, run_after=None
[2024-08-23T12:14:53.797+0000] {processor.py:208} INFO - Processing /home/airflow/.local/lib/python3.12/site-packages/airflow/example_dags/example_time_delta_sensor_async.py took 0.050 seconds
[2024-08-23T12:15:24.085+0000] {processor.py:186} INFO - Started process (PID=1547) to work on /home/airflow/.local/lib/python3.12/site-packages/airflow/example_dags/example_time_delta_sensor_async.py
[2024-08-23T12:15:24.086+0000] {processor.py:914} INFO - Processing file /home/airflow/.local/lib/python3.12/site-packages/airflow/example_dags/example_time_delta_sensor_async.py for tasks to queue
[2024-08-23T12:15:24.088+0000] {logging_mixin.py:190} INFO - [2024-08-23T12:15:24.088+0000] {dagbag.py:587} INFO - Filling up the DagBag from /home/airflow/.local/lib/python3.12/site-packages/airflow/example_dags/example_time_delta_sensor_async.py
[2024-08-23T12:15:24.094+0000] {processor.py:925} INFO - DAG(s) 'example_time_delta_sensor_async' retrieved from /home/airflow/.local/lib/python3.12/site-packages/airflow/example_dags/example_time_delta_sensor_async.py
[2024-08-23T12:15:24.117+0000] {logging_mixin.py:190} INFO - [2024-08-23T12:15:24.116+0000] {dag.py:3211} INFO - Sync 1 DAGs
[2024-08-23T12:15:24.127+0000] {logging_mixin.py:190} INFO - [2024-08-23T12:15:24.127+0000] {dag.py:4138} INFO - Setting next_dagrun for example_time_delta_sensor_async to None, run_after=None
[2024-08-23T12:15:24.137+0000] {processor.py:208} INFO - Processing /home/airflow/.local/lib/python3.12/site-packages/airflow/example_dags/example_time_delta_sensor_async.py took 0.056 seconds
[2024-08-23T12:15:55.240+0000] {processor.py:186} INFO - Started process (PID=1609) to work on /home/airflow/.local/lib/python3.12/site-packages/airflow/example_dags/example_time_delta_sensor_async.py
[2024-08-23T12:15:55.243+0000] {processor.py:914} INFO - Processing file /home/airflow/.local/lib/python3.12/site-packages/airflow/example_dags/example_time_delta_sensor_async.py for tasks to queue
[2024-08-23T12:15:55.244+0000] {logging_mixin.py:190} INFO - [2024-08-23T12:15:55.244+0000] {dagbag.py:587} INFO - Filling up the DagBag from /home/airflow/.local/lib/python3.12/site-packages/airflow/example_dags/example_time_delta_sensor_async.py
[2024-08-23T12:15:55.248+0000] {processor.py:925} INFO - DAG(s) 'example_time_delta_sensor_async' retrieved from /home/airflow/.local/lib/python3.12/site-packages/airflow/example_dags/example_time_delta_sensor_async.py
[2024-08-23T12:15:55.265+0000] {logging_mixin.py:190} INFO - [2024-08-23T12:15:55.265+0000] {dag.py:3211} INFO - Sync 1 DAGs
[2024-08-23T12:15:55.273+0000] {logging_mixin.py:190} INFO - [2024-08-23T12:15:55.272+0000] {dag.py:4138} INFO - Setting next_dagrun for example_time_delta_sensor_async to None, run_after=None
[2024-08-23T12:15:55.283+0000] {processor.py:208} INFO - Processing /home/airflow/.local/lib/python3.12/site-packages/airflow/example_dags/example_time_delta_sensor_async.py took 0.047 seconds
[2024-08-23T12:16:25.732+0000] {processor.py:186} INFO - Started process (PID=1671) to work on /home/airflow/.local/lib/python3.12/site-packages/airflow/example_dags/example_time_delta_sensor_async.py
[2024-08-23T12:16:25.736+0000] {processor.py:914} INFO - Processing file /home/airflow/.local/lib/python3.12/site-packages/airflow/example_dags/example_time_delta_sensor_async.py for tasks to queue
[2024-08-23T12:16:25.737+0000] {logging_mixin.py:190} INFO - [2024-08-23T12:16:25.737+0000] {dagbag.py:587} INFO - Filling up the DagBag from /home/airflow/.local/lib/python3.12/site-packages/airflow/example_dags/example_time_delta_sensor_async.py
[2024-08-23T12:16:25.741+0000] {processor.py:925} INFO - DAG(s) 'example_time_delta_sensor_async' retrieved from /home/airflow/.local/lib/python3.12/site-packages/airflow/example_dags/example_time_delta_sensor_async.py
[2024-08-23T12:16:25.759+0000] {logging_mixin.py:190} INFO - [2024-08-23T12:16:25.759+0000] {dag.py:3211} INFO - Sync 1 DAGs
[2024-08-23T12:16:25.784+0000] {logging_mixin.py:190} INFO - [2024-08-23T12:16:25.783+0000] {dag.py:4138} INFO - Setting next_dagrun for example_time_delta_sensor_async to None, run_after=None
[2024-08-23T12:16:25.796+0000] {processor.py:208} INFO - Processing /home/airflow/.local/lib/python3.12/site-packages/airflow/example_dags/example_time_delta_sensor_async.py took 0.082 seconds
