[2024-08-23T12:03:01.970+0000] {processor.py:186} INFO - Started process (PID=93) to work on /home/airflow/.local/lib/python3.12/site-packages/airflow/example_dags/example_bash_decorator.py
[2024-08-23T12:03:01.992+0000] {processor.py:914} INFO - Processing file /home/airflow/.local/lib/python3.12/site-packages/airflow/example_dags/example_bash_decorator.py for tasks to queue
[2024-08-23T12:03:02.047+0000] {logging_mixin.py:190} INFO - [2024-08-23T12:03:02.040+0000] {dagbag.py:587} INFO - Filling up the DagBag from /home/airflow/.local/lib/python3.12/site-packages/airflow/example_dags/example_bash_decorator.py
[2024-08-23T12:03:02.251+0000] {processor.py:925} INFO - DAG(s) 'example_bash_decorator' retrieved from /home/airflow/.local/lib/python3.12/site-packages/airflow/example_dags/example_bash_decorator.py
[2024-08-23T12:03:02.789+0000] {logging_mixin.py:190} INFO - [2024-08-23T12:03:02.783+0000] {override.py:1858} INFO - Created Permission View: can read on DAG:example_bash_decorator
[2024-08-23T12:03:02.825+0000] {logging_mixin.py:190} INFO - [2024-08-23T12:03:02.823+0000] {override.py:1858} INFO - Created Permission View: can delete on DAG:example_bash_decorator
[2024-08-23T12:03:02.848+0000] {logging_mixin.py:190} INFO - [2024-08-23T12:03:02.847+0000] {override.py:1858} INFO - Created Permission View: can edit on DAG:example_bash_decorator
[2024-08-23T12:03:02.849+0000] {logging_mixin.py:190} INFO - [2024-08-23T12:03:02.848+0000] {dag.py:3211} INFO - Sync 1 DAGs
[2024-08-23T12:03:02.896+0000] {logging_mixin.py:190} INFO - [2024-08-23T12:03:02.896+0000] {dag.py:3234} INFO - Creating ORM DAG for example_bash_decorator
[2024-08-23T12:03:02.904+0000] {logging_mixin.py:190} INFO - [2024-08-23T12:03:02.904+0000] {dag.py:4138} INFO - Setting next_dagrun for example_bash_decorator to None, run_after=None
[2024-08-23T12:03:02.961+0000] {processor.py:208} INFO - Processing /home/airflow/.local/lib/python3.12/site-packages/airflow/example_dags/example_bash_decorator.py took 1.045 seconds
[2024-08-23T12:03:33.687+0000] {processor.py:186} INFO - Started process (PID=154) to work on /home/airflow/.local/lib/python3.12/site-packages/airflow/example_dags/example_bash_decorator.py
[2024-08-23T12:03:33.699+0000] {processor.py:914} INFO - Processing file /home/airflow/.local/lib/python3.12/site-packages/airflow/example_dags/example_bash_decorator.py for tasks to queue
[2024-08-23T12:03:33.751+0000] {logging_mixin.py:190} INFO - [2024-08-23T12:03:33.750+0000] {dagbag.py:587} INFO - Filling up the DagBag from /home/airflow/.local/lib/python3.12/site-packages/airflow/example_dags/example_bash_decorator.py
[2024-08-23T12:03:33.787+0000] {processor.py:925} INFO - DAG(s) 'example_bash_decorator' retrieved from /home/airflow/.local/lib/python3.12/site-packages/airflow/example_dags/example_bash_decorator.py
[2024-08-23T12:03:33.828+0000] {logging_mixin.py:190} INFO - [2024-08-23T12:03:33.828+0000] {dag.py:3211} INFO - Sync 1 DAGs
[2024-08-23T12:03:33.842+0000] {logging_mixin.py:190} INFO - [2024-08-23T12:03:33.842+0000] {dag.py:4138} INFO - Setting next_dagrun for example_bash_decorator to None, run_after=None
[2024-08-23T12:03:33.926+0000] {processor.py:208} INFO - Processing /home/airflow/.local/lib/python3.12/site-packages/airflow/example_dags/example_bash_decorator.py took 0.246 seconds
[2024-08-23T12:04:05.348+0000] {processor.py:186} INFO - Started process (PID=216) to work on /home/airflow/.local/lib/python3.12/site-packages/airflow/example_dags/example_bash_decorator.py
[2024-08-23T12:04:05.625+0000] {processor.py:914} INFO - Processing file /home/airflow/.local/lib/python3.12/site-packages/airflow/example_dags/example_bash_decorator.py for tasks to queue
[2024-08-23T12:04:05.672+0000] {logging_mixin.py:190} INFO - [2024-08-23T12:04:05.670+0000] {dagbag.py:587} INFO - Filling up the DagBag from /home/airflow/.local/lib/python3.12/site-packages/airflow/example_dags/example_bash_decorator.py
[2024-08-23T12:04:05.977+0000] {processor.py:925} INFO - DAG(s) 'example_bash_decorator' retrieved from /home/airflow/.local/lib/python3.12/site-packages/airflow/example_dags/example_bash_decorator.py
[2024-08-23T12:04:06.392+0000] {logging_mixin.py:190} INFO - [2024-08-23T12:04:06.391+0000] {dag.py:3211} INFO - Sync 1 DAGs
[2024-08-23T12:04:06.555+0000] {logging_mixin.py:190} INFO - [2024-08-23T12:04:06.554+0000] {dag.py:4138} INFO - Setting next_dagrun for example_bash_decorator to None, run_after=None
[2024-08-23T12:04:06.744+0000] {processor.py:208} INFO - Processing /home/airflow/.local/lib/python3.12/site-packages/airflow/example_dags/example_bash_decorator.py took 1.651 seconds
[2024-08-23T12:05:00.638+0000] {processor.py:186} INFO - Started process (PID=279) to work on /home/airflow/.local/lib/python3.12/site-packages/airflow/example_dags/example_bash_decorator.py
[2024-08-23T12:05:00.665+0000] {processor.py:914} INFO - Processing file /home/airflow/.local/lib/python3.12/site-packages/airflow/example_dags/example_bash_decorator.py for tasks to queue
[2024-08-23T12:05:00.701+0000] {logging_mixin.py:190} INFO - [2024-08-23T12:05:00.701+0000] {dagbag.py:587} INFO - Filling up the DagBag from /home/airflow/.local/lib/python3.12/site-packages/airflow/example_dags/example_bash_decorator.py
[2024-08-23T12:05:00.827+0000] {processor.py:925} INFO - DAG(s) 'example_bash_decorator' retrieved from /home/airflow/.local/lib/python3.12/site-packages/airflow/example_dags/example_bash_decorator.py
[2024-08-23T12:05:00.934+0000] {logging_mixin.py:190} INFO - [2024-08-23T12:05:00.933+0000] {dag.py:3211} INFO - Sync 1 DAGs
[2024-08-23T12:05:00.993+0000] {logging_mixin.py:190} INFO - [2024-08-23T12:05:00.993+0000] {dag.py:4138} INFO - Setting next_dagrun for example_bash_decorator to None, run_after=None
[2024-08-23T12:05:01.063+0000] {processor.py:208} INFO - Processing /home/airflow/.local/lib/python3.12/site-packages/airflow/example_dags/example_bash_decorator.py took 0.542 seconds
[2024-08-23T12:05:32.055+0000] {processor.py:186} INFO - Started process (PID=340) to work on /home/airflow/.local/lib/python3.12/site-packages/airflow/example_dags/example_bash_decorator.py
[2024-08-23T12:05:32.061+0000] {processor.py:914} INFO - Processing file /home/airflow/.local/lib/python3.12/site-packages/airflow/example_dags/example_bash_decorator.py for tasks to queue
[2024-08-23T12:05:32.065+0000] {logging_mixin.py:190} INFO - [2024-08-23T12:05:32.065+0000] {dagbag.py:587} INFO - Filling up the DagBag from /home/airflow/.local/lib/python3.12/site-packages/airflow/example_dags/example_bash_decorator.py
[2024-08-23T12:05:32.103+0000] {processor.py:925} INFO - DAG(s) 'example_bash_decorator' retrieved from /home/airflow/.local/lib/python3.12/site-packages/airflow/example_dags/example_bash_decorator.py
[2024-08-23T12:05:32.171+0000] {logging_mixin.py:190} INFO - [2024-08-23T12:05:32.171+0000] {dag.py:3211} INFO - Sync 1 DAGs
[2024-08-23T12:05:32.293+0000] {logging_mixin.py:190} INFO - [2024-08-23T12:05:32.291+0000] {dag.py:4138} INFO - Setting next_dagrun for example_bash_decorator to None, run_after=None
[2024-08-23T12:05:32.462+0000] {processor.py:208} INFO - Processing /home/airflow/.local/lib/python3.12/site-packages/airflow/example_dags/example_bash_decorator.py took 0.417 seconds
[2024-08-23T12:06:02.805+0000] {processor.py:186} INFO - Started process (PID=407) to work on /home/airflow/.local/lib/python3.12/site-packages/airflow/example_dags/example_bash_decorator.py
[2024-08-23T12:06:02.809+0000] {processor.py:914} INFO - Processing file /home/airflow/.local/lib/python3.12/site-packages/airflow/example_dags/example_bash_decorator.py for tasks to queue
[2024-08-23T12:06:02.817+0000] {logging_mixin.py:190} INFO - [2024-08-23T12:06:02.816+0000] {dagbag.py:587} INFO - Filling up the DagBag from /home/airflow/.local/lib/python3.12/site-packages/airflow/example_dags/example_bash_decorator.py
[2024-08-23T12:06:02.869+0000] {processor.py:925} INFO - DAG(s) 'example_bash_decorator' retrieved from /home/airflow/.local/lib/python3.12/site-packages/airflow/example_dags/example_bash_decorator.py
[2024-08-23T12:06:02.965+0000] {logging_mixin.py:190} INFO - [2024-08-23T12:06:02.964+0000] {dag.py:3211} INFO - Sync 1 DAGs
[2024-08-23T12:06:02.993+0000] {logging_mixin.py:190} INFO - [2024-08-23T12:06:02.993+0000] {dag.py:4138} INFO - Setting next_dagrun for example_bash_decorator to None, run_after=None
[2024-08-23T12:06:03.108+0000] {processor.py:208} INFO - Processing /home/airflow/.local/lib/python3.12/site-packages/airflow/example_dags/example_bash_decorator.py took 0.335 seconds
[2024-08-23T12:06:33.709+0000] {processor.py:186} INFO - Started process (PID=469) to work on /home/airflow/.local/lib/python3.12/site-packages/airflow/example_dags/example_bash_decorator.py
[2024-08-23T12:06:33.713+0000] {processor.py:914} INFO - Processing file /home/airflow/.local/lib/python3.12/site-packages/airflow/example_dags/example_bash_decorator.py for tasks to queue
[2024-08-23T12:06:33.718+0000] {logging_mixin.py:190} INFO - [2024-08-23T12:06:33.718+0000] {dagbag.py:587} INFO - Filling up the DagBag from /home/airflow/.local/lib/python3.12/site-packages/airflow/example_dags/example_bash_decorator.py
[2024-08-23T12:06:33.754+0000] {processor.py:925} INFO - DAG(s) 'example_bash_decorator' retrieved from /home/airflow/.local/lib/python3.12/site-packages/airflow/example_dags/example_bash_decorator.py
[2024-08-23T12:06:33.785+0000] {logging_mixin.py:190} INFO - [2024-08-23T12:06:33.785+0000] {dag.py:3211} INFO - Sync 1 DAGs
[2024-08-23T12:06:33.805+0000] {logging_mixin.py:190} INFO - [2024-08-23T12:06:33.805+0000] {dag.py:4138} INFO - Setting next_dagrun for example_bash_decorator to None, run_after=None
[2024-08-23T12:06:33.822+0000] {processor.py:208} INFO - Processing /home/airflow/.local/lib/python3.12/site-packages/airflow/example_dags/example_bash_decorator.py took 0.126 seconds
[2024-08-23T12:07:04.091+0000] {processor.py:186} INFO - Started process (PID=530) to work on /home/airflow/.local/lib/python3.12/site-packages/airflow/example_dags/example_bash_decorator.py
[2024-08-23T12:07:04.096+0000] {processor.py:914} INFO - Processing file /home/airflow/.local/lib/python3.12/site-packages/airflow/example_dags/example_bash_decorator.py for tasks to queue
[2024-08-23T12:07:04.099+0000] {logging_mixin.py:190} INFO - [2024-08-23T12:07:04.099+0000] {dagbag.py:587} INFO - Filling up the DagBag from /home/airflow/.local/lib/python3.12/site-packages/airflow/example_dags/example_bash_decorator.py
[2024-08-23T12:07:04.119+0000] {processor.py:925} INFO - DAG(s) 'example_bash_decorator' retrieved from /home/airflow/.local/lib/python3.12/site-packages/airflow/example_dags/example_bash_decorator.py
[2024-08-23T12:07:04.143+0000] {logging_mixin.py:190} INFO - [2024-08-23T12:07:04.143+0000] {dag.py:3211} INFO - Sync 1 DAGs
[2024-08-23T12:07:04.156+0000] {logging_mixin.py:190} INFO - [2024-08-23T12:07:04.156+0000] {dag.py:4138} INFO - Setting next_dagrun for example_bash_decorator to None, run_after=None
[2024-08-23T12:07:04.183+0000] {processor.py:208} INFO - Processing /home/airflow/.local/lib/python3.12/site-packages/airflow/example_dags/example_bash_decorator.py took 0.104 seconds
[2024-08-23T12:07:34.668+0000] {processor.py:186} INFO - Started process (PID=593) to work on /home/airflow/.local/lib/python3.12/site-packages/airflow/example_dags/example_bash_decorator.py
[2024-08-23T12:07:34.676+0000] {processor.py:914} INFO - Processing file /home/airflow/.local/lib/python3.12/site-packages/airflow/example_dags/example_bash_decorator.py for tasks to queue
[2024-08-23T12:07:34.681+0000] {logging_mixin.py:190} INFO - [2024-08-23T12:07:34.681+0000] {dagbag.py:587} INFO - Filling up the DagBag from /home/airflow/.local/lib/python3.12/site-packages/airflow/example_dags/example_bash_decorator.py
[2024-08-23T12:07:34.717+0000] {processor.py:925} INFO - DAG(s) 'example_bash_decorator' retrieved from /home/airflow/.local/lib/python3.12/site-packages/airflow/example_dags/example_bash_decorator.py
[2024-08-23T12:07:34.757+0000] {logging_mixin.py:190} INFO - [2024-08-23T12:07:34.757+0000] {dag.py:3211} INFO - Sync 1 DAGs
[2024-08-23T12:07:34.771+0000] {logging_mixin.py:190} INFO - [2024-08-23T12:07:34.771+0000] {dag.py:4138} INFO - Setting next_dagrun for example_bash_decorator to None, run_after=None
[2024-08-23T12:07:34.783+0000] {processor.py:208} INFO - Processing /home/airflow/.local/lib/python3.12/site-packages/airflow/example_dags/example_bash_decorator.py took 0.154 seconds
[2024-08-23T12:08:05.275+0000] {processor.py:186} INFO - Started process (PID=655) to work on /home/airflow/.local/lib/python3.12/site-packages/airflow/example_dags/example_bash_decorator.py
[2024-08-23T12:08:05.289+0000] {processor.py:914} INFO - Processing file /home/airflow/.local/lib/python3.12/site-packages/airflow/example_dags/example_bash_decorator.py for tasks to queue
[2024-08-23T12:08:05.296+0000] {logging_mixin.py:190} INFO - [2024-08-23T12:08:05.295+0000] {dagbag.py:587} INFO - Filling up the DagBag from /home/airflow/.local/lib/python3.12/site-packages/airflow/example_dags/example_bash_decorator.py
[2024-08-23T12:08:05.349+0000] {processor.py:925} INFO - DAG(s) 'example_bash_decorator' retrieved from /home/airflow/.local/lib/python3.12/site-packages/airflow/example_dags/example_bash_decorator.py
[2024-08-23T12:08:05.412+0000] {logging_mixin.py:190} INFO - [2024-08-23T12:08:05.412+0000] {dag.py:3211} INFO - Sync 1 DAGs
[2024-08-23T12:08:05.443+0000] {logging_mixin.py:190} INFO - [2024-08-23T12:08:05.443+0000] {dag.py:4138} INFO - Setting next_dagrun for example_bash_decorator to None, run_after=None
[2024-08-23T12:08:05.464+0000] {processor.py:208} INFO - Processing /home/airflow/.local/lib/python3.12/site-packages/airflow/example_dags/example_bash_decorator.py took 0.204 seconds
[2024-08-23T12:08:35.944+0000] {processor.py:186} INFO - Started process (PID=717) to work on /home/airflow/.local/lib/python3.12/site-packages/airflow/example_dags/example_bash_decorator.py
[2024-08-23T12:08:35.947+0000] {processor.py:914} INFO - Processing file /home/airflow/.local/lib/python3.12/site-packages/airflow/example_dags/example_bash_decorator.py for tasks to queue
[2024-08-23T12:08:35.950+0000] {logging_mixin.py:190} INFO - [2024-08-23T12:08:35.950+0000] {dagbag.py:587} INFO - Filling up the DagBag from /home/airflow/.local/lib/python3.12/site-packages/airflow/example_dags/example_bash_decorator.py
[2024-08-23T12:08:35.985+0000] {processor.py:925} INFO - DAG(s) 'example_bash_decorator' retrieved from /home/airflow/.local/lib/python3.12/site-packages/airflow/example_dags/example_bash_decorator.py
[2024-08-23T12:08:36.020+0000] {logging_mixin.py:190} INFO - [2024-08-23T12:08:36.020+0000] {dag.py:3211} INFO - Sync 1 DAGs
[2024-08-23T12:08:36.034+0000] {logging_mixin.py:190} INFO - [2024-08-23T12:08:36.034+0000] {dag.py:4138} INFO - Setting next_dagrun for example_bash_decorator to None, run_after=None
[2024-08-23T12:08:36.045+0000] {processor.py:208} INFO - Processing /home/airflow/.local/lib/python3.12/site-packages/airflow/example_dags/example_bash_decorator.py took 0.108 seconds
[2024-08-23T12:09:06.266+0000] {processor.py:186} INFO - Started process (PID=779) to work on /home/airflow/.local/lib/python3.12/site-packages/airflow/example_dags/example_bash_decorator.py
[2024-08-23T12:09:06.271+0000] {processor.py:914} INFO - Processing file /home/airflow/.local/lib/python3.12/site-packages/airflow/example_dags/example_bash_decorator.py for tasks to queue
[2024-08-23T12:09:06.274+0000] {logging_mixin.py:190} INFO - [2024-08-23T12:09:06.273+0000] {dagbag.py:587} INFO - Filling up the DagBag from /home/airflow/.local/lib/python3.12/site-packages/airflow/example_dags/example_bash_decorator.py
[2024-08-23T12:09:06.293+0000] {processor.py:925} INFO - DAG(s) 'example_bash_decorator' retrieved from /home/airflow/.local/lib/python3.12/site-packages/airflow/example_dags/example_bash_decorator.py
[2024-08-23T12:09:06.312+0000] {logging_mixin.py:190} INFO - [2024-08-23T12:09:06.312+0000] {dag.py:3211} INFO - Sync 1 DAGs
[2024-08-23T12:09:06.330+0000] {logging_mixin.py:190} INFO - [2024-08-23T12:09:06.330+0000] {dag.py:4138} INFO - Setting next_dagrun for example_bash_decorator to None, run_after=None
[2024-08-23T12:09:06.352+0000] {processor.py:208} INFO - Processing /home/airflow/.local/lib/python3.12/site-packages/airflow/example_dags/example_bash_decorator.py took 0.089 seconds
[2024-08-23T12:09:36.969+0000] {processor.py:186} INFO - Started process (PID=841) to work on /home/airflow/.local/lib/python3.12/site-packages/airflow/example_dags/example_bash_decorator.py
[2024-08-23T12:09:36.971+0000] {processor.py:914} INFO - Processing file /home/airflow/.local/lib/python3.12/site-packages/airflow/example_dags/example_bash_decorator.py for tasks to queue
[2024-08-23T12:09:36.975+0000] {logging_mixin.py:190} INFO - [2024-08-23T12:09:36.975+0000] {dagbag.py:587} INFO - Filling up the DagBag from /home/airflow/.local/lib/python3.12/site-packages/airflow/example_dags/example_bash_decorator.py
[2024-08-23T12:09:37.006+0000] {processor.py:925} INFO - DAG(s) 'example_bash_decorator' retrieved from /home/airflow/.local/lib/python3.12/site-packages/airflow/example_dags/example_bash_decorator.py
[2024-08-23T12:09:37.047+0000] {logging_mixin.py:190} INFO - [2024-08-23T12:09:37.046+0000] {dag.py:3211} INFO - Sync 1 DAGs
[2024-08-23T12:09:37.063+0000] {logging_mixin.py:190} INFO - [2024-08-23T12:09:37.063+0000] {dag.py:4138} INFO - Setting next_dagrun for example_bash_decorator to None, run_after=None
[2024-08-23T12:09:37.089+0000] {processor.py:208} INFO - Processing /home/airflow/.local/lib/python3.12/site-packages/airflow/example_dags/example_bash_decorator.py took 0.129 seconds
[2024-08-23T12:10:07.793+0000] {processor.py:186} INFO - Started process (PID=903) to work on /home/airflow/.local/lib/python3.12/site-packages/airflow/example_dags/example_bash_decorator.py
[2024-08-23T12:10:07.796+0000] {processor.py:914} INFO - Processing file /home/airflow/.local/lib/python3.12/site-packages/airflow/example_dags/example_bash_decorator.py for tasks to queue
[2024-08-23T12:10:07.799+0000] {logging_mixin.py:190} INFO - [2024-08-23T12:10:07.798+0000] {dagbag.py:587} INFO - Filling up the DagBag from /home/airflow/.local/lib/python3.12/site-packages/airflow/example_dags/example_bash_decorator.py
[2024-08-23T12:10:07.830+0000] {processor.py:925} INFO - DAG(s) 'example_bash_decorator' retrieved from /home/airflow/.local/lib/python3.12/site-packages/airflow/example_dags/example_bash_decorator.py
[2024-08-23T12:10:07.867+0000] {logging_mixin.py:190} INFO - [2024-08-23T12:10:07.866+0000] {dag.py:3211} INFO - Sync 1 DAGs
[2024-08-23T12:10:07.888+0000] {logging_mixin.py:190} INFO - [2024-08-23T12:10:07.888+0000] {dag.py:4138} INFO - Setting next_dagrun for example_bash_decorator to None, run_after=None
[2024-08-23T12:10:07.902+0000] {processor.py:208} INFO - Processing /home/airflow/.local/lib/python3.12/site-packages/airflow/example_dags/example_bash_decorator.py took 0.118 seconds
[2024-08-23T12:10:38.528+0000] {processor.py:186} INFO - Started process (PID=965) to work on /home/airflow/.local/lib/python3.12/site-packages/airflow/example_dags/example_bash_decorator.py
[2024-08-23T12:10:38.530+0000] {processor.py:914} INFO - Processing file /home/airflow/.local/lib/python3.12/site-packages/airflow/example_dags/example_bash_decorator.py for tasks to queue
[2024-08-23T12:10:38.534+0000] {logging_mixin.py:190} INFO - [2024-08-23T12:10:38.534+0000] {dagbag.py:587} INFO - Filling up the DagBag from /home/airflow/.local/lib/python3.12/site-packages/airflow/example_dags/example_bash_decorator.py
[2024-08-23T12:10:38.625+0000] {processor.py:925} INFO - DAG(s) 'example_bash_decorator' retrieved from /home/airflow/.local/lib/python3.12/site-packages/airflow/example_dags/example_bash_decorator.py
[2024-08-23T12:10:38.726+0000] {logging_mixin.py:190} INFO - [2024-08-23T12:10:38.725+0000] {dag.py:3211} INFO - Sync 1 DAGs
[2024-08-23T12:10:38.754+0000] {logging_mixin.py:190} INFO - [2024-08-23T12:10:38.753+0000] {dag.py:4138} INFO - Setting next_dagrun for example_bash_decorator to None, run_after=None
[2024-08-23T12:10:38.771+0000] {processor.py:208} INFO - Processing /home/airflow/.local/lib/python3.12/site-packages/airflow/example_dags/example_bash_decorator.py took 0.251 seconds
[2024-08-23T12:11:08.936+0000] {processor.py:186} INFO - Started process (PID=1026) to work on /home/airflow/.local/lib/python3.12/site-packages/airflow/example_dags/example_bash_decorator.py
[2024-08-23T12:11:08.939+0000] {processor.py:914} INFO - Processing file /home/airflow/.local/lib/python3.12/site-packages/airflow/example_dags/example_bash_decorator.py for tasks to queue
[2024-08-23T12:11:08.943+0000] {logging_mixin.py:190} INFO - [2024-08-23T12:11:08.943+0000] {dagbag.py:587} INFO - Filling up the DagBag from /home/airflow/.local/lib/python3.12/site-packages/airflow/example_dags/example_bash_decorator.py
[2024-08-23T12:11:08.964+0000] {processor.py:925} INFO - DAG(s) 'example_bash_decorator' retrieved from /home/airflow/.local/lib/python3.12/site-packages/airflow/example_dags/example_bash_decorator.py
[2024-08-23T12:11:09.001+0000] {logging_mixin.py:190} INFO - [2024-08-23T12:11:09.001+0000] {dag.py:3211} INFO - Sync 1 DAGs
[2024-08-23T12:11:09.012+0000] {logging_mixin.py:190} INFO - [2024-08-23T12:11:09.012+0000] {dag.py:4138} INFO - Setting next_dagrun for example_bash_decorator to None, run_after=None
[2024-08-23T12:11:09.026+0000] {processor.py:208} INFO - Processing /home/airflow/.local/lib/python3.12/site-packages/airflow/example_dags/example_bash_decorator.py took 0.109 seconds
[2024-08-23T12:11:39.820+0000] {processor.py:186} INFO - Started process (PID=1089) to work on /home/airflow/.local/lib/python3.12/site-packages/airflow/example_dags/example_bash_decorator.py
[2024-08-23T12:11:39.821+0000] {processor.py:914} INFO - Processing file /home/airflow/.local/lib/python3.12/site-packages/airflow/example_dags/example_bash_decorator.py for tasks to queue
[2024-08-23T12:11:39.824+0000] {logging_mixin.py:190} INFO - [2024-08-23T12:11:39.824+0000] {dagbag.py:587} INFO - Filling up the DagBag from /home/airflow/.local/lib/python3.12/site-packages/airflow/example_dags/example_bash_decorator.py
[2024-08-23T12:11:39.842+0000] {processor.py:925} INFO - DAG(s) 'example_bash_decorator' retrieved from /home/airflow/.local/lib/python3.12/site-packages/airflow/example_dags/example_bash_decorator.py
[2024-08-23T12:11:39.863+0000] {logging_mixin.py:190} INFO - [2024-08-23T12:11:39.863+0000] {dag.py:3211} INFO - Sync 1 DAGs
[2024-08-23T12:11:39.884+0000] {logging_mixin.py:190} INFO - [2024-08-23T12:11:39.883+0000] {dag.py:4138} INFO - Setting next_dagrun for example_bash_decorator to None, run_after=None
[2024-08-23T12:11:39.916+0000] {processor.py:208} INFO - Processing /home/airflow/.local/lib/python3.12/site-packages/airflow/example_dags/example_bash_decorator.py took 0.114 seconds
[2024-08-23T12:12:10.950+0000] {processor.py:186} INFO - Started process (PID=1151) to work on /home/airflow/.local/lib/python3.12/site-packages/airflow/example_dags/example_bash_decorator.py
[2024-08-23T12:12:10.956+0000] {processor.py:914} INFO - Processing file /home/airflow/.local/lib/python3.12/site-packages/airflow/example_dags/example_bash_decorator.py for tasks to queue
[2024-08-23T12:12:10.958+0000] {logging_mixin.py:190} INFO - [2024-08-23T12:12:10.958+0000] {dagbag.py:587} INFO - Filling up the DagBag from /home/airflow/.local/lib/python3.12/site-packages/airflow/example_dags/example_bash_decorator.py
[2024-08-23T12:12:10.981+0000] {processor.py:925} INFO - DAG(s) 'example_bash_decorator' retrieved from /home/airflow/.local/lib/python3.12/site-packages/airflow/example_dags/example_bash_decorator.py
[2024-08-23T12:12:11.008+0000] {logging_mixin.py:190} INFO - [2024-08-23T12:12:11.008+0000] {dag.py:3211} INFO - Sync 1 DAGs
[2024-08-23T12:12:11.021+0000] {logging_mixin.py:190} INFO - [2024-08-23T12:12:11.021+0000] {dag.py:4138} INFO - Setting next_dagrun for example_bash_decorator to None, run_after=None
[2024-08-23T12:12:11.039+0000] {processor.py:208} INFO - Processing /home/airflow/.local/lib/python3.12/site-packages/airflow/example_dags/example_bash_decorator.py took 0.096 seconds
[2024-08-23T12:12:41.765+0000] {processor.py:186} INFO - Started process (PID=1213) to work on /home/airflow/.local/lib/python3.12/site-packages/airflow/example_dags/example_bash_decorator.py
[2024-08-23T12:12:41.766+0000] {processor.py:914} INFO - Processing file /home/airflow/.local/lib/python3.12/site-packages/airflow/example_dags/example_bash_decorator.py for tasks to queue
[2024-08-23T12:12:41.768+0000] {logging_mixin.py:190} INFO - [2024-08-23T12:12:41.768+0000] {dagbag.py:587} INFO - Filling up the DagBag from /home/airflow/.local/lib/python3.12/site-packages/airflow/example_dags/example_bash_decorator.py
[2024-08-23T12:12:41.785+0000] {processor.py:925} INFO - DAG(s) 'example_bash_decorator' retrieved from /home/airflow/.local/lib/python3.12/site-packages/airflow/example_dags/example_bash_decorator.py
[2024-08-23T12:12:41.805+0000] {logging_mixin.py:190} INFO - [2024-08-23T12:12:41.805+0000] {dag.py:3211} INFO - Sync 1 DAGs
[2024-08-23T12:12:41.815+0000] {logging_mixin.py:190} INFO - [2024-08-23T12:12:41.815+0000] {dag.py:4138} INFO - Setting next_dagrun for example_bash_decorator to None, run_after=None
[2024-08-23T12:12:41.824+0000] {processor.py:208} INFO - Processing /home/airflow/.local/lib/python3.12/site-packages/airflow/example_dags/example_bash_decorator.py took 0.063 seconds
[2024-08-23T12:13:12.083+0000] {processor.py:186} INFO - Started process (PID=1275) to work on /home/airflow/.local/lib/python3.12/site-packages/airflow/example_dags/example_bash_decorator.py
[2024-08-23T12:13:12.087+0000] {processor.py:914} INFO - Processing file /home/airflow/.local/lib/python3.12/site-packages/airflow/example_dags/example_bash_decorator.py for tasks to queue
[2024-08-23T12:13:12.093+0000] {logging_mixin.py:190} INFO - [2024-08-23T12:13:12.092+0000] {dagbag.py:587} INFO - Filling up the DagBag from /home/airflow/.local/lib/python3.12/site-packages/airflow/example_dags/example_bash_decorator.py
[2024-08-23T12:13:12.144+0000] {processor.py:925} INFO - DAG(s) 'example_bash_decorator' retrieved from /home/airflow/.local/lib/python3.12/site-packages/airflow/example_dags/example_bash_decorator.py
[2024-08-23T12:13:12.181+0000] {logging_mixin.py:190} INFO - [2024-08-23T12:13:12.181+0000] {dag.py:3211} INFO - Sync 1 DAGs
[2024-08-23T12:13:12.197+0000] {logging_mixin.py:190} INFO - [2024-08-23T12:13:12.197+0000] {dag.py:4138} INFO - Setting next_dagrun for example_bash_decorator to None, run_after=None
[2024-08-23T12:13:12.212+0000] {processor.py:208} INFO - Processing /home/airflow/.local/lib/python3.12/site-packages/airflow/example_dags/example_bash_decorator.py took 0.136 seconds
[2024-08-23T12:13:42.735+0000] {processor.py:186} INFO - Started process (PID=1337) to work on /home/airflow/.local/lib/python3.12/site-packages/airflow/example_dags/example_bash_decorator.py
[2024-08-23T12:13:42.741+0000] {processor.py:914} INFO - Processing file /home/airflow/.local/lib/python3.12/site-packages/airflow/example_dags/example_bash_decorator.py for tasks to queue
[2024-08-23T12:13:42.744+0000] {logging_mixin.py:190} INFO - [2024-08-23T12:13:42.744+0000] {dagbag.py:587} INFO - Filling up the DagBag from /home/airflow/.local/lib/python3.12/site-packages/airflow/example_dags/example_bash_decorator.py
[2024-08-23T12:13:42.761+0000] {processor.py:925} INFO - DAG(s) 'example_bash_decorator' retrieved from /home/airflow/.local/lib/python3.12/site-packages/airflow/example_dags/example_bash_decorator.py
[2024-08-23T12:13:42.781+0000] {logging_mixin.py:190} INFO - [2024-08-23T12:13:42.781+0000] {dag.py:3211} INFO - Sync 1 DAGs
[2024-08-23T12:13:42.792+0000] {logging_mixin.py:190} INFO - [2024-08-23T12:13:42.792+0000] {dag.py:4138} INFO - Setting next_dagrun for example_bash_decorator to None, run_after=None
[2024-08-23T12:13:42.802+0000] {processor.py:208} INFO - Processing /home/airflow/.local/lib/python3.12/site-packages/airflow/example_dags/example_bash_decorator.py took 0.076 seconds
[2024-08-23T12:14:12.850+0000] {processor.py:186} INFO - Started process (PID=1398) to work on /home/airflow/.local/lib/python3.12/site-packages/airflow/example_dags/example_bash_decorator.py
[2024-08-23T12:14:12.855+0000] {processor.py:914} INFO - Processing file /home/airflow/.local/lib/python3.12/site-packages/airflow/example_dags/example_bash_decorator.py for tasks to queue
[2024-08-23T12:14:12.859+0000] {logging_mixin.py:190} INFO - [2024-08-23T12:14:12.858+0000] {dagbag.py:587} INFO - Filling up the DagBag from /home/airflow/.local/lib/python3.12/site-packages/airflow/example_dags/example_bash_decorator.py
[2024-08-23T12:14:12.876+0000] {processor.py:925} INFO - DAG(s) 'example_bash_decorator' retrieved from /home/airflow/.local/lib/python3.12/site-packages/airflow/example_dags/example_bash_decorator.py
[2024-08-23T12:14:12.896+0000] {logging_mixin.py:190} INFO - [2024-08-23T12:14:12.896+0000] {dag.py:3211} INFO - Sync 1 DAGs
[2024-08-23T12:14:12.907+0000] {logging_mixin.py:190} INFO - [2024-08-23T12:14:12.907+0000] {dag.py:4138} INFO - Setting next_dagrun for example_bash_decorator to None, run_after=None
[2024-08-23T12:14:12.917+0000] {processor.py:208} INFO - Processing /home/airflow/.local/lib/python3.12/site-packages/airflow/example_dags/example_bash_decorator.py took 0.079 seconds
[2024-08-23T12:14:43.434+0000] {processor.py:186} INFO - Started process (PID=1461) to work on /home/airflow/.local/lib/python3.12/site-packages/airflow/example_dags/example_bash_decorator.py
[2024-08-23T12:14:43.437+0000] {processor.py:914} INFO - Processing file /home/airflow/.local/lib/python3.12/site-packages/airflow/example_dags/example_bash_decorator.py for tasks to queue
[2024-08-23T12:14:43.440+0000] {logging_mixin.py:190} INFO - [2024-08-23T12:14:43.440+0000] {dagbag.py:587} INFO - Filling up the DagBag from /home/airflow/.local/lib/python3.12/site-packages/airflow/example_dags/example_bash_decorator.py
[2024-08-23T12:14:43.457+0000] {processor.py:925} INFO - DAG(s) 'example_bash_decorator' retrieved from /home/airflow/.local/lib/python3.12/site-packages/airflow/example_dags/example_bash_decorator.py
[2024-08-23T12:14:43.485+0000] {logging_mixin.py:190} INFO - [2024-08-23T12:14:43.484+0000] {dag.py:3211} INFO - Sync 1 DAGs
[2024-08-23T12:14:43.497+0000] {logging_mixin.py:190} INFO - [2024-08-23T12:14:43.497+0000] {dag.py:4138} INFO - Setting next_dagrun for example_bash_decorator to None, run_after=None
[2024-08-23T12:14:43.513+0000] {processor.py:208} INFO - Processing /home/airflow/.local/lib/python3.12/site-packages/airflow/example_dags/example_bash_decorator.py took 0.084 seconds
[2024-08-23T12:15:14.472+0000] {processor.py:186} INFO - Started process (PID=1522) to work on /home/airflow/.local/lib/python3.12/site-packages/airflow/example_dags/example_bash_decorator.py
[2024-08-23T12:15:14.476+0000] {processor.py:914} INFO - Processing file /home/airflow/.local/lib/python3.12/site-packages/airflow/example_dags/example_bash_decorator.py for tasks to queue
[2024-08-23T12:15:14.479+0000] {logging_mixin.py:190} INFO - [2024-08-23T12:15:14.479+0000] {dagbag.py:587} INFO - Filling up the DagBag from /home/airflow/.local/lib/python3.12/site-packages/airflow/example_dags/example_bash_decorator.py
[2024-08-23T12:15:14.498+0000] {processor.py:925} INFO - DAG(s) 'example_bash_decorator' retrieved from /home/airflow/.local/lib/python3.12/site-packages/airflow/example_dags/example_bash_decorator.py
[2024-08-23T12:15:14.532+0000] {logging_mixin.py:190} INFO - [2024-08-23T12:15:14.532+0000] {dag.py:3211} INFO - Sync 1 DAGs
[2024-08-23T12:15:14.547+0000] {logging_mixin.py:190} INFO - [2024-08-23T12:15:14.546+0000] {dag.py:4138} INFO - Setting next_dagrun for example_bash_decorator to None, run_after=None
[2024-08-23T12:15:14.561+0000] {processor.py:208} INFO - Processing /home/airflow/.local/lib/python3.12/site-packages/airflow/example_dags/example_bash_decorator.py took 0.113 seconds
[2024-08-23T12:15:44.688+0000] {processor.py:186} INFO - Started process (PID=1584) to work on /home/airflow/.local/lib/python3.12/site-packages/airflow/example_dags/example_bash_decorator.py
[2024-08-23T12:15:44.690+0000] {processor.py:914} INFO - Processing file /home/airflow/.local/lib/python3.12/site-packages/airflow/example_dags/example_bash_decorator.py for tasks to queue
[2024-08-23T12:15:44.692+0000] {logging_mixin.py:190} INFO - [2024-08-23T12:15:44.692+0000] {dagbag.py:587} INFO - Filling up the DagBag from /home/airflow/.local/lib/python3.12/site-packages/airflow/example_dags/example_bash_decorator.py
[2024-08-23T12:15:44.736+0000] {processor.py:925} INFO - DAG(s) 'example_bash_decorator' retrieved from /home/airflow/.local/lib/python3.12/site-packages/airflow/example_dags/example_bash_decorator.py
[2024-08-23T12:15:44.756+0000] {logging_mixin.py:190} INFO - [2024-08-23T12:15:44.756+0000] {dag.py:3211} INFO - Sync 1 DAGs
[2024-08-23T12:15:44.767+0000] {logging_mixin.py:190} INFO - [2024-08-23T12:15:44.767+0000] {dag.py:4138} INFO - Setting next_dagrun for example_bash_decorator to None, run_after=None
[2024-08-23T12:15:44.783+0000] {processor.py:208} INFO - Processing /home/airflow/.local/lib/python3.12/site-packages/airflow/example_dags/example_bash_decorator.py took 0.105 seconds
[2024-08-23T12:16:15.038+0000] {processor.py:186} INFO - Started process (PID=1646) to work on /home/airflow/.local/lib/python3.12/site-packages/airflow/example_dags/example_bash_decorator.py
[2024-08-23T12:16:15.040+0000] {processor.py:914} INFO - Processing file /home/airflow/.local/lib/python3.12/site-packages/airflow/example_dags/example_bash_decorator.py for tasks to queue
[2024-08-23T12:16:15.047+0000] {logging_mixin.py:190} INFO - [2024-08-23T12:16:15.046+0000] {dagbag.py:587} INFO - Filling up the DagBag from /home/airflow/.local/lib/python3.12/site-packages/airflow/example_dags/example_bash_decorator.py
[2024-08-23T12:16:15.081+0000] {processor.py:925} INFO - DAG(s) 'example_bash_decorator' retrieved from /home/airflow/.local/lib/python3.12/site-packages/airflow/example_dags/example_bash_decorator.py
[2024-08-23T12:16:15.124+0000] {logging_mixin.py:190} INFO - [2024-08-23T12:16:15.124+0000] {dag.py:3211} INFO - Sync 1 DAGs
[2024-08-23T12:16:15.142+0000] {logging_mixin.py:190} INFO - [2024-08-23T12:16:15.142+0000] {dag.py:4138} INFO - Setting next_dagrun for example_bash_decorator to None, run_after=None
[2024-08-23T12:16:15.161+0000] {processor.py:208} INFO - Processing /home/airflow/.local/lib/python3.12/site-packages/airflow/example_dags/example_bash_decorator.py took 0.140 seconds
[2024-08-23T12:16:45.424+0000] {processor.py:186} INFO - Started process (PID=1708) to work on /home/airflow/.local/lib/python3.12/site-packages/airflow/example_dags/example_bash_decorator.py
[2024-08-23T12:16:45.426+0000] {processor.py:914} INFO - Processing file /home/airflow/.local/lib/python3.12/site-packages/airflow/example_dags/example_bash_decorator.py for tasks to queue
[2024-08-23T12:16:45.430+0000] {logging_mixin.py:190} INFO - [2024-08-23T12:16:45.429+0000] {dagbag.py:587} INFO - Filling up the DagBag from /home/airflow/.local/lib/python3.12/site-packages/airflow/example_dags/example_bash_decorator.py
[2024-08-23T12:16:45.468+0000] {processor.py:925} INFO - DAG(s) 'example_bash_decorator' retrieved from /home/airflow/.local/lib/python3.12/site-packages/airflow/example_dags/example_bash_decorator.py
[2024-08-23T12:16:45.487+0000] {logging_mixin.py:190} INFO - [2024-08-23T12:16:45.487+0000] {dag.py:3211} INFO - Sync 1 DAGs
[2024-08-23T12:16:45.508+0000] {logging_mixin.py:190} INFO - [2024-08-23T12:16:45.508+0000] {dag.py:4138} INFO - Setting next_dagrun for example_bash_decorator to None, run_after=None
[2024-08-23T12:16:45.524+0000] {processor.py:208} INFO - Processing /home/airflow/.local/lib/python3.12/site-packages/airflow/example_dags/example_bash_decorator.py took 0.110 seconds
