[2024-08-23T12:03:21.147+0000] {processor.py:186} INFO - Started process (PID=124) to work on /home/airflow/.local/lib/python3.12/site-packages/airflow/example_dags/example_dataset_alias.py
[2024-08-23T12:03:21.148+0000] {processor.py:914} INFO - Processing file /home/airflow/.local/lib/python3.12/site-packages/airflow/example_dags/example_dataset_alias.py for tasks to queue
[2024-08-23T12:03:21.151+0000] {logging_mixin.py:190} INFO - [2024-08-23T12:03:21.151+0000] {dagbag.py:587} INFO - Filling up the DagBag from /home/airflow/.local/lib/python3.12/site-packages/airflow/example_dags/example_dataset_alias.py
[2024-08-23T12:03:21.518+0000] {processor.py:925} INFO - DAG(s) 'dataset_alias_example_alias_producer', 'dataset_alias_example_alias_consumer', 'dataset_s3_bucket_producer', 'dataset_s3_bucket_consumer' retrieved from /home/airflow/.local/lib/python3.12/site-packages/airflow/example_dags/example_dataset_alias.py
[2024-08-23T12:03:21.807+0000] {logging_mixin.py:190} INFO - [2024-08-23T12:03:21.798+0000] {override.py:1858} INFO - Created Permission View: can read on DAG:dataset_alias_example_alias_producer
[2024-08-23T12:03:21.829+0000] {logging_mixin.py:190} INFO - [2024-08-23T12:03:21.828+0000] {override.py:1858} INFO - Created Permission View: can delete on DAG:dataset_alias_example_alias_producer
[2024-08-23T12:03:21.839+0000] {logging_mixin.py:190} INFO - [2024-08-23T12:03:21.839+0000] {override.py:1858} INFO - Created Permission View: can edit on DAG:dataset_alias_example_alias_producer
[2024-08-23T12:03:21.862+0000] {logging_mixin.py:190} INFO - [2024-08-23T12:03:21.861+0000] {override.py:1858} INFO - Created Permission View: can read on DAG:dataset_alias_example_alias_consumer
[2024-08-23T12:03:21.878+0000] {logging_mixin.py:190} INFO - [2024-08-23T12:03:21.878+0000] {override.py:1858} INFO - Created Permission View: can delete on DAG:dataset_alias_example_alias_consumer
[2024-08-23T12:03:21.893+0000] {logging_mixin.py:190} INFO - [2024-08-23T12:03:21.892+0000] {override.py:1858} INFO - Created Permission View: can edit on DAG:dataset_alias_example_alias_consumer
[2024-08-23T12:03:21.956+0000] {logging_mixin.py:190} INFO - [2024-08-23T12:03:21.955+0000] {override.py:1858} INFO - Created Permission View: can read on DAG:dataset_s3_bucket_producer
[2024-08-23T12:03:21.981+0000] {logging_mixin.py:190} INFO - [2024-08-23T12:03:21.980+0000] {override.py:1858} INFO - Created Permission View: can delete on DAG:dataset_s3_bucket_producer
[2024-08-23T12:03:22.011+0000] {logging_mixin.py:190} INFO - [2024-08-23T12:03:22.010+0000] {override.py:1858} INFO - Created Permission View: can edit on DAG:dataset_s3_bucket_producer
[2024-08-23T12:03:22.029+0000] {logging_mixin.py:190} INFO - [2024-08-23T12:03:22.028+0000] {override.py:1858} INFO - Created Permission View: can read on DAG:dataset_s3_bucket_consumer
[2024-08-23T12:03:22.039+0000] {logging_mixin.py:190} INFO - [2024-08-23T12:03:22.039+0000] {override.py:1858} INFO - Created Permission View: can delete on DAG:dataset_s3_bucket_consumer
[2024-08-23T12:03:22.080+0000] {logging_mixin.py:190} INFO - [2024-08-23T12:03:22.079+0000] {override.py:1858} INFO - Created Permission View: can edit on DAG:dataset_s3_bucket_consumer
[2024-08-23T12:03:22.081+0000] {logging_mixin.py:190} INFO - [2024-08-23T12:03:22.081+0000] {dag.py:3211} INFO - Sync 4 DAGs
[2024-08-23T12:03:22.108+0000] {logging_mixin.py:190} INFO - [2024-08-23T12:03:22.108+0000] {dag.py:3234} INFO - Creating ORM DAG for dataset_alias_example_alias_consumer
[2024-08-23T12:03:22.109+0000] {logging_mixin.py:190} INFO - [2024-08-23T12:03:22.108+0000] {dag.py:3234} INFO - Creating ORM DAG for dataset_s3_bucket_consumer
[2024-08-23T12:03:22.109+0000] {logging_mixin.py:190} INFO - [2024-08-23T12:03:22.109+0000] {dag.py:3234} INFO - Creating ORM DAG for dataset_alias_example_alias_producer
[2024-08-23T12:03:22.109+0000] {logging_mixin.py:190} INFO - [2024-08-23T12:03:22.109+0000] {dag.py:3234} INFO - Creating ORM DAG for dataset_s3_bucket_producer
[2024-08-23T12:03:22.117+0000] {logging_mixin.py:190} INFO - [2024-08-23T12:03:22.117+0000] {dag.py:4138} INFO - Setting next_dagrun for dataset_alias_example_alias_consumer to None, run_after=None
[2024-08-23T12:03:22.118+0000] {logging_mixin.py:190} INFO - [2024-08-23T12:03:22.118+0000] {dag.py:4138} INFO - Setting next_dagrun for dataset_alias_example_alias_producer to None, run_after=None
[2024-08-23T12:03:22.118+0000] {logging_mixin.py:190} INFO - [2024-08-23T12:03:22.118+0000] {dag.py:4138} INFO - Setting next_dagrun for dataset_s3_bucket_consumer to None, run_after=None
[2024-08-23T12:03:22.118+0000] {logging_mixin.py:190} INFO - [2024-08-23T12:03:22.118+0000] {dag.py:4138} INFO - Setting next_dagrun for dataset_s3_bucket_producer to None, run_after=None
[2024-08-23T12:03:22.161+0000] {processor.py:208} INFO - Processing /home/airflow/.local/lib/python3.12/site-packages/airflow/example_dags/example_dataset_alias.py took 1.019 seconds
[2024-08-23T12:03:52.900+0000] {processor.py:186} INFO - Started process (PID=187) to work on /home/airflow/.local/lib/python3.12/site-packages/airflow/example_dags/example_dataset_alias.py
[2024-08-23T12:03:52.916+0000] {processor.py:914} INFO - Processing file /home/airflow/.local/lib/python3.12/site-packages/airflow/example_dags/example_dataset_alias.py for tasks to queue
[2024-08-23T12:03:52.937+0000] {logging_mixin.py:190} INFO - [2024-08-23T12:03:52.936+0000] {dagbag.py:587} INFO - Filling up the DagBag from /home/airflow/.local/lib/python3.12/site-packages/airflow/example_dags/example_dataset_alias.py
[2024-08-23T12:03:54.321+0000] {processor.py:925} INFO - DAG(s) 'dataset_s3_bucket_consumer', 'dataset_s3_bucket_producer', 'dataset_alias_example_alias_producer', 'dataset_alias_example_alias_consumer' retrieved from /home/airflow/.local/lib/python3.12/site-packages/airflow/example_dags/example_dataset_alias.py
[2024-08-23T12:03:54.787+0000] {logging_mixin.py:190} INFO - [2024-08-23T12:03:54.783+0000] {dag.py:3211} INFO - Sync 4 DAGs
[2024-08-23T12:03:54.924+0000] {logging_mixin.py:190} INFO - [2024-08-23T12:03:54.924+0000] {dag.py:4138} INFO - Setting next_dagrun for dataset_alias_example_alias_consumer to None, run_after=None
[2024-08-23T12:03:54.928+0000] {logging_mixin.py:190} INFO - [2024-08-23T12:03:54.927+0000] {dag.py:4138} INFO - Setting next_dagrun for dataset_alias_example_alias_producer to None, run_after=None
[2024-08-23T12:03:54.935+0000] {logging_mixin.py:190} INFO - [2024-08-23T12:03:54.935+0000] {dag.py:4138} INFO - Setting next_dagrun for dataset_s3_bucket_consumer to None, run_after=None
[2024-08-23T12:03:54.942+0000] {logging_mixin.py:190} INFO - [2024-08-23T12:03:54.942+0000] {dag.py:4138} INFO - Setting next_dagrun for dataset_s3_bucket_producer to None, run_after=None
[2024-08-23T12:03:55.046+0000] {processor.py:208} INFO - Processing /home/airflow/.local/lib/python3.12/site-packages/airflow/example_dags/example_dataset_alias.py took 2.200 seconds
[2024-08-23T12:04:48.492+0000] {processor.py:186} INFO - Started process (PID=261) to work on /home/airflow/.local/lib/python3.12/site-packages/airflow/example_dags/example_dataset_alias.py
[2024-08-23T12:04:48.519+0000] {processor.py:914} INFO - Processing file /home/airflow/.local/lib/python3.12/site-packages/airflow/example_dags/example_dataset_alias.py for tasks to queue
[2024-08-23T12:04:48.539+0000] {logging_mixin.py:190} INFO - [2024-08-23T12:04:48.538+0000] {dagbag.py:587} INFO - Filling up the DagBag from /home/airflow/.local/lib/python3.12/site-packages/airflow/example_dags/example_dataset_alias.py
[2024-08-23T12:04:51.591+0000] {processor.py:925} INFO - DAG(s) 'dataset_alias_example_alias_consumer', 'dataset_alias_example_alias_producer', 'dataset_s3_bucket_producer', 'dataset_s3_bucket_consumer' retrieved from /home/airflow/.local/lib/python3.12/site-packages/airflow/example_dags/example_dataset_alias.py
[2024-08-23T12:04:51.647+0000] {logging_mixin.py:190} INFO - [2024-08-23T12:04:51.646+0000] {dag.py:3211} INFO - Sync 4 DAGs
[2024-08-23T12:04:51.718+0000] {logging_mixin.py:190} INFO - [2024-08-23T12:04:51.717+0000] {dag.py:4138} INFO - Setting next_dagrun for dataset_alias_example_alias_consumer to None, run_after=None
[2024-08-23T12:04:51.722+0000] {logging_mixin.py:190} INFO - [2024-08-23T12:04:51.722+0000] {dag.py:4138} INFO - Setting next_dagrun for dataset_alias_example_alias_producer to None, run_after=None
[2024-08-23T12:04:51.727+0000] {logging_mixin.py:190} INFO - [2024-08-23T12:04:51.727+0000] {dag.py:4138} INFO - Setting next_dagrun for dataset_s3_bucket_consumer to None, run_after=None
[2024-08-23T12:04:51.734+0000] {logging_mixin.py:190} INFO - [2024-08-23T12:04:51.733+0000] {dag.py:4138} INFO - Setting next_dagrun for dataset_s3_bucket_producer to None, run_after=None
[2024-08-23T12:04:51.802+0000] {processor.py:208} INFO - Processing /home/airflow/.local/lib/python3.12/site-packages/airflow/example_dags/example_dataset_alias.py took 3.379 seconds
[2024-08-23T12:05:21.884+0000] {processor.py:186} INFO - Started process (PID=325) to work on /home/airflow/.local/lib/python3.12/site-packages/airflow/example_dags/example_dataset_alias.py
[2024-08-23T12:05:21.887+0000] {processor.py:914} INFO - Processing file /home/airflow/.local/lib/python3.12/site-packages/airflow/example_dags/example_dataset_alias.py for tasks to queue
[2024-08-23T12:05:21.890+0000] {logging_mixin.py:190} INFO - [2024-08-23T12:05:21.890+0000] {dagbag.py:587} INFO - Filling up the DagBag from /home/airflow/.local/lib/python3.12/site-packages/airflow/example_dags/example_dataset_alias.py
[2024-08-23T12:05:22.200+0000] {processor.py:925} INFO - DAG(s) 'dataset_s3_bucket_consumer', 'dataset_s3_bucket_producer', 'dataset_alias_example_alias_consumer', 'dataset_alias_example_alias_producer' retrieved from /home/airflow/.local/lib/python3.12/site-packages/airflow/example_dags/example_dataset_alias.py
[2024-08-23T12:05:22.260+0000] {logging_mixin.py:190} INFO - [2024-08-23T12:05:22.256+0000] {dag.py:3211} INFO - Sync 4 DAGs
[2024-08-23T12:05:22.341+0000] {logging_mixin.py:190} INFO - [2024-08-23T12:05:22.340+0000] {dag.py:4138} INFO - Setting next_dagrun for dataset_alias_example_alias_consumer to None, run_after=None
[2024-08-23T12:05:22.344+0000] {logging_mixin.py:190} INFO - [2024-08-23T12:05:22.344+0000] {dag.py:4138} INFO - Setting next_dagrun for dataset_alias_example_alias_producer to None, run_after=None
[2024-08-23T12:05:22.345+0000] {logging_mixin.py:190} INFO - [2024-08-23T12:05:22.345+0000] {dag.py:4138} INFO - Setting next_dagrun for dataset_s3_bucket_consumer to None, run_after=None
[2024-08-23T12:05:22.346+0000] {logging_mixin.py:190} INFO - [2024-08-23T12:05:22.346+0000] {dag.py:4138} INFO - Setting next_dagrun for dataset_s3_bucket_producer to None, run_after=None
[2024-08-23T12:05:22.396+0000] {processor.py:208} INFO - Processing /home/airflow/.local/lib/python3.12/site-packages/airflow/example_dags/example_dataset_alias.py took 0.515 seconds
[2024-08-23T12:05:52.592+0000] {processor.py:186} INFO - Started process (PID=385) to work on /home/airflow/.local/lib/python3.12/site-packages/airflow/example_dags/example_dataset_alias.py
[2024-08-23T12:05:52.608+0000] {processor.py:914} INFO - Processing file /home/airflow/.local/lib/python3.12/site-packages/airflow/example_dags/example_dataset_alias.py for tasks to queue
[2024-08-23T12:05:52.640+0000] {logging_mixin.py:190} INFO - [2024-08-23T12:05:52.637+0000] {dagbag.py:587} INFO - Filling up the DagBag from /home/airflow/.local/lib/python3.12/site-packages/airflow/example_dags/example_dataset_alias.py
[2024-08-23T12:05:53.058+0000] {processor.py:925} INFO - DAG(s) 'dataset_alias_example_alias_producer', 'dataset_s3_bucket_consumer', 'dataset_alias_example_alias_consumer', 'dataset_s3_bucket_producer' retrieved from /home/airflow/.local/lib/python3.12/site-packages/airflow/example_dags/example_dataset_alias.py
[2024-08-23T12:05:53.082+0000] {logging_mixin.py:190} INFO - [2024-08-23T12:05:53.081+0000] {dag.py:3211} INFO - Sync 4 DAGs
[2024-08-23T12:05:53.111+0000] {logging_mixin.py:190} INFO - [2024-08-23T12:05:53.111+0000] {dag.py:4138} INFO - Setting next_dagrun for dataset_alias_example_alias_consumer to None, run_after=None
[2024-08-23T12:05:53.112+0000] {logging_mixin.py:190} INFO - [2024-08-23T12:05:53.112+0000] {dag.py:4138} INFO - Setting next_dagrun for dataset_alias_example_alias_producer to None, run_after=None
[2024-08-23T12:05:53.113+0000] {logging_mixin.py:190} INFO - [2024-08-23T12:05:53.113+0000] {dag.py:4138} INFO - Setting next_dagrun for dataset_s3_bucket_consumer to None, run_after=None
[2024-08-23T12:05:53.114+0000] {logging_mixin.py:190} INFO - [2024-08-23T12:05:53.114+0000] {dag.py:4138} INFO - Setting next_dagrun for dataset_s3_bucket_producer to None, run_after=None
[2024-08-23T12:05:53.125+0000] {processor.py:208} INFO - Processing /home/airflow/.local/lib/python3.12/site-packages/airflow/example_dags/example_dataset_alias.py took 0.587 seconds
[2024-08-23T12:06:23.207+0000] {processor.py:186} INFO - Started process (PID=447) to work on /home/airflow/.local/lib/python3.12/site-packages/airflow/example_dags/example_dataset_alias.py
[2024-08-23T12:06:23.209+0000] {processor.py:914} INFO - Processing file /home/airflow/.local/lib/python3.12/site-packages/airflow/example_dags/example_dataset_alias.py for tasks to queue
[2024-08-23T12:06:23.217+0000] {logging_mixin.py:190} INFO - [2024-08-23T12:06:23.217+0000] {dagbag.py:587} INFO - Filling up the DagBag from /home/airflow/.local/lib/python3.12/site-packages/airflow/example_dags/example_dataset_alias.py
[2024-08-23T12:06:23.484+0000] {processor.py:925} INFO - DAG(s) 'dataset_s3_bucket_consumer', 'dataset_alias_example_alias_consumer', 'dataset_s3_bucket_producer', 'dataset_alias_example_alias_producer' retrieved from /home/airflow/.local/lib/python3.12/site-packages/airflow/example_dags/example_dataset_alias.py
[2024-08-23T12:06:23.496+0000] {logging_mixin.py:190} INFO - [2024-08-23T12:06:23.496+0000] {dag.py:3211} INFO - Sync 4 DAGs
[2024-08-23T12:06:23.517+0000] {logging_mixin.py:190} INFO - [2024-08-23T12:06:23.517+0000] {dag.py:4138} INFO - Setting next_dagrun for dataset_alias_example_alias_consumer to None, run_after=None
[2024-08-23T12:06:23.519+0000] {logging_mixin.py:190} INFO - [2024-08-23T12:06:23.519+0000] {dag.py:4138} INFO - Setting next_dagrun for dataset_alias_example_alias_producer to None, run_after=None
[2024-08-23T12:06:23.520+0000] {logging_mixin.py:190} INFO - [2024-08-23T12:06:23.520+0000] {dag.py:4138} INFO - Setting next_dagrun for dataset_s3_bucket_consumer to None, run_after=None
[2024-08-23T12:06:23.521+0000] {logging_mixin.py:190} INFO - [2024-08-23T12:06:23.521+0000] {dag.py:4138} INFO - Setting next_dagrun for dataset_s3_bucket_producer to None, run_after=None
[2024-08-23T12:06:23.539+0000] {processor.py:208} INFO - Processing /home/airflow/.local/lib/python3.12/site-packages/airflow/example_dags/example_dataset_alias.py took 0.357 seconds
[2024-08-23T12:06:53.936+0000] {processor.py:186} INFO - Started process (PID=509) to work on /home/airflow/.local/lib/python3.12/site-packages/airflow/example_dags/example_dataset_alias.py
[2024-08-23T12:06:53.940+0000] {processor.py:914} INFO - Processing file /home/airflow/.local/lib/python3.12/site-packages/airflow/example_dags/example_dataset_alias.py for tasks to queue
[2024-08-23T12:06:53.945+0000] {logging_mixin.py:190} INFO - [2024-08-23T12:06:53.945+0000] {dagbag.py:587} INFO - Filling up the DagBag from /home/airflow/.local/lib/python3.12/site-packages/airflow/example_dags/example_dataset_alias.py
[2024-08-23T12:06:54.180+0000] {processor.py:925} INFO - DAG(s) 'dataset_s3_bucket_producer', 'dataset_s3_bucket_consumer', 'dataset_alias_example_alias_consumer', 'dataset_alias_example_alias_producer' retrieved from /home/airflow/.local/lib/python3.12/site-packages/airflow/example_dags/example_dataset_alias.py
[2024-08-23T12:06:54.208+0000] {logging_mixin.py:190} INFO - [2024-08-23T12:06:54.208+0000] {dag.py:3211} INFO - Sync 4 DAGs
[2024-08-23T12:06:54.220+0000] {logging_mixin.py:190} INFO - [2024-08-23T12:06:54.220+0000] {dag.py:4138} INFO - Setting next_dagrun for dataset_alias_example_alias_consumer to None, run_after=None
[2024-08-23T12:06:54.221+0000] {logging_mixin.py:190} INFO - [2024-08-23T12:06:54.221+0000] {dag.py:4138} INFO - Setting next_dagrun for dataset_alias_example_alias_producer to None, run_after=None
[2024-08-23T12:06:54.221+0000] {logging_mixin.py:190} INFO - [2024-08-23T12:06:54.221+0000] {dag.py:4138} INFO - Setting next_dagrun for dataset_s3_bucket_consumer to None, run_after=None
[2024-08-23T12:06:54.222+0000] {logging_mixin.py:190} INFO - [2024-08-23T12:06:54.222+0000] {dag.py:4138} INFO - Setting next_dagrun for dataset_s3_bucket_producer to None, run_after=None
[2024-08-23T12:06:54.232+0000] {processor.py:208} INFO - Processing /home/airflow/.local/lib/python3.12/site-packages/airflow/example_dags/example_dataset_alias.py took 0.329 seconds
[2024-08-23T12:07:24.292+0000] {processor.py:186} INFO - Started process (PID=571) to work on /home/airflow/.local/lib/python3.12/site-packages/airflow/example_dags/example_dataset_alias.py
[2024-08-23T12:07:24.294+0000] {processor.py:914} INFO - Processing file /home/airflow/.local/lib/python3.12/site-packages/airflow/example_dags/example_dataset_alias.py for tasks to queue
[2024-08-23T12:07:24.297+0000] {logging_mixin.py:190} INFO - [2024-08-23T12:07:24.297+0000] {dagbag.py:587} INFO - Filling up the DagBag from /home/airflow/.local/lib/python3.12/site-packages/airflow/example_dags/example_dataset_alias.py
[2024-08-23T12:07:24.447+0000] {processor.py:925} INFO - DAG(s) 'dataset_s3_bucket_consumer', 'dataset_alias_example_alias_producer', 'dataset_s3_bucket_producer', 'dataset_alias_example_alias_consumer' retrieved from /home/airflow/.local/lib/python3.12/site-packages/airflow/example_dags/example_dataset_alias.py
[2024-08-23T12:07:24.457+0000] {logging_mixin.py:190} INFO - [2024-08-23T12:07:24.456+0000] {dag.py:3211} INFO - Sync 4 DAGs
[2024-08-23T12:07:24.470+0000] {logging_mixin.py:190} INFO - [2024-08-23T12:07:24.470+0000] {dag.py:4138} INFO - Setting next_dagrun for dataset_alias_example_alias_consumer to None, run_after=None
[2024-08-23T12:07:24.471+0000] {logging_mixin.py:190} INFO - [2024-08-23T12:07:24.471+0000] {dag.py:4138} INFO - Setting next_dagrun for dataset_alias_example_alias_producer to None, run_after=None
[2024-08-23T12:07:24.472+0000] {logging_mixin.py:190} INFO - [2024-08-23T12:07:24.472+0000] {dag.py:4138} INFO - Setting next_dagrun for dataset_s3_bucket_consumer to None, run_after=None
[2024-08-23T12:07:24.472+0000] {logging_mixin.py:190} INFO - [2024-08-23T12:07:24.472+0000] {dag.py:4138} INFO - Setting next_dagrun for dataset_s3_bucket_producer to None, run_after=None
[2024-08-23T12:07:24.482+0000] {processor.py:208} INFO - Processing /home/airflow/.local/lib/python3.12/site-packages/airflow/example_dags/example_dataset_alias.py took 0.194 seconds
[2024-08-23T12:07:54.867+0000] {processor.py:186} INFO - Started process (PID=632) to work on /home/airflow/.local/lib/python3.12/site-packages/airflow/example_dags/example_dataset_alias.py
[2024-08-23T12:07:54.869+0000] {processor.py:914} INFO - Processing file /home/airflow/.local/lib/python3.12/site-packages/airflow/example_dags/example_dataset_alias.py for tasks to queue
[2024-08-23T12:07:54.874+0000] {logging_mixin.py:190} INFO - [2024-08-23T12:07:54.873+0000] {dagbag.py:587} INFO - Filling up the DagBag from /home/airflow/.local/lib/python3.12/site-packages/airflow/example_dags/example_dataset_alias.py
[2024-08-23T12:07:55.151+0000] {processor.py:925} INFO - DAG(s) 'dataset_alias_example_alias_producer', 'dataset_alias_example_alias_consumer', 'dataset_s3_bucket_consumer', 'dataset_s3_bucket_producer' retrieved from /home/airflow/.local/lib/python3.12/site-packages/airflow/example_dags/example_dataset_alias.py
[2024-08-23T12:07:55.263+0000] {logging_mixin.py:190} INFO - [2024-08-23T12:07:55.261+0000] {dag.py:3211} INFO - Sync 4 DAGs
[2024-08-23T12:07:55.314+0000] {logging_mixin.py:190} INFO - [2024-08-23T12:07:55.313+0000] {dag.py:4138} INFO - Setting next_dagrun for dataset_alias_example_alias_consumer to None, run_after=None
[2024-08-23T12:07:55.317+0000] {logging_mixin.py:190} INFO - [2024-08-23T12:07:55.317+0000] {dag.py:4138} INFO - Setting next_dagrun for dataset_alias_example_alias_producer to None, run_after=None
[2024-08-23T12:07:55.318+0000] {logging_mixin.py:190} INFO - [2024-08-23T12:07:55.318+0000] {dag.py:4138} INFO - Setting next_dagrun for dataset_s3_bucket_consumer to None, run_after=None
[2024-08-23T12:07:55.319+0000] {logging_mixin.py:190} INFO - [2024-08-23T12:07:55.319+0000] {dag.py:4138} INFO - Setting next_dagrun for dataset_s3_bucket_producer to None, run_after=None
[2024-08-23T12:07:55.346+0000] {processor.py:208} INFO - Processing /home/airflow/.local/lib/python3.12/site-packages/airflow/example_dags/example_dataset_alias.py took 0.507 seconds
[2024-08-23T12:08:25.805+0000] {processor.py:186} INFO - Started process (PID=694) to work on /home/airflow/.local/lib/python3.12/site-packages/airflow/example_dags/example_dataset_alias.py
[2024-08-23T12:08:25.808+0000] {processor.py:914} INFO - Processing file /home/airflow/.local/lib/python3.12/site-packages/airflow/example_dags/example_dataset_alias.py for tasks to queue
[2024-08-23T12:08:25.825+0000] {logging_mixin.py:190} INFO - [2024-08-23T12:08:25.824+0000] {dagbag.py:587} INFO - Filling up the DagBag from /home/airflow/.local/lib/python3.12/site-packages/airflow/example_dags/example_dataset_alias.py
[2024-08-23T12:08:25.976+0000] {processor.py:925} INFO - DAG(s) 'dataset_s3_bucket_producer', 'dataset_alias_example_alias_producer', 'dataset_s3_bucket_consumer', 'dataset_alias_example_alias_consumer' retrieved from /home/airflow/.local/lib/python3.12/site-packages/airflow/example_dags/example_dataset_alias.py
[2024-08-23T12:08:25.992+0000] {logging_mixin.py:190} INFO - [2024-08-23T12:08:25.992+0000] {dag.py:3211} INFO - Sync 4 DAGs
[2024-08-23T12:08:26.001+0000] {logging_mixin.py:190} INFO - [2024-08-23T12:08:26.001+0000] {dag.py:4138} INFO - Setting next_dagrun for dataset_alias_example_alias_consumer to None, run_after=None
[2024-08-23T12:08:26.002+0000] {logging_mixin.py:190} INFO - [2024-08-23T12:08:26.002+0000] {dag.py:4138} INFO - Setting next_dagrun for dataset_alias_example_alias_producer to None, run_after=None
[2024-08-23T12:08:26.003+0000] {logging_mixin.py:190} INFO - [2024-08-23T12:08:26.003+0000] {dag.py:4138} INFO - Setting next_dagrun for dataset_s3_bucket_consumer to None, run_after=None
[2024-08-23T12:08:26.003+0000] {logging_mixin.py:190} INFO - [2024-08-23T12:08:26.003+0000] {dag.py:4138} INFO - Setting next_dagrun for dataset_s3_bucket_producer to None, run_after=None
[2024-08-23T12:08:26.011+0000] {processor.py:208} INFO - Processing /home/airflow/.local/lib/python3.12/site-packages/airflow/example_dags/example_dataset_alias.py took 0.218 seconds
[2024-08-23T12:08:56.147+0000] {processor.py:186} INFO - Started process (PID=756) to work on /home/airflow/.local/lib/python3.12/site-packages/airflow/example_dags/example_dataset_alias.py
[2024-08-23T12:08:56.151+0000] {processor.py:914} INFO - Processing file /home/airflow/.local/lib/python3.12/site-packages/airflow/example_dags/example_dataset_alias.py for tasks to queue
[2024-08-23T12:08:56.168+0000] {logging_mixin.py:190} INFO - [2024-08-23T12:08:56.166+0000] {dagbag.py:587} INFO - Filling up the DagBag from /home/airflow/.local/lib/python3.12/site-packages/airflow/example_dags/example_dataset_alias.py
[2024-08-23T12:08:56.376+0000] {processor.py:925} INFO - DAG(s) 'dataset_s3_bucket_producer', 'dataset_s3_bucket_consumer', 'dataset_alias_example_alias_producer', 'dataset_alias_example_alias_consumer' retrieved from /home/airflow/.local/lib/python3.12/site-packages/airflow/example_dags/example_dataset_alias.py
[2024-08-23T12:08:56.391+0000] {logging_mixin.py:190} INFO - [2024-08-23T12:08:56.391+0000] {dag.py:3211} INFO - Sync 4 DAGs
[2024-08-23T12:08:56.414+0000] {logging_mixin.py:190} INFO - [2024-08-23T12:08:56.414+0000] {dag.py:4138} INFO - Setting next_dagrun for dataset_alias_example_alias_consumer to None, run_after=None
[2024-08-23T12:08:56.416+0000] {logging_mixin.py:190} INFO - [2024-08-23T12:08:56.416+0000] {dag.py:4138} INFO - Setting next_dagrun for dataset_alias_example_alias_producer to None, run_after=None
[2024-08-23T12:08:56.416+0000] {logging_mixin.py:190} INFO - [2024-08-23T12:08:56.416+0000] {dag.py:4138} INFO - Setting next_dagrun for dataset_s3_bucket_consumer to None, run_after=None
[2024-08-23T12:08:56.417+0000] {logging_mixin.py:190} INFO - [2024-08-23T12:08:56.417+0000] {dag.py:4138} INFO - Setting next_dagrun for dataset_s3_bucket_producer to None, run_after=None
[2024-08-23T12:08:56.430+0000] {processor.py:208} INFO - Processing /home/airflow/.local/lib/python3.12/site-packages/airflow/example_dags/example_dataset_alias.py took 0.305 seconds
[2024-08-23T12:09:27.118+0000] {processor.py:186} INFO - Started process (PID=818) to work on /home/airflow/.local/lib/python3.12/site-packages/airflow/example_dags/example_dataset_alias.py
[2024-08-23T12:09:27.121+0000] {processor.py:914} INFO - Processing file /home/airflow/.local/lib/python3.12/site-packages/airflow/example_dags/example_dataset_alias.py for tasks to queue
[2024-08-23T12:09:27.124+0000] {logging_mixin.py:190} INFO - [2024-08-23T12:09:27.124+0000] {dagbag.py:587} INFO - Filling up the DagBag from /home/airflow/.local/lib/python3.12/site-packages/airflow/example_dags/example_dataset_alias.py
[2024-08-23T12:09:27.280+0000] {processor.py:925} INFO - DAG(s) 'dataset_alias_example_alias_producer', 'dataset_s3_bucket_producer', 'dataset_s3_bucket_consumer', 'dataset_alias_example_alias_consumer' retrieved from /home/airflow/.local/lib/python3.12/site-packages/airflow/example_dags/example_dataset_alias.py
[2024-08-23T12:09:27.291+0000] {logging_mixin.py:190} INFO - [2024-08-23T12:09:27.291+0000] {dag.py:3211} INFO - Sync 4 DAGs
[2024-08-23T12:09:27.311+0000] {logging_mixin.py:190} INFO - [2024-08-23T12:09:27.311+0000] {dag.py:4138} INFO - Setting next_dagrun for dataset_alias_example_alias_consumer to None, run_after=None
[2024-08-23T12:09:27.312+0000] {logging_mixin.py:190} INFO - [2024-08-23T12:09:27.312+0000] {dag.py:4138} INFO - Setting next_dagrun for dataset_alias_example_alias_producer to None, run_after=None
[2024-08-23T12:09:27.312+0000] {logging_mixin.py:190} INFO - [2024-08-23T12:09:27.312+0000] {dag.py:4138} INFO - Setting next_dagrun for dataset_s3_bucket_consumer to None, run_after=None
[2024-08-23T12:09:27.313+0000] {logging_mixin.py:190} INFO - [2024-08-23T12:09:27.313+0000] {dag.py:4138} INFO - Setting next_dagrun for dataset_s3_bucket_producer to None, run_after=None
[2024-08-23T12:09:27.324+0000] {processor.py:208} INFO - Processing /home/airflow/.local/lib/python3.12/site-packages/airflow/example_dags/example_dataset_alias.py took 0.215 seconds
[2024-08-23T12:09:57.556+0000] {processor.py:186} INFO - Started process (PID=880) to work on /home/airflow/.local/lib/python3.12/site-packages/airflow/example_dags/example_dataset_alias.py
[2024-08-23T12:09:57.560+0000] {processor.py:914} INFO - Processing file /home/airflow/.local/lib/python3.12/site-packages/airflow/example_dags/example_dataset_alias.py for tasks to queue
[2024-08-23T12:09:57.563+0000] {logging_mixin.py:190} INFO - [2024-08-23T12:09:57.563+0000] {dagbag.py:587} INFO - Filling up the DagBag from /home/airflow/.local/lib/python3.12/site-packages/airflow/example_dags/example_dataset_alias.py
[2024-08-23T12:09:57.725+0000] {processor.py:925} INFO - DAG(s) 'dataset_alias_example_alias_consumer', 'dataset_alias_example_alias_producer', 'dataset_s3_bucket_producer', 'dataset_s3_bucket_consumer' retrieved from /home/airflow/.local/lib/python3.12/site-packages/airflow/example_dags/example_dataset_alias.py
[2024-08-23T12:09:57.734+0000] {logging_mixin.py:190} INFO - [2024-08-23T12:09:57.734+0000] {dag.py:3211} INFO - Sync 4 DAGs
[2024-08-23T12:09:57.744+0000] {logging_mixin.py:190} INFO - [2024-08-23T12:09:57.744+0000] {dag.py:4138} INFO - Setting next_dagrun for dataset_alias_example_alias_consumer to None, run_after=None
[2024-08-23T12:09:57.745+0000] {logging_mixin.py:190} INFO - [2024-08-23T12:09:57.745+0000] {dag.py:4138} INFO - Setting next_dagrun for dataset_alias_example_alias_producer to None, run_after=None
[2024-08-23T12:09:57.745+0000] {logging_mixin.py:190} INFO - [2024-08-23T12:09:57.745+0000] {dag.py:4138} INFO - Setting next_dagrun for dataset_s3_bucket_consumer to None, run_after=None
[2024-08-23T12:09:57.746+0000] {logging_mixin.py:190} INFO - [2024-08-23T12:09:57.746+0000] {dag.py:4138} INFO - Setting next_dagrun for dataset_s3_bucket_producer to None, run_after=None
[2024-08-23T12:09:57.755+0000] {processor.py:208} INFO - Processing /home/airflow/.local/lib/python3.12/site-packages/airflow/example_dags/example_dataset_alias.py took 0.212 seconds
[2024-08-23T12:10:27.813+0000] {processor.py:186} INFO - Started process (PID=944) to work on /home/airflow/.local/lib/python3.12/site-packages/airflow/example_dags/example_dataset_alias.py
[2024-08-23T12:10:27.815+0000] {processor.py:914} INFO - Processing file /home/airflow/.local/lib/python3.12/site-packages/airflow/example_dags/example_dataset_alias.py for tasks to queue
[2024-08-23T12:10:27.817+0000] {logging_mixin.py:190} INFO - [2024-08-23T12:10:27.817+0000] {dagbag.py:587} INFO - Filling up the DagBag from /home/airflow/.local/lib/python3.12/site-packages/airflow/example_dags/example_dataset_alias.py
[2024-08-23T12:10:27.929+0000] {processor.py:925} INFO - DAG(s) 'dataset_s3_bucket_consumer', 'dataset_alias_example_alias_producer', 'dataset_s3_bucket_producer', 'dataset_alias_example_alias_consumer' retrieved from /home/airflow/.local/lib/python3.12/site-packages/airflow/example_dags/example_dataset_alias.py
[2024-08-23T12:10:27.939+0000] {logging_mixin.py:190} INFO - [2024-08-23T12:10:27.938+0000] {dag.py:3211} INFO - Sync 4 DAGs
[2024-08-23T12:10:27.951+0000] {logging_mixin.py:190} INFO - [2024-08-23T12:10:27.951+0000] {dag.py:4138} INFO - Setting next_dagrun for dataset_alias_example_alias_consumer to None, run_after=None
[2024-08-23T12:10:27.952+0000] {logging_mixin.py:190} INFO - [2024-08-23T12:10:27.952+0000] {dag.py:4138} INFO - Setting next_dagrun for dataset_alias_example_alias_producer to None, run_after=None
[2024-08-23T12:10:27.953+0000] {logging_mixin.py:190} INFO - [2024-08-23T12:10:27.953+0000] {dag.py:4138} INFO - Setting next_dagrun for dataset_s3_bucket_consumer to None, run_after=None
[2024-08-23T12:10:27.954+0000] {logging_mixin.py:190} INFO - [2024-08-23T12:10:27.954+0000] {dag.py:4138} INFO - Setting next_dagrun for dataset_s3_bucket_producer to None, run_after=None
[2024-08-23T12:10:27.967+0000] {processor.py:208} INFO - Processing /home/airflow/.local/lib/python3.12/site-packages/airflow/example_dags/example_dataset_alias.py took 0.157 seconds
[2024-08-23T12:10:58.000+0000] {processor.py:186} INFO - Started process (PID=1006) to work on /home/airflow/.local/lib/python3.12/site-packages/airflow/example_dags/example_dataset_alias.py
[2024-08-23T12:10:58.001+0000] {processor.py:914} INFO - Processing file /home/airflow/.local/lib/python3.12/site-packages/airflow/example_dags/example_dataset_alias.py for tasks to queue
[2024-08-23T12:10:58.002+0000] {logging_mixin.py:190} INFO - [2024-08-23T12:10:58.002+0000] {dagbag.py:587} INFO - Filling up the DagBag from /home/airflow/.local/lib/python3.12/site-packages/airflow/example_dags/example_dataset_alias.py
[2024-08-23T12:10:58.099+0000] {processor.py:925} INFO - DAG(s) 'dataset_alias_example_alias_producer', 'dataset_s3_bucket_producer', 'dataset_s3_bucket_consumer', 'dataset_alias_example_alias_consumer' retrieved from /home/airflow/.local/lib/python3.12/site-packages/airflow/example_dags/example_dataset_alias.py
[2024-08-23T12:10:58.106+0000] {logging_mixin.py:190} INFO - [2024-08-23T12:10:58.106+0000] {dag.py:3211} INFO - Sync 4 DAGs
[2024-08-23T12:10:58.116+0000] {logging_mixin.py:190} INFO - [2024-08-23T12:10:58.116+0000] {dag.py:4138} INFO - Setting next_dagrun for dataset_alias_example_alias_consumer to None, run_after=None
[2024-08-23T12:10:58.117+0000] {logging_mixin.py:190} INFO - [2024-08-23T12:10:58.117+0000] {dag.py:4138} INFO - Setting next_dagrun for dataset_alias_example_alias_producer to None, run_after=None
[2024-08-23T12:10:58.118+0000] {logging_mixin.py:190} INFO - [2024-08-23T12:10:58.118+0000] {dag.py:4138} INFO - Setting next_dagrun for dataset_s3_bucket_consumer to None, run_after=None
[2024-08-23T12:10:58.118+0000] {logging_mixin.py:190} INFO - [2024-08-23T12:10:58.118+0000] {dag.py:4138} INFO - Setting next_dagrun for dataset_s3_bucket_producer to None, run_after=None
[2024-08-23T12:10:58.126+0000] {processor.py:208} INFO - Processing /home/airflow/.local/lib/python3.12/site-packages/airflow/example_dags/example_dataset_alias.py took 0.129 seconds
[2024-08-23T12:11:28.673+0000] {processor.py:186} INFO - Started process (PID=1066) to work on /home/airflow/.local/lib/python3.12/site-packages/airflow/example_dags/example_dataset_alias.py
[2024-08-23T12:11:28.675+0000] {processor.py:914} INFO - Processing file /home/airflow/.local/lib/python3.12/site-packages/airflow/example_dags/example_dataset_alias.py for tasks to queue
[2024-08-23T12:11:28.677+0000] {logging_mixin.py:190} INFO - [2024-08-23T12:11:28.676+0000] {dagbag.py:587} INFO - Filling up the DagBag from /home/airflow/.local/lib/python3.12/site-packages/airflow/example_dags/example_dataset_alias.py
[2024-08-23T12:11:28.813+0000] {processor.py:925} INFO - DAG(s) 'dataset_alias_example_alias_consumer', 'dataset_s3_bucket_consumer', 'dataset_s3_bucket_producer', 'dataset_alias_example_alias_producer' retrieved from /home/airflow/.local/lib/python3.12/site-packages/airflow/example_dags/example_dataset_alias.py
[2024-08-23T12:11:28.822+0000] {logging_mixin.py:190} INFO - [2024-08-23T12:11:28.822+0000] {dag.py:3211} INFO - Sync 4 DAGs
[2024-08-23T12:11:28.833+0000] {logging_mixin.py:190} INFO - [2024-08-23T12:11:28.833+0000] {dag.py:4138} INFO - Setting next_dagrun for dataset_alias_example_alias_consumer to None, run_after=None
[2024-08-23T12:11:28.834+0000] {logging_mixin.py:190} INFO - [2024-08-23T12:11:28.834+0000] {dag.py:4138} INFO - Setting next_dagrun for dataset_alias_example_alias_producer to None, run_after=None
[2024-08-23T12:11:28.834+0000] {logging_mixin.py:190} INFO - [2024-08-23T12:11:28.834+0000] {dag.py:4138} INFO - Setting next_dagrun for dataset_s3_bucket_consumer to None, run_after=None
[2024-08-23T12:11:28.835+0000] {logging_mixin.py:190} INFO - [2024-08-23T12:11:28.835+0000] {dag.py:4138} INFO - Setting next_dagrun for dataset_s3_bucket_producer to None, run_after=None
[2024-08-23T12:11:28.843+0000] {processor.py:208} INFO - Processing /home/airflow/.local/lib/python3.12/site-packages/airflow/example_dags/example_dataset_alias.py took 0.178 seconds
[2024-08-23T12:11:58.967+0000] {processor.py:186} INFO - Started process (PID=1128) to work on /home/airflow/.local/lib/python3.12/site-packages/airflow/example_dags/example_dataset_alias.py
[2024-08-23T12:11:58.968+0000] {processor.py:914} INFO - Processing file /home/airflow/.local/lib/python3.12/site-packages/airflow/example_dags/example_dataset_alias.py for tasks to queue
[2024-08-23T12:11:58.971+0000] {logging_mixin.py:190} INFO - [2024-08-23T12:11:58.971+0000] {dagbag.py:587} INFO - Filling up the DagBag from /home/airflow/.local/lib/python3.12/site-packages/airflow/example_dags/example_dataset_alias.py
[2024-08-23T12:11:59.119+0000] {processor.py:925} INFO - DAG(s) 'dataset_s3_bucket_consumer', 'dataset_alias_example_alias_producer', 'dataset_s3_bucket_producer', 'dataset_alias_example_alias_consumer' retrieved from /home/airflow/.local/lib/python3.12/site-packages/airflow/example_dags/example_dataset_alias.py
[2024-08-23T12:11:59.128+0000] {logging_mixin.py:190} INFO - [2024-08-23T12:11:59.127+0000] {dag.py:3211} INFO - Sync 4 DAGs
[2024-08-23T12:11:59.136+0000] {logging_mixin.py:190} INFO - [2024-08-23T12:11:59.136+0000] {dag.py:4138} INFO - Setting next_dagrun for dataset_alias_example_alias_consumer to None, run_after=None
[2024-08-23T12:11:59.137+0000] {logging_mixin.py:190} INFO - [2024-08-23T12:11:59.137+0000] {dag.py:4138} INFO - Setting next_dagrun for dataset_alias_example_alias_producer to None, run_after=None
[2024-08-23T12:11:59.137+0000] {logging_mixin.py:190} INFO - [2024-08-23T12:11:59.137+0000] {dag.py:4138} INFO - Setting next_dagrun for dataset_s3_bucket_consumer to None, run_after=None
[2024-08-23T12:11:59.138+0000] {logging_mixin.py:190} INFO - [2024-08-23T12:11:59.138+0000] {dag.py:4138} INFO - Setting next_dagrun for dataset_s3_bucket_producer to None, run_after=None
[2024-08-23T12:11:59.145+0000] {processor.py:208} INFO - Processing /home/airflow/.local/lib/python3.12/site-packages/airflow/example_dags/example_dataset_alias.py took 0.186 seconds
[2024-08-23T12:12:29.809+0000] {processor.py:186} INFO - Started process (PID=1190) to work on /home/airflow/.local/lib/python3.12/site-packages/airflow/example_dags/example_dataset_alias.py
[2024-08-23T12:12:29.812+0000] {processor.py:914} INFO - Processing file /home/airflow/.local/lib/python3.12/site-packages/airflow/example_dags/example_dataset_alias.py for tasks to queue
[2024-08-23T12:12:29.814+0000] {logging_mixin.py:190} INFO - [2024-08-23T12:12:29.813+0000] {dagbag.py:587} INFO - Filling up the DagBag from /home/airflow/.local/lib/python3.12/site-packages/airflow/example_dags/example_dataset_alias.py
[2024-08-23T12:12:29.974+0000] {processor.py:925} INFO - DAG(s) 'dataset_s3_bucket_producer', 'dataset_alias_example_alias_producer', 'dataset_s3_bucket_consumer', 'dataset_alias_example_alias_consumer' retrieved from /home/airflow/.local/lib/python3.12/site-packages/airflow/example_dags/example_dataset_alias.py
[2024-08-23T12:12:29.983+0000] {logging_mixin.py:190} INFO - [2024-08-23T12:12:29.983+0000] {dag.py:3211} INFO - Sync 4 DAGs
[2024-08-23T12:12:29.992+0000] {logging_mixin.py:190} INFO - [2024-08-23T12:12:29.992+0000] {dag.py:4138} INFO - Setting next_dagrun for dataset_alias_example_alias_consumer to None, run_after=None
[2024-08-23T12:12:29.993+0000] {logging_mixin.py:190} INFO - [2024-08-23T12:12:29.993+0000] {dag.py:4138} INFO - Setting next_dagrun for dataset_alias_example_alias_producer to None, run_after=None
[2024-08-23T12:12:29.994+0000] {logging_mixin.py:190} INFO - [2024-08-23T12:12:29.994+0000] {dag.py:4138} INFO - Setting next_dagrun for dataset_s3_bucket_consumer to None, run_after=None
[2024-08-23T12:12:29.994+0000] {logging_mixin.py:190} INFO - [2024-08-23T12:12:29.994+0000] {dag.py:4138} INFO - Setting next_dagrun for dataset_s3_bucket_producer to None, run_after=None
[2024-08-23T12:12:30.002+0000] {processor.py:208} INFO - Processing /home/airflow/.local/lib/python3.12/site-packages/airflow/example_dags/example_dataset_alias.py took 0.199 seconds
[2024-08-23T12:13:00.183+0000] {processor.py:186} INFO - Started process (PID=1252) to work on /home/airflow/.local/lib/python3.12/site-packages/airflow/example_dags/example_dataset_alias.py
[2024-08-23T12:13:00.185+0000] {processor.py:914} INFO - Processing file /home/airflow/.local/lib/python3.12/site-packages/airflow/example_dags/example_dataset_alias.py for tasks to queue
[2024-08-23T12:13:00.188+0000] {logging_mixin.py:190} INFO - [2024-08-23T12:13:00.188+0000] {dagbag.py:587} INFO - Filling up the DagBag from /home/airflow/.local/lib/python3.12/site-packages/airflow/example_dags/example_dataset_alias.py
[2024-08-23T12:13:00.311+0000] {processor.py:925} INFO - DAG(s) 'dataset_s3_bucket_producer', 'dataset_alias_example_alias_consumer', 'dataset_alias_example_alias_producer', 'dataset_s3_bucket_consumer' retrieved from /home/airflow/.local/lib/python3.12/site-packages/airflow/example_dags/example_dataset_alias.py
[2024-08-23T12:13:00.326+0000] {logging_mixin.py:190} INFO - [2024-08-23T12:13:00.326+0000] {dag.py:3211} INFO - Sync 4 DAGs
[2024-08-23T12:13:00.336+0000] {logging_mixin.py:190} INFO - [2024-08-23T12:13:00.335+0000] {dag.py:4138} INFO - Setting next_dagrun for dataset_alias_example_alias_consumer to None, run_after=None
[2024-08-23T12:13:00.336+0000] {logging_mixin.py:190} INFO - [2024-08-23T12:13:00.336+0000] {dag.py:4138} INFO - Setting next_dagrun for dataset_alias_example_alias_producer to None, run_after=None
[2024-08-23T12:13:00.337+0000] {logging_mixin.py:190} INFO - [2024-08-23T12:13:00.337+0000] {dag.py:4138} INFO - Setting next_dagrun for dataset_s3_bucket_consumer to None, run_after=None
[2024-08-23T12:13:00.337+0000] {logging_mixin.py:190} INFO - [2024-08-23T12:13:00.337+0000] {dag.py:4138} INFO - Setting next_dagrun for dataset_s3_bucket_producer to None, run_after=None
[2024-08-23T12:13:00.345+0000] {processor.py:208} INFO - Processing /home/airflow/.local/lib/python3.12/site-packages/airflow/example_dags/example_dataset_alias.py took 0.172 seconds
[2024-08-23T12:13:30.539+0000] {processor.py:186} INFO - Started process (PID=1314) to work on /home/airflow/.local/lib/python3.12/site-packages/airflow/example_dags/example_dataset_alias.py
[2024-08-23T12:13:30.543+0000] {processor.py:914} INFO - Processing file /home/airflow/.local/lib/python3.12/site-packages/airflow/example_dags/example_dataset_alias.py for tasks to queue
[2024-08-23T12:13:30.547+0000] {logging_mixin.py:190} INFO - [2024-08-23T12:13:30.547+0000] {dagbag.py:587} INFO - Filling up the DagBag from /home/airflow/.local/lib/python3.12/site-packages/airflow/example_dags/example_dataset_alias.py
[2024-08-23T12:13:30.774+0000] {processor.py:925} INFO - DAG(s) 'dataset_s3_bucket_producer', 'dataset_alias_example_alias_consumer', 'dataset_s3_bucket_consumer', 'dataset_alias_example_alias_producer' retrieved from /home/airflow/.local/lib/python3.12/site-packages/airflow/example_dags/example_dataset_alias.py
[2024-08-23T12:13:30.790+0000] {logging_mixin.py:190} INFO - [2024-08-23T12:13:30.790+0000] {dag.py:3211} INFO - Sync 4 DAGs
[2024-08-23T12:13:30.802+0000] {logging_mixin.py:190} INFO - [2024-08-23T12:13:30.802+0000] {dag.py:4138} INFO - Setting next_dagrun for dataset_alias_example_alias_consumer to None, run_after=None
[2024-08-23T12:13:30.804+0000] {logging_mixin.py:190} INFO - [2024-08-23T12:13:30.803+0000] {dag.py:4138} INFO - Setting next_dagrun for dataset_alias_example_alias_producer to None, run_after=None
[2024-08-23T12:13:30.804+0000] {logging_mixin.py:190} INFO - [2024-08-23T12:13:30.804+0000] {dag.py:4138} INFO - Setting next_dagrun for dataset_s3_bucket_consumer to None, run_after=None
[2024-08-23T12:13:30.805+0000] {logging_mixin.py:190} INFO - [2024-08-23T12:13:30.804+0000] {dag.py:4138} INFO - Setting next_dagrun for dataset_s3_bucket_producer to None, run_after=None
[2024-08-23T12:13:30.814+0000] {processor.py:208} INFO - Processing /home/airflow/.local/lib/python3.12/site-packages/airflow/example_dags/example_dataset_alias.py took 0.290 seconds
[2024-08-23T12:14:01.181+0000] {processor.py:186} INFO - Started process (PID=1376) to work on /home/airflow/.local/lib/python3.12/site-packages/airflow/example_dags/example_dataset_alias.py
[2024-08-23T12:14:01.184+0000] {processor.py:914} INFO - Processing file /home/airflow/.local/lib/python3.12/site-packages/airflow/example_dags/example_dataset_alias.py for tasks to queue
[2024-08-23T12:14:01.186+0000] {logging_mixin.py:190} INFO - [2024-08-23T12:14:01.186+0000] {dagbag.py:587} INFO - Filling up the DagBag from /home/airflow/.local/lib/python3.12/site-packages/airflow/example_dags/example_dataset_alias.py
[2024-08-23T12:14:01.323+0000] {processor.py:925} INFO - DAG(s) 'dataset_s3_bucket_consumer', 'dataset_s3_bucket_producer', 'dataset_alias_example_alias_consumer', 'dataset_alias_example_alias_producer' retrieved from /home/airflow/.local/lib/python3.12/site-packages/airflow/example_dags/example_dataset_alias.py
[2024-08-23T12:14:01.331+0000] {logging_mixin.py:190} INFO - [2024-08-23T12:14:01.331+0000] {dag.py:3211} INFO - Sync 4 DAGs
[2024-08-23T12:14:01.344+0000] {logging_mixin.py:190} INFO - [2024-08-23T12:14:01.344+0000] {dag.py:4138} INFO - Setting next_dagrun for dataset_alias_example_alias_consumer to None, run_after=None
[2024-08-23T12:14:01.345+0000] {logging_mixin.py:190} INFO - [2024-08-23T12:14:01.345+0000] {dag.py:4138} INFO - Setting next_dagrun for dataset_alias_example_alias_producer to None, run_after=None
[2024-08-23T12:14:01.346+0000] {logging_mixin.py:190} INFO - [2024-08-23T12:14:01.346+0000] {dag.py:4138} INFO - Setting next_dagrun for dataset_s3_bucket_consumer to None, run_after=None
[2024-08-23T12:14:01.346+0000] {logging_mixin.py:190} INFO - [2024-08-23T12:14:01.346+0000] {dag.py:4138} INFO - Setting next_dagrun for dataset_s3_bucket_producer to None, run_after=None
[2024-08-23T12:14:01.355+0000] {processor.py:208} INFO - Processing /home/airflow/.local/lib/python3.12/site-packages/airflow/example_dags/example_dataset_alias.py took 0.181 seconds
[2024-08-23T12:14:31.710+0000] {processor.py:186} INFO - Started process (PID=1438) to work on /home/airflow/.local/lib/python3.12/site-packages/airflow/example_dags/example_dataset_alias.py
[2024-08-23T12:14:31.711+0000] {processor.py:914} INFO - Processing file /home/airflow/.local/lib/python3.12/site-packages/airflow/example_dags/example_dataset_alias.py for tasks to queue
[2024-08-23T12:14:31.714+0000] {logging_mixin.py:190} INFO - [2024-08-23T12:14:31.714+0000] {dagbag.py:587} INFO - Filling up the DagBag from /home/airflow/.local/lib/python3.12/site-packages/airflow/example_dags/example_dataset_alias.py
[2024-08-23T12:14:31.832+0000] {processor.py:925} INFO - DAG(s) 'dataset_alias_example_alias_producer', 'dataset_s3_bucket_producer', 'dataset_alias_example_alias_consumer', 'dataset_s3_bucket_consumer' retrieved from /home/airflow/.local/lib/python3.12/site-packages/airflow/example_dags/example_dataset_alias.py
[2024-08-23T12:14:31.847+0000] {logging_mixin.py:190} INFO - [2024-08-23T12:14:31.847+0000] {dag.py:3211} INFO - Sync 4 DAGs
[2024-08-23T12:14:31.858+0000] {logging_mixin.py:190} INFO - [2024-08-23T12:14:31.858+0000] {dag.py:4138} INFO - Setting next_dagrun for dataset_alias_example_alias_consumer to None, run_after=None
[2024-08-23T12:14:31.859+0000] {logging_mixin.py:190} INFO - [2024-08-23T12:14:31.859+0000] {dag.py:4138} INFO - Setting next_dagrun for dataset_alias_example_alias_producer to None, run_after=None
[2024-08-23T12:14:31.859+0000] {logging_mixin.py:190} INFO - [2024-08-23T12:14:31.859+0000] {dag.py:4138} INFO - Setting next_dagrun for dataset_s3_bucket_consumer to None, run_after=None
[2024-08-23T12:14:31.859+0000] {logging_mixin.py:190} INFO - [2024-08-23T12:14:31.859+0000] {dag.py:4138} INFO - Setting next_dagrun for dataset_s3_bucket_producer to None, run_after=None
[2024-08-23T12:14:31.867+0000] {processor.py:208} INFO - Processing /home/airflow/.local/lib/python3.12/site-packages/airflow/example_dags/example_dataset_alias.py took 0.162 seconds
[2024-08-23T12:15:02.577+0000] {processor.py:186} INFO - Started process (PID=1500) to work on /home/airflow/.local/lib/python3.12/site-packages/airflow/example_dags/example_dataset_alias.py
[2024-08-23T12:15:02.581+0000] {processor.py:914} INFO - Processing file /home/airflow/.local/lib/python3.12/site-packages/airflow/example_dags/example_dataset_alias.py for tasks to queue
[2024-08-23T12:15:02.585+0000] {logging_mixin.py:190} INFO - [2024-08-23T12:15:02.585+0000] {dagbag.py:587} INFO - Filling up the DagBag from /home/airflow/.local/lib/python3.12/site-packages/airflow/example_dags/example_dataset_alias.py
[2024-08-23T12:15:02.718+0000] {processor.py:925} INFO - DAG(s) 'dataset_s3_bucket_consumer', 'dataset_s3_bucket_producer', 'dataset_alias_example_alias_producer', 'dataset_alias_example_alias_consumer' retrieved from /home/airflow/.local/lib/python3.12/site-packages/airflow/example_dags/example_dataset_alias.py
[2024-08-23T12:15:02.727+0000] {logging_mixin.py:190} INFO - [2024-08-23T12:15:02.727+0000] {dag.py:3211} INFO - Sync 4 DAGs
[2024-08-23T12:15:02.736+0000] {logging_mixin.py:190} INFO - [2024-08-23T12:15:02.736+0000] {dag.py:4138} INFO - Setting next_dagrun for dataset_alias_example_alias_consumer to None, run_after=None
[2024-08-23T12:15:02.737+0000] {logging_mixin.py:190} INFO - [2024-08-23T12:15:02.737+0000] {dag.py:4138} INFO - Setting next_dagrun for dataset_alias_example_alias_producer to None, run_after=None
[2024-08-23T12:15:02.737+0000] {logging_mixin.py:190} INFO - [2024-08-23T12:15:02.737+0000] {dag.py:4138} INFO - Setting next_dagrun for dataset_s3_bucket_consumer to None, run_after=None
[2024-08-23T12:15:02.738+0000] {logging_mixin.py:190} INFO - [2024-08-23T12:15:02.738+0000] {dag.py:4138} INFO - Setting next_dagrun for dataset_s3_bucket_producer to None, run_after=None
[2024-08-23T12:15:02.745+0000] {processor.py:208} INFO - Processing /home/airflow/.local/lib/python3.12/site-packages/airflow/example_dags/example_dataset_alias.py took 0.176 seconds
[2024-08-23T12:15:32.981+0000] {processor.py:186} INFO - Started process (PID=1562) to work on /home/airflow/.local/lib/python3.12/site-packages/airflow/example_dags/example_dataset_alias.py
[2024-08-23T12:15:32.983+0000] {processor.py:914} INFO - Processing file /home/airflow/.local/lib/python3.12/site-packages/airflow/example_dags/example_dataset_alias.py for tasks to queue
[2024-08-23T12:15:32.986+0000] {logging_mixin.py:190} INFO - [2024-08-23T12:15:32.985+0000] {dagbag.py:587} INFO - Filling up the DagBag from /home/airflow/.local/lib/python3.12/site-packages/airflow/example_dags/example_dataset_alias.py
[2024-08-23T12:15:33.104+0000] {processor.py:925} INFO - DAG(s) 'dataset_alias_example_alias_producer', 'dataset_s3_bucket_consumer', 'dataset_alias_example_alias_consumer', 'dataset_s3_bucket_producer' retrieved from /home/airflow/.local/lib/python3.12/site-packages/airflow/example_dags/example_dataset_alias.py
[2024-08-23T12:15:33.112+0000] {logging_mixin.py:190} INFO - [2024-08-23T12:15:33.112+0000] {dag.py:3211} INFO - Sync 4 DAGs
[2024-08-23T12:15:33.121+0000] {logging_mixin.py:190} INFO - [2024-08-23T12:15:33.121+0000] {dag.py:4138} INFO - Setting next_dagrun for dataset_alias_example_alias_consumer to None, run_after=None
[2024-08-23T12:15:33.122+0000] {logging_mixin.py:190} INFO - [2024-08-23T12:15:33.122+0000] {dag.py:4138} INFO - Setting next_dagrun for dataset_alias_example_alias_producer to None, run_after=None
[2024-08-23T12:15:33.123+0000] {logging_mixin.py:190} INFO - [2024-08-23T12:15:33.123+0000] {dag.py:4138} INFO - Setting next_dagrun for dataset_s3_bucket_consumer to None, run_after=None
[2024-08-23T12:15:33.123+0000] {logging_mixin.py:190} INFO - [2024-08-23T12:15:33.123+0000] {dag.py:4138} INFO - Setting next_dagrun for dataset_s3_bucket_producer to None, run_after=None
[2024-08-23T12:15:33.131+0000] {processor.py:208} INFO - Processing /home/airflow/.local/lib/python3.12/site-packages/airflow/example_dags/example_dataset_alias.py took 0.156 seconds
[2024-08-23T12:16:03.454+0000] {processor.py:186} INFO - Started process (PID=1624) to work on /home/airflow/.local/lib/python3.12/site-packages/airflow/example_dags/example_dataset_alias.py
[2024-08-23T12:16:03.468+0000] {processor.py:914} INFO - Processing file /home/airflow/.local/lib/python3.12/site-packages/airflow/example_dags/example_dataset_alias.py for tasks to queue
[2024-08-23T12:16:03.481+0000] {logging_mixin.py:190} INFO - [2024-08-23T12:16:03.479+0000] {dagbag.py:587} INFO - Filling up the DagBag from /home/airflow/.local/lib/python3.12/site-packages/airflow/example_dags/example_dataset_alias.py
[2024-08-23T12:16:04.086+0000] {processor.py:925} INFO - DAG(s) 'dataset_alias_example_alias_consumer', 'dataset_alias_example_alias_producer', 'dataset_s3_bucket_producer', 'dataset_s3_bucket_consumer' retrieved from /home/airflow/.local/lib/python3.12/site-packages/airflow/example_dags/example_dataset_alias.py
[2024-08-23T12:16:04.113+0000] {logging_mixin.py:190} INFO - [2024-08-23T12:16:04.111+0000] {dag.py:3211} INFO - Sync 4 DAGs
[2024-08-23T12:16:05.233+0000] {logging_mixin.py:190} INFO - [2024-08-23T12:16:05.232+0000] {dag.py:4138} INFO - Setting next_dagrun for dataset_alias_example_alias_consumer to None, run_after=None
[2024-08-23T12:16:05.236+0000] {logging_mixin.py:190} INFO - [2024-08-23T12:16:05.236+0000] {dag.py:4138} INFO - Setting next_dagrun for dataset_alias_example_alias_producer to None, run_after=None
[2024-08-23T12:16:05.237+0000] {logging_mixin.py:190} INFO - [2024-08-23T12:16:05.237+0000] {dag.py:4138} INFO - Setting next_dagrun for dataset_s3_bucket_consumer to None, run_after=None
[2024-08-23T12:16:05.238+0000] {logging_mixin.py:190} INFO - [2024-08-23T12:16:05.238+0000] {dag.py:4138} INFO - Setting next_dagrun for dataset_s3_bucket_producer to None, run_after=None
[2024-08-23T12:16:05.274+0000] {processor.py:208} INFO - Processing /home/airflow/.local/lib/python3.12/site-packages/airflow/example_dags/example_dataset_alias.py took 1.869 seconds
[2024-08-23T12:16:36.128+0000] {processor.py:186} INFO - Started process (PID=1694) to work on /home/airflow/.local/lib/python3.12/site-packages/airflow/example_dags/example_dataset_alias.py
[2024-08-23T12:16:36.133+0000] {processor.py:914} INFO - Processing file /home/airflow/.local/lib/python3.12/site-packages/airflow/example_dags/example_dataset_alias.py for tasks to queue
[2024-08-23T12:16:36.137+0000] {logging_mixin.py:190} INFO - [2024-08-23T12:16:36.137+0000] {dagbag.py:587} INFO - Filling up the DagBag from /home/airflow/.local/lib/python3.12/site-packages/airflow/example_dags/example_dataset_alias.py
[2024-08-23T12:16:36.375+0000] {processor.py:925} INFO - DAG(s) 'dataset_s3_bucket_producer', 'dataset_alias_example_alias_consumer', 'dataset_s3_bucket_consumer', 'dataset_alias_example_alias_producer' retrieved from /home/airflow/.local/lib/python3.12/site-packages/airflow/example_dags/example_dataset_alias.py
[2024-08-23T12:16:36.390+0000] {logging_mixin.py:190} INFO - [2024-08-23T12:16:36.390+0000] {dag.py:3211} INFO - Sync 4 DAGs
[2024-08-23T12:16:36.410+0000] {logging_mixin.py:190} INFO - [2024-08-23T12:16:36.410+0000] {dag.py:4138} INFO - Setting next_dagrun for dataset_alias_example_alias_consumer to None, run_after=None
[2024-08-23T12:16:36.412+0000] {logging_mixin.py:190} INFO - [2024-08-23T12:16:36.412+0000] {dag.py:4138} INFO - Setting next_dagrun for dataset_alias_example_alias_producer to None, run_after=None
[2024-08-23T12:16:36.413+0000] {logging_mixin.py:190} INFO - [2024-08-23T12:16:36.412+0000] {dag.py:4138} INFO - Setting next_dagrun for dataset_s3_bucket_consumer to None, run_after=None
[2024-08-23T12:16:36.413+0000] {logging_mixin.py:190} INFO - [2024-08-23T12:16:36.413+0000] {dag.py:4138} INFO - Setting next_dagrun for dataset_s3_bucket_producer to None, run_after=None
[2024-08-23T12:16:36.662+0000] {processor.py:208} INFO - Processing /home/airflow/.local/lib/python3.12/site-packages/airflow/example_dags/example_dataset_alias.py took 0.548 seconds
