[2024-08-23T12:03:22.995+0000] {processor.py:186} INFO - Started process (PID=135) to work on /home/airflow/.local/lib/python3.12/site-packages/airflow/example_dags/example_branch_operator_decorator.py
[2024-08-23T12:03:22.997+0000] {processor.py:914} INFO - Processing file /home/airflow/.local/lib/python3.12/site-packages/airflow/example_dags/example_branch_operator_decorator.py for tasks to queue
[2024-08-23T12:03:23.005+0000] {logging_mixin.py:190} INFO - [2024-08-23T12:03:23.004+0000] {dagbag.py:587} INFO - Filling up the DagBag from /home/airflow/.local/lib/python3.12/site-packages/airflow/example_dags/example_branch_operator_decorator.py
[2024-08-23T12:03:23.068+0000] {processor.py:925} INFO - DAG(s) 'example_branch_python_operator_decorator' retrieved from /home/airflow/.local/lib/python3.12/site-packages/airflow/example_dags/example_branch_operator_decorator.py
[2024-08-23T12:03:24.118+0000] {logging_mixin.py:190} INFO - [2024-08-23T12:03:24.115+0000] {override.py:1858} INFO - Created Permission View: can read on DAG:example_branch_python_operator_decorator
[2024-08-23T12:03:24.216+0000] {logging_mixin.py:190} INFO - [2024-08-23T12:03:24.215+0000] {override.py:1858} INFO - Created Permission View: can delete on DAG:example_branch_python_operator_decorator
[2024-08-23T12:03:24.235+0000] {logging_mixin.py:190} INFO - [2024-08-23T12:03:24.234+0000] {override.py:1858} INFO - Created Permission View: can edit on DAG:example_branch_python_operator_decorator
[2024-08-23T12:03:24.236+0000] {logging_mixin.py:190} INFO - [2024-08-23T12:03:24.236+0000] {dag.py:3211} INFO - Sync 1 DAGs
[2024-08-23T12:03:24.247+0000] {logging_mixin.py:190} INFO - [2024-08-23T12:03:24.247+0000] {dag.py:3234} INFO - Creating ORM DAG for example_branch_python_operator_decorator
[2024-08-23T12:03:24.265+0000] {logging_mixin.py:190} INFO - [2024-08-23T12:03:24.265+0000] {dag.py:4138} INFO - Setting next_dagrun for example_branch_python_operator_decorator to 2024-08-22 00:00:00+00:00, run_after=2024-08-23 00:00:00+00:00
[2024-08-23T12:03:24.301+0000] {processor.py:208} INFO - Processing /home/airflow/.local/lib/python3.12/site-packages/airflow/example_dags/example_branch_operator_decorator.py took 1.314 seconds
[2024-08-23T12:03:55.307+0000] {processor.py:186} INFO - Started process (PID=197) to work on /home/airflow/.local/lib/python3.12/site-packages/airflow/example_dags/example_branch_operator_decorator.py
[2024-08-23T12:03:55.308+0000] {processor.py:914} INFO - Processing file /home/airflow/.local/lib/python3.12/site-packages/airflow/example_dags/example_branch_operator_decorator.py for tasks to queue
[2024-08-23T12:03:55.309+0000] {logging_mixin.py:190} INFO - [2024-08-23T12:03:55.309+0000] {dagbag.py:587} INFO - Filling up the DagBag from /home/airflow/.local/lib/python3.12/site-packages/airflow/example_dags/example_branch_operator_decorator.py
[2024-08-23T12:03:55.413+0000] {processor.py:925} INFO - DAG(s) 'example_branch_python_operator_decorator' retrieved from /home/airflow/.local/lib/python3.12/site-packages/airflow/example_dags/example_branch_operator_decorator.py
[2024-08-23T12:03:55.516+0000] {logging_mixin.py:190} INFO - [2024-08-23T12:03:55.515+0000] {dag.py:3211} INFO - Sync 1 DAGs
[2024-08-23T12:03:55.658+0000] {logging_mixin.py:190} INFO - [2024-08-23T12:03:55.657+0000] {dag.py:4138} INFO - Setting next_dagrun for example_branch_python_operator_decorator to 2024-08-22 00:00:00+00:00, run_after=2024-08-23 00:00:00+00:00
[2024-08-23T12:03:55.795+0000] {processor.py:208} INFO - Processing /home/airflow/.local/lib/python3.12/site-packages/airflow/example_dags/example_branch_operator_decorator.py took 0.488 seconds
[2024-08-23T12:04:51.844+0000] {processor.py:186} INFO - Started process (PID=265) to work on /home/airflow/.local/lib/python3.12/site-packages/airflow/example_dags/example_branch_operator_decorator.py
[2024-08-23T12:04:51.847+0000] {processor.py:914} INFO - Processing file /home/airflow/.local/lib/python3.12/site-packages/airflow/example_dags/example_branch_operator_decorator.py for tasks to queue
[2024-08-23T12:04:51.856+0000] {logging_mixin.py:190} INFO - [2024-08-23T12:04:51.856+0000] {dagbag.py:587} INFO - Filling up the DagBag from /home/airflow/.local/lib/python3.12/site-packages/airflow/example_dags/example_branch_operator_decorator.py
[2024-08-23T12:04:51.993+0000] {processor.py:925} INFO - DAG(s) 'example_branch_python_operator_decorator' retrieved from /home/airflow/.local/lib/python3.12/site-packages/airflow/example_dags/example_branch_operator_decorator.py
[2024-08-23T12:04:52.355+0000] {logging_mixin.py:190} INFO - [2024-08-23T12:04:52.354+0000] {dag.py:3211} INFO - Sync 1 DAGs
[2024-08-23T12:04:52.906+0000] {logging_mixin.py:190} INFO - [2024-08-23T12:04:52.890+0000] {dag.py:4138} INFO - Setting next_dagrun for example_branch_python_operator_decorator to 2024-08-22 00:00:00+00:00, run_after=2024-08-23 00:00:00+00:00
[2024-08-23T12:04:53.022+0000] {processor.py:208} INFO - Processing /home/airflow/.local/lib/python3.12/site-packages/airflow/example_dags/example_branch_operator_decorator.py took 1.181 seconds
[2024-08-23T12:05:23.603+0000] {processor.py:186} INFO - Started process (PID=326) to work on /home/airflow/.local/lib/python3.12/site-packages/airflow/example_dags/example_branch_operator_decorator.py
[2024-08-23T12:05:23.618+0000] {processor.py:914} INFO - Processing file /home/airflow/.local/lib/python3.12/site-packages/airflow/example_dags/example_branch_operator_decorator.py for tasks to queue
[2024-08-23T12:05:23.633+0000] {logging_mixin.py:190} INFO - [2024-08-23T12:05:23.629+0000] {dagbag.py:587} INFO - Filling up the DagBag from /home/airflow/.local/lib/python3.12/site-packages/airflow/example_dags/example_branch_operator_decorator.py
[2024-08-23T12:05:23.728+0000] {processor.py:925} INFO - DAG(s) 'example_branch_python_operator_decorator' retrieved from /home/airflow/.local/lib/python3.12/site-packages/airflow/example_dags/example_branch_operator_decorator.py
[2024-08-23T12:05:23.777+0000] {logging_mixin.py:190} INFO - [2024-08-23T12:05:23.777+0000] {dag.py:3211} INFO - Sync 1 DAGs
[2024-08-23T12:05:23.845+0000] {logging_mixin.py:190} INFO - [2024-08-23T12:05:23.845+0000] {dag.py:4138} INFO - Setting next_dagrun for example_branch_python_operator_decorator to 2024-08-22 00:00:00+00:00, run_after=2024-08-23 00:00:00+00:00
[2024-08-23T12:05:23.865+0000] {processor.py:208} INFO - Processing /home/airflow/.local/lib/python3.12/site-packages/airflow/example_dags/example_branch_operator_decorator.py took 0.355 seconds
[2024-08-23T12:05:54.214+0000] {processor.py:186} INFO - Started process (PID=388) to work on /home/airflow/.local/lib/python3.12/site-packages/airflow/example_dags/example_branch_operator_decorator.py
[2024-08-23T12:05:54.217+0000] {processor.py:914} INFO - Processing file /home/airflow/.local/lib/python3.12/site-packages/airflow/example_dags/example_branch_operator_decorator.py for tasks to queue
[2024-08-23T12:05:54.222+0000] {logging_mixin.py:190} INFO - [2024-08-23T12:05:54.222+0000] {dagbag.py:587} INFO - Filling up the DagBag from /home/airflow/.local/lib/python3.12/site-packages/airflow/example_dags/example_branch_operator_decorator.py
[2024-08-23T12:05:54.281+0000] {processor.py:925} INFO - DAG(s) 'example_branch_python_operator_decorator' retrieved from /home/airflow/.local/lib/python3.12/site-packages/airflow/example_dags/example_branch_operator_decorator.py
[2024-08-23T12:05:54.322+0000] {logging_mixin.py:190} INFO - [2024-08-23T12:05:54.322+0000] {dag.py:3211} INFO - Sync 1 DAGs
[2024-08-23T12:05:54.360+0000] {logging_mixin.py:190} INFO - [2024-08-23T12:05:54.360+0000] {dag.py:4138} INFO - Setting next_dagrun for example_branch_python_operator_decorator to 2024-08-22 00:00:00+00:00, run_after=2024-08-23 00:00:00+00:00
[2024-08-23T12:05:54.397+0000] {processor.py:208} INFO - Processing /home/airflow/.local/lib/python3.12/site-packages/airflow/example_dags/example_branch_operator_decorator.py took 0.196 seconds
[2024-08-23T12:06:24.549+0000] {processor.py:186} INFO - Started process (PID=450) to work on /home/airflow/.local/lib/python3.12/site-packages/airflow/example_dags/example_branch_operator_decorator.py
[2024-08-23T12:06:24.557+0000] {processor.py:914} INFO - Processing file /home/airflow/.local/lib/python3.12/site-packages/airflow/example_dags/example_branch_operator_decorator.py for tasks to queue
[2024-08-23T12:06:24.574+0000] {logging_mixin.py:190} INFO - [2024-08-23T12:06:24.572+0000] {dagbag.py:587} INFO - Filling up the DagBag from /home/airflow/.local/lib/python3.12/site-packages/airflow/example_dags/example_branch_operator_decorator.py
[2024-08-23T12:06:24.611+0000] {processor.py:925} INFO - DAG(s) 'example_branch_python_operator_decorator' retrieved from /home/airflow/.local/lib/python3.12/site-packages/airflow/example_dags/example_branch_operator_decorator.py
[2024-08-23T12:06:24.659+0000] {logging_mixin.py:190} INFO - [2024-08-23T12:06:24.659+0000] {dag.py:3211} INFO - Sync 1 DAGs
[2024-08-23T12:06:24.708+0000] {logging_mixin.py:190} INFO - [2024-08-23T12:06:24.708+0000] {dag.py:4138} INFO - Setting next_dagrun for example_branch_python_operator_decorator to 2024-08-22 00:00:00+00:00, run_after=2024-08-23 00:00:00+00:00
[2024-08-23T12:06:24.732+0000] {processor.py:208} INFO - Processing /home/airflow/.local/lib/python3.12/site-packages/airflow/example_dags/example_branch_operator_decorator.py took 0.212 seconds
[2024-08-23T12:06:55.311+0000] {processor.py:186} INFO - Started process (PID=512) to work on /home/airflow/.local/lib/python3.12/site-packages/airflow/example_dags/example_branch_operator_decorator.py
[2024-08-23T12:06:55.314+0000] {processor.py:914} INFO - Processing file /home/airflow/.local/lib/python3.12/site-packages/airflow/example_dags/example_branch_operator_decorator.py for tasks to queue
[2024-08-23T12:06:55.318+0000] {logging_mixin.py:190} INFO - [2024-08-23T12:06:55.318+0000] {dagbag.py:587} INFO - Filling up the DagBag from /home/airflow/.local/lib/python3.12/site-packages/airflow/example_dags/example_branch_operator_decorator.py
[2024-08-23T12:06:55.362+0000] {processor.py:925} INFO - DAG(s) 'example_branch_python_operator_decorator' retrieved from /home/airflow/.local/lib/python3.12/site-packages/airflow/example_dags/example_branch_operator_decorator.py
[2024-08-23T12:06:55.413+0000] {logging_mixin.py:190} INFO - [2024-08-23T12:06:55.412+0000] {dag.py:3211} INFO - Sync 1 DAGs
[2024-08-23T12:06:55.445+0000] {logging_mixin.py:190} INFO - [2024-08-23T12:06:55.444+0000] {dag.py:4138} INFO - Setting next_dagrun for example_branch_python_operator_decorator to 2024-08-22 00:00:00+00:00, run_after=2024-08-23 00:00:00+00:00
[2024-08-23T12:06:55.461+0000] {processor.py:208} INFO - Processing /home/airflow/.local/lib/python3.12/site-packages/airflow/example_dags/example_branch_operator_decorator.py took 0.175 seconds
[2024-08-23T12:07:25.597+0000] {processor.py:186} INFO - Started process (PID=573) to work on /home/airflow/.local/lib/python3.12/site-packages/airflow/example_dags/example_branch_operator_decorator.py
[2024-08-23T12:07:25.601+0000] {processor.py:914} INFO - Processing file /home/airflow/.local/lib/python3.12/site-packages/airflow/example_dags/example_branch_operator_decorator.py for tasks to queue
[2024-08-23T12:07:25.604+0000] {logging_mixin.py:190} INFO - [2024-08-23T12:07:25.604+0000] {dagbag.py:587} INFO - Filling up the DagBag from /home/airflow/.local/lib/python3.12/site-packages/airflow/example_dags/example_branch_operator_decorator.py
[2024-08-23T12:07:25.639+0000] {processor.py:925} INFO - DAG(s) 'example_branch_python_operator_decorator' retrieved from /home/airflow/.local/lib/python3.12/site-packages/airflow/example_dags/example_branch_operator_decorator.py
[2024-08-23T12:07:25.681+0000] {logging_mixin.py:190} INFO - [2024-08-23T12:07:25.681+0000] {dag.py:3211} INFO - Sync 1 DAGs
[2024-08-23T12:07:25.706+0000] {logging_mixin.py:190} INFO - [2024-08-23T12:07:25.705+0000] {dag.py:4138} INFO - Setting next_dagrun for example_branch_python_operator_decorator to 2024-08-22 00:00:00+00:00, run_after=2024-08-23 00:00:00+00:00
[2024-08-23T12:07:25.728+0000] {processor.py:208} INFO - Processing /home/airflow/.local/lib/python3.12/site-packages/airflow/example_dags/example_branch_operator_decorator.py took 0.151 seconds
[2024-08-23T12:07:56.294+0000] {processor.py:186} INFO - Started process (PID=635) to work on /home/airflow/.local/lib/python3.12/site-packages/airflow/example_dags/example_branch_operator_decorator.py
[2024-08-23T12:07:56.298+0000] {processor.py:914} INFO - Processing file /home/airflow/.local/lib/python3.12/site-packages/airflow/example_dags/example_branch_operator_decorator.py for tasks to queue
[2024-08-23T12:07:56.300+0000] {logging_mixin.py:190} INFO - [2024-08-23T12:07:56.300+0000] {dagbag.py:587} INFO - Filling up the DagBag from /home/airflow/.local/lib/python3.12/site-packages/airflow/example_dags/example_branch_operator_decorator.py
[2024-08-23T12:07:56.330+0000] {processor.py:925} INFO - DAG(s) 'example_branch_python_operator_decorator' retrieved from /home/airflow/.local/lib/python3.12/site-packages/airflow/example_dags/example_branch_operator_decorator.py
[2024-08-23T12:07:56.359+0000] {logging_mixin.py:190} INFO - [2024-08-23T12:07:56.359+0000] {dag.py:3211} INFO - Sync 1 DAGs
[2024-08-23T12:07:56.382+0000] {logging_mixin.py:190} INFO - [2024-08-23T12:07:56.382+0000] {dag.py:4138} INFO - Setting next_dagrun for example_branch_python_operator_decorator to 2024-08-22 00:00:00+00:00, run_after=2024-08-23 00:00:00+00:00
[2024-08-23T12:07:56.434+0000] {processor.py:208} INFO - Processing /home/airflow/.local/lib/python3.12/site-packages/airflow/example_dags/example_branch_operator_decorator.py took 0.147 seconds
[2024-08-23T12:08:27.054+0000] {processor.py:186} INFO - Started process (PID=697) to work on /home/airflow/.local/lib/python3.12/site-packages/airflow/example_dags/example_branch_operator_decorator.py
[2024-08-23T12:08:27.063+0000] {processor.py:914} INFO - Processing file /home/airflow/.local/lib/python3.12/site-packages/airflow/example_dags/example_branch_operator_decorator.py for tasks to queue
[2024-08-23T12:08:27.072+0000] {logging_mixin.py:190} INFO - [2024-08-23T12:08:27.072+0000] {dagbag.py:587} INFO - Filling up the DagBag from /home/airflow/.local/lib/python3.12/site-packages/airflow/example_dags/example_branch_operator_decorator.py
[2024-08-23T12:08:27.098+0000] {processor.py:925} INFO - DAG(s) 'example_branch_python_operator_decorator' retrieved from /home/airflow/.local/lib/python3.12/site-packages/airflow/example_dags/example_branch_operator_decorator.py
[2024-08-23T12:08:27.133+0000] {logging_mixin.py:190} INFO - [2024-08-23T12:08:27.133+0000] {dag.py:3211} INFO - Sync 1 DAGs
[2024-08-23T12:08:27.186+0000] {logging_mixin.py:190} INFO - [2024-08-23T12:08:27.186+0000] {dag.py:4138} INFO - Setting next_dagrun for example_branch_python_operator_decorator to 2024-08-22 00:00:00+00:00, run_after=2024-08-23 00:00:00+00:00
[2024-08-23T12:08:27.209+0000] {processor.py:208} INFO - Processing /home/airflow/.local/lib/python3.12/site-packages/airflow/example_dags/example_branch_operator_decorator.py took 0.178 seconds
[2024-08-23T12:08:57.423+0000] {processor.py:186} INFO - Started process (PID=759) to work on /home/airflow/.local/lib/python3.12/site-packages/airflow/example_dags/example_branch_operator_decorator.py
[2024-08-23T12:08:57.425+0000] {processor.py:914} INFO - Processing file /home/airflow/.local/lib/python3.12/site-packages/airflow/example_dags/example_branch_operator_decorator.py for tasks to queue
[2024-08-23T12:08:57.429+0000] {logging_mixin.py:190} INFO - [2024-08-23T12:08:57.429+0000] {dagbag.py:587} INFO - Filling up the DagBag from /home/airflow/.local/lib/python3.12/site-packages/airflow/example_dags/example_branch_operator_decorator.py
[2024-08-23T12:08:57.488+0000] {processor.py:925} INFO - DAG(s) 'example_branch_python_operator_decorator' retrieved from /home/airflow/.local/lib/python3.12/site-packages/airflow/example_dags/example_branch_operator_decorator.py
[2024-08-23T12:08:57.541+0000] {logging_mixin.py:190} INFO - [2024-08-23T12:08:57.540+0000] {dag.py:3211} INFO - Sync 1 DAGs
[2024-08-23T12:08:57.567+0000] {logging_mixin.py:190} INFO - [2024-08-23T12:08:57.567+0000] {dag.py:4138} INFO - Setting next_dagrun for example_branch_python_operator_decorator to 2024-08-22 00:00:00+00:00, run_after=2024-08-23 00:00:00+00:00
[2024-08-23T12:08:57.592+0000] {processor.py:208} INFO - Processing /home/airflow/.local/lib/python3.12/site-packages/airflow/example_dags/example_branch_operator_decorator.py took 0.176 seconds
[2024-08-23T12:09:28.303+0000] {processor.py:186} INFO - Started process (PID=821) to work on /home/airflow/.local/lib/python3.12/site-packages/airflow/example_dags/example_branch_operator_decorator.py
[2024-08-23T12:09:28.304+0000] {processor.py:914} INFO - Processing file /home/airflow/.local/lib/python3.12/site-packages/airflow/example_dags/example_branch_operator_decorator.py for tasks to queue
[2024-08-23T12:09:28.306+0000] {logging_mixin.py:190} INFO - [2024-08-23T12:09:28.306+0000] {dagbag.py:587} INFO - Filling up the DagBag from /home/airflow/.local/lib/python3.12/site-packages/airflow/example_dags/example_branch_operator_decorator.py
[2024-08-23T12:09:28.325+0000] {processor.py:925} INFO - DAG(s) 'example_branch_python_operator_decorator' retrieved from /home/airflow/.local/lib/python3.12/site-packages/airflow/example_dags/example_branch_operator_decorator.py
[2024-08-23T12:09:28.349+0000] {logging_mixin.py:190} INFO - [2024-08-23T12:09:28.349+0000] {dag.py:3211} INFO - Sync 1 DAGs
[2024-08-23T12:09:28.364+0000] {logging_mixin.py:190} INFO - [2024-08-23T12:09:28.364+0000] {dag.py:4138} INFO - Setting next_dagrun for example_branch_python_operator_decorator to 2024-08-22 00:00:00+00:00, run_after=2024-08-23 00:00:00+00:00
[2024-08-23T12:09:28.375+0000] {processor.py:208} INFO - Processing /home/airflow/.local/lib/python3.12/site-packages/airflow/example_dags/example_branch_operator_decorator.py took 0.076 seconds
[2024-08-23T12:09:58.771+0000] {processor.py:186} INFO - Started process (PID=883) to work on /home/airflow/.local/lib/python3.12/site-packages/airflow/example_dags/example_branch_operator_decorator.py
[2024-08-23T12:09:58.774+0000] {processor.py:914} INFO - Processing file /home/airflow/.local/lib/python3.12/site-packages/airflow/example_dags/example_branch_operator_decorator.py for tasks to queue
[2024-08-23T12:09:58.776+0000] {logging_mixin.py:190} INFO - [2024-08-23T12:09:58.776+0000] {dagbag.py:587} INFO - Filling up the DagBag from /home/airflow/.local/lib/python3.12/site-packages/airflow/example_dags/example_branch_operator_decorator.py
[2024-08-23T12:09:58.795+0000] {processor.py:925} INFO - DAG(s) 'example_branch_python_operator_decorator' retrieved from /home/airflow/.local/lib/python3.12/site-packages/airflow/example_dags/example_branch_operator_decorator.py
[2024-08-23T12:09:58.817+0000] {logging_mixin.py:190} INFO - [2024-08-23T12:09:58.817+0000] {dag.py:3211} INFO - Sync 1 DAGs
[2024-08-23T12:09:58.832+0000] {logging_mixin.py:190} INFO - [2024-08-23T12:09:58.832+0000] {dag.py:4138} INFO - Setting next_dagrun for example_branch_python_operator_decorator to 2024-08-22 00:00:00+00:00, run_after=2024-08-23 00:00:00+00:00
[2024-08-23T12:09:58.845+0000] {processor.py:208} INFO - Processing /home/airflow/.local/lib/python3.12/site-packages/airflow/example_dags/example_branch_operator_decorator.py took 0.096 seconds
[2024-08-23T12:10:28.910+0000] {processor.py:186} INFO - Started process (PID=945) to work on /home/airflow/.local/lib/python3.12/site-packages/airflow/example_dags/example_branch_operator_decorator.py
[2024-08-23T12:10:28.913+0000] {processor.py:914} INFO - Processing file /home/airflow/.local/lib/python3.12/site-packages/airflow/example_dags/example_branch_operator_decorator.py for tasks to queue
[2024-08-23T12:10:28.921+0000] {logging_mixin.py:190} INFO - [2024-08-23T12:10:28.920+0000] {dagbag.py:587} INFO - Filling up the DagBag from /home/airflow/.local/lib/python3.12/site-packages/airflow/example_dags/example_branch_operator_decorator.py
[2024-08-23T12:10:28.972+0000] {processor.py:925} INFO - DAG(s) 'example_branch_python_operator_decorator' retrieved from /home/airflow/.local/lib/python3.12/site-packages/airflow/example_dags/example_branch_operator_decorator.py
[2024-08-23T12:10:29.013+0000] {logging_mixin.py:190} INFO - [2024-08-23T12:10:29.012+0000] {dag.py:3211} INFO - Sync 1 DAGs
[2024-08-23T12:10:29.048+0000] {logging_mixin.py:190} INFO - [2024-08-23T12:10:29.047+0000] {dag.py:4138} INFO - Setting next_dagrun for example_branch_python_operator_decorator to 2024-08-22 00:00:00+00:00, run_after=2024-08-23 00:00:00+00:00
[2024-08-23T12:10:29.060+0000] {processor.py:208} INFO - Processing /home/airflow/.local/lib/python3.12/site-packages/airflow/example_dags/example_branch_operator_decorator.py took 0.166 seconds
[2024-08-23T12:10:59.168+0000] {processor.py:186} INFO - Started process (PID=1007) to work on /home/airflow/.local/lib/python3.12/site-packages/airflow/example_dags/example_branch_operator_decorator.py
[2024-08-23T12:10:59.170+0000] {processor.py:914} INFO - Processing file /home/airflow/.local/lib/python3.12/site-packages/airflow/example_dags/example_branch_operator_decorator.py for tasks to queue
[2024-08-23T12:10:59.172+0000] {logging_mixin.py:190} INFO - [2024-08-23T12:10:59.172+0000] {dagbag.py:587} INFO - Filling up the DagBag from /home/airflow/.local/lib/python3.12/site-packages/airflow/example_dags/example_branch_operator_decorator.py
[2024-08-23T12:10:59.188+0000] {processor.py:925} INFO - DAG(s) 'example_branch_python_operator_decorator' retrieved from /home/airflow/.local/lib/python3.12/site-packages/airflow/example_dags/example_branch_operator_decorator.py
[2024-08-23T12:10:59.208+0000] {logging_mixin.py:190} INFO - [2024-08-23T12:10:59.208+0000] {dag.py:3211} INFO - Sync 1 DAGs
[2024-08-23T12:10:59.221+0000] {logging_mixin.py:190} INFO - [2024-08-23T12:10:59.220+0000] {dag.py:4138} INFO - Setting next_dagrun for example_branch_python_operator_decorator to 2024-08-22 00:00:00+00:00, run_after=2024-08-23 00:00:00+00:00
[2024-08-23T12:10:59.230+0000] {processor.py:208} INFO - Processing /home/airflow/.local/lib/python3.12/site-packages/airflow/example_dags/example_branch_operator_decorator.py took 0.069 seconds
[2024-08-23T12:11:29.856+0000] {processor.py:186} INFO - Started process (PID=1069) to work on /home/airflow/.local/lib/python3.12/site-packages/airflow/example_dags/example_branch_operator_decorator.py
[2024-08-23T12:11:29.859+0000] {processor.py:914} INFO - Processing file /home/airflow/.local/lib/python3.12/site-packages/airflow/example_dags/example_branch_operator_decorator.py for tasks to queue
[2024-08-23T12:11:29.862+0000] {logging_mixin.py:190} INFO - [2024-08-23T12:11:29.861+0000] {dagbag.py:587} INFO - Filling up the DagBag from /home/airflow/.local/lib/python3.12/site-packages/airflow/example_dags/example_branch_operator_decorator.py
[2024-08-23T12:11:29.885+0000] {processor.py:925} INFO - DAG(s) 'example_branch_python_operator_decorator' retrieved from /home/airflow/.local/lib/python3.12/site-packages/airflow/example_dags/example_branch_operator_decorator.py
[2024-08-23T12:11:29.909+0000] {logging_mixin.py:190} INFO - [2024-08-23T12:11:29.909+0000] {dag.py:3211} INFO - Sync 1 DAGs
[2024-08-23T12:11:29.926+0000] {logging_mixin.py:190} INFO - [2024-08-23T12:11:29.926+0000] {dag.py:4138} INFO - Setting next_dagrun for example_branch_python_operator_decorator to 2024-08-22 00:00:00+00:00, run_after=2024-08-23 00:00:00+00:00
[2024-08-23T12:11:29.937+0000] {processor.py:208} INFO - Processing /home/airflow/.local/lib/python3.12/site-packages/airflow/example_dags/example_branch_operator_decorator.py took 0.090 seconds
[2024-08-23T12:12:00.231+0000] {processor.py:186} INFO - Started process (PID=1131) to work on /home/airflow/.local/lib/python3.12/site-packages/airflow/example_dags/example_branch_operator_decorator.py
[2024-08-23T12:12:00.234+0000] {processor.py:914} INFO - Processing file /home/airflow/.local/lib/python3.12/site-packages/airflow/example_dags/example_branch_operator_decorator.py for tasks to queue
[2024-08-23T12:12:00.239+0000] {logging_mixin.py:190} INFO - [2024-08-23T12:12:00.238+0000] {dagbag.py:587} INFO - Filling up the DagBag from /home/airflow/.local/lib/python3.12/site-packages/airflow/example_dags/example_branch_operator_decorator.py
[2024-08-23T12:12:00.262+0000] {processor.py:925} INFO - DAG(s) 'example_branch_python_operator_decorator' retrieved from /home/airflow/.local/lib/python3.12/site-packages/airflow/example_dags/example_branch_operator_decorator.py
[2024-08-23T12:12:00.289+0000] {logging_mixin.py:190} INFO - [2024-08-23T12:12:00.289+0000] {dag.py:3211} INFO - Sync 1 DAGs
[2024-08-23T12:12:00.311+0000] {logging_mixin.py:190} INFO - [2024-08-23T12:12:00.311+0000] {dag.py:4138} INFO - Setting next_dagrun for example_branch_python_operator_decorator to 2024-08-22 00:00:00+00:00, run_after=2024-08-23 00:00:00+00:00
[2024-08-23T12:12:00.332+0000] {processor.py:208} INFO - Processing /home/airflow/.local/lib/python3.12/site-packages/airflow/example_dags/example_branch_operator_decorator.py took 0.115 seconds
[2024-08-23T12:12:31.013+0000] {processor.py:186} INFO - Started process (PID=1193) to work on /home/airflow/.local/lib/python3.12/site-packages/airflow/example_dags/example_branch_operator_decorator.py
[2024-08-23T12:12:31.016+0000] {processor.py:914} INFO - Processing file /home/airflow/.local/lib/python3.12/site-packages/airflow/example_dags/example_branch_operator_decorator.py for tasks to queue
[2024-08-23T12:12:31.019+0000] {logging_mixin.py:190} INFO - [2024-08-23T12:12:31.019+0000] {dagbag.py:587} INFO - Filling up the DagBag from /home/airflow/.local/lib/python3.12/site-packages/airflow/example_dags/example_branch_operator_decorator.py
[2024-08-23T12:12:31.039+0000] {processor.py:925} INFO - DAG(s) 'example_branch_python_operator_decorator' retrieved from /home/airflow/.local/lib/python3.12/site-packages/airflow/example_dags/example_branch_operator_decorator.py
[2024-08-23T12:12:31.064+0000] {logging_mixin.py:190} INFO - [2024-08-23T12:12:31.064+0000] {dag.py:3211} INFO - Sync 1 DAGs
[2024-08-23T12:12:31.079+0000] {logging_mixin.py:190} INFO - [2024-08-23T12:12:31.079+0000] {dag.py:4138} INFO - Setting next_dagrun for example_branch_python_operator_decorator to 2024-08-22 00:00:00+00:00, run_after=2024-08-23 00:00:00+00:00
[2024-08-23T12:12:31.091+0000] {processor.py:208} INFO - Processing /home/airflow/.local/lib/python3.12/site-packages/airflow/example_dags/example_branch_operator_decorator.py took 0.089 seconds
[2024-08-23T12:13:01.361+0000] {processor.py:186} INFO - Started process (PID=1255) to work on /home/airflow/.local/lib/python3.12/site-packages/airflow/example_dags/example_branch_operator_decorator.py
[2024-08-23T12:13:01.364+0000] {processor.py:914} INFO - Processing file /home/airflow/.local/lib/python3.12/site-packages/airflow/example_dags/example_branch_operator_decorator.py for tasks to queue
[2024-08-23T12:13:01.366+0000] {logging_mixin.py:190} INFO - [2024-08-23T12:13:01.366+0000] {dagbag.py:587} INFO - Filling up the DagBag from /home/airflow/.local/lib/python3.12/site-packages/airflow/example_dags/example_branch_operator_decorator.py
[2024-08-23T12:13:01.383+0000] {processor.py:925} INFO - DAG(s) 'example_branch_python_operator_decorator' retrieved from /home/airflow/.local/lib/python3.12/site-packages/airflow/example_dags/example_branch_operator_decorator.py
[2024-08-23T12:13:01.405+0000] {logging_mixin.py:190} INFO - [2024-08-23T12:13:01.405+0000] {dag.py:3211} INFO - Sync 1 DAGs
[2024-08-23T12:13:01.419+0000] {logging_mixin.py:190} INFO - [2024-08-23T12:13:01.419+0000] {dag.py:4138} INFO - Setting next_dagrun for example_branch_python_operator_decorator to 2024-08-22 00:00:00+00:00, run_after=2024-08-23 00:00:00+00:00
[2024-08-23T12:13:01.431+0000] {processor.py:208} INFO - Processing /home/airflow/.local/lib/python3.12/site-packages/airflow/example_dags/example_branch_operator_decorator.py took 0.077 seconds
[2024-08-23T12:13:31.828+0000] {processor.py:186} INFO - Started process (PID=1317) to work on /home/airflow/.local/lib/python3.12/site-packages/airflow/example_dags/example_branch_operator_decorator.py
[2024-08-23T12:13:31.831+0000] {processor.py:914} INFO - Processing file /home/airflow/.local/lib/python3.12/site-packages/airflow/example_dags/example_branch_operator_decorator.py for tasks to queue
[2024-08-23T12:13:31.834+0000] {logging_mixin.py:190} INFO - [2024-08-23T12:13:31.834+0000] {dagbag.py:587} INFO - Filling up the DagBag from /home/airflow/.local/lib/python3.12/site-packages/airflow/example_dags/example_branch_operator_decorator.py
[2024-08-23T12:13:31.922+0000] {processor.py:925} INFO - DAG(s) 'example_branch_python_operator_decorator' retrieved from /home/airflow/.local/lib/python3.12/site-packages/airflow/example_dags/example_branch_operator_decorator.py
[2024-08-23T12:13:31.956+0000] {logging_mixin.py:190} INFO - [2024-08-23T12:13:31.956+0000] {dag.py:3211} INFO - Sync 1 DAGs
[2024-08-23T12:13:31.976+0000] {logging_mixin.py:190} INFO - [2024-08-23T12:13:31.975+0000] {dag.py:4138} INFO - Setting next_dagrun for example_branch_python_operator_decorator to 2024-08-22 00:00:00+00:00, run_after=2024-08-23 00:00:00+00:00
[2024-08-23T12:13:31.988+0000] {processor.py:208} INFO - Processing /home/airflow/.local/lib/python3.12/site-packages/airflow/example_dags/example_branch_operator_decorator.py took 0.170 seconds
[2024-08-23T12:14:02.347+0000] {processor.py:186} INFO - Started process (PID=1379) to work on /home/airflow/.local/lib/python3.12/site-packages/airflow/example_dags/example_branch_operator_decorator.py
[2024-08-23T12:14:02.348+0000] {processor.py:914} INFO - Processing file /home/airflow/.local/lib/python3.12/site-packages/airflow/example_dags/example_branch_operator_decorator.py for tasks to queue
[2024-08-23T12:14:02.350+0000] {logging_mixin.py:190} INFO - [2024-08-23T12:14:02.350+0000] {dagbag.py:587} INFO - Filling up the DagBag from /home/airflow/.local/lib/python3.12/site-packages/airflow/example_dags/example_branch_operator_decorator.py
[2024-08-23T12:14:02.366+0000] {processor.py:925} INFO - DAG(s) 'example_branch_python_operator_decorator' retrieved from /home/airflow/.local/lib/python3.12/site-packages/airflow/example_dags/example_branch_operator_decorator.py
[2024-08-23T12:14:02.383+0000] {logging_mixin.py:190} INFO - [2024-08-23T12:14:02.383+0000] {dag.py:3211} INFO - Sync 1 DAGs
[2024-08-23T12:14:02.398+0000] {logging_mixin.py:190} INFO - [2024-08-23T12:14:02.398+0000] {dag.py:4138} INFO - Setting next_dagrun for example_branch_python_operator_decorator to 2024-08-22 00:00:00+00:00, run_after=2024-08-23 00:00:00+00:00
[2024-08-23T12:14:02.414+0000] {processor.py:208} INFO - Processing /home/airflow/.local/lib/python3.12/site-packages/airflow/example_dags/example_branch_operator_decorator.py took 0.074 seconds
[2024-08-23T12:14:32.886+0000] {processor.py:186} INFO - Started process (PID=1441) to work on /home/airflow/.local/lib/python3.12/site-packages/airflow/example_dags/example_branch_operator_decorator.py
[2024-08-23T12:14:32.888+0000] {processor.py:914} INFO - Processing file /home/airflow/.local/lib/python3.12/site-packages/airflow/example_dags/example_branch_operator_decorator.py for tasks to queue
[2024-08-23T12:14:32.892+0000] {logging_mixin.py:190} INFO - [2024-08-23T12:14:32.892+0000] {dagbag.py:587} INFO - Filling up the DagBag from /home/airflow/.local/lib/python3.12/site-packages/airflow/example_dags/example_branch_operator_decorator.py
[2024-08-23T12:14:32.911+0000] {processor.py:925} INFO - DAG(s) 'example_branch_python_operator_decorator' retrieved from /home/airflow/.local/lib/python3.12/site-packages/airflow/example_dags/example_branch_operator_decorator.py
[2024-08-23T12:14:32.932+0000] {logging_mixin.py:190} INFO - [2024-08-23T12:14:32.932+0000] {dag.py:3211} INFO - Sync 1 DAGs
[2024-08-23T12:14:32.944+0000] {logging_mixin.py:190} INFO - [2024-08-23T12:14:32.944+0000] {dag.py:4138} INFO - Setting next_dagrun for example_branch_python_operator_decorator to 2024-08-22 00:00:00+00:00, run_after=2024-08-23 00:00:00+00:00
[2024-08-23T12:14:32.955+0000] {processor.py:208} INFO - Processing /home/airflow/.local/lib/python3.12/site-packages/airflow/example_dags/example_branch_operator_decorator.py took 0.082 seconds
[2024-08-23T12:15:03.796+0000] {processor.py:186} INFO - Started process (PID=1503) to work on /home/airflow/.local/lib/python3.12/site-packages/airflow/example_dags/example_branch_operator_decorator.py
[2024-08-23T12:15:03.801+0000] {processor.py:914} INFO - Processing file /home/airflow/.local/lib/python3.12/site-packages/airflow/example_dags/example_branch_operator_decorator.py for tasks to queue
[2024-08-23T12:15:03.804+0000] {logging_mixin.py:190} INFO - [2024-08-23T12:15:03.804+0000] {dagbag.py:587} INFO - Filling up the DagBag from /home/airflow/.local/lib/python3.12/site-packages/airflow/example_dags/example_branch_operator_decorator.py
[2024-08-23T12:15:03.824+0000] {processor.py:925} INFO - DAG(s) 'example_branch_python_operator_decorator' retrieved from /home/airflow/.local/lib/python3.12/site-packages/airflow/example_dags/example_branch_operator_decorator.py
[2024-08-23T12:15:03.844+0000] {logging_mixin.py:190} INFO - [2024-08-23T12:15:03.844+0000] {dag.py:3211} INFO - Sync 1 DAGs
[2024-08-23T12:15:03.857+0000] {logging_mixin.py:190} INFO - [2024-08-23T12:15:03.857+0000] {dag.py:4138} INFO - Setting next_dagrun for example_branch_python_operator_decorator to 2024-08-22 00:00:00+00:00, run_after=2024-08-23 00:00:00+00:00
[2024-08-23T12:15:03.866+0000] {processor.py:208} INFO - Processing /home/airflow/.local/lib/python3.12/site-packages/airflow/example_dags/example_branch_operator_decorator.py took 0.091 seconds
[2024-08-23T12:15:34.142+0000] {processor.py:186} INFO - Started process (PID=1565) to work on /home/airflow/.local/lib/python3.12/site-packages/airflow/example_dags/example_branch_operator_decorator.py
[2024-08-23T12:15:34.144+0000] {processor.py:914} INFO - Processing file /home/airflow/.local/lib/python3.12/site-packages/airflow/example_dags/example_branch_operator_decorator.py for tasks to queue
[2024-08-23T12:15:34.147+0000] {logging_mixin.py:190} INFO - [2024-08-23T12:15:34.146+0000] {dagbag.py:587} INFO - Filling up the DagBag from /home/airflow/.local/lib/python3.12/site-packages/airflow/example_dags/example_branch_operator_decorator.py
[2024-08-23T12:15:34.163+0000] {processor.py:925} INFO - DAG(s) 'example_branch_python_operator_decorator' retrieved from /home/airflow/.local/lib/python3.12/site-packages/airflow/example_dags/example_branch_operator_decorator.py
[2024-08-23T12:15:34.190+0000] {logging_mixin.py:190} INFO - [2024-08-23T12:15:34.190+0000] {dag.py:3211} INFO - Sync 1 DAGs
[2024-08-23T12:15:34.206+0000] {logging_mixin.py:190} INFO - [2024-08-23T12:15:34.206+0000] {dag.py:4138} INFO - Setting next_dagrun for example_branch_python_operator_decorator to 2024-08-22 00:00:00+00:00, run_after=2024-08-23 00:00:00+00:00
[2024-08-23T12:15:34.231+0000] {processor.py:208} INFO - Processing /home/airflow/.local/lib/python3.12/site-packages/airflow/example_dags/example_branch_operator_decorator.py took 0.096 seconds
[2024-08-23T12:16:05.129+0000] {processor.py:186} INFO - Started process (PID=1633) to work on /home/airflow/.local/lib/python3.12/site-packages/airflow/example_dags/example_branch_operator_decorator.py
[2024-08-23T12:16:05.137+0000] {processor.py:914} INFO - Processing file /home/airflow/.local/lib/python3.12/site-packages/airflow/example_dags/example_branch_operator_decorator.py for tasks to queue
[2024-08-23T12:16:05.145+0000] {logging_mixin.py:190} INFO - [2024-08-23T12:16:05.144+0000] {dagbag.py:587} INFO - Filling up the DagBag from /home/airflow/.local/lib/python3.12/site-packages/airflow/example_dags/example_branch_operator_decorator.py
[2024-08-23T12:16:05.184+0000] {processor.py:925} INFO - DAG(s) 'example_branch_python_operator_decorator' retrieved from /home/airflow/.local/lib/python3.12/site-packages/airflow/example_dags/example_branch_operator_decorator.py
[2024-08-23T12:16:05.230+0000] {logging_mixin.py:190} INFO - [2024-08-23T12:16:05.230+0000] {dag.py:3211} INFO - Sync 1 DAGs
[2024-08-23T12:16:05.270+0000] {logging_mixin.py:190} INFO - [2024-08-23T12:16:05.270+0000] {dag.py:4138} INFO - Setting next_dagrun for example_branch_python_operator_decorator to 2024-08-22 00:00:00+00:00, run_after=2024-08-23 00:00:00+00:00
[2024-08-23T12:16:05.310+0000] {processor.py:208} INFO - Processing /home/airflow/.local/lib/python3.12/site-packages/airflow/example_dags/example_branch_operator_decorator.py took 0.192 seconds
[2024-08-23T12:16:36.135+0000] {processor.py:186} INFO - Started process (PID=1695) to work on /home/airflow/.local/lib/python3.12/site-packages/airflow/example_dags/example_branch_operator_decorator.py
[2024-08-23T12:16:36.138+0000] {processor.py:914} INFO - Processing file /home/airflow/.local/lib/python3.12/site-packages/airflow/example_dags/example_branch_operator_decorator.py for tasks to queue
[2024-08-23T12:16:36.140+0000] {logging_mixin.py:190} INFO - [2024-08-23T12:16:36.140+0000] {dagbag.py:587} INFO - Filling up the DagBag from /home/airflow/.local/lib/python3.12/site-packages/airflow/example_dags/example_branch_operator_decorator.py
[2024-08-23T12:16:36.180+0000] {processor.py:925} INFO - DAG(s) 'example_branch_python_operator_decorator' retrieved from /home/airflow/.local/lib/python3.12/site-packages/airflow/example_dags/example_branch_operator_decorator.py
[2024-08-23T12:16:36.240+0000] {logging_mixin.py:190} INFO - [2024-08-23T12:16:36.240+0000] {dag.py:3211} INFO - Sync 1 DAGs
[2024-08-23T12:16:36.273+0000] {logging_mixin.py:190} INFO - [2024-08-23T12:16:36.273+0000] {dag.py:4138} INFO - Setting next_dagrun for example_branch_python_operator_decorator to 2024-08-22 00:00:00+00:00, run_after=2024-08-23 00:00:00+00:00
[2024-08-23T12:16:36.294+0000] {processor.py:208} INFO - Processing /home/airflow/.local/lib/python3.12/site-packages/airflow/example_dags/example_branch_operator_decorator.py took 0.173 seconds
