[2024-08-23T12:03:15.707+0000] {processor.py:186} INFO - Started process (PID=109) to work on /home/airflow/.local/lib/python3.12/site-packages/airflow/example_dags/example_xcomargs.py
[2024-08-23T12:03:15.717+0000] {processor.py:914} INFO - Processing file /home/airflow/.local/lib/python3.12/site-packages/airflow/example_dags/example_xcomargs.py for tasks to queue
[2024-08-23T12:03:15.724+0000] {logging_mixin.py:190} INFO - [2024-08-23T12:03:15.723+0000] {dagbag.py:587} INFO - Filling up the DagBag from /home/airflow/.local/lib/python3.12/site-packages/airflow/example_dags/example_xcomargs.py
[2024-08-23T12:03:15.752+0000] {processor.py:925} INFO - DAG(s) 'example_xcom_args_with_operators', 'example_xcom_args' retrieved from /home/airflow/.local/lib/python3.12/site-packages/airflow/example_dags/example_xcomargs.py
[2024-08-23T12:03:15.857+0000] {logging_mixin.py:190} INFO - [2024-08-23T12:03:15.856+0000] {override.py:1858} INFO - Created Permission View: can read on DAG:example_xcom_args_with_operators
[2024-08-23T12:03:15.866+0000] {logging_mixin.py:190} INFO - [2024-08-23T12:03:15.865+0000] {override.py:1858} INFO - Created Permission View: can delete on DAG:example_xcom_args_with_operators
[2024-08-23T12:03:15.870+0000] {logging_mixin.py:190} INFO - [2024-08-23T12:03:15.870+0000] {override.py:1858} INFO - Created Permission View: can edit on DAG:example_xcom_args_with_operators
[2024-08-23T12:03:15.886+0000] {logging_mixin.py:190} INFO - [2024-08-23T12:03:15.885+0000] {override.py:1858} INFO - Created Permission View: can read on DAG:example_xcom_args
[2024-08-23T12:03:15.895+0000] {logging_mixin.py:190} INFO - [2024-08-23T12:03:15.894+0000] {override.py:1858} INFO - Created Permission View: can delete on DAG:example_xcom_args
[2024-08-23T12:03:15.902+0000] {logging_mixin.py:190} INFO - [2024-08-23T12:03:15.902+0000] {override.py:1858} INFO - Created Permission View: can edit on DAG:example_xcom_args
[2024-08-23T12:03:15.902+0000] {logging_mixin.py:190} INFO - [2024-08-23T12:03:15.902+0000] {dag.py:3211} INFO - Sync 2 DAGs
[2024-08-23T12:03:15.913+0000] {logging_mixin.py:190} INFO - [2024-08-23T12:03:15.913+0000] {dag.py:3234} INFO - Creating ORM DAG for example_xcom_args
[2024-08-23T12:03:15.913+0000] {logging_mixin.py:190} INFO - [2024-08-23T12:03:15.913+0000] {dag.py:3234} INFO - Creating ORM DAG for example_xcom_args_with_operators
[2024-08-23T12:03:15.914+0000] {logging_mixin.py:190} INFO - [2024-08-23T12:03:15.914+0000] {dag.py:4138} INFO - Setting next_dagrun for example_xcom_args to None, run_after=None
[2024-08-23T12:03:15.915+0000] {logging_mixin.py:190} INFO - [2024-08-23T12:03:15.915+0000] {dag.py:4138} INFO - Setting next_dagrun for example_xcom_args_with_operators to None, run_after=None
[2024-08-23T12:03:15.983+0000] {processor.py:208} INFO - Processing /home/airflow/.local/lib/python3.12/site-packages/airflow/example_dags/example_xcomargs.py took 0.285 seconds
[2024-08-23T12:03:46.959+0000] {processor.py:186} INFO - Started process (PID=171) to work on /home/airflow/.local/lib/python3.12/site-packages/airflow/example_dags/example_xcomargs.py
[2024-08-23T12:03:46.964+0000] {processor.py:914} INFO - Processing file /home/airflow/.local/lib/python3.12/site-packages/airflow/example_dags/example_xcomargs.py for tasks to queue
[2024-08-23T12:03:46.966+0000] {logging_mixin.py:190} INFO - [2024-08-23T12:03:46.965+0000] {dagbag.py:587} INFO - Filling up the DagBag from /home/airflow/.local/lib/python3.12/site-packages/airflow/example_dags/example_xcomargs.py
[2024-08-23T12:03:46.982+0000] {processor.py:925} INFO - DAG(s) 'example_xcom_args_with_operators', 'example_xcom_args' retrieved from /home/airflow/.local/lib/python3.12/site-packages/airflow/example_dags/example_xcomargs.py
[2024-08-23T12:03:47.077+0000] {logging_mixin.py:190} INFO - [2024-08-23T12:03:47.077+0000] {dag.py:3211} INFO - Sync 2 DAGs
[2024-08-23T12:03:47.097+0000] {logging_mixin.py:190} INFO - [2024-08-23T12:03:47.096+0000] {dag.py:4138} INFO - Setting next_dagrun for example_xcom_args to None, run_after=None
[2024-08-23T12:03:47.101+0000] {logging_mixin.py:190} INFO - [2024-08-23T12:03:47.101+0000] {dag.py:4138} INFO - Setting next_dagrun for example_xcom_args_with_operators to None, run_after=None
[2024-08-23T12:03:47.230+0000] {processor.py:208} INFO - Processing /home/airflow/.local/lib/python3.12/site-packages/airflow/example_dags/example_xcomargs.py took 0.276 seconds
[2024-08-23T12:04:19.327+0000] {processor.py:186} INFO - Started process (PID=233) to work on /home/airflow/.local/lib/python3.12/site-packages/airflow/example_dags/example_xcomargs.py
[2024-08-23T12:04:19.331+0000] {processor.py:914} INFO - Processing file /home/airflow/.local/lib/python3.12/site-packages/airflow/example_dags/example_xcomargs.py for tasks to queue
[2024-08-23T12:04:19.334+0000] {logging_mixin.py:190} INFO - [2024-08-23T12:04:19.334+0000] {dagbag.py:587} INFO - Filling up the DagBag from /home/airflow/.local/lib/python3.12/site-packages/airflow/example_dags/example_xcomargs.py
[2024-08-23T12:04:19.358+0000] {processor.py:925} INFO - DAG(s) 'example_xcom_args_with_operators', 'example_xcom_args' retrieved from /home/airflow/.local/lib/python3.12/site-packages/airflow/example_dags/example_xcomargs.py
[2024-08-23T12:04:19.385+0000] {logging_mixin.py:190} INFO - [2024-08-23T12:04:19.385+0000] {dag.py:3211} INFO - Sync 2 DAGs
[2024-08-23T12:04:19.396+0000] {logging_mixin.py:190} INFO - [2024-08-23T12:04:19.396+0000] {dag.py:4138} INFO - Setting next_dagrun for example_xcom_args to None, run_after=None
[2024-08-23T12:04:19.398+0000] {logging_mixin.py:190} INFO - [2024-08-23T12:04:19.398+0000] {dag.py:4138} INFO - Setting next_dagrun for example_xcom_args_with_operators to None, run_after=None
[2024-08-23T12:04:19.420+0000] {processor.py:208} INFO - Processing /home/airflow/.local/lib/python3.12/site-packages/airflow/example_dags/example_xcomargs.py took 0.098 seconds
[2024-08-23T12:05:06.327+0000] {processor.py:186} INFO - Started process (PID=300) to work on /home/airflow/.local/lib/python3.12/site-packages/airflow/example_dags/example_xcomargs.py
[2024-08-23T12:05:06.328+0000] {processor.py:914} INFO - Processing file /home/airflow/.local/lib/python3.12/site-packages/airflow/example_dags/example_xcomargs.py for tasks to queue
[2024-08-23T12:05:06.331+0000] {logging_mixin.py:190} INFO - [2024-08-23T12:05:06.331+0000] {dagbag.py:587} INFO - Filling up the DagBag from /home/airflow/.local/lib/python3.12/site-packages/airflow/example_dags/example_xcomargs.py
[2024-08-23T12:05:06.348+0000] {processor.py:925} INFO - DAG(s) 'example_xcom_args', 'example_xcom_args_with_operators' retrieved from /home/airflow/.local/lib/python3.12/site-packages/airflow/example_dags/example_xcomargs.py
[2024-08-23T12:05:06.374+0000] {logging_mixin.py:190} INFO - [2024-08-23T12:05:06.374+0000] {dag.py:3211} INFO - Sync 2 DAGs
[2024-08-23T12:05:06.388+0000] {logging_mixin.py:190} INFO - [2024-08-23T12:05:06.388+0000] {dag.py:4138} INFO - Setting next_dagrun for example_xcom_args to None, run_after=None
[2024-08-23T12:05:06.392+0000] {logging_mixin.py:190} INFO - [2024-08-23T12:05:06.392+0000] {dag.py:4138} INFO - Setting next_dagrun for example_xcom_args_with_operators to None, run_after=None
[2024-08-23T12:05:06.416+0000] {processor.py:208} INFO - Processing /home/airflow/.local/lib/python3.12/site-packages/airflow/example_dags/example_xcomargs.py took 0.097 seconds
[2024-08-23T12:05:36.992+0000] {processor.py:186} INFO - Started process (PID=362) to work on /home/airflow/.local/lib/python3.12/site-packages/airflow/example_dags/example_xcomargs.py
[2024-08-23T12:05:36.993+0000] {processor.py:914} INFO - Processing file /home/airflow/.local/lib/python3.12/site-packages/airflow/example_dags/example_xcomargs.py for tasks to queue
[2024-08-23T12:05:36.995+0000] {logging_mixin.py:190} INFO - [2024-08-23T12:05:36.994+0000] {dagbag.py:587} INFO - Filling up the DagBag from /home/airflow/.local/lib/python3.12/site-packages/airflow/example_dags/example_xcomargs.py
[2024-08-23T12:05:37.002+0000] {processor.py:925} INFO - DAG(s) 'example_xcom_args', 'example_xcom_args_with_operators' retrieved from /home/airflow/.local/lib/python3.12/site-packages/airflow/example_dags/example_xcomargs.py
[2024-08-23T12:05:37.020+0000] {logging_mixin.py:190} INFO - [2024-08-23T12:05:37.019+0000] {dag.py:3211} INFO - Sync 2 DAGs
[2024-08-23T12:05:37.028+0000] {logging_mixin.py:190} INFO - [2024-08-23T12:05:37.028+0000] {dag.py:4138} INFO - Setting next_dagrun for example_xcom_args to None, run_after=None
[2024-08-23T12:05:37.030+0000] {logging_mixin.py:190} INFO - [2024-08-23T12:05:37.030+0000] {dag.py:4138} INFO - Setting next_dagrun for example_xcom_args_with_operators to None, run_after=None
[2024-08-23T12:05:37.039+0000] {processor.py:208} INFO - Processing /home/airflow/.local/lib/python3.12/site-packages/airflow/example_dags/example_xcomargs.py took 0.052 seconds
[2024-08-23T12:06:07.306+0000] {processor.py:186} INFO - Started process (PID=424) to work on /home/airflow/.local/lib/python3.12/site-packages/airflow/example_dags/example_xcomargs.py
[2024-08-23T12:06:07.308+0000] {processor.py:914} INFO - Processing file /home/airflow/.local/lib/python3.12/site-packages/airflow/example_dags/example_xcomargs.py for tasks to queue
[2024-08-23T12:06:07.312+0000] {logging_mixin.py:190} INFO - [2024-08-23T12:06:07.311+0000] {dagbag.py:587} INFO - Filling up the DagBag from /home/airflow/.local/lib/python3.12/site-packages/airflow/example_dags/example_xcomargs.py
[2024-08-23T12:06:07.323+0000] {processor.py:925} INFO - DAG(s) 'example_xcom_args_with_operators', 'example_xcom_args' retrieved from /home/airflow/.local/lib/python3.12/site-packages/airflow/example_dags/example_xcomargs.py
[2024-08-23T12:06:07.338+0000] {logging_mixin.py:190} INFO - [2024-08-23T12:06:07.338+0000] {dag.py:3211} INFO - Sync 2 DAGs
[2024-08-23T12:06:07.346+0000] {logging_mixin.py:190} INFO - [2024-08-23T12:06:07.346+0000] {dag.py:4138} INFO - Setting next_dagrun for example_xcom_args to None, run_after=None
[2024-08-23T12:06:07.348+0000] {logging_mixin.py:190} INFO - [2024-08-23T12:06:07.348+0000] {dag.py:4138} INFO - Setting next_dagrun for example_xcom_args_with_operators to None, run_after=None
[2024-08-23T12:06:07.356+0000] {processor.py:208} INFO - Processing /home/airflow/.local/lib/python3.12/site-packages/airflow/example_dags/example_xcomargs.py took 0.053 seconds
[2024-08-23T12:06:38.011+0000] {processor.py:186} INFO - Started process (PID=486) to work on /home/airflow/.local/lib/python3.12/site-packages/airflow/example_dags/example_xcomargs.py
[2024-08-23T12:06:38.013+0000] {processor.py:914} INFO - Processing file /home/airflow/.local/lib/python3.12/site-packages/airflow/example_dags/example_xcomargs.py for tasks to queue
[2024-08-23T12:06:38.014+0000] {logging_mixin.py:190} INFO - [2024-08-23T12:06:38.014+0000] {dagbag.py:587} INFO - Filling up the DagBag from /home/airflow/.local/lib/python3.12/site-packages/airflow/example_dags/example_xcomargs.py
[2024-08-23T12:06:38.020+0000] {processor.py:925} INFO - DAG(s) 'example_xcom_args_with_operators', 'example_xcom_args' retrieved from /home/airflow/.local/lib/python3.12/site-packages/airflow/example_dags/example_xcomargs.py
[2024-08-23T12:06:38.032+0000] {logging_mixin.py:190} INFO - [2024-08-23T12:06:38.032+0000] {dag.py:3211} INFO - Sync 2 DAGs
[2024-08-23T12:06:38.039+0000] {logging_mixin.py:190} INFO - [2024-08-23T12:06:38.039+0000] {dag.py:4138} INFO - Setting next_dagrun for example_xcom_args to None, run_after=None
[2024-08-23T12:06:38.041+0000] {logging_mixin.py:190} INFO - [2024-08-23T12:06:38.041+0000] {dag.py:4138} INFO - Setting next_dagrun for example_xcom_args_with_operators to None, run_after=None
[2024-08-23T12:06:38.047+0000] {processor.py:208} INFO - Processing /home/airflow/.local/lib/python3.12/site-packages/airflow/example_dags/example_xcomargs.py took 0.039 seconds
[2024-08-23T12:07:08.468+0000] {processor.py:186} INFO - Started process (PID=547) to work on /home/airflow/.local/lib/python3.12/site-packages/airflow/example_dags/example_xcomargs.py
[2024-08-23T12:07:08.471+0000] {processor.py:914} INFO - Processing file /home/airflow/.local/lib/python3.12/site-packages/airflow/example_dags/example_xcomargs.py for tasks to queue
[2024-08-23T12:07:08.473+0000] {logging_mixin.py:190} INFO - [2024-08-23T12:07:08.473+0000] {dagbag.py:587} INFO - Filling up the DagBag from /home/airflow/.local/lib/python3.12/site-packages/airflow/example_dags/example_xcomargs.py
[2024-08-23T12:07:08.480+0000] {processor.py:925} INFO - DAG(s) 'example_xcom_args_with_operators', 'example_xcom_args' retrieved from /home/airflow/.local/lib/python3.12/site-packages/airflow/example_dags/example_xcomargs.py
[2024-08-23T12:07:08.511+0000] {logging_mixin.py:190} INFO - [2024-08-23T12:07:08.511+0000] {dag.py:3211} INFO - Sync 2 DAGs
[2024-08-23T12:07:08.539+0000] {logging_mixin.py:190} INFO - [2024-08-23T12:07:08.538+0000] {dag.py:4138} INFO - Setting next_dagrun for example_xcom_args to None, run_after=None
[2024-08-23T12:07:08.548+0000] {logging_mixin.py:190} INFO - [2024-08-23T12:07:08.547+0000] {dag.py:4138} INFO - Setting next_dagrun for example_xcom_args_with_operators to None, run_after=None
[2024-08-23T12:07:08.563+0000] {processor.py:208} INFO - Processing /home/airflow/.local/lib/python3.12/site-packages/airflow/example_dags/example_xcomargs.py took 0.100 seconds
[2024-08-23T12:07:38.918+0000] {processor.py:186} INFO - Started process (PID=609) to work on /home/airflow/.local/lib/python3.12/site-packages/airflow/example_dags/example_xcomargs.py
[2024-08-23T12:07:38.919+0000] {processor.py:914} INFO - Processing file /home/airflow/.local/lib/python3.12/site-packages/airflow/example_dags/example_xcomargs.py for tasks to queue
[2024-08-23T12:07:38.922+0000] {logging_mixin.py:190} INFO - [2024-08-23T12:07:38.921+0000] {dagbag.py:587} INFO - Filling up the DagBag from /home/airflow/.local/lib/python3.12/site-packages/airflow/example_dags/example_xcomargs.py
[2024-08-23T12:07:38.933+0000] {processor.py:925} INFO - DAG(s) 'example_xcom_args_with_operators', 'example_xcom_args' retrieved from /home/airflow/.local/lib/python3.12/site-packages/airflow/example_dags/example_xcomargs.py
[2024-08-23T12:07:38.953+0000] {logging_mixin.py:190} INFO - [2024-08-23T12:07:38.953+0000] {dag.py:3211} INFO - Sync 2 DAGs
[2024-08-23T12:07:38.965+0000] {logging_mixin.py:190} INFO - [2024-08-23T12:07:38.965+0000] {dag.py:4138} INFO - Setting next_dagrun for example_xcom_args to None, run_after=None
[2024-08-23T12:07:38.968+0000] {logging_mixin.py:190} INFO - [2024-08-23T12:07:38.968+0000] {dag.py:4138} INFO - Setting next_dagrun for example_xcom_args_with_operators to None, run_after=None
[2024-08-23T12:07:38.977+0000] {processor.py:208} INFO - Processing /home/airflow/.local/lib/python3.12/site-packages/airflow/example_dags/example_xcomargs.py took 0.065 seconds
[2024-08-23T12:08:09.899+0000] {processor.py:186} INFO - Started process (PID=671) to work on /home/airflow/.local/lib/python3.12/site-packages/airflow/example_dags/example_xcomargs.py
[2024-08-23T12:08:09.901+0000] {processor.py:914} INFO - Processing file /home/airflow/.local/lib/python3.12/site-packages/airflow/example_dags/example_xcomargs.py for tasks to queue
[2024-08-23T12:08:09.902+0000] {logging_mixin.py:190} INFO - [2024-08-23T12:08:09.902+0000] {dagbag.py:587} INFO - Filling up the DagBag from /home/airflow/.local/lib/python3.12/site-packages/airflow/example_dags/example_xcomargs.py
[2024-08-23T12:08:09.908+0000] {processor.py:925} INFO - DAG(s) 'example_xcom_args_with_operators', 'example_xcom_args' retrieved from /home/airflow/.local/lib/python3.12/site-packages/airflow/example_dags/example_xcomargs.py
[2024-08-23T12:08:09.918+0000] {logging_mixin.py:190} INFO - [2024-08-23T12:08:09.918+0000] {dag.py:3211} INFO - Sync 2 DAGs
[2024-08-23T12:08:09.924+0000] {logging_mixin.py:190} INFO - [2024-08-23T12:08:09.924+0000] {dag.py:4138} INFO - Setting next_dagrun for example_xcom_args to None, run_after=None
[2024-08-23T12:08:09.925+0000] {logging_mixin.py:190} INFO - [2024-08-23T12:08:09.925+0000] {dag.py:4138} INFO - Setting next_dagrun for example_xcom_args_with_operators to None, run_after=None
[2024-08-23T12:08:09.932+0000] {processor.py:208} INFO - Processing /home/airflow/.local/lib/python3.12/site-packages/airflow/example_dags/example_xcomargs.py took 0.037 seconds
[2024-08-23T12:08:40.991+0000] {processor.py:186} INFO - Started process (PID=733) to work on /home/airflow/.local/lib/python3.12/site-packages/airflow/example_dags/example_xcomargs.py
[2024-08-23T12:08:40.992+0000] {processor.py:914} INFO - Processing file /home/airflow/.local/lib/python3.12/site-packages/airflow/example_dags/example_xcomargs.py for tasks to queue
[2024-08-23T12:08:40.994+0000] {logging_mixin.py:190} INFO - [2024-08-23T12:08:40.994+0000] {dagbag.py:587} INFO - Filling up the DagBag from /home/airflow/.local/lib/python3.12/site-packages/airflow/example_dags/example_xcomargs.py
[2024-08-23T12:08:41.002+0000] {processor.py:925} INFO - DAG(s) 'example_xcom_args_with_operators', 'example_xcom_args' retrieved from /home/airflow/.local/lib/python3.12/site-packages/airflow/example_dags/example_xcomargs.py
[2024-08-23T12:08:41.013+0000] {logging_mixin.py:190} INFO - [2024-08-23T12:08:41.013+0000] {dag.py:3211} INFO - Sync 2 DAGs
[2024-08-23T12:08:41.020+0000] {logging_mixin.py:190} INFO - [2024-08-23T12:08:41.020+0000] {dag.py:4138} INFO - Setting next_dagrun for example_xcom_args to None, run_after=None
[2024-08-23T12:08:41.022+0000] {logging_mixin.py:190} INFO - [2024-08-23T12:08:41.021+0000] {dag.py:4138} INFO - Setting next_dagrun for example_xcom_args_with_operators to None, run_after=None
[2024-08-23T12:08:41.028+0000] {processor.py:208} INFO - Processing /home/airflow/.local/lib/python3.12/site-packages/airflow/example_dags/example_xcomargs.py took 0.041 seconds
[2024-08-23T12:09:11.153+0000] {processor.py:186} INFO - Started process (PID=795) to work on /home/airflow/.local/lib/python3.12/site-packages/airflow/example_dags/example_xcomargs.py
[2024-08-23T12:09:11.154+0000] {processor.py:914} INFO - Processing file /home/airflow/.local/lib/python3.12/site-packages/airflow/example_dags/example_xcomargs.py for tasks to queue
[2024-08-23T12:09:11.155+0000] {logging_mixin.py:190} INFO - [2024-08-23T12:09:11.155+0000] {dagbag.py:587} INFO - Filling up the DagBag from /home/airflow/.local/lib/python3.12/site-packages/airflow/example_dags/example_xcomargs.py
[2024-08-23T12:09:11.160+0000] {processor.py:925} INFO - DAG(s) 'example_xcom_args', 'example_xcom_args_with_operators' retrieved from /home/airflow/.local/lib/python3.12/site-packages/airflow/example_dags/example_xcomargs.py
[2024-08-23T12:09:11.171+0000] {logging_mixin.py:190} INFO - [2024-08-23T12:09:11.171+0000] {dag.py:3211} INFO - Sync 2 DAGs
[2024-08-23T12:09:11.178+0000] {logging_mixin.py:190} INFO - [2024-08-23T12:09:11.178+0000] {dag.py:4138} INFO - Setting next_dagrun for example_xcom_args to None, run_after=None
[2024-08-23T12:09:11.179+0000] {logging_mixin.py:190} INFO - [2024-08-23T12:09:11.179+0000] {dag.py:4138} INFO - Setting next_dagrun for example_xcom_args_with_operators to None, run_after=None
[2024-08-23T12:09:11.186+0000] {processor.py:208} INFO - Processing /home/airflow/.local/lib/python3.12/site-packages/airflow/example_dags/example_xcomargs.py took 0.037 seconds
[2024-08-23T12:09:41.982+0000] {processor.py:186} INFO - Started process (PID=857) to work on /home/airflow/.local/lib/python3.12/site-packages/airflow/example_dags/example_xcomargs.py
[2024-08-23T12:09:41.985+0000] {processor.py:914} INFO - Processing file /home/airflow/.local/lib/python3.12/site-packages/airflow/example_dags/example_xcomargs.py for tasks to queue
[2024-08-23T12:09:41.988+0000] {logging_mixin.py:190} INFO - [2024-08-23T12:09:41.987+0000] {dagbag.py:587} INFO - Filling up the DagBag from /home/airflow/.local/lib/python3.12/site-packages/airflow/example_dags/example_xcomargs.py
[2024-08-23T12:09:42.003+0000] {processor.py:925} INFO - DAG(s) 'example_xcom_args_with_operators', 'example_xcom_args' retrieved from /home/airflow/.local/lib/python3.12/site-packages/airflow/example_dags/example_xcomargs.py
[2024-08-23T12:09:42.039+0000] {logging_mixin.py:190} INFO - [2024-08-23T12:09:42.039+0000] {dag.py:3211} INFO - Sync 2 DAGs
[2024-08-23T12:09:42.047+0000] {logging_mixin.py:190} INFO - [2024-08-23T12:09:42.047+0000] {dag.py:4138} INFO - Setting next_dagrun for example_xcom_args to None, run_after=None
[2024-08-23T12:09:42.049+0000] {logging_mixin.py:190} INFO - [2024-08-23T12:09:42.049+0000] {dag.py:4138} INFO - Setting next_dagrun for example_xcom_args_with_operators to None, run_after=None
[2024-08-23T12:09:42.058+0000] {processor.py:208} INFO - Processing /home/airflow/.local/lib/python3.12/site-packages/airflow/example_dags/example_xcomargs.py took 0.082 seconds
[2024-08-23T12:10:12.132+0000] {processor.py:186} INFO - Started process (PID=919) to work on /home/airflow/.local/lib/python3.12/site-packages/airflow/example_dags/example_xcomargs.py
[2024-08-23T12:10:12.135+0000] {processor.py:914} INFO - Processing file /home/airflow/.local/lib/python3.12/site-packages/airflow/example_dags/example_xcomargs.py for tasks to queue
[2024-08-23T12:10:12.136+0000] {logging_mixin.py:190} INFO - [2024-08-23T12:10:12.136+0000] {dagbag.py:587} INFO - Filling up the DagBag from /home/airflow/.local/lib/python3.12/site-packages/airflow/example_dags/example_xcomargs.py
[2024-08-23T12:10:12.144+0000] {processor.py:925} INFO - DAG(s) 'example_xcom_args', 'example_xcom_args_with_operators' retrieved from /home/airflow/.local/lib/python3.12/site-packages/airflow/example_dags/example_xcomargs.py
[2024-08-23T12:10:12.159+0000] {logging_mixin.py:190} INFO - [2024-08-23T12:10:12.159+0000] {dag.py:3211} INFO - Sync 2 DAGs
[2024-08-23T12:10:12.167+0000] {logging_mixin.py:190} INFO - [2024-08-23T12:10:12.167+0000] {dag.py:4138} INFO - Setting next_dagrun for example_xcom_args to None, run_after=None
[2024-08-23T12:10:12.169+0000] {logging_mixin.py:190} INFO - [2024-08-23T12:10:12.169+0000] {dag.py:4138} INFO - Setting next_dagrun for example_xcom_args_with_operators to None, run_after=None
[2024-08-23T12:10:12.177+0000] {processor.py:208} INFO - Processing /home/airflow/.local/lib/python3.12/site-packages/airflow/example_dags/example_xcomargs.py took 0.051 seconds
[2024-08-23T12:10:43.109+0000] {processor.py:186} INFO - Started process (PID=981) to work on /home/airflow/.local/lib/python3.12/site-packages/airflow/example_dags/example_xcomargs.py
[2024-08-23T12:10:43.111+0000] {processor.py:914} INFO - Processing file /home/airflow/.local/lib/python3.12/site-packages/airflow/example_dags/example_xcomargs.py for tasks to queue
[2024-08-23T12:10:43.112+0000] {logging_mixin.py:190} INFO - [2024-08-23T12:10:43.112+0000] {dagbag.py:587} INFO - Filling up the DagBag from /home/airflow/.local/lib/python3.12/site-packages/airflow/example_dags/example_xcomargs.py
[2024-08-23T12:10:43.119+0000] {processor.py:925} INFO - DAG(s) 'example_xcom_args_with_operators', 'example_xcom_args' retrieved from /home/airflow/.local/lib/python3.12/site-packages/airflow/example_dags/example_xcomargs.py
[2024-08-23T12:10:43.140+0000] {logging_mixin.py:190} INFO - [2024-08-23T12:10:43.139+0000] {dag.py:3211} INFO - Sync 2 DAGs
[2024-08-23T12:10:43.148+0000] {logging_mixin.py:190} INFO - [2024-08-23T12:10:43.148+0000] {dag.py:4138} INFO - Setting next_dagrun for example_xcom_args to None, run_after=None
[2024-08-23T12:10:43.154+0000] {logging_mixin.py:190} INFO - [2024-08-23T12:10:43.153+0000] {dag.py:4138} INFO - Setting next_dagrun for example_xcom_args_with_operators to None, run_after=None
[2024-08-23T12:10:43.164+0000] {processor.py:208} INFO - Processing /home/airflow/.local/lib/python3.12/site-packages/airflow/example_dags/example_xcomargs.py took 0.059 seconds
[2024-08-23T12:11:13.695+0000] {processor.py:186} INFO - Started process (PID=1043) to work on /home/airflow/.local/lib/python3.12/site-packages/airflow/example_dags/example_xcomargs.py
[2024-08-23T12:11:13.699+0000] {processor.py:914} INFO - Processing file /home/airflow/.local/lib/python3.12/site-packages/airflow/example_dags/example_xcomargs.py for tasks to queue
[2024-08-23T12:11:13.704+0000] {logging_mixin.py:190} INFO - [2024-08-23T12:11:13.704+0000] {dagbag.py:587} INFO - Filling up the DagBag from /home/airflow/.local/lib/python3.12/site-packages/airflow/example_dags/example_xcomargs.py
[2024-08-23T12:11:13.721+0000] {processor.py:925} INFO - DAG(s) 'example_xcom_args', 'example_xcom_args_with_operators' retrieved from /home/airflow/.local/lib/python3.12/site-packages/airflow/example_dags/example_xcomargs.py
[2024-08-23T12:11:13.741+0000] {logging_mixin.py:190} INFO - [2024-08-23T12:11:13.741+0000] {dag.py:3211} INFO - Sync 2 DAGs
[2024-08-23T12:11:13.750+0000] {logging_mixin.py:190} INFO - [2024-08-23T12:11:13.750+0000] {dag.py:4138} INFO - Setting next_dagrun for example_xcom_args to None, run_after=None
[2024-08-23T12:11:13.753+0000] {logging_mixin.py:190} INFO - [2024-08-23T12:11:13.753+0000] {dag.py:4138} INFO - Setting next_dagrun for example_xcom_args_with_operators to None, run_after=None
[2024-08-23T12:11:13.760+0000] {processor.py:208} INFO - Processing /home/airflow/.local/lib/python3.12/site-packages/airflow/example_dags/example_xcomargs.py took 0.094 seconds
[2024-08-23T12:11:43.882+0000] {processor.py:186} INFO - Started process (PID=1105) to work on /home/airflow/.local/lib/python3.12/site-packages/airflow/example_dags/example_xcomargs.py
[2024-08-23T12:11:43.887+0000] {processor.py:914} INFO - Processing file /home/airflow/.local/lib/python3.12/site-packages/airflow/example_dags/example_xcomargs.py for tasks to queue
[2024-08-23T12:11:43.888+0000] {logging_mixin.py:190} INFO - [2024-08-23T12:11:43.888+0000] {dagbag.py:587} INFO - Filling up the DagBag from /home/airflow/.local/lib/python3.12/site-packages/airflow/example_dags/example_xcomargs.py
[2024-08-23T12:11:43.894+0000] {processor.py:925} INFO - DAG(s) 'example_xcom_args', 'example_xcom_args_with_operators' retrieved from /home/airflow/.local/lib/python3.12/site-packages/airflow/example_dags/example_xcomargs.py
[2024-08-23T12:11:43.908+0000] {logging_mixin.py:190} INFO - [2024-08-23T12:11:43.908+0000] {dag.py:3211} INFO - Sync 2 DAGs
[2024-08-23T12:11:43.915+0000] {logging_mixin.py:190} INFO - [2024-08-23T12:11:43.914+0000] {dag.py:4138} INFO - Setting next_dagrun for example_xcom_args to None, run_after=None
[2024-08-23T12:11:43.916+0000] {logging_mixin.py:190} INFO - [2024-08-23T12:11:43.916+0000] {dag.py:4138} INFO - Setting next_dagrun for example_xcom_args_with_operators to None, run_after=None
[2024-08-23T12:11:43.929+0000] {processor.py:208} INFO - Processing /home/airflow/.local/lib/python3.12/site-packages/airflow/example_dags/example_xcomargs.py took 0.049 seconds
[2024-08-23T12:12:15.015+0000] {processor.py:186} INFO - Started process (PID=1167) to work on /home/airflow/.local/lib/python3.12/site-packages/airflow/example_dags/example_xcomargs.py
[2024-08-23T12:12:15.022+0000] {processor.py:914} INFO - Processing file /home/airflow/.local/lib/python3.12/site-packages/airflow/example_dags/example_xcomargs.py for tasks to queue
[2024-08-23T12:12:15.027+0000] {logging_mixin.py:190} INFO - [2024-08-23T12:12:15.027+0000] {dagbag.py:587} INFO - Filling up the DagBag from /home/airflow/.local/lib/python3.12/site-packages/airflow/example_dags/example_xcomargs.py
[2024-08-23T12:12:15.033+0000] {processor.py:925} INFO - DAG(s) 'example_xcom_args_with_operators', 'example_xcom_args' retrieved from /home/airflow/.local/lib/python3.12/site-packages/airflow/example_dags/example_xcomargs.py
[2024-08-23T12:12:15.050+0000] {logging_mixin.py:190} INFO - [2024-08-23T12:12:15.050+0000] {dag.py:3211} INFO - Sync 2 DAGs
[2024-08-23T12:12:15.056+0000] {logging_mixin.py:190} INFO - [2024-08-23T12:12:15.056+0000] {dag.py:4138} INFO - Setting next_dagrun for example_xcom_args to None, run_after=None
[2024-08-23T12:12:15.058+0000] {logging_mixin.py:190} INFO - [2024-08-23T12:12:15.057+0000] {dag.py:4138} INFO - Setting next_dagrun for example_xcom_args_with_operators to None, run_after=None
[2024-08-23T12:12:15.064+0000] {processor.py:208} INFO - Processing /home/airflow/.local/lib/python3.12/site-packages/airflow/example_dags/example_xcomargs.py took 0.054 seconds
[2024-08-23T12:12:45.671+0000] {processor.py:186} INFO - Started process (PID=1229) to work on /home/airflow/.local/lib/python3.12/site-packages/airflow/example_dags/example_xcomargs.py
[2024-08-23T12:12:45.674+0000] {processor.py:914} INFO - Processing file /home/airflow/.local/lib/python3.12/site-packages/airflow/example_dags/example_xcomargs.py for tasks to queue
[2024-08-23T12:12:45.676+0000] {logging_mixin.py:190} INFO - [2024-08-23T12:12:45.676+0000] {dagbag.py:587} INFO - Filling up the DagBag from /home/airflow/.local/lib/python3.12/site-packages/airflow/example_dags/example_xcomargs.py
[2024-08-23T12:12:45.683+0000] {processor.py:925} INFO - DAG(s) 'example_xcom_args', 'example_xcom_args_with_operators' retrieved from /home/airflow/.local/lib/python3.12/site-packages/airflow/example_dags/example_xcomargs.py
[2024-08-23T12:12:45.696+0000] {logging_mixin.py:190} INFO - [2024-08-23T12:12:45.695+0000] {dag.py:3211} INFO - Sync 2 DAGs
[2024-08-23T12:12:45.703+0000] {logging_mixin.py:190} INFO - [2024-08-23T12:12:45.703+0000] {dag.py:4138} INFO - Setting next_dagrun for example_xcom_args to None, run_after=None
[2024-08-23T12:12:45.704+0000] {logging_mixin.py:190} INFO - [2024-08-23T12:12:45.704+0000] {dag.py:4138} INFO - Setting next_dagrun for example_xcom_args_with_operators to None, run_after=None
[2024-08-23T12:12:45.714+0000] {processor.py:208} INFO - Processing /home/airflow/.local/lib/python3.12/site-packages/airflow/example_dags/example_xcomargs.py took 0.048 seconds
[2024-08-23T12:13:15.996+0000] {processor.py:186} INFO - Started process (PID=1291) to work on /home/airflow/.local/lib/python3.12/site-packages/airflow/example_dags/example_xcomargs.py
[2024-08-23T12:13:16.000+0000] {processor.py:914} INFO - Processing file /home/airflow/.local/lib/python3.12/site-packages/airflow/example_dags/example_xcomargs.py for tasks to queue
[2024-08-23T12:13:16.001+0000] {logging_mixin.py:190} INFO - [2024-08-23T12:13:16.001+0000] {dagbag.py:587} INFO - Filling up the DagBag from /home/airflow/.local/lib/python3.12/site-packages/airflow/example_dags/example_xcomargs.py
[2024-08-23T12:13:16.006+0000] {processor.py:925} INFO - DAG(s) 'example_xcom_args_with_operators', 'example_xcom_args' retrieved from /home/airflow/.local/lib/python3.12/site-packages/airflow/example_dags/example_xcomargs.py
[2024-08-23T12:13:16.021+0000] {logging_mixin.py:190} INFO - [2024-08-23T12:13:16.021+0000] {dag.py:3211} INFO - Sync 2 DAGs
[2024-08-23T12:13:16.028+0000] {logging_mixin.py:190} INFO - [2024-08-23T12:13:16.028+0000] {dag.py:4138} INFO - Setting next_dagrun for example_xcom_args to None, run_after=None
[2024-08-23T12:13:16.031+0000] {logging_mixin.py:190} INFO - [2024-08-23T12:13:16.031+0000] {dag.py:4138} INFO - Setting next_dagrun for example_xcom_args_with_operators to None, run_after=None
[2024-08-23T12:13:16.040+0000] {processor.py:208} INFO - Processing /home/airflow/.local/lib/python3.12/site-packages/airflow/example_dags/example_xcomargs.py took 0.049 seconds
[2024-08-23T12:13:46.785+0000] {processor.py:186} INFO - Started process (PID=1353) to work on /home/airflow/.local/lib/python3.12/site-packages/airflow/example_dags/example_xcomargs.py
[2024-08-23T12:13:46.787+0000] {processor.py:914} INFO - Processing file /home/airflow/.local/lib/python3.12/site-packages/airflow/example_dags/example_xcomargs.py for tasks to queue
[2024-08-23T12:13:46.788+0000] {logging_mixin.py:190} INFO - [2024-08-23T12:13:46.788+0000] {dagbag.py:587} INFO - Filling up the DagBag from /home/airflow/.local/lib/python3.12/site-packages/airflow/example_dags/example_xcomargs.py
[2024-08-23T12:13:46.794+0000] {processor.py:925} INFO - DAG(s) 'example_xcom_args_with_operators', 'example_xcom_args' retrieved from /home/airflow/.local/lib/python3.12/site-packages/airflow/example_dags/example_xcomargs.py
[2024-08-23T12:13:46.808+0000] {logging_mixin.py:190} INFO - [2024-08-23T12:13:46.808+0000] {dag.py:3211} INFO - Sync 2 DAGs
[2024-08-23T12:13:46.820+0000] {logging_mixin.py:190} INFO - [2024-08-23T12:13:46.820+0000] {dag.py:4138} INFO - Setting next_dagrun for example_xcom_args to None, run_after=None
[2024-08-23T12:13:46.827+0000] {logging_mixin.py:190} INFO - [2024-08-23T12:13:46.827+0000] {dag.py:4138} INFO - Setting next_dagrun for example_xcom_args_with_operators to None, run_after=None
[2024-08-23T12:13:46.844+0000] {processor.py:208} INFO - Processing /home/airflow/.local/lib/python3.12/site-packages/airflow/example_dags/example_xcomargs.py took 0.062 seconds
[2024-08-23T12:14:17.671+0000] {processor.py:186} INFO - Started process (PID=1415) to work on /home/airflow/.local/lib/python3.12/site-packages/airflow/example_dags/example_xcomargs.py
[2024-08-23T12:14:17.677+0000] {processor.py:914} INFO - Processing file /home/airflow/.local/lib/python3.12/site-packages/airflow/example_dags/example_xcomargs.py for tasks to queue
[2024-08-23T12:14:17.678+0000] {logging_mixin.py:190} INFO - [2024-08-23T12:14:17.678+0000] {dagbag.py:587} INFO - Filling up the DagBag from /home/airflow/.local/lib/python3.12/site-packages/airflow/example_dags/example_xcomargs.py
[2024-08-23T12:14:17.683+0000] {processor.py:925} INFO - DAG(s) 'example_xcom_args', 'example_xcom_args_with_operators' retrieved from /home/airflow/.local/lib/python3.12/site-packages/airflow/example_dags/example_xcomargs.py
[2024-08-23T12:14:17.698+0000] {logging_mixin.py:190} INFO - [2024-08-23T12:14:17.698+0000] {dag.py:3211} INFO - Sync 2 DAGs
[2024-08-23T12:14:17.706+0000] {logging_mixin.py:190} INFO - [2024-08-23T12:14:17.706+0000] {dag.py:4138} INFO - Setting next_dagrun for example_xcom_args to None, run_after=None
[2024-08-23T12:14:17.708+0000] {logging_mixin.py:190} INFO - [2024-08-23T12:14:17.708+0000] {dag.py:4138} INFO - Setting next_dagrun for example_xcom_args_with_operators to None, run_after=None
[2024-08-23T12:14:17.716+0000] {processor.py:208} INFO - Processing /home/airflow/.local/lib/python3.12/site-packages/airflow/example_dags/example_xcomargs.py took 0.048 seconds
[2024-08-23T12:14:48.192+0000] {processor.py:186} INFO - Started process (PID=1477) to work on /home/airflow/.local/lib/python3.12/site-packages/airflow/example_dags/example_xcomargs.py
[2024-08-23T12:14:48.197+0000] {processor.py:914} INFO - Processing file /home/airflow/.local/lib/python3.12/site-packages/airflow/example_dags/example_xcomargs.py for tasks to queue
[2024-08-23T12:14:48.198+0000] {logging_mixin.py:190} INFO - [2024-08-23T12:14:48.198+0000] {dagbag.py:587} INFO - Filling up the DagBag from /home/airflow/.local/lib/python3.12/site-packages/airflow/example_dags/example_xcomargs.py
[2024-08-23T12:14:48.206+0000] {processor.py:925} INFO - DAG(s) 'example_xcom_args_with_operators', 'example_xcom_args' retrieved from /home/airflow/.local/lib/python3.12/site-packages/airflow/example_dags/example_xcomargs.py
[2024-08-23T12:14:48.224+0000] {logging_mixin.py:190} INFO - [2024-08-23T12:14:48.224+0000] {dag.py:3211} INFO - Sync 2 DAGs
[2024-08-23T12:14:48.232+0000] {logging_mixin.py:190} INFO - [2024-08-23T12:14:48.232+0000] {dag.py:4138} INFO - Setting next_dagrun for example_xcom_args to None, run_after=None
[2024-08-23T12:14:48.239+0000] {logging_mixin.py:190} INFO - [2024-08-23T12:14:48.239+0000] {dag.py:4138} INFO - Setting next_dagrun for example_xcom_args_with_operators to None, run_after=None
[2024-08-23T12:14:48.250+0000] {processor.py:208} INFO - Processing /home/airflow/.local/lib/python3.12/site-packages/airflow/example_dags/example_xcomargs.py took 0.062 seconds
[2024-08-23T12:15:18.465+0000] {processor.py:186} INFO - Started process (PID=1539) to work on /home/airflow/.local/lib/python3.12/site-packages/airflow/example_dags/example_xcomargs.py
[2024-08-23T12:15:18.467+0000] {processor.py:914} INFO - Processing file /home/airflow/.local/lib/python3.12/site-packages/airflow/example_dags/example_xcomargs.py for tasks to queue
[2024-08-23T12:15:18.469+0000] {logging_mixin.py:190} INFO - [2024-08-23T12:15:18.469+0000] {dagbag.py:587} INFO - Filling up the DagBag from /home/airflow/.local/lib/python3.12/site-packages/airflow/example_dags/example_xcomargs.py
[2024-08-23T12:15:18.477+0000] {processor.py:925} INFO - DAG(s) 'example_xcom_args_with_operators', 'example_xcom_args' retrieved from /home/airflow/.local/lib/python3.12/site-packages/airflow/example_dags/example_xcomargs.py
[2024-08-23T12:15:18.498+0000] {logging_mixin.py:190} INFO - [2024-08-23T12:15:18.498+0000] {dag.py:3211} INFO - Sync 2 DAGs
[2024-08-23T12:15:18.507+0000] {logging_mixin.py:190} INFO - [2024-08-23T12:15:18.507+0000] {dag.py:4138} INFO - Setting next_dagrun for example_xcom_args to None, run_after=None
[2024-08-23T12:15:18.511+0000] {logging_mixin.py:190} INFO - [2024-08-23T12:15:18.510+0000] {dag.py:4138} INFO - Setting next_dagrun for example_xcom_args_with_operators to None, run_after=None
[2024-08-23T12:15:18.522+0000] {processor.py:208} INFO - Processing /home/airflow/.local/lib/python3.12/site-packages/airflow/example_dags/example_xcomargs.py took 0.060 seconds
[2024-08-23T12:15:49.547+0000] {processor.py:186} INFO - Started process (PID=1601) to work on /home/airflow/.local/lib/python3.12/site-packages/airflow/example_dags/example_xcomargs.py
[2024-08-23T12:15:49.555+0000] {processor.py:914} INFO - Processing file /home/airflow/.local/lib/python3.12/site-packages/airflow/example_dags/example_xcomargs.py for tasks to queue
[2024-08-23T12:15:49.556+0000] {logging_mixin.py:190} INFO - [2024-08-23T12:15:49.556+0000] {dagbag.py:587} INFO - Filling up the DagBag from /home/airflow/.local/lib/python3.12/site-packages/airflow/example_dags/example_xcomargs.py
[2024-08-23T12:15:49.566+0000] {processor.py:925} INFO - DAG(s) 'example_xcom_args', 'example_xcom_args_with_operators' retrieved from /home/airflow/.local/lib/python3.12/site-packages/airflow/example_dags/example_xcomargs.py
[2024-08-23T12:15:49.585+0000] {logging_mixin.py:190} INFO - [2024-08-23T12:15:49.585+0000] {dag.py:3211} INFO - Sync 2 DAGs
[2024-08-23T12:15:49.602+0000] {logging_mixin.py:190} INFO - [2024-08-23T12:15:49.601+0000] {dag.py:4138} INFO - Setting next_dagrun for example_xcom_args to None, run_after=None
[2024-08-23T12:15:49.606+0000] {logging_mixin.py:190} INFO - [2024-08-23T12:15:49.606+0000] {dag.py:4138} INFO - Setting next_dagrun for example_xcom_args_with_operators to None, run_after=None
[2024-08-23T12:15:49.620+0000] {processor.py:208} INFO - Processing /home/airflow/.local/lib/python3.12/site-packages/airflow/example_dags/example_xcomargs.py took 0.077 seconds
[2024-08-23T12:16:19.858+0000] {processor.py:186} INFO - Started process (PID=1662) to work on /home/airflow/.local/lib/python3.12/site-packages/airflow/example_dags/example_xcomargs.py
[2024-08-23T12:16:19.862+0000] {processor.py:914} INFO - Processing file /home/airflow/.local/lib/python3.12/site-packages/airflow/example_dags/example_xcomargs.py for tasks to queue
[2024-08-23T12:16:19.865+0000] {logging_mixin.py:190} INFO - [2024-08-23T12:16:19.865+0000] {dagbag.py:587} INFO - Filling up the DagBag from /home/airflow/.local/lib/python3.12/site-packages/airflow/example_dags/example_xcomargs.py
[2024-08-23T12:16:19.871+0000] {processor.py:925} INFO - DAG(s) 'example_xcom_args', 'example_xcom_args_with_operators' retrieved from /home/airflow/.local/lib/python3.12/site-packages/airflow/example_dags/example_xcomargs.py
[2024-08-23T12:16:19.885+0000] {logging_mixin.py:190} INFO - [2024-08-23T12:16:19.885+0000] {dag.py:3211} INFO - Sync 2 DAGs
[2024-08-23T12:16:19.892+0000] {logging_mixin.py:190} INFO - [2024-08-23T12:16:19.892+0000] {dag.py:4138} INFO - Setting next_dagrun for example_xcom_args to None, run_after=None
[2024-08-23T12:16:19.895+0000] {logging_mixin.py:190} INFO - [2024-08-23T12:16:19.895+0000] {dag.py:4138} INFO - Setting next_dagrun for example_xcom_args_with_operators to None, run_after=None
[2024-08-23T12:16:19.905+0000] {processor.py:208} INFO - Processing /home/airflow/.local/lib/python3.12/site-packages/airflow/example_dags/example_xcomargs.py took 0.051 seconds
[2024-08-23T12:16:50.435+0000] {processor.py:186} INFO - Started process (PID=1724) to work on /home/airflow/.local/lib/python3.12/site-packages/airflow/example_dags/example_xcomargs.py
[2024-08-23T12:16:50.456+0000] {processor.py:914} INFO - Processing file /home/airflow/.local/lib/python3.12/site-packages/airflow/example_dags/example_xcomargs.py for tasks to queue
[2024-08-23T12:16:50.458+0000] {logging_mixin.py:190} INFO - [2024-08-23T12:16:50.458+0000] {dagbag.py:587} INFO - Filling up the DagBag from /home/airflow/.local/lib/python3.12/site-packages/airflow/example_dags/example_xcomargs.py
[2024-08-23T12:16:50.476+0000] {processor.py:925} INFO - DAG(s) 'example_xcom_args_with_operators', 'example_xcom_args' retrieved from /home/airflow/.local/lib/python3.12/site-packages/airflow/example_dags/example_xcomargs.py
[2024-08-23T12:16:50.495+0000] {logging_mixin.py:190} INFO - [2024-08-23T12:16:50.495+0000] {dag.py:3211} INFO - Sync 2 DAGs
[2024-08-23T12:16:50.504+0000] {logging_mixin.py:190} INFO - [2024-08-23T12:16:50.504+0000] {dag.py:4138} INFO - Setting next_dagrun for example_xcom_args to None, run_after=None
[2024-08-23T12:16:50.506+0000] {logging_mixin.py:190} INFO - [2024-08-23T12:16:50.506+0000] {dag.py:4138} INFO - Setting next_dagrun for example_xcom_args_with_operators to None, run_after=None
[2024-08-23T12:16:50.519+0000] {processor.py:208} INFO - Processing /home/airflow/.local/lib/python3.12/site-packages/airflow/example_dags/example_xcomargs.py took 0.090 seconds
