[2024-08-23T12:03:15.122+0000] {processor.py:186} INFO - Started process (PID=106) to work on /home/airflow/.local/lib/python3.12/site-packages/airflow/example_dags/example_branch_labels.py
[2024-08-23T12:03:15.124+0000] {processor.py:914} INFO - Processing file /home/airflow/.local/lib/python3.12/site-packages/airflow/example_dags/example_branch_labels.py for tasks to queue
[2024-08-23T12:03:15.128+0000] {logging_mixin.py:190} INFO - [2024-08-23T12:03:15.127+0000] {dagbag.py:587} INFO - Filling up the DagBag from /home/airflow/.local/lib/python3.12/site-packages/airflow/example_dags/example_branch_labels.py
[2024-08-23T12:03:15.137+0000] {processor.py:925} INFO - DAG(s) 'example_branch_labels' retrieved from /home/airflow/.local/lib/python3.12/site-packages/airflow/example_dags/example_branch_labels.py
[2024-08-23T12:03:15.241+0000] {logging_mixin.py:190} INFO - [2024-08-23T12:03:15.240+0000] {override.py:1858} INFO - Created Permission View: can read on DAG:example_branch_labels
[2024-08-23T12:03:15.249+0000] {logging_mixin.py:190} INFO - [2024-08-23T12:03:15.248+0000] {override.py:1858} INFO - Created Permission View: can delete on DAG:example_branch_labels
[2024-08-23T12:03:15.254+0000] {logging_mixin.py:190} INFO - [2024-08-23T12:03:15.253+0000] {override.py:1858} INFO - Created Permission View: can edit on DAG:example_branch_labels
[2024-08-23T12:03:15.254+0000] {logging_mixin.py:190} INFO - [2024-08-23T12:03:15.254+0000] {dag.py:3211} INFO - Sync 1 DAGs
[2024-08-23T12:03:15.272+0000] {logging_mixin.py:190} INFO - [2024-08-23T12:03:15.272+0000] {dag.py:3234} INFO - Creating ORM DAG for example_branch_labels
[2024-08-23T12:03:15.281+0000] {logging_mixin.py:190} INFO - [2024-08-23T12:03:15.281+0000] {dag.py:4138} INFO - Setting next_dagrun for example_branch_labels to 2024-08-22 00:00:00+00:00, run_after=2024-08-23 00:00:00+00:00
[2024-08-23T12:03:15.301+0000] {processor.py:208} INFO - Processing /home/airflow/.local/lib/python3.12/site-packages/airflow/example_dags/example_branch_labels.py took 0.183 seconds
[2024-08-23T12:03:45.473+0000] {processor.py:186} INFO - Started process (PID=168) to work on /home/airflow/.local/lib/python3.12/site-packages/airflow/example_dags/example_branch_labels.py
[2024-08-23T12:03:45.478+0000] {processor.py:914} INFO - Processing file /home/airflow/.local/lib/python3.12/site-packages/airflow/example_dags/example_branch_labels.py for tasks to queue
[2024-08-23T12:03:45.480+0000] {logging_mixin.py:190} INFO - [2024-08-23T12:03:45.480+0000] {dagbag.py:587} INFO - Filling up the DagBag from /home/airflow/.local/lib/python3.12/site-packages/airflow/example_dags/example_branch_labels.py
[2024-08-23T12:03:45.502+0000] {processor.py:925} INFO - DAG(s) 'example_branch_labels' retrieved from /home/airflow/.local/lib/python3.12/site-packages/airflow/example_dags/example_branch_labels.py
[2024-08-23T12:03:45.526+0000] {logging_mixin.py:190} INFO - [2024-08-23T12:03:45.526+0000] {dag.py:3211} INFO - Sync 1 DAGs
[2024-08-23T12:03:45.541+0000] {logging_mixin.py:190} INFO - [2024-08-23T12:03:45.541+0000] {dag.py:4138} INFO - Setting next_dagrun for example_branch_labels to 2024-08-22 00:00:00+00:00, run_after=2024-08-23 00:00:00+00:00
[2024-08-23T12:03:45.555+0000] {processor.py:208} INFO - Processing /home/airflow/.local/lib/python3.12/site-packages/airflow/example_dags/example_branch_labels.py took 0.091 seconds
[2024-08-23T12:04:18.936+0000] {processor.py:186} INFO - Started process (PID=230) to work on /home/airflow/.local/lib/python3.12/site-packages/airflow/example_dags/example_branch_labels.py
[2024-08-23T12:04:18.939+0000] {processor.py:914} INFO - Processing file /home/airflow/.local/lib/python3.12/site-packages/airflow/example_dags/example_branch_labels.py for tasks to queue
[2024-08-23T12:04:18.941+0000] {logging_mixin.py:190} INFO - [2024-08-23T12:04:18.941+0000] {dagbag.py:587} INFO - Filling up the DagBag from /home/airflow/.local/lib/python3.12/site-packages/airflow/example_dags/example_branch_labels.py
[2024-08-23T12:04:18.955+0000] {processor.py:925} INFO - DAG(s) 'example_branch_labels' retrieved from /home/airflow/.local/lib/python3.12/site-packages/airflow/example_dags/example_branch_labels.py
[2024-08-23T12:04:18.989+0000] {logging_mixin.py:190} INFO - [2024-08-23T12:04:18.988+0000] {dag.py:3211} INFO - Sync 1 DAGs
[2024-08-23T12:04:19.020+0000] {logging_mixin.py:190} INFO - [2024-08-23T12:04:19.020+0000] {dag.py:4138} INFO - Setting next_dagrun for example_branch_labels to 2024-08-22 00:00:00+00:00, run_after=2024-08-23 00:00:00+00:00
[2024-08-23T12:04:19.034+0000] {processor.py:208} INFO - Processing /home/airflow/.local/lib/python3.12/site-packages/airflow/example_dags/example_branch_labels.py took 0.113 seconds
[2024-08-23T12:05:04.747+0000] {processor.py:186} INFO - Started process (PID=297) to work on /home/airflow/.local/lib/python3.12/site-packages/airflow/example_dags/example_branch_labels.py
[2024-08-23T12:05:04.764+0000] {processor.py:914} INFO - Processing file /home/airflow/.local/lib/python3.12/site-packages/airflow/example_dags/example_branch_labels.py for tasks to queue
[2024-08-23T12:05:04.770+0000] {logging_mixin.py:190} INFO - [2024-08-23T12:05:04.769+0000] {dagbag.py:587} INFO - Filling up the DagBag from /home/airflow/.local/lib/python3.12/site-packages/airflow/example_dags/example_branch_labels.py
[2024-08-23T12:05:04.795+0000] {processor.py:925} INFO - DAG(s) 'example_branch_labels' retrieved from /home/airflow/.local/lib/python3.12/site-packages/airflow/example_dags/example_branch_labels.py
[2024-08-23T12:05:04.889+0000] {logging_mixin.py:190} INFO - [2024-08-23T12:05:04.888+0000] {dag.py:3211} INFO - Sync 1 DAGs
[2024-08-23T12:05:04.940+0000] {logging_mixin.py:190} INFO - [2024-08-23T12:05:04.939+0000] {dag.py:4138} INFO - Setting next_dagrun for example_branch_labels to 2024-08-22 00:00:00+00:00, run_after=2024-08-23 00:00:00+00:00
[2024-08-23T12:05:05.102+0000] {processor.py:208} INFO - Processing /home/airflow/.local/lib/python3.12/site-packages/airflow/example_dags/example_branch_labels.py took 0.393 seconds
[2024-08-23T12:05:35.668+0000] {processor.py:186} INFO - Started process (PID=359) to work on /home/airflow/.local/lib/python3.12/site-packages/airflow/example_dags/example_branch_labels.py
[2024-08-23T12:05:35.669+0000] {processor.py:914} INFO - Processing file /home/airflow/.local/lib/python3.12/site-packages/airflow/example_dags/example_branch_labels.py for tasks to queue
[2024-08-23T12:05:35.670+0000] {logging_mixin.py:190} INFO - [2024-08-23T12:05:35.670+0000] {dagbag.py:587} INFO - Filling up the DagBag from /home/airflow/.local/lib/python3.12/site-packages/airflow/example_dags/example_branch_labels.py
[2024-08-23T12:05:35.675+0000] {processor.py:925} INFO - DAG(s) 'example_branch_labels' retrieved from /home/airflow/.local/lib/python3.12/site-packages/airflow/example_dags/example_branch_labels.py
[2024-08-23T12:05:35.688+0000] {logging_mixin.py:190} INFO - [2024-08-23T12:05:35.687+0000] {dag.py:3211} INFO - Sync 1 DAGs
[2024-08-23T12:05:35.700+0000] {logging_mixin.py:190} INFO - [2024-08-23T12:05:35.700+0000] {dag.py:4138} INFO - Setting next_dagrun for example_branch_labels to 2024-08-22 00:00:00+00:00, run_after=2024-08-23 00:00:00+00:00
[2024-08-23T12:05:35.708+0000] {processor.py:208} INFO - Processing /home/airflow/.local/lib/python3.12/site-packages/airflow/example_dags/example_branch_labels.py took 0.044 seconds
[2024-08-23T12:06:06.090+0000] {processor.py:186} INFO - Started process (PID=421) to work on /home/airflow/.local/lib/python3.12/site-packages/airflow/example_dags/example_branch_labels.py
[2024-08-23T12:06:06.091+0000] {processor.py:914} INFO - Processing file /home/airflow/.local/lib/python3.12/site-packages/airflow/example_dags/example_branch_labels.py for tasks to queue
[2024-08-23T12:06:06.092+0000] {logging_mixin.py:190} INFO - [2024-08-23T12:06:06.092+0000] {dagbag.py:587} INFO - Filling up the DagBag from /home/airflow/.local/lib/python3.12/site-packages/airflow/example_dags/example_branch_labels.py
[2024-08-23T12:06:06.099+0000] {processor.py:925} INFO - DAG(s) 'example_branch_labels' retrieved from /home/airflow/.local/lib/python3.12/site-packages/airflow/example_dags/example_branch_labels.py
[2024-08-23T12:06:06.113+0000] {logging_mixin.py:190} INFO - [2024-08-23T12:06:06.113+0000] {dag.py:3211} INFO - Sync 1 DAGs
[2024-08-23T12:06:06.137+0000] {logging_mixin.py:190} INFO - [2024-08-23T12:06:06.137+0000] {dag.py:4138} INFO - Setting next_dagrun for example_branch_labels to 2024-08-22 00:00:00+00:00, run_after=2024-08-23 00:00:00+00:00
[2024-08-23T12:06:06.147+0000] {processor.py:208} INFO - Processing /home/airflow/.local/lib/python3.12/site-packages/airflow/example_dags/example_branch_labels.py took 0.062 seconds
[2024-08-23T12:06:36.819+0000] {processor.py:186} INFO - Started process (PID=483) to work on /home/airflow/.local/lib/python3.12/site-packages/airflow/example_dags/example_branch_labels.py
[2024-08-23T12:06:36.822+0000] {processor.py:914} INFO - Processing file /home/airflow/.local/lib/python3.12/site-packages/airflow/example_dags/example_branch_labels.py for tasks to queue
[2024-08-23T12:06:36.824+0000] {logging_mixin.py:190} INFO - [2024-08-23T12:06:36.824+0000] {dagbag.py:587} INFO - Filling up the DagBag from /home/airflow/.local/lib/python3.12/site-packages/airflow/example_dags/example_branch_labels.py
[2024-08-23T12:06:36.832+0000] {processor.py:925} INFO - DAG(s) 'example_branch_labels' retrieved from /home/airflow/.local/lib/python3.12/site-packages/airflow/example_dags/example_branch_labels.py
[2024-08-23T12:06:36.850+0000] {logging_mixin.py:190} INFO - [2024-08-23T12:06:36.849+0000] {dag.py:3211} INFO - Sync 1 DAGs
[2024-08-23T12:06:36.863+0000] {logging_mixin.py:190} INFO - [2024-08-23T12:06:36.863+0000] {dag.py:4138} INFO - Setting next_dagrun for example_branch_labels to 2024-08-22 00:00:00+00:00, run_after=2024-08-23 00:00:00+00:00
[2024-08-23T12:06:36.875+0000] {processor.py:208} INFO - Processing /home/airflow/.local/lib/python3.12/site-packages/airflow/example_dags/example_branch_labels.py took 0.060 seconds
[2024-08-23T12:07:07.182+0000] {processor.py:186} INFO - Started process (PID=544) to work on /home/airflow/.local/lib/python3.12/site-packages/airflow/example_dags/example_branch_labels.py
[2024-08-23T12:07:07.185+0000] {processor.py:914} INFO - Processing file /home/airflow/.local/lib/python3.12/site-packages/airflow/example_dags/example_branch_labels.py for tasks to queue
[2024-08-23T12:07:07.188+0000] {logging_mixin.py:190} INFO - [2024-08-23T12:07:07.187+0000] {dagbag.py:587} INFO - Filling up the DagBag from /home/airflow/.local/lib/python3.12/site-packages/airflow/example_dags/example_branch_labels.py
[2024-08-23T12:07:07.216+0000] {processor.py:925} INFO - DAG(s) 'example_branch_labels' retrieved from /home/airflow/.local/lib/python3.12/site-packages/airflow/example_dags/example_branch_labels.py
[2024-08-23T12:07:07.250+0000] {logging_mixin.py:190} INFO - [2024-08-23T12:07:07.250+0000] {dag.py:3211} INFO - Sync 1 DAGs
[2024-08-23T12:07:07.268+0000] {logging_mixin.py:190} INFO - [2024-08-23T12:07:07.268+0000] {dag.py:4138} INFO - Setting next_dagrun for example_branch_labels to 2024-08-22 00:00:00+00:00, run_after=2024-08-23 00:00:00+00:00
[2024-08-23T12:07:07.281+0000] {processor.py:208} INFO - Processing /home/airflow/.local/lib/python3.12/site-packages/airflow/example_dags/example_branch_labels.py took 0.110 seconds
[2024-08-23T12:07:37.661+0000] {processor.py:186} INFO - Started process (PID=606) to work on /home/airflow/.local/lib/python3.12/site-packages/airflow/example_dags/example_branch_labels.py
[2024-08-23T12:07:37.662+0000] {processor.py:914} INFO - Processing file /home/airflow/.local/lib/python3.12/site-packages/airflow/example_dags/example_branch_labels.py for tasks to queue
[2024-08-23T12:07:37.666+0000] {logging_mixin.py:190} INFO - [2024-08-23T12:07:37.665+0000] {dagbag.py:587} INFO - Filling up the DagBag from /home/airflow/.local/lib/python3.12/site-packages/airflow/example_dags/example_branch_labels.py
[2024-08-23T12:07:37.672+0000] {processor.py:925} INFO - DAG(s) 'example_branch_labels' retrieved from /home/airflow/.local/lib/python3.12/site-packages/airflow/example_dags/example_branch_labels.py
[2024-08-23T12:07:37.686+0000] {logging_mixin.py:190} INFO - [2024-08-23T12:07:37.686+0000] {dag.py:3211} INFO - Sync 1 DAGs
[2024-08-23T12:07:37.699+0000] {logging_mixin.py:190} INFO - [2024-08-23T12:07:37.699+0000] {dag.py:4138} INFO - Setting next_dagrun for example_branch_labels to 2024-08-22 00:00:00+00:00, run_after=2024-08-23 00:00:00+00:00
[2024-08-23T12:07:37.707+0000] {processor.py:208} INFO - Processing /home/airflow/.local/lib/python3.12/site-packages/airflow/example_dags/example_branch_labels.py took 0.050 seconds
[2024-08-23T12:08:08.689+0000] {processor.py:186} INFO - Started process (PID=668) to work on /home/airflow/.local/lib/python3.12/site-packages/airflow/example_dags/example_branch_labels.py
[2024-08-23T12:08:08.690+0000] {processor.py:914} INFO - Processing file /home/airflow/.local/lib/python3.12/site-packages/airflow/example_dags/example_branch_labels.py for tasks to queue
[2024-08-23T12:08:08.691+0000] {logging_mixin.py:190} INFO - [2024-08-23T12:08:08.691+0000] {dagbag.py:587} INFO - Filling up the DagBag from /home/airflow/.local/lib/python3.12/site-packages/airflow/example_dags/example_branch_labels.py
[2024-08-23T12:08:08.697+0000] {processor.py:925} INFO - DAG(s) 'example_branch_labels' retrieved from /home/airflow/.local/lib/python3.12/site-packages/airflow/example_dags/example_branch_labels.py
[2024-08-23T12:08:08.717+0000] {logging_mixin.py:190} INFO - [2024-08-23T12:08:08.717+0000] {dag.py:3211} INFO - Sync 1 DAGs
[2024-08-23T12:08:08.729+0000] {logging_mixin.py:190} INFO - [2024-08-23T12:08:08.729+0000] {dag.py:4138} INFO - Setting next_dagrun for example_branch_labels to 2024-08-22 00:00:00+00:00, run_after=2024-08-23 00:00:00+00:00
[2024-08-23T12:08:08.739+0000] {processor.py:208} INFO - Processing /home/airflow/.local/lib/python3.12/site-packages/airflow/example_dags/example_branch_labels.py took 0.056 seconds
[2024-08-23T12:08:38.804+0000] {processor.py:186} INFO - Started process (PID=730) to work on /home/airflow/.local/lib/python3.12/site-packages/airflow/example_dags/example_branch_labels.py
[2024-08-23T12:08:38.805+0000] {processor.py:914} INFO - Processing file /home/airflow/.local/lib/python3.12/site-packages/airflow/example_dags/example_branch_labels.py for tasks to queue
[2024-08-23T12:08:38.806+0000] {logging_mixin.py:190} INFO - [2024-08-23T12:08:38.806+0000] {dagbag.py:587} INFO - Filling up the DagBag from /home/airflow/.local/lib/python3.12/site-packages/airflow/example_dags/example_branch_labels.py
[2024-08-23T12:08:38.814+0000] {processor.py:925} INFO - DAG(s) 'example_branch_labels' retrieved from /home/airflow/.local/lib/python3.12/site-packages/airflow/example_dags/example_branch_labels.py
[2024-08-23T12:08:38.832+0000] {logging_mixin.py:190} INFO - [2024-08-23T12:08:38.832+0000] {dag.py:3211} INFO - Sync 1 DAGs
[2024-08-23T12:08:38.846+0000] {logging_mixin.py:190} INFO - [2024-08-23T12:08:38.846+0000] {dag.py:4138} INFO - Setting next_dagrun for example_branch_labels to 2024-08-22 00:00:00+00:00, run_after=2024-08-23 00:00:00+00:00
[2024-08-23T12:08:38.855+0000] {processor.py:208} INFO - Processing /home/airflow/.local/lib/python3.12/site-packages/airflow/example_dags/example_branch_labels.py took 0.055 seconds
[2024-08-23T12:09:08.971+0000] {processor.py:186} INFO - Started process (PID=792) to work on /home/airflow/.local/lib/python3.12/site-packages/airflow/example_dags/example_branch_labels.py
[2024-08-23T12:09:08.971+0000] {processor.py:914} INFO - Processing file /home/airflow/.local/lib/python3.12/site-packages/airflow/example_dags/example_branch_labels.py for tasks to queue
[2024-08-23T12:09:08.973+0000] {logging_mixin.py:190} INFO - [2024-08-23T12:09:08.972+0000] {dagbag.py:587} INFO - Filling up the DagBag from /home/airflow/.local/lib/python3.12/site-packages/airflow/example_dags/example_branch_labels.py
[2024-08-23T12:09:08.977+0000] {processor.py:925} INFO - DAG(s) 'example_branch_labels' retrieved from /home/airflow/.local/lib/python3.12/site-packages/airflow/example_dags/example_branch_labels.py
[2024-08-23T12:09:08.985+0000] {logging_mixin.py:190} INFO - [2024-08-23T12:09:08.985+0000] {dag.py:3211} INFO - Sync 1 DAGs
[2024-08-23T12:09:08.994+0000] {logging_mixin.py:190} INFO - [2024-08-23T12:09:08.994+0000] {dag.py:4138} INFO - Setting next_dagrun for example_branch_labels to 2024-08-22 00:00:00+00:00, run_after=2024-08-23 00:00:00+00:00
[2024-08-23T12:09:09.000+0000] {processor.py:208} INFO - Processing /home/airflow/.local/lib/python3.12/site-packages/airflow/example_dags/example_branch_labels.py took 0.032 seconds
[2024-08-23T12:09:39.841+0000] {processor.py:186} INFO - Started process (PID=854) to work on /home/airflow/.local/lib/python3.12/site-packages/airflow/example_dags/example_branch_labels.py
[2024-08-23T12:09:39.842+0000] {processor.py:914} INFO - Processing file /home/airflow/.local/lib/python3.12/site-packages/airflow/example_dags/example_branch_labels.py for tasks to queue
[2024-08-23T12:09:39.844+0000] {logging_mixin.py:190} INFO - [2024-08-23T12:09:39.843+0000] {dagbag.py:587} INFO - Filling up the DagBag from /home/airflow/.local/lib/python3.12/site-packages/airflow/example_dags/example_branch_labels.py
[2024-08-23T12:09:39.850+0000] {processor.py:925} INFO - DAG(s) 'example_branch_labels' retrieved from /home/airflow/.local/lib/python3.12/site-packages/airflow/example_dags/example_branch_labels.py
[2024-08-23T12:09:39.862+0000] {logging_mixin.py:190} INFO - [2024-08-23T12:09:39.862+0000] {dag.py:3211} INFO - Sync 1 DAGs
[2024-08-23T12:09:39.872+0000] {logging_mixin.py:190} INFO - [2024-08-23T12:09:39.872+0000] {dag.py:4138} INFO - Setting next_dagrun for example_branch_labels to 2024-08-22 00:00:00+00:00, run_after=2024-08-23 00:00:00+00:00
[2024-08-23T12:09:39.878+0000] {processor.py:208} INFO - Processing /home/airflow/.local/lib/python3.12/site-packages/airflow/example_dags/example_branch_labels.py took 0.041 seconds
[2024-08-23T12:10:10.957+0000] {processor.py:186} INFO - Started process (PID=916) to work on /home/airflow/.local/lib/python3.12/site-packages/airflow/example_dags/example_branch_labels.py
[2024-08-23T12:10:10.958+0000] {processor.py:914} INFO - Processing file /home/airflow/.local/lib/python3.12/site-packages/airflow/example_dags/example_branch_labels.py for tasks to queue
[2024-08-23T12:10:10.960+0000] {logging_mixin.py:190} INFO - [2024-08-23T12:10:10.959+0000] {dagbag.py:587} INFO - Filling up the DagBag from /home/airflow/.local/lib/python3.12/site-packages/airflow/example_dags/example_branch_labels.py
[2024-08-23T12:10:10.964+0000] {processor.py:925} INFO - DAG(s) 'example_branch_labels' retrieved from /home/airflow/.local/lib/python3.12/site-packages/airflow/example_dags/example_branch_labels.py
[2024-08-23T12:10:10.983+0000] {logging_mixin.py:190} INFO - [2024-08-23T12:10:10.983+0000] {dag.py:3211} INFO - Sync 1 DAGs
[2024-08-23T12:10:10.994+0000] {logging_mixin.py:190} INFO - [2024-08-23T12:10:10.994+0000] {dag.py:4138} INFO - Setting next_dagrun for example_branch_labels to 2024-08-22 00:00:00+00:00, run_after=2024-08-23 00:00:00+00:00
[2024-08-23T12:10:11.021+0000] {processor.py:208} INFO - Processing /home/airflow/.local/lib/python3.12/site-packages/airflow/example_dags/example_branch_labels.py took 0.066 seconds
[2024-08-23T12:10:41.927+0000] {processor.py:186} INFO - Started process (PID=978) to work on /home/airflow/.local/lib/python3.12/site-packages/airflow/example_dags/example_branch_labels.py
[2024-08-23T12:10:41.929+0000] {processor.py:914} INFO - Processing file /home/airflow/.local/lib/python3.12/site-packages/airflow/example_dags/example_branch_labels.py for tasks to queue
[2024-08-23T12:10:41.933+0000] {logging_mixin.py:190} INFO - [2024-08-23T12:10:41.932+0000] {dagbag.py:587} INFO - Filling up the DagBag from /home/airflow/.local/lib/python3.12/site-packages/airflow/example_dags/example_branch_labels.py
[2024-08-23T12:10:41.942+0000] {processor.py:925} INFO - DAG(s) 'example_branch_labels' retrieved from /home/airflow/.local/lib/python3.12/site-packages/airflow/example_dags/example_branch_labels.py
[2024-08-23T12:10:41.958+0000] {logging_mixin.py:190} INFO - [2024-08-23T12:10:41.957+0000] {dag.py:3211} INFO - Sync 1 DAGs
[2024-08-23T12:10:41.976+0000] {logging_mixin.py:190} INFO - [2024-08-23T12:10:41.976+0000] {dag.py:4138} INFO - Setting next_dagrun for example_branch_labels to 2024-08-22 00:00:00+00:00, run_after=2024-08-23 00:00:00+00:00
[2024-08-23T12:10:41.989+0000] {processor.py:208} INFO - Processing /home/airflow/.local/lib/python3.12/site-packages/airflow/example_dags/example_branch_labels.py took 0.067 seconds
[2024-08-23T12:11:13.290+0000] {processor.py:186} INFO - Started process (PID=1040) to work on /home/airflow/.local/lib/python3.12/site-packages/airflow/example_dags/example_branch_labels.py
[2024-08-23T12:11:13.294+0000] {processor.py:914} INFO - Processing file /home/airflow/.local/lib/python3.12/site-packages/airflow/example_dags/example_branch_labels.py for tasks to queue
[2024-08-23T12:11:13.296+0000] {logging_mixin.py:190} INFO - [2024-08-23T12:11:13.296+0000] {dagbag.py:587} INFO - Filling up the DagBag from /home/airflow/.local/lib/python3.12/site-packages/airflow/example_dags/example_branch_labels.py
[2024-08-23T12:11:13.305+0000] {processor.py:925} INFO - DAG(s) 'example_branch_labels' retrieved from /home/airflow/.local/lib/python3.12/site-packages/airflow/example_dags/example_branch_labels.py
[2024-08-23T12:11:13.339+0000] {logging_mixin.py:190} INFO - [2024-08-23T12:11:13.338+0000] {dag.py:3211} INFO - Sync 1 DAGs
[2024-08-23T12:11:13.355+0000] {logging_mixin.py:190} INFO - [2024-08-23T12:11:13.355+0000] {dag.py:4138} INFO - Setting next_dagrun for example_branch_labels to 2024-08-22 00:00:00+00:00, run_after=2024-08-23 00:00:00+00:00
[2024-08-23T12:11:13.368+0000] {processor.py:208} INFO - Processing /home/airflow/.local/lib/python3.12/site-packages/airflow/example_dags/example_branch_labels.py took 0.100 seconds
[2024-08-23T12:11:43.812+0000] {processor.py:186} INFO - Started process (PID=1102) to work on /home/airflow/.local/lib/python3.12/site-packages/airflow/example_dags/example_branch_labels.py
[2024-08-23T12:11:43.813+0000] {processor.py:914} INFO - Processing file /home/airflow/.local/lib/python3.12/site-packages/airflow/example_dags/example_branch_labels.py for tasks to queue
[2024-08-23T12:11:43.814+0000] {logging_mixin.py:190} INFO - [2024-08-23T12:11:43.813+0000] {dagbag.py:587} INFO - Filling up the DagBag from /home/airflow/.local/lib/python3.12/site-packages/airflow/example_dags/example_branch_labels.py
[2024-08-23T12:11:43.819+0000] {processor.py:925} INFO - DAG(s) 'example_branch_labels' retrieved from /home/airflow/.local/lib/python3.12/site-packages/airflow/example_dags/example_branch_labels.py
[2024-08-23T12:11:43.833+0000] {logging_mixin.py:190} INFO - [2024-08-23T12:11:43.833+0000] {dag.py:3211} INFO - Sync 1 DAGs
[2024-08-23T12:11:43.848+0000] {logging_mixin.py:190} INFO - [2024-08-23T12:11:43.848+0000] {dag.py:4138} INFO - Setting next_dagrun for example_branch_labels to 2024-08-22 00:00:00+00:00, run_after=2024-08-23 00:00:00+00:00
[2024-08-23T12:11:43.860+0000] {processor.py:208} INFO - Processing /home/airflow/.local/lib/python3.12/site-packages/airflow/example_dags/example_branch_labels.py took 0.052 seconds
[2024-08-23T12:12:14.935+0000] {processor.py:186} INFO - Started process (PID=1164) to work on /home/airflow/.local/lib/python3.12/site-packages/airflow/example_dags/example_branch_labels.py
[2024-08-23T12:12:14.936+0000] {processor.py:914} INFO - Processing file /home/airflow/.local/lib/python3.12/site-packages/airflow/example_dags/example_branch_labels.py for tasks to queue
[2024-08-23T12:12:14.937+0000] {logging_mixin.py:190} INFO - [2024-08-23T12:12:14.937+0000] {dagbag.py:587} INFO - Filling up the DagBag from /home/airflow/.local/lib/python3.12/site-packages/airflow/example_dags/example_branch_labels.py
[2024-08-23T12:12:14.943+0000] {processor.py:925} INFO - DAG(s) 'example_branch_labels' retrieved from /home/airflow/.local/lib/python3.12/site-packages/airflow/example_dags/example_branch_labels.py
[2024-08-23T12:12:14.954+0000] {logging_mixin.py:190} INFO - [2024-08-23T12:12:14.954+0000] {dag.py:3211} INFO - Sync 1 DAGs
[2024-08-23T12:12:14.967+0000] {logging_mixin.py:190} INFO - [2024-08-23T12:12:14.966+0000] {dag.py:4138} INFO - Setting next_dagrun for example_branch_labels to 2024-08-22 00:00:00+00:00, run_after=2024-08-23 00:00:00+00:00
[2024-08-23T12:12:14.977+0000] {processor.py:208} INFO - Processing /home/airflow/.local/lib/python3.12/site-packages/airflow/example_dags/example_branch_labels.py took 0.046 seconds
[2024-08-23T12:12:45.532+0000] {processor.py:186} INFO - Started process (PID=1226) to work on /home/airflow/.local/lib/python3.12/site-packages/airflow/example_dags/example_branch_labels.py
[2024-08-23T12:12:45.533+0000] {processor.py:914} INFO - Processing file /home/airflow/.local/lib/python3.12/site-packages/airflow/example_dags/example_branch_labels.py for tasks to queue
[2024-08-23T12:12:45.535+0000] {logging_mixin.py:190} INFO - [2024-08-23T12:12:45.535+0000] {dagbag.py:587} INFO - Filling up the DagBag from /home/airflow/.local/lib/python3.12/site-packages/airflow/example_dags/example_branch_labels.py
[2024-08-23T12:12:45.550+0000] {processor.py:925} INFO - DAG(s) 'example_branch_labels' retrieved from /home/airflow/.local/lib/python3.12/site-packages/airflow/example_dags/example_branch_labels.py
[2024-08-23T12:12:45.574+0000] {logging_mixin.py:190} INFO - [2024-08-23T12:12:45.574+0000] {dag.py:3211} INFO - Sync 1 DAGs
[2024-08-23T12:12:45.588+0000] {logging_mixin.py:190} INFO - [2024-08-23T12:12:45.588+0000] {dag.py:4138} INFO - Setting next_dagrun for example_branch_labels to 2024-08-22 00:00:00+00:00, run_after=2024-08-23 00:00:00+00:00
[2024-08-23T12:12:45.598+0000] {processor.py:208} INFO - Processing /home/airflow/.local/lib/python3.12/site-packages/airflow/example_dags/example_branch_labels.py took 0.070 seconds
[2024-08-23T12:13:15.892+0000] {processor.py:186} INFO - Started process (PID=1288) to work on /home/airflow/.local/lib/python3.12/site-packages/airflow/example_dags/example_branch_labels.py
[2024-08-23T12:13:15.894+0000] {processor.py:914} INFO - Processing file /home/airflow/.local/lib/python3.12/site-packages/airflow/example_dags/example_branch_labels.py for tasks to queue
[2024-08-23T12:13:15.896+0000] {logging_mixin.py:190} INFO - [2024-08-23T12:13:15.896+0000] {dagbag.py:587} INFO - Filling up the DagBag from /home/airflow/.local/lib/python3.12/site-packages/airflow/example_dags/example_branch_labels.py
[2024-08-23T12:13:15.901+0000] {processor.py:925} INFO - DAG(s) 'example_branch_labels' retrieved from /home/airflow/.local/lib/python3.12/site-packages/airflow/example_dags/example_branch_labels.py
[2024-08-23T12:13:15.911+0000] {logging_mixin.py:190} INFO - [2024-08-23T12:13:15.910+0000] {dag.py:3211} INFO - Sync 1 DAGs
[2024-08-23T12:13:15.920+0000] {logging_mixin.py:190} INFO - [2024-08-23T12:13:15.920+0000] {dag.py:4138} INFO - Setting next_dagrun for example_branch_labels to 2024-08-22 00:00:00+00:00, run_after=2024-08-23 00:00:00+00:00
[2024-08-23T12:13:15.929+0000] {processor.py:208} INFO - Processing /home/airflow/.local/lib/python3.12/site-packages/airflow/example_dags/example_branch_labels.py took 0.041 seconds
[2024-08-23T12:13:46.664+0000] {processor.py:186} INFO - Started process (PID=1350) to work on /home/airflow/.local/lib/python3.12/site-packages/airflow/example_dags/example_branch_labels.py
[2024-08-23T12:13:46.668+0000] {processor.py:914} INFO - Processing file /home/airflow/.local/lib/python3.12/site-packages/airflow/example_dags/example_branch_labels.py for tasks to queue
[2024-08-23T12:13:46.670+0000] {logging_mixin.py:190} INFO - [2024-08-23T12:13:46.670+0000] {dagbag.py:587} INFO - Filling up the DagBag from /home/airflow/.local/lib/python3.12/site-packages/airflow/example_dags/example_branch_labels.py
[2024-08-23T12:13:46.676+0000] {processor.py:925} INFO - DAG(s) 'example_branch_labels' retrieved from /home/airflow/.local/lib/python3.12/site-packages/airflow/example_dags/example_branch_labels.py
[2024-08-23T12:13:46.688+0000] {logging_mixin.py:190} INFO - [2024-08-23T12:13:46.688+0000] {dag.py:3211} INFO - Sync 1 DAGs
[2024-08-23T12:13:46.706+0000] {logging_mixin.py:190} INFO - [2024-08-23T12:13:46.706+0000] {dag.py:4138} INFO - Setting next_dagrun for example_branch_labels to 2024-08-22 00:00:00+00:00, run_after=2024-08-23 00:00:00+00:00
[2024-08-23T12:13:46.720+0000] {processor.py:208} INFO - Processing /home/airflow/.local/lib/python3.12/site-packages/airflow/example_dags/example_branch_labels.py took 0.058 seconds
[2024-08-23T12:14:17.574+0000] {processor.py:186} INFO - Started process (PID=1412) to work on /home/airflow/.local/lib/python3.12/site-packages/airflow/example_dags/example_branch_labels.py
[2024-08-23T12:14:17.577+0000] {processor.py:914} INFO - Processing file /home/airflow/.local/lib/python3.12/site-packages/airflow/example_dags/example_branch_labels.py for tasks to queue
[2024-08-23T12:14:17.578+0000] {logging_mixin.py:190} INFO - [2024-08-23T12:14:17.578+0000] {dagbag.py:587} INFO - Filling up the DagBag from /home/airflow/.local/lib/python3.12/site-packages/airflow/example_dags/example_branch_labels.py
[2024-08-23T12:14:17.583+0000] {processor.py:925} INFO - DAG(s) 'example_branch_labels' retrieved from /home/airflow/.local/lib/python3.12/site-packages/airflow/example_dags/example_branch_labels.py
[2024-08-23T12:14:17.595+0000] {logging_mixin.py:190} INFO - [2024-08-23T12:14:17.595+0000] {dag.py:3211} INFO - Sync 1 DAGs
[2024-08-23T12:14:17.609+0000] {logging_mixin.py:190} INFO - [2024-08-23T12:14:17.609+0000] {dag.py:4138} INFO - Setting next_dagrun for example_branch_labels to 2024-08-22 00:00:00+00:00, run_after=2024-08-23 00:00:00+00:00
[2024-08-23T12:14:17.619+0000] {processor.py:208} INFO - Processing /home/airflow/.local/lib/python3.12/site-packages/airflow/example_dags/example_branch_labels.py took 0.048 seconds
[2024-08-23T12:14:48.077+0000] {processor.py:186} INFO - Started process (PID=1474) to work on /home/airflow/.local/lib/python3.12/site-packages/airflow/example_dags/example_branch_labels.py
[2024-08-23T12:14:48.080+0000] {processor.py:914} INFO - Processing file /home/airflow/.local/lib/python3.12/site-packages/airflow/example_dags/example_branch_labels.py for tasks to queue
[2024-08-23T12:14:48.082+0000] {logging_mixin.py:190} INFO - [2024-08-23T12:14:48.082+0000] {dagbag.py:587} INFO - Filling up the DagBag from /home/airflow/.local/lib/python3.12/site-packages/airflow/example_dags/example_branch_labels.py
[2024-08-23T12:14:48.087+0000] {processor.py:925} INFO - DAG(s) 'example_branch_labels' retrieved from /home/airflow/.local/lib/python3.12/site-packages/airflow/example_dags/example_branch_labels.py
[2024-08-23T12:14:48.105+0000] {logging_mixin.py:190} INFO - [2024-08-23T12:14:48.105+0000] {dag.py:3211} INFO - Sync 1 DAGs
[2024-08-23T12:14:48.117+0000] {logging_mixin.py:190} INFO - [2024-08-23T12:14:48.117+0000] {dag.py:4138} INFO - Setting next_dagrun for example_branch_labels to 2024-08-22 00:00:00+00:00, run_after=2024-08-23 00:00:00+00:00
[2024-08-23T12:14:48.128+0000] {processor.py:208} INFO - Processing /home/airflow/.local/lib/python3.12/site-packages/airflow/example_dags/example_branch_labels.py took 0.053 seconds
[2024-08-23T12:15:18.303+0000] {processor.py:186} INFO - Started process (PID=1536) to work on /home/airflow/.local/lib/python3.12/site-packages/airflow/example_dags/example_branch_labels.py
[2024-08-23T12:15:18.306+0000] {processor.py:914} INFO - Processing file /home/airflow/.local/lib/python3.12/site-packages/airflow/example_dags/example_branch_labels.py for tasks to queue
[2024-08-23T12:15:18.308+0000] {logging_mixin.py:190} INFO - [2024-08-23T12:15:18.308+0000] {dagbag.py:587} INFO - Filling up the DagBag from /home/airflow/.local/lib/python3.12/site-packages/airflow/example_dags/example_branch_labels.py
[2024-08-23T12:15:18.315+0000] {processor.py:925} INFO - DAG(s) 'example_branch_labels' retrieved from /home/airflow/.local/lib/python3.12/site-packages/airflow/example_dags/example_branch_labels.py
[2024-08-23T12:15:18.330+0000] {logging_mixin.py:190} INFO - [2024-08-23T12:15:18.330+0000] {dag.py:3211} INFO - Sync 1 DAGs
[2024-08-23T12:15:18.343+0000] {logging_mixin.py:190} INFO - [2024-08-23T12:15:18.342+0000] {dag.py:4138} INFO - Setting next_dagrun for example_branch_labels to 2024-08-22 00:00:00+00:00, run_after=2024-08-23 00:00:00+00:00
[2024-08-23T12:15:18.351+0000] {processor.py:208} INFO - Processing /home/airflow/.local/lib/python3.12/site-packages/airflow/example_dags/example_branch_labels.py took 0.057 seconds
[2024-08-23T12:15:49.360+0000] {processor.py:186} INFO - Started process (PID=1598) to work on /home/airflow/.local/lib/python3.12/site-packages/airflow/example_dags/example_branch_labels.py
[2024-08-23T12:15:49.365+0000] {processor.py:914} INFO - Processing file /home/airflow/.local/lib/python3.12/site-packages/airflow/example_dags/example_branch_labels.py for tasks to queue
[2024-08-23T12:15:49.369+0000] {logging_mixin.py:190} INFO - [2024-08-23T12:15:49.369+0000] {dagbag.py:587} INFO - Filling up the DagBag from /home/airflow/.local/lib/python3.12/site-packages/airflow/example_dags/example_branch_labels.py
[2024-08-23T12:15:49.383+0000] {processor.py:925} INFO - DAG(s) 'example_branch_labels' retrieved from /home/airflow/.local/lib/python3.12/site-packages/airflow/example_dags/example_branch_labels.py
[2024-08-23T12:15:49.401+0000] {logging_mixin.py:190} INFO - [2024-08-23T12:15:49.401+0000] {dag.py:3211} INFO - Sync 1 DAGs
[2024-08-23T12:15:49.413+0000] {logging_mixin.py:190} INFO - [2024-08-23T12:15:49.412+0000] {dag.py:4138} INFO - Setting next_dagrun for example_branch_labels to 2024-08-22 00:00:00+00:00, run_after=2024-08-23 00:00:00+00:00
[2024-08-23T12:15:49.420+0000] {processor.py:208} INFO - Processing /home/airflow/.local/lib/python3.12/site-packages/airflow/example_dags/example_branch_labels.py took 0.067 seconds
[2024-08-23T12:16:19.766+0000] {processor.py:186} INFO - Started process (PID=1659) to work on /home/airflow/.local/lib/python3.12/site-packages/airflow/example_dags/example_branch_labels.py
[2024-08-23T12:16:19.768+0000] {processor.py:914} INFO - Processing file /home/airflow/.local/lib/python3.12/site-packages/airflow/example_dags/example_branch_labels.py for tasks to queue
[2024-08-23T12:16:19.773+0000] {logging_mixin.py:190} INFO - [2024-08-23T12:16:19.773+0000] {dagbag.py:587} INFO - Filling up the DagBag from /home/airflow/.local/lib/python3.12/site-packages/airflow/example_dags/example_branch_labels.py
[2024-08-23T12:16:19.789+0000] {processor.py:925} INFO - DAG(s) 'example_branch_labels' retrieved from /home/airflow/.local/lib/python3.12/site-packages/airflow/example_dags/example_branch_labels.py
[2024-08-23T12:16:19.809+0000] {logging_mixin.py:190} INFO - [2024-08-23T12:16:19.809+0000] {dag.py:3211} INFO - Sync 1 DAGs
[2024-08-23T12:16:19.829+0000] {logging_mixin.py:190} INFO - [2024-08-23T12:16:19.829+0000] {dag.py:4138} INFO - Setting next_dagrun for example_branch_labels to 2024-08-22 00:00:00+00:00, run_after=2024-08-23 00:00:00+00:00
[2024-08-23T12:16:19.842+0000] {processor.py:208} INFO - Processing /home/airflow/.local/lib/python3.12/site-packages/airflow/example_dags/example_branch_labels.py took 0.091 seconds
[2024-08-23T12:16:50.207+0000] {processor.py:186} INFO - Started process (PID=1721) to work on /home/airflow/.local/lib/python3.12/site-packages/airflow/example_dags/example_branch_labels.py
[2024-08-23T12:16:50.210+0000] {processor.py:914} INFO - Processing file /home/airflow/.local/lib/python3.12/site-packages/airflow/example_dags/example_branch_labels.py for tasks to queue
[2024-08-23T12:16:50.212+0000] {logging_mixin.py:190} INFO - [2024-08-23T12:16:50.212+0000] {dagbag.py:587} INFO - Filling up the DagBag from /home/airflow/.local/lib/python3.12/site-packages/airflow/example_dags/example_branch_labels.py
[2024-08-23T12:16:50.220+0000] {processor.py:925} INFO - DAG(s) 'example_branch_labels' retrieved from /home/airflow/.local/lib/python3.12/site-packages/airflow/example_dags/example_branch_labels.py
[2024-08-23T12:16:50.240+0000] {logging_mixin.py:190} INFO - [2024-08-23T12:16:50.239+0000] {dag.py:3211} INFO - Sync 1 DAGs
[2024-08-23T12:16:50.257+0000] {logging_mixin.py:190} INFO - [2024-08-23T12:16:50.257+0000] {dag.py:4138} INFO - Setting next_dagrun for example_branch_labels to 2024-08-22 00:00:00+00:00, run_after=2024-08-23 00:00:00+00:00
[2024-08-23T12:16:50.297+0000] {processor.py:208} INFO - Processing /home/airflow/.local/lib/python3.12/site-packages/airflow/example_dags/example_branch_labels.py took 0.101 seconds
