[2024-08-23T12:02:59.992+0000] {processor.py:186} INFO - Started process (PID=90) to work on /home/airflow/.local/lib/python3.12/site-packages/airflow/example_dags/example_xcom.py
[2024-08-23T12:03:00.014+0000] {processor.py:914} INFO - Processing file /home/airflow/.local/lib/python3.12/site-packages/airflow/example_dags/example_xcom.py for tasks to queue
[2024-08-23T12:03:00.017+0000] {logging_mixin.py:190} INFO - [2024-08-23T12:03:00.017+0000] {dagbag.py:587} INFO - Filling up the DagBag from /home/airflow/.local/lib/python3.12/site-packages/airflow/example_dags/example_xcom.py
[2024-08-23T12:03:00.110+0000] {processor.py:925} INFO - DAG(s) 'example_xcom' retrieved from /home/airflow/.local/lib/python3.12/site-packages/airflow/example_dags/example_xcom.py
[2024-08-23T12:03:00.852+0000] {logging_mixin.py:190} INFO - [2024-08-23T12:03:00.850+0000] {override.py:1858} INFO - Created Permission View: can read on DAG:example_xcom
[2024-08-23T12:03:00.872+0000] {logging_mixin.py:190} INFO - [2024-08-23T12:03:00.872+0000] {override.py:1858} INFO - Created Permission View: can delete on DAG:example_xcom
[2024-08-23T12:03:00.885+0000] {logging_mixin.py:190} INFO - [2024-08-23T12:03:00.885+0000] {override.py:1858} INFO - Created Permission View: can edit on DAG:example_xcom
[2024-08-23T12:03:00.886+0000] {logging_mixin.py:190} INFO - [2024-08-23T12:03:00.886+0000] {dag.py:3211} INFO - Sync 1 DAGs
[2024-08-23T12:03:00.938+0000] {logging_mixin.py:190} INFO - [2024-08-23T12:03:00.938+0000] {dag.py:3234} INFO - Creating ORM DAG for example_xcom
[2024-08-23T12:03:01.005+0000] {logging_mixin.py:190} INFO - [2024-08-23T12:03:01.001+0000] {dag.py:4138} INFO - Setting next_dagrun for example_xcom to 2021-01-01 00:00:00+00:00, run_after=2021-01-01 00:00:00+00:00
[2024-08-23T12:03:01.049+0000] {processor.py:208} INFO - Processing /home/airflow/.local/lib/python3.12/site-packages/airflow/example_dags/example_xcom.py took 1.078 seconds
[2024-08-23T12:03:31.955+0000] {processor.py:186} INFO - Started process (PID=152) to work on /home/airflow/.local/lib/python3.12/site-packages/airflow/example_dags/example_xcom.py
[2024-08-23T12:03:31.958+0000] {processor.py:914} INFO - Processing file /home/airflow/.local/lib/python3.12/site-packages/airflow/example_dags/example_xcom.py for tasks to queue
[2024-08-23T12:03:31.962+0000] {logging_mixin.py:190} INFO - [2024-08-23T12:03:31.961+0000] {dagbag.py:587} INFO - Filling up the DagBag from /home/airflow/.local/lib/python3.12/site-packages/airflow/example_dags/example_xcom.py
[2024-08-23T12:03:31.978+0000] {processor.py:925} INFO - DAG(s) 'example_xcom' retrieved from /home/airflow/.local/lib/python3.12/site-packages/airflow/example_dags/example_xcom.py
[2024-08-23T12:03:32.099+0000] {logging_mixin.py:190} INFO - [2024-08-23T12:03:32.099+0000] {dag.py:3211} INFO - Sync 1 DAGs
[2024-08-23T12:03:32.169+0000] {logging_mixin.py:190} INFO - [2024-08-23T12:03:32.169+0000] {dag.py:4138} INFO - Setting next_dagrun for example_xcom to 2021-01-01 00:00:00+00:00, run_after=2021-01-01 00:00:00+00:00
[2024-08-23T12:03:32.190+0000] {processor.py:208} INFO - Processing /home/airflow/.local/lib/python3.12/site-packages/airflow/example_dags/example_xcom.py took 0.247 seconds
[2024-08-23T12:04:02.542+0000] {processor.py:186} INFO - Started process (PID=214) to work on /home/airflow/.local/lib/python3.12/site-packages/airflow/example_dags/example_xcom.py
[2024-08-23T12:04:02.545+0000] {processor.py:914} INFO - Processing file /home/airflow/.local/lib/python3.12/site-packages/airflow/example_dags/example_xcom.py for tasks to queue
[2024-08-23T12:04:02.548+0000] {logging_mixin.py:190} INFO - [2024-08-23T12:04:02.548+0000] {dagbag.py:587} INFO - Filling up the DagBag from /home/airflow/.local/lib/python3.12/site-packages/airflow/example_dags/example_xcom.py
[2024-08-23T12:04:02.564+0000] {processor.py:925} INFO - DAG(s) 'example_xcom' retrieved from /home/airflow/.local/lib/python3.12/site-packages/airflow/example_dags/example_xcom.py
[2024-08-23T12:04:02.610+0000] {logging_mixin.py:190} INFO - [2024-08-23T12:04:02.610+0000] {dag.py:3211} INFO - Sync 1 DAGs
[2024-08-23T12:04:02.638+0000] {logging_mixin.py:190} INFO - [2024-08-23T12:04:02.637+0000] {dag.py:4138} INFO - Setting next_dagrun for example_xcom to 2021-01-01 00:00:00+00:00, run_after=2021-01-01 00:00:00+00:00
[2024-08-23T12:04:02.672+0000] {processor.py:208} INFO - Processing /home/airflow/.local/lib/python3.12/site-packages/airflow/example_dags/example_xcom.py took 0.140 seconds
[2024-08-23T12:04:43.193+0000] {processor.py:186} INFO - Started process (PID=259) to work on /home/airflow/.local/lib/python3.12/site-packages/airflow/example_dags/example_xcom.py
[2024-08-23T12:04:43.208+0000] {processor.py:914} INFO - Processing file /home/airflow/.local/lib/python3.12/site-packages/airflow/example_dags/example_xcom.py for tasks to queue
[2024-08-23T12:04:43.211+0000] {logging_mixin.py:190} INFO - [2024-08-23T12:04:43.211+0000] {dagbag.py:587} INFO - Filling up the DagBag from /home/airflow/.local/lib/python3.12/site-packages/airflow/example_dags/example_xcom.py
[2024-08-23T12:04:43.762+0000] {processor.py:925} INFO - DAG(s) 'example_xcom' retrieved from /home/airflow/.local/lib/python3.12/site-packages/airflow/example_dags/example_xcom.py
[2024-08-23T12:04:46.055+0000] {logging_mixin.py:190} INFO - [2024-08-23T12:04:46.023+0000] {dag.py:3211} INFO - Sync 1 DAGs
[2024-08-23T12:04:47.410+0000] {logging_mixin.py:190} INFO - [2024-08-23T12:04:47.395+0000] {dag.py:4138} INFO - Setting next_dagrun for example_xcom to 2021-01-01 00:00:00+00:00, run_after=2021-01-01 00:00:00+00:00
[2024-08-23T12:04:48.163+0000] {processor.py:208} INFO - Processing /home/airflow/.local/lib/python3.12/site-packages/airflow/example_dags/example_xcom.py took 5.066 seconds
[2024-08-23T12:05:18.699+0000] {processor.py:186} INFO - Started process (PID=320) to work on /home/airflow/.local/lib/python3.12/site-packages/airflow/example_dags/example_xcom.py
[2024-08-23T12:05:18.704+0000] {processor.py:914} INFO - Processing file /home/airflow/.local/lib/python3.12/site-packages/airflow/example_dags/example_xcom.py for tasks to queue
[2024-08-23T12:05:18.712+0000] {logging_mixin.py:190} INFO - [2024-08-23T12:05:18.712+0000] {dagbag.py:587} INFO - Filling up the DagBag from /home/airflow/.local/lib/python3.12/site-packages/airflow/example_dags/example_xcom.py
[2024-08-23T12:05:18.727+0000] {processor.py:925} INFO - DAG(s) 'example_xcom' retrieved from /home/airflow/.local/lib/python3.12/site-packages/airflow/example_dags/example_xcom.py
[2024-08-23T12:05:18.758+0000] {logging_mixin.py:190} INFO - [2024-08-23T12:05:18.754+0000] {dag.py:3211} INFO - Sync 1 DAGs
[2024-08-23T12:05:18.791+0000] {logging_mixin.py:190} INFO - [2024-08-23T12:05:18.791+0000] {dag.py:4138} INFO - Setting next_dagrun for example_xcom to 2021-01-01 00:00:00+00:00, run_after=2021-01-01 00:00:00+00:00
[2024-08-23T12:05:18.901+0000] {processor.py:208} INFO - Processing /home/airflow/.local/lib/python3.12/site-packages/airflow/example_dags/example_xcom.py took 0.217 seconds
[2024-08-23T12:05:49.216+0000] {processor.py:186} INFO - Started process (PID=382) to work on /home/airflow/.local/lib/python3.12/site-packages/airflow/example_dags/example_xcom.py
[2024-08-23T12:05:49.217+0000] {processor.py:914} INFO - Processing file /home/airflow/.local/lib/python3.12/site-packages/airflow/example_dags/example_xcom.py for tasks to queue
[2024-08-23T12:05:49.221+0000] {logging_mixin.py:190} INFO - [2024-08-23T12:05:49.221+0000] {dagbag.py:587} INFO - Filling up the DagBag from /home/airflow/.local/lib/python3.12/site-packages/airflow/example_dags/example_xcom.py
[2024-08-23T12:05:49.255+0000] {processor.py:925} INFO - DAG(s) 'example_xcom' retrieved from /home/airflow/.local/lib/python3.12/site-packages/airflow/example_dags/example_xcom.py
[2024-08-23T12:05:49.286+0000] {logging_mixin.py:190} INFO - [2024-08-23T12:05:49.285+0000] {dag.py:3211} INFO - Sync 1 DAGs
[2024-08-23T12:05:49.317+0000] {logging_mixin.py:190} INFO - [2024-08-23T12:05:49.317+0000] {dag.py:4138} INFO - Setting next_dagrun for example_xcom to 2021-01-01 00:00:00+00:00, run_after=2021-01-01 00:00:00+00:00
[2024-08-23T12:05:49.365+0000] {processor.py:208} INFO - Processing /home/airflow/.local/lib/python3.12/site-packages/airflow/example_dags/example_xcom.py took 0.162 seconds
[2024-08-23T12:06:19.822+0000] {processor.py:186} INFO - Started process (PID=444) to work on /home/airflow/.local/lib/python3.12/site-packages/airflow/example_dags/example_xcom.py
[2024-08-23T12:06:19.826+0000] {processor.py:914} INFO - Processing file /home/airflow/.local/lib/python3.12/site-packages/airflow/example_dags/example_xcom.py for tasks to queue
[2024-08-23T12:06:19.851+0000] {logging_mixin.py:190} INFO - [2024-08-23T12:06:19.847+0000] {dagbag.py:587} INFO - Filling up the DagBag from /home/airflow/.local/lib/python3.12/site-packages/airflow/example_dags/example_xcom.py
[2024-08-23T12:06:19.883+0000] {processor.py:925} INFO - DAG(s) 'example_xcom' retrieved from /home/airflow/.local/lib/python3.12/site-packages/airflow/example_dags/example_xcom.py
[2024-08-23T12:06:20.104+0000] {logging_mixin.py:190} INFO - [2024-08-23T12:06:20.102+0000] {dag.py:3211} INFO - Sync 1 DAGs
[2024-08-23T12:06:20.159+0000] {logging_mixin.py:190} INFO - [2024-08-23T12:06:20.158+0000] {dag.py:4138} INFO - Setting next_dagrun for example_xcom to 2021-01-01 00:00:00+00:00, run_after=2021-01-01 00:00:00+00:00
[2024-08-23T12:06:20.209+0000] {processor.py:208} INFO - Processing /home/airflow/.local/lib/python3.12/site-packages/airflow/example_dags/example_xcom.py took 0.410 seconds
[2024-08-23T12:06:50.575+0000] {processor.py:186} INFO - Started process (PID=506) to work on /home/airflow/.local/lib/python3.12/site-packages/airflow/example_dags/example_xcom.py
[2024-08-23T12:06:50.581+0000] {processor.py:914} INFO - Processing file /home/airflow/.local/lib/python3.12/site-packages/airflow/example_dags/example_xcom.py for tasks to queue
[2024-08-23T12:06:50.607+0000] {logging_mixin.py:190} INFO - [2024-08-23T12:06:50.606+0000] {dagbag.py:587} INFO - Filling up the DagBag from /home/airflow/.local/lib/python3.12/site-packages/airflow/example_dags/example_xcom.py
[2024-08-23T12:06:50.647+0000] {processor.py:925} INFO - DAG(s) 'example_xcom' retrieved from /home/airflow/.local/lib/python3.12/site-packages/airflow/example_dags/example_xcom.py
[2024-08-23T12:06:50.717+0000] {logging_mixin.py:190} INFO - [2024-08-23T12:06:50.717+0000] {dag.py:3211} INFO - Sync 1 DAGs
[2024-08-23T12:06:50.748+0000] {logging_mixin.py:190} INFO - [2024-08-23T12:06:50.748+0000] {dag.py:4138} INFO - Setting next_dagrun for example_xcom to 2021-01-01 00:00:00+00:00, run_after=2021-01-01 00:00:00+00:00
[2024-08-23T12:06:50.761+0000] {processor.py:208} INFO - Processing /home/airflow/.local/lib/python3.12/site-packages/airflow/example_dags/example_xcom.py took 0.233 seconds
[2024-08-23T12:07:20.989+0000] {processor.py:186} INFO - Started process (PID=567) to work on /home/airflow/.local/lib/python3.12/site-packages/airflow/example_dags/example_xcom.py
[2024-08-23T12:07:20.994+0000] {processor.py:914} INFO - Processing file /home/airflow/.local/lib/python3.12/site-packages/airflow/example_dags/example_xcom.py for tasks to queue
[2024-08-23T12:07:21.001+0000] {logging_mixin.py:190} INFO - [2024-08-23T12:07:21.001+0000] {dagbag.py:587} INFO - Filling up the DagBag from /home/airflow/.local/lib/python3.12/site-packages/airflow/example_dags/example_xcom.py
[2024-08-23T12:07:21.022+0000] {processor.py:925} INFO - DAG(s) 'example_xcom' retrieved from /home/airflow/.local/lib/python3.12/site-packages/airflow/example_dags/example_xcom.py
[2024-08-23T12:07:21.065+0000] {logging_mixin.py:190} INFO - [2024-08-23T12:07:21.064+0000] {dag.py:3211} INFO - Sync 1 DAGs
[2024-08-23T12:07:21.088+0000] {logging_mixin.py:190} INFO - [2024-08-23T12:07:21.088+0000] {dag.py:4138} INFO - Setting next_dagrun for example_xcom to 2021-01-01 00:00:00+00:00, run_after=2021-01-01 00:00:00+00:00
[2024-08-23T12:07:21.116+0000] {processor.py:208} INFO - Processing /home/airflow/.local/lib/python3.12/site-packages/airflow/example_dags/example_xcom.py took 0.143 seconds
[2024-08-23T12:07:51.591+0000] {processor.py:186} INFO - Started process (PID=629) to work on /home/airflow/.local/lib/python3.12/site-packages/airflow/example_dags/example_xcom.py
[2024-08-23T12:07:51.593+0000] {processor.py:914} INFO - Processing file /home/airflow/.local/lib/python3.12/site-packages/airflow/example_dags/example_xcom.py for tasks to queue
[2024-08-23T12:07:51.598+0000] {logging_mixin.py:190} INFO - [2024-08-23T12:07:51.598+0000] {dagbag.py:587} INFO - Filling up the DagBag from /home/airflow/.local/lib/python3.12/site-packages/airflow/example_dags/example_xcom.py
[2024-08-23T12:07:51.621+0000] {processor.py:925} INFO - DAG(s) 'example_xcom' retrieved from /home/airflow/.local/lib/python3.12/site-packages/airflow/example_dags/example_xcom.py
[2024-08-23T12:07:51.651+0000] {logging_mixin.py:190} INFO - [2024-08-23T12:07:51.651+0000] {dag.py:3211} INFO - Sync 1 DAGs
[2024-08-23T12:07:51.681+0000] {logging_mixin.py:190} INFO - [2024-08-23T12:07:51.681+0000] {dag.py:4138} INFO - Setting next_dagrun for example_xcom to 2021-01-01 00:00:00+00:00, run_after=2021-01-01 00:00:00+00:00
[2024-08-23T12:07:51.706+0000] {processor.py:208} INFO - Processing /home/airflow/.local/lib/python3.12/site-packages/airflow/example_dags/example_xcom.py took 0.123 seconds
[2024-08-23T12:08:22.570+0000] {processor.py:186} INFO - Started process (PID=691) to work on /home/airflow/.local/lib/python3.12/site-packages/airflow/example_dags/example_xcom.py
[2024-08-23T12:08:22.572+0000] {processor.py:914} INFO - Processing file /home/airflow/.local/lib/python3.12/site-packages/airflow/example_dags/example_xcom.py for tasks to queue
[2024-08-23T12:08:22.577+0000] {logging_mixin.py:190} INFO - [2024-08-23T12:08:22.576+0000] {dagbag.py:587} INFO - Filling up the DagBag from /home/airflow/.local/lib/python3.12/site-packages/airflow/example_dags/example_xcom.py
[2024-08-23T12:08:22.602+0000] {processor.py:925} INFO - DAG(s) 'example_xcom' retrieved from /home/airflow/.local/lib/python3.12/site-packages/airflow/example_dags/example_xcom.py
[2024-08-23T12:08:22.636+0000] {logging_mixin.py:190} INFO - [2024-08-23T12:08:22.635+0000] {dag.py:3211} INFO - Sync 1 DAGs
[2024-08-23T12:08:22.681+0000] {logging_mixin.py:190} INFO - [2024-08-23T12:08:22.680+0000] {dag.py:4138} INFO - Setting next_dagrun for example_xcom to 2021-01-01 00:00:00+00:00, run_after=2021-01-01 00:00:00+00:00
[2024-08-23T12:08:22.701+0000] {processor.py:208} INFO - Processing /home/airflow/.local/lib/python3.12/site-packages/airflow/example_dags/example_xcom.py took 0.142 seconds
[2024-08-23T12:08:53.802+0000] {processor.py:186} INFO - Started process (PID=753) to work on /home/airflow/.local/lib/python3.12/site-packages/airflow/example_dags/example_xcom.py
[2024-08-23T12:08:53.805+0000] {processor.py:914} INFO - Processing file /home/airflow/.local/lib/python3.12/site-packages/airflow/example_dags/example_xcom.py for tasks to queue
[2024-08-23T12:08:53.812+0000] {logging_mixin.py:190} INFO - [2024-08-23T12:08:53.808+0000] {dagbag.py:587} INFO - Filling up the DagBag from /home/airflow/.local/lib/python3.12/site-packages/airflow/example_dags/example_xcom.py
[2024-08-23T12:08:53.835+0000] {processor.py:925} INFO - DAG(s) 'example_xcom' retrieved from /home/airflow/.local/lib/python3.12/site-packages/airflow/example_dags/example_xcom.py
[2024-08-23T12:08:53.877+0000] {logging_mixin.py:190} INFO - [2024-08-23T12:08:53.877+0000] {dag.py:3211} INFO - Sync 1 DAGs
[2024-08-23T12:08:53.911+0000] {logging_mixin.py:190} INFO - [2024-08-23T12:08:53.911+0000] {dag.py:4138} INFO - Setting next_dagrun for example_xcom to 2021-01-01 00:00:00+00:00, run_after=2021-01-01 00:00:00+00:00
[2024-08-23T12:08:53.923+0000] {processor.py:208} INFO - Processing /home/airflow/.local/lib/python3.12/site-packages/airflow/example_dags/example_xcom.py took 0.132 seconds
[2024-08-23T12:09:24.919+0000] {processor.py:186} INFO - Started process (PID=815) to work on /home/airflow/.local/lib/python3.12/site-packages/airflow/example_dags/example_xcom.py
[2024-08-23T12:09:24.921+0000] {processor.py:914} INFO - Processing file /home/airflow/.local/lib/python3.12/site-packages/airflow/example_dags/example_xcom.py for tasks to queue
[2024-08-23T12:09:24.931+0000] {logging_mixin.py:190} INFO - [2024-08-23T12:09:24.931+0000] {dagbag.py:587} INFO - Filling up the DagBag from /home/airflow/.local/lib/python3.12/site-packages/airflow/example_dags/example_xcom.py
[2024-08-23T12:09:24.949+0000] {processor.py:925} INFO - DAG(s) 'example_xcom' retrieved from /home/airflow/.local/lib/python3.12/site-packages/airflow/example_dags/example_xcom.py
[2024-08-23T12:09:24.986+0000] {logging_mixin.py:190} INFO - [2024-08-23T12:09:24.986+0000] {dag.py:3211} INFO - Sync 1 DAGs
[2024-08-23T12:09:25.014+0000] {logging_mixin.py:190} INFO - [2024-08-23T12:09:25.014+0000] {dag.py:4138} INFO - Setting next_dagrun for example_xcom to 2021-01-01 00:00:00+00:00, run_after=2021-01-01 00:00:00+00:00
[2024-08-23T12:09:25.029+0000] {processor.py:208} INFO - Processing /home/airflow/.local/lib/python3.12/site-packages/airflow/example_dags/example_xcom.py took 0.124 seconds
[2024-08-23T12:09:55.351+0000] {processor.py:186} INFO - Started process (PID=877) to work on /home/airflow/.local/lib/python3.12/site-packages/airflow/example_dags/example_xcom.py
[2024-08-23T12:09:55.353+0000] {processor.py:914} INFO - Processing file /home/airflow/.local/lib/python3.12/site-packages/airflow/example_dags/example_xcom.py for tasks to queue
[2024-08-23T12:09:55.358+0000] {logging_mixin.py:190} INFO - [2024-08-23T12:09:55.358+0000] {dagbag.py:587} INFO - Filling up the DagBag from /home/airflow/.local/lib/python3.12/site-packages/airflow/example_dags/example_xcom.py
[2024-08-23T12:09:55.377+0000] {processor.py:925} INFO - DAG(s) 'example_xcom' retrieved from /home/airflow/.local/lib/python3.12/site-packages/airflow/example_dags/example_xcom.py
[2024-08-23T12:09:55.425+0000] {logging_mixin.py:190} INFO - [2024-08-23T12:09:55.425+0000] {dag.py:3211} INFO - Sync 1 DAGs
[2024-08-23T12:09:55.447+0000] {logging_mixin.py:190} INFO - [2024-08-23T12:09:55.446+0000] {dag.py:4138} INFO - Setting next_dagrun for example_xcom to 2021-01-01 00:00:00+00:00, run_after=2021-01-01 00:00:00+00:00
[2024-08-23T12:09:55.478+0000] {processor.py:208} INFO - Processing /home/airflow/.local/lib/python3.12/site-packages/airflow/example_dags/example_xcom.py took 0.154 seconds
[2024-08-23T12:10:25.583+0000] {processor.py:186} INFO - Started process (PID=939) to work on /home/airflow/.local/lib/python3.12/site-packages/airflow/example_dags/example_xcom.py
[2024-08-23T12:10:25.586+0000] {processor.py:914} INFO - Processing file /home/airflow/.local/lib/python3.12/site-packages/airflow/example_dags/example_xcom.py for tasks to queue
[2024-08-23T12:10:25.591+0000] {logging_mixin.py:190} INFO - [2024-08-23T12:10:25.590+0000] {dagbag.py:587} INFO - Filling up the DagBag from /home/airflow/.local/lib/python3.12/site-packages/airflow/example_dags/example_xcom.py
[2024-08-23T12:10:25.612+0000] {processor.py:925} INFO - DAG(s) 'example_xcom' retrieved from /home/airflow/.local/lib/python3.12/site-packages/airflow/example_dags/example_xcom.py
[2024-08-23T12:10:25.644+0000] {logging_mixin.py:190} INFO - [2024-08-23T12:10:25.644+0000] {dag.py:3211} INFO - Sync 1 DAGs
[2024-08-23T12:10:25.676+0000] {logging_mixin.py:190} INFO - [2024-08-23T12:10:25.676+0000] {dag.py:4138} INFO - Setting next_dagrun for example_xcom to 2021-01-01 00:00:00+00:00, run_after=2021-01-01 00:00:00+00:00
[2024-08-23T12:10:25.690+0000] {processor.py:208} INFO - Processing /home/airflow/.local/lib/python3.12/site-packages/airflow/example_dags/example_xcom.py took 0.128 seconds
[2024-08-23T12:10:56.788+0000] {processor.py:186} INFO - Started process (PID=1001) to work on /home/airflow/.local/lib/python3.12/site-packages/airflow/example_dags/example_xcom.py
[2024-08-23T12:10:56.792+0000] {processor.py:914} INFO - Processing file /home/airflow/.local/lib/python3.12/site-packages/airflow/example_dags/example_xcom.py for tasks to queue
[2024-08-23T12:10:56.796+0000] {logging_mixin.py:190} INFO - [2024-08-23T12:10:56.796+0000] {dagbag.py:587} INFO - Filling up the DagBag from /home/airflow/.local/lib/python3.12/site-packages/airflow/example_dags/example_xcom.py
[2024-08-23T12:10:56.819+0000] {processor.py:925} INFO - DAG(s) 'example_xcom' retrieved from /home/airflow/.local/lib/python3.12/site-packages/airflow/example_dags/example_xcom.py
[2024-08-23T12:10:56.847+0000] {logging_mixin.py:190} INFO - [2024-08-23T12:10:56.847+0000] {dag.py:3211} INFO - Sync 1 DAGs
[2024-08-23T12:10:56.869+0000] {logging_mixin.py:190} INFO - [2024-08-23T12:10:56.869+0000] {dag.py:4138} INFO - Setting next_dagrun for example_xcom to 2021-01-01 00:00:00+00:00, run_after=2021-01-01 00:00:00+00:00
[2024-08-23T12:10:56.891+0000] {processor.py:208} INFO - Processing /home/airflow/.local/lib/python3.12/site-packages/airflow/example_dags/example_xcom.py took 0.115 seconds
[2024-08-23T12:11:27.525+0000] {processor.py:186} INFO - Started process (PID=1063) to work on /home/airflow/.local/lib/python3.12/site-packages/airflow/example_dags/example_xcom.py
[2024-08-23T12:11:27.527+0000] {processor.py:914} INFO - Processing file /home/airflow/.local/lib/python3.12/site-packages/airflow/example_dags/example_xcom.py for tasks to queue
[2024-08-23T12:11:27.533+0000] {logging_mixin.py:190} INFO - [2024-08-23T12:11:27.533+0000] {dagbag.py:587} INFO - Filling up the DagBag from /home/airflow/.local/lib/python3.12/site-packages/airflow/example_dags/example_xcom.py
[2024-08-23T12:11:27.553+0000] {processor.py:925} INFO - DAG(s) 'example_xcom' retrieved from /home/airflow/.local/lib/python3.12/site-packages/airflow/example_dags/example_xcom.py
[2024-08-23T12:11:27.583+0000] {logging_mixin.py:190} INFO - [2024-08-23T12:11:27.583+0000] {dag.py:3211} INFO - Sync 1 DAGs
[2024-08-23T12:11:27.603+0000] {logging_mixin.py:190} INFO - [2024-08-23T12:11:27.603+0000] {dag.py:4138} INFO - Setting next_dagrun for example_xcom to 2021-01-01 00:00:00+00:00, run_after=2021-01-01 00:00:00+00:00
[2024-08-23T12:11:27.623+0000] {processor.py:208} INFO - Processing /home/airflow/.local/lib/python3.12/site-packages/airflow/example_dags/example_xcom.py took 0.110 seconds
[2024-08-23T12:11:57.812+0000] {processor.py:186} INFO - Started process (PID=1125) to work on /home/airflow/.local/lib/python3.12/site-packages/airflow/example_dags/example_xcom.py
[2024-08-23T12:11:57.823+0000] {processor.py:914} INFO - Processing file /home/airflow/.local/lib/python3.12/site-packages/airflow/example_dags/example_xcom.py for tasks to queue
[2024-08-23T12:11:57.828+0000] {logging_mixin.py:190} INFO - [2024-08-23T12:11:57.827+0000] {dagbag.py:587} INFO - Filling up the DagBag from /home/airflow/.local/lib/python3.12/site-packages/airflow/example_dags/example_xcom.py
[2024-08-23T12:11:57.846+0000] {processor.py:925} INFO - DAG(s) 'example_xcom' retrieved from /home/airflow/.local/lib/python3.12/site-packages/airflow/example_dags/example_xcom.py
[2024-08-23T12:11:57.879+0000] {logging_mixin.py:190} INFO - [2024-08-23T12:11:57.879+0000] {dag.py:3211} INFO - Sync 1 DAGs
[2024-08-23T12:11:57.900+0000] {logging_mixin.py:190} INFO - [2024-08-23T12:11:57.900+0000] {dag.py:4138} INFO - Setting next_dagrun for example_xcom to 2021-01-01 00:00:00+00:00, run_after=2021-01-01 00:00:00+00:00
[2024-08-23T12:11:57.916+0000] {processor.py:208} INFO - Processing /home/airflow/.local/lib/python3.12/site-packages/airflow/example_dags/example_xcom.py took 0.118 seconds
[2024-08-23T12:12:28.631+0000] {processor.py:186} INFO - Started process (PID=1187) to work on /home/airflow/.local/lib/python3.12/site-packages/airflow/example_dags/example_xcom.py
[2024-08-23T12:12:28.634+0000] {processor.py:914} INFO - Processing file /home/airflow/.local/lib/python3.12/site-packages/airflow/example_dags/example_xcom.py for tasks to queue
[2024-08-23T12:12:28.638+0000] {logging_mixin.py:190} INFO - [2024-08-23T12:12:28.638+0000] {dagbag.py:587} INFO - Filling up the DagBag from /home/airflow/.local/lib/python3.12/site-packages/airflow/example_dags/example_xcom.py
[2024-08-23T12:12:28.663+0000] {processor.py:925} INFO - DAG(s) 'example_xcom' retrieved from /home/airflow/.local/lib/python3.12/site-packages/airflow/example_dags/example_xcom.py
[2024-08-23T12:12:28.709+0000] {logging_mixin.py:190} INFO - [2024-08-23T12:12:28.709+0000] {dag.py:3211} INFO - Sync 1 DAGs
[2024-08-23T12:12:28.742+0000] {logging_mixin.py:190} INFO - [2024-08-23T12:12:28.742+0000] {dag.py:4138} INFO - Setting next_dagrun for example_xcom to 2021-01-01 00:00:00+00:00, run_after=2021-01-01 00:00:00+00:00
[2024-08-23T12:12:28.759+0000] {processor.py:208} INFO - Processing /home/airflow/.local/lib/python3.12/site-packages/airflow/example_dags/example_xcom.py took 0.139 seconds
[2024-08-23T12:12:58.998+0000] {processor.py:186} INFO - Started process (PID=1249) to work on /home/airflow/.local/lib/python3.12/site-packages/airflow/example_dags/example_xcom.py
[2024-08-23T12:12:59.002+0000] {processor.py:914} INFO - Processing file /home/airflow/.local/lib/python3.12/site-packages/airflow/example_dags/example_xcom.py for tasks to queue
[2024-08-23T12:12:59.007+0000] {logging_mixin.py:190} INFO - [2024-08-23T12:12:59.007+0000] {dagbag.py:587} INFO - Filling up the DagBag from /home/airflow/.local/lib/python3.12/site-packages/airflow/example_dags/example_xcom.py
[2024-08-23T12:12:59.026+0000] {processor.py:925} INFO - DAG(s) 'example_xcom' retrieved from /home/airflow/.local/lib/python3.12/site-packages/airflow/example_dags/example_xcom.py
[2024-08-23T12:12:59.066+0000] {logging_mixin.py:190} INFO - [2024-08-23T12:12:59.066+0000] {dag.py:3211} INFO - Sync 1 DAGs
[2024-08-23T12:12:59.093+0000] {logging_mixin.py:190} INFO - [2024-08-23T12:12:59.093+0000] {dag.py:4138} INFO - Setting next_dagrun for example_xcom to 2021-01-01 00:00:00+00:00, run_after=2021-01-01 00:00:00+00:00
[2024-08-23T12:12:59.108+0000] {processor.py:208} INFO - Processing /home/airflow/.local/lib/python3.12/site-packages/airflow/example_dags/example_xcom.py took 0.120 seconds
[2024-08-23T12:13:29.266+0000] {processor.py:186} INFO - Started process (PID=1311) to work on /home/airflow/.local/lib/python3.12/site-packages/airflow/example_dags/example_xcom.py
[2024-08-23T12:13:29.270+0000] {processor.py:914} INFO - Processing file /home/airflow/.local/lib/python3.12/site-packages/airflow/example_dags/example_xcom.py for tasks to queue
[2024-08-23T12:13:29.292+0000] {logging_mixin.py:190} INFO - [2024-08-23T12:13:29.291+0000] {dagbag.py:587} INFO - Filling up the DagBag from /home/airflow/.local/lib/python3.12/site-packages/airflow/example_dags/example_xcom.py
[2024-08-23T12:13:29.332+0000] {processor.py:925} INFO - DAG(s) 'example_xcom' retrieved from /home/airflow/.local/lib/python3.12/site-packages/airflow/example_dags/example_xcom.py
[2024-08-23T12:13:29.367+0000] {logging_mixin.py:190} INFO - [2024-08-23T12:13:29.366+0000] {dag.py:3211} INFO - Sync 1 DAGs
[2024-08-23T12:13:29.399+0000] {logging_mixin.py:190} INFO - [2024-08-23T12:13:29.399+0000] {dag.py:4138} INFO - Setting next_dagrun for example_xcom to 2021-01-01 00:00:00+00:00, run_after=2021-01-01 00:00:00+00:00
[2024-08-23T12:13:29.416+0000] {processor.py:208} INFO - Processing /home/airflow/.local/lib/python3.12/site-packages/airflow/example_dags/example_xcom.py took 0.167 seconds
[2024-08-23T12:14:00.039+0000] {processor.py:186} INFO - Started process (PID=1373) to work on /home/airflow/.local/lib/python3.12/site-packages/airflow/example_dags/example_xcom.py
[2024-08-23T12:14:00.040+0000] {processor.py:914} INFO - Processing file /home/airflow/.local/lib/python3.12/site-packages/airflow/example_dags/example_xcom.py for tasks to queue
[2024-08-23T12:14:00.045+0000] {logging_mixin.py:190} INFO - [2024-08-23T12:14:00.044+0000] {dagbag.py:587} INFO - Filling up the DagBag from /home/airflow/.local/lib/python3.12/site-packages/airflow/example_dags/example_xcom.py
[2024-08-23T12:14:00.063+0000] {processor.py:925} INFO - DAG(s) 'example_xcom' retrieved from /home/airflow/.local/lib/python3.12/site-packages/airflow/example_dags/example_xcom.py
[2024-08-23T12:14:00.091+0000] {logging_mixin.py:190} INFO - [2024-08-23T12:14:00.091+0000] {dag.py:3211} INFO - Sync 1 DAGs
[2024-08-23T12:14:00.112+0000] {logging_mixin.py:190} INFO - [2024-08-23T12:14:00.112+0000] {dag.py:4138} INFO - Setting next_dagrun for example_xcom to 2021-01-01 00:00:00+00:00, run_after=2021-01-01 00:00:00+00:00
[2024-08-23T12:14:00.134+0000] {processor.py:208} INFO - Processing /home/airflow/.local/lib/python3.12/site-packages/airflow/example_dags/example_xcom.py took 0.117 seconds
[2024-08-23T12:14:30.605+0000] {processor.py:186} INFO - Started process (PID=1435) to work on /home/airflow/.local/lib/python3.12/site-packages/airflow/example_dags/example_xcom.py
[2024-08-23T12:14:30.607+0000] {processor.py:914} INFO - Processing file /home/airflow/.local/lib/python3.12/site-packages/airflow/example_dags/example_xcom.py for tasks to queue
[2024-08-23T12:14:30.611+0000] {logging_mixin.py:190} INFO - [2024-08-23T12:14:30.611+0000] {dagbag.py:587} INFO - Filling up the DagBag from /home/airflow/.local/lib/python3.12/site-packages/airflow/example_dags/example_xcom.py
[2024-08-23T12:14:30.622+0000] {processor.py:925} INFO - DAG(s) 'example_xcom' retrieved from /home/airflow/.local/lib/python3.12/site-packages/airflow/example_dags/example_xcom.py
[2024-08-23T12:14:30.640+0000] {logging_mixin.py:190} INFO - [2024-08-23T12:14:30.640+0000] {dag.py:3211} INFO - Sync 1 DAGs
[2024-08-23T12:14:30.655+0000] {logging_mixin.py:190} INFO - [2024-08-23T12:14:30.655+0000] {dag.py:4138} INFO - Setting next_dagrun for example_xcom to 2021-01-01 00:00:00+00:00, run_after=2021-01-01 00:00:00+00:00
[2024-08-23T12:14:30.669+0000] {processor.py:208} INFO - Processing /home/airflow/.local/lib/python3.12/site-packages/airflow/example_dags/example_xcom.py took 0.075 seconds
[2024-08-23T12:15:01.442+0000] {processor.py:186} INFO - Started process (PID=1497) to work on /home/airflow/.local/lib/python3.12/site-packages/airflow/example_dags/example_xcom.py
[2024-08-23T12:15:01.446+0000] {processor.py:914} INFO - Processing file /home/airflow/.local/lib/python3.12/site-packages/airflow/example_dags/example_xcom.py for tasks to queue
[2024-08-23T12:15:01.450+0000] {logging_mixin.py:190} INFO - [2024-08-23T12:15:01.450+0000] {dagbag.py:587} INFO - Filling up the DagBag from /home/airflow/.local/lib/python3.12/site-packages/airflow/example_dags/example_xcom.py
[2024-08-23T12:15:01.467+0000] {processor.py:925} INFO - DAG(s) 'example_xcom' retrieved from /home/airflow/.local/lib/python3.12/site-packages/airflow/example_dags/example_xcom.py
[2024-08-23T12:15:01.497+0000] {logging_mixin.py:190} INFO - [2024-08-23T12:15:01.496+0000] {dag.py:3211} INFO - Sync 1 DAGs
[2024-08-23T12:15:01.515+0000] {logging_mixin.py:190} INFO - [2024-08-23T12:15:01.514+0000] {dag.py:4138} INFO - Setting next_dagrun for example_xcom to 2021-01-01 00:00:00+00:00, run_after=2021-01-01 00:00:00+00:00
[2024-08-23T12:15:01.528+0000] {processor.py:208} INFO - Processing /home/airflow/.local/lib/python3.12/site-packages/airflow/example_dags/example_xcom.py took 0.095 seconds
[2024-08-23T12:15:31.858+0000] {processor.py:186} INFO - Started process (PID=1559) to work on /home/airflow/.local/lib/python3.12/site-packages/airflow/example_dags/example_xcom.py
[2024-08-23T12:15:31.863+0000] {processor.py:914} INFO - Processing file /home/airflow/.local/lib/python3.12/site-packages/airflow/example_dags/example_xcom.py for tasks to queue
[2024-08-23T12:15:31.869+0000] {logging_mixin.py:190} INFO - [2024-08-23T12:15:31.869+0000] {dagbag.py:587} INFO - Filling up the DagBag from /home/airflow/.local/lib/python3.12/site-packages/airflow/example_dags/example_xcom.py
[2024-08-23T12:15:31.884+0000] {processor.py:925} INFO - DAG(s) 'example_xcom' retrieved from /home/airflow/.local/lib/python3.12/site-packages/airflow/example_dags/example_xcom.py
[2024-08-23T12:15:31.907+0000] {logging_mixin.py:190} INFO - [2024-08-23T12:15:31.907+0000] {dag.py:3211} INFO - Sync 1 DAGs
[2024-08-23T12:15:31.924+0000] {logging_mixin.py:190} INFO - [2024-08-23T12:15:31.923+0000] {dag.py:4138} INFO - Setting next_dagrun for example_xcom to 2021-01-01 00:00:00+00:00, run_after=2021-01-01 00:00:00+00:00
[2024-08-23T12:15:31.940+0000] {processor.py:208} INFO - Processing /home/airflow/.local/lib/python3.12/site-packages/airflow/example_dags/example_xcom.py took 0.092 seconds
[2024-08-23T12:16:02.122+0000] {processor.py:186} INFO - Started process (PID=1621) to work on /home/airflow/.local/lib/python3.12/site-packages/airflow/example_dags/example_xcom.py
[2024-08-23T12:16:02.125+0000] {processor.py:914} INFO - Processing file /home/airflow/.local/lib/python3.12/site-packages/airflow/example_dags/example_xcom.py for tasks to queue
[2024-08-23T12:16:02.139+0000] {logging_mixin.py:190} INFO - [2024-08-23T12:16:02.139+0000] {dagbag.py:587} INFO - Filling up the DagBag from /home/airflow/.local/lib/python3.12/site-packages/airflow/example_dags/example_xcom.py
[2024-08-23T12:16:02.164+0000] {processor.py:925} INFO - DAG(s) 'example_xcom' retrieved from /home/airflow/.local/lib/python3.12/site-packages/airflow/example_dags/example_xcom.py
[2024-08-23T12:16:02.229+0000] {logging_mixin.py:190} INFO - [2024-08-23T12:16:02.229+0000] {dag.py:3211} INFO - Sync 1 DAGs
[2024-08-23T12:16:02.259+0000] {logging_mixin.py:190} INFO - [2024-08-23T12:16:02.258+0000] {dag.py:4138} INFO - Setting next_dagrun for example_xcom to 2021-01-01 00:00:00+00:00, run_after=2021-01-01 00:00:00+00:00
[2024-08-23T12:16:02.289+0000] {processor.py:208} INFO - Processing /home/airflow/.local/lib/python3.12/site-packages/airflow/example_dags/example_xcom.py took 0.182 seconds
[2024-08-23T12:16:32.675+0000] {processor.py:186} INFO - Started process (PID=1683) to work on /home/airflow/.local/lib/python3.12/site-packages/airflow/example_dags/example_xcom.py
[2024-08-23T12:16:32.679+0000] {processor.py:914} INFO - Processing file /home/airflow/.local/lib/python3.12/site-packages/airflow/example_dags/example_xcom.py for tasks to queue
[2024-08-23T12:16:32.689+0000] {logging_mixin.py:190} INFO - [2024-08-23T12:16:32.689+0000] {dagbag.py:587} INFO - Filling up the DagBag from /home/airflow/.local/lib/python3.12/site-packages/airflow/example_dags/example_xcom.py
[2024-08-23T12:16:32.706+0000] {processor.py:925} INFO - DAG(s) 'example_xcom' retrieved from /home/airflow/.local/lib/python3.12/site-packages/airflow/example_dags/example_xcom.py
[2024-08-23T12:16:32.753+0000] {logging_mixin.py:190} INFO - [2024-08-23T12:16:32.752+0000] {dag.py:3211} INFO - Sync 1 DAGs
[2024-08-23T12:16:32.785+0000] {logging_mixin.py:190} INFO - [2024-08-23T12:16:32.785+0000] {dag.py:4138} INFO - Setting next_dagrun for example_xcom to 2021-01-01 00:00:00+00:00, run_after=2021-01-01 00:00:00+00:00
[2024-08-23T12:16:32.804+0000] {processor.py:208} INFO - Processing /home/airflow/.local/lib/python3.12/site-packages/airflow/example_dags/example_xcom.py took 0.140 seconds
