[2024-08-23T12:03:15.870+0000] {processor.py:186} INFO - Started process (PID=110) to work on /home/airflow/.local/lib/python3.12/site-packages/airflow/example_dags/tutorial.py
[2024-08-23T12:03:15.871+0000] {processor.py:914} INFO - Processing file /home/airflow/.local/lib/python3.12/site-packages/airflow/example_dags/tutorial.py for tasks to queue
[2024-08-23T12:03:15.874+0000] {logging_mixin.py:190} INFO - [2024-08-23T12:03:15.874+0000] {dagbag.py:587} INFO - Filling up the DagBag from /home/airflow/.local/lib/python3.12/site-packages/airflow/example_dags/tutorial.py
[2024-08-23T12:03:15.881+0000] {processor.py:925} INFO - DAG(s) 'tutorial' retrieved from /home/airflow/.local/lib/python3.12/site-packages/airflow/example_dags/tutorial.py
[2024-08-23T12:03:15.980+0000] {logging_mixin.py:190} INFO - [2024-08-23T12:03:15.979+0000] {override.py:1858} INFO - Created Permission View: can read on DAG:tutorial
[2024-08-23T12:03:15.999+0000] {logging_mixin.py:190} INFO - [2024-08-23T12:03:15.999+0000] {override.py:1858} INFO - Created Permission View: can delete on DAG:tutorial
[2024-08-23T12:03:16.006+0000] {logging_mixin.py:190} INFO - [2024-08-23T12:03:16.006+0000] {override.py:1858} INFO - Created Permission View: can edit on DAG:tutorial
[2024-08-23T12:03:16.007+0000] {logging_mixin.py:190} INFO - [2024-08-23T12:03:16.007+0000] {dag.py:3211} INFO - Sync 1 DAGs
[2024-08-23T12:03:16.014+0000] {logging_mixin.py:190} INFO - [2024-08-23T12:03:16.014+0000] {dag.py:3234} INFO - Creating ORM DAG for tutorial
[2024-08-23T12:03:16.022+0000] {logging_mixin.py:190} INFO - [2024-08-23T12:03:16.021+0000] {dag.py:4138} INFO - Setting next_dagrun for tutorial to 2024-08-22 00:00:00+00:00, run_after=2024-08-23 00:00:00+00:00
[2024-08-23T12:03:16.041+0000] {processor.py:208} INFO - Processing /home/airflow/.local/lib/python3.12/site-packages/airflow/example_dags/tutorial.py took 0.256 seconds
[2024-08-23T12:03:47.327+0000] {processor.py:186} INFO - Started process (PID=172) to work on /home/airflow/.local/lib/python3.12/site-packages/airflow/example_dags/tutorial.py
[2024-08-23T12:03:47.329+0000] {processor.py:914} INFO - Processing file /home/airflow/.local/lib/python3.12/site-packages/airflow/example_dags/tutorial.py for tasks to queue
[2024-08-23T12:03:47.333+0000] {logging_mixin.py:190} INFO - [2024-08-23T12:03:47.332+0000] {dagbag.py:587} INFO - Filling up the DagBag from /home/airflow/.local/lib/python3.12/site-packages/airflow/example_dags/tutorial.py
[2024-08-23T12:03:47.349+0000] {processor.py:925} INFO - DAG(s) 'tutorial' retrieved from /home/airflow/.local/lib/python3.12/site-packages/airflow/example_dags/tutorial.py
[2024-08-23T12:03:47.784+0000] {logging_mixin.py:190} INFO - [2024-08-23T12:03:47.776+0000] {dag.py:3211} INFO - Sync 1 DAGs
[2024-08-23T12:03:48.083+0000] {logging_mixin.py:190} INFO - [2024-08-23T12:03:48.082+0000] {dag.py:4138} INFO - Setting next_dagrun for tutorial to 2024-08-22 00:00:00+00:00, run_after=2024-08-23 00:00:00+00:00
[2024-08-23T12:03:48.164+0000] {processor.py:208} INFO - Processing /home/airflow/.local/lib/python3.12/site-packages/airflow/example_dags/tutorial.py took 0.860 seconds
[2024-08-23T12:04:19.530+0000] {processor.py:186} INFO - Started process (PID=234) to work on /home/airflow/.local/lib/python3.12/site-packages/airflow/example_dags/tutorial.py
[2024-08-23T12:04:19.903+0000] {processor.py:914} INFO - Processing file /home/airflow/.local/lib/python3.12/site-packages/airflow/example_dags/tutorial.py for tasks to queue
[2024-08-23T12:04:20.001+0000] {logging_mixin.py:190} INFO - [2024-08-23T12:04:19.996+0000] {dagbag.py:587} INFO - Filling up the DagBag from /home/airflow/.local/lib/python3.12/site-packages/airflow/example_dags/tutorial.py
[2024-08-23T12:04:20.156+0000] {processor.py:925} INFO - DAG(s) 'tutorial' retrieved from /home/airflow/.local/lib/python3.12/site-packages/airflow/example_dags/tutorial.py
[2024-08-23T12:04:20.384+0000] {logging_mixin.py:190} INFO - [2024-08-23T12:04:20.384+0000] {dag.py:3211} INFO - Sync 1 DAGs
[2024-08-23T12:04:21.031+0000] {logging_mixin.py:190} INFO - [2024-08-23T12:04:21.029+0000] {dag.py:4138} INFO - Setting next_dagrun for tutorial to 2024-08-22 00:00:00+00:00, run_after=2024-08-23 00:00:00+00:00
[2024-08-23T12:04:22.038+0000] {processor.py:208} INFO - Processing /home/airflow/.local/lib/python3.12/site-packages/airflow/example_dags/tutorial.py took 2.550 seconds
[2024-08-23T12:05:06.447+0000] {processor.py:186} INFO - Started process (PID=301) to work on /home/airflow/.local/lib/python3.12/site-packages/airflow/example_dags/tutorial.py
[2024-08-23T12:05:06.456+0000] {processor.py:914} INFO - Processing file /home/airflow/.local/lib/python3.12/site-packages/airflow/example_dags/tutorial.py for tasks to queue
[2024-08-23T12:05:06.460+0000] {logging_mixin.py:190} INFO - [2024-08-23T12:05:06.460+0000] {dagbag.py:587} INFO - Filling up the DagBag from /home/airflow/.local/lib/python3.12/site-packages/airflow/example_dags/tutorial.py
[2024-08-23T12:05:06.472+0000] {processor.py:925} INFO - DAG(s) 'tutorial' retrieved from /home/airflow/.local/lib/python3.12/site-packages/airflow/example_dags/tutorial.py
[2024-08-23T12:05:06.505+0000] {logging_mixin.py:190} INFO - [2024-08-23T12:05:06.505+0000] {dag.py:3211} INFO - Sync 1 DAGs
[2024-08-23T12:05:06.594+0000] {logging_mixin.py:190} INFO - [2024-08-23T12:05:06.592+0000] {dag.py:4138} INFO - Setting next_dagrun for tutorial to 2024-08-22 00:00:00+00:00, run_after=2024-08-23 00:00:00+00:00
[2024-08-23T12:05:06.761+0000] {processor.py:208} INFO - Processing /home/airflow/.local/lib/python3.12/site-packages/airflow/example_dags/tutorial.py took 0.323 seconds
[2024-08-23T12:05:37.055+0000] {processor.py:186} INFO - Started process (PID=363) to work on /home/airflow/.local/lib/python3.12/site-packages/airflow/example_dags/tutorial.py
[2024-08-23T12:05:37.056+0000] {processor.py:914} INFO - Processing file /home/airflow/.local/lib/python3.12/site-packages/airflow/example_dags/tutorial.py for tasks to queue
[2024-08-23T12:05:37.058+0000] {logging_mixin.py:190} INFO - [2024-08-23T12:05:37.058+0000] {dagbag.py:587} INFO - Filling up the DagBag from /home/airflow/.local/lib/python3.12/site-packages/airflow/example_dags/tutorial.py
[2024-08-23T12:05:37.067+0000] {processor.py:925} INFO - DAG(s) 'tutorial' retrieved from /home/airflow/.local/lib/python3.12/site-packages/airflow/example_dags/tutorial.py
[2024-08-23T12:05:37.107+0000] {logging_mixin.py:190} INFO - [2024-08-23T12:05:37.107+0000] {dag.py:3211} INFO - Sync 1 DAGs
[2024-08-23T12:05:37.141+0000] {logging_mixin.py:190} INFO - [2024-08-23T12:05:37.141+0000] {dag.py:4138} INFO - Setting next_dagrun for tutorial to 2024-08-22 00:00:00+00:00, run_after=2024-08-23 00:00:00+00:00
[2024-08-23T12:05:37.192+0000] {processor.py:208} INFO - Processing /home/airflow/.local/lib/python3.12/site-packages/airflow/example_dags/tutorial.py took 0.141 seconds
[2024-08-23T12:06:07.385+0000] {processor.py:186} INFO - Started process (PID=425) to work on /home/airflow/.local/lib/python3.12/site-packages/airflow/example_dags/tutorial.py
[2024-08-23T12:06:07.388+0000] {processor.py:914} INFO - Processing file /home/airflow/.local/lib/python3.12/site-packages/airflow/example_dags/tutorial.py for tasks to queue
[2024-08-23T12:06:07.390+0000] {logging_mixin.py:190} INFO - [2024-08-23T12:06:07.390+0000] {dagbag.py:587} INFO - Filling up the DagBag from /home/airflow/.local/lib/python3.12/site-packages/airflow/example_dags/tutorial.py
[2024-08-23T12:06:07.397+0000] {processor.py:925} INFO - DAG(s) 'tutorial' retrieved from /home/airflow/.local/lib/python3.12/site-packages/airflow/example_dags/tutorial.py
[2024-08-23T12:06:07.415+0000] {logging_mixin.py:190} INFO - [2024-08-23T12:06:07.414+0000] {dag.py:3211} INFO - Sync 1 DAGs
[2024-08-23T12:06:07.444+0000] {logging_mixin.py:190} INFO - [2024-08-23T12:06:07.443+0000] {dag.py:4138} INFO - Setting next_dagrun for tutorial to 2024-08-22 00:00:00+00:00, run_after=2024-08-23 00:00:00+00:00
[2024-08-23T12:06:07.468+0000] {processor.py:208} INFO - Processing /home/airflow/.local/lib/python3.12/site-packages/airflow/example_dags/tutorial.py took 0.090 seconds
[2024-08-23T12:06:38.061+0000] {processor.py:186} INFO - Started process (PID=487) to work on /home/airflow/.local/lib/python3.12/site-packages/airflow/example_dags/tutorial.py
[2024-08-23T12:06:38.062+0000] {processor.py:914} INFO - Processing file /home/airflow/.local/lib/python3.12/site-packages/airflow/example_dags/tutorial.py for tasks to queue
[2024-08-23T12:06:38.063+0000] {logging_mixin.py:190} INFO - [2024-08-23T12:06:38.063+0000] {dagbag.py:587} INFO - Filling up the DagBag from /home/airflow/.local/lib/python3.12/site-packages/airflow/example_dags/tutorial.py
[2024-08-23T12:06:38.067+0000] {processor.py:925} INFO - DAG(s) 'tutorial' retrieved from /home/airflow/.local/lib/python3.12/site-packages/airflow/example_dags/tutorial.py
[2024-08-23T12:06:38.088+0000] {logging_mixin.py:190} INFO - [2024-08-23T12:06:38.087+0000] {dag.py:3211} INFO - Sync 1 DAGs
[2024-08-23T12:06:38.113+0000] {logging_mixin.py:190} INFO - [2024-08-23T12:06:38.113+0000] {dag.py:4138} INFO - Setting next_dagrun for tutorial to 2024-08-22 00:00:00+00:00, run_after=2024-08-23 00:00:00+00:00
[2024-08-23T12:06:38.130+0000] {processor.py:208} INFO - Processing /home/airflow/.local/lib/python3.12/site-packages/airflow/example_dags/tutorial.py took 0.072 seconds
[2024-08-23T12:07:08.619+0000] {processor.py:186} INFO - Started process (PID=548) to work on /home/airflow/.local/lib/python3.12/site-packages/airflow/example_dags/tutorial.py
[2024-08-23T12:07:08.621+0000] {processor.py:914} INFO - Processing file /home/airflow/.local/lib/python3.12/site-packages/airflow/example_dags/tutorial.py for tasks to queue
[2024-08-23T12:07:08.623+0000] {logging_mixin.py:190} INFO - [2024-08-23T12:07:08.623+0000] {dagbag.py:587} INFO - Filling up the DagBag from /home/airflow/.local/lib/python3.12/site-packages/airflow/example_dags/tutorial.py
[2024-08-23T12:07:08.629+0000] {processor.py:925} INFO - DAG(s) 'tutorial' retrieved from /home/airflow/.local/lib/python3.12/site-packages/airflow/example_dags/tutorial.py
[2024-08-23T12:07:08.653+0000] {logging_mixin.py:190} INFO - [2024-08-23T12:07:08.653+0000] {dag.py:3211} INFO - Sync 1 DAGs
[2024-08-23T12:07:08.676+0000] {logging_mixin.py:190} INFO - [2024-08-23T12:07:08.676+0000] {dag.py:4138} INFO - Setting next_dagrun for tutorial to 2024-08-22 00:00:00+00:00, run_after=2024-08-23 00:00:00+00:00
[2024-08-23T12:07:08.698+0000] {processor.py:208} INFO - Processing /home/airflow/.local/lib/python3.12/site-packages/airflow/example_dags/tutorial.py took 0.087 seconds
[2024-08-23T12:07:38.937+0000] {processor.py:186} INFO - Started process (PID=610) to work on /home/airflow/.local/lib/python3.12/site-packages/airflow/example_dags/tutorial.py
[2024-08-23T12:07:38.937+0000] {processor.py:914} INFO - Processing file /home/airflow/.local/lib/python3.12/site-packages/airflow/example_dags/tutorial.py for tasks to queue
[2024-08-23T12:07:38.939+0000] {logging_mixin.py:190} INFO - [2024-08-23T12:07:38.938+0000] {dagbag.py:587} INFO - Filling up the DagBag from /home/airflow/.local/lib/python3.12/site-packages/airflow/example_dags/tutorial.py
[2024-08-23T12:07:38.944+0000] {processor.py:925} INFO - DAG(s) 'tutorial' retrieved from /home/airflow/.local/lib/python3.12/site-packages/airflow/example_dags/tutorial.py
[2024-08-23T12:07:38.954+0000] {logging_mixin.py:190} INFO - [2024-08-23T12:07:38.954+0000] {dag.py:3211} INFO - Sync 1 DAGs
[2024-08-23T12:07:38.980+0000] {logging_mixin.py:190} INFO - [2024-08-23T12:07:38.980+0000] {dag.py:4138} INFO - Setting next_dagrun for tutorial to 2024-08-22 00:00:00+00:00, run_after=2024-08-23 00:00:00+00:00
[2024-08-23T12:07:38.989+0000] {processor.py:208} INFO - Processing /home/airflow/.local/lib/python3.12/site-packages/airflow/example_dags/tutorial.py took 0.059 seconds
[2024-08-23T12:08:09.945+0000] {processor.py:186} INFO - Started process (PID=672) to work on /home/airflow/.local/lib/python3.12/site-packages/airflow/example_dags/tutorial.py
[2024-08-23T12:08:09.946+0000] {processor.py:914} INFO - Processing file /home/airflow/.local/lib/python3.12/site-packages/airflow/example_dags/tutorial.py for tasks to queue
[2024-08-23T12:08:09.947+0000] {logging_mixin.py:190} INFO - [2024-08-23T12:08:09.947+0000] {dagbag.py:587} INFO - Filling up the DagBag from /home/airflow/.local/lib/python3.12/site-packages/airflow/example_dags/tutorial.py
[2024-08-23T12:08:09.953+0000] {processor.py:925} INFO - DAG(s) 'tutorial' retrieved from /home/airflow/.local/lib/python3.12/site-packages/airflow/example_dags/tutorial.py
[2024-08-23T12:08:09.971+0000] {logging_mixin.py:190} INFO - [2024-08-23T12:08:09.971+0000] {dag.py:3211} INFO - Sync 1 DAGs
[2024-08-23T12:08:09.989+0000] {logging_mixin.py:190} INFO - [2024-08-23T12:08:09.989+0000] {dag.py:4138} INFO - Setting next_dagrun for tutorial to 2024-08-22 00:00:00+00:00, run_after=2024-08-23 00:00:00+00:00
[2024-08-23T12:08:10.000+0000] {processor.py:208} INFO - Processing /home/airflow/.local/lib/python3.12/site-packages/airflow/example_dags/tutorial.py took 0.058 seconds
[2024-08-23T12:08:41.049+0000] {processor.py:186} INFO - Started process (PID=734) to work on /home/airflow/.local/lib/python3.12/site-packages/airflow/example_dags/tutorial.py
[2024-08-23T12:08:41.051+0000] {processor.py:914} INFO - Processing file /home/airflow/.local/lib/python3.12/site-packages/airflow/example_dags/tutorial.py for tasks to queue
[2024-08-23T12:08:41.052+0000] {logging_mixin.py:190} INFO - [2024-08-23T12:08:41.052+0000] {dagbag.py:587} INFO - Filling up the DagBag from /home/airflow/.local/lib/python3.12/site-packages/airflow/example_dags/tutorial.py
[2024-08-23T12:08:41.057+0000] {processor.py:925} INFO - DAG(s) 'tutorial' retrieved from /home/airflow/.local/lib/python3.12/site-packages/airflow/example_dags/tutorial.py
[2024-08-23T12:08:41.072+0000] {logging_mixin.py:190} INFO - [2024-08-23T12:08:41.072+0000] {dag.py:3211} INFO - Sync 1 DAGs
[2024-08-23T12:08:41.083+0000] {logging_mixin.py:190} INFO - [2024-08-23T12:08:41.083+0000] {dag.py:4138} INFO - Setting next_dagrun for tutorial to 2024-08-22 00:00:00+00:00, run_after=2024-08-23 00:00:00+00:00
[2024-08-23T12:08:41.092+0000] {processor.py:208} INFO - Processing /home/airflow/.local/lib/python3.12/site-packages/airflow/example_dags/tutorial.py took 0.055 seconds
[2024-08-23T12:09:11.204+0000] {processor.py:186} INFO - Started process (PID=796) to work on /home/airflow/.local/lib/python3.12/site-packages/airflow/example_dags/tutorial.py
[2024-08-23T12:09:11.208+0000] {processor.py:914} INFO - Processing file /home/airflow/.local/lib/python3.12/site-packages/airflow/example_dags/tutorial.py for tasks to queue
[2024-08-23T12:09:11.210+0000] {logging_mixin.py:190} INFO - [2024-08-23T12:09:11.210+0000] {dagbag.py:587} INFO - Filling up the DagBag from /home/airflow/.local/lib/python3.12/site-packages/airflow/example_dags/tutorial.py
[2024-08-23T12:09:11.215+0000] {processor.py:925} INFO - DAG(s) 'tutorial' retrieved from /home/airflow/.local/lib/python3.12/site-packages/airflow/example_dags/tutorial.py
[2024-08-23T12:09:11.231+0000] {logging_mixin.py:190} INFO - [2024-08-23T12:09:11.231+0000] {dag.py:3211} INFO - Sync 1 DAGs
[2024-08-23T12:09:11.248+0000] {logging_mixin.py:190} INFO - [2024-08-23T12:09:11.248+0000] {dag.py:4138} INFO - Setting next_dagrun for tutorial to 2024-08-22 00:00:00+00:00, run_after=2024-08-23 00:00:00+00:00
[2024-08-23T12:09:11.261+0000] {processor.py:208} INFO - Processing /home/airflow/.local/lib/python3.12/site-packages/airflow/example_dags/tutorial.py took 0.065 seconds
[2024-08-23T12:09:42.001+0000] {processor.py:186} INFO - Started process (PID=858) to work on /home/airflow/.local/lib/python3.12/site-packages/airflow/example_dags/tutorial.py
[2024-08-23T12:09:42.003+0000] {processor.py:914} INFO - Processing file /home/airflow/.local/lib/python3.12/site-packages/airflow/example_dags/tutorial.py for tasks to queue
[2024-08-23T12:09:42.007+0000] {logging_mixin.py:190} INFO - [2024-08-23T12:09:42.006+0000] {dagbag.py:587} INFO - Filling up the DagBag from /home/airflow/.local/lib/python3.12/site-packages/airflow/example_dags/tutorial.py
[2024-08-23T12:09:42.016+0000] {processor.py:925} INFO - DAG(s) 'tutorial' retrieved from /home/airflow/.local/lib/python3.12/site-packages/airflow/example_dags/tutorial.py
[2024-08-23T12:09:42.037+0000] {logging_mixin.py:190} INFO - [2024-08-23T12:09:42.037+0000] {dag.py:3211} INFO - Sync 1 DAGs
[2024-08-23T12:09:42.052+0000] {logging_mixin.py:190} INFO - [2024-08-23T12:09:42.052+0000] {dag.py:4138} INFO - Setting next_dagrun for tutorial to 2024-08-22 00:00:00+00:00, run_after=2024-08-23 00:00:00+00:00
[2024-08-23T12:09:42.064+0000] {processor.py:208} INFO - Processing /home/airflow/.local/lib/python3.12/site-packages/airflow/example_dags/tutorial.py took 0.073 seconds
[2024-08-23T12:10:12.150+0000] {processor.py:186} INFO - Started process (PID=920) to work on /home/airflow/.local/lib/python3.12/site-packages/airflow/example_dags/tutorial.py
[2024-08-23T12:10:12.151+0000] {processor.py:914} INFO - Processing file /home/airflow/.local/lib/python3.12/site-packages/airflow/example_dags/tutorial.py for tasks to queue
[2024-08-23T12:10:12.152+0000] {logging_mixin.py:190} INFO - [2024-08-23T12:10:12.152+0000] {dagbag.py:587} INFO - Filling up the DagBag from /home/airflow/.local/lib/python3.12/site-packages/airflow/example_dags/tutorial.py
[2024-08-23T12:10:12.156+0000] {processor.py:925} INFO - DAG(s) 'tutorial' retrieved from /home/airflow/.local/lib/python3.12/site-packages/airflow/example_dags/tutorial.py
[2024-08-23T12:10:12.171+0000] {logging_mixin.py:190} INFO - [2024-08-23T12:10:12.171+0000] {dag.py:3211} INFO - Sync 1 DAGs
[2024-08-23T12:10:12.184+0000] {logging_mixin.py:190} INFO - [2024-08-23T12:10:12.184+0000] {dag.py:4138} INFO - Setting next_dagrun for tutorial to 2024-08-22 00:00:00+00:00, run_after=2024-08-23 00:00:00+00:00
[2024-08-23T12:10:12.192+0000] {processor.py:208} INFO - Processing /home/airflow/.local/lib/python3.12/site-packages/airflow/example_dags/tutorial.py took 0.047 seconds
[2024-08-23T12:10:43.115+0000] {processor.py:186} INFO - Started process (PID=982) to work on /home/airflow/.local/lib/python3.12/site-packages/airflow/example_dags/tutorial.py
[2024-08-23T12:10:43.119+0000] {processor.py:914} INFO - Processing file /home/airflow/.local/lib/python3.12/site-packages/airflow/example_dags/tutorial.py for tasks to queue
[2024-08-23T12:10:43.121+0000] {logging_mixin.py:190} INFO - [2024-08-23T12:10:43.121+0000] {dagbag.py:587} INFO - Filling up the DagBag from /home/airflow/.local/lib/python3.12/site-packages/airflow/example_dags/tutorial.py
[2024-08-23T12:10:43.126+0000] {processor.py:925} INFO - DAG(s) 'tutorial' retrieved from /home/airflow/.local/lib/python3.12/site-packages/airflow/example_dags/tutorial.py
[2024-08-23T12:10:43.140+0000] {logging_mixin.py:190} INFO - [2024-08-23T12:10:43.140+0000] {dag.py:3211} INFO - Sync 1 DAGs
[2024-08-23T12:10:43.158+0000] {logging_mixin.py:190} INFO - [2024-08-23T12:10:43.158+0000] {dag.py:4138} INFO - Setting next_dagrun for tutorial to 2024-08-22 00:00:00+00:00, run_after=2024-08-23 00:00:00+00:00
[2024-08-23T12:10:43.170+0000] {processor.py:208} INFO - Processing /home/airflow/.local/lib/python3.12/site-packages/airflow/example_dags/tutorial.py took 0.059 seconds
[2024-08-23T12:11:13.758+0000] {processor.py:186} INFO - Started process (PID=1044) to work on /home/airflow/.local/lib/python3.12/site-packages/airflow/example_dags/tutorial.py
[2024-08-23T12:11:13.759+0000] {processor.py:914} INFO - Processing file /home/airflow/.local/lib/python3.12/site-packages/airflow/example_dags/tutorial.py for tasks to queue
[2024-08-23T12:11:13.764+0000] {logging_mixin.py:190} INFO - [2024-08-23T12:11:13.763+0000] {dagbag.py:587} INFO - Filling up the DagBag from /home/airflow/.local/lib/python3.12/site-packages/airflow/example_dags/tutorial.py
[2024-08-23T12:11:13.772+0000] {processor.py:925} INFO - DAG(s) 'tutorial' retrieved from /home/airflow/.local/lib/python3.12/site-packages/airflow/example_dags/tutorial.py
[2024-08-23T12:11:13.799+0000] {logging_mixin.py:190} INFO - [2024-08-23T12:11:13.798+0000] {dag.py:3211} INFO - Sync 1 DAGs
[2024-08-23T12:11:13.829+0000] {logging_mixin.py:190} INFO - [2024-08-23T12:11:13.828+0000] {dag.py:4138} INFO - Setting next_dagrun for tutorial to 2024-08-22 00:00:00+00:00, run_after=2024-08-23 00:00:00+00:00
[2024-08-23T12:11:13.838+0000] {processor.py:208} INFO - Processing /home/airflow/.local/lib/python3.12/site-packages/airflow/example_dags/tutorial.py took 0.087 seconds
[2024-08-23T12:11:43.938+0000] {processor.py:186} INFO - Started process (PID=1106) to work on /home/airflow/.local/lib/python3.12/site-packages/airflow/example_dags/tutorial.py
[2024-08-23T12:11:43.939+0000] {processor.py:914} INFO - Processing file /home/airflow/.local/lib/python3.12/site-packages/airflow/example_dags/tutorial.py for tasks to queue
[2024-08-23T12:11:43.940+0000] {logging_mixin.py:190} INFO - [2024-08-23T12:11:43.940+0000] {dagbag.py:587} INFO - Filling up the DagBag from /home/airflow/.local/lib/python3.12/site-packages/airflow/example_dags/tutorial.py
[2024-08-23T12:11:43.943+0000] {processor.py:925} INFO - DAG(s) 'tutorial' retrieved from /home/airflow/.local/lib/python3.12/site-packages/airflow/example_dags/tutorial.py
[2024-08-23T12:11:43.952+0000] {logging_mixin.py:190} INFO - [2024-08-23T12:11:43.952+0000] {dag.py:3211} INFO - Sync 1 DAGs
[2024-08-23T12:11:43.961+0000] {logging_mixin.py:190} INFO - [2024-08-23T12:11:43.961+0000] {dag.py:4138} INFO - Setting next_dagrun for tutorial to 2024-08-22 00:00:00+00:00, run_after=2024-08-23 00:00:00+00:00
[2024-08-23T12:11:43.968+0000] {processor.py:208} INFO - Processing /home/airflow/.local/lib/python3.12/site-packages/airflow/example_dags/tutorial.py took 0.033 seconds
[2024-08-23T12:12:15.066+0000] {processor.py:186} INFO - Started process (PID=1168) to work on /home/airflow/.local/lib/python3.12/site-packages/airflow/example_dags/tutorial.py
[2024-08-23T12:12:15.068+0000] {processor.py:914} INFO - Processing file /home/airflow/.local/lib/python3.12/site-packages/airflow/example_dags/tutorial.py for tasks to queue
[2024-08-23T12:12:15.069+0000] {logging_mixin.py:190} INFO - [2024-08-23T12:12:15.069+0000] {dagbag.py:587} INFO - Filling up the DagBag from /home/airflow/.local/lib/python3.12/site-packages/airflow/example_dags/tutorial.py
[2024-08-23T12:12:15.073+0000] {processor.py:925} INFO - DAG(s) 'tutorial' retrieved from /home/airflow/.local/lib/python3.12/site-packages/airflow/example_dags/tutorial.py
[2024-08-23T12:12:15.085+0000] {logging_mixin.py:190} INFO - [2024-08-23T12:12:15.085+0000] {dag.py:3211} INFO - Sync 1 DAGs
[2024-08-23T12:12:15.098+0000] {logging_mixin.py:190} INFO - [2024-08-23T12:12:15.098+0000] {dag.py:4138} INFO - Setting next_dagrun for tutorial to 2024-08-22 00:00:00+00:00, run_after=2024-08-23 00:00:00+00:00
[2024-08-23T12:12:15.115+0000] {processor.py:208} INFO - Processing /home/airflow/.local/lib/python3.12/site-packages/airflow/example_dags/tutorial.py took 0.053 seconds
[2024-08-23T12:12:45.689+0000] {processor.py:186} INFO - Started process (PID=1230) to work on /home/airflow/.local/lib/python3.12/site-packages/airflow/example_dags/tutorial.py
[2024-08-23T12:12:45.690+0000] {processor.py:914} INFO - Processing file /home/airflow/.local/lib/python3.12/site-packages/airflow/example_dags/tutorial.py for tasks to queue
[2024-08-23T12:12:45.691+0000] {logging_mixin.py:190} INFO - [2024-08-23T12:12:45.691+0000] {dagbag.py:587} INFO - Filling up the DagBag from /home/airflow/.local/lib/python3.12/site-packages/airflow/example_dags/tutorial.py
[2024-08-23T12:12:45.695+0000] {processor.py:925} INFO - DAG(s) 'tutorial' retrieved from /home/airflow/.local/lib/python3.12/site-packages/airflow/example_dags/tutorial.py
[2024-08-23T12:12:45.704+0000] {logging_mixin.py:190} INFO - [2024-08-23T12:12:45.704+0000] {dag.py:3211} INFO - Sync 1 DAGs
[2024-08-23T12:12:45.715+0000] {logging_mixin.py:190} INFO - [2024-08-23T12:12:45.715+0000] {dag.py:4138} INFO - Setting next_dagrun for tutorial to 2024-08-22 00:00:00+00:00, run_after=2024-08-23 00:00:00+00:00
[2024-08-23T12:12:45.733+0000] {processor.py:208} INFO - Processing /home/airflow/.local/lib/python3.12/site-packages/airflow/example_dags/tutorial.py took 0.049 seconds
[2024-08-23T12:13:15.999+0000] {processor.py:186} INFO - Started process (PID=1292) to work on /home/airflow/.local/lib/python3.12/site-packages/airflow/example_dags/tutorial.py
[2024-08-23T12:13:16.000+0000] {processor.py:914} INFO - Processing file /home/airflow/.local/lib/python3.12/site-packages/airflow/example_dags/tutorial.py for tasks to queue
[2024-08-23T12:13:16.001+0000] {logging_mixin.py:190} INFO - [2024-08-23T12:13:16.001+0000] {dagbag.py:587} INFO - Filling up the DagBag from /home/airflow/.local/lib/python3.12/site-packages/airflow/example_dags/tutorial.py
[2024-08-23T12:13:16.006+0000] {processor.py:925} INFO - DAG(s) 'tutorial' retrieved from /home/airflow/.local/lib/python3.12/site-packages/airflow/example_dags/tutorial.py
[2024-08-23T12:13:16.016+0000] {logging_mixin.py:190} INFO - [2024-08-23T12:13:16.016+0000] {dag.py:3211} INFO - Sync 1 DAGs
[2024-08-23T12:13:16.026+0000] {logging_mixin.py:190} INFO - [2024-08-23T12:13:16.026+0000] {dag.py:4138} INFO - Setting next_dagrun for tutorial to 2024-08-22 00:00:00+00:00, run_after=2024-08-23 00:00:00+00:00
[2024-08-23T12:13:16.040+0000] {processor.py:208} INFO - Processing /home/airflow/.local/lib/python3.12/site-packages/airflow/example_dags/tutorial.py took 0.044 seconds
[2024-08-23T12:13:46.796+0000] {processor.py:186} INFO - Started process (PID=1354) to work on /home/airflow/.local/lib/python3.12/site-packages/airflow/example_dags/tutorial.py
[2024-08-23T12:13:46.798+0000] {processor.py:914} INFO - Processing file /home/airflow/.local/lib/python3.12/site-packages/airflow/example_dags/tutorial.py for tasks to queue
[2024-08-23T12:13:46.802+0000] {logging_mixin.py:190} INFO - [2024-08-23T12:13:46.799+0000] {dagbag.py:587} INFO - Filling up the DagBag from /home/airflow/.local/lib/python3.12/site-packages/airflow/example_dags/tutorial.py
[2024-08-23T12:13:46.810+0000] {processor.py:925} INFO - DAG(s) 'tutorial' retrieved from /home/airflow/.local/lib/python3.12/site-packages/airflow/example_dags/tutorial.py
[2024-08-23T12:13:46.833+0000] {logging_mixin.py:190} INFO - [2024-08-23T12:13:46.833+0000] {dag.py:3211} INFO - Sync 1 DAGs
[2024-08-23T12:13:46.853+0000] {logging_mixin.py:190} INFO - [2024-08-23T12:13:46.853+0000] {dag.py:4138} INFO - Setting next_dagrun for tutorial to 2024-08-22 00:00:00+00:00, run_after=2024-08-23 00:00:00+00:00
[2024-08-23T12:13:46.862+0000] {processor.py:208} INFO - Processing /home/airflow/.local/lib/python3.12/site-packages/airflow/example_dags/tutorial.py took 0.069 seconds
[2024-08-23T12:14:17.680+0000] {processor.py:186} INFO - Started process (PID=1416) to work on /home/airflow/.local/lib/python3.12/site-packages/airflow/example_dags/tutorial.py
[2024-08-23T12:14:17.683+0000] {processor.py:914} INFO - Processing file /home/airflow/.local/lib/python3.12/site-packages/airflow/example_dags/tutorial.py for tasks to queue
[2024-08-23T12:14:17.685+0000] {logging_mixin.py:190} INFO - [2024-08-23T12:14:17.685+0000] {dagbag.py:587} INFO - Filling up the DagBag from /home/airflow/.local/lib/python3.12/site-packages/airflow/example_dags/tutorial.py
[2024-08-23T12:14:17.689+0000] {processor.py:925} INFO - DAG(s) 'tutorial' retrieved from /home/airflow/.local/lib/python3.12/site-packages/airflow/example_dags/tutorial.py
[2024-08-23T12:14:17.702+0000] {logging_mixin.py:190} INFO - [2024-08-23T12:14:17.702+0000] {dag.py:3211} INFO - Sync 1 DAGs
[2024-08-23T12:14:17.711+0000] {logging_mixin.py:190} INFO - [2024-08-23T12:14:17.711+0000] {dag.py:4138} INFO - Setting next_dagrun for tutorial to 2024-08-22 00:00:00+00:00, run_after=2024-08-23 00:00:00+00:00
[2024-08-23T12:14:17.721+0000] {processor.py:208} INFO - Processing /home/airflow/.local/lib/python3.12/site-packages/airflow/example_dags/tutorial.py took 0.044 seconds
[2024-08-23T12:14:48.207+0000] {processor.py:186} INFO - Started process (PID=1478) to work on /home/airflow/.local/lib/python3.12/site-packages/airflow/example_dags/tutorial.py
[2024-08-23T12:14:48.208+0000] {processor.py:914} INFO - Processing file /home/airflow/.local/lib/python3.12/site-packages/airflow/example_dags/tutorial.py for tasks to queue
[2024-08-23T12:14:48.210+0000] {logging_mixin.py:190} INFO - [2024-08-23T12:14:48.210+0000] {dagbag.py:587} INFO - Filling up the DagBag from /home/airflow/.local/lib/python3.12/site-packages/airflow/example_dags/tutorial.py
[2024-08-23T12:14:48.220+0000] {processor.py:925} INFO - DAG(s) 'tutorial' retrieved from /home/airflow/.local/lib/python3.12/site-packages/airflow/example_dags/tutorial.py
[2024-08-23T12:14:48.237+0000] {logging_mixin.py:190} INFO - [2024-08-23T12:14:48.237+0000] {dag.py:3211} INFO - Sync 1 DAGs
[2024-08-23T12:14:48.250+0000] {logging_mixin.py:190} INFO - [2024-08-23T12:14:48.250+0000] {dag.py:4138} INFO - Setting next_dagrun for tutorial to 2024-08-22 00:00:00+00:00, run_after=2024-08-23 00:00:00+00:00
[2024-08-23T12:14:48.260+0000] {processor.py:208} INFO - Processing /home/airflow/.local/lib/python3.12/site-packages/airflow/example_dags/tutorial.py took 0.057 seconds
[2024-08-23T12:15:18.504+0000] {processor.py:186} INFO - Started process (PID=1540) to work on /home/airflow/.local/lib/python3.12/site-packages/airflow/example_dags/tutorial.py
[2024-08-23T12:15:18.507+0000] {processor.py:914} INFO - Processing file /home/airflow/.local/lib/python3.12/site-packages/airflow/example_dags/tutorial.py for tasks to queue
[2024-08-23T12:15:18.509+0000] {logging_mixin.py:190} INFO - [2024-08-23T12:15:18.509+0000] {dagbag.py:587} INFO - Filling up the DagBag from /home/airflow/.local/lib/python3.12/site-packages/airflow/example_dags/tutorial.py
[2024-08-23T12:15:18.515+0000] {processor.py:925} INFO - DAG(s) 'tutorial' retrieved from /home/airflow/.local/lib/python3.12/site-packages/airflow/example_dags/tutorial.py
[2024-08-23T12:15:18.528+0000] {logging_mixin.py:190} INFO - [2024-08-23T12:15:18.527+0000] {dag.py:3211} INFO - Sync 1 DAGs
[2024-08-23T12:15:18.540+0000] {logging_mixin.py:190} INFO - [2024-08-23T12:15:18.540+0000] {dag.py:4138} INFO - Setting next_dagrun for tutorial to 2024-08-22 00:00:00+00:00, run_after=2024-08-23 00:00:00+00:00
[2024-08-23T12:15:18.552+0000] {processor.py:208} INFO - Processing /home/airflow/.local/lib/python3.12/site-packages/airflow/example_dags/tutorial.py took 0.052 seconds
[2024-08-23T12:15:49.640+0000] {processor.py:186} INFO - Started process (PID=1602) to work on /home/airflow/.local/lib/python3.12/site-packages/airflow/example_dags/tutorial.py
[2024-08-23T12:15:49.641+0000] {processor.py:914} INFO - Processing file /home/airflow/.local/lib/python3.12/site-packages/airflow/example_dags/tutorial.py for tasks to queue
[2024-08-23T12:15:49.643+0000] {logging_mixin.py:190} INFO - [2024-08-23T12:15:49.642+0000] {dagbag.py:587} INFO - Filling up the DagBag from /home/airflow/.local/lib/python3.12/site-packages/airflow/example_dags/tutorial.py
[2024-08-23T12:15:49.651+0000] {processor.py:925} INFO - DAG(s) 'tutorial' retrieved from /home/airflow/.local/lib/python3.12/site-packages/airflow/example_dags/tutorial.py
[2024-08-23T12:15:49.667+0000] {logging_mixin.py:190} INFO - [2024-08-23T12:15:49.667+0000] {dag.py:3211} INFO - Sync 1 DAGs
[2024-08-23T12:15:49.681+0000] {logging_mixin.py:190} INFO - [2024-08-23T12:15:49.681+0000] {dag.py:4138} INFO - Setting next_dagrun for tutorial to 2024-08-22 00:00:00+00:00, run_after=2024-08-23 00:00:00+00:00
[2024-08-23T12:15:49.691+0000] {processor.py:208} INFO - Processing /home/airflow/.local/lib/python3.12/site-packages/airflow/example_dags/tutorial.py took 0.056 seconds
[2024-08-23T12:16:19.921+0000] {processor.py:186} INFO - Started process (PID=1663) to work on /home/airflow/.local/lib/python3.12/site-packages/airflow/example_dags/tutorial.py
[2024-08-23T12:16:19.923+0000] {processor.py:914} INFO - Processing file /home/airflow/.local/lib/python3.12/site-packages/airflow/example_dags/tutorial.py for tasks to queue
[2024-08-23T12:16:19.924+0000] {logging_mixin.py:190} INFO - [2024-08-23T12:16:19.924+0000] {dagbag.py:587} INFO - Filling up the DagBag from /home/airflow/.local/lib/python3.12/site-packages/airflow/example_dags/tutorial.py
[2024-08-23T12:16:19.941+0000] {processor.py:925} INFO - DAG(s) 'tutorial' retrieved from /home/airflow/.local/lib/python3.12/site-packages/airflow/example_dags/tutorial.py
[2024-08-23T12:16:19.988+0000] {logging_mixin.py:190} INFO - [2024-08-23T12:16:19.988+0000] {dag.py:3211} INFO - Sync 1 DAGs
[2024-08-23T12:16:20.004+0000] {logging_mixin.py:190} INFO - [2024-08-23T12:16:20.004+0000] {dag.py:4138} INFO - Setting next_dagrun for tutorial to 2024-08-22 00:00:00+00:00, run_after=2024-08-23 00:00:00+00:00
[2024-08-23T12:16:20.016+0000] {processor.py:208} INFO - Processing /home/airflow/.local/lib/python3.12/site-packages/airflow/example_dags/tutorial.py took 0.099 seconds
[2024-08-23T12:16:50.506+0000] {processor.py:186} INFO - Started process (PID=1725) to work on /home/airflow/.local/lib/python3.12/site-packages/airflow/example_dags/tutorial.py
[2024-08-23T12:16:50.511+0000] {processor.py:914} INFO - Processing file /home/airflow/.local/lib/python3.12/site-packages/airflow/example_dags/tutorial.py for tasks to queue
[2024-08-23T12:16:50.513+0000] {logging_mixin.py:190} INFO - [2024-08-23T12:16:50.512+0000] {dagbag.py:587} INFO - Filling up the DagBag from /home/airflow/.local/lib/python3.12/site-packages/airflow/example_dags/tutorial.py
[2024-08-23T12:16:50.520+0000] {processor.py:925} INFO - DAG(s) 'tutorial' retrieved from /home/airflow/.local/lib/python3.12/site-packages/airflow/example_dags/tutorial.py
[2024-08-23T12:16:50.533+0000] {logging_mixin.py:190} INFO - [2024-08-23T12:16:50.533+0000] {dag.py:3211} INFO - Sync 1 DAGs
[2024-08-23T12:16:50.558+0000] {logging_mixin.py:190} INFO - [2024-08-23T12:16:50.557+0000] {dag.py:4138} INFO - Setting next_dagrun for tutorial to 2024-08-22 00:00:00+00:00, run_after=2024-08-23 00:00:00+00:00
[2024-08-23T12:16:50.582+0000] {processor.py:208} INFO - Processing /home/airflow/.local/lib/python3.12/site-packages/airflow/example_dags/tutorial.py took 0.082 seconds
