[2024-09-20T10:18:00.752+0000] {local_task_job_runner.py:123} INFO - ::group::Pre task execution logs
[2024-09-20T10:18:00.787+0000] {taskinstance.py:2603} INFO - Dependencies all met for dep_context=non-requeueable deps ti=<TaskInstance: example_python_operator.sleep_for_0 manual__2024-09-20T10:17:43.143240+00:00 [queued]>
[2024-09-20T10:18:00.812+0000] {taskinstance.py:2603} INFO - Dependencies all met for dep_context=requeueable deps ti=<TaskInstance: example_python_operator.sleep_for_0 manual__2024-09-20T10:17:43.143240+00:00 [queued]>
[2024-09-20T10:18:00.814+0000] {taskinstance.py:2856} INFO - Starting attempt 1 of 1
[2024-09-20T10:18:00.843+0000] {taskinstance.py:2879} INFO - Executing <Task(PythonOperator): sleep_for_0> on 2024-09-20 10:17:43.143240+00:00
[2024-09-20T10:18:00.875+0000] {warnings.py:112} WARNING - /home/***/.local/lib/python3.12/site-packages/***/task/task_runner/standard_task_runner.py:70: DeprecationWarning: This process (pid=150) is multi-threaded, use of fork() may lead to deadlocks in the child.
  pid = os.fork()

[2024-09-20T10:18:00.879+0000] {standard_task_runner.py:72} INFO - Started process 168 to run task
[2024-09-20T10:18:00.887+0000] {standard_task_runner.py:104} INFO - Running: ['***', 'tasks', 'run', 'example_python_operator', 'sleep_for_0', 'manual__2024-09-20T10:17:43.143240+00:00', '--job-id', '18', '--raw', '--subdir', '/home/***/.local/lib/python3.12/site-packages/***/example_dags/example_python_operator.py', '--cfg-path', '/tmp/tmp8ih08fsw']
[2024-09-20T10:18:00.889+0000] {standard_task_runner.py:105} INFO - Job 18: Subtask sleep_for_0
[2024-09-20T10:18:01.002+0000] {task_command.py:467} INFO - Running <TaskInstance: example_python_operator.sleep_for_0 manual__2024-09-20T10:17:43.143240+00:00 [running]> on host e7275b2d8499
[2024-09-20T10:18:01.122+0000] {taskinstance.py:3122} INFO - Exporting env vars: AIRFLOW_CTX_DAG_OWNER='***' AIRFLOW_CTX_DAG_ID='example_python_operator' AIRFLOW_CTX_TASK_ID='sleep_for_0' AIRFLOW_CTX_EXECUTION_DATE='2024-09-20T10:17:43.143240+00:00' AIRFLOW_CTX_TRY_NUMBER='1' AIRFLOW_CTX_DAG_RUN_ID='manual__2024-09-20T10:17:43.143240+00:00'
[2024-09-20T10:18:01.129+0000] {logging_mixin.py:190} INFO - Task instance is in running state
[2024-09-20T10:18:01.131+0000] {logging_mixin.py:190} INFO -  Previous state of the Task instance: queued
[2024-09-20T10:18:01.132+0000] {logging_mixin.py:190} INFO - Current task name:sleep_for_0 state:running start_date:2024-09-20 10:18:00.789284+00:00
[2024-09-20T10:18:01.133+0000] {logging_mixin.py:190} INFO - Dag name:example_python_operator and current dag run status:running
[2024-09-20T10:18:01.137+0000] {taskinstance.py:731} INFO - ::endgroup::
[2024-09-20T10:18:01.142+0000] {python.py:240} INFO - Done. Returned value was: None
[2024-09-20T10:18:01.190+0000] {taskinstance.py:340} INFO - ::group::Post task execution logs
[2024-09-20T10:18:01.191+0000] {taskinstance.py:352} INFO - Marking task as SUCCESS. dag_id=example_python_operator, task_id=sleep_for_0, run_id=manual__2024-09-20T10:17:43.143240+00:00, execution_date=20240920T101743, start_date=20240920T101800, end_date=20240920T101801
[2024-09-20T10:18:01.241+0000] {logging_mixin.py:190} INFO - Task instance in success state
[2024-09-20T10:18:01.242+0000] {logging_mixin.py:190} INFO -  Previous state of the Task instance: running
[2024-09-20T10:18:01.243+0000] {logging_mixin.py:190} INFO - Dag name:example_python_operator queued_at:2024-09-20 10:17:43.156099+00:00
[2024-09-20T10:18:01.244+0000] {logging_mixin.py:190} INFO - Task hostname:e7275b2d8499 operator:PythonOperator
[2024-09-20T10:18:01.276+0000] {local_task_job_runner.py:261} INFO - Task exited with return code 0
[2024-09-20T10:18:01.306+0000] {taskinstance.py:3891} INFO - 0 downstream tasks scheduled from follow-on schedule check
[2024-09-20T10:18:01.307+0000] {local_task_job_runner.py:240} INFO - ::endgroup::
