[2024-09-19T18:15:43.905+0000] {processor.py:186} INFO - Started process (PID=102) to work on /home/airflow/.local/lib/python3.12/site-packages/airflow/example_dags/example_task_group.py
[2024-09-19T18:15:43.905+0000] {processor.py:914} INFO - Processing file /home/airflow/.local/lib/python3.12/site-packages/airflow/example_dags/example_task_group.py for tasks to queue
[2024-09-19T18:15:43.906+0000] {logging_mixin.py:190} INFO - [2024-09-19T18:15:43.906+0000] {dagbag.py:587} INFO - Filling up the DagBag from /home/airflow/.local/lib/python3.12/site-packages/airflow/example_dags/example_task_group.py
[2024-09-19T18:15:43.912+0000] {processor.py:925} INFO - DAG(s) 'example_task_group' retrieved from /home/airflow/.local/lib/python3.12/site-packages/airflow/example_dags/example_task_group.py
[2024-09-19T18:15:43.924+0000] {logging_mixin.py:190} INFO - [2024-09-19T18:15:43.924+0000] {dag.py:3211} INFO - Sync 1 DAGs
[2024-09-19T18:15:43.936+0000] {logging_mixin.py:190} INFO - [2024-09-19T18:15:43.936+0000] {dag.py:4138} INFO - Setting next_dagrun for example_task_group to 2024-09-18 00:00:00+00:00, run_after=2024-09-19 00:00:00+00:00
[2024-09-19T18:15:43.946+0000] {processor.py:208} INFO - Processing /home/airflow/.local/lib/python3.12/site-packages/airflow/example_dags/example_task_group.py took 0.044 seconds
[2024-09-19T18:16:14.125+0000] {processor.py:186} INFO - Started process (PID=169) to work on /home/airflow/.local/lib/python3.12/site-packages/airflow/example_dags/example_task_group.py
[2024-09-19T18:16:14.125+0000] {processor.py:914} INFO - Processing file /home/airflow/.local/lib/python3.12/site-packages/airflow/example_dags/example_task_group.py for tasks to queue
[2024-09-19T18:16:14.126+0000] {logging_mixin.py:190} INFO - [2024-09-19T18:16:14.126+0000] {dagbag.py:587} INFO - Filling up the DagBag from /home/airflow/.local/lib/python3.12/site-packages/airflow/example_dags/example_task_group.py
[2024-09-19T18:16:14.130+0000] {processor.py:925} INFO - DAG(s) 'example_task_group' retrieved from /home/airflow/.local/lib/python3.12/site-packages/airflow/example_dags/example_task_group.py
[2024-09-19T18:16:14.144+0000] {logging_mixin.py:190} INFO - [2024-09-19T18:16:14.144+0000] {dag.py:3211} INFO - Sync 1 DAGs
[2024-09-19T18:16:14.157+0000] {logging_mixin.py:190} INFO - [2024-09-19T18:16:14.156+0000] {dag.py:4138} INFO - Setting next_dagrun for example_task_group to 2024-09-18 00:00:00+00:00, run_after=2024-09-19 00:00:00+00:00
[2024-09-19T18:16:14.170+0000] {processor.py:208} INFO - Processing /home/airflow/.local/lib/python3.12/site-packages/airflow/example_dags/example_task_group.py took 0.048 seconds
[2024-09-19T18:16:47.542+0000] {processor.py:186} INFO - Started process (PID=231) to work on /home/airflow/.local/lib/python3.12/site-packages/airflow/example_dags/example_task_group.py
[2024-09-19T18:16:47.545+0000] {processor.py:914} INFO - Processing file /home/airflow/.local/lib/python3.12/site-packages/airflow/example_dags/example_task_group.py for tasks to queue
[2024-09-19T18:16:47.548+0000] {logging_mixin.py:190} INFO - [2024-09-19T18:16:47.547+0000] {dagbag.py:587} INFO - Filling up the DagBag from /home/airflow/.local/lib/python3.12/site-packages/airflow/example_dags/example_task_group.py
[2024-09-19T18:16:47.553+0000] {processor.py:925} INFO - DAG(s) 'example_task_group' retrieved from /home/airflow/.local/lib/python3.12/site-packages/airflow/example_dags/example_task_group.py
[2024-09-19T18:16:47.570+0000] {logging_mixin.py:190} INFO - [2024-09-19T18:16:47.570+0000] {dag.py:3211} INFO - Sync 1 DAGs
[2024-09-19T18:16:47.583+0000] {logging_mixin.py:190} INFO - [2024-09-19T18:16:47.583+0000] {dag.py:4138} INFO - Setting next_dagrun for example_task_group to 2024-09-18 00:00:00+00:00, run_after=2024-09-19 00:00:00+00:00
[2024-09-19T18:16:47.604+0000] {processor.py:208} INFO - Processing /home/airflow/.local/lib/python3.12/site-packages/airflow/example_dags/example_task_group.py took 0.065 seconds
[2024-09-19T18:17:18.106+0000] {processor.py:186} INFO - Started process (PID=293) to work on /home/airflow/.local/lib/python3.12/site-packages/airflow/example_dags/example_task_group.py
[2024-09-19T18:17:18.108+0000] {processor.py:914} INFO - Processing file /home/airflow/.local/lib/python3.12/site-packages/airflow/example_dags/example_task_group.py for tasks to queue
[2024-09-19T18:17:18.111+0000] {logging_mixin.py:190} INFO - [2024-09-19T18:17:18.110+0000] {dagbag.py:587} INFO - Filling up the DagBag from /home/airflow/.local/lib/python3.12/site-packages/airflow/example_dags/example_task_group.py
[2024-09-19T18:17:18.115+0000] {processor.py:925} INFO - DAG(s) 'example_task_group' retrieved from /home/airflow/.local/lib/python3.12/site-packages/airflow/example_dags/example_task_group.py
[2024-09-19T18:17:18.134+0000] {logging_mixin.py:190} INFO - [2024-09-19T18:17:18.134+0000] {dag.py:3211} INFO - Sync 1 DAGs
[2024-09-19T18:17:18.159+0000] {logging_mixin.py:190} INFO - [2024-09-19T18:17:18.159+0000] {dag.py:4138} INFO - Setting next_dagrun for example_task_group to 2024-09-18 00:00:00+00:00, run_after=2024-09-19 00:00:00+00:00
[2024-09-19T18:17:18.169+0000] {processor.py:208} INFO - Processing /home/airflow/.local/lib/python3.12/site-packages/airflow/example_dags/example_task_group.py took 0.066 seconds
[2024-09-19T18:17:48.254+0000] {processor.py:186} INFO - Started process (PID=355) to work on /home/airflow/.local/lib/python3.12/site-packages/airflow/example_dags/example_task_group.py
[2024-09-19T18:17:48.256+0000] {processor.py:914} INFO - Processing file /home/airflow/.local/lib/python3.12/site-packages/airflow/example_dags/example_task_group.py for tasks to queue
[2024-09-19T18:17:48.259+0000] {logging_mixin.py:190} INFO - [2024-09-19T18:17:48.259+0000] {dagbag.py:587} INFO - Filling up the DagBag from /home/airflow/.local/lib/python3.12/site-packages/airflow/example_dags/example_task_group.py
[2024-09-19T18:17:48.264+0000] {processor.py:925} INFO - DAG(s) 'example_task_group' retrieved from /home/airflow/.local/lib/python3.12/site-packages/airflow/example_dags/example_task_group.py
[2024-09-19T18:17:48.276+0000] {logging_mixin.py:190} INFO - [2024-09-19T18:17:48.276+0000] {dag.py:3211} INFO - Sync 1 DAGs
[2024-09-19T18:17:48.287+0000] {logging_mixin.py:190} INFO - [2024-09-19T18:17:48.287+0000] {dag.py:4138} INFO - Setting next_dagrun for example_task_group to 2024-09-18 00:00:00+00:00, run_after=2024-09-19 00:00:00+00:00
[2024-09-19T18:17:48.303+0000] {processor.py:208} INFO - Processing /home/airflow/.local/lib/python3.12/site-packages/airflow/example_dags/example_task_group.py took 0.051 seconds
[2024-09-19T18:18:20.094+0000] {processor.py:186} INFO - Started process (PID=417) to work on /home/airflow/.local/lib/python3.12/site-packages/airflow/example_dags/example_task_group.py
[2024-09-19T18:18:20.095+0000] {processor.py:914} INFO - Processing file /home/airflow/.local/lib/python3.12/site-packages/airflow/example_dags/example_task_group.py for tasks to queue
[2024-09-19T18:18:20.096+0000] {logging_mixin.py:190} INFO - [2024-09-19T18:18:20.096+0000] {dagbag.py:587} INFO - Filling up the DagBag from /home/airflow/.local/lib/python3.12/site-packages/airflow/example_dags/example_task_group.py
[2024-09-19T18:18:20.100+0000] {processor.py:925} INFO - DAG(s) 'example_task_group' retrieved from /home/airflow/.local/lib/python3.12/site-packages/airflow/example_dags/example_task_group.py
[2024-09-19T18:18:20.112+0000] {logging_mixin.py:190} INFO - [2024-09-19T18:18:20.112+0000] {dag.py:3211} INFO - Sync 1 DAGs
[2024-09-19T18:18:20.124+0000] {logging_mixin.py:190} INFO - [2024-09-19T18:18:20.123+0000] {dag.py:4138} INFO - Setting next_dagrun for example_task_group to 2024-09-18 00:00:00+00:00, run_after=2024-09-19 00:00:00+00:00
[2024-09-19T18:18:20.132+0000] {processor.py:208} INFO - Processing /home/airflow/.local/lib/python3.12/site-packages/airflow/example_dags/example_task_group.py took 0.040 seconds
[2024-09-19T18:18:50.316+0000] {processor.py:186} INFO - Started process (PID=479) to work on /home/airflow/.local/lib/python3.12/site-packages/airflow/example_dags/example_task_group.py
[2024-09-19T18:18:50.317+0000] {processor.py:914} INFO - Processing file /home/airflow/.local/lib/python3.12/site-packages/airflow/example_dags/example_task_group.py for tasks to queue
[2024-09-19T18:18:50.318+0000] {logging_mixin.py:190} INFO - [2024-09-19T18:18:50.318+0000] {dagbag.py:587} INFO - Filling up the DagBag from /home/airflow/.local/lib/python3.12/site-packages/airflow/example_dags/example_task_group.py
[2024-09-19T18:18:50.322+0000] {processor.py:925} INFO - DAG(s) 'example_task_group' retrieved from /home/airflow/.local/lib/python3.12/site-packages/airflow/example_dags/example_task_group.py
[2024-09-19T18:18:50.339+0000] {logging_mixin.py:190} INFO - [2024-09-19T18:18:50.339+0000] {dag.py:3211} INFO - Sync 1 DAGs
[2024-09-19T18:18:50.355+0000] {logging_mixin.py:190} INFO - [2024-09-19T18:18:50.355+0000] {dag.py:4138} INFO - Setting next_dagrun for example_task_group to 2024-09-18 00:00:00+00:00, run_after=2024-09-19 00:00:00+00:00
[2024-09-19T18:18:50.367+0000] {processor.py:208} INFO - Processing /home/airflow/.local/lib/python3.12/site-packages/airflow/example_dags/example_task_group.py took 0.053 seconds
[2024-09-19T18:19:21.439+0000] {processor.py:186} INFO - Started process (PID=541) to work on /home/airflow/.local/lib/python3.12/site-packages/airflow/example_dags/example_task_group.py
[2024-09-19T18:19:21.440+0000] {processor.py:914} INFO - Processing file /home/airflow/.local/lib/python3.12/site-packages/airflow/example_dags/example_task_group.py for tasks to queue
[2024-09-19T18:19:21.446+0000] {logging_mixin.py:190} INFO - [2024-09-19T18:19:21.445+0000] {dagbag.py:587} INFO - Filling up the DagBag from /home/airflow/.local/lib/python3.12/site-packages/airflow/example_dags/example_task_group.py
[2024-09-19T18:19:21.459+0000] {processor.py:925} INFO - DAG(s) 'example_task_group' retrieved from /home/airflow/.local/lib/python3.12/site-packages/airflow/example_dags/example_task_group.py
[2024-09-19T18:19:21.476+0000] {logging_mixin.py:190} INFO - [2024-09-19T18:19:21.476+0000] {dag.py:3211} INFO - Sync 1 DAGs
[2024-09-19T18:19:21.486+0000] {logging_mixin.py:190} INFO - [2024-09-19T18:19:21.486+0000] {dag.py:4138} INFO - Setting next_dagrun for example_task_group to 2024-09-18 00:00:00+00:00, run_after=2024-09-19 00:00:00+00:00
[2024-09-19T18:19:21.493+0000] {processor.py:208} INFO - Processing /home/airflow/.local/lib/python3.12/site-packages/airflow/example_dags/example_task_group.py took 0.060 seconds
[2024-09-19T18:19:52.429+0000] {processor.py:186} INFO - Started process (PID=603) to work on /home/airflow/.local/lib/python3.12/site-packages/airflow/example_dags/example_task_group.py
[2024-09-19T18:19:52.430+0000] {processor.py:914} INFO - Processing file /home/airflow/.local/lib/python3.12/site-packages/airflow/example_dags/example_task_group.py for tasks to queue
[2024-09-19T18:19:52.432+0000] {logging_mixin.py:190} INFO - [2024-09-19T18:19:52.432+0000] {dagbag.py:587} INFO - Filling up the DagBag from /home/airflow/.local/lib/python3.12/site-packages/airflow/example_dags/example_task_group.py
[2024-09-19T18:19:52.436+0000] {processor.py:925} INFO - DAG(s) 'example_task_group' retrieved from /home/airflow/.local/lib/python3.12/site-packages/airflow/example_dags/example_task_group.py
[2024-09-19T18:19:52.452+0000] {logging_mixin.py:190} INFO - [2024-09-19T18:19:52.452+0000] {dag.py:3211} INFO - Sync 1 DAGs
[2024-09-19T18:19:52.465+0000] {logging_mixin.py:190} INFO - [2024-09-19T18:19:52.465+0000] {dag.py:4138} INFO - Setting next_dagrun for example_task_group to 2024-09-18 00:00:00+00:00, run_after=2024-09-19 00:00:00+00:00
[2024-09-19T18:19:52.474+0000] {processor.py:208} INFO - Processing /home/airflow/.local/lib/python3.12/site-packages/airflow/example_dags/example_task_group.py took 0.048 seconds
[2024-09-19T18:20:23.020+0000] {processor.py:186} INFO - Started process (PID=665) to work on /home/airflow/.local/lib/python3.12/site-packages/airflow/example_dags/example_task_group.py
[2024-09-19T18:20:23.020+0000] {processor.py:914} INFO - Processing file /home/airflow/.local/lib/python3.12/site-packages/airflow/example_dags/example_task_group.py for tasks to queue
[2024-09-19T18:20:23.021+0000] {logging_mixin.py:190} INFO - [2024-09-19T18:20:23.021+0000] {dagbag.py:587} INFO - Filling up the DagBag from /home/airflow/.local/lib/python3.12/site-packages/airflow/example_dags/example_task_group.py
[2024-09-19T18:20:23.024+0000] {processor.py:925} INFO - DAG(s) 'example_task_group' retrieved from /home/airflow/.local/lib/python3.12/site-packages/airflow/example_dags/example_task_group.py
[2024-09-19T18:20:23.032+0000] {logging_mixin.py:190} INFO - [2024-09-19T18:20:23.032+0000] {dag.py:3211} INFO - Sync 1 DAGs
[2024-09-19T18:20:23.041+0000] {logging_mixin.py:190} INFO - [2024-09-19T18:20:23.041+0000] {dag.py:4138} INFO - Setting next_dagrun for example_task_group to 2024-09-18 00:00:00+00:00, run_after=2024-09-19 00:00:00+00:00
[2024-09-19T18:20:23.047+0000] {processor.py:208} INFO - Processing /home/airflow/.local/lib/python3.12/site-packages/airflow/example_dags/example_task_group.py took 0.029 seconds
[2024-09-19T18:20:54.032+0000] {processor.py:186} INFO - Started process (PID=727) to work on /home/airflow/.local/lib/python3.12/site-packages/airflow/example_dags/example_task_group.py
[2024-09-19T18:20:54.033+0000] {processor.py:914} INFO - Processing file /home/airflow/.local/lib/python3.12/site-packages/airflow/example_dags/example_task_group.py for tasks to queue
[2024-09-19T18:20:54.034+0000] {logging_mixin.py:190} INFO - [2024-09-19T18:20:54.034+0000] {dagbag.py:587} INFO - Filling up the DagBag from /home/airflow/.local/lib/python3.12/site-packages/airflow/example_dags/example_task_group.py
[2024-09-19T18:20:54.038+0000] {processor.py:925} INFO - DAG(s) 'example_task_group' retrieved from /home/airflow/.local/lib/python3.12/site-packages/airflow/example_dags/example_task_group.py
[2024-09-19T18:20:54.052+0000] {logging_mixin.py:190} INFO - [2024-09-19T18:20:54.052+0000] {dag.py:3211} INFO - Sync 1 DAGs
[2024-09-19T18:20:54.067+0000] {logging_mixin.py:190} INFO - [2024-09-19T18:20:54.067+0000] {dag.py:4138} INFO - Setting next_dagrun for example_task_group to 2024-09-18 00:00:00+00:00, run_after=2024-09-19 00:00:00+00:00
[2024-09-19T18:20:54.079+0000] {processor.py:208} INFO - Processing /home/airflow/.local/lib/python3.12/site-packages/airflow/example_dags/example_task_group.py took 0.050 seconds
[2024-09-19T18:21:25.007+0000] {processor.py:186} INFO - Started process (PID=789) to work on /home/airflow/.local/lib/python3.12/site-packages/airflow/example_dags/example_task_group.py
[2024-09-19T18:21:25.010+0000] {processor.py:914} INFO - Processing file /home/airflow/.local/lib/python3.12/site-packages/airflow/example_dags/example_task_group.py for tasks to queue
[2024-09-19T18:21:25.011+0000] {logging_mixin.py:190} INFO - [2024-09-19T18:21:25.011+0000] {dagbag.py:587} INFO - Filling up the DagBag from /home/airflow/.local/lib/python3.12/site-packages/airflow/example_dags/example_task_group.py
[2024-09-19T18:21:25.020+0000] {processor.py:925} INFO - DAG(s) 'example_task_group' retrieved from /home/airflow/.local/lib/python3.12/site-packages/airflow/example_dags/example_task_group.py
[2024-09-19T18:21:25.034+0000] {logging_mixin.py:190} INFO - [2024-09-19T18:21:25.033+0000] {dag.py:3211} INFO - Sync 1 DAGs
[2024-09-19T18:21:25.046+0000] {logging_mixin.py:190} INFO - [2024-09-19T18:21:25.046+0000] {dag.py:4138} INFO - Setting next_dagrun for example_task_group to 2024-09-18 00:00:00+00:00, run_after=2024-09-19 00:00:00+00:00
[2024-09-19T18:21:25.054+0000] {processor.py:208} INFO - Processing /home/airflow/.local/lib/python3.12/site-packages/airflow/example_dags/example_task_group.py took 0.051 seconds
[2024-09-19T18:21:56.081+0000] {processor.py:186} INFO - Started process (PID=851) to work on /home/airflow/.local/lib/python3.12/site-packages/airflow/example_dags/example_task_group.py
[2024-09-19T18:21:56.083+0000] {processor.py:914} INFO - Processing file /home/airflow/.local/lib/python3.12/site-packages/airflow/example_dags/example_task_group.py for tasks to queue
[2024-09-19T18:21:56.084+0000] {logging_mixin.py:190} INFO - [2024-09-19T18:21:56.084+0000] {dagbag.py:587} INFO - Filling up the DagBag from /home/airflow/.local/lib/python3.12/site-packages/airflow/example_dags/example_task_group.py
[2024-09-19T18:21:56.090+0000] {processor.py:925} INFO - DAG(s) 'example_task_group' retrieved from /home/airflow/.local/lib/python3.12/site-packages/airflow/example_dags/example_task_group.py
[2024-09-19T18:21:56.103+0000] {logging_mixin.py:190} INFO - [2024-09-19T18:21:56.103+0000] {dag.py:3211} INFO - Sync 1 DAGs
[2024-09-19T18:21:56.114+0000] {logging_mixin.py:190} INFO - [2024-09-19T18:21:56.114+0000] {dag.py:4138} INFO - Setting next_dagrun for example_task_group to 2024-09-18 00:00:00+00:00, run_after=2024-09-19 00:00:00+00:00
[2024-09-19T18:21:56.125+0000] {processor.py:208} INFO - Processing /home/airflow/.local/lib/python3.12/site-packages/airflow/example_dags/example_task_group.py took 0.047 seconds
[2024-09-19T18:22:26.627+0000] {processor.py:186} INFO - Started process (PID=913) to work on /home/airflow/.local/lib/python3.12/site-packages/airflow/example_dags/example_task_group.py
[2024-09-19T18:22:26.628+0000] {processor.py:914} INFO - Processing file /home/airflow/.local/lib/python3.12/site-packages/airflow/example_dags/example_task_group.py for tasks to queue
[2024-09-19T18:22:26.629+0000] {logging_mixin.py:190} INFO - [2024-09-19T18:22:26.629+0000] {dagbag.py:587} INFO - Filling up the DagBag from /home/airflow/.local/lib/python3.12/site-packages/airflow/example_dags/example_task_group.py
[2024-09-19T18:22:26.634+0000] {processor.py:925} INFO - DAG(s) 'example_task_group' retrieved from /home/airflow/.local/lib/python3.12/site-packages/airflow/example_dags/example_task_group.py
[2024-09-19T18:22:26.645+0000] {logging_mixin.py:190} INFO - [2024-09-19T18:22:26.645+0000] {dag.py:3211} INFO - Sync 1 DAGs
[2024-09-19T18:22:26.656+0000] {logging_mixin.py:190} INFO - [2024-09-19T18:22:26.656+0000] {dag.py:4138} INFO - Setting next_dagrun for example_task_group to 2024-09-18 00:00:00+00:00, run_after=2024-09-19 00:00:00+00:00
[2024-09-19T18:22:26.667+0000] {processor.py:208} INFO - Processing /home/airflow/.local/lib/python3.12/site-packages/airflow/example_dags/example_task_group.py took 0.043 seconds
[2024-09-19T18:22:57.323+0000] {processor.py:186} INFO - Started process (PID=975) to work on /home/airflow/.local/lib/python3.12/site-packages/airflow/example_dags/example_task_group.py
[2024-09-19T18:22:57.325+0000] {processor.py:914} INFO - Processing file /home/airflow/.local/lib/python3.12/site-packages/airflow/example_dags/example_task_group.py for tasks to queue
[2024-09-19T18:22:57.326+0000] {logging_mixin.py:190} INFO - [2024-09-19T18:22:57.326+0000] {dagbag.py:587} INFO - Filling up the DagBag from /home/airflow/.local/lib/python3.12/site-packages/airflow/example_dags/example_task_group.py
[2024-09-19T18:22:57.330+0000] {processor.py:925} INFO - DAG(s) 'example_task_group' retrieved from /home/airflow/.local/lib/python3.12/site-packages/airflow/example_dags/example_task_group.py
[2024-09-19T18:22:57.340+0000] {logging_mixin.py:190} INFO - [2024-09-19T18:22:57.340+0000] {dag.py:3211} INFO - Sync 1 DAGs
[2024-09-19T18:22:57.352+0000] {logging_mixin.py:190} INFO - [2024-09-19T18:22:57.351+0000] {dag.py:4138} INFO - Setting next_dagrun for example_task_group to 2024-09-18 00:00:00+00:00, run_after=2024-09-19 00:00:00+00:00
[2024-09-19T18:22:57.360+0000] {processor.py:208} INFO - Processing /home/airflow/.local/lib/python3.12/site-packages/airflow/example_dags/example_task_group.py took 0.039 seconds
[2024-09-19T18:23:27.822+0000] {processor.py:186} INFO - Started process (PID=1037) to work on /home/airflow/.local/lib/python3.12/site-packages/airflow/example_dags/example_task_group.py
[2024-09-19T18:23:27.824+0000] {processor.py:914} INFO - Processing file /home/airflow/.local/lib/python3.12/site-packages/airflow/example_dags/example_task_group.py for tasks to queue
[2024-09-19T18:23:27.824+0000] {logging_mixin.py:190} INFO - [2024-09-19T18:23:27.824+0000] {dagbag.py:587} INFO - Filling up the DagBag from /home/airflow/.local/lib/python3.12/site-packages/airflow/example_dags/example_task_group.py
[2024-09-19T18:23:27.831+0000] {processor.py:925} INFO - DAG(s) 'example_task_group' retrieved from /home/airflow/.local/lib/python3.12/site-packages/airflow/example_dags/example_task_group.py
[2024-09-19T18:23:27.843+0000] {logging_mixin.py:190} INFO - [2024-09-19T18:23:27.843+0000] {dag.py:3211} INFO - Sync 1 DAGs
[2024-09-19T18:23:27.853+0000] {logging_mixin.py:190} INFO - [2024-09-19T18:23:27.853+0000] {dag.py:4138} INFO - Setting next_dagrun for example_task_group to 2024-09-18 00:00:00+00:00, run_after=2024-09-19 00:00:00+00:00
[2024-09-19T18:23:27.864+0000] {processor.py:208} INFO - Processing /home/airflow/.local/lib/python3.12/site-packages/airflow/example_dags/example_task_group.py took 0.044 seconds
[2024-09-19T18:23:58.974+0000] {processor.py:186} INFO - Started process (PID=1099) to work on /home/airflow/.local/lib/python3.12/site-packages/airflow/example_dags/example_task_group.py
[2024-09-19T18:23:58.975+0000] {processor.py:914} INFO - Processing file /home/airflow/.local/lib/python3.12/site-packages/airflow/example_dags/example_task_group.py for tasks to queue
[2024-09-19T18:23:58.978+0000] {logging_mixin.py:190} INFO - [2024-09-19T18:23:58.978+0000] {dagbag.py:587} INFO - Filling up the DagBag from /home/airflow/.local/lib/python3.12/site-packages/airflow/example_dags/example_task_group.py
[2024-09-19T18:23:58.985+0000] {processor.py:925} INFO - DAG(s) 'example_task_group' retrieved from /home/airflow/.local/lib/python3.12/site-packages/airflow/example_dags/example_task_group.py
[2024-09-19T18:23:59.001+0000] {logging_mixin.py:190} INFO - [2024-09-19T18:23:59.001+0000] {dag.py:3211} INFO - Sync 1 DAGs
[2024-09-19T18:23:59.013+0000] {logging_mixin.py:190} INFO - [2024-09-19T18:23:59.013+0000] {dag.py:4138} INFO - Setting next_dagrun for example_task_group to 2024-09-18 00:00:00+00:00, run_after=2024-09-19 00:00:00+00:00
[2024-09-19T18:23:59.024+0000] {processor.py:208} INFO - Processing /home/airflow/.local/lib/python3.12/site-packages/airflow/example_dags/example_task_group.py took 0.053 seconds
[2024-09-19T18:24:29.313+0000] {processor.py:186} INFO - Started process (PID=1161) to work on /home/airflow/.local/lib/python3.12/site-packages/airflow/example_dags/example_task_group.py
[2024-09-19T18:24:29.315+0000] {processor.py:914} INFO - Processing file /home/airflow/.local/lib/python3.12/site-packages/airflow/example_dags/example_task_group.py for tasks to queue
[2024-09-19T18:24:29.317+0000] {logging_mixin.py:190} INFO - [2024-09-19T18:24:29.317+0000] {dagbag.py:587} INFO - Filling up the DagBag from /home/airflow/.local/lib/python3.12/site-packages/airflow/example_dags/example_task_group.py
[2024-09-19T18:24:29.321+0000] {processor.py:925} INFO - DAG(s) 'example_task_group' retrieved from /home/airflow/.local/lib/python3.12/site-packages/airflow/example_dags/example_task_group.py
[2024-09-19T18:24:29.329+0000] {logging_mixin.py:190} INFO - [2024-09-19T18:24:29.329+0000] {dag.py:3211} INFO - Sync 1 DAGs
[2024-09-19T18:24:29.341+0000] {logging_mixin.py:190} INFO - [2024-09-19T18:24:29.341+0000] {dag.py:4138} INFO - Setting next_dagrun for example_task_group to 2024-09-18 00:00:00+00:00, run_after=2024-09-19 00:00:00+00:00
[2024-09-19T18:24:29.351+0000] {processor.py:208} INFO - Processing /home/airflow/.local/lib/python3.12/site-packages/airflow/example_dags/example_task_group.py took 0.041 seconds
[2024-09-19T18:24:59.775+0000] {processor.py:186} INFO - Started process (PID=1223) to work on /home/airflow/.local/lib/python3.12/site-packages/airflow/example_dags/example_task_group.py
[2024-09-19T18:24:59.776+0000] {processor.py:914} INFO - Processing file /home/airflow/.local/lib/python3.12/site-packages/airflow/example_dags/example_task_group.py for tasks to queue
[2024-09-19T18:24:59.777+0000] {logging_mixin.py:190} INFO - [2024-09-19T18:24:59.777+0000] {dagbag.py:587} INFO - Filling up the DagBag from /home/airflow/.local/lib/python3.12/site-packages/airflow/example_dags/example_task_group.py
[2024-09-19T18:24:59.781+0000] {processor.py:925} INFO - DAG(s) 'example_task_group' retrieved from /home/airflow/.local/lib/python3.12/site-packages/airflow/example_dags/example_task_group.py
[2024-09-19T18:24:59.791+0000] {logging_mixin.py:190} INFO - [2024-09-19T18:24:59.791+0000] {dag.py:3211} INFO - Sync 1 DAGs
[2024-09-19T18:24:59.800+0000] {logging_mixin.py:190} INFO - [2024-09-19T18:24:59.800+0000] {dag.py:4138} INFO - Setting next_dagrun for example_task_group to 2024-09-18 00:00:00+00:00, run_after=2024-09-19 00:00:00+00:00
[2024-09-19T18:24:59.809+0000] {processor.py:208} INFO - Processing /home/airflow/.local/lib/python3.12/site-packages/airflow/example_dags/example_task_group.py took 0.037 seconds
[2024-09-19T18:25:30.375+0000] {processor.py:186} INFO - Started process (PID=1285) to work on /home/airflow/.local/lib/python3.12/site-packages/airflow/example_dags/example_task_group.py
[2024-09-19T18:25:30.375+0000] {processor.py:914} INFO - Processing file /home/airflow/.local/lib/python3.12/site-packages/airflow/example_dags/example_task_group.py for tasks to queue
[2024-09-19T18:25:30.377+0000] {logging_mixin.py:190} INFO - [2024-09-19T18:25:30.376+0000] {dagbag.py:587} INFO - Filling up the DagBag from /home/airflow/.local/lib/python3.12/site-packages/airflow/example_dags/example_task_group.py
[2024-09-19T18:25:30.381+0000] {processor.py:925} INFO - DAG(s) 'example_task_group' retrieved from /home/airflow/.local/lib/python3.12/site-packages/airflow/example_dags/example_task_group.py
[2024-09-19T18:25:30.390+0000] {logging_mixin.py:190} INFO - [2024-09-19T18:25:30.390+0000] {dag.py:3211} INFO - Sync 1 DAGs
[2024-09-19T18:25:30.400+0000] {logging_mixin.py:190} INFO - [2024-09-19T18:25:30.400+0000] {dag.py:4138} INFO - Setting next_dagrun for example_task_group to 2024-09-18 00:00:00+00:00, run_after=2024-09-19 00:00:00+00:00
[2024-09-19T18:25:30.413+0000] {processor.py:208} INFO - Processing /home/airflow/.local/lib/python3.12/site-packages/airflow/example_dags/example_task_group.py took 0.042 seconds
[2024-09-19T18:26:02.188+0000] {processor.py:186} INFO - Started process (PID=1347) to work on /home/airflow/.local/lib/python3.12/site-packages/airflow/example_dags/example_task_group.py
[2024-09-19T18:26:02.193+0000] {processor.py:914} INFO - Processing file /home/airflow/.local/lib/python3.12/site-packages/airflow/example_dags/example_task_group.py for tasks to queue
[2024-09-19T18:26:02.195+0000] {logging_mixin.py:190} INFO - [2024-09-19T18:26:02.195+0000] {dagbag.py:587} INFO - Filling up the DagBag from /home/airflow/.local/lib/python3.12/site-packages/airflow/example_dags/example_task_group.py
[2024-09-19T18:26:02.201+0000] {processor.py:925} INFO - DAG(s) 'example_task_group' retrieved from /home/airflow/.local/lib/python3.12/site-packages/airflow/example_dags/example_task_group.py
[2024-09-19T18:26:02.216+0000] {logging_mixin.py:190} INFO - [2024-09-19T18:26:02.216+0000] {dag.py:3211} INFO - Sync 1 DAGs
[2024-09-19T18:26:02.228+0000] {logging_mixin.py:190} INFO - [2024-09-19T18:26:02.228+0000] {dag.py:4138} INFO - Setting next_dagrun for example_task_group to 2024-09-18 00:00:00+00:00, run_after=2024-09-19 00:00:00+00:00
[2024-09-19T18:26:02.313+0000] {processor.py:208} INFO - Processing /home/airflow/.local/lib/python3.12/site-packages/airflow/example_dags/example_task_group.py took 0.128 seconds
[2024-09-19T18:26:33.355+0000] {processor.py:186} INFO - Started process (PID=1409) to work on /home/airflow/.local/lib/python3.12/site-packages/airflow/example_dags/example_task_group.py
[2024-09-19T18:26:33.357+0000] {processor.py:914} INFO - Processing file /home/airflow/.local/lib/python3.12/site-packages/airflow/example_dags/example_task_group.py for tasks to queue
[2024-09-19T18:26:33.358+0000] {logging_mixin.py:190} INFO - [2024-09-19T18:26:33.358+0000] {dagbag.py:587} INFO - Filling up the DagBag from /home/airflow/.local/lib/python3.12/site-packages/airflow/example_dags/example_task_group.py
[2024-09-19T18:26:33.363+0000] {processor.py:925} INFO - DAG(s) 'example_task_group' retrieved from /home/airflow/.local/lib/python3.12/site-packages/airflow/example_dags/example_task_group.py
[2024-09-19T18:26:33.382+0000] {logging_mixin.py:190} INFO - [2024-09-19T18:26:33.382+0000] {dag.py:3211} INFO - Sync 1 DAGs
[2024-09-19T18:26:33.398+0000] {logging_mixin.py:190} INFO - [2024-09-19T18:26:33.398+0000] {dag.py:4138} INFO - Setting next_dagrun for example_task_group to 2024-09-18 00:00:00+00:00, run_after=2024-09-19 00:00:00+00:00
[2024-09-19T18:26:33.405+0000] {processor.py:208} INFO - Processing /home/airflow/.local/lib/python3.12/site-packages/airflow/example_dags/example_task_group.py took 0.052 seconds
[2024-09-19T18:27:03.505+0000] {processor.py:186} INFO - Started process (PID=1471) to work on /home/airflow/.local/lib/python3.12/site-packages/airflow/example_dags/example_task_group.py
[2024-09-19T18:27:03.506+0000] {processor.py:914} INFO - Processing file /home/airflow/.local/lib/python3.12/site-packages/airflow/example_dags/example_task_group.py for tasks to queue
[2024-09-19T18:27:03.507+0000] {logging_mixin.py:190} INFO - [2024-09-19T18:27:03.507+0000] {dagbag.py:587} INFO - Filling up the DagBag from /home/airflow/.local/lib/python3.12/site-packages/airflow/example_dags/example_task_group.py
[2024-09-19T18:27:03.512+0000] {processor.py:925} INFO - DAG(s) 'example_task_group' retrieved from /home/airflow/.local/lib/python3.12/site-packages/airflow/example_dags/example_task_group.py
[2024-09-19T18:27:03.526+0000] {logging_mixin.py:190} INFO - [2024-09-19T18:27:03.526+0000] {dag.py:3211} INFO - Sync 1 DAGs
[2024-09-19T18:27:03.553+0000] {logging_mixin.py:190} INFO - [2024-09-19T18:27:03.550+0000] {dag.py:4138} INFO - Setting next_dagrun for example_task_group to 2024-09-18 00:00:00+00:00, run_after=2024-09-19 00:00:00+00:00
[2024-09-19T18:27:03.690+0000] {processor.py:208} INFO - Processing /home/airflow/.local/lib/python3.12/site-packages/airflow/example_dags/example_task_group.py took 0.187 seconds
[2024-09-19T18:27:34.289+0000] {processor.py:186} INFO - Started process (PID=1533) to work on /home/airflow/.local/lib/python3.12/site-packages/airflow/example_dags/example_task_group.py
[2024-09-19T18:27:34.291+0000] {processor.py:914} INFO - Processing file /home/airflow/.local/lib/python3.12/site-packages/airflow/example_dags/example_task_group.py for tasks to queue
[2024-09-19T18:27:34.292+0000] {logging_mixin.py:190} INFO - [2024-09-19T18:27:34.292+0000] {dagbag.py:587} INFO - Filling up the DagBag from /home/airflow/.local/lib/python3.12/site-packages/airflow/example_dags/example_task_group.py
[2024-09-19T18:27:34.296+0000] {processor.py:925} INFO - DAG(s) 'example_task_group' retrieved from /home/airflow/.local/lib/python3.12/site-packages/airflow/example_dags/example_task_group.py
[2024-09-19T18:27:34.314+0000] {logging_mixin.py:190} INFO - [2024-09-19T18:27:34.314+0000] {dag.py:3211} INFO - Sync 1 DAGs
[2024-09-19T18:27:34.326+0000] {logging_mixin.py:190} INFO - [2024-09-19T18:27:34.326+0000] {dag.py:4138} INFO - Setting next_dagrun for example_task_group to 2024-09-18 00:00:00+00:00, run_after=2024-09-19 00:00:00+00:00
[2024-09-19T18:27:34.335+0000] {processor.py:208} INFO - Processing /home/airflow/.local/lib/python3.12/site-packages/airflow/example_dags/example_task_group.py took 0.048 seconds
[2024-09-19T18:28:05.217+0000] {processor.py:186} INFO - Started process (PID=1595) to work on /home/airflow/.local/lib/python3.12/site-packages/airflow/example_dags/example_task_group.py
[2024-09-19T18:28:05.218+0000] {processor.py:914} INFO - Processing file /home/airflow/.local/lib/python3.12/site-packages/airflow/example_dags/example_task_group.py for tasks to queue
[2024-09-19T18:28:05.220+0000] {logging_mixin.py:190} INFO - [2024-09-19T18:28:05.220+0000] {dagbag.py:587} INFO - Filling up the DagBag from /home/airflow/.local/lib/python3.12/site-packages/airflow/example_dags/example_task_group.py
[2024-09-19T18:28:05.227+0000] {processor.py:925} INFO - DAG(s) 'example_task_group' retrieved from /home/airflow/.local/lib/python3.12/site-packages/airflow/example_dags/example_task_group.py
[2024-09-19T18:28:05.246+0000] {logging_mixin.py:190} INFO - [2024-09-19T18:28:05.246+0000] {dag.py:3211} INFO - Sync 1 DAGs
[2024-09-19T18:28:05.260+0000] {logging_mixin.py:190} INFO - [2024-09-19T18:28:05.260+0000] {dag.py:4138} INFO - Setting next_dagrun for example_task_group to 2024-09-18 00:00:00+00:00, run_after=2024-09-19 00:00:00+00:00
[2024-09-19T18:28:05.270+0000] {processor.py:208} INFO - Processing /home/airflow/.local/lib/python3.12/site-packages/airflow/example_dags/example_task_group.py took 0.057 seconds
[2024-09-19T18:28:35.840+0000] {processor.py:186} INFO - Started process (PID=1657) to work on /home/airflow/.local/lib/python3.12/site-packages/airflow/example_dags/example_task_group.py
[2024-09-19T18:28:35.841+0000] {processor.py:914} INFO - Processing file /home/airflow/.local/lib/python3.12/site-packages/airflow/example_dags/example_task_group.py for tasks to queue
[2024-09-19T18:28:35.842+0000] {logging_mixin.py:190} INFO - [2024-09-19T18:28:35.842+0000] {dagbag.py:587} INFO - Filling up the DagBag from /home/airflow/.local/lib/python3.12/site-packages/airflow/example_dags/example_task_group.py
[2024-09-19T18:28:35.849+0000] {processor.py:925} INFO - DAG(s) 'example_task_group' retrieved from /home/airflow/.local/lib/python3.12/site-packages/airflow/example_dags/example_task_group.py
[2024-09-19T18:28:35.860+0000] {logging_mixin.py:190} INFO - [2024-09-19T18:28:35.860+0000] {dag.py:3211} INFO - Sync 1 DAGs
[2024-09-19T18:28:35.873+0000] {logging_mixin.py:190} INFO - [2024-09-19T18:28:35.873+0000] {dag.py:4138} INFO - Setting next_dagrun for example_task_group to 2024-09-18 00:00:00+00:00, run_after=2024-09-19 00:00:00+00:00
[2024-09-19T18:28:35.880+0000] {processor.py:208} INFO - Processing /home/airflow/.local/lib/python3.12/site-packages/airflow/example_dags/example_task_group.py took 0.043 seconds
[2024-09-19T18:29:06.635+0000] {processor.py:186} INFO - Started process (PID=1719) to work on /home/airflow/.local/lib/python3.12/site-packages/airflow/example_dags/example_task_group.py
[2024-09-19T18:29:06.636+0000] {processor.py:914} INFO - Processing file /home/airflow/.local/lib/python3.12/site-packages/airflow/example_dags/example_task_group.py for tasks to queue
[2024-09-19T18:29:06.638+0000] {logging_mixin.py:190} INFO - [2024-09-19T18:29:06.637+0000] {dagbag.py:587} INFO - Filling up the DagBag from /home/airflow/.local/lib/python3.12/site-packages/airflow/example_dags/example_task_group.py
[2024-09-19T18:29:06.641+0000] {processor.py:925} INFO - DAG(s) 'example_task_group' retrieved from /home/airflow/.local/lib/python3.12/site-packages/airflow/example_dags/example_task_group.py
[2024-09-19T18:29:06.653+0000] {logging_mixin.py:190} INFO - [2024-09-19T18:29:06.653+0000] {dag.py:3211} INFO - Sync 1 DAGs
[2024-09-19T18:29:06.664+0000] {logging_mixin.py:190} INFO - [2024-09-19T18:29:06.664+0000] {dag.py:4138} INFO - Setting next_dagrun for example_task_group to 2024-09-18 00:00:00+00:00, run_after=2024-09-19 00:00:00+00:00
[2024-09-19T18:29:06.675+0000] {processor.py:208} INFO - Processing /home/airflow/.local/lib/python3.12/site-packages/airflow/example_dags/example_task_group.py took 0.043 seconds
[2024-09-19T18:29:37.301+0000] {processor.py:186} INFO - Started process (PID=1781) to work on /home/airflow/.local/lib/python3.12/site-packages/airflow/example_dags/example_task_group.py
[2024-09-19T18:29:37.305+0000] {processor.py:914} INFO - Processing file /home/airflow/.local/lib/python3.12/site-packages/airflow/example_dags/example_task_group.py for tasks to queue
[2024-09-19T18:29:37.307+0000] {logging_mixin.py:190} INFO - [2024-09-19T18:29:37.306+0000] {dagbag.py:587} INFO - Filling up the DagBag from /home/airflow/.local/lib/python3.12/site-packages/airflow/example_dags/example_task_group.py
[2024-09-19T18:29:37.311+0000] {processor.py:925} INFO - DAG(s) 'example_task_group' retrieved from /home/airflow/.local/lib/python3.12/site-packages/airflow/example_dags/example_task_group.py
[2024-09-19T18:29:37.322+0000] {logging_mixin.py:190} INFO - [2024-09-19T18:29:37.322+0000] {dag.py:3211} INFO - Sync 1 DAGs
[2024-09-19T18:29:37.334+0000] {logging_mixin.py:190} INFO - [2024-09-19T18:29:37.333+0000] {dag.py:4138} INFO - Setting next_dagrun for example_task_group to 2024-09-18 00:00:00+00:00, run_after=2024-09-19 00:00:00+00:00
[2024-09-19T18:29:37.341+0000] {processor.py:208} INFO - Processing /home/airflow/.local/lib/python3.12/site-packages/airflow/example_dags/example_task_group.py took 0.042 seconds
[2024-09-19T18:30:08.421+0000] {processor.py:186} INFO - Started process (PID=1843) to work on /home/airflow/.local/lib/python3.12/site-packages/airflow/example_dags/example_task_group.py
[2024-09-19T18:30:08.424+0000] {processor.py:914} INFO - Processing file /home/airflow/.local/lib/python3.12/site-packages/airflow/example_dags/example_task_group.py for tasks to queue
[2024-09-19T18:30:08.425+0000] {logging_mixin.py:190} INFO - [2024-09-19T18:30:08.425+0000] {dagbag.py:587} INFO - Filling up the DagBag from /home/airflow/.local/lib/python3.12/site-packages/airflow/example_dags/example_task_group.py
[2024-09-19T18:30:08.429+0000] {processor.py:925} INFO - DAG(s) 'example_task_group' retrieved from /home/airflow/.local/lib/python3.12/site-packages/airflow/example_dags/example_task_group.py
[2024-09-19T18:30:08.439+0000] {logging_mixin.py:190} INFO - [2024-09-19T18:30:08.439+0000] {dag.py:3211} INFO - Sync 1 DAGs
[2024-09-19T18:30:08.451+0000] {logging_mixin.py:190} INFO - [2024-09-19T18:30:08.451+0000] {dag.py:4138} INFO - Setting next_dagrun for example_task_group to 2024-09-18 00:00:00+00:00, run_after=2024-09-19 00:00:00+00:00
[2024-09-19T18:30:08.461+0000] {processor.py:208} INFO - Processing /home/airflow/.local/lib/python3.12/site-packages/airflow/example_dags/example_task_group.py took 0.042 seconds
[2024-09-19T18:30:39.140+0000] {processor.py:186} INFO - Started process (PID=1911) to work on /home/airflow/.local/lib/python3.12/site-packages/airflow/example_dags/example_task_group.py
[2024-09-19T18:30:39.143+0000] {processor.py:914} INFO - Processing file /home/airflow/.local/lib/python3.12/site-packages/airflow/example_dags/example_task_group.py for tasks to queue
[2024-09-19T18:30:39.147+0000] {logging_mixin.py:190} INFO - [2024-09-19T18:30:39.146+0000] {dagbag.py:587} INFO - Filling up the DagBag from /home/airflow/.local/lib/python3.12/site-packages/airflow/example_dags/example_task_group.py
[2024-09-19T18:30:39.155+0000] {processor.py:925} INFO - DAG(s) 'example_task_group' retrieved from /home/airflow/.local/lib/python3.12/site-packages/airflow/example_dags/example_task_group.py
[2024-09-19T18:30:39.171+0000] {logging_mixin.py:190} INFO - [2024-09-19T18:30:39.170+0000] {dag.py:3211} INFO - Sync 1 DAGs
[2024-09-19T18:30:39.186+0000] {logging_mixin.py:190} INFO - [2024-09-19T18:30:39.186+0000] {dag.py:4138} INFO - Setting next_dagrun for example_task_group to 2024-09-18 00:00:00+00:00, run_after=2024-09-19 00:00:00+00:00
[2024-09-19T18:30:39.214+0000] {processor.py:208} INFO - Processing /home/airflow/.local/lib/python3.12/site-packages/airflow/example_dags/example_task_group.py took 0.082 seconds
[2024-09-19T18:31:09.894+0000] {processor.py:186} INFO - Started process (PID=1978) to work on /home/airflow/.local/lib/python3.12/site-packages/airflow/example_dags/example_task_group.py
[2024-09-19T18:31:09.895+0000] {processor.py:914} INFO - Processing file /home/airflow/.local/lib/python3.12/site-packages/airflow/example_dags/example_task_group.py for tasks to queue
[2024-09-19T18:31:09.897+0000] {logging_mixin.py:190} INFO - [2024-09-19T18:31:09.896+0000] {dagbag.py:587} INFO - Filling up the DagBag from /home/airflow/.local/lib/python3.12/site-packages/airflow/example_dags/example_task_group.py
[2024-09-19T18:31:09.902+0000] {processor.py:925} INFO - DAG(s) 'example_task_group' retrieved from /home/airflow/.local/lib/python3.12/site-packages/airflow/example_dags/example_task_group.py
[2024-09-19T18:31:09.916+0000] {logging_mixin.py:190} INFO - [2024-09-19T18:31:09.916+0000] {dag.py:3211} INFO - Sync 1 DAGs
[2024-09-19T18:31:09.929+0000] {logging_mixin.py:190} INFO - [2024-09-19T18:31:09.929+0000] {dag.py:4138} INFO - Setting next_dagrun for example_task_group to 2024-09-18 00:00:00+00:00, run_after=2024-09-19 00:00:00+00:00
[2024-09-19T18:31:09.943+0000] {processor.py:208} INFO - Processing /home/airflow/.local/lib/python3.12/site-packages/airflow/example_dags/example_task_group.py took 0.052 seconds
[2024-09-19T18:31:40.912+0000] {processor.py:186} INFO - Started process (PID=2040) to work on /home/airflow/.local/lib/python3.12/site-packages/airflow/example_dags/example_task_group.py
[2024-09-19T18:31:40.915+0000] {processor.py:914} INFO - Processing file /home/airflow/.local/lib/python3.12/site-packages/airflow/example_dags/example_task_group.py for tasks to queue
[2024-09-19T18:31:40.916+0000] {logging_mixin.py:190} INFO - [2024-09-19T18:31:40.916+0000] {dagbag.py:587} INFO - Filling up the DagBag from /home/airflow/.local/lib/python3.12/site-packages/airflow/example_dags/example_task_group.py
[2024-09-19T18:31:40.920+0000] {processor.py:925} INFO - DAG(s) 'example_task_group' retrieved from /home/airflow/.local/lib/python3.12/site-packages/airflow/example_dags/example_task_group.py
[2024-09-19T18:31:40.932+0000] {logging_mixin.py:190} INFO - [2024-09-19T18:31:40.932+0000] {dag.py:3211} INFO - Sync 1 DAGs
[2024-09-19T18:31:40.942+0000] {logging_mixin.py:190} INFO - [2024-09-19T18:31:40.942+0000] {dag.py:4138} INFO - Setting next_dagrun for example_task_group to 2024-09-18 00:00:00+00:00, run_after=2024-09-19 00:00:00+00:00
[2024-09-19T18:31:40.954+0000] {processor.py:208} INFO - Processing /home/airflow/.local/lib/python3.12/site-packages/airflow/example_dags/example_task_group.py took 0.044 seconds
[2024-09-19T18:32:11.485+0000] {processor.py:186} INFO - Started process (PID=2102) to work on /home/airflow/.local/lib/python3.12/site-packages/airflow/example_dags/example_task_group.py
[2024-09-19T18:32:11.486+0000] {processor.py:914} INFO - Processing file /home/airflow/.local/lib/python3.12/site-packages/airflow/example_dags/example_task_group.py for tasks to queue
[2024-09-19T18:32:11.487+0000] {logging_mixin.py:190} INFO - [2024-09-19T18:32:11.487+0000] {dagbag.py:587} INFO - Filling up the DagBag from /home/airflow/.local/lib/python3.12/site-packages/airflow/example_dags/example_task_group.py
[2024-09-19T18:32:11.491+0000] {processor.py:925} INFO - DAG(s) 'example_task_group' retrieved from /home/airflow/.local/lib/python3.12/site-packages/airflow/example_dags/example_task_group.py
[2024-09-19T18:32:11.502+0000] {logging_mixin.py:190} INFO - [2024-09-19T18:32:11.502+0000] {dag.py:3211} INFO - Sync 1 DAGs
[2024-09-19T18:32:11.511+0000] {logging_mixin.py:190} INFO - [2024-09-19T18:32:11.511+0000] {dag.py:4138} INFO - Setting next_dagrun for example_task_group to 2024-09-18 00:00:00+00:00, run_after=2024-09-19 00:00:00+00:00
[2024-09-19T18:32:11.522+0000] {processor.py:208} INFO - Processing /home/airflow/.local/lib/python3.12/site-packages/airflow/example_dags/example_task_group.py took 0.040 seconds
[2024-09-19T18:32:42.343+0000] {processor.py:186} INFO - Started process (PID=2164) to work on /home/airflow/.local/lib/python3.12/site-packages/airflow/example_dags/example_task_group.py
[2024-09-19T18:32:42.345+0000] {processor.py:914} INFO - Processing file /home/airflow/.local/lib/python3.12/site-packages/airflow/example_dags/example_task_group.py for tasks to queue
[2024-09-19T18:32:42.348+0000] {logging_mixin.py:190} INFO - [2024-09-19T18:32:42.347+0000] {dagbag.py:587} INFO - Filling up the DagBag from /home/airflow/.local/lib/python3.12/site-packages/airflow/example_dags/example_task_group.py
[2024-09-19T18:32:42.353+0000] {processor.py:925} INFO - DAG(s) 'example_task_group' retrieved from /home/airflow/.local/lib/python3.12/site-packages/airflow/example_dags/example_task_group.py
[2024-09-19T18:32:42.365+0000] {logging_mixin.py:190} INFO - [2024-09-19T18:32:42.365+0000] {dag.py:3211} INFO - Sync 1 DAGs
[2024-09-19T18:32:42.378+0000] {logging_mixin.py:190} INFO - [2024-09-19T18:32:42.378+0000] {dag.py:4138} INFO - Setting next_dagrun for example_task_group to 2024-09-18 00:00:00+00:00, run_after=2024-09-19 00:00:00+00:00
[2024-09-19T18:32:42.389+0000] {processor.py:208} INFO - Processing /home/airflow/.local/lib/python3.12/site-packages/airflow/example_dags/example_task_group.py took 0.050 seconds
[2024-09-19T18:33:13.528+0000] {processor.py:186} INFO - Started process (PID=2226) to work on /home/airflow/.local/lib/python3.12/site-packages/airflow/example_dags/example_task_group.py
[2024-09-19T18:33:13.531+0000] {processor.py:914} INFO - Processing file /home/airflow/.local/lib/python3.12/site-packages/airflow/example_dags/example_task_group.py for tasks to queue
[2024-09-19T18:33:13.532+0000] {logging_mixin.py:190} INFO - [2024-09-19T18:33:13.532+0000] {dagbag.py:587} INFO - Filling up the DagBag from /home/airflow/.local/lib/python3.12/site-packages/airflow/example_dags/example_task_group.py
[2024-09-19T18:33:13.538+0000] {processor.py:925} INFO - DAG(s) 'example_task_group' retrieved from /home/airflow/.local/lib/python3.12/site-packages/airflow/example_dags/example_task_group.py
[2024-09-19T18:33:13.552+0000] {logging_mixin.py:190} INFO - [2024-09-19T18:33:13.552+0000] {dag.py:3211} INFO - Sync 1 DAGs
[2024-09-19T18:33:13.564+0000] {logging_mixin.py:190} INFO - [2024-09-19T18:33:13.564+0000] {dag.py:4138} INFO - Setting next_dagrun for example_task_group to 2024-09-18 00:00:00+00:00, run_after=2024-09-19 00:00:00+00:00
[2024-09-19T18:33:13.576+0000] {processor.py:208} INFO - Processing /home/airflow/.local/lib/python3.12/site-packages/airflow/example_dags/example_task_group.py took 0.050 seconds
[2024-09-19T18:33:44.667+0000] {processor.py:186} INFO - Started process (PID=2288) to work on /home/airflow/.local/lib/python3.12/site-packages/airflow/example_dags/example_task_group.py
[2024-09-19T18:33:44.670+0000] {processor.py:914} INFO - Processing file /home/airflow/.local/lib/python3.12/site-packages/airflow/example_dags/example_task_group.py for tasks to queue
[2024-09-19T18:33:44.670+0000] {logging_mixin.py:190} INFO - [2024-09-19T18:33:44.670+0000] {dagbag.py:587} INFO - Filling up the DagBag from /home/airflow/.local/lib/python3.12/site-packages/airflow/example_dags/example_task_group.py
[2024-09-19T18:33:44.674+0000] {processor.py:925} INFO - DAG(s) 'example_task_group' retrieved from /home/airflow/.local/lib/python3.12/site-packages/airflow/example_dags/example_task_group.py
[2024-09-19T18:33:44.683+0000] {logging_mixin.py:190} INFO - [2024-09-19T18:33:44.683+0000] {dag.py:3211} INFO - Sync 1 DAGs
[2024-09-19T18:33:44.691+0000] {logging_mixin.py:190} INFO - [2024-09-19T18:33:44.691+0000] {dag.py:4138} INFO - Setting next_dagrun for example_task_group to 2024-09-18 00:00:00+00:00, run_after=2024-09-19 00:00:00+00:00
[2024-09-19T18:33:44.702+0000] {processor.py:208} INFO - Processing /home/airflow/.local/lib/python3.12/site-packages/airflow/example_dags/example_task_group.py took 0.037 seconds
[2024-09-19T18:34:15.021+0000] {processor.py:186} INFO - Started process (PID=2350) to work on /home/airflow/.local/lib/python3.12/site-packages/airflow/example_dags/example_task_group.py
[2024-09-19T18:34:15.024+0000] {processor.py:914} INFO - Processing file /home/airflow/.local/lib/python3.12/site-packages/airflow/example_dags/example_task_group.py for tasks to queue
[2024-09-19T18:34:15.025+0000] {logging_mixin.py:190} INFO - [2024-09-19T18:34:15.025+0000] {dagbag.py:587} INFO - Filling up the DagBag from /home/airflow/.local/lib/python3.12/site-packages/airflow/example_dags/example_task_group.py
[2024-09-19T18:34:15.032+0000] {processor.py:925} INFO - DAG(s) 'example_task_group' retrieved from /home/airflow/.local/lib/python3.12/site-packages/airflow/example_dags/example_task_group.py
[2024-09-19T18:34:15.045+0000] {logging_mixin.py:190} INFO - [2024-09-19T18:34:15.045+0000] {dag.py:3211} INFO - Sync 1 DAGs
[2024-09-19T18:34:15.056+0000] {logging_mixin.py:190} INFO - [2024-09-19T18:34:15.055+0000] {dag.py:4138} INFO - Setting next_dagrun for example_task_group to 2024-09-18 00:00:00+00:00, run_after=2024-09-19 00:00:00+00:00
[2024-09-19T18:34:15.070+0000] {processor.py:208} INFO - Processing /home/airflow/.local/lib/python3.12/site-packages/airflow/example_dags/example_task_group.py took 0.051 seconds
[2024-09-19T18:34:45.109+0000] {processor.py:186} INFO - Started process (PID=2412) to work on /home/airflow/.local/lib/python3.12/site-packages/airflow/example_dags/example_task_group.py
[2024-09-19T18:34:45.114+0000] {processor.py:914} INFO - Processing file /home/airflow/.local/lib/python3.12/site-packages/airflow/example_dags/example_task_group.py for tasks to queue
[2024-09-19T18:34:45.115+0000] {logging_mixin.py:190} INFO - [2024-09-19T18:34:45.115+0000] {dagbag.py:587} INFO - Filling up the DagBag from /home/airflow/.local/lib/python3.12/site-packages/airflow/example_dags/example_task_group.py
[2024-09-19T18:34:45.121+0000] {processor.py:925} INFO - DAG(s) 'example_task_group' retrieved from /home/airflow/.local/lib/python3.12/site-packages/airflow/example_dags/example_task_group.py
[2024-09-19T18:34:45.131+0000] {logging_mixin.py:190} INFO - [2024-09-19T18:34:45.131+0000] {dag.py:3211} INFO - Sync 1 DAGs
[2024-09-19T18:34:45.141+0000] {logging_mixin.py:190} INFO - [2024-09-19T18:34:45.141+0000] {dag.py:4138} INFO - Setting next_dagrun for example_task_group to 2024-09-18 00:00:00+00:00, run_after=2024-09-19 00:00:00+00:00
[2024-09-19T18:34:45.150+0000] {processor.py:208} INFO - Processing /home/airflow/.local/lib/python3.12/site-packages/airflow/example_dags/example_task_group.py took 0.044 seconds
[2024-09-19T18:35:16.176+0000] {processor.py:186} INFO - Started process (PID=2474) to work on /home/airflow/.local/lib/python3.12/site-packages/airflow/example_dags/example_task_group.py
[2024-09-19T18:35:16.177+0000] {processor.py:914} INFO - Processing file /home/airflow/.local/lib/python3.12/site-packages/airflow/example_dags/example_task_group.py for tasks to queue
[2024-09-19T18:35:16.179+0000] {logging_mixin.py:190} INFO - [2024-09-19T18:35:16.179+0000] {dagbag.py:587} INFO - Filling up the DagBag from /home/airflow/.local/lib/python3.12/site-packages/airflow/example_dags/example_task_group.py
[2024-09-19T18:35:16.183+0000] {processor.py:925} INFO - DAG(s) 'example_task_group' retrieved from /home/airflow/.local/lib/python3.12/site-packages/airflow/example_dags/example_task_group.py
[2024-09-19T18:35:16.192+0000] {logging_mixin.py:190} INFO - [2024-09-19T18:35:16.192+0000] {dag.py:3211} INFO - Sync 1 DAGs
[2024-09-19T18:35:16.202+0000] {logging_mixin.py:190} INFO - [2024-09-19T18:35:16.202+0000] {dag.py:4138} INFO - Setting next_dagrun for example_task_group to 2024-09-18 00:00:00+00:00, run_after=2024-09-19 00:00:00+00:00
[2024-09-19T18:35:16.213+0000] {processor.py:208} INFO - Processing /home/airflow/.local/lib/python3.12/site-packages/airflow/example_dags/example_task_group.py took 0.040 seconds
[2024-09-19T18:35:46.735+0000] {processor.py:186} INFO - Started process (PID=2536) to work on /home/airflow/.local/lib/python3.12/site-packages/airflow/example_dags/example_task_group.py
[2024-09-19T18:35:46.736+0000] {processor.py:914} INFO - Processing file /home/airflow/.local/lib/python3.12/site-packages/airflow/example_dags/example_task_group.py for tasks to queue
[2024-09-19T18:35:46.738+0000] {logging_mixin.py:190} INFO - [2024-09-19T18:35:46.737+0000] {dagbag.py:587} INFO - Filling up the DagBag from /home/airflow/.local/lib/python3.12/site-packages/airflow/example_dags/example_task_group.py
[2024-09-19T18:35:46.742+0000] {processor.py:925} INFO - DAG(s) 'example_task_group' retrieved from /home/airflow/.local/lib/python3.12/site-packages/airflow/example_dags/example_task_group.py
[2024-09-19T18:35:46.752+0000] {logging_mixin.py:190} INFO - [2024-09-19T18:35:46.752+0000] {dag.py:3211} INFO - Sync 1 DAGs
[2024-09-19T18:35:46.761+0000] {logging_mixin.py:190} INFO - [2024-09-19T18:35:46.761+0000] {dag.py:4138} INFO - Setting next_dagrun for example_task_group to 2024-09-18 00:00:00+00:00, run_after=2024-09-19 00:00:00+00:00
[2024-09-19T18:35:46.769+0000] {processor.py:208} INFO - Processing /home/airflow/.local/lib/python3.12/site-packages/airflow/example_dags/example_task_group.py took 0.037 seconds
[2024-09-19T18:36:18.045+0000] {processor.py:186} INFO - Started process (PID=2598) to work on /home/airflow/.local/lib/python3.12/site-packages/airflow/example_dags/example_task_group.py
[2024-09-19T18:36:18.047+0000] {processor.py:914} INFO - Processing file /home/airflow/.local/lib/python3.12/site-packages/airflow/example_dags/example_task_group.py for tasks to queue
[2024-09-19T18:36:18.049+0000] {logging_mixin.py:190} INFO - [2024-09-19T18:36:18.049+0000] {dagbag.py:587} INFO - Filling up the DagBag from /home/airflow/.local/lib/python3.12/site-packages/airflow/example_dags/example_task_group.py
[2024-09-19T18:36:18.053+0000] {processor.py:925} INFO - DAG(s) 'example_task_group' retrieved from /home/airflow/.local/lib/python3.12/site-packages/airflow/example_dags/example_task_group.py
[2024-09-19T18:36:18.066+0000] {logging_mixin.py:190} INFO - [2024-09-19T18:36:18.066+0000] {dag.py:3211} INFO - Sync 1 DAGs
[2024-09-19T18:36:18.079+0000] {logging_mixin.py:190} INFO - [2024-09-19T18:36:18.079+0000] {dag.py:4138} INFO - Setting next_dagrun for example_task_group to 2024-09-18 00:00:00+00:00, run_after=2024-09-19 00:00:00+00:00
[2024-09-19T18:36:18.094+0000] {processor.py:208} INFO - Processing /home/airflow/.local/lib/python3.12/site-packages/airflow/example_dags/example_task_group.py took 0.052 seconds
[2024-09-19T18:36:49.029+0000] {processor.py:186} INFO - Started process (PID=2660) to work on /home/airflow/.local/lib/python3.12/site-packages/airflow/example_dags/example_task_group.py
[2024-09-19T18:36:49.030+0000] {processor.py:914} INFO - Processing file /home/airflow/.local/lib/python3.12/site-packages/airflow/example_dags/example_task_group.py for tasks to queue
[2024-09-19T18:36:49.032+0000] {logging_mixin.py:190} INFO - [2024-09-19T18:36:49.032+0000] {dagbag.py:587} INFO - Filling up the DagBag from /home/airflow/.local/lib/python3.12/site-packages/airflow/example_dags/example_task_group.py
[2024-09-19T18:36:49.039+0000] {processor.py:925} INFO - DAG(s) 'example_task_group' retrieved from /home/airflow/.local/lib/python3.12/site-packages/airflow/example_dags/example_task_group.py
[2024-09-19T18:36:49.065+0000] {logging_mixin.py:190} INFO - [2024-09-19T18:36:49.064+0000] {dag.py:3211} INFO - Sync 1 DAGs
[2024-09-19T18:36:49.085+0000] {logging_mixin.py:190} INFO - [2024-09-19T18:36:49.085+0000] {dag.py:4138} INFO - Setting next_dagrun for example_task_group to 2024-09-18 00:00:00+00:00, run_after=2024-09-19 00:00:00+00:00
[2024-09-19T18:36:49.097+0000] {processor.py:208} INFO - Processing /home/airflow/.local/lib/python3.12/site-packages/airflow/example_dags/example_task_group.py took 0.071 seconds
[2024-09-19T18:37:19.557+0000] {processor.py:186} INFO - Started process (PID=2722) to work on /home/airflow/.local/lib/python3.12/site-packages/airflow/example_dags/example_task_group.py
[2024-09-19T18:37:19.558+0000] {processor.py:914} INFO - Processing file /home/airflow/.local/lib/python3.12/site-packages/airflow/example_dags/example_task_group.py for tasks to queue
[2024-09-19T18:37:19.558+0000] {logging_mixin.py:190} INFO - [2024-09-19T18:37:19.558+0000] {dagbag.py:587} INFO - Filling up the DagBag from /home/airflow/.local/lib/python3.12/site-packages/airflow/example_dags/example_task_group.py
[2024-09-19T18:37:19.562+0000] {processor.py:925} INFO - DAG(s) 'example_task_group' retrieved from /home/airflow/.local/lib/python3.12/site-packages/airflow/example_dags/example_task_group.py
[2024-09-19T18:37:19.571+0000] {logging_mixin.py:190} INFO - [2024-09-19T18:37:19.570+0000] {dag.py:3211} INFO - Sync 1 DAGs
[2024-09-19T18:37:19.579+0000] {logging_mixin.py:190} INFO - [2024-09-19T18:37:19.579+0000] {dag.py:4138} INFO - Setting next_dagrun for example_task_group to 2024-09-18 00:00:00+00:00, run_after=2024-09-19 00:00:00+00:00
[2024-09-19T18:37:19.585+0000] {processor.py:208} INFO - Processing /home/airflow/.local/lib/python3.12/site-packages/airflow/example_dags/example_task_group.py took 0.030 seconds
[2024-09-19T18:37:50.754+0000] {processor.py:186} INFO - Started process (PID=2784) to work on /home/airflow/.local/lib/python3.12/site-packages/airflow/example_dags/example_task_group.py
[2024-09-19T18:37:50.755+0000] {processor.py:914} INFO - Processing file /home/airflow/.local/lib/python3.12/site-packages/airflow/example_dags/example_task_group.py for tasks to queue
[2024-09-19T18:37:50.758+0000] {logging_mixin.py:190} INFO - [2024-09-19T18:37:50.758+0000] {dagbag.py:587} INFO - Filling up the DagBag from /home/airflow/.local/lib/python3.12/site-packages/airflow/example_dags/example_task_group.py
[2024-09-19T18:37:50.766+0000] {processor.py:925} INFO - DAG(s) 'example_task_group' retrieved from /home/airflow/.local/lib/python3.12/site-packages/airflow/example_dags/example_task_group.py
[2024-09-19T18:37:50.782+0000] {logging_mixin.py:190} INFO - [2024-09-19T18:37:50.782+0000] {dag.py:3211} INFO - Sync 1 DAGs
[2024-09-19T18:37:50.799+0000] {logging_mixin.py:190} INFO - [2024-09-19T18:37:50.799+0000] {dag.py:4138} INFO - Setting next_dagrun for example_task_group to 2024-09-18 00:00:00+00:00, run_after=2024-09-19 00:00:00+00:00
[2024-09-19T18:37:50.812+0000] {processor.py:208} INFO - Processing /home/airflow/.local/lib/python3.12/site-packages/airflow/example_dags/example_task_group.py took 0.060 seconds
[2024-09-19T18:38:22.500+0000] {processor.py:186} INFO - Started process (PID=2846) to work on /home/airflow/.local/lib/python3.12/site-packages/airflow/example_dags/example_task_group.py
[2024-09-19T18:38:22.502+0000] {processor.py:914} INFO - Processing file /home/airflow/.local/lib/python3.12/site-packages/airflow/example_dags/example_task_group.py for tasks to queue
[2024-09-19T18:38:22.504+0000] {logging_mixin.py:190} INFO - [2024-09-19T18:38:22.503+0000] {dagbag.py:587} INFO - Filling up the DagBag from /home/airflow/.local/lib/python3.12/site-packages/airflow/example_dags/example_task_group.py
[2024-09-19T18:38:22.508+0000] {processor.py:925} INFO - DAG(s) 'example_task_group' retrieved from /home/airflow/.local/lib/python3.12/site-packages/airflow/example_dags/example_task_group.py
[2024-09-19T18:38:22.706+0000] {logging_mixin.py:190} INFO - [2024-09-19T18:38:22.683+0000] {dag.py:3211} INFO - Sync 1 DAGs
[2024-09-19T18:38:22.799+0000] {logging_mixin.py:190} INFO - [2024-09-19T18:38:22.798+0000] {dag.py:4138} INFO - Setting next_dagrun for example_task_group to 2024-09-18 00:00:00+00:00, run_after=2024-09-19 00:00:00+00:00
[2024-09-19T18:38:22.874+0000] {processor.py:208} INFO - Processing /home/airflow/.local/lib/python3.12/site-packages/airflow/example_dags/example_task_group.py took 0.376 seconds
[2024-09-19T18:38:53.208+0000] {processor.py:186} INFO - Started process (PID=2908) to work on /home/airflow/.local/lib/python3.12/site-packages/airflow/example_dags/example_task_group.py
[2024-09-19T18:38:53.210+0000] {processor.py:914} INFO - Processing file /home/airflow/.local/lib/python3.12/site-packages/airflow/example_dags/example_task_group.py for tasks to queue
[2024-09-19T18:38:53.214+0000] {logging_mixin.py:190} INFO - [2024-09-19T18:38:53.214+0000] {dagbag.py:587} INFO - Filling up the DagBag from /home/airflow/.local/lib/python3.12/site-packages/airflow/example_dags/example_task_group.py
[2024-09-19T18:38:53.225+0000] {processor.py:925} INFO - DAG(s) 'example_task_group' retrieved from /home/airflow/.local/lib/python3.12/site-packages/airflow/example_dags/example_task_group.py
[2024-09-19T18:38:53.243+0000] {logging_mixin.py:190} INFO - [2024-09-19T18:38:53.243+0000] {dag.py:3211} INFO - Sync 1 DAGs
[2024-09-19T18:38:53.259+0000] {logging_mixin.py:190} INFO - [2024-09-19T18:38:53.259+0000] {dag.py:4138} INFO - Setting next_dagrun for example_task_group to 2024-09-18 00:00:00+00:00, run_after=2024-09-19 00:00:00+00:00
[2024-09-19T18:38:53.274+0000] {processor.py:208} INFO - Processing /home/airflow/.local/lib/python3.12/site-packages/airflow/example_dags/example_task_group.py took 0.068 seconds
[2024-09-19T18:39:23.797+0000] {processor.py:186} INFO - Started process (PID=2970) to work on /home/airflow/.local/lib/python3.12/site-packages/airflow/example_dags/example_task_group.py
[2024-09-19T18:39:23.800+0000] {processor.py:914} INFO - Processing file /home/airflow/.local/lib/python3.12/site-packages/airflow/example_dags/example_task_group.py for tasks to queue
[2024-09-19T18:39:23.804+0000] {logging_mixin.py:190} INFO - [2024-09-19T18:39:23.804+0000] {dagbag.py:587} INFO - Filling up the DagBag from /home/airflow/.local/lib/python3.12/site-packages/airflow/example_dags/example_task_group.py
[2024-09-19T18:39:23.809+0000] {processor.py:925} INFO - DAG(s) 'example_task_group' retrieved from /home/airflow/.local/lib/python3.12/site-packages/airflow/example_dags/example_task_group.py
[2024-09-19T18:39:23.837+0000] {logging_mixin.py:190} INFO - [2024-09-19T18:39:23.837+0000] {dag.py:3211} INFO - Sync 1 DAGs
[2024-09-19T18:39:23.851+0000] {logging_mixin.py:190} INFO - [2024-09-19T18:39:23.850+0000] {dag.py:4138} INFO - Setting next_dagrun for example_task_group to 2024-09-18 00:00:00+00:00, run_after=2024-09-19 00:00:00+00:00
[2024-09-19T18:39:23.860+0000] {processor.py:208} INFO - Processing /home/airflow/.local/lib/python3.12/site-packages/airflow/example_dags/example_task_group.py took 0.066 seconds
[2024-09-19T18:39:54.982+0000] {processor.py:186} INFO - Started process (PID=3032) to work on /home/airflow/.local/lib/python3.12/site-packages/airflow/example_dags/example_task_group.py
[2024-09-19T18:39:54.984+0000] {processor.py:914} INFO - Processing file /home/airflow/.local/lib/python3.12/site-packages/airflow/example_dags/example_task_group.py for tasks to queue
[2024-09-19T18:39:54.986+0000] {logging_mixin.py:190} INFO - [2024-09-19T18:39:54.985+0000] {dagbag.py:587} INFO - Filling up the DagBag from /home/airflow/.local/lib/python3.12/site-packages/airflow/example_dags/example_task_group.py
[2024-09-19T18:39:54.991+0000] {processor.py:925} INFO - DAG(s) 'example_task_group' retrieved from /home/airflow/.local/lib/python3.12/site-packages/airflow/example_dags/example_task_group.py
[2024-09-19T18:39:55.006+0000] {logging_mixin.py:190} INFO - [2024-09-19T18:39:55.005+0000] {dag.py:3211} INFO - Sync 1 DAGs
[2024-09-19T18:39:55.017+0000] {logging_mixin.py:190} INFO - [2024-09-19T18:39:55.016+0000] {dag.py:4138} INFO - Setting next_dagrun for example_task_group to 2024-09-18 00:00:00+00:00, run_after=2024-09-19 00:00:00+00:00
[2024-09-19T18:39:55.034+0000] {processor.py:208} INFO - Processing /home/airflow/.local/lib/python3.12/site-packages/airflow/example_dags/example_task_group.py took 0.055 seconds
[2024-09-19T18:40:26.011+0000] {processor.py:186} INFO - Started process (PID=3094) to work on /home/airflow/.local/lib/python3.12/site-packages/airflow/example_dags/example_task_group.py
[2024-09-19T18:40:26.013+0000] {processor.py:914} INFO - Processing file /home/airflow/.local/lib/python3.12/site-packages/airflow/example_dags/example_task_group.py for tasks to queue
[2024-09-19T18:40:26.016+0000] {logging_mixin.py:190} INFO - [2024-09-19T18:40:26.016+0000] {dagbag.py:587} INFO - Filling up the DagBag from /home/airflow/.local/lib/python3.12/site-packages/airflow/example_dags/example_task_group.py
[2024-09-19T18:40:26.020+0000] {processor.py:925} INFO - DAG(s) 'example_task_group' retrieved from /home/airflow/.local/lib/python3.12/site-packages/airflow/example_dags/example_task_group.py
[2024-09-19T18:40:26.032+0000] {logging_mixin.py:190} INFO - [2024-09-19T18:40:26.032+0000] {dag.py:3211} INFO - Sync 1 DAGs
[2024-09-19T18:40:26.042+0000] {logging_mixin.py:190} INFO - [2024-09-19T18:40:26.041+0000] {dag.py:4138} INFO - Setting next_dagrun for example_task_group to 2024-09-18 00:00:00+00:00, run_after=2024-09-19 00:00:00+00:00
[2024-09-19T18:40:26.052+0000] {processor.py:208} INFO - Processing /home/airflow/.local/lib/python3.12/site-packages/airflow/example_dags/example_task_group.py took 0.043 seconds
[2024-09-19T18:40:56.621+0000] {processor.py:186} INFO - Started process (PID=3156) to work on /home/airflow/.local/lib/python3.12/site-packages/airflow/example_dags/example_task_group.py
[2024-09-19T18:40:56.624+0000] {processor.py:914} INFO - Processing file /home/airflow/.local/lib/python3.12/site-packages/airflow/example_dags/example_task_group.py for tasks to queue
[2024-09-19T18:40:56.625+0000] {logging_mixin.py:190} INFO - [2024-09-19T18:40:56.625+0000] {dagbag.py:587} INFO - Filling up the DagBag from /home/airflow/.local/lib/python3.12/site-packages/airflow/example_dags/example_task_group.py
[2024-09-19T18:40:56.629+0000] {processor.py:925} INFO - DAG(s) 'example_task_group' retrieved from /home/airflow/.local/lib/python3.12/site-packages/airflow/example_dags/example_task_group.py
[2024-09-19T18:40:56.641+0000] {logging_mixin.py:190} INFO - [2024-09-19T18:40:56.641+0000] {dag.py:3211} INFO - Sync 1 DAGs
[2024-09-19T18:40:56.654+0000] {logging_mixin.py:190} INFO - [2024-09-19T18:40:56.654+0000] {dag.py:4138} INFO - Setting next_dagrun for example_task_group to 2024-09-18 00:00:00+00:00, run_after=2024-09-19 00:00:00+00:00
[2024-09-19T18:40:56.663+0000] {processor.py:208} INFO - Processing /home/airflow/.local/lib/python3.12/site-packages/airflow/example_dags/example_task_group.py took 0.044 seconds
[2024-09-19T18:41:27.592+0000] {processor.py:186} INFO - Started process (PID=3218) to work on /home/airflow/.local/lib/python3.12/site-packages/airflow/example_dags/example_task_group.py
[2024-09-19T18:41:27.594+0000] {processor.py:914} INFO - Processing file /home/airflow/.local/lib/python3.12/site-packages/airflow/example_dags/example_task_group.py for tasks to queue
[2024-09-19T18:41:27.595+0000] {logging_mixin.py:190} INFO - [2024-09-19T18:41:27.595+0000] {dagbag.py:587} INFO - Filling up the DagBag from /home/airflow/.local/lib/python3.12/site-packages/airflow/example_dags/example_task_group.py
[2024-09-19T18:41:27.601+0000] {processor.py:925} INFO - DAG(s) 'example_task_group' retrieved from /home/airflow/.local/lib/python3.12/site-packages/airflow/example_dags/example_task_group.py
[2024-09-19T18:41:27.614+0000] {logging_mixin.py:190} INFO - [2024-09-19T18:41:27.614+0000] {dag.py:3211} INFO - Sync 1 DAGs
[2024-09-19T18:41:27.630+0000] {logging_mixin.py:190} INFO - [2024-09-19T18:41:27.630+0000] {dag.py:4138} INFO - Setting next_dagrun for example_task_group to 2024-09-18 00:00:00+00:00, run_after=2024-09-19 00:00:00+00:00
[2024-09-19T18:41:27.641+0000] {processor.py:208} INFO - Processing /home/airflow/.local/lib/python3.12/site-packages/airflow/example_dags/example_task_group.py took 0.052 seconds
[2024-09-19T18:41:58.492+0000] {processor.py:186} INFO - Started process (PID=3280) to work on /home/airflow/.local/lib/python3.12/site-packages/airflow/example_dags/example_task_group.py
[2024-09-19T18:41:58.492+0000] {processor.py:914} INFO - Processing file /home/airflow/.local/lib/python3.12/site-packages/airflow/example_dags/example_task_group.py for tasks to queue
[2024-09-19T18:41:58.494+0000] {logging_mixin.py:190} INFO - [2024-09-19T18:41:58.494+0000] {dagbag.py:587} INFO - Filling up the DagBag from /home/airflow/.local/lib/python3.12/site-packages/airflow/example_dags/example_task_group.py
[2024-09-19T18:41:58.499+0000] {processor.py:925} INFO - DAG(s) 'example_task_group' retrieved from /home/airflow/.local/lib/python3.12/site-packages/airflow/example_dags/example_task_group.py
[2024-09-19T18:41:58.514+0000] {logging_mixin.py:190} INFO - [2024-09-19T18:41:58.514+0000] {dag.py:3211} INFO - Sync 1 DAGs
[2024-09-19T18:41:58.528+0000] {logging_mixin.py:190} INFO - [2024-09-19T18:41:58.528+0000] {dag.py:4138} INFO - Setting next_dagrun for example_task_group to 2024-09-18 00:00:00+00:00, run_after=2024-09-19 00:00:00+00:00
[2024-09-19T18:41:58.542+0000] {processor.py:208} INFO - Processing /home/airflow/.local/lib/python3.12/site-packages/airflow/example_dags/example_task_group.py took 0.054 seconds
[2024-09-19T18:42:29.685+0000] {processor.py:186} INFO - Started process (PID=3342) to work on /home/airflow/.local/lib/python3.12/site-packages/airflow/example_dags/example_task_group.py
[2024-09-19T18:42:29.687+0000] {processor.py:914} INFO - Processing file /home/airflow/.local/lib/python3.12/site-packages/airflow/example_dags/example_task_group.py for tasks to queue
[2024-09-19T18:42:29.689+0000] {logging_mixin.py:190} INFO - [2024-09-19T18:42:29.688+0000] {dagbag.py:587} INFO - Filling up the DagBag from /home/airflow/.local/lib/python3.12/site-packages/airflow/example_dags/example_task_group.py
[2024-09-19T18:42:29.693+0000] {processor.py:925} INFO - DAG(s) 'example_task_group' retrieved from /home/airflow/.local/lib/python3.12/site-packages/airflow/example_dags/example_task_group.py
[2024-09-19T18:42:29.705+0000] {logging_mixin.py:190} INFO - [2024-09-19T18:42:29.705+0000] {dag.py:3211} INFO - Sync 1 DAGs
[2024-09-19T18:42:29.715+0000] {logging_mixin.py:190} INFO - [2024-09-19T18:42:29.715+0000] {dag.py:4138} INFO - Setting next_dagrun for example_task_group to 2024-09-18 00:00:00+00:00, run_after=2024-09-19 00:00:00+00:00
[2024-09-19T18:42:29.728+0000] {processor.py:208} INFO - Processing /home/airflow/.local/lib/python3.12/site-packages/airflow/example_dags/example_task_group.py took 0.047 seconds
[2024-09-19T18:43:00.492+0000] {processor.py:186} INFO - Started process (PID=3404) to work on /home/airflow/.local/lib/python3.12/site-packages/airflow/example_dags/example_task_group.py
[2024-09-19T18:43:00.493+0000] {processor.py:914} INFO - Processing file /home/airflow/.local/lib/python3.12/site-packages/airflow/example_dags/example_task_group.py for tasks to queue
[2024-09-19T18:43:00.494+0000] {logging_mixin.py:190} INFO - [2024-09-19T18:43:00.494+0000] {dagbag.py:587} INFO - Filling up the DagBag from /home/airflow/.local/lib/python3.12/site-packages/airflow/example_dags/example_task_group.py
[2024-09-19T18:43:00.501+0000] {processor.py:925} INFO - DAG(s) 'example_task_group' retrieved from /home/airflow/.local/lib/python3.12/site-packages/airflow/example_dags/example_task_group.py
[2024-09-19T18:43:00.515+0000] {logging_mixin.py:190} INFO - [2024-09-19T18:43:00.515+0000] {dag.py:3211} INFO - Sync 1 DAGs
[2024-09-19T18:43:00.528+0000] {logging_mixin.py:190} INFO - [2024-09-19T18:43:00.528+0000] {dag.py:4138} INFO - Setting next_dagrun for example_task_group to 2024-09-18 00:00:00+00:00, run_after=2024-09-19 00:00:00+00:00
[2024-09-19T18:43:00.537+0000] {processor.py:208} INFO - Processing /home/airflow/.local/lib/python3.12/site-packages/airflow/example_dags/example_task_group.py took 0.048 seconds
[2024-09-19T18:43:31.890+0000] {processor.py:186} INFO - Started process (PID=3466) to work on /home/airflow/.local/lib/python3.12/site-packages/airflow/example_dags/example_task_group.py
[2024-09-19T18:43:31.897+0000] {processor.py:914} INFO - Processing file /home/airflow/.local/lib/python3.12/site-packages/airflow/example_dags/example_task_group.py for tasks to queue
[2024-09-19T18:43:31.900+0000] {logging_mixin.py:190} INFO - [2024-09-19T18:43:31.900+0000] {dagbag.py:587} INFO - Filling up the DagBag from /home/airflow/.local/lib/python3.12/site-packages/airflow/example_dags/example_task_group.py
[2024-09-19T18:43:31.920+0000] {processor.py:925} INFO - DAG(s) 'example_task_group' retrieved from /home/airflow/.local/lib/python3.12/site-packages/airflow/example_dags/example_task_group.py
[2024-09-19T18:43:31.943+0000] {logging_mixin.py:190} INFO - [2024-09-19T18:43:31.943+0000] {dag.py:3211} INFO - Sync 1 DAGs
[2024-09-19T18:43:32.099+0000] {logging_mixin.py:190} INFO - [2024-09-19T18:43:32.099+0000] {dag.py:4138} INFO - Setting next_dagrun for example_task_group to 2024-09-18 00:00:00+00:00, run_after=2024-09-19 00:00:00+00:00
[2024-09-19T18:43:32.112+0000] {processor.py:208} INFO - Processing /home/airflow/.local/lib/python3.12/site-packages/airflow/example_dags/example_task_group.py took 0.225 seconds
[2024-09-19T18:44:02.471+0000] {processor.py:186} INFO - Started process (PID=3528) to work on /home/airflow/.local/lib/python3.12/site-packages/airflow/example_dags/example_task_group.py
[2024-09-19T18:44:02.472+0000] {processor.py:914} INFO - Processing file /home/airflow/.local/lib/python3.12/site-packages/airflow/example_dags/example_task_group.py for tasks to queue
[2024-09-19T18:44:02.474+0000] {logging_mixin.py:190} INFO - [2024-09-19T18:44:02.474+0000] {dagbag.py:587} INFO - Filling up the DagBag from /home/airflow/.local/lib/python3.12/site-packages/airflow/example_dags/example_task_group.py
[2024-09-19T18:44:02.482+0000] {processor.py:925} INFO - DAG(s) 'example_task_group' retrieved from /home/airflow/.local/lib/python3.12/site-packages/airflow/example_dags/example_task_group.py
[2024-09-19T18:44:02.499+0000] {logging_mixin.py:190} INFO - [2024-09-19T18:44:02.498+0000] {dag.py:3211} INFO - Sync 1 DAGs
[2024-09-19T18:44:02.532+0000] {logging_mixin.py:190} INFO - [2024-09-19T18:44:02.532+0000] {dag.py:4138} INFO - Setting next_dagrun for example_task_group to 2024-09-18 00:00:00+00:00, run_after=2024-09-19 00:00:00+00:00
[2024-09-19T18:44:02.777+0000] {processor.py:208} INFO - Processing /home/airflow/.local/lib/python3.12/site-packages/airflow/example_dags/example_task_group.py took 0.311 seconds
[2024-09-19T18:44:33.316+0000] {processor.py:186} INFO - Started process (PID=3590) to work on /home/airflow/.local/lib/python3.12/site-packages/airflow/example_dags/example_task_group.py
[2024-09-19T18:44:33.318+0000] {processor.py:914} INFO - Processing file /home/airflow/.local/lib/python3.12/site-packages/airflow/example_dags/example_task_group.py for tasks to queue
[2024-09-19T18:44:33.319+0000] {logging_mixin.py:190} INFO - [2024-09-19T18:44:33.319+0000] {dagbag.py:587} INFO - Filling up the DagBag from /home/airflow/.local/lib/python3.12/site-packages/airflow/example_dags/example_task_group.py
[2024-09-19T18:44:33.325+0000] {processor.py:925} INFO - DAG(s) 'example_task_group' retrieved from /home/airflow/.local/lib/python3.12/site-packages/airflow/example_dags/example_task_group.py
[2024-09-19T18:44:33.336+0000] {logging_mixin.py:190} INFO - [2024-09-19T18:44:33.336+0000] {dag.py:3211} INFO - Sync 1 DAGs
[2024-09-19T18:44:33.348+0000] {logging_mixin.py:190} INFO - [2024-09-19T18:44:33.348+0000] {dag.py:4138} INFO - Setting next_dagrun for example_task_group to 2024-09-18 00:00:00+00:00, run_after=2024-09-19 00:00:00+00:00
[2024-09-19T18:44:33.497+0000] {processor.py:208} INFO - Processing /home/airflow/.local/lib/python3.12/site-packages/airflow/example_dags/example_task_group.py took 0.184 seconds
[2024-09-19T18:45:04.369+0000] {processor.py:186} INFO - Started process (PID=3652) to work on /home/airflow/.local/lib/python3.12/site-packages/airflow/example_dags/example_task_group.py
[2024-09-19T18:45:04.373+0000] {processor.py:914} INFO - Processing file /home/airflow/.local/lib/python3.12/site-packages/airflow/example_dags/example_task_group.py for tasks to queue
[2024-09-19T18:45:04.377+0000] {logging_mixin.py:190} INFO - [2024-09-19T18:45:04.377+0000] {dagbag.py:587} INFO - Filling up the DagBag from /home/airflow/.local/lib/python3.12/site-packages/airflow/example_dags/example_task_group.py
[2024-09-19T18:45:04.384+0000] {processor.py:925} INFO - DAG(s) 'example_task_group' retrieved from /home/airflow/.local/lib/python3.12/site-packages/airflow/example_dags/example_task_group.py
[2024-09-19T18:45:04.398+0000] {logging_mixin.py:190} INFO - [2024-09-19T18:45:04.397+0000] {dag.py:3211} INFO - Sync 1 DAGs
[2024-09-19T18:45:04.412+0000] {logging_mixin.py:190} INFO - [2024-09-19T18:45:04.412+0000] {dag.py:4138} INFO - Setting next_dagrun for example_task_group to 2024-09-18 00:00:00+00:00, run_after=2024-09-19 00:00:00+00:00
[2024-09-19T18:45:04.429+0000] {processor.py:208} INFO - Processing /home/airflow/.local/lib/python3.12/site-packages/airflow/example_dags/example_task_group.py took 0.067 seconds
[2024-09-19T18:45:34.479+0000] {processor.py:186} INFO - Started process (PID=3714) to work on /home/airflow/.local/lib/python3.12/site-packages/airflow/example_dags/example_task_group.py
[2024-09-19T18:45:34.481+0000] {processor.py:914} INFO - Processing file /home/airflow/.local/lib/python3.12/site-packages/airflow/example_dags/example_task_group.py for tasks to queue
[2024-09-19T18:45:34.484+0000] {logging_mixin.py:190} INFO - [2024-09-19T18:45:34.483+0000] {dagbag.py:587} INFO - Filling up the DagBag from /home/airflow/.local/lib/python3.12/site-packages/airflow/example_dags/example_task_group.py
[2024-09-19T18:45:34.488+0000] {processor.py:925} INFO - DAG(s) 'example_task_group' retrieved from /home/airflow/.local/lib/python3.12/site-packages/airflow/example_dags/example_task_group.py
[2024-09-19T18:45:34.501+0000] {logging_mixin.py:190} INFO - [2024-09-19T18:45:34.501+0000] {dag.py:3211} INFO - Sync 1 DAGs
[2024-09-19T18:45:34.510+0000] {logging_mixin.py:190} INFO - [2024-09-19T18:45:34.510+0000] {dag.py:4138} INFO - Setting next_dagrun for example_task_group to 2024-09-18 00:00:00+00:00, run_after=2024-09-19 00:00:00+00:00
[2024-09-19T18:45:34.524+0000] {processor.py:208} INFO - Processing /home/airflow/.local/lib/python3.12/site-packages/airflow/example_dags/example_task_group.py took 0.048 seconds
[2024-09-19T18:46:05.233+0000] {processor.py:186} INFO - Started process (PID=3776) to work on /home/airflow/.local/lib/python3.12/site-packages/airflow/example_dags/example_task_group.py
[2024-09-19T18:46:05.235+0000] {processor.py:914} INFO - Processing file /home/airflow/.local/lib/python3.12/site-packages/airflow/example_dags/example_task_group.py for tasks to queue
[2024-09-19T18:46:05.236+0000] {logging_mixin.py:190} INFO - [2024-09-19T18:46:05.236+0000] {dagbag.py:587} INFO - Filling up the DagBag from /home/airflow/.local/lib/python3.12/site-packages/airflow/example_dags/example_task_group.py
[2024-09-19T18:46:05.241+0000] {processor.py:925} INFO - DAG(s) 'example_task_group' retrieved from /home/airflow/.local/lib/python3.12/site-packages/airflow/example_dags/example_task_group.py
[2024-09-19T18:46:05.250+0000] {logging_mixin.py:190} INFO - [2024-09-19T18:46:05.249+0000] {dag.py:3211} INFO - Sync 1 DAGs
[2024-09-19T18:46:05.260+0000] {logging_mixin.py:190} INFO - [2024-09-19T18:46:05.260+0000] {dag.py:4138} INFO - Setting next_dagrun for example_task_group to 2024-09-18 00:00:00+00:00, run_after=2024-09-19 00:00:00+00:00
[2024-09-19T18:46:05.267+0000] {processor.py:208} INFO - Processing /home/airflow/.local/lib/python3.12/site-packages/airflow/example_dags/example_task_group.py took 0.037 seconds
[2024-09-19T18:46:36.081+0000] {processor.py:186} INFO - Started process (PID=3838) to work on /home/airflow/.local/lib/python3.12/site-packages/airflow/example_dags/example_task_group.py
[2024-09-19T18:46:36.084+0000] {processor.py:914} INFO - Processing file /home/airflow/.local/lib/python3.12/site-packages/airflow/example_dags/example_task_group.py for tasks to queue
[2024-09-19T18:46:36.086+0000] {logging_mixin.py:190} INFO - [2024-09-19T18:46:36.086+0000] {dagbag.py:587} INFO - Filling up the DagBag from /home/airflow/.local/lib/python3.12/site-packages/airflow/example_dags/example_task_group.py
[2024-09-19T18:46:36.091+0000] {processor.py:925} INFO - DAG(s) 'example_task_group' retrieved from /home/airflow/.local/lib/python3.12/site-packages/airflow/example_dags/example_task_group.py
[2024-09-19T18:46:36.102+0000] {logging_mixin.py:190} INFO - [2024-09-19T18:46:36.102+0000] {dag.py:3211} INFO - Sync 1 DAGs
[2024-09-19T18:46:36.114+0000] {logging_mixin.py:190} INFO - [2024-09-19T18:46:36.114+0000] {dag.py:4138} INFO - Setting next_dagrun for example_task_group to 2024-09-18 00:00:00+00:00, run_after=2024-09-19 00:00:00+00:00
[2024-09-19T18:46:36.121+0000] {processor.py:208} INFO - Processing /home/airflow/.local/lib/python3.12/site-packages/airflow/example_dags/example_task_group.py took 0.043 seconds
[2024-09-19T18:47:07.269+0000] {processor.py:186} INFO - Started process (PID=3900) to work on /home/airflow/.local/lib/python3.12/site-packages/airflow/example_dags/example_task_group.py
[2024-09-19T18:47:07.270+0000] {processor.py:914} INFO - Processing file /home/airflow/.local/lib/python3.12/site-packages/airflow/example_dags/example_task_group.py for tasks to queue
[2024-09-19T18:47:07.271+0000] {logging_mixin.py:190} INFO - [2024-09-19T18:47:07.271+0000] {dagbag.py:587} INFO - Filling up the DagBag from /home/airflow/.local/lib/python3.12/site-packages/airflow/example_dags/example_task_group.py
[2024-09-19T18:47:07.276+0000] {processor.py:925} INFO - DAG(s) 'example_task_group' retrieved from /home/airflow/.local/lib/python3.12/site-packages/airflow/example_dags/example_task_group.py
[2024-09-19T18:47:07.285+0000] {logging_mixin.py:190} INFO - [2024-09-19T18:47:07.285+0000] {dag.py:3211} INFO - Sync 1 DAGs
[2024-09-19T18:47:07.296+0000] {logging_mixin.py:190} INFO - [2024-09-19T18:47:07.296+0000] {dag.py:4138} INFO - Setting next_dagrun for example_task_group to 2024-09-18 00:00:00+00:00, run_after=2024-09-19 00:00:00+00:00
[2024-09-19T18:47:07.303+0000] {processor.py:208} INFO - Processing /home/airflow/.local/lib/python3.12/site-packages/airflow/example_dags/example_task_group.py took 0.037 seconds
[2024-09-19T18:47:37.918+0000] {processor.py:186} INFO - Started process (PID=3962) to work on /home/airflow/.local/lib/python3.12/site-packages/airflow/example_dags/example_task_group.py
[2024-09-19T18:47:37.922+0000] {processor.py:914} INFO - Processing file /home/airflow/.local/lib/python3.12/site-packages/airflow/example_dags/example_task_group.py for tasks to queue
[2024-09-19T18:47:37.927+0000] {logging_mixin.py:190} INFO - [2024-09-19T18:47:37.926+0000] {dagbag.py:587} INFO - Filling up the DagBag from /home/airflow/.local/lib/python3.12/site-packages/airflow/example_dags/example_task_group.py
[2024-09-19T18:47:37.931+0000] {processor.py:925} INFO - DAG(s) 'example_task_group' retrieved from /home/airflow/.local/lib/python3.12/site-packages/airflow/example_dags/example_task_group.py
[2024-09-19T18:47:37.940+0000] {logging_mixin.py:190} INFO - [2024-09-19T18:47:37.940+0000] {dag.py:3211} INFO - Sync 1 DAGs
[2024-09-19T18:47:37.953+0000] {logging_mixin.py:190} INFO - [2024-09-19T18:47:37.953+0000] {dag.py:4138} INFO - Setting next_dagrun for example_task_group to 2024-09-18 00:00:00+00:00, run_after=2024-09-19 00:00:00+00:00
[2024-09-19T18:47:37.963+0000] {processor.py:208} INFO - Processing /home/airflow/.local/lib/python3.12/site-packages/airflow/example_dags/example_task_group.py took 0.047 seconds
[2024-09-19T18:48:08.550+0000] {processor.py:186} INFO - Started process (PID=4024) to work on /home/airflow/.local/lib/python3.12/site-packages/airflow/example_dags/example_task_group.py
[2024-09-19T18:48:08.554+0000] {processor.py:914} INFO - Processing file /home/airflow/.local/lib/python3.12/site-packages/airflow/example_dags/example_task_group.py for tasks to queue
[2024-09-19T18:48:08.555+0000] {logging_mixin.py:190} INFO - [2024-09-19T18:48:08.555+0000] {dagbag.py:587} INFO - Filling up the DagBag from /home/airflow/.local/lib/python3.12/site-packages/airflow/example_dags/example_task_group.py
[2024-09-19T18:48:08.563+0000] {processor.py:925} INFO - DAG(s) 'example_task_group' retrieved from /home/airflow/.local/lib/python3.12/site-packages/airflow/example_dags/example_task_group.py
[2024-09-19T18:48:08.573+0000] {logging_mixin.py:190} INFO - [2024-09-19T18:48:08.573+0000] {dag.py:3211} INFO - Sync 1 DAGs
[2024-09-19T18:48:08.585+0000] {logging_mixin.py:190} INFO - [2024-09-19T18:48:08.585+0000] {dag.py:4138} INFO - Setting next_dagrun for example_task_group to 2024-09-18 00:00:00+00:00, run_after=2024-09-19 00:00:00+00:00
[2024-09-19T18:48:08.593+0000] {processor.py:208} INFO - Processing /home/airflow/.local/lib/python3.12/site-packages/airflow/example_dags/example_task_group.py took 0.046 seconds
[2024-09-19T18:48:39.222+0000] {processor.py:186} INFO - Started process (PID=4086) to work on /home/airflow/.local/lib/python3.12/site-packages/airflow/example_dags/example_task_group.py
[2024-09-19T18:48:39.223+0000] {processor.py:914} INFO - Processing file /home/airflow/.local/lib/python3.12/site-packages/airflow/example_dags/example_task_group.py for tasks to queue
[2024-09-19T18:48:39.224+0000] {logging_mixin.py:190} INFO - [2024-09-19T18:48:39.224+0000] {dagbag.py:587} INFO - Filling up the DagBag from /home/airflow/.local/lib/python3.12/site-packages/airflow/example_dags/example_task_group.py
[2024-09-19T18:48:39.228+0000] {processor.py:925} INFO - DAG(s) 'example_task_group' retrieved from /home/airflow/.local/lib/python3.12/site-packages/airflow/example_dags/example_task_group.py
[2024-09-19T18:48:39.238+0000] {logging_mixin.py:190} INFO - [2024-09-19T18:48:39.238+0000] {dag.py:3211} INFO - Sync 1 DAGs
[2024-09-19T18:48:39.249+0000] {logging_mixin.py:190} INFO - [2024-09-19T18:48:39.249+0000] {dag.py:4138} INFO - Setting next_dagrun for example_task_group to 2024-09-18 00:00:00+00:00, run_after=2024-09-19 00:00:00+00:00
[2024-09-19T18:48:39.256+0000] {processor.py:208} INFO - Processing /home/airflow/.local/lib/python3.12/site-packages/airflow/example_dags/example_task_group.py took 0.037 seconds
[2024-09-19T18:49:09.982+0000] {processor.py:186} INFO - Started process (PID=4148) to work on /home/airflow/.local/lib/python3.12/site-packages/airflow/example_dags/example_task_group.py
[2024-09-19T18:49:09.985+0000] {processor.py:914} INFO - Processing file /home/airflow/.local/lib/python3.12/site-packages/airflow/example_dags/example_task_group.py for tasks to queue
[2024-09-19T18:49:09.990+0000] {logging_mixin.py:190} INFO - [2024-09-19T18:49:09.989+0000] {dagbag.py:587} INFO - Filling up the DagBag from /home/airflow/.local/lib/python3.12/site-packages/airflow/example_dags/example_task_group.py
[2024-09-19T18:49:09.994+0000] {processor.py:925} INFO - DAG(s) 'example_task_group' retrieved from /home/airflow/.local/lib/python3.12/site-packages/airflow/example_dags/example_task_group.py
[2024-09-19T18:49:10.003+0000] {logging_mixin.py:190} INFO - [2024-09-19T18:49:10.003+0000] {dag.py:3211} INFO - Sync 1 DAGs
[2024-09-19T18:49:10.015+0000] {logging_mixin.py:190} INFO - [2024-09-19T18:49:10.015+0000] {dag.py:4138} INFO - Setting next_dagrun for example_task_group to 2024-09-18 00:00:00+00:00, run_after=2024-09-19 00:00:00+00:00
[2024-09-19T18:49:10.023+0000] {processor.py:208} INFO - Processing /home/airflow/.local/lib/python3.12/site-packages/airflow/example_dags/example_task_group.py took 0.043 seconds
[2024-09-19T18:49:40.853+0000] {processor.py:186} INFO - Started process (PID=4210) to work on /home/airflow/.local/lib/python3.12/site-packages/airflow/example_dags/example_task_group.py
[2024-09-19T18:49:40.855+0000] {processor.py:914} INFO - Processing file /home/airflow/.local/lib/python3.12/site-packages/airflow/example_dags/example_task_group.py for tasks to queue
[2024-09-19T18:49:40.856+0000] {logging_mixin.py:190} INFO - [2024-09-19T18:49:40.855+0000] {dagbag.py:587} INFO - Filling up the DagBag from /home/airflow/.local/lib/python3.12/site-packages/airflow/example_dags/example_task_group.py
[2024-09-19T18:49:40.860+0000] {processor.py:925} INFO - DAG(s) 'example_task_group' retrieved from /home/airflow/.local/lib/python3.12/site-packages/airflow/example_dags/example_task_group.py
[2024-09-19T18:49:40.870+0000] {logging_mixin.py:190} INFO - [2024-09-19T18:49:40.870+0000] {dag.py:3211} INFO - Sync 1 DAGs
[2024-09-19T18:49:40.880+0000] {logging_mixin.py:190} INFO - [2024-09-19T18:49:40.879+0000] {dag.py:4138} INFO - Setting next_dagrun for example_task_group to 2024-09-18 00:00:00+00:00, run_after=2024-09-19 00:00:00+00:00
[2024-09-19T18:49:40.886+0000] {processor.py:208} INFO - Processing /home/airflow/.local/lib/python3.12/site-packages/airflow/example_dags/example_task_group.py took 0.037 seconds
[2024-09-19T18:50:11.539+0000] {processor.py:186} INFO - Started process (PID=4272) to work on /home/airflow/.local/lib/python3.12/site-packages/airflow/example_dags/example_task_group.py
[2024-09-19T18:50:11.542+0000] {processor.py:914} INFO - Processing file /home/airflow/.local/lib/python3.12/site-packages/airflow/example_dags/example_task_group.py for tasks to queue
[2024-09-19T18:50:11.543+0000] {logging_mixin.py:190} INFO - [2024-09-19T18:50:11.543+0000] {dagbag.py:587} INFO - Filling up the DagBag from /home/airflow/.local/lib/python3.12/site-packages/airflow/example_dags/example_task_group.py
[2024-09-19T18:50:11.548+0000] {processor.py:925} INFO - DAG(s) 'example_task_group' retrieved from /home/airflow/.local/lib/python3.12/site-packages/airflow/example_dags/example_task_group.py
[2024-09-19T18:50:11.572+0000] {logging_mixin.py:190} INFO - [2024-09-19T18:50:11.572+0000] {dag.py:3211} INFO - Sync 1 DAGs
[2024-09-19T18:50:11.591+0000] {logging_mixin.py:190} INFO - [2024-09-19T18:50:11.591+0000] {dag.py:4138} INFO - Setting next_dagrun for example_task_group to 2024-09-18 00:00:00+00:00, run_after=2024-09-19 00:00:00+00:00
[2024-09-19T18:50:11.611+0000] {processor.py:208} INFO - Processing /home/airflow/.local/lib/python3.12/site-packages/airflow/example_dags/example_task_group.py took 0.077 seconds
[2024-09-19T18:50:42.056+0000] {processor.py:186} INFO - Started process (PID=4334) to work on /home/airflow/.local/lib/python3.12/site-packages/airflow/example_dags/example_task_group.py
[2024-09-19T18:50:42.059+0000] {processor.py:914} INFO - Processing file /home/airflow/.local/lib/python3.12/site-packages/airflow/example_dags/example_task_group.py for tasks to queue
[2024-09-19T18:50:42.060+0000] {logging_mixin.py:190} INFO - [2024-09-19T18:50:42.060+0000] {dagbag.py:587} INFO - Filling up the DagBag from /home/airflow/.local/lib/python3.12/site-packages/airflow/example_dags/example_task_group.py
[2024-09-19T18:50:42.067+0000] {processor.py:925} INFO - DAG(s) 'example_task_group' retrieved from /home/airflow/.local/lib/python3.12/site-packages/airflow/example_dags/example_task_group.py
[2024-09-19T18:50:42.093+0000] {logging_mixin.py:190} INFO - [2024-09-19T18:50:42.093+0000] {dag.py:3211} INFO - Sync 1 DAGs
[2024-09-19T18:50:42.105+0000] {logging_mixin.py:190} INFO - [2024-09-19T18:50:42.104+0000] {dag.py:4138} INFO - Setting next_dagrun for example_task_group to 2024-09-18 00:00:00+00:00, run_after=2024-09-19 00:00:00+00:00
[2024-09-19T18:50:42.112+0000] {processor.py:208} INFO - Processing /home/airflow/.local/lib/python3.12/site-packages/airflow/example_dags/example_task_group.py took 0.059 seconds
[2024-09-19T18:51:12.690+0000] {processor.py:186} INFO - Started process (PID=4396) to work on /home/airflow/.local/lib/python3.12/site-packages/airflow/example_dags/example_task_group.py
[2024-09-19T18:51:12.694+0000] {processor.py:914} INFO - Processing file /home/airflow/.local/lib/python3.12/site-packages/airflow/example_dags/example_task_group.py for tasks to queue
[2024-09-19T18:51:12.695+0000] {logging_mixin.py:190} INFO - [2024-09-19T18:51:12.695+0000] {dagbag.py:587} INFO - Filling up the DagBag from /home/airflow/.local/lib/python3.12/site-packages/airflow/example_dags/example_task_group.py
[2024-09-19T18:51:12.700+0000] {processor.py:925} INFO - DAG(s) 'example_task_group' retrieved from /home/airflow/.local/lib/python3.12/site-packages/airflow/example_dags/example_task_group.py
[2024-09-19T18:51:12.715+0000] {logging_mixin.py:190} INFO - [2024-09-19T18:51:12.715+0000] {dag.py:3211} INFO - Sync 1 DAGs
[2024-09-19T18:51:12.725+0000] {logging_mixin.py:190} INFO - [2024-09-19T18:51:12.725+0000] {dag.py:4138} INFO - Setting next_dagrun for example_task_group to 2024-09-18 00:00:00+00:00, run_after=2024-09-19 00:00:00+00:00
[2024-09-19T18:51:12.733+0000] {processor.py:208} INFO - Processing /home/airflow/.local/lib/python3.12/site-packages/airflow/example_dags/example_task_group.py took 0.046 seconds
[2024-09-19T18:51:43.249+0000] {processor.py:186} INFO - Started process (PID=4458) to work on /home/airflow/.local/lib/python3.12/site-packages/airflow/example_dags/example_task_group.py
[2024-09-19T18:51:43.250+0000] {processor.py:914} INFO - Processing file /home/airflow/.local/lib/python3.12/site-packages/airflow/example_dags/example_task_group.py for tasks to queue
[2024-09-19T18:51:43.252+0000] {logging_mixin.py:190} INFO - [2024-09-19T18:51:43.251+0000] {dagbag.py:587} INFO - Filling up the DagBag from /home/airflow/.local/lib/python3.12/site-packages/airflow/example_dags/example_task_group.py
[2024-09-19T18:51:43.257+0000] {processor.py:925} INFO - DAG(s) 'example_task_group' retrieved from /home/airflow/.local/lib/python3.12/site-packages/airflow/example_dags/example_task_group.py
[2024-09-19T18:51:43.267+0000] {logging_mixin.py:190} INFO - [2024-09-19T18:51:43.267+0000] {dag.py:3211} INFO - Sync 1 DAGs
[2024-09-19T18:51:43.275+0000] {logging_mixin.py:190} INFO - [2024-09-19T18:51:43.275+0000] {dag.py:4138} INFO - Setting next_dagrun for example_task_group to 2024-09-18 00:00:00+00:00, run_after=2024-09-19 00:00:00+00:00
[2024-09-19T18:51:43.281+0000] {processor.py:208} INFO - Processing /home/airflow/.local/lib/python3.12/site-packages/airflow/example_dags/example_task_group.py took 0.036 seconds
