[2024-09-19T18:15:43.613+0000] {processor.py:186} INFO - Started process (PID=99) to work on /home/airflow/.local/lib/python3.12/site-packages/airflow/example_dags/example_task_group_decorator.py
[2024-09-19T18:15:43.614+0000] {processor.py:914} INFO - Processing file /home/airflow/.local/lib/python3.12/site-packages/airflow/example_dags/example_task_group_decorator.py for tasks to queue
[2024-09-19T18:15:43.615+0000] {logging_mixin.py:190} INFO - [2024-09-19T18:15:43.615+0000] {dagbag.py:587} INFO - Filling up the DagBag from /home/airflow/.local/lib/python3.12/site-packages/airflow/example_dags/example_task_group_decorator.py
[2024-09-19T18:15:43.626+0000] {processor.py:925} INFO - DAG(s) 'example_task_group_decorator' retrieved from /home/airflow/.local/lib/python3.12/site-packages/airflow/example_dags/example_task_group_decorator.py
[2024-09-19T18:15:43.659+0000] {logging_mixin.py:190} INFO - [2024-09-19T18:15:43.659+0000] {dag.py:3211} INFO - Sync 1 DAGs
[2024-09-19T18:15:43.681+0000] {logging_mixin.py:190} INFO - [2024-09-19T18:15:43.680+0000] {dag.py:4138} INFO - Setting next_dagrun for example_task_group_decorator to 2024-09-18 00:00:00+00:00, run_after=2024-09-19 00:00:00+00:00
[2024-09-19T18:15:43.712+0000] {processor.py:208} INFO - Processing /home/airflow/.local/lib/python3.12/site-packages/airflow/example_dags/example_task_group_decorator.py took 0.105 seconds
[2024-09-19T18:16:14.014+0000] {processor.py:186} INFO - Started process (PID=166) to work on /home/airflow/.local/lib/python3.12/site-packages/airflow/example_dags/example_task_group_decorator.py
[2024-09-19T18:16:14.015+0000] {processor.py:914} INFO - Processing file /home/airflow/.local/lib/python3.12/site-packages/airflow/example_dags/example_task_group_decorator.py for tasks to queue
[2024-09-19T18:16:14.016+0000] {logging_mixin.py:190} INFO - [2024-09-19T18:16:14.016+0000] {dagbag.py:587} INFO - Filling up the DagBag from /home/airflow/.local/lib/python3.12/site-packages/airflow/example_dags/example_task_group_decorator.py
[2024-09-19T18:16:14.022+0000] {processor.py:925} INFO - DAG(s) 'example_task_group_decorator' retrieved from /home/airflow/.local/lib/python3.12/site-packages/airflow/example_dags/example_task_group_decorator.py
[2024-09-19T18:16:14.033+0000] {logging_mixin.py:190} INFO - [2024-09-19T18:16:14.033+0000] {dag.py:3211} INFO - Sync 1 DAGs
[2024-09-19T18:16:14.042+0000] {logging_mixin.py:190} INFO - [2024-09-19T18:16:14.042+0000] {dag.py:4138} INFO - Setting next_dagrun for example_task_group_decorator to 2024-09-18 00:00:00+00:00, run_after=2024-09-19 00:00:00+00:00
[2024-09-19T18:16:14.048+0000] {processor.py:208} INFO - Processing /home/airflow/.local/lib/python3.12/site-packages/airflow/example_dags/example_task_group_decorator.py took 0.037 seconds
[2024-09-19T18:16:47.419+0000] {processor.py:186} INFO - Started process (PID=228) to work on /home/airflow/.local/lib/python3.12/site-packages/airflow/example_dags/example_task_group_decorator.py
[2024-09-19T18:16:47.422+0000] {processor.py:914} INFO - Processing file /home/airflow/.local/lib/python3.12/site-packages/airflow/example_dags/example_task_group_decorator.py for tasks to queue
[2024-09-19T18:16:47.425+0000] {logging_mixin.py:190} INFO - [2024-09-19T18:16:47.425+0000] {dagbag.py:587} INFO - Filling up the DagBag from /home/airflow/.local/lib/python3.12/site-packages/airflow/example_dags/example_task_group_decorator.py
[2024-09-19T18:16:47.435+0000] {processor.py:925} INFO - DAG(s) 'example_task_group_decorator' retrieved from /home/airflow/.local/lib/python3.12/site-packages/airflow/example_dags/example_task_group_decorator.py
[2024-09-19T18:16:47.450+0000] {logging_mixin.py:190} INFO - [2024-09-19T18:16:47.449+0000] {dag.py:3211} INFO - Sync 1 DAGs
[2024-09-19T18:16:47.464+0000] {logging_mixin.py:190} INFO - [2024-09-19T18:16:47.464+0000] {dag.py:4138} INFO - Setting next_dagrun for example_task_group_decorator to 2024-09-18 00:00:00+00:00, run_after=2024-09-19 00:00:00+00:00
[2024-09-19T18:16:47.480+0000] {processor.py:208} INFO - Processing /home/airflow/.local/lib/python3.12/site-packages/airflow/example_dags/example_task_group_decorator.py took 0.065 seconds
[2024-09-19T18:17:17.924+0000] {processor.py:186} INFO - Started process (PID=290) to work on /home/airflow/.local/lib/python3.12/site-packages/airflow/example_dags/example_task_group_decorator.py
[2024-09-19T18:17:17.925+0000] {processor.py:914} INFO - Processing file /home/airflow/.local/lib/python3.12/site-packages/airflow/example_dags/example_task_group_decorator.py for tasks to queue
[2024-09-19T18:17:17.930+0000] {logging_mixin.py:190} INFO - [2024-09-19T18:17:17.929+0000] {dagbag.py:587} INFO - Filling up the DagBag from /home/airflow/.local/lib/python3.12/site-packages/airflow/example_dags/example_task_group_decorator.py
[2024-09-19T18:17:17.939+0000] {processor.py:925} INFO - DAG(s) 'example_task_group_decorator' retrieved from /home/airflow/.local/lib/python3.12/site-packages/airflow/example_dags/example_task_group_decorator.py
[2024-09-19T18:17:17.971+0000] {logging_mixin.py:190} INFO - [2024-09-19T18:17:17.971+0000] {dag.py:3211} INFO - Sync 1 DAGs
[2024-09-19T18:17:17.987+0000] {logging_mixin.py:190} INFO - [2024-09-19T18:17:17.987+0000] {dag.py:4138} INFO - Setting next_dagrun for example_task_group_decorator to 2024-09-18 00:00:00+00:00, run_after=2024-09-19 00:00:00+00:00
[2024-09-19T18:17:18.001+0000] {processor.py:208} INFO - Processing /home/airflow/.local/lib/python3.12/site-packages/airflow/example_dags/example_task_group_decorator.py took 0.082 seconds
[2024-09-19T18:17:48.092+0000] {processor.py:186} INFO - Started process (PID=352) to work on /home/airflow/.local/lib/python3.12/site-packages/airflow/example_dags/example_task_group_decorator.py
[2024-09-19T18:17:48.095+0000] {processor.py:914} INFO - Processing file /home/airflow/.local/lib/python3.12/site-packages/airflow/example_dags/example_task_group_decorator.py for tasks to queue
[2024-09-19T18:17:48.096+0000] {logging_mixin.py:190} INFO - [2024-09-19T18:17:48.096+0000] {dagbag.py:587} INFO - Filling up the DagBag from /home/airflow/.local/lib/python3.12/site-packages/airflow/example_dags/example_task_group_decorator.py
[2024-09-19T18:17:48.109+0000] {processor.py:925} INFO - DAG(s) 'example_task_group_decorator' retrieved from /home/airflow/.local/lib/python3.12/site-packages/airflow/example_dags/example_task_group_decorator.py
[2024-09-19T18:17:48.136+0000] {logging_mixin.py:190} INFO - [2024-09-19T18:17:48.135+0000] {dag.py:3211} INFO - Sync 1 DAGs
[2024-09-19T18:17:48.166+0000] {logging_mixin.py:190} INFO - [2024-09-19T18:17:48.166+0000] {dag.py:4138} INFO - Setting next_dagrun for example_task_group_decorator to 2024-09-18 00:00:00+00:00, run_after=2024-09-19 00:00:00+00:00
[2024-09-19T18:17:48.187+0000] {processor.py:208} INFO - Processing /home/airflow/.local/lib/python3.12/site-packages/airflow/example_dags/example_task_group_decorator.py took 0.100 seconds
[2024-09-19T18:18:19.957+0000] {processor.py:186} INFO - Started process (PID=414) to work on /home/airflow/.local/lib/python3.12/site-packages/airflow/example_dags/example_task_group_decorator.py
[2024-09-19T18:18:19.958+0000] {processor.py:914} INFO - Processing file /home/airflow/.local/lib/python3.12/site-packages/airflow/example_dags/example_task_group_decorator.py for tasks to queue
[2024-09-19T18:18:19.962+0000] {logging_mixin.py:190} INFO - [2024-09-19T18:18:19.962+0000] {dagbag.py:587} INFO - Filling up the DagBag from /home/airflow/.local/lib/python3.12/site-packages/airflow/example_dags/example_task_group_decorator.py
[2024-09-19T18:18:19.970+0000] {processor.py:925} INFO - DAG(s) 'example_task_group_decorator' retrieved from /home/airflow/.local/lib/python3.12/site-packages/airflow/example_dags/example_task_group_decorator.py
[2024-09-19T18:18:19.982+0000] {logging_mixin.py:190} INFO - [2024-09-19T18:18:19.982+0000] {dag.py:3211} INFO - Sync 1 DAGs
[2024-09-19T18:18:19.993+0000] {logging_mixin.py:190} INFO - [2024-09-19T18:18:19.993+0000] {dag.py:4138} INFO - Setting next_dagrun for example_task_group_decorator to 2024-09-18 00:00:00+00:00, run_after=2024-09-19 00:00:00+00:00
[2024-09-19T18:18:20.010+0000] {processor.py:208} INFO - Processing /home/airflow/.local/lib/python3.12/site-packages/airflow/example_dags/example_task_group_decorator.py took 0.056 seconds
[2024-09-19T18:18:50.251+0000] {processor.py:186} INFO - Started process (PID=476) to work on /home/airflow/.local/lib/python3.12/site-packages/airflow/example_dags/example_task_group_decorator.py
[2024-09-19T18:18:50.253+0000] {processor.py:914} INFO - Processing file /home/airflow/.local/lib/python3.12/site-packages/airflow/example_dags/example_task_group_decorator.py for tasks to queue
[2024-09-19T18:18:50.254+0000] {logging_mixin.py:190} INFO - [2024-09-19T18:18:50.254+0000] {dagbag.py:587} INFO - Filling up the DagBag from /home/airflow/.local/lib/python3.12/site-packages/airflow/example_dags/example_task_group_decorator.py
[2024-09-19T18:18:50.262+0000] {processor.py:925} INFO - DAG(s) 'example_task_group_decorator' retrieved from /home/airflow/.local/lib/python3.12/site-packages/airflow/example_dags/example_task_group_decorator.py
[2024-09-19T18:18:50.275+0000] {logging_mixin.py:190} INFO - [2024-09-19T18:18:50.275+0000] {dag.py:3211} INFO - Sync 1 DAGs
[2024-09-19T18:18:50.286+0000] {logging_mixin.py:190} INFO - [2024-09-19T18:18:50.286+0000] {dag.py:4138} INFO - Setting next_dagrun for example_task_group_decorator to 2024-09-18 00:00:00+00:00, run_after=2024-09-19 00:00:00+00:00
[2024-09-19T18:18:50.295+0000] {processor.py:208} INFO - Processing /home/airflow/.local/lib/python3.12/site-packages/airflow/example_dags/example_task_group_decorator.py took 0.046 seconds
[2024-09-19T18:19:21.341+0000] {processor.py:186} INFO - Started process (PID=538) to work on /home/airflow/.local/lib/python3.12/site-packages/airflow/example_dags/example_task_group_decorator.py
[2024-09-19T18:19:21.343+0000] {processor.py:914} INFO - Processing file /home/airflow/.local/lib/python3.12/site-packages/airflow/example_dags/example_task_group_decorator.py for tasks to queue
[2024-09-19T18:19:21.344+0000] {logging_mixin.py:190} INFO - [2024-09-19T18:19:21.344+0000] {dagbag.py:587} INFO - Filling up the DagBag from /home/airflow/.local/lib/python3.12/site-packages/airflow/example_dags/example_task_group_decorator.py
[2024-09-19T18:19:21.351+0000] {processor.py:925} INFO - DAG(s) 'example_task_group_decorator' retrieved from /home/airflow/.local/lib/python3.12/site-packages/airflow/example_dags/example_task_group_decorator.py
[2024-09-19T18:19:21.364+0000] {logging_mixin.py:190} INFO - [2024-09-19T18:19:21.364+0000] {dag.py:3211} INFO - Sync 1 DAGs
[2024-09-19T18:19:21.375+0000] {logging_mixin.py:190} INFO - [2024-09-19T18:19:21.375+0000] {dag.py:4138} INFO - Setting next_dagrun for example_task_group_decorator to 2024-09-18 00:00:00+00:00, run_after=2024-09-19 00:00:00+00:00
[2024-09-19T18:19:21.397+0000] {processor.py:208} INFO - Processing /home/airflow/.local/lib/python3.12/site-packages/airflow/example_dags/example_task_group_decorator.py took 0.058 seconds
[2024-09-19T18:19:52.363+0000] {processor.py:186} INFO - Started process (PID=600) to work on /home/airflow/.local/lib/python3.12/site-packages/airflow/example_dags/example_task_group_decorator.py
[2024-09-19T18:19:52.365+0000] {processor.py:914} INFO - Processing file /home/airflow/.local/lib/python3.12/site-packages/airflow/example_dags/example_task_group_decorator.py for tasks to queue
[2024-09-19T18:19:52.366+0000] {logging_mixin.py:190} INFO - [2024-09-19T18:19:52.366+0000] {dagbag.py:587} INFO - Filling up the DagBag from /home/airflow/.local/lib/python3.12/site-packages/airflow/example_dags/example_task_group_decorator.py
[2024-09-19T18:19:52.373+0000] {processor.py:925} INFO - DAG(s) 'example_task_group_decorator' retrieved from /home/airflow/.local/lib/python3.12/site-packages/airflow/example_dags/example_task_group_decorator.py
[2024-09-19T18:19:52.384+0000] {logging_mixin.py:190} INFO - [2024-09-19T18:19:52.383+0000] {dag.py:3211} INFO - Sync 1 DAGs
[2024-09-19T18:19:52.394+0000] {logging_mixin.py:190} INFO - [2024-09-19T18:19:52.394+0000] {dag.py:4138} INFO - Setting next_dagrun for example_task_group_decorator to 2024-09-18 00:00:00+00:00, run_after=2024-09-19 00:00:00+00:00
[2024-09-19T18:19:52.405+0000] {processor.py:208} INFO - Processing /home/airflow/.local/lib/python3.12/site-packages/airflow/example_dags/example_task_group_decorator.py took 0.044 seconds
[2024-09-19T18:20:22.925+0000] {processor.py:186} INFO - Started process (PID=662) to work on /home/airflow/.local/lib/python3.12/site-packages/airflow/example_dags/example_task_group_decorator.py
[2024-09-19T18:20:22.925+0000] {processor.py:914} INFO - Processing file /home/airflow/.local/lib/python3.12/site-packages/airflow/example_dags/example_task_group_decorator.py for tasks to queue
[2024-09-19T18:20:22.927+0000] {logging_mixin.py:190} INFO - [2024-09-19T18:20:22.926+0000] {dagbag.py:587} INFO - Filling up the DagBag from /home/airflow/.local/lib/python3.12/site-packages/airflow/example_dags/example_task_group_decorator.py
[2024-09-19T18:20:22.934+0000] {processor.py:925} INFO - DAG(s) 'example_task_group_decorator' retrieved from /home/airflow/.local/lib/python3.12/site-packages/airflow/example_dags/example_task_group_decorator.py
[2024-09-19T18:20:22.949+0000] {logging_mixin.py:190} INFO - [2024-09-19T18:20:22.949+0000] {dag.py:3211} INFO - Sync 1 DAGs
[2024-09-19T18:20:22.963+0000] {logging_mixin.py:190} INFO - [2024-09-19T18:20:22.963+0000] {dag.py:4138} INFO - Setting next_dagrun for example_task_group_decorator to 2024-09-18 00:00:00+00:00, run_after=2024-09-19 00:00:00+00:00
[2024-09-19T18:20:22.972+0000] {processor.py:208} INFO - Processing /home/airflow/.local/lib/python3.12/site-packages/airflow/example_dags/example_task_group_decorator.py took 0.050 seconds
[2024-09-19T18:20:53.919+0000] {processor.py:186} INFO - Started process (PID=724) to work on /home/airflow/.local/lib/python3.12/site-packages/airflow/example_dags/example_task_group_decorator.py
[2024-09-19T18:20:53.920+0000] {processor.py:914} INFO - Processing file /home/airflow/.local/lib/python3.12/site-packages/airflow/example_dags/example_task_group_decorator.py for tasks to queue
[2024-09-19T18:20:53.922+0000] {logging_mixin.py:190} INFO - [2024-09-19T18:20:53.921+0000] {dagbag.py:587} INFO - Filling up the DagBag from /home/airflow/.local/lib/python3.12/site-packages/airflow/example_dags/example_task_group_decorator.py
[2024-09-19T18:20:53.933+0000] {processor.py:925} INFO - DAG(s) 'example_task_group_decorator' retrieved from /home/airflow/.local/lib/python3.12/site-packages/airflow/example_dags/example_task_group_decorator.py
[2024-09-19T18:20:53.950+0000] {logging_mixin.py:190} INFO - [2024-09-19T18:20:53.950+0000] {dag.py:3211} INFO - Sync 1 DAGs
[2024-09-19T18:20:53.962+0000] {logging_mixin.py:190} INFO - [2024-09-19T18:20:53.962+0000] {dag.py:4138} INFO - Setting next_dagrun for example_task_group_decorator to 2024-09-18 00:00:00+00:00, run_after=2024-09-19 00:00:00+00:00
[2024-09-19T18:20:53.976+0000] {processor.py:208} INFO - Processing /home/airflow/.local/lib/python3.12/site-packages/airflow/example_dags/example_task_group_decorator.py took 0.059 seconds
[2024-09-19T18:21:24.900+0000] {processor.py:186} INFO - Started process (PID=786) to work on /home/airflow/.local/lib/python3.12/site-packages/airflow/example_dags/example_task_group_decorator.py
[2024-09-19T18:21:24.902+0000] {processor.py:914} INFO - Processing file /home/airflow/.local/lib/python3.12/site-packages/airflow/example_dags/example_task_group_decorator.py for tasks to queue
[2024-09-19T18:21:24.904+0000] {logging_mixin.py:190} INFO - [2024-09-19T18:21:24.904+0000] {dagbag.py:587} INFO - Filling up the DagBag from /home/airflow/.local/lib/python3.12/site-packages/airflow/example_dags/example_task_group_decorator.py
[2024-09-19T18:21:24.919+0000] {processor.py:925} INFO - DAG(s) 'example_task_group_decorator' retrieved from /home/airflow/.local/lib/python3.12/site-packages/airflow/example_dags/example_task_group_decorator.py
[2024-09-19T18:21:24.941+0000] {logging_mixin.py:190} INFO - [2024-09-19T18:21:24.941+0000] {dag.py:3211} INFO - Sync 1 DAGs
[2024-09-19T18:21:24.955+0000] {logging_mixin.py:190} INFO - [2024-09-19T18:21:24.955+0000] {dag.py:4138} INFO - Setting next_dagrun for example_task_group_decorator to 2024-09-18 00:00:00+00:00, run_after=2024-09-19 00:00:00+00:00
[2024-09-19T18:21:24.970+0000] {processor.py:208} INFO - Processing /home/airflow/.local/lib/python3.12/site-packages/airflow/example_dags/example_task_group_decorator.py took 0.074 seconds
[2024-09-19T18:21:55.975+0000] {processor.py:186} INFO - Started process (PID=848) to work on /home/airflow/.local/lib/python3.12/site-packages/airflow/example_dags/example_task_group_decorator.py
[2024-09-19T18:21:55.976+0000] {processor.py:914} INFO - Processing file /home/airflow/.local/lib/python3.12/site-packages/airflow/example_dags/example_task_group_decorator.py for tasks to queue
[2024-09-19T18:21:55.978+0000] {logging_mixin.py:190} INFO - [2024-09-19T18:21:55.978+0000] {dagbag.py:587} INFO - Filling up the DagBag from /home/airflow/.local/lib/python3.12/site-packages/airflow/example_dags/example_task_group_decorator.py
[2024-09-19T18:21:55.986+0000] {processor.py:925} INFO - DAG(s) 'example_task_group_decorator' retrieved from /home/airflow/.local/lib/python3.12/site-packages/airflow/example_dags/example_task_group_decorator.py
[2024-09-19T18:21:56.002+0000] {logging_mixin.py:190} INFO - [2024-09-19T18:21:56.002+0000] {dag.py:3211} INFO - Sync 1 DAGs
[2024-09-19T18:21:56.012+0000] {logging_mixin.py:190} INFO - [2024-09-19T18:21:56.012+0000] {dag.py:4138} INFO - Setting next_dagrun for example_task_group_decorator to 2024-09-18 00:00:00+00:00, run_after=2024-09-19 00:00:00+00:00
[2024-09-19T18:21:56.023+0000] {processor.py:208} INFO - Processing /home/airflow/.local/lib/python3.12/site-packages/airflow/example_dags/example_task_group_decorator.py took 0.051 seconds
[2024-09-19T18:22:26.525+0000] {processor.py:186} INFO - Started process (PID=910) to work on /home/airflow/.local/lib/python3.12/site-packages/airflow/example_dags/example_task_group_decorator.py
[2024-09-19T18:22:26.527+0000] {processor.py:914} INFO - Processing file /home/airflow/.local/lib/python3.12/site-packages/airflow/example_dags/example_task_group_decorator.py for tasks to queue
[2024-09-19T18:22:26.528+0000] {logging_mixin.py:190} INFO - [2024-09-19T18:22:26.528+0000] {dagbag.py:587} INFO - Filling up the DagBag from /home/airflow/.local/lib/python3.12/site-packages/airflow/example_dags/example_task_group_decorator.py
[2024-09-19T18:22:26.536+0000] {processor.py:925} INFO - DAG(s) 'example_task_group_decorator' retrieved from /home/airflow/.local/lib/python3.12/site-packages/airflow/example_dags/example_task_group_decorator.py
[2024-09-19T18:22:26.554+0000] {logging_mixin.py:190} INFO - [2024-09-19T18:22:26.553+0000] {dag.py:3211} INFO - Sync 1 DAGs
[2024-09-19T18:22:26.563+0000] {logging_mixin.py:190} INFO - [2024-09-19T18:22:26.563+0000] {dag.py:4138} INFO - Setting next_dagrun for example_task_group_decorator to 2024-09-18 00:00:00+00:00, run_after=2024-09-19 00:00:00+00:00
[2024-09-19T18:22:26.571+0000] {processor.py:208} INFO - Processing /home/airflow/.local/lib/python3.12/site-packages/airflow/example_dags/example_task_group_decorator.py took 0.049 seconds
[2024-09-19T18:22:57.235+0000] {processor.py:186} INFO - Started process (PID=972) to work on /home/airflow/.local/lib/python3.12/site-packages/airflow/example_dags/example_task_group_decorator.py
[2024-09-19T18:22:57.236+0000] {processor.py:914} INFO - Processing file /home/airflow/.local/lib/python3.12/site-packages/airflow/example_dags/example_task_group_decorator.py for tasks to queue
[2024-09-19T18:22:57.237+0000] {logging_mixin.py:190} INFO - [2024-09-19T18:22:57.237+0000] {dagbag.py:587} INFO - Filling up the DagBag from /home/airflow/.local/lib/python3.12/site-packages/airflow/example_dags/example_task_group_decorator.py
[2024-09-19T18:22:57.244+0000] {processor.py:925} INFO - DAG(s) 'example_task_group_decorator' retrieved from /home/airflow/.local/lib/python3.12/site-packages/airflow/example_dags/example_task_group_decorator.py
[2024-09-19T18:22:57.254+0000] {logging_mixin.py:190} INFO - [2024-09-19T18:22:57.253+0000] {dag.py:3211} INFO - Sync 1 DAGs
[2024-09-19T18:22:57.265+0000] {logging_mixin.py:190} INFO - [2024-09-19T18:22:57.265+0000] {dag.py:4138} INFO - Setting next_dagrun for example_task_group_decorator to 2024-09-18 00:00:00+00:00, run_after=2024-09-19 00:00:00+00:00
[2024-09-19T18:22:57.276+0000] {processor.py:208} INFO - Processing /home/airflow/.local/lib/python3.12/site-packages/airflow/example_dags/example_task_group_decorator.py took 0.043 seconds
[2024-09-19T18:23:27.717+0000] {processor.py:186} INFO - Started process (PID=1034) to work on /home/airflow/.local/lib/python3.12/site-packages/airflow/example_dags/example_task_group_decorator.py
[2024-09-19T18:23:27.720+0000] {processor.py:914} INFO - Processing file /home/airflow/.local/lib/python3.12/site-packages/airflow/example_dags/example_task_group_decorator.py for tasks to queue
[2024-09-19T18:23:27.722+0000] {logging_mixin.py:190} INFO - [2024-09-19T18:23:27.722+0000] {dagbag.py:587} INFO - Filling up the DagBag from /home/airflow/.local/lib/python3.12/site-packages/airflow/example_dags/example_task_group_decorator.py
[2024-09-19T18:23:27.733+0000] {processor.py:925} INFO - DAG(s) 'example_task_group_decorator' retrieved from /home/airflow/.local/lib/python3.12/site-packages/airflow/example_dags/example_task_group_decorator.py
[2024-09-19T18:23:27.746+0000] {logging_mixin.py:190} INFO - [2024-09-19T18:23:27.746+0000] {dag.py:3211} INFO - Sync 1 DAGs
[2024-09-19T18:23:27.757+0000] {logging_mixin.py:190} INFO - [2024-09-19T18:23:27.757+0000] {dag.py:4138} INFO - Setting next_dagrun for example_task_group_decorator to 2024-09-18 00:00:00+00:00, run_after=2024-09-19 00:00:00+00:00
[2024-09-19T18:23:27.768+0000] {processor.py:208} INFO - Processing /home/airflow/.local/lib/python3.12/site-packages/airflow/example_dags/example_task_group_decorator.py took 0.057 seconds
[2024-09-19T18:23:58.864+0000] {processor.py:186} INFO - Started process (PID=1096) to work on /home/airflow/.local/lib/python3.12/site-packages/airflow/example_dags/example_task_group_decorator.py
[2024-09-19T18:23:58.866+0000] {processor.py:914} INFO - Processing file /home/airflow/.local/lib/python3.12/site-packages/airflow/example_dags/example_task_group_decorator.py for tasks to queue
[2024-09-19T18:23:58.867+0000] {logging_mixin.py:190} INFO - [2024-09-19T18:23:58.867+0000] {dagbag.py:587} INFO - Filling up the DagBag from /home/airflow/.local/lib/python3.12/site-packages/airflow/example_dags/example_task_group_decorator.py
[2024-09-19T18:23:58.875+0000] {processor.py:925} INFO - DAG(s) 'example_task_group_decorator' retrieved from /home/airflow/.local/lib/python3.12/site-packages/airflow/example_dags/example_task_group_decorator.py
[2024-09-19T18:23:58.895+0000] {logging_mixin.py:190} INFO - [2024-09-19T18:23:58.895+0000] {dag.py:3211} INFO - Sync 1 DAGs
[2024-09-19T18:23:58.905+0000] {logging_mixin.py:190} INFO - [2024-09-19T18:23:58.905+0000] {dag.py:4138} INFO - Setting next_dagrun for example_task_group_decorator to 2024-09-18 00:00:00+00:00, run_after=2024-09-19 00:00:00+00:00
[2024-09-19T18:23:58.917+0000] {processor.py:208} INFO - Processing /home/airflow/.local/lib/python3.12/site-packages/airflow/example_dags/example_task_group_decorator.py took 0.057 seconds
[2024-09-19T18:24:29.257+0000] {processor.py:186} INFO - Started process (PID=1158) to work on /home/airflow/.local/lib/python3.12/site-packages/airflow/example_dags/example_task_group_decorator.py
[2024-09-19T18:24:29.257+0000] {processor.py:914} INFO - Processing file /home/airflow/.local/lib/python3.12/site-packages/airflow/example_dags/example_task_group_decorator.py for tasks to queue
[2024-09-19T18:24:29.259+0000] {logging_mixin.py:190} INFO - [2024-09-19T18:24:29.258+0000] {dagbag.py:587} INFO - Filling up the DagBag from /home/airflow/.local/lib/python3.12/site-packages/airflow/example_dags/example_task_group_decorator.py
[2024-09-19T18:24:29.265+0000] {processor.py:925} INFO - DAG(s) 'example_task_group_decorator' retrieved from /home/airflow/.local/lib/python3.12/site-packages/airflow/example_dags/example_task_group_decorator.py
[2024-09-19T18:24:29.276+0000] {logging_mixin.py:190} INFO - [2024-09-19T18:24:29.276+0000] {dag.py:3211} INFO - Sync 1 DAGs
[2024-09-19T18:24:29.289+0000] {logging_mixin.py:190} INFO - [2024-09-19T18:24:29.289+0000] {dag.py:4138} INFO - Setting next_dagrun for example_task_group_decorator to 2024-09-18 00:00:00+00:00, run_after=2024-09-19 00:00:00+00:00
[2024-09-19T18:24:29.298+0000] {processor.py:208} INFO - Processing /home/airflow/.local/lib/python3.12/site-packages/airflow/example_dags/example_task_group_decorator.py took 0.043 seconds
[2024-09-19T18:24:59.722+0000] {processor.py:186} INFO - Started process (PID=1220) to work on /home/airflow/.local/lib/python3.12/site-packages/airflow/example_dags/example_task_group_decorator.py
[2024-09-19T18:24:59.724+0000] {processor.py:914} INFO - Processing file /home/airflow/.local/lib/python3.12/site-packages/airflow/example_dags/example_task_group_decorator.py for tasks to queue
[2024-09-19T18:24:59.725+0000] {logging_mixin.py:190} INFO - [2024-09-19T18:24:59.725+0000] {dagbag.py:587} INFO - Filling up the DagBag from /home/airflow/.local/lib/python3.12/site-packages/airflow/example_dags/example_task_group_decorator.py
[2024-09-19T18:24:59.733+0000] {processor.py:925} INFO - DAG(s) 'example_task_group_decorator' retrieved from /home/airflow/.local/lib/python3.12/site-packages/airflow/example_dags/example_task_group_decorator.py
[2024-09-19T18:24:59.746+0000] {logging_mixin.py:190} INFO - [2024-09-19T18:24:59.746+0000] {dag.py:3211} INFO - Sync 1 DAGs
[2024-09-19T18:24:59.755+0000] {logging_mixin.py:190} INFO - [2024-09-19T18:24:59.755+0000] {dag.py:4138} INFO - Setting next_dagrun for example_task_group_decorator to 2024-09-18 00:00:00+00:00, run_after=2024-09-19 00:00:00+00:00
[2024-09-19T18:24:59.763+0000] {processor.py:208} INFO - Processing /home/airflow/.local/lib/python3.12/site-packages/airflow/example_dags/example_task_group_decorator.py took 0.044 seconds
[2024-09-19T18:25:30.274+0000] {processor.py:186} INFO - Started process (PID=1282) to work on /home/airflow/.local/lib/python3.12/site-packages/airflow/example_dags/example_task_group_decorator.py
[2024-09-19T18:25:30.275+0000] {processor.py:914} INFO - Processing file /home/airflow/.local/lib/python3.12/site-packages/airflow/example_dags/example_task_group_decorator.py for tasks to queue
[2024-09-19T18:25:30.276+0000] {logging_mixin.py:190} INFO - [2024-09-19T18:25:30.276+0000] {dagbag.py:587} INFO - Filling up the DagBag from /home/airflow/.local/lib/python3.12/site-packages/airflow/example_dags/example_task_group_decorator.py
[2024-09-19T18:25:30.283+0000] {processor.py:925} INFO - DAG(s) 'example_task_group_decorator' retrieved from /home/airflow/.local/lib/python3.12/site-packages/airflow/example_dags/example_task_group_decorator.py
[2024-09-19T18:25:30.292+0000] {logging_mixin.py:190} INFO - [2024-09-19T18:25:30.292+0000] {dag.py:3211} INFO - Sync 1 DAGs
[2024-09-19T18:25:30.301+0000] {logging_mixin.py:190} INFO - [2024-09-19T18:25:30.301+0000] {dag.py:4138} INFO - Setting next_dagrun for example_task_group_decorator to 2024-09-18 00:00:00+00:00, run_after=2024-09-19 00:00:00+00:00
[2024-09-19T18:25:30.308+0000] {processor.py:208} INFO - Processing /home/airflow/.local/lib/python3.12/site-packages/airflow/example_dags/example_task_group_decorator.py took 0.036 seconds
[2024-09-19T18:26:01.963+0000] {processor.py:186} INFO - Started process (PID=1344) to work on /home/airflow/.local/lib/python3.12/site-packages/airflow/example_dags/example_task_group_decorator.py
[2024-09-19T18:26:01.971+0000] {processor.py:914} INFO - Processing file /home/airflow/.local/lib/python3.12/site-packages/airflow/example_dags/example_task_group_decorator.py for tasks to queue
[2024-09-19T18:26:01.974+0000] {logging_mixin.py:190} INFO - [2024-09-19T18:26:01.974+0000] {dagbag.py:587} INFO - Filling up the DagBag from /home/airflow/.local/lib/python3.12/site-packages/airflow/example_dags/example_task_group_decorator.py
[2024-09-19T18:26:01.988+0000] {processor.py:925} INFO - DAG(s) 'example_task_group_decorator' retrieved from /home/airflow/.local/lib/python3.12/site-packages/airflow/example_dags/example_task_group_decorator.py
[2024-09-19T18:26:02.048+0000] {logging_mixin.py:190} INFO - [2024-09-19T18:26:02.048+0000] {dag.py:3211} INFO - Sync 1 DAGs
[2024-09-19T18:26:02.069+0000] {logging_mixin.py:190} INFO - [2024-09-19T18:26:02.069+0000] {dag.py:4138} INFO - Setting next_dagrun for example_task_group_decorator to 2024-09-18 00:00:00+00:00, run_after=2024-09-19 00:00:00+00:00
[2024-09-19T18:26:02.098+0000] {processor.py:208} INFO - Processing /home/airflow/.local/lib/python3.12/site-packages/airflow/example_dags/example_task_group_decorator.py took 0.147 seconds
[2024-09-19T18:26:33.180+0000] {processor.py:186} INFO - Started process (PID=1406) to work on /home/airflow/.local/lib/python3.12/site-packages/airflow/example_dags/example_task_group_decorator.py
[2024-09-19T18:26:33.183+0000] {processor.py:914} INFO - Processing file /home/airflow/.local/lib/python3.12/site-packages/airflow/example_dags/example_task_group_decorator.py for tasks to queue
[2024-09-19T18:26:33.185+0000] {logging_mixin.py:190} INFO - [2024-09-19T18:26:33.185+0000] {dagbag.py:587} INFO - Filling up the DagBag from /home/airflow/.local/lib/python3.12/site-packages/airflow/example_dags/example_task_group_decorator.py
[2024-09-19T18:26:33.217+0000] {processor.py:925} INFO - DAG(s) 'example_task_group_decorator' retrieved from /home/airflow/.local/lib/python3.12/site-packages/airflow/example_dags/example_task_group_decorator.py
[2024-09-19T18:26:33.246+0000] {logging_mixin.py:190} INFO - [2024-09-19T18:26:33.246+0000] {dag.py:3211} INFO - Sync 1 DAGs
[2024-09-19T18:26:33.274+0000] {logging_mixin.py:190} INFO - [2024-09-19T18:26:33.274+0000] {dag.py:4138} INFO - Setting next_dagrun for example_task_group_decorator to 2024-09-18 00:00:00+00:00, run_after=2024-09-19 00:00:00+00:00
[2024-09-19T18:26:33.289+0000] {processor.py:208} INFO - Processing /home/airflow/.local/lib/python3.12/site-packages/airflow/example_dags/example_task_group_decorator.py took 0.116 seconds
[2024-09-19T18:27:03.313+0000] {processor.py:186} INFO - Started process (PID=1468) to work on /home/airflow/.local/lib/python3.12/site-packages/airflow/example_dags/example_task_group_decorator.py
[2024-09-19T18:27:03.317+0000] {processor.py:914} INFO - Processing file /home/airflow/.local/lib/python3.12/site-packages/airflow/example_dags/example_task_group_decorator.py for tasks to queue
[2024-09-19T18:27:03.319+0000] {logging_mixin.py:190} INFO - [2024-09-19T18:27:03.318+0000] {dagbag.py:587} INFO - Filling up the DagBag from /home/airflow/.local/lib/python3.12/site-packages/airflow/example_dags/example_task_group_decorator.py
[2024-09-19T18:27:03.332+0000] {processor.py:925} INFO - DAG(s) 'example_task_group_decorator' retrieved from /home/airflow/.local/lib/python3.12/site-packages/airflow/example_dags/example_task_group_decorator.py
[2024-09-19T18:27:03.355+0000] {logging_mixin.py:190} INFO - [2024-09-19T18:27:03.355+0000] {dag.py:3211} INFO - Sync 1 DAGs
[2024-09-19T18:27:03.379+0000] {logging_mixin.py:190} INFO - [2024-09-19T18:27:03.379+0000] {dag.py:4138} INFO - Setting next_dagrun for example_task_group_decorator to 2024-09-18 00:00:00+00:00, run_after=2024-09-19 00:00:00+00:00
[2024-09-19T18:27:03.396+0000] {processor.py:208} INFO - Processing /home/airflow/.local/lib/python3.12/site-packages/airflow/example_dags/example_task_group_decorator.py took 0.087 seconds
[2024-09-19T18:27:34.226+0000] {processor.py:186} INFO - Started process (PID=1530) to work on /home/airflow/.local/lib/python3.12/site-packages/airflow/example_dags/example_task_group_decorator.py
[2024-09-19T18:27:34.227+0000] {processor.py:914} INFO - Processing file /home/airflow/.local/lib/python3.12/site-packages/airflow/example_dags/example_task_group_decorator.py for tasks to queue
[2024-09-19T18:27:34.229+0000] {logging_mixin.py:190} INFO - [2024-09-19T18:27:34.229+0000] {dagbag.py:587} INFO - Filling up the DagBag from /home/airflow/.local/lib/python3.12/site-packages/airflow/example_dags/example_task_group_decorator.py
[2024-09-19T18:27:34.237+0000] {processor.py:925} INFO - DAG(s) 'example_task_group_decorator' retrieved from /home/airflow/.local/lib/python3.12/site-packages/airflow/example_dags/example_task_group_decorator.py
[2024-09-19T18:27:34.251+0000] {logging_mixin.py:190} INFO - [2024-09-19T18:27:34.250+0000] {dag.py:3211} INFO - Sync 1 DAGs
[2024-09-19T18:27:34.261+0000] {logging_mixin.py:190} INFO - [2024-09-19T18:27:34.261+0000] {dag.py:4138} INFO - Setting next_dagrun for example_task_group_decorator to 2024-09-18 00:00:00+00:00, run_after=2024-09-19 00:00:00+00:00
[2024-09-19T18:27:34.273+0000] {processor.py:208} INFO - Processing /home/airflow/.local/lib/python3.12/site-packages/airflow/example_dags/example_task_group_decorator.py took 0.050 seconds
[2024-09-19T18:28:05.071+0000] {processor.py:186} INFO - Started process (PID=1592) to work on /home/airflow/.local/lib/python3.12/site-packages/airflow/example_dags/example_task_group_decorator.py
[2024-09-19T18:28:05.072+0000] {processor.py:914} INFO - Processing file /home/airflow/.local/lib/python3.12/site-packages/airflow/example_dags/example_task_group_decorator.py for tasks to queue
[2024-09-19T18:28:05.073+0000] {logging_mixin.py:190} INFO - [2024-09-19T18:28:05.073+0000] {dagbag.py:587} INFO - Filling up the DagBag from /home/airflow/.local/lib/python3.12/site-packages/airflow/example_dags/example_task_group_decorator.py
[2024-09-19T18:28:05.089+0000] {processor.py:925} INFO - DAG(s) 'example_task_group_decorator' retrieved from /home/airflow/.local/lib/python3.12/site-packages/airflow/example_dags/example_task_group_decorator.py
[2024-09-19T18:28:05.110+0000] {logging_mixin.py:190} INFO - [2024-09-19T18:28:05.110+0000] {dag.py:3211} INFO - Sync 1 DAGs
[2024-09-19T18:28:05.127+0000] {logging_mixin.py:190} INFO - [2024-09-19T18:28:05.127+0000] {dag.py:4138} INFO - Setting next_dagrun for example_task_group_decorator to 2024-09-18 00:00:00+00:00, run_after=2024-09-19 00:00:00+00:00
[2024-09-19T18:28:05.149+0000] {processor.py:208} INFO - Processing /home/airflow/.local/lib/python3.12/site-packages/airflow/example_dags/example_task_group_decorator.py took 0.082 seconds
[2024-09-19T18:28:35.776+0000] {processor.py:186} INFO - Started process (PID=1654) to work on /home/airflow/.local/lib/python3.12/site-packages/airflow/example_dags/example_task_group_decorator.py
[2024-09-19T18:28:35.778+0000] {processor.py:914} INFO - Processing file /home/airflow/.local/lib/python3.12/site-packages/airflow/example_dags/example_task_group_decorator.py for tasks to queue
[2024-09-19T18:28:35.779+0000] {logging_mixin.py:190} INFO - [2024-09-19T18:28:35.779+0000] {dagbag.py:587} INFO - Filling up the DagBag from /home/airflow/.local/lib/python3.12/site-packages/airflow/example_dags/example_task_group_decorator.py
[2024-09-19T18:28:35.786+0000] {processor.py:925} INFO - DAG(s) 'example_task_group_decorator' retrieved from /home/airflow/.local/lib/python3.12/site-packages/airflow/example_dags/example_task_group_decorator.py
[2024-09-19T18:28:35.796+0000] {logging_mixin.py:190} INFO - [2024-09-19T18:28:35.796+0000] {dag.py:3211} INFO - Sync 1 DAGs
[2024-09-19T18:28:35.808+0000] {logging_mixin.py:190} INFO - [2024-09-19T18:28:35.808+0000] {dag.py:4138} INFO - Setting next_dagrun for example_task_group_decorator to 2024-09-18 00:00:00+00:00, run_after=2024-09-19 00:00:00+00:00
[2024-09-19T18:28:35.819+0000] {processor.py:208} INFO - Processing /home/airflow/.local/lib/python3.12/site-packages/airflow/example_dags/example_task_group_decorator.py took 0.045 seconds
[2024-09-19T18:29:06.546+0000] {processor.py:186} INFO - Started process (PID=1716) to work on /home/airflow/.local/lib/python3.12/site-packages/airflow/example_dags/example_task_group_decorator.py
[2024-09-19T18:29:06.549+0000] {processor.py:914} INFO - Processing file /home/airflow/.local/lib/python3.12/site-packages/airflow/example_dags/example_task_group_decorator.py for tasks to queue
[2024-09-19T18:29:06.552+0000] {logging_mixin.py:190} INFO - [2024-09-19T18:29:06.552+0000] {dagbag.py:587} INFO - Filling up the DagBag from /home/airflow/.local/lib/python3.12/site-packages/airflow/example_dags/example_task_group_decorator.py
[2024-09-19T18:29:06.563+0000] {processor.py:925} INFO - DAG(s) 'example_task_group_decorator' retrieved from /home/airflow/.local/lib/python3.12/site-packages/airflow/example_dags/example_task_group_decorator.py
[2024-09-19T18:29:06.578+0000] {logging_mixin.py:190} INFO - [2024-09-19T18:29:06.578+0000] {dag.py:3211} INFO - Sync 1 DAGs
[2024-09-19T18:29:06.588+0000] {logging_mixin.py:190} INFO - [2024-09-19T18:29:06.588+0000] {dag.py:4138} INFO - Setting next_dagrun for example_task_group_decorator to 2024-09-18 00:00:00+00:00, run_after=2024-09-19 00:00:00+00:00
[2024-09-19T18:29:06.595+0000] {processor.py:208} INFO - Processing /home/airflow/.local/lib/python3.12/site-packages/airflow/example_dags/example_task_group_decorator.py took 0.051 seconds
[2024-09-19T18:29:37.194+0000] {processor.py:186} INFO - Started process (PID=1778) to work on /home/airflow/.local/lib/python3.12/site-packages/airflow/example_dags/example_task_group_decorator.py
[2024-09-19T18:29:37.196+0000] {processor.py:914} INFO - Processing file /home/airflow/.local/lib/python3.12/site-packages/airflow/example_dags/example_task_group_decorator.py for tasks to queue
[2024-09-19T18:29:37.198+0000] {logging_mixin.py:190} INFO - [2024-09-19T18:29:37.197+0000] {dagbag.py:587} INFO - Filling up the DagBag from /home/airflow/.local/lib/python3.12/site-packages/airflow/example_dags/example_task_group_decorator.py
[2024-09-19T18:29:37.205+0000] {processor.py:925} INFO - DAG(s) 'example_task_group_decorator' retrieved from /home/airflow/.local/lib/python3.12/site-packages/airflow/example_dags/example_task_group_decorator.py
[2024-09-19T18:29:37.221+0000] {logging_mixin.py:190} INFO - [2024-09-19T18:29:37.221+0000] {dag.py:3211} INFO - Sync 1 DAGs
[2024-09-19T18:29:37.233+0000] {logging_mixin.py:190} INFO - [2024-09-19T18:29:37.233+0000] {dag.py:4138} INFO - Setting next_dagrun for example_task_group_decorator to 2024-09-18 00:00:00+00:00, run_after=2024-09-19 00:00:00+00:00
[2024-09-19T18:29:37.243+0000] {processor.py:208} INFO - Processing /home/airflow/.local/lib/python3.12/site-packages/airflow/example_dags/example_task_group_decorator.py took 0.051 seconds
[2024-09-19T18:30:08.298+0000] {processor.py:186} INFO - Started process (PID=1840) to work on /home/airflow/.local/lib/python3.12/site-packages/airflow/example_dags/example_task_group_decorator.py
[2024-09-19T18:30:08.300+0000] {processor.py:914} INFO - Processing file /home/airflow/.local/lib/python3.12/site-packages/airflow/example_dags/example_task_group_decorator.py for tasks to queue
[2024-09-19T18:30:08.301+0000] {logging_mixin.py:190} INFO - [2024-09-19T18:30:08.301+0000] {dagbag.py:587} INFO - Filling up the DagBag from /home/airflow/.local/lib/python3.12/site-packages/airflow/example_dags/example_task_group_decorator.py
[2024-09-19T18:30:08.308+0000] {processor.py:925} INFO - DAG(s) 'example_task_group_decorator' retrieved from /home/airflow/.local/lib/python3.12/site-packages/airflow/example_dags/example_task_group_decorator.py
[2024-09-19T18:30:08.325+0000] {logging_mixin.py:190} INFO - [2024-09-19T18:30:08.324+0000] {dag.py:3211} INFO - Sync 1 DAGs
[2024-09-19T18:30:08.335+0000] {logging_mixin.py:190} INFO - [2024-09-19T18:30:08.335+0000] {dag.py:4138} INFO - Setting next_dagrun for example_task_group_decorator to 2024-09-18 00:00:00+00:00, run_after=2024-09-19 00:00:00+00:00
[2024-09-19T18:30:08.346+0000] {processor.py:208} INFO - Processing /home/airflow/.local/lib/python3.12/site-packages/airflow/example_dags/example_task_group_decorator.py took 0.051 seconds
[2024-09-19T18:30:38.958+0000] {processor.py:186} INFO - Started process (PID=1908) to work on /home/airflow/.local/lib/python3.12/site-packages/airflow/example_dags/example_task_group_decorator.py
[2024-09-19T18:30:38.961+0000] {processor.py:914} INFO - Processing file /home/airflow/.local/lib/python3.12/site-packages/airflow/example_dags/example_task_group_decorator.py for tasks to queue
[2024-09-19T18:30:38.968+0000] {logging_mixin.py:190} INFO - [2024-09-19T18:30:38.965+0000] {dagbag.py:587} INFO - Filling up the DagBag from /home/airflow/.local/lib/python3.12/site-packages/airflow/example_dags/example_task_group_decorator.py
[2024-09-19T18:30:38.992+0000] {processor.py:925} INFO - DAG(s) 'example_task_group_decorator' retrieved from /home/airflow/.local/lib/python3.12/site-packages/airflow/example_dags/example_task_group_decorator.py
[2024-09-19T18:30:39.013+0000] {logging_mixin.py:190} INFO - [2024-09-19T18:30:39.013+0000] {dag.py:3211} INFO - Sync 1 DAGs
[2024-09-19T18:30:39.032+0000] {logging_mixin.py:190} INFO - [2024-09-19T18:30:39.031+0000] {dag.py:4138} INFO - Setting next_dagrun for example_task_group_decorator to 2024-09-18 00:00:00+00:00, run_after=2024-09-19 00:00:00+00:00
[2024-09-19T18:30:39.063+0000] {processor.py:208} INFO - Processing /home/airflow/.local/lib/python3.12/site-packages/airflow/example_dags/example_task_group_decorator.py took 0.116 seconds
[2024-09-19T18:31:09.742+0000] {processor.py:186} INFO - Started process (PID=1975) to work on /home/airflow/.local/lib/python3.12/site-packages/airflow/example_dags/example_task_group_decorator.py
[2024-09-19T18:31:09.744+0000] {processor.py:914} INFO - Processing file /home/airflow/.local/lib/python3.12/site-packages/airflow/example_dags/example_task_group_decorator.py for tasks to queue
[2024-09-19T18:31:09.745+0000] {logging_mixin.py:190} INFO - [2024-09-19T18:31:09.745+0000] {dagbag.py:587} INFO - Filling up the DagBag from /home/airflow/.local/lib/python3.12/site-packages/airflow/example_dags/example_task_group_decorator.py
[2024-09-19T18:31:09.755+0000] {processor.py:925} INFO - DAG(s) 'example_task_group_decorator' retrieved from /home/airflow/.local/lib/python3.12/site-packages/airflow/example_dags/example_task_group_decorator.py
[2024-09-19T18:31:09.778+0000] {logging_mixin.py:190} INFO - [2024-09-19T18:31:09.778+0000] {dag.py:3211} INFO - Sync 1 DAGs
[2024-09-19T18:31:09.792+0000] {logging_mixin.py:190} INFO - [2024-09-19T18:31:09.792+0000] {dag.py:4138} INFO - Setting next_dagrun for example_task_group_decorator to 2024-09-18 00:00:00+00:00, run_after=2024-09-19 00:00:00+00:00
[2024-09-19T18:31:09.804+0000] {processor.py:208} INFO - Processing /home/airflow/.local/lib/python3.12/site-packages/airflow/example_dags/example_task_group_decorator.py took 0.065 seconds
[2024-09-19T18:31:40.812+0000] {processor.py:186} INFO - Started process (PID=2037) to work on /home/airflow/.local/lib/python3.12/site-packages/airflow/example_dags/example_task_group_decorator.py
[2024-09-19T18:31:40.813+0000] {processor.py:914} INFO - Processing file /home/airflow/.local/lib/python3.12/site-packages/airflow/example_dags/example_task_group_decorator.py for tasks to queue
[2024-09-19T18:31:40.815+0000] {logging_mixin.py:190} INFO - [2024-09-19T18:31:40.815+0000] {dagbag.py:587} INFO - Filling up the DagBag from /home/airflow/.local/lib/python3.12/site-packages/airflow/example_dags/example_task_group_decorator.py
[2024-09-19T18:31:40.822+0000] {processor.py:925} INFO - DAG(s) 'example_task_group_decorator' retrieved from /home/airflow/.local/lib/python3.12/site-packages/airflow/example_dags/example_task_group_decorator.py
[2024-09-19T18:31:40.842+0000] {logging_mixin.py:190} INFO - [2024-09-19T18:31:40.842+0000] {dag.py:3211} INFO - Sync 1 DAGs
[2024-09-19T18:31:40.852+0000] {logging_mixin.py:190} INFO - [2024-09-19T18:31:40.852+0000] {dag.py:4138} INFO - Setting next_dagrun for example_task_group_decorator to 2024-09-18 00:00:00+00:00, run_after=2024-09-19 00:00:00+00:00
[2024-09-19T18:31:40.864+0000] {processor.py:208} INFO - Processing /home/airflow/.local/lib/python3.12/site-packages/airflow/example_dags/example_task_group_decorator.py took 0.055 seconds
[2024-09-19T18:32:11.426+0000] {processor.py:186} INFO - Started process (PID=2099) to work on /home/airflow/.local/lib/python3.12/site-packages/airflow/example_dags/example_task_group_decorator.py
[2024-09-19T18:32:11.427+0000] {processor.py:914} INFO - Processing file /home/airflow/.local/lib/python3.12/site-packages/airflow/example_dags/example_task_group_decorator.py for tasks to queue
[2024-09-19T18:32:11.429+0000] {logging_mixin.py:190} INFO - [2024-09-19T18:32:11.429+0000] {dagbag.py:587} INFO - Filling up the DagBag from /home/airflow/.local/lib/python3.12/site-packages/airflow/example_dags/example_task_group_decorator.py
[2024-09-19T18:32:11.438+0000] {processor.py:925} INFO - DAG(s) 'example_task_group_decorator' retrieved from /home/airflow/.local/lib/python3.12/site-packages/airflow/example_dags/example_task_group_decorator.py
[2024-09-19T18:32:11.449+0000] {logging_mixin.py:190} INFO - [2024-09-19T18:32:11.449+0000] {dag.py:3211} INFO - Sync 1 DAGs
[2024-09-19T18:32:11.459+0000] {logging_mixin.py:190} INFO - [2024-09-19T18:32:11.459+0000] {dag.py:4138} INFO - Setting next_dagrun for example_task_group_decorator to 2024-09-18 00:00:00+00:00, run_after=2024-09-19 00:00:00+00:00
[2024-09-19T18:32:11.469+0000] {processor.py:208} INFO - Processing /home/airflow/.local/lib/python3.12/site-packages/airflow/example_dags/example_task_group_decorator.py took 0.046 seconds
[2024-09-19T18:32:42.271+0000] {processor.py:186} INFO - Started process (PID=2161) to work on /home/airflow/.local/lib/python3.12/site-packages/airflow/example_dags/example_task_group_decorator.py
[2024-09-19T18:32:42.275+0000] {processor.py:914} INFO - Processing file /home/airflow/.local/lib/python3.12/site-packages/airflow/example_dags/example_task_group_decorator.py for tasks to queue
[2024-09-19T18:32:42.277+0000] {logging_mixin.py:190} INFO - [2024-09-19T18:32:42.277+0000] {dagbag.py:587} INFO - Filling up the DagBag from /home/airflow/.local/lib/python3.12/site-packages/airflow/example_dags/example_task_group_decorator.py
[2024-09-19T18:32:42.286+0000] {processor.py:925} INFO - DAG(s) 'example_task_group_decorator' retrieved from /home/airflow/.local/lib/python3.12/site-packages/airflow/example_dags/example_task_group_decorator.py
[2024-09-19T18:32:42.303+0000] {logging_mixin.py:190} INFO - [2024-09-19T18:32:42.303+0000] {dag.py:3211} INFO - Sync 1 DAGs
[2024-09-19T18:32:42.316+0000] {logging_mixin.py:190} INFO - [2024-09-19T18:32:42.315+0000] {dag.py:4138} INFO - Setting next_dagrun for example_task_group_decorator to 2024-09-18 00:00:00+00:00, run_after=2024-09-19 00:00:00+00:00
[2024-09-19T18:32:42.327+0000] {processor.py:208} INFO - Processing /home/airflow/.local/lib/python3.12/site-packages/airflow/example_dags/example_task_group_decorator.py took 0.061 seconds
[2024-09-19T18:33:13.453+0000] {processor.py:186} INFO - Started process (PID=2223) to work on /home/airflow/.local/lib/python3.12/site-packages/airflow/example_dags/example_task_group_decorator.py
[2024-09-19T18:33:13.455+0000] {processor.py:914} INFO - Processing file /home/airflow/.local/lib/python3.12/site-packages/airflow/example_dags/example_task_group_decorator.py for tasks to queue
[2024-09-19T18:33:13.456+0000] {logging_mixin.py:190} INFO - [2024-09-19T18:33:13.456+0000] {dagbag.py:587} INFO - Filling up the DagBag from /home/airflow/.local/lib/python3.12/site-packages/airflow/example_dags/example_task_group_decorator.py
[2024-09-19T18:33:13.466+0000] {processor.py:925} INFO - DAG(s) 'example_task_group_decorator' retrieved from /home/airflow/.local/lib/python3.12/site-packages/airflow/example_dags/example_task_group_decorator.py
[2024-09-19T18:33:13.486+0000] {logging_mixin.py:190} INFO - [2024-09-19T18:33:13.486+0000] {dag.py:3211} INFO - Sync 1 DAGs
[2024-09-19T18:33:13.497+0000] {logging_mixin.py:190} INFO - [2024-09-19T18:33:13.497+0000] {dag.py:4138} INFO - Setting next_dagrun for example_task_group_decorator to 2024-09-18 00:00:00+00:00, run_after=2024-09-19 00:00:00+00:00
[2024-09-19T18:33:13.507+0000] {processor.py:208} INFO - Processing /home/airflow/.local/lib/python3.12/site-packages/airflow/example_dags/example_task_group_decorator.py took 0.058 seconds
[2024-09-19T18:33:44.606+0000] {processor.py:186} INFO - Started process (PID=2285) to work on /home/airflow/.local/lib/python3.12/site-packages/airflow/example_dags/example_task_group_decorator.py
[2024-09-19T18:33:44.607+0000] {processor.py:914} INFO - Processing file /home/airflow/.local/lib/python3.12/site-packages/airflow/example_dags/example_task_group_decorator.py for tasks to queue
[2024-09-19T18:33:44.608+0000] {logging_mixin.py:190} INFO - [2024-09-19T18:33:44.608+0000] {dagbag.py:587} INFO - Filling up the DagBag from /home/airflow/.local/lib/python3.12/site-packages/airflow/example_dags/example_task_group_decorator.py
[2024-09-19T18:33:44.615+0000] {processor.py:925} INFO - DAG(s) 'example_task_group_decorator' retrieved from /home/airflow/.local/lib/python3.12/site-packages/airflow/example_dags/example_task_group_decorator.py
[2024-09-19T18:33:44.629+0000] {logging_mixin.py:190} INFO - [2024-09-19T18:33:44.629+0000] {dag.py:3211} INFO - Sync 1 DAGs
[2024-09-19T18:33:44.639+0000] {logging_mixin.py:190} INFO - [2024-09-19T18:33:44.638+0000] {dag.py:4138} INFO - Setting next_dagrun for example_task_group_decorator to 2024-09-18 00:00:00+00:00, run_after=2024-09-19 00:00:00+00:00
[2024-09-19T18:33:44.651+0000] {processor.py:208} INFO - Processing /home/airflow/.local/lib/python3.12/site-packages/airflow/example_dags/example_task_group_decorator.py took 0.047 seconds
[2024-09-19T18:34:14.888+0000] {processor.py:186} INFO - Started process (PID=2347) to work on /home/airflow/.local/lib/python3.12/site-packages/airflow/example_dags/example_task_group_decorator.py
[2024-09-19T18:34:14.889+0000] {processor.py:914} INFO - Processing file /home/airflow/.local/lib/python3.12/site-packages/airflow/example_dags/example_task_group_decorator.py for tasks to queue
[2024-09-19T18:34:14.890+0000] {logging_mixin.py:190} INFO - [2024-09-19T18:34:14.890+0000] {dagbag.py:587} INFO - Filling up the DagBag from /home/airflow/.local/lib/python3.12/site-packages/airflow/example_dags/example_task_group_decorator.py
[2024-09-19T18:34:14.897+0000] {processor.py:925} INFO - DAG(s) 'example_task_group_decorator' retrieved from /home/airflow/.local/lib/python3.12/site-packages/airflow/example_dags/example_task_group_decorator.py
[2024-09-19T18:34:14.914+0000] {logging_mixin.py:190} INFO - [2024-09-19T18:34:14.913+0000] {dag.py:3211} INFO - Sync 1 DAGs
[2024-09-19T18:34:14.932+0000] {logging_mixin.py:190} INFO - [2024-09-19T18:34:14.931+0000] {dag.py:4138} INFO - Setting next_dagrun for example_task_group_decorator to 2024-09-18 00:00:00+00:00, run_after=2024-09-19 00:00:00+00:00
[2024-09-19T18:34:14.946+0000] {processor.py:208} INFO - Processing /home/airflow/.local/lib/python3.12/site-packages/airflow/example_dags/example_task_group_decorator.py took 0.060 seconds
[2024-09-19T18:34:44.967+0000] {processor.py:186} INFO - Started process (PID=2408) to work on /home/airflow/.local/lib/python3.12/site-packages/airflow/example_dags/example_task_group_decorator.py
[2024-09-19T18:34:44.968+0000] {processor.py:914} INFO - Processing file /home/airflow/.local/lib/python3.12/site-packages/airflow/example_dags/example_task_group_decorator.py for tasks to queue
[2024-09-19T18:34:44.970+0000] {logging_mixin.py:190} INFO - [2024-09-19T18:34:44.970+0000] {dagbag.py:587} INFO - Filling up the DagBag from /home/airflow/.local/lib/python3.12/site-packages/airflow/example_dags/example_task_group_decorator.py
[2024-09-19T18:34:44.977+0000] {processor.py:925} INFO - DAG(s) 'example_task_group_decorator' retrieved from /home/airflow/.local/lib/python3.12/site-packages/airflow/example_dags/example_task_group_decorator.py
[2024-09-19T18:34:44.988+0000] {logging_mixin.py:190} INFO - [2024-09-19T18:34:44.987+0000] {dag.py:3211} INFO - Sync 1 DAGs
[2024-09-19T18:34:45.001+0000] {logging_mixin.py:190} INFO - [2024-09-19T18:34:45.001+0000] {dag.py:4138} INFO - Setting next_dagrun for example_task_group_decorator to 2024-09-18 00:00:00+00:00, run_after=2024-09-19 00:00:00+00:00
[2024-09-19T18:34:45.017+0000] {processor.py:208} INFO - Processing /home/airflow/.local/lib/python3.12/site-packages/airflow/example_dags/example_task_group_decorator.py took 0.053 seconds
[2024-09-19T18:35:16.083+0000] {processor.py:186} INFO - Started process (PID=2471) to work on /home/airflow/.local/lib/python3.12/site-packages/airflow/example_dags/example_task_group_decorator.py
[2024-09-19T18:35:16.084+0000] {processor.py:914} INFO - Processing file /home/airflow/.local/lib/python3.12/site-packages/airflow/example_dags/example_task_group_decorator.py for tasks to queue
[2024-09-19T18:35:16.084+0000] {logging_mixin.py:190} INFO - [2024-09-19T18:35:16.084+0000] {dagbag.py:587} INFO - Filling up the DagBag from /home/airflow/.local/lib/python3.12/site-packages/airflow/example_dags/example_task_group_decorator.py
[2024-09-19T18:35:16.091+0000] {processor.py:925} INFO - DAG(s) 'example_task_group_decorator' retrieved from /home/airflow/.local/lib/python3.12/site-packages/airflow/example_dags/example_task_group_decorator.py
[2024-09-19T18:35:16.101+0000] {logging_mixin.py:190} INFO - [2024-09-19T18:35:16.100+0000] {dag.py:3211} INFO - Sync 1 DAGs
[2024-09-19T18:35:16.109+0000] {logging_mixin.py:190} INFO - [2024-09-19T18:35:16.109+0000] {dag.py:4138} INFO - Setting next_dagrun for example_task_group_decorator to 2024-09-18 00:00:00+00:00, run_after=2024-09-19 00:00:00+00:00
[2024-09-19T18:35:16.116+0000] {processor.py:208} INFO - Processing /home/airflow/.local/lib/python3.12/site-packages/airflow/example_dags/example_task_group_decorator.py took 0.035 seconds
[2024-09-19T18:35:46.637+0000] {processor.py:186} INFO - Started process (PID=2533) to work on /home/airflow/.local/lib/python3.12/site-packages/airflow/example_dags/example_task_group_decorator.py
[2024-09-19T18:35:46.638+0000] {processor.py:914} INFO - Processing file /home/airflow/.local/lib/python3.12/site-packages/airflow/example_dags/example_task_group_decorator.py for tasks to queue
[2024-09-19T18:35:46.639+0000] {logging_mixin.py:190} INFO - [2024-09-19T18:35:46.639+0000] {dagbag.py:587} INFO - Filling up the DagBag from /home/airflow/.local/lib/python3.12/site-packages/airflow/example_dags/example_task_group_decorator.py
[2024-09-19T18:35:46.647+0000] {processor.py:925} INFO - DAG(s) 'example_task_group_decorator' retrieved from /home/airflow/.local/lib/python3.12/site-packages/airflow/example_dags/example_task_group_decorator.py
[2024-09-19T18:35:46.658+0000] {logging_mixin.py:190} INFO - [2024-09-19T18:35:46.658+0000] {dag.py:3211} INFO - Sync 1 DAGs
[2024-09-19T18:35:46.672+0000] {logging_mixin.py:190} INFO - [2024-09-19T18:35:46.672+0000] {dag.py:4138} INFO - Setting next_dagrun for example_task_group_decorator to 2024-09-18 00:00:00+00:00, run_after=2024-09-19 00:00:00+00:00
[2024-09-19T18:35:46.680+0000] {processor.py:208} INFO - Processing /home/airflow/.local/lib/python3.12/site-packages/airflow/example_dags/example_task_group_decorator.py took 0.046 seconds
[2024-09-19T18:36:17.937+0000] {processor.py:186} INFO - Started process (PID=2595) to work on /home/airflow/.local/lib/python3.12/site-packages/airflow/example_dags/example_task_group_decorator.py
[2024-09-19T18:36:17.939+0000] {processor.py:914} INFO - Processing file /home/airflow/.local/lib/python3.12/site-packages/airflow/example_dags/example_task_group_decorator.py for tasks to queue
[2024-09-19T18:36:17.940+0000] {logging_mixin.py:190} INFO - [2024-09-19T18:36:17.940+0000] {dagbag.py:587} INFO - Filling up the DagBag from /home/airflow/.local/lib/python3.12/site-packages/airflow/example_dags/example_task_group_decorator.py
[2024-09-19T18:36:17.949+0000] {processor.py:925} INFO - DAG(s) 'example_task_group_decorator' retrieved from /home/airflow/.local/lib/python3.12/site-packages/airflow/example_dags/example_task_group_decorator.py
[2024-09-19T18:36:17.964+0000] {logging_mixin.py:190} INFO - [2024-09-19T18:36:17.964+0000] {dag.py:3211} INFO - Sync 1 DAGs
[2024-09-19T18:36:17.975+0000] {logging_mixin.py:190} INFO - [2024-09-19T18:36:17.975+0000] {dag.py:4138} INFO - Setting next_dagrun for example_task_group_decorator to 2024-09-18 00:00:00+00:00, run_after=2024-09-19 00:00:00+00:00
[2024-09-19T18:36:17.985+0000] {processor.py:208} INFO - Processing /home/airflow/.local/lib/python3.12/site-packages/airflow/example_dags/example_task_group_decorator.py took 0.052 seconds
[2024-09-19T18:36:48.748+0000] {processor.py:186} INFO - Started process (PID=2657) to work on /home/airflow/.local/lib/python3.12/site-packages/airflow/example_dags/example_task_group_decorator.py
[2024-09-19T18:36:48.750+0000] {processor.py:914} INFO - Processing file /home/airflow/.local/lib/python3.12/site-packages/airflow/example_dags/example_task_group_decorator.py for tasks to queue
[2024-09-19T18:36:48.752+0000] {logging_mixin.py:190} INFO - [2024-09-19T18:36:48.752+0000] {dagbag.py:587} INFO - Filling up the DagBag from /home/airflow/.local/lib/python3.12/site-packages/airflow/example_dags/example_task_group_decorator.py
[2024-09-19T18:36:48.789+0000] {processor.py:925} INFO - DAG(s) 'example_task_group_decorator' retrieved from /home/airflow/.local/lib/python3.12/site-packages/airflow/example_dags/example_task_group_decorator.py
[2024-09-19T18:36:48.806+0000] {logging_mixin.py:190} INFO - [2024-09-19T18:36:48.806+0000] {dag.py:3211} INFO - Sync 1 DAGs
[2024-09-19T18:36:48.820+0000] {logging_mixin.py:190} INFO - [2024-09-19T18:36:48.819+0000] {dag.py:4138} INFO - Setting next_dagrun for example_task_group_decorator to 2024-09-18 00:00:00+00:00, run_after=2024-09-19 00:00:00+00:00
[2024-09-19T18:36:48.850+0000] {processor.py:208} INFO - Processing /home/airflow/.local/lib/python3.12/site-packages/airflow/example_dags/example_task_group_decorator.py took 0.115 seconds
[2024-09-19T18:37:19.447+0000] {processor.py:186} INFO - Started process (PID=2719) to work on /home/airflow/.local/lib/python3.12/site-packages/airflow/example_dags/example_task_group_decorator.py
[2024-09-19T18:37:19.448+0000] {processor.py:914} INFO - Processing file /home/airflow/.local/lib/python3.12/site-packages/airflow/example_dags/example_task_group_decorator.py for tasks to queue
[2024-09-19T18:37:19.450+0000] {logging_mixin.py:190} INFO - [2024-09-19T18:37:19.450+0000] {dagbag.py:587} INFO - Filling up the DagBag from /home/airflow/.local/lib/python3.12/site-packages/airflow/example_dags/example_task_group_decorator.py
[2024-09-19T18:37:19.457+0000] {processor.py:925} INFO - DAG(s) 'example_task_group_decorator' retrieved from /home/airflow/.local/lib/python3.12/site-packages/airflow/example_dags/example_task_group_decorator.py
[2024-09-19T18:37:19.472+0000] {logging_mixin.py:190} INFO - [2024-09-19T18:37:19.472+0000] {dag.py:3211} INFO - Sync 1 DAGs
[2024-09-19T18:37:19.485+0000] {logging_mixin.py:190} INFO - [2024-09-19T18:37:19.485+0000] {dag.py:4138} INFO - Setting next_dagrun for example_task_group_decorator to 2024-09-18 00:00:00+00:00, run_after=2024-09-19 00:00:00+00:00
[2024-09-19T18:37:19.497+0000] {processor.py:208} INFO - Processing /home/airflow/.local/lib/python3.12/site-packages/airflow/example_dags/example_task_group_decorator.py took 0.053 seconds
[2024-09-19T18:37:50.633+0000] {processor.py:186} INFO - Started process (PID=2781) to work on /home/airflow/.local/lib/python3.12/site-packages/airflow/example_dags/example_task_group_decorator.py
[2024-09-19T18:37:50.634+0000] {processor.py:914} INFO - Processing file /home/airflow/.local/lib/python3.12/site-packages/airflow/example_dags/example_task_group_decorator.py for tasks to queue
[2024-09-19T18:37:50.635+0000] {logging_mixin.py:190} INFO - [2024-09-19T18:37:50.635+0000] {dagbag.py:587} INFO - Filling up the DagBag from /home/airflow/.local/lib/python3.12/site-packages/airflow/example_dags/example_task_group_decorator.py
[2024-09-19T18:37:50.642+0000] {processor.py:925} INFO - DAG(s) 'example_task_group_decorator' retrieved from /home/airflow/.local/lib/python3.12/site-packages/airflow/example_dags/example_task_group_decorator.py
[2024-09-19T18:37:50.654+0000] {logging_mixin.py:190} INFO - [2024-09-19T18:37:50.654+0000] {dag.py:3211} INFO - Sync 1 DAGs
[2024-09-19T18:37:50.666+0000] {logging_mixin.py:190} INFO - [2024-09-19T18:37:50.666+0000] {dag.py:4138} INFO - Setting next_dagrun for example_task_group_decorator to 2024-09-18 00:00:00+00:00, run_after=2024-09-19 00:00:00+00:00
[2024-09-19T18:37:50.673+0000] {processor.py:208} INFO - Processing /home/airflow/.local/lib/python3.12/site-packages/airflow/example_dags/example_task_group_decorator.py took 0.043 seconds
[2024-09-19T18:38:22.345+0000] {processor.py:186} INFO - Started process (PID=2843) to work on /home/airflow/.local/lib/python3.12/site-packages/airflow/example_dags/example_task_group_decorator.py
[2024-09-19T18:38:22.346+0000] {processor.py:914} INFO - Processing file /home/airflow/.local/lib/python3.12/site-packages/airflow/example_dags/example_task_group_decorator.py for tasks to queue
[2024-09-19T18:38:22.348+0000] {logging_mixin.py:190} INFO - [2024-09-19T18:38:22.348+0000] {dagbag.py:587} INFO - Filling up the DagBag from /home/airflow/.local/lib/python3.12/site-packages/airflow/example_dags/example_task_group_decorator.py
[2024-09-19T18:38:22.358+0000] {processor.py:925} INFO - DAG(s) 'example_task_group_decorator' retrieved from /home/airflow/.local/lib/python3.12/site-packages/airflow/example_dags/example_task_group_decorator.py
[2024-09-19T18:38:22.378+0000] {logging_mixin.py:190} INFO - [2024-09-19T18:38:22.377+0000] {dag.py:3211} INFO - Sync 1 DAGs
[2024-09-19T18:38:22.400+0000] {logging_mixin.py:190} INFO - [2024-09-19T18:38:22.399+0000] {dag.py:4138} INFO - Setting next_dagrun for example_task_group_decorator to 2024-09-18 00:00:00+00:00, run_after=2024-09-19 00:00:00+00:00
[2024-09-19T18:38:22.412+0000] {processor.py:208} INFO - Processing /home/airflow/.local/lib/python3.12/site-packages/airflow/example_dags/example_task_group_decorator.py took 0.074 seconds
[2024-09-19T18:38:53.107+0000] {processor.py:186} INFO - Started process (PID=2905) to work on /home/airflow/.local/lib/python3.12/site-packages/airflow/example_dags/example_task_group_decorator.py
[2024-09-19T18:38:53.108+0000] {processor.py:914} INFO - Processing file /home/airflow/.local/lib/python3.12/site-packages/airflow/example_dags/example_task_group_decorator.py for tasks to queue
[2024-09-19T18:38:53.110+0000] {logging_mixin.py:190} INFO - [2024-09-19T18:38:53.110+0000] {dagbag.py:587} INFO - Filling up the DagBag from /home/airflow/.local/lib/python3.12/site-packages/airflow/example_dags/example_task_group_decorator.py
[2024-09-19T18:38:53.126+0000] {processor.py:925} INFO - DAG(s) 'example_task_group_decorator' retrieved from /home/airflow/.local/lib/python3.12/site-packages/airflow/example_dags/example_task_group_decorator.py
[2024-09-19T18:38:53.139+0000] {logging_mixin.py:190} INFO - [2024-09-19T18:38:53.139+0000] {dag.py:3211} INFO - Sync 1 DAGs
[2024-09-19T18:38:53.154+0000] {logging_mixin.py:190} INFO - [2024-09-19T18:38:53.154+0000] {dag.py:4138} INFO - Setting next_dagrun for example_task_group_decorator to 2024-09-18 00:00:00+00:00, run_after=2024-09-19 00:00:00+00:00
[2024-09-19T18:38:53.164+0000] {processor.py:208} INFO - Processing /home/airflow/.local/lib/python3.12/site-packages/airflow/example_dags/example_task_group_decorator.py took 0.061 seconds
[2024-09-19T18:39:23.681+0000] {processor.py:186} INFO - Started process (PID=2967) to work on /home/airflow/.local/lib/python3.12/site-packages/airflow/example_dags/example_task_group_decorator.py
[2024-09-19T18:39:23.682+0000] {processor.py:914} INFO - Processing file /home/airflow/.local/lib/python3.12/site-packages/airflow/example_dags/example_task_group_decorator.py for tasks to queue
[2024-09-19T18:39:23.683+0000] {logging_mixin.py:190} INFO - [2024-09-19T18:39:23.683+0000] {dagbag.py:587} INFO - Filling up the DagBag from /home/airflow/.local/lib/python3.12/site-packages/airflow/example_dags/example_task_group_decorator.py
[2024-09-19T18:39:23.690+0000] {processor.py:925} INFO - DAG(s) 'example_task_group_decorator' retrieved from /home/airflow/.local/lib/python3.12/site-packages/airflow/example_dags/example_task_group_decorator.py
[2024-09-19T18:39:23.710+0000] {logging_mixin.py:190} INFO - [2024-09-19T18:39:23.710+0000] {dag.py:3211} INFO - Sync 1 DAGs
[2024-09-19T18:39:23.725+0000] {logging_mixin.py:190} INFO - [2024-09-19T18:39:23.725+0000] {dag.py:4138} INFO - Setting next_dagrun for example_task_group_decorator to 2024-09-18 00:00:00+00:00, run_after=2024-09-19 00:00:00+00:00
[2024-09-19T18:39:23.735+0000] {processor.py:208} INFO - Processing /home/airflow/.local/lib/python3.12/site-packages/airflow/example_dags/example_task_group_decorator.py took 0.056 seconds
[2024-09-19T18:39:54.874+0000] {processor.py:186} INFO - Started process (PID=3029) to work on /home/airflow/.local/lib/python3.12/site-packages/airflow/example_dags/example_task_group_decorator.py
[2024-09-19T18:39:54.878+0000] {processor.py:914} INFO - Processing file /home/airflow/.local/lib/python3.12/site-packages/airflow/example_dags/example_task_group_decorator.py for tasks to queue
[2024-09-19T18:39:54.882+0000] {logging_mixin.py:190} INFO - [2024-09-19T18:39:54.881+0000] {dagbag.py:587} INFO - Filling up the DagBag from /home/airflow/.local/lib/python3.12/site-packages/airflow/example_dags/example_task_group_decorator.py
[2024-09-19T18:39:54.888+0000] {processor.py:925} INFO - DAG(s) 'example_task_group_decorator' retrieved from /home/airflow/.local/lib/python3.12/site-packages/airflow/example_dags/example_task_group_decorator.py
[2024-09-19T18:39:54.908+0000] {logging_mixin.py:190} INFO - [2024-09-19T18:39:54.908+0000] {dag.py:3211} INFO - Sync 1 DAGs
[2024-09-19T18:39:54.919+0000] {logging_mixin.py:190} INFO - [2024-09-19T18:39:54.919+0000] {dag.py:4138} INFO - Setting next_dagrun for example_task_group_decorator to 2024-09-18 00:00:00+00:00, run_after=2024-09-19 00:00:00+00:00
[2024-09-19T18:39:54.926+0000] {processor.py:208} INFO - Processing /home/airflow/.local/lib/python3.12/site-packages/airflow/example_dags/example_task_group_decorator.py took 0.054 seconds
[2024-09-19T18:40:25.914+0000] {processor.py:186} INFO - Started process (PID=3091) to work on /home/airflow/.local/lib/python3.12/site-packages/airflow/example_dags/example_task_group_decorator.py
[2024-09-19T18:40:25.915+0000] {processor.py:914} INFO - Processing file /home/airflow/.local/lib/python3.12/site-packages/airflow/example_dags/example_task_group_decorator.py for tasks to queue
[2024-09-19T18:40:25.916+0000] {logging_mixin.py:190} INFO - [2024-09-19T18:40:25.916+0000] {dagbag.py:587} INFO - Filling up the DagBag from /home/airflow/.local/lib/python3.12/site-packages/airflow/example_dags/example_task_group_decorator.py
[2024-09-19T18:40:25.922+0000] {processor.py:925} INFO - DAG(s) 'example_task_group_decorator' retrieved from /home/airflow/.local/lib/python3.12/site-packages/airflow/example_dags/example_task_group_decorator.py
[2024-09-19T18:40:25.936+0000] {logging_mixin.py:190} INFO - [2024-09-19T18:40:25.936+0000] {dag.py:3211} INFO - Sync 1 DAGs
[2024-09-19T18:40:25.945+0000] {logging_mixin.py:190} INFO - [2024-09-19T18:40:25.945+0000] {dag.py:4138} INFO - Setting next_dagrun for example_task_group_decorator to 2024-09-18 00:00:00+00:00, run_after=2024-09-19 00:00:00+00:00
[2024-09-19T18:40:25.951+0000] {processor.py:208} INFO - Processing /home/airflow/.local/lib/python3.12/site-packages/airflow/example_dags/example_task_group_decorator.py took 0.040 seconds
[2024-09-19T18:40:56.557+0000] {processor.py:186} INFO - Started process (PID=3153) to work on /home/airflow/.local/lib/python3.12/site-packages/airflow/example_dags/example_task_group_decorator.py
[2024-09-19T18:40:56.558+0000] {processor.py:914} INFO - Processing file /home/airflow/.local/lib/python3.12/site-packages/airflow/example_dags/example_task_group_decorator.py for tasks to queue
[2024-09-19T18:40:56.559+0000] {logging_mixin.py:190} INFO - [2024-09-19T18:40:56.558+0000] {dagbag.py:587} INFO - Filling up the DagBag from /home/airflow/.local/lib/python3.12/site-packages/airflow/example_dags/example_task_group_decorator.py
[2024-09-19T18:40:56.565+0000] {processor.py:925} INFO - DAG(s) 'example_task_group_decorator' retrieved from /home/airflow/.local/lib/python3.12/site-packages/airflow/example_dags/example_task_group_decorator.py
[2024-09-19T18:40:56.580+0000] {logging_mixin.py:190} INFO - [2024-09-19T18:40:56.580+0000] {dag.py:3211} INFO - Sync 1 DAGs
[2024-09-19T18:40:56.596+0000] {logging_mixin.py:190} INFO - [2024-09-19T18:40:56.596+0000] {dag.py:4138} INFO - Setting next_dagrun for example_task_group_decorator to 2024-09-18 00:00:00+00:00, run_after=2024-09-19 00:00:00+00:00
[2024-09-19T18:40:56.606+0000] {processor.py:208} INFO - Processing /home/airflow/.local/lib/python3.12/site-packages/airflow/example_dags/example_task_group_decorator.py took 0.052 seconds
[2024-09-19T18:41:27.470+0000] {processor.py:186} INFO - Started process (PID=3215) to work on /home/airflow/.local/lib/python3.12/site-packages/airflow/example_dags/example_task_group_decorator.py
[2024-09-19T18:41:27.470+0000] {processor.py:914} INFO - Processing file /home/airflow/.local/lib/python3.12/site-packages/airflow/example_dags/example_task_group_decorator.py for tasks to queue
[2024-09-19T18:41:27.472+0000] {logging_mixin.py:190} INFO - [2024-09-19T18:41:27.472+0000] {dagbag.py:587} INFO - Filling up the DagBag from /home/airflow/.local/lib/python3.12/site-packages/airflow/example_dags/example_task_group_decorator.py
[2024-09-19T18:41:27.480+0000] {processor.py:925} INFO - DAG(s) 'example_task_group_decorator' retrieved from /home/airflow/.local/lib/python3.12/site-packages/airflow/example_dags/example_task_group_decorator.py
[2024-09-19T18:41:27.504+0000] {logging_mixin.py:190} INFO - [2024-09-19T18:41:27.503+0000] {dag.py:3211} INFO - Sync 1 DAGs
[2024-09-19T18:41:27.519+0000] {logging_mixin.py:190} INFO - [2024-09-19T18:41:27.519+0000] {dag.py:4138} INFO - Setting next_dagrun for example_task_group_decorator to 2024-09-18 00:00:00+00:00, run_after=2024-09-19 00:00:00+00:00
[2024-09-19T18:41:27.535+0000] {processor.py:208} INFO - Processing /home/airflow/.local/lib/python3.12/site-packages/airflow/example_dags/example_task_group_decorator.py took 0.069 seconds
[2024-09-19T18:41:58.392+0000] {processor.py:186} INFO - Started process (PID=3277) to work on /home/airflow/.local/lib/python3.12/site-packages/airflow/example_dags/example_task_group_decorator.py
[2024-09-19T18:41:58.393+0000] {processor.py:914} INFO - Processing file /home/airflow/.local/lib/python3.12/site-packages/airflow/example_dags/example_task_group_decorator.py for tasks to queue
[2024-09-19T18:41:58.394+0000] {logging_mixin.py:190} INFO - [2024-09-19T18:41:58.394+0000] {dagbag.py:587} INFO - Filling up the DagBag from /home/airflow/.local/lib/python3.12/site-packages/airflow/example_dags/example_task_group_decorator.py
[2024-09-19T18:41:58.400+0000] {processor.py:925} INFO - DAG(s) 'example_task_group_decorator' retrieved from /home/airflow/.local/lib/python3.12/site-packages/airflow/example_dags/example_task_group_decorator.py
[2024-09-19T18:41:58.410+0000] {logging_mixin.py:190} INFO - [2024-09-19T18:41:58.410+0000] {dag.py:3211} INFO - Sync 1 DAGs
[2024-09-19T18:41:58.418+0000] {logging_mixin.py:190} INFO - [2024-09-19T18:41:58.418+0000] {dag.py:4138} INFO - Setting next_dagrun for example_task_group_decorator to 2024-09-18 00:00:00+00:00, run_after=2024-09-19 00:00:00+00:00
[2024-09-19T18:41:58.426+0000] {processor.py:208} INFO - Processing /home/airflow/.local/lib/python3.12/site-packages/airflow/example_dags/example_task_group_decorator.py took 0.036 seconds
[2024-09-19T18:42:29.536+0000] {processor.py:186} INFO - Started process (PID=3339) to work on /home/airflow/.local/lib/python3.12/site-packages/airflow/example_dags/example_task_group_decorator.py
[2024-09-19T18:42:29.540+0000] {processor.py:914} INFO - Processing file /home/airflow/.local/lib/python3.12/site-packages/airflow/example_dags/example_task_group_decorator.py for tasks to queue
[2024-09-19T18:42:29.544+0000] {logging_mixin.py:190} INFO - [2024-09-19T18:42:29.544+0000] {dagbag.py:587} INFO - Filling up the DagBag from /home/airflow/.local/lib/python3.12/site-packages/airflow/example_dags/example_task_group_decorator.py
[2024-09-19T18:42:29.555+0000] {processor.py:925} INFO - DAG(s) 'example_task_group_decorator' retrieved from /home/airflow/.local/lib/python3.12/site-packages/airflow/example_dags/example_task_group_decorator.py
[2024-09-19T18:42:29.573+0000] {logging_mixin.py:190} INFO - [2024-09-19T18:42:29.573+0000] {dag.py:3211} INFO - Sync 1 DAGs
[2024-09-19T18:42:29.589+0000] {logging_mixin.py:190} INFO - [2024-09-19T18:42:29.589+0000] {dag.py:4138} INFO - Setting next_dagrun for example_task_group_decorator to 2024-09-18 00:00:00+00:00, run_after=2024-09-19 00:00:00+00:00
[2024-09-19T18:42:29.598+0000] {processor.py:208} INFO - Processing /home/airflow/.local/lib/python3.12/site-packages/airflow/example_dags/example_task_group_decorator.py took 0.065 seconds
[2024-09-19T18:43:00.398+0000] {processor.py:186} INFO - Started process (PID=3401) to work on /home/airflow/.local/lib/python3.12/site-packages/airflow/example_dags/example_task_group_decorator.py
[2024-09-19T18:43:00.400+0000] {processor.py:914} INFO - Processing file /home/airflow/.local/lib/python3.12/site-packages/airflow/example_dags/example_task_group_decorator.py for tasks to queue
[2024-09-19T18:43:00.401+0000] {logging_mixin.py:190} INFO - [2024-09-19T18:43:00.401+0000] {dagbag.py:587} INFO - Filling up the DagBag from /home/airflow/.local/lib/python3.12/site-packages/airflow/example_dags/example_task_group_decorator.py
[2024-09-19T18:43:00.407+0000] {processor.py:925} INFO - DAG(s) 'example_task_group_decorator' retrieved from /home/airflow/.local/lib/python3.12/site-packages/airflow/example_dags/example_task_group_decorator.py
[2024-09-19T18:43:00.417+0000] {logging_mixin.py:190} INFO - [2024-09-19T18:43:00.417+0000] {dag.py:3211} INFO - Sync 1 DAGs
[2024-09-19T18:43:00.431+0000] {logging_mixin.py:190} INFO - [2024-09-19T18:43:00.431+0000] {dag.py:4138} INFO - Setting next_dagrun for example_task_group_decorator to 2024-09-18 00:00:00+00:00, run_after=2024-09-19 00:00:00+00:00
[2024-09-19T18:43:00.440+0000] {processor.py:208} INFO - Processing /home/airflow/.local/lib/python3.12/site-packages/airflow/example_dags/example_task_group_decorator.py took 0.045 seconds
[2024-09-19T18:43:31.619+0000] {processor.py:186} INFO - Started process (PID=3463) to work on /home/airflow/.local/lib/python3.12/site-packages/airflow/example_dags/example_task_group_decorator.py
[2024-09-19T18:43:31.621+0000] {processor.py:914} INFO - Processing file /home/airflow/.local/lib/python3.12/site-packages/airflow/example_dags/example_task_group_decorator.py for tasks to queue
[2024-09-19T18:43:31.623+0000] {logging_mixin.py:190} INFO - [2024-09-19T18:43:31.623+0000] {dagbag.py:587} INFO - Filling up the DagBag from /home/airflow/.local/lib/python3.12/site-packages/airflow/example_dags/example_task_group_decorator.py
[2024-09-19T18:43:31.639+0000] {processor.py:925} INFO - DAG(s) 'example_task_group_decorator' retrieved from /home/airflow/.local/lib/python3.12/site-packages/airflow/example_dags/example_task_group_decorator.py
[2024-09-19T18:43:31.651+0000] {logging_mixin.py:190} INFO - [2024-09-19T18:43:31.651+0000] {dag.py:3211} INFO - Sync 1 DAGs
[2024-09-19T18:43:31.835+0000] {logging_mixin.py:190} INFO - [2024-09-19T18:43:31.835+0000] {dag.py:4138} INFO - Setting next_dagrun for example_task_group_decorator to 2024-09-18 00:00:00+00:00, run_after=2024-09-19 00:00:00+00:00
[2024-09-19T18:43:31.851+0000] {processor.py:208} INFO - Processing /home/airflow/.local/lib/python3.12/site-packages/airflow/example_dags/example_task_group_decorator.py took 0.235 seconds
[2024-09-19T18:44:02.128+0000] {processor.py:186} INFO - Started process (PID=3525) to work on /home/airflow/.local/lib/python3.12/site-packages/airflow/example_dags/example_task_group_decorator.py
[2024-09-19T18:44:02.130+0000] {processor.py:914} INFO - Processing file /home/airflow/.local/lib/python3.12/site-packages/airflow/example_dags/example_task_group_decorator.py for tasks to queue
[2024-09-19T18:44:02.131+0000] {logging_mixin.py:190} INFO - [2024-09-19T18:44:02.131+0000] {dagbag.py:587} INFO - Filling up the DagBag from /home/airflow/.local/lib/python3.12/site-packages/airflow/example_dags/example_task_group_decorator.py
[2024-09-19T18:44:02.139+0000] {processor.py:925} INFO - DAG(s) 'example_task_group_decorator' retrieved from /home/airflow/.local/lib/python3.12/site-packages/airflow/example_dags/example_task_group_decorator.py
[2024-09-19T18:44:02.158+0000] {logging_mixin.py:190} INFO - [2024-09-19T18:44:02.158+0000] {dag.py:3211} INFO - Sync 1 DAGs
[2024-09-19T18:44:02.175+0000] {logging_mixin.py:190} INFO - [2024-09-19T18:44:02.175+0000] {dag.py:4138} INFO - Setting next_dagrun for example_task_group_decorator to 2024-09-18 00:00:00+00:00, run_after=2024-09-19 00:00:00+00:00
[2024-09-19T18:44:02.356+0000] {processor.py:208} INFO - Processing /home/airflow/.local/lib/python3.12/site-packages/airflow/example_dags/example_task_group_decorator.py took 0.230 seconds
[2024-09-19T18:44:33.193+0000] {processor.py:186} INFO - Started process (PID=3587) to work on /home/airflow/.local/lib/python3.12/site-packages/airflow/example_dags/example_task_group_decorator.py
[2024-09-19T18:44:33.197+0000] {processor.py:914} INFO - Processing file /home/airflow/.local/lib/python3.12/site-packages/airflow/example_dags/example_task_group_decorator.py for tasks to queue
[2024-09-19T18:44:33.198+0000] {logging_mixin.py:190} INFO - [2024-09-19T18:44:33.198+0000] {dagbag.py:587} INFO - Filling up the DagBag from /home/airflow/.local/lib/python3.12/site-packages/airflow/example_dags/example_task_group_decorator.py
[2024-09-19T18:44:33.209+0000] {processor.py:925} INFO - DAG(s) 'example_task_group_decorator' retrieved from /home/airflow/.local/lib/python3.12/site-packages/airflow/example_dags/example_task_group_decorator.py
[2024-09-19T18:44:33.222+0000] {logging_mixin.py:190} INFO - [2024-09-19T18:44:33.221+0000] {dag.py:3211} INFO - Sync 1 DAGs
[2024-09-19T18:44:33.231+0000] {logging_mixin.py:190} INFO - [2024-09-19T18:44:33.231+0000] {dag.py:4138} INFO - Setting next_dagrun for example_task_group_decorator to 2024-09-18 00:00:00+00:00, run_after=2024-09-19 00:00:00+00:00
[2024-09-19T18:44:33.353+0000] {processor.py:208} INFO - Processing /home/airflow/.local/lib/python3.12/site-packages/airflow/example_dags/example_task_group_decorator.py took 0.166 seconds
[2024-09-19T18:45:04.215+0000] {processor.py:186} INFO - Started process (PID=3649) to work on /home/airflow/.local/lib/python3.12/site-packages/airflow/example_dags/example_task_group_decorator.py
[2024-09-19T18:45:04.217+0000] {processor.py:914} INFO - Processing file /home/airflow/.local/lib/python3.12/site-packages/airflow/example_dags/example_task_group_decorator.py for tasks to queue
[2024-09-19T18:45:04.218+0000] {logging_mixin.py:190} INFO - [2024-09-19T18:45:04.218+0000] {dagbag.py:587} INFO - Filling up the DagBag from /home/airflow/.local/lib/python3.12/site-packages/airflow/example_dags/example_task_group_decorator.py
[2024-09-19T18:45:04.225+0000] {processor.py:925} INFO - DAG(s) 'example_task_group_decorator' retrieved from /home/airflow/.local/lib/python3.12/site-packages/airflow/example_dags/example_task_group_decorator.py
[2024-09-19T18:45:04.243+0000] {logging_mixin.py:190} INFO - [2024-09-19T18:45:04.243+0000] {dag.py:3211} INFO - Sync 1 DAGs
[2024-09-19T18:45:04.256+0000] {logging_mixin.py:190} INFO - [2024-09-19T18:45:04.255+0000] {dag.py:4138} INFO - Setting next_dagrun for example_task_group_decorator to 2024-09-18 00:00:00+00:00, run_after=2024-09-19 00:00:00+00:00
[2024-09-19T18:45:04.264+0000] {processor.py:208} INFO - Processing /home/airflow/.local/lib/python3.12/site-packages/airflow/example_dags/example_task_group_decorator.py took 0.052 seconds
[2024-09-19T18:45:34.318+0000] {processor.py:186} INFO - Started process (PID=3710) to work on /home/airflow/.local/lib/python3.12/site-packages/airflow/example_dags/example_task_group_decorator.py
[2024-09-19T18:45:34.320+0000] {processor.py:914} INFO - Processing file /home/airflow/.local/lib/python3.12/site-packages/airflow/example_dags/example_task_group_decorator.py for tasks to queue
[2024-09-19T18:45:34.322+0000] {logging_mixin.py:190} INFO - [2024-09-19T18:45:34.322+0000] {dagbag.py:587} INFO - Filling up the DagBag from /home/airflow/.local/lib/python3.12/site-packages/airflow/example_dags/example_task_group_decorator.py
[2024-09-19T18:45:34.328+0000] {processor.py:925} INFO - DAG(s) 'example_task_group_decorator' retrieved from /home/airflow/.local/lib/python3.12/site-packages/airflow/example_dags/example_task_group_decorator.py
[2024-09-19T18:45:34.339+0000] {logging_mixin.py:190} INFO - [2024-09-19T18:45:34.339+0000] {dag.py:3211} INFO - Sync 1 DAGs
[2024-09-19T18:45:34.350+0000] {logging_mixin.py:190} INFO - [2024-09-19T18:45:34.349+0000] {dag.py:4138} INFO - Setting next_dagrun for example_task_group_decorator to 2024-09-18 00:00:00+00:00, run_after=2024-09-19 00:00:00+00:00
[2024-09-19T18:45:34.356+0000] {processor.py:208} INFO - Processing /home/airflow/.local/lib/python3.12/site-packages/airflow/example_dags/example_task_group_decorator.py took 0.041 seconds
[2024-09-19T18:46:05.135+0000] {processor.py:186} INFO - Started process (PID=3773) to work on /home/airflow/.local/lib/python3.12/site-packages/airflow/example_dags/example_task_group_decorator.py
[2024-09-19T18:46:05.137+0000] {processor.py:914} INFO - Processing file /home/airflow/.local/lib/python3.12/site-packages/airflow/example_dags/example_task_group_decorator.py for tasks to queue
[2024-09-19T18:46:05.138+0000] {logging_mixin.py:190} INFO - [2024-09-19T18:46:05.138+0000] {dagbag.py:587} INFO - Filling up the DagBag from /home/airflow/.local/lib/python3.12/site-packages/airflow/example_dags/example_task_group_decorator.py
[2024-09-19T18:46:05.149+0000] {processor.py:925} INFO - DAG(s) 'example_task_group_decorator' retrieved from /home/airflow/.local/lib/python3.12/site-packages/airflow/example_dags/example_task_group_decorator.py
[2024-09-19T18:46:05.164+0000] {logging_mixin.py:190} INFO - [2024-09-19T18:46:05.164+0000] {dag.py:3211} INFO - Sync 1 DAGs
[2024-09-19T18:46:05.176+0000] {logging_mixin.py:190} INFO - [2024-09-19T18:46:05.176+0000] {dag.py:4138} INFO - Setting next_dagrun for example_task_group_decorator to 2024-09-18 00:00:00+00:00, run_after=2024-09-19 00:00:00+00:00
[2024-09-19T18:46:05.183+0000] {processor.py:208} INFO - Processing /home/airflow/.local/lib/python3.12/site-packages/airflow/example_dags/example_task_group_decorator.py took 0.051 seconds
[2024-09-19T18:46:35.984+0000] {processor.py:186} INFO - Started process (PID=3835) to work on /home/airflow/.local/lib/python3.12/site-packages/airflow/example_dags/example_task_group_decorator.py
[2024-09-19T18:46:35.985+0000] {processor.py:914} INFO - Processing file /home/airflow/.local/lib/python3.12/site-packages/airflow/example_dags/example_task_group_decorator.py for tasks to queue
[2024-09-19T18:46:35.986+0000] {logging_mixin.py:190} INFO - [2024-09-19T18:46:35.986+0000] {dagbag.py:587} INFO - Filling up the DagBag from /home/airflow/.local/lib/python3.12/site-packages/airflow/example_dags/example_task_group_decorator.py
[2024-09-19T18:46:35.993+0000] {processor.py:925} INFO - DAG(s) 'example_task_group_decorator' retrieved from /home/airflow/.local/lib/python3.12/site-packages/airflow/example_dags/example_task_group_decorator.py
[2024-09-19T18:46:36.005+0000] {logging_mixin.py:190} INFO - [2024-09-19T18:46:36.005+0000] {dag.py:3211} INFO - Sync 1 DAGs
[2024-09-19T18:46:36.014+0000] {logging_mixin.py:190} INFO - [2024-09-19T18:46:36.014+0000] {dag.py:4138} INFO - Setting next_dagrun for example_task_group_decorator to 2024-09-18 00:00:00+00:00, run_after=2024-09-19 00:00:00+00:00
[2024-09-19T18:46:36.020+0000] {processor.py:208} INFO - Processing /home/airflow/.local/lib/python3.12/site-packages/airflow/example_dags/example_task_group_decorator.py took 0.038 seconds
[2024-09-19T18:47:07.202+0000] {processor.py:186} INFO - Started process (PID=3897) to work on /home/airflow/.local/lib/python3.12/site-packages/airflow/example_dags/example_task_group_decorator.py
[2024-09-19T18:47:07.203+0000] {processor.py:914} INFO - Processing file /home/airflow/.local/lib/python3.12/site-packages/airflow/example_dags/example_task_group_decorator.py for tasks to queue
[2024-09-19T18:47:07.204+0000] {logging_mixin.py:190} INFO - [2024-09-19T18:47:07.204+0000] {dagbag.py:587} INFO - Filling up the DagBag from /home/airflow/.local/lib/python3.12/site-packages/airflow/example_dags/example_task_group_decorator.py
[2024-09-19T18:47:07.212+0000] {processor.py:925} INFO - DAG(s) 'example_task_group_decorator' retrieved from /home/airflow/.local/lib/python3.12/site-packages/airflow/example_dags/example_task_group_decorator.py
[2024-09-19T18:47:07.223+0000] {logging_mixin.py:190} INFO - [2024-09-19T18:47:07.223+0000] {dag.py:3211} INFO - Sync 1 DAGs
[2024-09-19T18:47:07.241+0000] {logging_mixin.py:190} INFO - [2024-09-19T18:47:07.240+0000] {dag.py:4138} INFO - Setting next_dagrun for example_task_group_decorator to 2024-09-18 00:00:00+00:00, run_after=2024-09-19 00:00:00+00:00
[2024-09-19T18:47:07.249+0000] {processor.py:208} INFO - Processing /home/airflow/.local/lib/python3.12/site-packages/airflow/example_dags/example_task_group_decorator.py took 0.050 seconds
[2024-09-19T18:47:37.850+0000] {processor.py:186} INFO - Started process (PID=3959) to work on /home/airflow/.local/lib/python3.12/site-packages/airflow/example_dags/example_task_group_decorator.py
[2024-09-19T18:47:37.852+0000] {processor.py:914} INFO - Processing file /home/airflow/.local/lib/python3.12/site-packages/airflow/example_dags/example_task_group_decorator.py for tasks to queue
[2024-09-19T18:47:37.853+0000] {logging_mixin.py:190} INFO - [2024-09-19T18:47:37.853+0000] {dagbag.py:587} INFO - Filling up the DagBag from /home/airflow/.local/lib/python3.12/site-packages/airflow/example_dags/example_task_group_decorator.py
[2024-09-19T18:47:37.860+0000] {processor.py:925} INFO - DAG(s) 'example_task_group_decorator' retrieved from /home/airflow/.local/lib/python3.12/site-packages/airflow/example_dags/example_task_group_decorator.py
[2024-09-19T18:47:37.871+0000] {logging_mixin.py:190} INFO - [2024-09-19T18:47:37.871+0000] {dag.py:3211} INFO - Sync 1 DAGs
[2024-09-19T18:47:37.880+0000] {logging_mixin.py:190} INFO - [2024-09-19T18:47:37.880+0000] {dag.py:4138} INFO - Setting next_dagrun for example_task_group_decorator to 2024-09-18 00:00:00+00:00, run_after=2024-09-19 00:00:00+00:00
[2024-09-19T18:47:37.889+0000] {processor.py:208} INFO - Processing /home/airflow/.local/lib/python3.12/site-packages/airflow/example_dags/example_task_group_decorator.py took 0.042 seconds
[2024-09-19T18:48:08.479+0000] {processor.py:186} INFO - Started process (PID=4021) to work on /home/airflow/.local/lib/python3.12/site-packages/airflow/example_dags/example_task_group_decorator.py
[2024-09-19T18:48:08.480+0000] {processor.py:914} INFO - Processing file /home/airflow/.local/lib/python3.12/site-packages/airflow/example_dags/example_task_group_decorator.py for tasks to queue
[2024-09-19T18:48:08.481+0000] {logging_mixin.py:190} INFO - [2024-09-19T18:48:08.481+0000] {dagbag.py:587} INFO - Filling up the DagBag from /home/airflow/.local/lib/python3.12/site-packages/airflow/example_dags/example_task_group_decorator.py
[2024-09-19T18:48:08.492+0000] {processor.py:925} INFO - DAG(s) 'example_task_group_decorator' retrieved from /home/airflow/.local/lib/python3.12/site-packages/airflow/example_dags/example_task_group_decorator.py
[2024-09-19T18:48:08.506+0000] {logging_mixin.py:190} INFO - [2024-09-19T18:48:08.506+0000] {dag.py:3211} INFO - Sync 1 DAGs
[2024-09-19T18:48:08.516+0000] {logging_mixin.py:190} INFO - [2024-09-19T18:48:08.516+0000] {dag.py:4138} INFO - Setting next_dagrun for example_task_group_decorator to 2024-09-18 00:00:00+00:00, run_after=2024-09-19 00:00:00+00:00
[2024-09-19T18:48:08.524+0000] {processor.py:208} INFO - Processing /home/airflow/.local/lib/python3.12/site-packages/airflow/example_dags/example_task_group_decorator.py took 0.048 seconds
[2024-09-19T18:48:39.114+0000] {processor.py:186} INFO - Started process (PID=4083) to work on /home/airflow/.local/lib/python3.12/site-packages/airflow/example_dags/example_task_group_decorator.py
[2024-09-19T18:48:39.115+0000] {processor.py:914} INFO - Processing file /home/airflow/.local/lib/python3.12/site-packages/airflow/example_dags/example_task_group_decorator.py for tasks to queue
[2024-09-19T18:48:39.116+0000] {logging_mixin.py:190} INFO - [2024-09-19T18:48:39.116+0000] {dagbag.py:587} INFO - Filling up the DagBag from /home/airflow/.local/lib/python3.12/site-packages/airflow/example_dags/example_task_group_decorator.py
[2024-09-19T18:48:39.124+0000] {processor.py:925} INFO - DAG(s) 'example_task_group_decorator' retrieved from /home/airflow/.local/lib/python3.12/site-packages/airflow/example_dags/example_task_group_decorator.py
[2024-09-19T18:48:39.137+0000] {logging_mixin.py:190} INFO - [2024-09-19T18:48:39.137+0000] {dag.py:3211} INFO - Sync 1 DAGs
[2024-09-19T18:48:39.147+0000] {logging_mixin.py:190} INFO - [2024-09-19T18:48:39.147+0000] {dag.py:4138} INFO - Setting next_dagrun for example_task_group_decorator to 2024-09-18 00:00:00+00:00, run_after=2024-09-19 00:00:00+00:00
[2024-09-19T18:48:39.154+0000] {processor.py:208} INFO - Processing /home/airflow/.local/lib/python3.12/site-packages/airflow/example_dags/example_task_group_decorator.py took 0.043 seconds
[2024-09-19T18:49:09.911+0000] {processor.py:186} INFO - Started process (PID=4145) to work on /home/airflow/.local/lib/python3.12/site-packages/airflow/example_dags/example_task_group_decorator.py
[2024-09-19T18:49:09.912+0000] {processor.py:914} INFO - Processing file /home/airflow/.local/lib/python3.12/site-packages/airflow/example_dags/example_task_group_decorator.py for tasks to queue
[2024-09-19T18:49:09.913+0000] {logging_mixin.py:190} INFO - [2024-09-19T18:49:09.913+0000] {dagbag.py:587} INFO - Filling up the DagBag from /home/airflow/.local/lib/python3.12/site-packages/airflow/example_dags/example_task_group_decorator.py
[2024-09-19T18:49:09.921+0000] {processor.py:925} INFO - DAG(s) 'example_task_group_decorator' retrieved from /home/airflow/.local/lib/python3.12/site-packages/airflow/example_dags/example_task_group_decorator.py
[2024-09-19T18:49:09.931+0000] {logging_mixin.py:190} INFO - [2024-09-19T18:49:09.931+0000] {dag.py:3211} INFO - Sync 1 DAGs
[2024-09-19T18:49:09.945+0000] {logging_mixin.py:190} INFO - [2024-09-19T18:49:09.945+0000] {dag.py:4138} INFO - Setting next_dagrun for example_task_group_decorator to 2024-09-18 00:00:00+00:00, run_after=2024-09-19 00:00:00+00:00
[2024-09-19T18:49:09.954+0000] {processor.py:208} INFO - Processing /home/airflow/.local/lib/python3.12/site-packages/airflow/example_dags/example_task_group_decorator.py took 0.046 seconds
[2024-09-19T18:49:40.744+0000] {processor.py:186} INFO - Started process (PID=4207) to work on /home/airflow/.local/lib/python3.12/site-packages/airflow/example_dags/example_task_group_decorator.py
[2024-09-19T18:49:40.745+0000] {processor.py:914} INFO - Processing file /home/airflow/.local/lib/python3.12/site-packages/airflow/example_dags/example_task_group_decorator.py for tasks to queue
[2024-09-19T18:49:40.746+0000] {logging_mixin.py:190} INFO - [2024-09-19T18:49:40.746+0000] {dagbag.py:587} INFO - Filling up the DagBag from /home/airflow/.local/lib/python3.12/site-packages/airflow/example_dags/example_task_group_decorator.py
[2024-09-19T18:49:40.753+0000] {processor.py:925} INFO - DAG(s) 'example_task_group_decorator' retrieved from /home/airflow/.local/lib/python3.12/site-packages/airflow/example_dags/example_task_group_decorator.py
[2024-09-19T18:49:40.764+0000] {logging_mixin.py:190} INFO - [2024-09-19T18:49:40.764+0000] {dag.py:3211} INFO - Sync 1 DAGs
[2024-09-19T18:49:40.774+0000] {logging_mixin.py:190} INFO - [2024-09-19T18:49:40.774+0000] {dag.py:4138} INFO - Setting next_dagrun for example_task_group_decorator to 2024-09-18 00:00:00+00:00, run_after=2024-09-19 00:00:00+00:00
[2024-09-19T18:49:40.782+0000] {processor.py:208} INFO - Processing /home/airflow/.local/lib/python3.12/site-packages/airflow/example_dags/example_task_group_decorator.py took 0.041 seconds
[2024-09-19T18:50:11.433+0000] {processor.py:186} INFO - Started process (PID=4269) to work on /home/airflow/.local/lib/python3.12/site-packages/airflow/example_dags/example_task_group_decorator.py
[2024-09-19T18:50:11.435+0000] {processor.py:914} INFO - Processing file /home/airflow/.local/lib/python3.12/site-packages/airflow/example_dags/example_task_group_decorator.py for tasks to queue
[2024-09-19T18:50:11.437+0000] {logging_mixin.py:190} INFO - [2024-09-19T18:50:11.437+0000] {dagbag.py:587} INFO - Filling up the DagBag from /home/airflow/.local/lib/python3.12/site-packages/airflow/example_dags/example_task_group_decorator.py
[2024-09-19T18:50:11.443+0000] {processor.py:925} INFO - DAG(s) 'example_task_group_decorator' retrieved from /home/airflow/.local/lib/python3.12/site-packages/airflow/example_dags/example_task_group_decorator.py
[2024-09-19T18:50:11.454+0000] {logging_mixin.py:190} INFO - [2024-09-19T18:50:11.453+0000] {dag.py:3211} INFO - Sync 1 DAGs
[2024-09-19T18:50:11.462+0000] {logging_mixin.py:190} INFO - [2024-09-19T18:50:11.462+0000] {dag.py:4138} INFO - Setting next_dagrun for example_task_group_decorator to 2024-09-18 00:00:00+00:00, run_after=2024-09-19 00:00:00+00:00
[2024-09-19T18:50:11.468+0000] {processor.py:208} INFO - Processing /home/airflow/.local/lib/python3.12/site-packages/airflow/example_dags/example_task_group_decorator.py took 0.039 seconds
[2024-09-19T18:50:41.932+0000] {processor.py:186} INFO - Started process (PID=4331) to work on /home/airflow/.local/lib/python3.12/site-packages/airflow/example_dags/example_task_group_decorator.py
[2024-09-19T18:50:41.934+0000] {processor.py:914} INFO - Processing file /home/airflow/.local/lib/python3.12/site-packages/airflow/example_dags/example_task_group_decorator.py for tasks to queue
[2024-09-19T18:50:41.935+0000] {logging_mixin.py:190} INFO - [2024-09-19T18:50:41.935+0000] {dagbag.py:587} INFO - Filling up the DagBag from /home/airflow/.local/lib/python3.12/site-packages/airflow/example_dags/example_task_group_decorator.py
[2024-09-19T18:50:41.951+0000] {processor.py:925} INFO - DAG(s) 'example_task_group_decorator' retrieved from /home/airflow/.local/lib/python3.12/site-packages/airflow/example_dags/example_task_group_decorator.py
[2024-09-19T18:50:41.967+0000] {logging_mixin.py:190} INFO - [2024-09-19T18:50:41.967+0000] {dag.py:3211} INFO - Sync 1 DAGs
[2024-09-19T18:50:41.977+0000] {logging_mixin.py:190} INFO - [2024-09-19T18:50:41.977+0000] {dag.py:4138} INFO - Setting next_dagrun for example_task_group_decorator to 2024-09-18 00:00:00+00:00, run_after=2024-09-19 00:00:00+00:00
[2024-09-19T18:50:41.987+0000] {processor.py:208} INFO - Processing /home/airflow/.local/lib/python3.12/site-packages/airflow/example_dags/example_task_group_decorator.py took 0.058 seconds
[2024-09-19T18:51:12.599+0000] {processor.py:186} INFO - Started process (PID=4393) to work on /home/airflow/.local/lib/python3.12/site-packages/airflow/example_dags/example_task_group_decorator.py
[2024-09-19T18:51:12.603+0000] {processor.py:914} INFO - Processing file /home/airflow/.local/lib/python3.12/site-packages/airflow/example_dags/example_task_group_decorator.py for tasks to queue
[2024-09-19T18:51:12.604+0000] {logging_mixin.py:190} INFO - [2024-09-19T18:51:12.604+0000] {dagbag.py:587} INFO - Filling up the DagBag from /home/airflow/.local/lib/python3.12/site-packages/airflow/example_dags/example_task_group_decorator.py
[2024-09-19T18:51:12.611+0000] {processor.py:925} INFO - DAG(s) 'example_task_group_decorator' retrieved from /home/airflow/.local/lib/python3.12/site-packages/airflow/example_dags/example_task_group_decorator.py
[2024-09-19T18:51:12.627+0000] {logging_mixin.py:190} INFO - [2024-09-19T18:51:12.627+0000] {dag.py:3211} INFO - Sync 1 DAGs
[2024-09-19T18:51:12.639+0000] {logging_mixin.py:190} INFO - [2024-09-19T18:51:12.639+0000] {dag.py:4138} INFO - Setting next_dagrun for example_task_group_decorator to 2024-09-18 00:00:00+00:00, run_after=2024-09-19 00:00:00+00:00
[2024-09-19T18:51:12.646+0000] {processor.py:208} INFO - Processing /home/airflow/.local/lib/python3.12/site-packages/airflow/example_dags/example_task_group_decorator.py took 0.050 seconds
[2024-09-19T18:51:43.131+0000] {processor.py:186} INFO - Started process (PID=4455) to work on /home/airflow/.local/lib/python3.12/site-packages/airflow/example_dags/example_task_group_decorator.py
[2024-09-19T18:51:43.133+0000] {processor.py:914} INFO - Processing file /home/airflow/.local/lib/python3.12/site-packages/airflow/example_dags/example_task_group_decorator.py for tasks to queue
[2024-09-19T18:51:43.134+0000] {logging_mixin.py:190} INFO - [2024-09-19T18:51:43.134+0000] {dagbag.py:587} INFO - Filling up the DagBag from /home/airflow/.local/lib/python3.12/site-packages/airflow/example_dags/example_task_group_decorator.py
[2024-09-19T18:51:43.150+0000] {processor.py:925} INFO - DAG(s) 'example_task_group_decorator' retrieved from /home/airflow/.local/lib/python3.12/site-packages/airflow/example_dags/example_task_group_decorator.py
[2024-09-19T18:51:43.164+0000] {logging_mixin.py:190} INFO - [2024-09-19T18:51:43.164+0000] {dag.py:3211} INFO - Sync 1 DAGs
[2024-09-19T18:51:43.177+0000] {logging_mixin.py:190} INFO - [2024-09-19T18:51:43.177+0000] {dag.py:4138} INFO - Setting next_dagrun for example_task_group_decorator to 2024-09-18 00:00:00+00:00, run_after=2024-09-19 00:00:00+00:00
[2024-09-19T18:51:43.188+0000] {processor.py:208} INFO - Processing /home/airflow/.local/lib/python3.12/site-packages/airflow/example_dags/example_task_group_decorator.py took 0.061 seconds
