[2024-09-19T18:15:41.181+0000] {processor.py:186} INFO - Started process (PID=72) to work on /home/airflow/.local/lib/python3.12/site-packages/airflow/example_dags/example_bash_operator.py
[2024-09-19T18:15:41.182+0000] {processor.py:914} INFO - Processing file /home/airflow/.local/lib/python3.12/site-packages/airflow/example_dags/example_bash_operator.py for tasks to queue
[2024-09-19T18:15:41.187+0000] {logging_mixin.py:190} INFO - [2024-09-19T18:15:41.186+0000] {dagbag.py:587} INFO - Filling up the DagBag from /home/airflow/.local/lib/python3.12/site-packages/airflow/example_dags/example_bash_operator.py
[2024-09-19T18:15:41.196+0000] {processor.py:925} INFO - DAG(s) 'example_bash_operator' retrieved from /home/airflow/.local/lib/python3.12/site-packages/airflow/example_dags/example_bash_operator.py
[2024-09-19T18:15:41.224+0000] {logging_mixin.py:190} INFO - [2024-09-19T18:15:41.223+0000] {dag.py:3211} INFO - Sync 1 DAGs
[2024-09-19T18:15:41.241+0000] {logging_mixin.py:190} INFO - [2024-09-19T18:15:41.241+0000] {dag.py:4138} INFO - Setting next_dagrun for example_bash_operator to 2024-09-18 00:00:00+00:00, run_after=2024-09-19 00:00:00+00:00
[2024-09-19T18:15:41.274+0000] {processor.py:208} INFO - Processing /home/airflow/.local/lib/python3.12/site-packages/airflow/example_dags/example_bash_operator.py took 0.097 seconds
[2024-09-19T18:16:11.841+0000] {processor.py:186} INFO - Started process (PID=139) to work on /home/airflow/.local/lib/python3.12/site-packages/airflow/example_dags/example_bash_operator.py
[2024-09-19T18:16:11.842+0000] {processor.py:914} INFO - Processing file /home/airflow/.local/lib/python3.12/site-packages/airflow/example_dags/example_bash_operator.py for tasks to queue
[2024-09-19T18:16:11.846+0000] {logging_mixin.py:190} INFO - [2024-09-19T18:16:11.846+0000] {dagbag.py:587} INFO - Filling up the DagBag from /home/airflow/.local/lib/python3.12/site-packages/airflow/example_dags/example_bash_operator.py
[2024-09-19T18:16:11.857+0000] {processor.py:925} INFO - DAG(s) 'example_bash_operator' retrieved from /home/airflow/.local/lib/python3.12/site-packages/airflow/example_dags/example_bash_operator.py
[2024-09-19T18:16:11.878+0000] {logging_mixin.py:190} INFO - [2024-09-19T18:16:11.878+0000] {dag.py:3211} INFO - Sync 1 DAGs
[2024-09-19T18:16:11.894+0000] {logging_mixin.py:190} INFO - [2024-09-19T18:16:11.894+0000] {dag.py:4138} INFO - Setting next_dagrun for example_bash_operator to 2024-09-18 00:00:00+00:00, run_after=2024-09-19 00:00:00+00:00
[2024-09-19T18:16:11.905+0000] {processor.py:208} INFO - Processing /home/airflow/.local/lib/python3.12/site-packages/airflow/example_dags/example_bash_operator.py took 0.076 seconds
[2024-09-19T18:16:42.111+0000] {processor.py:186} INFO - Started process (PID=201) to work on /home/airflow/.local/lib/python3.12/site-packages/airflow/example_dags/example_bash_operator.py
[2024-09-19T18:16:42.114+0000] {processor.py:914} INFO - Processing file /home/airflow/.local/lib/python3.12/site-packages/airflow/example_dags/example_bash_operator.py for tasks to queue
[2024-09-19T18:16:42.119+0000] {logging_mixin.py:190} INFO - [2024-09-19T18:16:42.119+0000] {dagbag.py:587} INFO - Filling up the DagBag from /home/airflow/.local/lib/python3.12/site-packages/airflow/example_dags/example_bash_operator.py
[2024-09-19T18:16:42.134+0000] {processor.py:925} INFO - DAG(s) 'example_bash_operator' retrieved from /home/airflow/.local/lib/python3.12/site-packages/airflow/example_dags/example_bash_operator.py
[2024-09-19T18:16:42.160+0000] {logging_mixin.py:190} INFO - [2024-09-19T18:16:42.160+0000] {dag.py:3211} INFO - Sync 1 DAGs
[2024-09-19T18:16:42.176+0000] {logging_mixin.py:190} INFO - [2024-09-19T18:16:42.176+0000] {dag.py:4138} INFO - Setting next_dagrun for example_bash_operator to 2024-09-18 00:00:00+00:00, run_after=2024-09-19 00:00:00+00:00
[2024-09-19T18:16:42.188+0000] {processor.py:208} INFO - Processing /home/airflow/.local/lib/python3.12/site-packages/airflow/example_dags/example_bash_operator.py took 0.080 seconds
[2024-09-19T18:17:12.439+0000] {processor.py:186} INFO - Started process (PID=263) to work on /home/airflow/.local/lib/python3.12/site-packages/airflow/example_dags/example_bash_operator.py
[2024-09-19T18:17:12.441+0000] {processor.py:914} INFO - Processing file /home/airflow/.local/lib/python3.12/site-packages/airflow/example_dags/example_bash_operator.py for tasks to queue
[2024-09-19T18:17:12.443+0000] {logging_mixin.py:190} INFO - [2024-09-19T18:17:12.442+0000] {dagbag.py:587} INFO - Filling up the DagBag from /home/airflow/.local/lib/python3.12/site-packages/airflow/example_dags/example_bash_operator.py
[2024-09-19T18:17:12.449+0000] {processor.py:925} INFO - DAG(s) 'example_bash_operator' retrieved from /home/airflow/.local/lib/python3.12/site-packages/airflow/example_dags/example_bash_operator.py
[2024-09-19T18:17:12.464+0000] {logging_mixin.py:190} INFO - [2024-09-19T18:17:12.464+0000] {dag.py:3211} INFO - Sync 1 DAGs
[2024-09-19T18:17:12.478+0000] {logging_mixin.py:190} INFO - [2024-09-19T18:17:12.478+0000] {dag.py:4138} INFO - Setting next_dagrun for example_bash_operator to 2024-09-18 00:00:00+00:00, run_after=2024-09-19 00:00:00+00:00
[2024-09-19T18:17:12.488+0000] {processor.py:208} INFO - Processing /home/airflow/.local/lib/python3.12/site-packages/airflow/example_dags/example_bash_operator.py took 0.052 seconds
[2024-09-19T18:17:42.756+0000] {processor.py:186} INFO - Started process (PID=325) to work on /home/airflow/.local/lib/python3.12/site-packages/airflow/example_dags/example_bash_operator.py
[2024-09-19T18:17:42.758+0000] {processor.py:914} INFO - Processing file /home/airflow/.local/lib/python3.12/site-packages/airflow/example_dags/example_bash_operator.py for tasks to queue
[2024-09-19T18:17:42.759+0000] {logging_mixin.py:190} INFO - [2024-09-19T18:17:42.759+0000] {dagbag.py:587} INFO - Filling up the DagBag from /home/airflow/.local/lib/python3.12/site-packages/airflow/example_dags/example_bash_operator.py
[2024-09-19T18:17:42.766+0000] {processor.py:925} INFO - DAG(s) 'example_bash_operator' retrieved from /home/airflow/.local/lib/python3.12/site-packages/airflow/example_dags/example_bash_operator.py
[2024-09-19T18:17:42.777+0000] {logging_mixin.py:190} INFO - [2024-09-19T18:17:42.777+0000] {dag.py:3211} INFO - Sync 1 DAGs
[2024-09-19T18:17:42.786+0000] {logging_mixin.py:190} INFO - [2024-09-19T18:17:42.786+0000] {dag.py:4138} INFO - Setting next_dagrun for example_bash_operator to 2024-09-18 00:00:00+00:00, run_after=2024-09-19 00:00:00+00:00
[2024-09-19T18:17:42.794+0000] {processor.py:208} INFO - Processing /home/airflow/.local/lib/python3.12/site-packages/airflow/example_dags/example_bash_operator.py took 0.042 seconds
[2024-09-19T18:18:13.271+0000] {processor.py:186} INFO - Started process (PID=387) to work on /home/airflow/.local/lib/python3.12/site-packages/airflow/example_dags/example_bash_operator.py
[2024-09-19T18:18:13.272+0000] {processor.py:914} INFO - Processing file /home/airflow/.local/lib/python3.12/site-packages/airflow/example_dags/example_bash_operator.py for tasks to queue
[2024-09-19T18:18:13.274+0000] {logging_mixin.py:190} INFO - [2024-09-19T18:18:13.274+0000] {dagbag.py:587} INFO - Filling up the DagBag from /home/airflow/.local/lib/python3.12/site-packages/airflow/example_dags/example_bash_operator.py
[2024-09-19T18:18:13.285+0000] {processor.py:925} INFO - DAG(s) 'example_bash_operator' retrieved from /home/airflow/.local/lib/python3.12/site-packages/airflow/example_dags/example_bash_operator.py
[2024-09-19T18:18:13.300+0000] {logging_mixin.py:190} INFO - [2024-09-19T18:18:13.300+0000] {dag.py:3211} INFO - Sync 1 DAGs
[2024-09-19T18:18:13.311+0000] {logging_mixin.py:190} INFO - [2024-09-19T18:18:13.311+0000] {dag.py:4138} INFO - Setting next_dagrun for example_bash_operator to 2024-09-18 00:00:00+00:00, run_after=2024-09-19 00:00:00+00:00
[2024-09-19T18:18:13.319+0000] {processor.py:208} INFO - Processing /home/airflow/.local/lib/python3.12/site-packages/airflow/example_dags/example_bash_operator.py took 0.053 seconds
[2024-09-19T18:18:44.128+0000] {processor.py:186} INFO - Started process (PID=449) to work on /home/airflow/.local/lib/python3.12/site-packages/airflow/example_dags/example_bash_operator.py
[2024-09-19T18:18:44.130+0000] {processor.py:914} INFO - Processing file /home/airflow/.local/lib/python3.12/site-packages/airflow/example_dags/example_bash_operator.py for tasks to queue
[2024-09-19T18:18:44.131+0000] {logging_mixin.py:190} INFO - [2024-09-19T18:18:44.131+0000] {dagbag.py:587} INFO - Filling up the DagBag from /home/airflow/.local/lib/python3.12/site-packages/airflow/example_dags/example_bash_operator.py
[2024-09-19T18:18:44.138+0000] {processor.py:925} INFO - DAG(s) 'example_bash_operator' retrieved from /home/airflow/.local/lib/python3.12/site-packages/airflow/example_dags/example_bash_operator.py
[2024-09-19T18:18:44.153+0000] {logging_mixin.py:190} INFO - [2024-09-19T18:18:44.153+0000] {dag.py:3211} INFO - Sync 1 DAGs
[2024-09-19T18:18:44.166+0000] {logging_mixin.py:190} INFO - [2024-09-19T18:18:44.166+0000] {dag.py:4138} INFO - Setting next_dagrun for example_bash_operator to 2024-09-18 00:00:00+00:00, run_after=2024-09-19 00:00:00+00:00
[2024-09-19T18:18:44.174+0000] {processor.py:208} INFO - Processing /home/airflow/.local/lib/python3.12/site-packages/airflow/example_dags/example_bash_operator.py took 0.050 seconds
[2024-09-19T18:19:14.908+0000] {processor.py:186} INFO - Started process (PID=511) to work on /home/airflow/.local/lib/python3.12/site-packages/airflow/example_dags/example_bash_operator.py
[2024-09-19T18:19:14.909+0000] {processor.py:914} INFO - Processing file /home/airflow/.local/lib/python3.12/site-packages/airflow/example_dags/example_bash_operator.py for tasks to queue
[2024-09-19T18:19:14.910+0000] {logging_mixin.py:190} INFO - [2024-09-19T18:19:14.910+0000] {dagbag.py:587} INFO - Filling up the DagBag from /home/airflow/.local/lib/python3.12/site-packages/airflow/example_dags/example_bash_operator.py
[2024-09-19T18:19:14.916+0000] {processor.py:925} INFO - DAG(s) 'example_bash_operator' retrieved from /home/airflow/.local/lib/python3.12/site-packages/airflow/example_dags/example_bash_operator.py
[2024-09-19T18:19:14.932+0000] {logging_mixin.py:190} INFO - [2024-09-19T18:19:14.932+0000] {dag.py:3211} INFO - Sync 1 DAGs
[2024-09-19T18:19:14.942+0000] {logging_mixin.py:190} INFO - [2024-09-19T18:19:14.942+0000] {dag.py:4138} INFO - Setting next_dagrun for example_bash_operator to 2024-09-18 00:00:00+00:00, run_after=2024-09-19 00:00:00+00:00
[2024-09-19T18:19:14.951+0000] {processor.py:208} INFO - Processing /home/airflow/.local/lib/python3.12/site-packages/airflow/example_dags/example_bash_operator.py took 0.045 seconds
[2024-09-19T18:19:45.708+0000] {processor.py:186} INFO - Started process (PID=573) to work on /home/airflow/.local/lib/python3.12/site-packages/airflow/example_dags/example_bash_operator.py
[2024-09-19T18:19:45.710+0000] {processor.py:914} INFO - Processing file /home/airflow/.local/lib/python3.12/site-packages/airflow/example_dags/example_bash_operator.py for tasks to queue
[2024-09-19T18:19:45.711+0000] {logging_mixin.py:190} INFO - [2024-09-19T18:19:45.711+0000] {dagbag.py:587} INFO - Filling up the DagBag from /home/airflow/.local/lib/python3.12/site-packages/airflow/example_dags/example_bash_operator.py
[2024-09-19T18:19:45.717+0000] {processor.py:925} INFO - DAG(s) 'example_bash_operator' retrieved from /home/airflow/.local/lib/python3.12/site-packages/airflow/example_dags/example_bash_operator.py
[2024-09-19T18:19:45.729+0000] {logging_mixin.py:190} INFO - [2024-09-19T18:19:45.729+0000] {dag.py:3211} INFO - Sync 1 DAGs
[2024-09-19T18:19:45.740+0000] {logging_mixin.py:190} INFO - [2024-09-19T18:19:45.740+0000] {dag.py:4138} INFO - Setting next_dagrun for example_bash_operator to 2024-09-18 00:00:00+00:00, run_after=2024-09-19 00:00:00+00:00
[2024-09-19T18:19:45.752+0000] {processor.py:208} INFO - Processing /home/airflow/.local/lib/python3.12/site-packages/airflow/example_dags/example_bash_operator.py took 0.047 seconds
[2024-09-19T18:20:16.633+0000] {processor.py:186} INFO - Started process (PID=635) to work on /home/airflow/.local/lib/python3.12/site-packages/airflow/example_dags/example_bash_operator.py
[2024-09-19T18:20:16.634+0000] {processor.py:914} INFO - Processing file /home/airflow/.local/lib/python3.12/site-packages/airflow/example_dags/example_bash_operator.py for tasks to queue
[2024-09-19T18:20:16.635+0000] {logging_mixin.py:190} INFO - [2024-09-19T18:20:16.635+0000] {dagbag.py:587} INFO - Filling up the DagBag from /home/airflow/.local/lib/python3.12/site-packages/airflow/example_dags/example_bash_operator.py
[2024-09-19T18:20:16.642+0000] {processor.py:925} INFO - DAG(s) 'example_bash_operator' retrieved from /home/airflow/.local/lib/python3.12/site-packages/airflow/example_dags/example_bash_operator.py
[2024-09-19T18:20:16.653+0000] {logging_mixin.py:190} INFO - [2024-09-19T18:20:16.653+0000] {dag.py:3211} INFO - Sync 1 DAGs
[2024-09-19T18:20:16.663+0000] {logging_mixin.py:190} INFO - [2024-09-19T18:20:16.663+0000] {dag.py:4138} INFO - Setting next_dagrun for example_bash_operator to 2024-09-18 00:00:00+00:00, run_after=2024-09-19 00:00:00+00:00
[2024-09-19T18:20:16.674+0000] {processor.py:208} INFO - Processing /home/airflow/.local/lib/python3.12/site-packages/airflow/example_dags/example_bash_operator.py took 0.043 seconds
[2024-09-19T18:20:47.519+0000] {processor.py:186} INFO - Started process (PID=697) to work on /home/airflow/.local/lib/python3.12/site-packages/airflow/example_dags/example_bash_operator.py
[2024-09-19T18:20:47.520+0000] {processor.py:914} INFO - Processing file /home/airflow/.local/lib/python3.12/site-packages/airflow/example_dags/example_bash_operator.py for tasks to queue
[2024-09-19T18:20:47.520+0000] {logging_mixin.py:190} INFO - [2024-09-19T18:20:47.520+0000] {dagbag.py:587} INFO - Filling up the DagBag from /home/airflow/.local/lib/python3.12/site-packages/airflow/example_dags/example_bash_operator.py
[2024-09-19T18:20:47.527+0000] {processor.py:925} INFO - DAG(s) 'example_bash_operator' retrieved from /home/airflow/.local/lib/python3.12/site-packages/airflow/example_dags/example_bash_operator.py
[2024-09-19T18:20:47.539+0000] {logging_mixin.py:190} INFO - [2024-09-19T18:20:47.539+0000] {dag.py:3211} INFO - Sync 1 DAGs
[2024-09-19T18:20:47.549+0000] {logging_mixin.py:190} INFO - [2024-09-19T18:20:47.549+0000] {dag.py:4138} INFO - Setting next_dagrun for example_bash_operator to 2024-09-18 00:00:00+00:00, run_after=2024-09-19 00:00:00+00:00
[2024-09-19T18:20:47.557+0000] {processor.py:208} INFO - Processing /home/airflow/.local/lib/python3.12/site-packages/airflow/example_dags/example_bash_operator.py took 0.040 seconds
[2024-09-19T18:21:18.490+0000] {processor.py:186} INFO - Started process (PID=759) to work on /home/airflow/.local/lib/python3.12/site-packages/airflow/example_dags/example_bash_operator.py
[2024-09-19T18:21:18.490+0000] {processor.py:914} INFO - Processing file /home/airflow/.local/lib/python3.12/site-packages/airflow/example_dags/example_bash_operator.py for tasks to queue
[2024-09-19T18:21:18.491+0000] {logging_mixin.py:190} INFO - [2024-09-19T18:21:18.491+0000] {dagbag.py:587} INFO - Filling up the DagBag from /home/airflow/.local/lib/python3.12/site-packages/airflow/example_dags/example_bash_operator.py
[2024-09-19T18:21:18.497+0000] {processor.py:925} INFO - DAG(s) 'example_bash_operator' retrieved from /home/airflow/.local/lib/python3.12/site-packages/airflow/example_dags/example_bash_operator.py
[2024-09-19T18:21:18.510+0000] {logging_mixin.py:190} INFO - [2024-09-19T18:21:18.510+0000] {dag.py:3211} INFO - Sync 1 DAGs
[2024-09-19T18:21:18.520+0000] {logging_mixin.py:190} INFO - [2024-09-19T18:21:18.520+0000] {dag.py:4138} INFO - Setting next_dagrun for example_bash_operator to 2024-09-18 00:00:00+00:00, run_after=2024-09-19 00:00:00+00:00
[2024-09-19T18:21:18.529+0000] {processor.py:208} INFO - Processing /home/airflow/.local/lib/python3.12/site-packages/airflow/example_dags/example_bash_operator.py took 0.041 seconds
[2024-09-19T18:21:49.486+0000] {processor.py:186} INFO - Started process (PID=821) to work on /home/airflow/.local/lib/python3.12/site-packages/airflow/example_dags/example_bash_operator.py
[2024-09-19T18:21:49.486+0000] {processor.py:914} INFO - Processing file /home/airflow/.local/lib/python3.12/site-packages/airflow/example_dags/example_bash_operator.py for tasks to queue
[2024-09-19T18:21:49.487+0000] {logging_mixin.py:190} INFO - [2024-09-19T18:21:49.487+0000] {dagbag.py:587} INFO - Filling up the DagBag from /home/airflow/.local/lib/python3.12/site-packages/airflow/example_dags/example_bash_operator.py
[2024-09-19T18:21:49.494+0000] {processor.py:925} INFO - DAG(s) 'example_bash_operator' retrieved from /home/airflow/.local/lib/python3.12/site-packages/airflow/example_dags/example_bash_operator.py
[2024-09-19T18:21:49.507+0000] {logging_mixin.py:190} INFO - [2024-09-19T18:21:49.506+0000] {dag.py:3211} INFO - Sync 1 DAGs
[2024-09-19T18:21:49.516+0000] {logging_mixin.py:190} INFO - [2024-09-19T18:21:49.516+0000] {dag.py:4138} INFO - Setting next_dagrun for example_bash_operator to 2024-09-18 00:00:00+00:00, run_after=2024-09-19 00:00:00+00:00
[2024-09-19T18:21:49.528+0000] {processor.py:208} INFO - Processing /home/airflow/.local/lib/python3.12/site-packages/airflow/example_dags/example_bash_operator.py took 0.045 seconds
[2024-09-19T18:22:20.459+0000] {processor.py:186} INFO - Started process (PID=883) to work on /home/airflow/.local/lib/python3.12/site-packages/airflow/example_dags/example_bash_operator.py
[2024-09-19T18:22:20.461+0000] {processor.py:914} INFO - Processing file /home/airflow/.local/lib/python3.12/site-packages/airflow/example_dags/example_bash_operator.py for tasks to queue
[2024-09-19T18:22:20.464+0000] {logging_mixin.py:190} INFO - [2024-09-19T18:22:20.464+0000] {dagbag.py:587} INFO - Filling up the DagBag from /home/airflow/.local/lib/python3.12/site-packages/airflow/example_dags/example_bash_operator.py
[2024-09-19T18:22:20.470+0000] {processor.py:925} INFO - DAG(s) 'example_bash_operator' retrieved from /home/airflow/.local/lib/python3.12/site-packages/airflow/example_dags/example_bash_operator.py
[2024-09-19T18:22:20.481+0000] {logging_mixin.py:190} INFO - [2024-09-19T18:22:20.481+0000] {dag.py:3211} INFO - Sync 1 DAGs
[2024-09-19T18:22:20.492+0000] {logging_mixin.py:190} INFO - [2024-09-19T18:22:20.492+0000] {dag.py:4138} INFO - Setting next_dagrun for example_bash_operator to 2024-09-18 00:00:00+00:00, run_after=2024-09-19 00:00:00+00:00
[2024-09-19T18:22:20.502+0000] {processor.py:208} INFO - Processing /home/airflow/.local/lib/python3.12/site-packages/airflow/example_dags/example_bash_operator.py took 0.045 seconds
[2024-09-19T18:22:51.227+0000] {processor.py:186} INFO - Started process (PID=945) to work on /home/airflow/.local/lib/python3.12/site-packages/airflow/example_dags/example_bash_operator.py
[2024-09-19T18:22:51.227+0000] {processor.py:914} INFO - Processing file /home/airflow/.local/lib/python3.12/site-packages/airflow/example_dags/example_bash_operator.py for tasks to queue
[2024-09-19T18:22:51.228+0000] {logging_mixin.py:190} INFO - [2024-09-19T18:22:51.228+0000] {dagbag.py:587} INFO - Filling up the DagBag from /home/airflow/.local/lib/python3.12/site-packages/airflow/example_dags/example_bash_operator.py
[2024-09-19T18:22:51.235+0000] {processor.py:925} INFO - DAG(s) 'example_bash_operator' retrieved from /home/airflow/.local/lib/python3.12/site-packages/airflow/example_dags/example_bash_operator.py
[2024-09-19T18:22:51.245+0000] {logging_mixin.py:190} INFO - [2024-09-19T18:22:51.245+0000] {dag.py:3211} INFO - Sync 1 DAGs
[2024-09-19T18:22:51.253+0000] {logging_mixin.py:190} INFO - [2024-09-19T18:22:51.253+0000] {dag.py:4138} INFO - Setting next_dagrun for example_bash_operator to 2024-09-18 00:00:00+00:00, run_after=2024-09-19 00:00:00+00:00
[2024-09-19T18:22:51.261+0000] {processor.py:208} INFO - Processing /home/airflow/.local/lib/python3.12/site-packages/airflow/example_dags/example_bash_operator.py took 0.036 seconds
[2024-09-19T18:23:21.636+0000] {processor.py:186} INFO - Started process (PID=1007) to work on /home/airflow/.local/lib/python3.12/site-packages/airflow/example_dags/example_bash_operator.py
[2024-09-19T18:23:21.636+0000] {processor.py:914} INFO - Processing file /home/airflow/.local/lib/python3.12/site-packages/airflow/example_dags/example_bash_operator.py for tasks to queue
[2024-09-19T18:23:21.637+0000] {logging_mixin.py:190} INFO - [2024-09-19T18:23:21.637+0000] {dagbag.py:587} INFO - Filling up the DagBag from /home/airflow/.local/lib/python3.12/site-packages/airflow/example_dags/example_bash_operator.py
[2024-09-19T18:23:21.643+0000] {processor.py:925} INFO - DAG(s) 'example_bash_operator' retrieved from /home/airflow/.local/lib/python3.12/site-packages/airflow/example_dags/example_bash_operator.py
[2024-09-19T18:23:21.652+0000] {logging_mixin.py:190} INFO - [2024-09-19T18:23:21.652+0000] {dag.py:3211} INFO - Sync 1 DAGs
[2024-09-19T18:23:21.661+0000] {logging_mixin.py:190} INFO - [2024-09-19T18:23:21.661+0000] {dag.py:4138} INFO - Setting next_dagrun for example_bash_operator to 2024-09-18 00:00:00+00:00, run_after=2024-09-19 00:00:00+00:00
[2024-09-19T18:23:21.668+0000] {processor.py:208} INFO - Processing /home/airflow/.local/lib/python3.12/site-packages/airflow/example_dags/example_bash_operator.py took 0.034 seconds
[2024-09-19T18:23:52.534+0000] {processor.py:186} INFO - Started process (PID=1069) to work on /home/airflow/.local/lib/python3.12/site-packages/airflow/example_dags/example_bash_operator.py
[2024-09-19T18:23:52.536+0000] {processor.py:914} INFO - Processing file /home/airflow/.local/lib/python3.12/site-packages/airflow/example_dags/example_bash_operator.py for tasks to queue
[2024-09-19T18:23:52.537+0000] {logging_mixin.py:190} INFO - [2024-09-19T18:23:52.537+0000] {dagbag.py:587} INFO - Filling up the DagBag from /home/airflow/.local/lib/python3.12/site-packages/airflow/example_dags/example_bash_operator.py
[2024-09-19T18:23:52.543+0000] {processor.py:925} INFO - DAG(s) 'example_bash_operator' retrieved from /home/airflow/.local/lib/python3.12/site-packages/airflow/example_dags/example_bash_operator.py
[2024-09-19T18:23:52.561+0000] {logging_mixin.py:190} INFO - [2024-09-19T18:23:52.561+0000] {dag.py:3211} INFO - Sync 1 DAGs
[2024-09-19T18:23:52.574+0000] {logging_mixin.py:190} INFO - [2024-09-19T18:23:52.574+0000] {dag.py:4138} INFO - Setting next_dagrun for example_bash_operator to 2024-09-18 00:00:00+00:00, run_after=2024-09-19 00:00:00+00:00
[2024-09-19T18:23:52.584+0000] {processor.py:208} INFO - Processing /home/airflow/.local/lib/python3.12/site-packages/airflow/example_dags/example_bash_operator.py took 0.053 seconds
[2024-09-19T18:24:23.276+0000] {processor.py:186} INFO - Started process (PID=1131) to work on /home/airflow/.local/lib/python3.12/site-packages/airflow/example_dags/example_bash_operator.py
[2024-09-19T18:24:23.280+0000] {processor.py:914} INFO - Processing file /home/airflow/.local/lib/python3.12/site-packages/airflow/example_dags/example_bash_operator.py for tasks to queue
[2024-09-19T18:24:23.281+0000] {logging_mixin.py:190} INFO - [2024-09-19T18:24:23.281+0000] {dagbag.py:587} INFO - Filling up the DagBag from /home/airflow/.local/lib/python3.12/site-packages/airflow/example_dags/example_bash_operator.py
[2024-09-19T18:24:23.288+0000] {processor.py:925} INFO - DAG(s) 'example_bash_operator' retrieved from /home/airflow/.local/lib/python3.12/site-packages/airflow/example_dags/example_bash_operator.py
[2024-09-19T18:24:23.301+0000] {logging_mixin.py:190} INFO - [2024-09-19T18:24:23.301+0000] {dag.py:3211} INFO - Sync 1 DAGs
[2024-09-19T18:24:23.311+0000] {logging_mixin.py:190} INFO - [2024-09-19T18:24:23.311+0000] {dag.py:4138} INFO - Setting next_dagrun for example_bash_operator to 2024-09-18 00:00:00+00:00, run_after=2024-09-19 00:00:00+00:00
[2024-09-19T18:24:23.320+0000] {processor.py:208} INFO - Processing /home/airflow/.local/lib/python3.12/site-packages/airflow/example_dags/example_bash_operator.py took 0.047 seconds
[2024-09-19T18:24:53.532+0000] {processor.py:186} INFO - Started process (PID=1193) to work on /home/airflow/.local/lib/python3.12/site-packages/airflow/example_dags/example_bash_operator.py
[2024-09-19T18:24:53.533+0000] {processor.py:914} INFO - Processing file /home/airflow/.local/lib/python3.12/site-packages/airflow/example_dags/example_bash_operator.py for tasks to queue
[2024-09-19T18:24:53.535+0000] {logging_mixin.py:190} INFO - [2024-09-19T18:24:53.535+0000] {dagbag.py:587} INFO - Filling up the DagBag from /home/airflow/.local/lib/python3.12/site-packages/airflow/example_dags/example_bash_operator.py
[2024-09-19T18:24:53.540+0000] {processor.py:925} INFO - DAG(s) 'example_bash_operator' retrieved from /home/airflow/.local/lib/python3.12/site-packages/airflow/example_dags/example_bash_operator.py
[2024-09-19T18:24:53.553+0000] {logging_mixin.py:190} INFO - [2024-09-19T18:24:53.553+0000] {dag.py:3211} INFO - Sync 1 DAGs
[2024-09-19T18:24:53.563+0000] {logging_mixin.py:190} INFO - [2024-09-19T18:24:53.563+0000] {dag.py:4138} INFO - Setting next_dagrun for example_bash_operator to 2024-09-18 00:00:00+00:00, run_after=2024-09-19 00:00:00+00:00
[2024-09-19T18:24:53.574+0000] {processor.py:208} INFO - Processing /home/airflow/.local/lib/python3.12/site-packages/airflow/example_dags/example_bash_operator.py took 0.044 seconds
[2024-09-19T18:25:24.207+0000] {processor.py:186} INFO - Started process (PID=1255) to work on /home/airflow/.local/lib/python3.12/site-packages/airflow/example_dags/example_bash_operator.py
[2024-09-19T18:25:24.207+0000] {processor.py:914} INFO - Processing file /home/airflow/.local/lib/python3.12/site-packages/airflow/example_dags/example_bash_operator.py for tasks to queue
[2024-09-19T18:25:24.209+0000] {logging_mixin.py:190} INFO - [2024-09-19T18:25:24.209+0000] {dagbag.py:587} INFO - Filling up the DagBag from /home/airflow/.local/lib/python3.12/site-packages/airflow/example_dags/example_bash_operator.py
[2024-09-19T18:25:24.216+0000] {processor.py:925} INFO - DAG(s) 'example_bash_operator' retrieved from /home/airflow/.local/lib/python3.12/site-packages/airflow/example_dags/example_bash_operator.py
[2024-09-19T18:25:24.231+0000] {logging_mixin.py:190} INFO - [2024-09-19T18:25:24.231+0000] {dag.py:3211} INFO - Sync 1 DAGs
[2024-09-19T18:25:24.243+0000] {logging_mixin.py:190} INFO - [2024-09-19T18:25:24.243+0000] {dag.py:4138} INFO - Setting next_dagrun for example_bash_operator to 2024-09-18 00:00:00+00:00, run_after=2024-09-19 00:00:00+00:00
[2024-09-19T18:25:24.254+0000] {processor.py:208} INFO - Processing /home/airflow/.local/lib/python3.12/site-packages/airflow/example_dags/example_bash_operator.py took 0.050 seconds
[2024-09-19T18:25:54.849+0000] {processor.py:186} INFO - Started process (PID=1317) to work on /home/airflow/.local/lib/python3.12/site-packages/airflow/example_dags/example_bash_operator.py
[2024-09-19T18:25:54.852+0000] {processor.py:914} INFO - Processing file /home/airflow/.local/lib/python3.12/site-packages/airflow/example_dags/example_bash_operator.py for tasks to queue
[2024-09-19T18:25:54.855+0000] {logging_mixin.py:190} INFO - [2024-09-19T18:25:54.854+0000] {dagbag.py:587} INFO - Filling up the DagBag from /home/airflow/.local/lib/python3.12/site-packages/airflow/example_dags/example_bash_operator.py
[2024-09-19T18:25:54.863+0000] {processor.py:925} INFO - DAG(s) 'example_bash_operator' retrieved from /home/airflow/.local/lib/python3.12/site-packages/airflow/example_dags/example_bash_operator.py
[2024-09-19T18:25:54.878+0000] {logging_mixin.py:190} INFO - [2024-09-19T18:25:54.878+0000] {dag.py:3211} INFO - Sync 1 DAGs
[2024-09-19T18:25:54.890+0000] {logging_mixin.py:190} INFO - [2024-09-19T18:25:54.890+0000] {dag.py:4138} INFO - Setting next_dagrun for example_bash_operator to 2024-09-18 00:00:00+00:00, run_after=2024-09-19 00:00:00+00:00
[2024-09-19T18:25:54.902+0000] {processor.py:208} INFO - Processing /home/airflow/.local/lib/python3.12/site-packages/airflow/example_dags/example_bash_operator.py took 0.058 seconds
[2024-09-19T18:26:25.824+0000] {processor.py:186} INFO - Started process (PID=1379) to work on /home/airflow/.local/lib/python3.12/site-packages/airflow/example_dags/example_bash_operator.py
[2024-09-19T18:26:25.827+0000] {processor.py:914} INFO - Processing file /home/airflow/.local/lib/python3.12/site-packages/airflow/example_dags/example_bash_operator.py for tasks to queue
[2024-09-19T18:26:25.829+0000] {logging_mixin.py:190} INFO - [2024-09-19T18:26:25.829+0000] {dagbag.py:587} INFO - Filling up the DagBag from /home/airflow/.local/lib/python3.12/site-packages/airflow/example_dags/example_bash_operator.py
[2024-09-19T18:26:25.838+0000] {processor.py:925} INFO - DAG(s) 'example_bash_operator' retrieved from /home/airflow/.local/lib/python3.12/site-packages/airflow/example_dags/example_bash_operator.py
[2024-09-19T18:26:25.854+0000] {logging_mixin.py:190} INFO - [2024-09-19T18:26:25.854+0000] {dag.py:3211} INFO - Sync 1 DAGs
[2024-09-19T18:26:25.867+0000] {logging_mixin.py:190} INFO - [2024-09-19T18:26:25.867+0000] {dag.py:4138} INFO - Setting next_dagrun for example_bash_operator to 2024-09-18 00:00:00+00:00, run_after=2024-09-19 00:00:00+00:00
[2024-09-19T18:26:25.875+0000] {processor.py:208} INFO - Processing /home/airflow/.local/lib/python3.12/site-packages/airflow/example_dags/example_bash_operator.py took 0.055 seconds
[2024-09-19T18:26:56.744+0000] {processor.py:186} INFO - Started process (PID=1441) to work on /home/airflow/.local/lib/python3.12/site-packages/airflow/example_dags/example_bash_operator.py
[2024-09-19T18:26:56.746+0000] {processor.py:914} INFO - Processing file /home/airflow/.local/lib/python3.12/site-packages/airflow/example_dags/example_bash_operator.py for tasks to queue
[2024-09-19T18:26:56.748+0000] {logging_mixin.py:190} INFO - [2024-09-19T18:26:56.748+0000] {dagbag.py:587} INFO - Filling up the DagBag from /home/airflow/.local/lib/python3.12/site-packages/airflow/example_dags/example_bash_operator.py
[2024-09-19T18:26:56.753+0000] {processor.py:925} INFO - DAG(s) 'example_bash_operator' retrieved from /home/airflow/.local/lib/python3.12/site-packages/airflow/example_dags/example_bash_operator.py
[2024-09-19T18:26:56.772+0000] {logging_mixin.py:190} INFO - [2024-09-19T18:26:56.772+0000] {dag.py:3211} INFO - Sync 1 DAGs
[2024-09-19T18:26:56.783+0000] {logging_mixin.py:190} INFO - [2024-09-19T18:26:56.783+0000] {dag.py:4138} INFO - Setting next_dagrun for example_bash_operator to 2024-09-18 00:00:00+00:00, run_after=2024-09-19 00:00:00+00:00
[2024-09-19T18:26:56.789+0000] {processor.py:208} INFO - Processing /home/airflow/.local/lib/python3.12/site-packages/airflow/example_dags/example_bash_operator.py took 0.048 seconds
[2024-09-19T18:27:26.980+0000] {processor.py:186} INFO - Started process (PID=1503) to work on /home/airflow/.local/lib/python3.12/site-packages/airflow/example_dags/example_bash_operator.py
[2024-09-19T18:27:26.981+0000] {processor.py:914} INFO - Processing file /home/airflow/.local/lib/python3.12/site-packages/airflow/example_dags/example_bash_operator.py for tasks to queue
[2024-09-19T18:27:26.982+0000] {logging_mixin.py:190} INFO - [2024-09-19T18:27:26.982+0000] {dagbag.py:587} INFO - Filling up the DagBag from /home/airflow/.local/lib/python3.12/site-packages/airflow/example_dags/example_bash_operator.py
[2024-09-19T18:27:26.988+0000] {processor.py:925} INFO - DAG(s) 'example_bash_operator' retrieved from /home/airflow/.local/lib/python3.12/site-packages/airflow/example_dags/example_bash_operator.py
[2024-09-19T18:27:27.003+0000] {logging_mixin.py:190} INFO - [2024-09-19T18:27:27.003+0000] {dag.py:3211} INFO - Sync 1 DAGs
[2024-09-19T18:27:27.013+0000] {logging_mixin.py:190} INFO - [2024-09-19T18:27:27.013+0000] {dag.py:4138} INFO - Setting next_dagrun for example_bash_operator to 2024-09-18 00:00:00+00:00, run_after=2024-09-19 00:00:00+00:00
[2024-09-19T18:27:27.023+0000] {processor.py:208} INFO - Processing /home/airflow/.local/lib/python3.12/site-packages/airflow/example_dags/example_bash_operator.py took 0.046 seconds
[2024-09-19T18:27:57.616+0000] {processor.py:186} INFO - Started process (PID=1565) to work on /home/airflow/.local/lib/python3.12/site-packages/airflow/example_dags/example_bash_operator.py
[2024-09-19T18:27:57.617+0000] {processor.py:914} INFO - Processing file /home/airflow/.local/lib/python3.12/site-packages/airflow/example_dags/example_bash_operator.py for tasks to queue
[2024-09-19T18:27:57.618+0000] {logging_mixin.py:190} INFO - [2024-09-19T18:27:57.618+0000] {dagbag.py:587} INFO - Filling up the DagBag from /home/airflow/.local/lib/python3.12/site-packages/airflow/example_dags/example_bash_operator.py
[2024-09-19T18:27:57.629+0000] {processor.py:925} INFO - DAG(s) 'example_bash_operator' retrieved from /home/airflow/.local/lib/python3.12/site-packages/airflow/example_dags/example_bash_operator.py
[2024-09-19T18:27:57.645+0000] {logging_mixin.py:190} INFO - [2024-09-19T18:27:57.645+0000] {dag.py:3211} INFO - Sync 1 DAGs
[2024-09-19T18:27:57.660+0000] {logging_mixin.py:190} INFO - [2024-09-19T18:27:57.660+0000] {dag.py:4138} INFO - Setting next_dagrun for example_bash_operator to 2024-09-18 00:00:00+00:00, run_after=2024-09-19 00:00:00+00:00
[2024-09-19T18:27:57.672+0000] {processor.py:208} INFO - Processing /home/airflow/.local/lib/python3.12/site-packages/airflow/example_dags/example_bash_operator.py took 0.058 seconds
[2024-09-19T18:28:28.531+0000] {processor.py:186} INFO - Started process (PID=1627) to work on /home/airflow/.local/lib/python3.12/site-packages/airflow/example_dags/example_bash_operator.py
[2024-09-19T18:28:28.534+0000] {processor.py:914} INFO - Processing file /home/airflow/.local/lib/python3.12/site-packages/airflow/example_dags/example_bash_operator.py for tasks to queue
[2024-09-19T18:28:28.535+0000] {logging_mixin.py:190} INFO - [2024-09-19T18:28:28.535+0000] {dagbag.py:587} INFO - Filling up the DagBag from /home/airflow/.local/lib/python3.12/site-packages/airflow/example_dags/example_bash_operator.py
[2024-09-19T18:28:28.542+0000] {processor.py:925} INFO - DAG(s) 'example_bash_operator' retrieved from /home/airflow/.local/lib/python3.12/site-packages/airflow/example_dags/example_bash_operator.py
[2024-09-19T18:28:28.554+0000] {logging_mixin.py:190} INFO - [2024-09-19T18:28:28.554+0000] {dag.py:3211} INFO - Sync 1 DAGs
[2024-09-19T18:28:28.563+0000] {logging_mixin.py:190} INFO - [2024-09-19T18:28:28.563+0000] {dag.py:4138} INFO - Setting next_dagrun for example_bash_operator to 2024-09-18 00:00:00+00:00, run_after=2024-09-19 00:00:00+00:00
[2024-09-19T18:28:28.573+0000] {processor.py:208} INFO - Processing /home/airflow/.local/lib/python3.12/site-packages/airflow/example_dags/example_bash_operator.py took 0.044 seconds
[2024-09-19T18:28:59.257+0000] {processor.py:186} INFO - Started process (PID=1689) to work on /home/airflow/.local/lib/python3.12/site-packages/airflow/example_dags/example_bash_operator.py
[2024-09-19T18:28:59.258+0000] {processor.py:914} INFO - Processing file /home/airflow/.local/lib/python3.12/site-packages/airflow/example_dags/example_bash_operator.py for tasks to queue
[2024-09-19T18:28:59.262+0000] {logging_mixin.py:190} INFO - [2024-09-19T18:28:59.262+0000] {dagbag.py:587} INFO - Filling up the DagBag from /home/airflow/.local/lib/python3.12/site-packages/airflow/example_dags/example_bash_operator.py
[2024-09-19T18:28:59.276+0000] {processor.py:925} INFO - DAG(s) 'example_bash_operator' retrieved from /home/airflow/.local/lib/python3.12/site-packages/airflow/example_dags/example_bash_operator.py
[2024-09-19T18:28:59.295+0000] {logging_mixin.py:190} INFO - [2024-09-19T18:28:59.295+0000] {dag.py:3211} INFO - Sync 1 DAGs
[2024-09-19T18:28:59.319+0000] {logging_mixin.py:190} INFO - [2024-09-19T18:28:59.319+0000] {dag.py:4138} INFO - Setting next_dagrun for example_bash_operator to 2024-09-18 00:00:00+00:00, run_after=2024-09-19 00:00:00+00:00
[2024-09-19T18:28:59.331+0000] {processor.py:208} INFO - Processing /home/airflow/.local/lib/python3.12/site-packages/airflow/example_dags/example_bash_operator.py took 0.078 seconds
[2024-09-19T18:29:29.908+0000] {processor.py:186} INFO - Started process (PID=1751) to work on /home/airflow/.local/lib/python3.12/site-packages/airflow/example_dags/example_bash_operator.py
[2024-09-19T18:29:29.909+0000] {processor.py:914} INFO - Processing file /home/airflow/.local/lib/python3.12/site-packages/airflow/example_dags/example_bash_operator.py for tasks to queue
[2024-09-19T18:29:29.911+0000] {logging_mixin.py:190} INFO - [2024-09-19T18:29:29.910+0000] {dagbag.py:587} INFO - Filling up the DagBag from /home/airflow/.local/lib/python3.12/site-packages/airflow/example_dags/example_bash_operator.py
[2024-09-19T18:29:29.917+0000] {processor.py:925} INFO - DAG(s) 'example_bash_operator' retrieved from /home/airflow/.local/lib/python3.12/site-packages/airflow/example_dags/example_bash_operator.py
[2024-09-19T18:29:29.931+0000] {logging_mixin.py:190} INFO - [2024-09-19T18:29:29.931+0000] {dag.py:3211} INFO - Sync 1 DAGs
[2024-09-19T18:29:29.944+0000] {logging_mixin.py:190} INFO - [2024-09-19T18:29:29.944+0000] {dag.py:4138} INFO - Setting next_dagrun for example_bash_operator to 2024-09-18 00:00:00+00:00, run_after=2024-09-19 00:00:00+00:00
[2024-09-19T18:29:29.951+0000] {processor.py:208} INFO - Processing /home/airflow/.local/lib/python3.12/site-packages/airflow/example_dags/example_bash_operator.py took 0.045 seconds
[2024-09-19T18:30:00.925+0000] {processor.py:186} INFO - Started process (PID=1813) to work on /home/airflow/.local/lib/python3.12/site-packages/airflow/example_dags/example_bash_operator.py
[2024-09-19T18:30:00.926+0000] {processor.py:914} INFO - Processing file /home/airflow/.local/lib/python3.12/site-packages/airflow/example_dags/example_bash_operator.py for tasks to queue
[2024-09-19T18:30:00.927+0000] {logging_mixin.py:190} INFO - [2024-09-19T18:30:00.927+0000] {dagbag.py:587} INFO - Filling up the DagBag from /home/airflow/.local/lib/python3.12/site-packages/airflow/example_dags/example_bash_operator.py
[2024-09-19T18:30:00.932+0000] {processor.py:925} INFO - DAG(s) 'example_bash_operator' retrieved from /home/airflow/.local/lib/python3.12/site-packages/airflow/example_dags/example_bash_operator.py
[2024-09-19T18:30:00.943+0000] {logging_mixin.py:190} INFO - [2024-09-19T18:30:00.942+0000] {dag.py:3211} INFO - Sync 1 DAGs
[2024-09-19T18:30:00.951+0000] {logging_mixin.py:190} INFO - [2024-09-19T18:30:00.951+0000] {dag.py:4138} INFO - Setting next_dagrun for example_bash_operator to 2024-09-18 00:00:00+00:00, run_after=2024-09-19 00:00:00+00:00
[2024-09-19T18:30:00.957+0000] {processor.py:208} INFO - Processing /home/airflow/.local/lib/python3.12/site-packages/airflow/example_dags/example_bash_operator.py took 0.034 seconds
[2024-09-19T18:30:31.490+0000] {processor.py:186} INFO - Started process (PID=1881) to work on /home/airflow/.local/lib/python3.12/site-packages/airflow/example_dags/example_bash_operator.py
[2024-09-19T18:30:31.491+0000] {processor.py:914} INFO - Processing file /home/airflow/.local/lib/python3.12/site-packages/airflow/example_dags/example_bash_operator.py for tasks to queue
[2024-09-19T18:30:31.491+0000] {logging_mixin.py:190} INFO - [2024-09-19T18:30:31.491+0000] {dagbag.py:587} INFO - Filling up the DagBag from /home/airflow/.local/lib/python3.12/site-packages/airflow/example_dags/example_bash_operator.py
[2024-09-19T18:30:31.498+0000] {processor.py:925} INFO - DAG(s) 'example_bash_operator' retrieved from /home/airflow/.local/lib/python3.12/site-packages/airflow/example_dags/example_bash_operator.py
[2024-09-19T18:30:31.508+0000] {logging_mixin.py:190} INFO - [2024-09-19T18:30:31.508+0000] {dag.py:3211} INFO - Sync 1 DAGs
[2024-09-19T18:30:31.517+0000] {logging_mixin.py:190} INFO - [2024-09-19T18:30:31.516+0000] {dag.py:4138} INFO - Setting next_dagrun for example_bash_operator to 2024-09-18 00:00:00+00:00, run_after=2024-09-19 00:00:00+00:00
[2024-09-19T18:30:31.523+0000] {processor.py:208} INFO - Processing /home/airflow/.local/lib/python3.12/site-packages/airflow/example_dags/example_bash_operator.py took 0.035 seconds
[2024-09-19T18:31:02.008+0000] {processor.py:186} INFO - Started process (PID=1943) to work on /home/airflow/.local/lib/python3.12/site-packages/airflow/example_dags/example_bash_operator.py
[2024-09-19T18:31:02.009+0000] {processor.py:914} INFO - Processing file /home/airflow/.local/lib/python3.12/site-packages/airflow/example_dags/example_bash_operator.py for tasks to queue
[2024-09-19T18:31:02.010+0000] {logging_mixin.py:190} INFO - [2024-09-19T18:31:02.010+0000] {dagbag.py:587} INFO - Filling up the DagBag from /home/airflow/.local/lib/python3.12/site-packages/airflow/example_dags/example_bash_operator.py
[2024-09-19T18:31:02.017+0000] {processor.py:925} INFO - DAG(s) 'example_bash_operator' retrieved from /home/airflow/.local/lib/python3.12/site-packages/airflow/example_dags/example_bash_operator.py
[2024-09-19T18:31:02.043+0000] {logging_mixin.py:190} INFO - [2024-09-19T18:31:02.043+0000] {dag.py:3211} INFO - Sync 1 DAGs
[2024-09-19T18:31:02.058+0000] {logging_mixin.py:190} INFO - [2024-09-19T18:31:02.057+0000] {dag.py:4138} INFO - Setting next_dagrun for example_bash_operator to 2024-09-18 00:00:00+00:00, run_after=2024-09-19 00:00:00+00:00
[2024-09-19T18:31:02.072+0000] {processor.py:208} INFO - Processing /home/airflow/.local/lib/python3.12/site-packages/airflow/example_dags/example_bash_operator.py took 0.068 seconds
[2024-09-19T18:31:32.283+0000] {processor.py:186} INFO - Started process (PID=2004) to work on /home/airflow/.local/lib/python3.12/site-packages/airflow/example_dags/example_bash_operator.py
[2024-09-19T18:31:32.284+0000] {processor.py:914} INFO - Processing file /home/airflow/.local/lib/python3.12/site-packages/airflow/example_dags/example_bash_operator.py for tasks to queue
[2024-09-19T18:31:32.287+0000] {logging_mixin.py:190} INFO - [2024-09-19T18:31:32.286+0000] {dagbag.py:587} INFO - Filling up the DagBag from /home/airflow/.local/lib/python3.12/site-packages/airflow/example_dags/example_bash_operator.py
[2024-09-19T18:31:32.345+0000] {processor.py:925} INFO - DAG(s) 'example_bash_operator' retrieved from /home/airflow/.local/lib/python3.12/site-packages/airflow/example_dags/example_bash_operator.py
[2024-09-19T18:31:32.372+0000] {logging_mixin.py:190} INFO - [2024-09-19T18:31:32.372+0000] {dag.py:3211} INFO - Sync 1 DAGs
[2024-09-19T18:31:32.394+0000] {logging_mixin.py:190} INFO - [2024-09-19T18:31:32.394+0000] {dag.py:4138} INFO - Setting next_dagrun for example_bash_operator to 2024-09-18 00:00:00+00:00, run_after=2024-09-19 00:00:00+00:00
[2024-09-19T18:31:32.406+0000] {processor.py:208} INFO - Processing /home/airflow/.local/lib/python3.12/site-packages/airflow/example_dags/example_bash_operator.py took 0.128 seconds
[2024-09-19T18:32:03.418+0000] {processor.py:186} INFO - Started process (PID=2066) to work on /home/airflow/.local/lib/python3.12/site-packages/airflow/example_dags/example_bash_operator.py
[2024-09-19T18:32:03.419+0000] {processor.py:914} INFO - Processing file /home/airflow/.local/lib/python3.12/site-packages/airflow/example_dags/example_bash_operator.py for tasks to queue
[2024-09-19T18:32:03.421+0000] {logging_mixin.py:190} INFO - [2024-09-19T18:32:03.421+0000] {dagbag.py:587} INFO - Filling up the DagBag from /home/airflow/.local/lib/python3.12/site-packages/airflow/example_dags/example_bash_operator.py
[2024-09-19T18:32:03.446+0000] {processor.py:925} INFO - DAG(s) 'example_bash_operator' retrieved from /home/airflow/.local/lib/python3.12/site-packages/airflow/example_dags/example_bash_operator.py
[2024-09-19T18:32:03.468+0000] {logging_mixin.py:190} INFO - [2024-09-19T18:32:03.468+0000] {dag.py:3211} INFO - Sync 1 DAGs
[2024-09-19T18:32:03.483+0000] {logging_mixin.py:190} INFO - [2024-09-19T18:32:03.482+0000] {dag.py:4138} INFO - Setting next_dagrun for example_bash_operator to 2024-09-18 00:00:00+00:00, run_after=2024-09-19 00:00:00+00:00
[2024-09-19T18:32:03.491+0000] {processor.py:208} INFO - Processing /home/airflow/.local/lib/python3.12/site-packages/airflow/example_dags/example_bash_operator.py took 0.078 seconds
[2024-09-19T18:32:34.031+0000] {processor.py:186} INFO - Started process (PID=2128) to work on /home/airflow/.local/lib/python3.12/site-packages/airflow/example_dags/example_bash_operator.py
[2024-09-19T18:32:34.035+0000] {processor.py:914} INFO - Processing file /home/airflow/.local/lib/python3.12/site-packages/airflow/example_dags/example_bash_operator.py for tasks to queue
[2024-09-19T18:32:34.038+0000] {logging_mixin.py:190} INFO - [2024-09-19T18:32:34.038+0000] {dagbag.py:587} INFO - Filling up the DagBag from /home/airflow/.local/lib/python3.12/site-packages/airflow/example_dags/example_bash_operator.py
[2024-09-19T18:32:34.051+0000] {processor.py:925} INFO - DAG(s) 'example_bash_operator' retrieved from /home/airflow/.local/lib/python3.12/site-packages/airflow/example_dags/example_bash_operator.py
[2024-09-19T18:32:34.073+0000] {logging_mixin.py:190} INFO - [2024-09-19T18:32:34.072+0000] {dag.py:3211} INFO - Sync 1 DAGs
[2024-09-19T18:32:34.103+0000] {logging_mixin.py:190} INFO - [2024-09-19T18:32:34.102+0000] {dag.py:4138} INFO - Setting next_dagrun for example_bash_operator to 2024-09-18 00:00:00+00:00, run_after=2024-09-19 00:00:00+00:00
[2024-09-19T18:32:34.117+0000] {processor.py:208} INFO - Processing /home/airflow/.local/lib/python3.12/site-packages/airflow/example_dags/example_bash_operator.py took 0.093 seconds
[2024-09-19T18:33:04.632+0000] {processor.py:186} INFO - Started process (PID=2190) to work on /home/airflow/.local/lib/python3.12/site-packages/airflow/example_dags/example_bash_operator.py
[2024-09-19T18:33:04.637+0000] {processor.py:914} INFO - Processing file /home/airflow/.local/lib/python3.12/site-packages/airflow/example_dags/example_bash_operator.py for tasks to queue
[2024-09-19T18:33:04.641+0000] {logging_mixin.py:190} INFO - [2024-09-19T18:33:04.640+0000] {dagbag.py:587} INFO - Filling up the DagBag from /home/airflow/.local/lib/python3.12/site-packages/airflow/example_dags/example_bash_operator.py
[2024-09-19T18:33:04.654+0000] {processor.py:925} INFO - DAG(s) 'example_bash_operator' retrieved from /home/airflow/.local/lib/python3.12/site-packages/airflow/example_dags/example_bash_operator.py
[2024-09-19T18:33:04.680+0000] {logging_mixin.py:190} INFO - [2024-09-19T18:33:04.680+0000] {dag.py:3211} INFO - Sync 1 DAGs
[2024-09-19T18:33:04.695+0000] {logging_mixin.py:190} INFO - [2024-09-19T18:33:04.694+0000] {dag.py:4138} INFO - Setting next_dagrun for example_bash_operator to 2024-09-18 00:00:00+00:00, run_after=2024-09-19 00:00:00+00:00
[2024-09-19T18:33:04.710+0000] {processor.py:208} INFO - Processing /home/airflow/.local/lib/python3.12/site-packages/airflow/example_dags/example_bash_operator.py took 0.082 seconds
[2024-09-19T18:33:34.794+0000] {processor.py:186} INFO - Started process (PID=2251) to work on /home/airflow/.local/lib/python3.12/site-packages/airflow/example_dags/example_bash_operator.py
[2024-09-19T18:33:34.796+0000] {processor.py:914} INFO - Processing file /home/airflow/.local/lib/python3.12/site-packages/airflow/example_dags/example_bash_operator.py for tasks to queue
[2024-09-19T18:33:34.800+0000] {logging_mixin.py:190} INFO - [2024-09-19T18:33:34.799+0000] {dagbag.py:587} INFO - Filling up the DagBag from /home/airflow/.local/lib/python3.12/site-packages/airflow/example_dags/example_bash_operator.py
[2024-09-19T18:33:34.850+0000] {processor.py:925} INFO - DAG(s) 'example_bash_operator' retrieved from /home/airflow/.local/lib/python3.12/site-packages/airflow/example_dags/example_bash_operator.py
[2024-09-19T18:33:34.882+0000] {logging_mixin.py:190} INFO - [2024-09-19T18:33:34.882+0000] {dag.py:3211} INFO - Sync 1 DAGs
[2024-09-19T18:33:34.921+0000] {logging_mixin.py:190} INFO - [2024-09-19T18:33:34.920+0000] {dag.py:4138} INFO - Setting next_dagrun for example_bash_operator to 2024-09-18 00:00:00+00:00, run_after=2024-09-19 00:00:00+00:00
[2024-09-19T18:33:34.943+0000] {processor.py:208} INFO - Processing /home/airflow/.local/lib/python3.12/site-packages/airflow/example_dags/example_bash_operator.py took 0.158 seconds
[2024-09-19T18:34:05.182+0000] {processor.py:186} INFO - Started process (PID=2313) to work on /home/airflow/.local/lib/python3.12/site-packages/airflow/example_dags/example_bash_operator.py
[2024-09-19T18:34:05.186+0000] {processor.py:914} INFO - Processing file /home/airflow/.local/lib/python3.12/site-packages/airflow/example_dags/example_bash_operator.py for tasks to queue
[2024-09-19T18:34:05.188+0000] {logging_mixin.py:190} INFO - [2024-09-19T18:34:05.188+0000] {dagbag.py:587} INFO - Filling up the DagBag from /home/airflow/.local/lib/python3.12/site-packages/airflow/example_dags/example_bash_operator.py
[2024-09-19T18:34:05.204+0000] {processor.py:925} INFO - DAG(s) 'example_bash_operator' retrieved from /home/airflow/.local/lib/python3.12/site-packages/airflow/example_dags/example_bash_operator.py
[2024-09-19T18:34:05.228+0000] {logging_mixin.py:190} INFO - [2024-09-19T18:34:05.227+0000] {dag.py:3211} INFO - Sync 1 DAGs
[2024-09-19T18:34:05.240+0000] {logging_mixin.py:190} INFO - [2024-09-19T18:34:05.240+0000] {dag.py:4138} INFO - Setting next_dagrun for example_bash_operator to 2024-09-18 00:00:00+00:00, run_after=2024-09-19 00:00:00+00:00
[2024-09-19T18:34:05.255+0000] {processor.py:208} INFO - Processing /home/airflow/.local/lib/python3.12/site-packages/airflow/example_dags/example_bash_operator.py took 0.089 seconds
[2024-09-19T18:34:35.275+0000] {processor.py:186} INFO - Started process (PID=2375) to work on /home/airflow/.local/lib/python3.12/site-packages/airflow/example_dags/example_bash_operator.py
[2024-09-19T18:34:35.276+0000] {processor.py:914} INFO - Processing file /home/airflow/.local/lib/python3.12/site-packages/airflow/example_dags/example_bash_operator.py for tasks to queue
[2024-09-19T18:34:35.277+0000] {logging_mixin.py:190} INFO - [2024-09-19T18:34:35.277+0000] {dagbag.py:587} INFO - Filling up the DagBag from /home/airflow/.local/lib/python3.12/site-packages/airflow/example_dags/example_bash_operator.py
[2024-09-19T18:34:35.284+0000] {processor.py:925} INFO - DAG(s) 'example_bash_operator' retrieved from /home/airflow/.local/lib/python3.12/site-packages/airflow/example_dags/example_bash_operator.py
[2024-09-19T18:34:35.302+0000] {logging_mixin.py:190} INFO - [2024-09-19T18:34:35.302+0000] {dag.py:3211} INFO - Sync 1 DAGs
[2024-09-19T18:34:35.311+0000] {logging_mixin.py:190} INFO - [2024-09-19T18:34:35.311+0000] {dag.py:4138} INFO - Setting next_dagrun for example_bash_operator to 2024-09-18 00:00:00+00:00, run_after=2024-09-19 00:00:00+00:00
[2024-09-19T18:34:35.322+0000] {processor.py:208} INFO - Processing /home/airflow/.local/lib/python3.12/site-packages/airflow/example_dags/example_bash_operator.py took 0.050 seconds
[2024-09-19T18:35:06.473+0000] {processor.py:186} INFO - Started process (PID=2438) to work on /home/airflow/.local/lib/python3.12/site-packages/airflow/example_dags/example_bash_operator.py
[2024-09-19T18:35:06.475+0000] {processor.py:914} INFO - Processing file /home/airflow/.local/lib/python3.12/site-packages/airflow/example_dags/example_bash_operator.py for tasks to queue
[2024-09-19T18:35:06.476+0000] {logging_mixin.py:190} INFO - [2024-09-19T18:35:06.476+0000] {dagbag.py:587} INFO - Filling up the DagBag from /home/airflow/.local/lib/python3.12/site-packages/airflow/example_dags/example_bash_operator.py
[2024-09-19T18:35:06.482+0000] {processor.py:925} INFO - DAG(s) 'example_bash_operator' retrieved from /home/airflow/.local/lib/python3.12/site-packages/airflow/example_dags/example_bash_operator.py
[2024-09-19T18:35:06.494+0000] {logging_mixin.py:190} INFO - [2024-09-19T18:35:06.494+0000] {dag.py:3211} INFO - Sync 1 DAGs
[2024-09-19T18:35:06.503+0000] {logging_mixin.py:190} INFO - [2024-09-19T18:35:06.502+0000] {dag.py:4138} INFO - Setting next_dagrun for example_bash_operator to 2024-09-18 00:00:00+00:00, run_after=2024-09-19 00:00:00+00:00
[2024-09-19T18:35:06.509+0000] {processor.py:208} INFO - Processing /home/airflow/.local/lib/python3.12/site-packages/airflow/example_dags/example_bash_operator.py took 0.039 seconds
[2024-09-19T18:35:37.684+0000] {processor.py:186} INFO - Started process (PID=2500) to work on /home/airflow/.local/lib/python3.12/site-packages/airflow/example_dags/example_bash_operator.py
[2024-09-19T18:35:37.685+0000] {processor.py:914} INFO - Processing file /home/airflow/.local/lib/python3.12/site-packages/airflow/example_dags/example_bash_operator.py for tasks to queue
[2024-09-19T18:35:37.687+0000] {logging_mixin.py:190} INFO - [2024-09-19T18:35:37.687+0000] {dagbag.py:587} INFO - Filling up the DagBag from /home/airflow/.local/lib/python3.12/site-packages/airflow/example_dags/example_bash_operator.py
[2024-09-19T18:35:37.696+0000] {processor.py:925} INFO - DAG(s) 'example_bash_operator' retrieved from /home/airflow/.local/lib/python3.12/site-packages/airflow/example_dags/example_bash_operator.py
[2024-09-19T18:35:37.710+0000] {logging_mixin.py:190} INFO - [2024-09-19T18:35:37.710+0000] {dag.py:3211} INFO - Sync 1 DAGs
[2024-09-19T18:35:37.723+0000] {logging_mixin.py:190} INFO - [2024-09-19T18:35:37.723+0000] {dag.py:4138} INFO - Setting next_dagrun for example_bash_operator to 2024-09-18 00:00:00+00:00, run_after=2024-09-19 00:00:00+00:00
[2024-09-19T18:35:37.733+0000] {processor.py:208} INFO - Processing /home/airflow/.local/lib/python3.12/site-packages/airflow/example_dags/example_bash_operator.py took 0.053 seconds
[2024-09-19T18:36:08.107+0000] {processor.py:186} INFO - Started process (PID=2562) to work on /home/airflow/.local/lib/python3.12/site-packages/airflow/example_dags/example_bash_operator.py
[2024-09-19T18:36:08.111+0000] {processor.py:914} INFO - Processing file /home/airflow/.local/lib/python3.12/site-packages/airflow/example_dags/example_bash_operator.py for tasks to queue
[2024-09-19T18:36:08.112+0000] {logging_mixin.py:190} INFO - [2024-09-19T18:36:08.112+0000] {dagbag.py:587} INFO - Filling up the DagBag from /home/airflow/.local/lib/python3.12/site-packages/airflow/example_dags/example_bash_operator.py
[2024-09-19T18:36:08.119+0000] {processor.py:925} INFO - DAG(s) 'example_bash_operator' retrieved from /home/airflow/.local/lib/python3.12/site-packages/airflow/example_dags/example_bash_operator.py
[2024-09-19T18:36:08.134+0000] {logging_mixin.py:190} INFO - [2024-09-19T18:36:08.134+0000] {dag.py:3211} INFO - Sync 1 DAGs
[2024-09-19T18:36:08.144+0000] {logging_mixin.py:190} INFO - [2024-09-19T18:36:08.144+0000] {dag.py:4138} INFO - Setting next_dagrun for example_bash_operator to 2024-09-18 00:00:00+00:00, run_after=2024-09-19 00:00:00+00:00
[2024-09-19T18:36:08.151+0000] {processor.py:208} INFO - Processing /home/airflow/.local/lib/python3.12/site-packages/airflow/example_dags/example_bash_operator.py took 0.047 seconds
[2024-09-19T18:36:38.613+0000] {processor.py:186} INFO - Started process (PID=2624) to work on /home/airflow/.local/lib/python3.12/site-packages/airflow/example_dags/example_bash_operator.py
[2024-09-19T18:36:38.614+0000] {processor.py:914} INFO - Processing file /home/airflow/.local/lib/python3.12/site-packages/airflow/example_dags/example_bash_operator.py for tasks to queue
[2024-09-19T18:36:38.619+0000] {logging_mixin.py:190} INFO - [2024-09-19T18:36:38.619+0000] {dagbag.py:587} INFO - Filling up the DagBag from /home/airflow/.local/lib/python3.12/site-packages/airflow/example_dags/example_bash_operator.py
[2024-09-19T18:36:38.626+0000] {processor.py:925} INFO - DAG(s) 'example_bash_operator' retrieved from /home/airflow/.local/lib/python3.12/site-packages/airflow/example_dags/example_bash_operator.py
[2024-09-19T18:36:38.643+0000] {logging_mixin.py:190} INFO - [2024-09-19T18:36:38.643+0000] {dag.py:3211} INFO - Sync 1 DAGs
[2024-09-19T18:36:38.654+0000] {logging_mixin.py:190} INFO - [2024-09-19T18:36:38.654+0000] {dag.py:4138} INFO - Setting next_dagrun for example_bash_operator to 2024-09-18 00:00:00+00:00, run_after=2024-09-19 00:00:00+00:00
[2024-09-19T18:36:38.667+0000] {processor.py:208} INFO - Processing /home/airflow/.local/lib/python3.12/site-packages/airflow/example_dags/example_bash_operator.py took 0.057 seconds
[2024-09-19T18:37:09.827+0000] {processor.py:186} INFO - Started process (PID=2686) to work on /home/airflow/.local/lib/python3.12/site-packages/airflow/example_dags/example_bash_operator.py
[2024-09-19T18:37:09.830+0000] {processor.py:914} INFO - Processing file /home/airflow/.local/lib/python3.12/site-packages/airflow/example_dags/example_bash_operator.py for tasks to queue
[2024-09-19T18:37:09.832+0000] {logging_mixin.py:190} INFO - [2024-09-19T18:37:09.831+0000] {dagbag.py:587} INFO - Filling up the DagBag from /home/airflow/.local/lib/python3.12/site-packages/airflow/example_dags/example_bash_operator.py
[2024-09-19T18:37:09.838+0000] {processor.py:925} INFO - DAG(s) 'example_bash_operator' retrieved from /home/airflow/.local/lib/python3.12/site-packages/airflow/example_dags/example_bash_operator.py
[2024-09-19T18:37:09.851+0000] {logging_mixin.py:190} INFO - [2024-09-19T18:37:09.850+0000] {dag.py:3211} INFO - Sync 1 DAGs
[2024-09-19T18:37:09.861+0000] {logging_mixin.py:190} INFO - [2024-09-19T18:37:09.861+0000] {dag.py:4138} INFO - Setting next_dagrun for example_bash_operator to 2024-09-18 00:00:00+00:00, run_after=2024-09-19 00:00:00+00:00
[2024-09-19T18:37:09.868+0000] {processor.py:208} INFO - Processing /home/airflow/.local/lib/python3.12/site-packages/airflow/example_dags/example_bash_operator.py took 0.043 seconds
[2024-09-19T18:37:41.081+0000] {processor.py:186} INFO - Started process (PID=2754) to work on /home/airflow/.local/lib/python3.12/site-packages/airflow/example_dags/example_bash_operator.py
[2024-09-19T18:37:41.084+0000] {processor.py:914} INFO - Processing file /home/airflow/.local/lib/python3.12/site-packages/airflow/example_dags/example_bash_operator.py for tasks to queue
[2024-09-19T18:37:41.085+0000] {logging_mixin.py:190} INFO - [2024-09-19T18:37:41.085+0000] {dagbag.py:587} INFO - Filling up the DagBag from /home/airflow/.local/lib/python3.12/site-packages/airflow/example_dags/example_bash_operator.py
[2024-09-19T18:37:41.091+0000] {processor.py:925} INFO - DAG(s) 'example_bash_operator' retrieved from /home/airflow/.local/lib/python3.12/site-packages/airflow/example_dags/example_bash_operator.py
[2024-09-19T18:37:41.108+0000] {logging_mixin.py:190} INFO - [2024-09-19T18:37:41.108+0000] {dag.py:3211} INFO - Sync 1 DAGs
[2024-09-19T18:37:41.123+0000] {logging_mixin.py:190} INFO - [2024-09-19T18:37:41.123+0000] {dag.py:4138} INFO - Setting next_dagrun for example_bash_operator to 2024-09-18 00:00:00+00:00, run_after=2024-09-19 00:00:00+00:00
[2024-09-19T18:37:41.132+0000] {processor.py:208} INFO - Processing /home/airflow/.local/lib/python3.12/site-packages/airflow/example_dags/example_bash_operator.py took 0.054 seconds
[2024-09-19T18:38:12.416+0000] {processor.py:186} INFO - Started process (PID=2816) to work on /home/airflow/.local/lib/python3.12/site-packages/airflow/example_dags/example_bash_operator.py
[2024-09-19T18:38:12.417+0000] {processor.py:914} INFO - Processing file /home/airflow/.local/lib/python3.12/site-packages/airflow/example_dags/example_bash_operator.py for tasks to queue
[2024-09-19T18:38:12.418+0000] {logging_mixin.py:190} INFO - [2024-09-19T18:38:12.418+0000] {dagbag.py:587} INFO - Filling up the DagBag from /home/airflow/.local/lib/python3.12/site-packages/airflow/example_dags/example_bash_operator.py
[2024-09-19T18:38:12.424+0000] {processor.py:925} INFO - DAG(s) 'example_bash_operator' retrieved from /home/airflow/.local/lib/python3.12/site-packages/airflow/example_dags/example_bash_operator.py
[2024-09-19T18:38:12.437+0000] {logging_mixin.py:190} INFO - [2024-09-19T18:38:12.437+0000] {dag.py:3211} INFO - Sync 1 DAGs
[2024-09-19T18:38:12.447+0000] {logging_mixin.py:190} INFO - [2024-09-19T18:38:12.447+0000] {dag.py:4138} INFO - Setting next_dagrun for example_bash_operator to 2024-09-18 00:00:00+00:00, run_after=2024-09-19 00:00:00+00:00
[2024-09-19T18:38:12.461+0000] {processor.py:208} INFO - Processing /home/airflow/.local/lib/python3.12/site-packages/airflow/example_dags/example_bash_operator.py took 0.048 seconds
[2024-09-19T18:38:43.757+0000] {processor.py:186} INFO - Started process (PID=2878) to work on /home/airflow/.local/lib/python3.12/site-packages/airflow/example_dags/example_bash_operator.py
[2024-09-19T18:38:43.761+0000] {processor.py:914} INFO - Processing file /home/airflow/.local/lib/python3.12/site-packages/airflow/example_dags/example_bash_operator.py for tasks to queue
[2024-09-19T18:38:43.762+0000] {logging_mixin.py:190} INFO - [2024-09-19T18:38:43.762+0000] {dagbag.py:587} INFO - Filling up the DagBag from /home/airflow/.local/lib/python3.12/site-packages/airflow/example_dags/example_bash_operator.py
[2024-09-19T18:38:43.768+0000] {processor.py:925} INFO - DAG(s) 'example_bash_operator' retrieved from /home/airflow/.local/lib/python3.12/site-packages/airflow/example_dags/example_bash_operator.py
[2024-09-19T18:38:43.780+0000] {logging_mixin.py:190} INFO - [2024-09-19T18:38:43.780+0000] {dag.py:3211} INFO - Sync 1 DAGs
[2024-09-19T18:38:43.792+0000] {logging_mixin.py:190} INFO - [2024-09-19T18:38:43.792+0000] {dag.py:4138} INFO - Setting next_dagrun for example_bash_operator to 2024-09-18 00:00:00+00:00, run_after=2024-09-19 00:00:00+00:00
[2024-09-19T18:38:43.802+0000] {processor.py:208} INFO - Processing /home/airflow/.local/lib/python3.12/site-packages/airflow/example_dags/example_bash_operator.py took 0.048 seconds
[2024-09-19T18:39:14.771+0000] {processor.py:186} INFO - Started process (PID=2940) to work on /home/airflow/.local/lib/python3.12/site-packages/airflow/example_dags/example_bash_operator.py
[2024-09-19T18:39:14.772+0000] {processor.py:914} INFO - Processing file /home/airflow/.local/lib/python3.12/site-packages/airflow/example_dags/example_bash_operator.py for tasks to queue
[2024-09-19T18:39:14.773+0000] {logging_mixin.py:190} INFO - [2024-09-19T18:39:14.773+0000] {dagbag.py:587} INFO - Filling up the DagBag from /home/airflow/.local/lib/python3.12/site-packages/airflow/example_dags/example_bash_operator.py
[2024-09-19T18:39:14.778+0000] {processor.py:925} INFO - DAG(s) 'example_bash_operator' retrieved from /home/airflow/.local/lib/python3.12/site-packages/airflow/example_dags/example_bash_operator.py
[2024-09-19T18:39:14.793+0000] {logging_mixin.py:190} INFO - [2024-09-19T18:39:14.793+0000] {dag.py:3211} INFO - Sync 1 DAGs
[2024-09-19T18:39:14.804+0000] {logging_mixin.py:190} INFO - [2024-09-19T18:39:14.804+0000] {dag.py:4138} INFO - Setting next_dagrun for example_bash_operator to 2024-09-18 00:00:00+00:00, run_after=2024-09-19 00:00:00+00:00
[2024-09-19T18:39:14.814+0000] {processor.py:208} INFO - Processing /home/airflow/.local/lib/python3.12/site-packages/airflow/example_dags/example_bash_operator.py took 0.046 seconds
[2024-09-19T18:39:45.394+0000] {processor.py:186} INFO - Started process (PID=3002) to work on /home/airflow/.local/lib/python3.12/site-packages/airflow/example_dags/example_bash_operator.py
[2024-09-19T18:39:45.397+0000] {processor.py:914} INFO - Processing file /home/airflow/.local/lib/python3.12/site-packages/airflow/example_dags/example_bash_operator.py for tasks to queue
[2024-09-19T18:39:45.398+0000] {logging_mixin.py:190} INFO - [2024-09-19T18:39:45.398+0000] {dagbag.py:587} INFO - Filling up the DagBag from /home/airflow/.local/lib/python3.12/site-packages/airflow/example_dags/example_bash_operator.py
[2024-09-19T18:39:45.404+0000] {processor.py:925} INFO - DAG(s) 'example_bash_operator' retrieved from /home/airflow/.local/lib/python3.12/site-packages/airflow/example_dags/example_bash_operator.py
[2024-09-19T18:39:45.421+0000] {logging_mixin.py:190} INFO - [2024-09-19T18:39:45.421+0000] {dag.py:3211} INFO - Sync 1 DAGs
[2024-09-19T18:39:45.432+0000] {logging_mixin.py:190} INFO - [2024-09-19T18:39:45.432+0000] {dag.py:4138} INFO - Setting next_dagrun for example_bash_operator to 2024-09-18 00:00:00+00:00, run_after=2024-09-19 00:00:00+00:00
[2024-09-19T18:39:45.444+0000] {processor.py:208} INFO - Processing /home/airflow/.local/lib/python3.12/site-packages/airflow/example_dags/example_bash_operator.py took 0.052 seconds
[2024-09-19T18:40:16.519+0000] {processor.py:186} INFO - Started process (PID=3064) to work on /home/airflow/.local/lib/python3.12/site-packages/airflow/example_dags/example_bash_operator.py
[2024-09-19T18:40:16.520+0000] {processor.py:914} INFO - Processing file /home/airflow/.local/lib/python3.12/site-packages/airflow/example_dags/example_bash_operator.py for tasks to queue
[2024-09-19T18:40:16.521+0000] {logging_mixin.py:190} INFO - [2024-09-19T18:40:16.520+0000] {dagbag.py:587} INFO - Filling up the DagBag from /home/airflow/.local/lib/python3.12/site-packages/airflow/example_dags/example_bash_operator.py
[2024-09-19T18:40:16.529+0000] {processor.py:925} INFO - DAG(s) 'example_bash_operator' retrieved from /home/airflow/.local/lib/python3.12/site-packages/airflow/example_dags/example_bash_operator.py
[2024-09-19T18:40:16.549+0000] {logging_mixin.py:190} INFO - [2024-09-19T18:40:16.548+0000] {dag.py:3211} INFO - Sync 1 DAGs
[2024-09-19T18:40:16.565+0000] {logging_mixin.py:190} INFO - [2024-09-19T18:40:16.565+0000] {dag.py:4138} INFO - Setting next_dagrun for example_bash_operator to 2024-09-18 00:00:00+00:00, run_after=2024-09-19 00:00:00+00:00
[2024-09-19T18:40:16.580+0000] {processor.py:208} INFO - Processing /home/airflow/.local/lib/python3.12/site-packages/airflow/example_dags/example_bash_operator.py took 0.064 seconds
[2024-09-19T18:40:47.628+0000] {processor.py:186} INFO - Started process (PID=3126) to work on /home/airflow/.local/lib/python3.12/site-packages/airflow/example_dags/example_bash_operator.py
[2024-09-19T18:40:47.632+0000] {processor.py:914} INFO - Processing file /home/airflow/.local/lib/python3.12/site-packages/airflow/example_dags/example_bash_operator.py for tasks to queue
[2024-09-19T18:40:47.634+0000] {logging_mixin.py:190} INFO - [2024-09-19T18:40:47.634+0000] {dagbag.py:587} INFO - Filling up the DagBag from /home/airflow/.local/lib/python3.12/site-packages/airflow/example_dags/example_bash_operator.py
[2024-09-19T18:40:47.646+0000] {processor.py:925} INFO - DAG(s) 'example_bash_operator' retrieved from /home/airflow/.local/lib/python3.12/site-packages/airflow/example_dags/example_bash_operator.py
[2024-09-19T18:40:47.658+0000] {logging_mixin.py:190} INFO - [2024-09-19T18:40:47.658+0000] {dag.py:3211} INFO - Sync 1 DAGs
[2024-09-19T18:40:47.670+0000] {logging_mixin.py:190} INFO - [2024-09-19T18:40:47.670+0000] {dag.py:4138} INFO - Setting next_dagrun for example_bash_operator to 2024-09-18 00:00:00+00:00, run_after=2024-09-19 00:00:00+00:00
[2024-09-19T18:40:47.678+0000] {processor.py:208} INFO - Processing /home/airflow/.local/lib/python3.12/site-packages/airflow/example_dags/example_bash_operator.py took 0.055 seconds
[2024-09-19T18:41:18.899+0000] {processor.py:186} INFO - Started process (PID=3188) to work on /home/airflow/.local/lib/python3.12/site-packages/airflow/example_dags/example_bash_operator.py
[2024-09-19T18:41:18.902+0000] {processor.py:914} INFO - Processing file /home/airflow/.local/lib/python3.12/site-packages/airflow/example_dags/example_bash_operator.py for tasks to queue
[2024-09-19T18:41:18.904+0000] {logging_mixin.py:190} INFO - [2024-09-19T18:41:18.904+0000] {dagbag.py:587} INFO - Filling up the DagBag from /home/airflow/.local/lib/python3.12/site-packages/airflow/example_dags/example_bash_operator.py
[2024-09-19T18:41:18.911+0000] {processor.py:925} INFO - DAG(s) 'example_bash_operator' retrieved from /home/airflow/.local/lib/python3.12/site-packages/airflow/example_dags/example_bash_operator.py
[2024-09-19T18:41:18.927+0000] {logging_mixin.py:190} INFO - [2024-09-19T18:41:18.927+0000] {dag.py:3211} INFO - Sync 1 DAGs
[2024-09-19T18:41:18.955+0000] {logging_mixin.py:190} INFO - [2024-09-19T18:41:18.955+0000] {dag.py:4138} INFO - Setting next_dagrun for example_bash_operator to 2024-09-18 00:00:00+00:00, run_after=2024-09-19 00:00:00+00:00
[2024-09-19T18:41:18.965+0000] {processor.py:208} INFO - Processing /home/airflow/.local/lib/python3.12/site-packages/airflow/example_dags/example_bash_operator.py took 0.072 seconds
[2024-09-19T18:41:49.793+0000] {processor.py:186} INFO - Started process (PID=3250) to work on /home/airflow/.local/lib/python3.12/site-packages/airflow/example_dags/example_bash_operator.py
[2024-09-19T18:41:49.796+0000] {processor.py:914} INFO - Processing file /home/airflow/.local/lib/python3.12/site-packages/airflow/example_dags/example_bash_operator.py for tasks to queue
[2024-09-19T18:41:49.797+0000] {logging_mixin.py:190} INFO - [2024-09-19T18:41:49.797+0000] {dagbag.py:587} INFO - Filling up the DagBag from /home/airflow/.local/lib/python3.12/site-packages/airflow/example_dags/example_bash_operator.py
[2024-09-19T18:41:49.809+0000] {processor.py:925} INFO - DAG(s) 'example_bash_operator' retrieved from /home/airflow/.local/lib/python3.12/site-packages/airflow/example_dags/example_bash_operator.py
[2024-09-19T18:41:49.833+0000] {logging_mixin.py:190} INFO - [2024-09-19T18:41:49.833+0000] {dag.py:3211} INFO - Sync 1 DAGs
[2024-09-19T18:41:49.847+0000] {logging_mixin.py:190} INFO - [2024-09-19T18:41:49.847+0000] {dag.py:4138} INFO - Setting next_dagrun for example_bash_operator to 2024-09-18 00:00:00+00:00, run_after=2024-09-19 00:00:00+00:00
[2024-09-19T18:41:49.862+0000] {processor.py:208} INFO - Processing /home/airflow/.local/lib/python3.12/site-packages/airflow/example_dags/example_bash_operator.py took 0.076 seconds
[2024-09-19T18:42:21.070+0000] {processor.py:186} INFO - Started process (PID=3312) to work on /home/airflow/.local/lib/python3.12/site-packages/airflow/example_dags/example_bash_operator.py
[2024-09-19T18:42:21.073+0000] {processor.py:914} INFO - Processing file /home/airflow/.local/lib/python3.12/site-packages/airflow/example_dags/example_bash_operator.py for tasks to queue
[2024-09-19T18:42:21.074+0000] {logging_mixin.py:190} INFO - [2024-09-19T18:42:21.074+0000] {dagbag.py:587} INFO - Filling up the DagBag from /home/airflow/.local/lib/python3.12/site-packages/airflow/example_dags/example_bash_operator.py
[2024-09-19T18:42:21.081+0000] {processor.py:925} INFO - DAG(s) 'example_bash_operator' retrieved from /home/airflow/.local/lib/python3.12/site-packages/airflow/example_dags/example_bash_operator.py
[2024-09-19T18:42:21.097+0000] {logging_mixin.py:190} INFO - [2024-09-19T18:42:21.097+0000] {dag.py:3211} INFO - Sync 1 DAGs
[2024-09-19T18:42:21.106+0000] {logging_mixin.py:190} INFO - [2024-09-19T18:42:21.106+0000] {dag.py:4138} INFO - Setting next_dagrun for example_bash_operator to 2024-09-18 00:00:00+00:00, run_after=2024-09-19 00:00:00+00:00
[2024-09-19T18:42:21.222+0000] {processor.py:208} INFO - Processing /home/airflow/.local/lib/python3.12/site-packages/airflow/example_dags/example_bash_operator.py took 0.155 seconds
[2024-09-19T18:42:52.178+0000] {processor.py:186} INFO - Started process (PID=3374) to work on /home/airflow/.local/lib/python3.12/site-packages/airflow/example_dags/example_bash_operator.py
[2024-09-19T18:42:52.179+0000] {processor.py:914} INFO - Processing file /home/airflow/.local/lib/python3.12/site-packages/airflow/example_dags/example_bash_operator.py for tasks to queue
[2024-09-19T18:42:52.180+0000] {logging_mixin.py:190} INFO - [2024-09-19T18:42:52.180+0000] {dagbag.py:587} INFO - Filling up the DagBag from /home/airflow/.local/lib/python3.12/site-packages/airflow/example_dags/example_bash_operator.py
[2024-09-19T18:42:52.186+0000] {processor.py:925} INFO - DAG(s) 'example_bash_operator' retrieved from /home/airflow/.local/lib/python3.12/site-packages/airflow/example_dags/example_bash_operator.py
[2024-09-19T18:42:52.198+0000] {logging_mixin.py:190} INFO - [2024-09-19T18:42:52.198+0000] {dag.py:3211} INFO - Sync 1 DAGs
[2024-09-19T18:42:52.209+0000] {logging_mixin.py:190} INFO - [2024-09-19T18:42:52.209+0000] {dag.py:4138} INFO - Setting next_dagrun for example_bash_operator to 2024-09-18 00:00:00+00:00, run_after=2024-09-19 00:00:00+00:00
[2024-09-19T18:42:52.221+0000] {processor.py:208} INFO - Processing /home/airflow/.local/lib/python3.12/site-packages/airflow/example_dags/example_bash_operator.py took 0.046 seconds
[2024-09-19T18:43:23.360+0000] {processor.py:186} INFO - Started process (PID=3436) to work on /home/airflow/.local/lib/python3.12/site-packages/airflow/example_dags/example_bash_operator.py
[2024-09-19T18:43:23.362+0000] {processor.py:914} INFO - Processing file /home/airflow/.local/lib/python3.12/site-packages/airflow/example_dags/example_bash_operator.py for tasks to queue
[2024-09-19T18:43:23.365+0000] {logging_mixin.py:190} INFO - [2024-09-19T18:43:23.365+0000] {dagbag.py:587} INFO - Filling up the DagBag from /home/airflow/.local/lib/python3.12/site-packages/airflow/example_dags/example_bash_operator.py
[2024-09-19T18:43:23.375+0000] {processor.py:925} INFO - DAG(s) 'example_bash_operator' retrieved from /home/airflow/.local/lib/python3.12/site-packages/airflow/example_dags/example_bash_operator.py
[2024-09-19T18:43:23.392+0000] {logging_mixin.py:190} INFO - [2024-09-19T18:43:23.392+0000] {dag.py:3211} INFO - Sync 1 DAGs
[2024-09-19T18:43:23.404+0000] {logging_mixin.py:190} INFO - [2024-09-19T18:43:23.404+0000] {dag.py:4138} INFO - Setting next_dagrun for example_bash_operator to 2024-09-18 00:00:00+00:00, run_after=2024-09-19 00:00:00+00:00
[2024-09-19T18:43:23.418+0000] {processor.py:208} INFO - Processing /home/airflow/.local/lib/python3.12/site-packages/airflow/example_dags/example_bash_operator.py took 0.061 seconds
[2024-09-19T18:43:54.470+0000] {processor.py:186} INFO - Started process (PID=3498) to work on /home/airflow/.local/lib/python3.12/site-packages/airflow/example_dags/example_bash_operator.py
[2024-09-19T18:43:54.473+0000] {processor.py:914} INFO - Processing file /home/airflow/.local/lib/python3.12/site-packages/airflow/example_dags/example_bash_operator.py for tasks to queue
[2024-09-19T18:43:54.474+0000] {logging_mixin.py:190} INFO - [2024-09-19T18:43:54.474+0000] {dagbag.py:587} INFO - Filling up the DagBag from /home/airflow/.local/lib/python3.12/site-packages/airflow/example_dags/example_bash_operator.py
[2024-09-19T18:43:54.481+0000] {processor.py:925} INFO - DAG(s) 'example_bash_operator' retrieved from /home/airflow/.local/lib/python3.12/site-packages/airflow/example_dags/example_bash_operator.py
[2024-09-19T18:43:54.494+0000] {logging_mixin.py:190} INFO - [2024-09-19T18:43:54.493+0000] {dag.py:3211} INFO - Sync 1 DAGs
[2024-09-19T18:43:54.506+0000] {logging_mixin.py:190} INFO - [2024-09-19T18:43:54.506+0000] {dag.py:4138} INFO - Setting next_dagrun for example_bash_operator to 2024-09-18 00:00:00+00:00, run_after=2024-09-19 00:00:00+00:00
[2024-09-19T18:43:54.518+0000] {processor.py:208} INFO - Processing /home/airflow/.local/lib/python3.12/site-packages/airflow/example_dags/example_bash_operator.py took 0.051 seconds
[2024-09-19T18:44:24.980+0000] {processor.py:186} INFO - Started process (PID=3560) to work on /home/airflow/.local/lib/python3.12/site-packages/airflow/example_dags/example_bash_operator.py
[2024-09-19T18:44:24.982+0000] {processor.py:914} INFO - Processing file /home/airflow/.local/lib/python3.12/site-packages/airflow/example_dags/example_bash_operator.py for tasks to queue
[2024-09-19T18:44:24.984+0000] {logging_mixin.py:190} INFO - [2024-09-19T18:44:24.984+0000] {dagbag.py:587} INFO - Filling up the DagBag from /home/airflow/.local/lib/python3.12/site-packages/airflow/example_dags/example_bash_operator.py
[2024-09-19T18:44:24.993+0000] {processor.py:925} INFO - DAG(s) 'example_bash_operator' retrieved from /home/airflow/.local/lib/python3.12/site-packages/airflow/example_dags/example_bash_operator.py
[2024-09-19T18:44:25.009+0000] {logging_mixin.py:190} INFO - [2024-09-19T18:44:25.009+0000] {dag.py:3211} INFO - Sync 1 DAGs
[2024-09-19T18:44:25.020+0000] {logging_mixin.py:190} INFO - [2024-09-19T18:44:25.020+0000] {dag.py:4138} INFO - Setting next_dagrun for example_bash_operator to 2024-09-18 00:00:00+00:00, run_after=2024-09-19 00:00:00+00:00
[2024-09-19T18:44:25.030+0000] {processor.py:208} INFO - Processing /home/airflow/.local/lib/python3.12/site-packages/airflow/example_dags/example_bash_operator.py took 0.053 seconds
[2024-09-19T18:44:56.109+0000] {processor.py:186} INFO - Started process (PID=3622) to work on /home/airflow/.local/lib/python3.12/site-packages/airflow/example_dags/example_bash_operator.py
[2024-09-19T18:44:56.111+0000] {processor.py:914} INFO - Processing file /home/airflow/.local/lib/python3.12/site-packages/airflow/example_dags/example_bash_operator.py for tasks to queue
[2024-09-19T18:44:56.112+0000] {logging_mixin.py:190} INFO - [2024-09-19T18:44:56.112+0000] {dagbag.py:587} INFO - Filling up the DagBag from /home/airflow/.local/lib/python3.12/site-packages/airflow/example_dags/example_bash_operator.py
[2024-09-19T18:44:56.118+0000] {processor.py:925} INFO - DAG(s) 'example_bash_operator' retrieved from /home/airflow/.local/lib/python3.12/site-packages/airflow/example_dags/example_bash_operator.py
[2024-09-19T18:44:56.134+0000] {logging_mixin.py:190} INFO - [2024-09-19T18:44:56.134+0000] {dag.py:3211} INFO - Sync 1 DAGs
[2024-09-19T18:44:56.144+0000] {logging_mixin.py:190} INFO - [2024-09-19T18:44:56.144+0000] {dag.py:4138} INFO - Setting next_dagrun for example_bash_operator to 2024-09-18 00:00:00+00:00, run_after=2024-09-19 00:00:00+00:00
[2024-09-19T18:44:56.154+0000] {processor.py:208} INFO - Processing /home/airflow/.local/lib/python3.12/site-packages/airflow/example_dags/example_bash_operator.py took 0.047 seconds
[2024-09-19T18:45:27.404+0000] {processor.py:186} INFO - Started process (PID=3684) to work on /home/airflow/.local/lib/python3.12/site-packages/airflow/example_dags/example_bash_operator.py
[2024-09-19T18:45:27.407+0000] {processor.py:914} INFO - Processing file /home/airflow/.local/lib/python3.12/site-packages/airflow/example_dags/example_bash_operator.py for tasks to queue
[2024-09-19T18:45:27.408+0000] {logging_mixin.py:190} INFO - [2024-09-19T18:45:27.408+0000] {dagbag.py:587} INFO - Filling up the DagBag from /home/airflow/.local/lib/python3.12/site-packages/airflow/example_dags/example_bash_operator.py
[2024-09-19T18:45:27.414+0000] {processor.py:925} INFO - DAG(s) 'example_bash_operator' retrieved from /home/airflow/.local/lib/python3.12/site-packages/airflow/example_dags/example_bash_operator.py
[2024-09-19T18:45:27.499+0000] {logging_mixin.py:190} INFO - [2024-09-19T18:45:27.499+0000] {dag.py:3211} INFO - Sync 1 DAGs
[2024-09-19T18:45:27.507+0000] {logging_mixin.py:190} INFO - [2024-09-19T18:45:27.507+0000] {dag.py:4138} INFO - Setting next_dagrun for example_bash_operator to 2024-09-18 00:00:00+00:00, run_after=2024-09-19 00:00:00+00:00
[2024-09-19T18:45:27.512+0000] {processor.py:208} INFO - Processing /home/airflow/.local/lib/python3.12/site-packages/airflow/example_dags/example_bash_operator.py took 0.110 seconds
[2024-09-19T18:45:58.035+0000] {processor.py:186} INFO - Started process (PID=3746) to work on /home/airflow/.local/lib/python3.12/site-packages/airflow/example_dags/example_bash_operator.py
[2024-09-19T18:45:58.041+0000] {processor.py:914} INFO - Processing file /home/airflow/.local/lib/python3.12/site-packages/airflow/example_dags/example_bash_operator.py for tasks to queue
[2024-09-19T18:45:58.042+0000] {logging_mixin.py:190} INFO - [2024-09-19T18:45:58.042+0000] {dagbag.py:587} INFO - Filling up the DagBag from /home/airflow/.local/lib/python3.12/site-packages/airflow/example_dags/example_bash_operator.py
[2024-09-19T18:45:58.049+0000] {processor.py:925} INFO - DAG(s) 'example_bash_operator' retrieved from /home/airflow/.local/lib/python3.12/site-packages/airflow/example_dags/example_bash_operator.py
[2024-09-19T18:45:58.064+0000] {logging_mixin.py:190} INFO - [2024-09-19T18:45:58.064+0000] {dag.py:3211} INFO - Sync 1 DAGs
[2024-09-19T18:45:58.074+0000] {logging_mixin.py:190} INFO - [2024-09-19T18:45:58.074+0000] {dag.py:4138} INFO - Setting next_dagrun for example_bash_operator to 2024-09-18 00:00:00+00:00, run_after=2024-09-19 00:00:00+00:00
[2024-09-19T18:45:58.088+0000] {processor.py:208} INFO - Processing /home/airflow/.local/lib/python3.12/site-packages/airflow/example_dags/example_bash_operator.py took 0.055 seconds
[2024-09-19T18:46:28.597+0000] {processor.py:186} INFO - Started process (PID=3808) to work on /home/airflow/.local/lib/python3.12/site-packages/airflow/example_dags/example_bash_operator.py
[2024-09-19T18:46:28.601+0000] {processor.py:914} INFO - Processing file /home/airflow/.local/lib/python3.12/site-packages/airflow/example_dags/example_bash_operator.py for tasks to queue
[2024-09-19T18:46:28.602+0000] {logging_mixin.py:190} INFO - [2024-09-19T18:46:28.602+0000] {dagbag.py:587} INFO - Filling up the DagBag from /home/airflow/.local/lib/python3.12/site-packages/airflow/example_dags/example_bash_operator.py
[2024-09-19T18:46:28.612+0000] {processor.py:925} INFO - DAG(s) 'example_bash_operator' retrieved from /home/airflow/.local/lib/python3.12/site-packages/airflow/example_dags/example_bash_operator.py
[2024-09-19T18:46:28.626+0000] {logging_mixin.py:190} INFO - [2024-09-19T18:46:28.626+0000] {dag.py:3211} INFO - Sync 1 DAGs
[2024-09-19T18:46:28.636+0000] {logging_mixin.py:190} INFO - [2024-09-19T18:46:28.636+0000] {dag.py:4138} INFO - Setting next_dagrun for example_bash_operator to 2024-09-18 00:00:00+00:00, run_after=2024-09-19 00:00:00+00:00
[2024-09-19T18:46:28.645+0000] {processor.py:208} INFO - Processing /home/airflow/.local/lib/python3.12/site-packages/airflow/example_dags/example_bash_operator.py took 0.051 seconds
[2024-09-19T18:46:59.942+0000] {processor.py:186} INFO - Started process (PID=3870) to work on /home/airflow/.local/lib/python3.12/site-packages/airflow/example_dags/example_bash_operator.py
[2024-09-19T18:46:59.944+0000] {processor.py:914} INFO - Processing file /home/airflow/.local/lib/python3.12/site-packages/airflow/example_dags/example_bash_operator.py for tasks to queue
[2024-09-19T18:46:59.946+0000] {logging_mixin.py:190} INFO - [2024-09-19T18:46:59.945+0000] {dagbag.py:587} INFO - Filling up the DagBag from /home/airflow/.local/lib/python3.12/site-packages/airflow/example_dags/example_bash_operator.py
[2024-09-19T18:46:59.952+0000] {processor.py:925} INFO - DAG(s) 'example_bash_operator' retrieved from /home/airflow/.local/lib/python3.12/site-packages/airflow/example_dags/example_bash_operator.py
[2024-09-19T18:46:59.963+0000] {logging_mixin.py:190} INFO - [2024-09-19T18:46:59.963+0000] {dag.py:3211} INFO - Sync 1 DAGs
[2024-09-19T18:46:59.973+0000] {logging_mixin.py:190} INFO - [2024-09-19T18:46:59.973+0000] {dag.py:4138} INFO - Setting next_dagrun for example_bash_operator to 2024-09-18 00:00:00+00:00, run_after=2024-09-19 00:00:00+00:00
[2024-09-19T18:46:59.980+0000] {processor.py:208} INFO - Processing /home/airflow/.local/lib/python3.12/site-packages/airflow/example_dags/example_bash_operator.py took 0.041 seconds
[2024-09-19T18:47:30.735+0000] {processor.py:186} INFO - Started process (PID=3932) to work on /home/airflow/.local/lib/python3.12/site-packages/airflow/example_dags/example_bash_operator.py
[2024-09-19T18:47:30.736+0000] {processor.py:914} INFO - Processing file /home/airflow/.local/lib/python3.12/site-packages/airflow/example_dags/example_bash_operator.py for tasks to queue
[2024-09-19T18:47:30.737+0000] {logging_mixin.py:190} INFO - [2024-09-19T18:47:30.737+0000] {dagbag.py:587} INFO - Filling up the DagBag from /home/airflow/.local/lib/python3.12/site-packages/airflow/example_dags/example_bash_operator.py
[2024-09-19T18:47:30.744+0000] {processor.py:925} INFO - DAG(s) 'example_bash_operator' retrieved from /home/airflow/.local/lib/python3.12/site-packages/airflow/example_dags/example_bash_operator.py
[2024-09-19T18:47:30.756+0000] {logging_mixin.py:190} INFO - [2024-09-19T18:47:30.756+0000] {dag.py:3211} INFO - Sync 1 DAGs
[2024-09-19T18:47:30.766+0000] {logging_mixin.py:190} INFO - [2024-09-19T18:47:30.766+0000] {dag.py:4138} INFO - Setting next_dagrun for example_bash_operator to 2024-09-18 00:00:00+00:00, run_after=2024-09-19 00:00:00+00:00
[2024-09-19T18:47:30.773+0000] {processor.py:208} INFO - Processing /home/airflow/.local/lib/python3.12/site-packages/airflow/example_dags/example_bash_operator.py took 0.041 seconds
[2024-09-19T18:48:01.297+0000] {processor.py:186} INFO - Started process (PID=3994) to work on /home/airflow/.local/lib/python3.12/site-packages/airflow/example_dags/example_bash_operator.py
[2024-09-19T18:48:01.298+0000] {processor.py:914} INFO - Processing file /home/airflow/.local/lib/python3.12/site-packages/airflow/example_dags/example_bash_operator.py for tasks to queue
[2024-09-19T18:48:01.300+0000] {logging_mixin.py:190} INFO - [2024-09-19T18:48:01.299+0000] {dagbag.py:587} INFO - Filling up the DagBag from /home/airflow/.local/lib/python3.12/site-packages/airflow/example_dags/example_bash_operator.py
[2024-09-19T18:48:01.306+0000] {processor.py:925} INFO - DAG(s) 'example_bash_operator' retrieved from /home/airflow/.local/lib/python3.12/site-packages/airflow/example_dags/example_bash_operator.py
[2024-09-19T18:48:01.318+0000] {logging_mixin.py:190} INFO - [2024-09-19T18:48:01.318+0000] {dag.py:3211} INFO - Sync 1 DAGs
[2024-09-19T18:48:01.328+0000] {logging_mixin.py:190} INFO - [2024-09-19T18:48:01.328+0000] {dag.py:4138} INFO - Setting next_dagrun for example_bash_operator to 2024-09-18 00:00:00+00:00, run_after=2024-09-19 00:00:00+00:00
[2024-09-19T18:48:01.344+0000] {processor.py:208} INFO - Processing /home/airflow/.local/lib/python3.12/site-packages/airflow/example_dags/example_bash_operator.py took 0.049 seconds
[2024-09-19T18:48:32.171+0000] {processor.py:186} INFO - Started process (PID=4056) to work on /home/airflow/.local/lib/python3.12/site-packages/airflow/example_dags/example_bash_operator.py
[2024-09-19T18:48:32.173+0000] {processor.py:914} INFO - Processing file /home/airflow/.local/lib/python3.12/site-packages/airflow/example_dags/example_bash_operator.py for tasks to queue
[2024-09-19T18:48:32.174+0000] {logging_mixin.py:190} INFO - [2024-09-19T18:48:32.174+0000] {dagbag.py:587} INFO - Filling up the DagBag from /home/airflow/.local/lib/python3.12/site-packages/airflow/example_dags/example_bash_operator.py
[2024-09-19T18:48:32.184+0000] {processor.py:925} INFO - DAG(s) 'example_bash_operator' retrieved from /home/airflow/.local/lib/python3.12/site-packages/airflow/example_dags/example_bash_operator.py
[2024-09-19T18:48:32.214+0000] {logging_mixin.py:190} INFO - [2024-09-19T18:48:32.214+0000] {dag.py:3211} INFO - Sync 1 DAGs
[2024-09-19T18:48:32.246+0000] {logging_mixin.py:190} INFO - [2024-09-19T18:48:32.246+0000] {dag.py:4138} INFO - Setting next_dagrun for example_bash_operator to 2024-09-18 00:00:00+00:00, run_after=2024-09-19 00:00:00+00:00
[2024-09-19T18:48:32.262+0000] {processor.py:208} INFO - Processing /home/airflow/.local/lib/python3.12/site-packages/airflow/example_dags/example_bash_operator.py took 0.094 seconds
[2024-09-19T18:49:02.649+0000] {processor.py:186} INFO - Started process (PID=4118) to work on /home/airflow/.local/lib/python3.12/site-packages/airflow/example_dags/example_bash_operator.py
[2024-09-19T18:49:02.652+0000] {processor.py:914} INFO - Processing file /home/airflow/.local/lib/python3.12/site-packages/airflow/example_dags/example_bash_operator.py for tasks to queue
[2024-09-19T18:49:02.653+0000] {logging_mixin.py:190} INFO - [2024-09-19T18:49:02.653+0000] {dagbag.py:587} INFO - Filling up the DagBag from /home/airflow/.local/lib/python3.12/site-packages/airflow/example_dags/example_bash_operator.py
[2024-09-19T18:49:02.659+0000] {processor.py:925} INFO - DAG(s) 'example_bash_operator' retrieved from /home/airflow/.local/lib/python3.12/site-packages/airflow/example_dags/example_bash_operator.py
[2024-09-19T18:49:02.670+0000] {logging_mixin.py:190} INFO - [2024-09-19T18:49:02.670+0000] {dag.py:3211} INFO - Sync 1 DAGs
[2024-09-19T18:49:02.683+0000] {logging_mixin.py:190} INFO - [2024-09-19T18:49:02.683+0000] {dag.py:4138} INFO - Setting next_dagrun for example_bash_operator to 2024-09-18 00:00:00+00:00, run_after=2024-09-19 00:00:00+00:00
[2024-09-19T18:49:02.690+0000] {processor.py:208} INFO - Processing /home/airflow/.local/lib/python3.12/site-packages/airflow/example_dags/example_bash_operator.py took 0.044 seconds
[2024-09-19T18:49:33.437+0000] {processor.py:186} INFO - Started process (PID=4180) to work on /home/airflow/.local/lib/python3.12/site-packages/airflow/example_dags/example_bash_operator.py
[2024-09-19T18:49:33.438+0000] {processor.py:914} INFO - Processing file /home/airflow/.local/lib/python3.12/site-packages/airflow/example_dags/example_bash_operator.py for tasks to queue
[2024-09-19T18:49:33.439+0000] {logging_mixin.py:190} INFO - [2024-09-19T18:49:33.439+0000] {dagbag.py:587} INFO - Filling up the DagBag from /home/airflow/.local/lib/python3.12/site-packages/airflow/example_dags/example_bash_operator.py
[2024-09-19T18:49:33.446+0000] {processor.py:925} INFO - DAG(s) 'example_bash_operator' retrieved from /home/airflow/.local/lib/python3.12/site-packages/airflow/example_dags/example_bash_operator.py
[2024-09-19T18:49:33.457+0000] {logging_mixin.py:190} INFO - [2024-09-19T18:49:33.457+0000] {dag.py:3211} INFO - Sync 1 DAGs
[2024-09-19T18:49:33.467+0000] {logging_mixin.py:190} INFO - [2024-09-19T18:49:33.467+0000] {dag.py:4138} INFO - Setting next_dagrun for example_bash_operator to 2024-09-18 00:00:00+00:00, run_after=2024-09-19 00:00:00+00:00
[2024-09-19T18:49:33.474+0000] {processor.py:208} INFO - Processing /home/airflow/.local/lib/python3.12/site-packages/airflow/example_dags/example_bash_operator.py took 0.039 seconds
[2024-09-19T18:50:04.281+0000] {processor.py:186} INFO - Started process (PID=4242) to work on /home/airflow/.local/lib/python3.12/site-packages/airflow/example_dags/example_bash_operator.py
[2024-09-19T18:50:04.285+0000] {processor.py:914} INFO - Processing file /home/airflow/.local/lib/python3.12/site-packages/airflow/example_dags/example_bash_operator.py for tasks to queue
[2024-09-19T18:50:04.286+0000] {logging_mixin.py:190} INFO - [2024-09-19T18:50:04.286+0000] {dagbag.py:587} INFO - Filling up the DagBag from /home/airflow/.local/lib/python3.12/site-packages/airflow/example_dags/example_bash_operator.py
[2024-09-19T18:50:04.296+0000] {processor.py:925} INFO - DAG(s) 'example_bash_operator' retrieved from /home/airflow/.local/lib/python3.12/site-packages/airflow/example_dags/example_bash_operator.py
[2024-09-19T18:50:04.308+0000] {logging_mixin.py:190} INFO - [2024-09-19T18:50:04.308+0000] {dag.py:3211} INFO - Sync 1 DAGs
[2024-09-19T18:50:04.319+0000] {logging_mixin.py:190} INFO - [2024-09-19T18:50:04.319+0000] {dag.py:4138} INFO - Setting next_dagrun for example_bash_operator to 2024-09-18 00:00:00+00:00, run_after=2024-09-19 00:00:00+00:00
[2024-09-19T18:50:04.325+0000] {processor.py:208} INFO - Processing /home/airflow/.local/lib/python3.12/site-packages/airflow/example_dags/example_bash_operator.py took 0.047 seconds
[2024-09-19T18:50:34.790+0000] {processor.py:186} INFO - Started process (PID=4304) to work on /home/airflow/.local/lib/python3.12/site-packages/airflow/example_dags/example_bash_operator.py
[2024-09-19T18:50:34.793+0000] {processor.py:914} INFO - Processing file /home/airflow/.local/lib/python3.12/site-packages/airflow/example_dags/example_bash_operator.py for tasks to queue
[2024-09-19T18:50:34.794+0000] {logging_mixin.py:190} INFO - [2024-09-19T18:50:34.794+0000] {dagbag.py:587} INFO - Filling up the DagBag from /home/airflow/.local/lib/python3.12/site-packages/airflow/example_dags/example_bash_operator.py
[2024-09-19T18:50:34.800+0000] {processor.py:925} INFO - DAG(s) 'example_bash_operator' retrieved from /home/airflow/.local/lib/python3.12/site-packages/airflow/example_dags/example_bash_operator.py
[2024-09-19T18:50:34.810+0000] {logging_mixin.py:190} INFO - [2024-09-19T18:50:34.810+0000] {dag.py:3211} INFO - Sync 1 DAGs
[2024-09-19T18:50:34.820+0000] {logging_mixin.py:190} INFO - [2024-09-19T18:50:34.820+0000] {dag.py:4138} INFO - Setting next_dagrun for example_bash_operator to 2024-09-18 00:00:00+00:00, run_after=2024-09-19 00:00:00+00:00
[2024-09-19T18:50:34.827+0000] {processor.py:208} INFO - Processing /home/airflow/.local/lib/python3.12/site-packages/airflow/example_dags/example_bash_operator.py took 0.039 seconds
[2024-09-19T18:51:05.482+0000] {processor.py:186} INFO - Started process (PID=4366) to work on /home/airflow/.local/lib/python3.12/site-packages/airflow/example_dags/example_bash_operator.py
[2024-09-19T18:51:05.484+0000] {processor.py:914} INFO - Processing file /home/airflow/.local/lib/python3.12/site-packages/airflow/example_dags/example_bash_operator.py for tasks to queue
[2024-09-19T18:51:05.485+0000] {logging_mixin.py:190} INFO - [2024-09-19T18:51:05.485+0000] {dagbag.py:587} INFO - Filling up the DagBag from /home/airflow/.local/lib/python3.12/site-packages/airflow/example_dags/example_bash_operator.py
[2024-09-19T18:51:05.491+0000] {processor.py:925} INFO - DAG(s) 'example_bash_operator' retrieved from /home/airflow/.local/lib/python3.12/site-packages/airflow/example_dags/example_bash_operator.py
[2024-09-19T18:51:05.503+0000] {logging_mixin.py:190} INFO - [2024-09-19T18:51:05.503+0000] {dag.py:3211} INFO - Sync 1 DAGs
[2024-09-19T18:51:05.514+0000] {logging_mixin.py:190} INFO - [2024-09-19T18:51:05.514+0000] {dag.py:4138} INFO - Setting next_dagrun for example_bash_operator to 2024-09-18 00:00:00+00:00, run_after=2024-09-19 00:00:00+00:00
[2024-09-19T18:51:05.524+0000] {processor.py:208} INFO - Processing /home/airflow/.local/lib/python3.12/site-packages/airflow/example_dags/example_bash_operator.py took 0.044 seconds
[2024-09-19T18:51:35.938+0000] {processor.py:186} INFO - Started process (PID=4428) to work on /home/airflow/.local/lib/python3.12/site-packages/airflow/example_dags/example_bash_operator.py
[2024-09-19T18:51:35.939+0000] {processor.py:914} INFO - Processing file /home/airflow/.local/lib/python3.12/site-packages/airflow/example_dags/example_bash_operator.py for tasks to queue
[2024-09-19T18:51:35.942+0000] {logging_mixin.py:190} INFO - [2024-09-19T18:51:35.942+0000] {dagbag.py:587} INFO - Filling up the DagBag from /home/airflow/.local/lib/python3.12/site-packages/airflow/example_dags/example_bash_operator.py
[2024-09-19T18:51:35.949+0000] {processor.py:925} INFO - DAG(s) 'example_bash_operator' retrieved from /home/airflow/.local/lib/python3.12/site-packages/airflow/example_dags/example_bash_operator.py
[2024-09-19T18:51:35.978+0000] {logging_mixin.py:190} INFO - [2024-09-19T18:51:35.978+0000] {dag.py:3211} INFO - Sync 1 DAGs
[2024-09-19T18:51:35.989+0000] {logging_mixin.py:190} INFO - [2024-09-19T18:51:35.989+0000] {dag.py:4138} INFO - Setting next_dagrun for example_bash_operator to 2024-09-18 00:00:00+00:00, run_after=2024-09-19 00:00:00+00:00
[2024-09-19T18:51:36.000+0000] {processor.py:208} INFO - Processing /home/airflow/.local/lib/python3.12/site-packages/airflow/example_dags/example_bash_operator.py took 0.065 seconds
