[2024-09-19T18:15:42.783+0000] {processor.py:186} INFO - Started process (PID=91) to work on /home/airflow/.local/lib/python3.12/site-packages/airflow/example_dags/example_skip_dag.py
[2024-09-19T18:15:42.785+0000] {processor.py:914} INFO - Processing file /home/airflow/.local/lib/python3.12/site-packages/airflow/example_dags/example_skip_dag.py for tasks to queue
[2024-09-19T18:15:42.790+0000] {logging_mixin.py:190} INFO - [2024-09-19T18:15:42.790+0000] {dagbag.py:587} INFO - Filling up the DagBag from /home/airflow/.local/lib/python3.12/site-packages/airflow/example_dags/example_skip_dag.py
[2024-09-19T18:15:42.796+0000] {processor.py:925} INFO - DAG(s) 'example_skip_dag' retrieved from /home/airflow/.local/lib/python3.12/site-packages/airflow/example_dags/example_skip_dag.py
[2024-09-19T18:15:42.813+0000] {logging_mixin.py:190} INFO - [2024-09-19T18:15:42.813+0000] {dag.py:3211} INFO - Sync 1 DAGs
[2024-09-19T18:15:42.825+0000] {logging_mixin.py:190} INFO - [2024-09-19T18:15:42.825+0000] {dag.py:4138} INFO - Setting next_dagrun for example_skip_dag to 2024-09-18 00:00:00+00:00, run_after=2024-09-19 00:00:00+00:00
[2024-09-19T18:15:42.833+0000] {processor.py:208} INFO - Processing /home/airflow/.local/lib/python3.12/site-packages/airflow/example_dags/example_skip_dag.py took 0.054 seconds
[2024-09-19T18:16:13.632+0000] {processor.py:186} INFO - Started process (PID=158) to work on /home/airflow/.local/lib/python3.12/site-packages/airflow/example_dags/example_skip_dag.py
[2024-09-19T18:16:13.633+0000] {processor.py:914} INFO - Processing file /home/airflow/.local/lib/python3.12/site-packages/airflow/example_dags/example_skip_dag.py for tasks to queue
[2024-09-19T18:16:13.636+0000] {logging_mixin.py:190} INFO - [2024-09-19T18:16:13.636+0000] {dagbag.py:587} INFO - Filling up the DagBag from /home/airflow/.local/lib/python3.12/site-packages/airflow/example_dags/example_skip_dag.py
[2024-09-19T18:16:13.640+0000] {processor.py:925} INFO - DAG(s) 'example_skip_dag' retrieved from /home/airflow/.local/lib/python3.12/site-packages/airflow/example_dags/example_skip_dag.py
[2024-09-19T18:16:13.652+0000] {logging_mixin.py:190} INFO - [2024-09-19T18:16:13.652+0000] {dag.py:3211} INFO - Sync 1 DAGs
[2024-09-19T18:16:13.662+0000] {logging_mixin.py:190} INFO - [2024-09-19T18:16:13.662+0000] {dag.py:4138} INFO - Setting next_dagrun for example_skip_dag to 2024-09-18 00:00:00+00:00, run_after=2024-09-19 00:00:00+00:00
[2024-09-19T18:16:13.668+0000] {processor.py:208} INFO - Processing /home/airflow/.local/lib/python3.12/site-packages/airflow/example_dags/example_skip_dag.py took 0.039 seconds
[2024-09-19T18:16:46.304+0000] {processor.py:186} INFO - Started process (PID=220) to work on /home/airflow/.local/lib/python3.12/site-packages/airflow/example_dags/example_skip_dag.py
[2024-09-19T18:16:46.308+0000] {processor.py:914} INFO - Processing file /home/airflow/.local/lib/python3.12/site-packages/airflow/example_dags/example_skip_dag.py for tasks to queue
[2024-09-19T18:16:46.311+0000] {logging_mixin.py:190} INFO - [2024-09-19T18:16:46.311+0000] {dagbag.py:587} INFO - Filling up the DagBag from /home/airflow/.local/lib/python3.12/site-packages/airflow/example_dags/example_skip_dag.py
[2024-09-19T18:16:46.322+0000] {processor.py:925} INFO - DAG(s) 'example_skip_dag' retrieved from /home/airflow/.local/lib/python3.12/site-packages/airflow/example_dags/example_skip_dag.py
[2024-09-19T18:16:46.336+0000] {logging_mixin.py:190} INFO - [2024-09-19T18:16:46.336+0000] {dag.py:3211} INFO - Sync 1 DAGs
[2024-09-19T18:16:46.375+0000] {logging_mixin.py:190} INFO - [2024-09-19T18:16:46.375+0000] {dag.py:4138} INFO - Setting next_dagrun for example_skip_dag to 2024-09-18 00:00:00+00:00, run_after=2024-09-19 00:00:00+00:00
[2024-09-19T18:16:46.388+0000] {processor.py:208} INFO - Processing /home/airflow/.local/lib/python3.12/site-packages/airflow/example_dags/example_skip_dag.py took 0.088 seconds
[2024-09-19T18:17:17.418+0000] {processor.py:186} INFO - Started process (PID=282) to work on /home/airflow/.local/lib/python3.12/site-packages/airflow/example_dags/example_skip_dag.py
[2024-09-19T18:17:17.423+0000] {processor.py:914} INFO - Processing file /home/airflow/.local/lib/python3.12/site-packages/airflow/example_dags/example_skip_dag.py for tasks to queue
[2024-09-19T18:17:17.424+0000] {logging_mixin.py:190} INFO - [2024-09-19T18:17:17.424+0000] {dagbag.py:587} INFO - Filling up the DagBag from /home/airflow/.local/lib/python3.12/site-packages/airflow/example_dags/example_skip_dag.py
[2024-09-19T18:17:17.432+0000] {processor.py:925} INFO - DAG(s) 'example_skip_dag' retrieved from /home/airflow/.local/lib/python3.12/site-packages/airflow/example_dags/example_skip_dag.py
[2024-09-19T18:17:17.445+0000] {logging_mixin.py:190} INFO - [2024-09-19T18:17:17.445+0000] {dag.py:3211} INFO - Sync 1 DAGs
[2024-09-19T18:17:17.460+0000] {logging_mixin.py:190} INFO - [2024-09-19T18:17:17.459+0000] {dag.py:4138} INFO - Setting next_dagrun for example_skip_dag to 2024-09-18 00:00:00+00:00, run_after=2024-09-19 00:00:00+00:00
[2024-09-19T18:17:17.473+0000] {processor.py:208} INFO - Processing /home/airflow/.local/lib/python3.12/site-packages/airflow/example_dags/example_skip_dag.py took 0.068 seconds
[2024-09-19T18:17:47.628+0000] {processor.py:186} INFO - Started process (PID=343) to work on /home/airflow/.local/lib/python3.12/site-packages/airflow/example_dags/example_skip_dag.py
[2024-09-19T18:17:47.628+0000] {processor.py:914} INFO - Processing file /home/airflow/.local/lib/python3.12/site-packages/airflow/example_dags/example_skip_dag.py for tasks to queue
[2024-09-19T18:17:47.630+0000] {logging_mixin.py:190} INFO - [2024-09-19T18:17:47.629+0000] {dagbag.py:587} INFO - Filling up the DagBag from /home/airflow/.local/lib/python3.12/site-packages/airflow/example_dags/example_skip_dag.py
[2024-09-19T18:17:47.634+0000] {processor.py:925} INFO - DAG(s) 'example_skip_dag' retrieved from /home/airflow/.local/lib/python3.12/site-packages/airflow/example_dags/example_skip_dag.py
[2024-09-19T18:17:47.652+0000] {logging_mixin.py:190} INFO - [2024-09-19T18:17:47.652+0000] {dag.py:3211} INFO - Sync 1 DAGs
[2024-09-19T18:17:47.673+0000] {logging_mixin.py:190} INFO - [2024-09-19T18:17:47.673+0000] {dag.py:4138} INFO - Setting next_dagrun for example_skip_dag to 2024-09-18 00:00:00+00:00, run_after=2024-09-19 00:00:00+00:00
[2024-09-19T18:17:47.684+0000] {processor.py:208} INFO - Processing /home/airflow/.local/lib/python3.12/site-packages/airflow/example_dags/example_skip_dag.py took 0.059 seconds
[2024-09-19T18:18:19.181+0000] {processor.py:186} INFO - Started process (PID=406) to work on /home/airflow/.local/lib/python3.12/site-packages/airflow/example_dags/example_skip_dag.py
[2024-09-19T18:18:19.182+0000] {processor.py:914} INFO - Processing file /home/airflow/.local/lib/python3.12/site-packages/airflow/example_dags/example_skip_dag.py for tasks to queue
[2024-09-19T18:18:19.185+0000] {logging_mixin.py:190} INFO - [2024-09-19T18:18:19.185+0000] {dagbag.py:587} INFO - Filling up the DagBag from /home/airflow/.local/lib/python3.12/site-packages/airflow/example_dags/example_skip_dag.py
[2024-09-19T18:18:19.197+0000] {processor.py:925} INFO - DAG(s) 'example_skip_dag' retrieved from /home/airflow/.local/lib/python3.12/site-packages/airflow/example_dags/example_skip_dag.py
[2024-09-19T18:18:19.227+0000] {logging_mixin.py:190} INFO - [2024-09-19T18:18:19.227+0000] {dag.py:3211} INFO - Sync 1 DAGs
[2024-09-19T18:18:19.249+0000] {logging_mixin.py:190} INFO - [2024-09-19T18:18:19.248+0000] {dag.py:4138} INFO - Setting next_dagrun for example_skip_dag to 2024-09-18 00:00:00+00:00, run_after=2024-09-19 00:00:00+00:00
[2024-09-19T18:18:19.291+0000] {processor.py:208} INFO - Processing /home/airflow/.local/lib/python3.12/site-packages/airflow/example_dags/example_skip_dag.py took 0.127 seconds
[2024-09-19T18:18:49.825+0000] {processor.py:186} INFO - Started process (PID=469) to work on /home/airflow/.local/lib/python3.12/site-packages/airflow/example_dags/example_skip_dag.py
[2024-09-19T18:18:49.828+0000] {processor.py:914} INFO - Processing file /home/airflow/.local/lib/python3.12/site-packages/airflow/example_dags/example_skip_dag.py for tasks to queue
[2024-09-19T18:18:49.835+0000] {logging_mixin.py:190} INFO - [2024-09-19T18:18:49.834+0000] {dagbag.py:587} INFO - Filling up the DagBag from /home/airflow/.local/lib/python3.12/site-packages/airflow/example_dags/example_skip_dag.py
[2024-09-19T18:18:49.868+0000] {processor.py:925} INFO - DAG(s) 'example_skip_dag' retrieved from /home/airflow/.local/lib/python3.12/site-packages/airflow/example_dags/example_skip_dag.py
[2024-09-19T18:18:49.913+0000] {logging_mixin.py:190} INFO - [2024-09-19T18:18:49.913+0000] {dag.py:3211} INFO - Sync 1 DAGs
[2024-09-19T18:18:49.951+0000] {logging_mixin.py:190} INFO - [2024-09-19T18:18:49.951+0000] {dag.py:4138} INFO - Setting next_dagrun for example_skip_dag to 2024-09-18 00:00:00+00:00, run_after=2024-09-19 00:00:00+00:00
[2024-09-19T18:18:49.980+0000] {processor.py:208} INFO - Processing /home/airflow/.local/lib/python3.12/site-packages/airflow/example_dags/example_skip_dag.py took 0.181 seconds
[2024-09-19T18:19:20.956+0000] {processor.py:186} INFO - Started process (PID=531) to work on /home/airflow/.local/lib/python3.12/site-packages/airflow/example_dags/example_skip_dag.py
[2024-09-19T18:19:20.959+0000] {processor.py:914} INFO - Processing file /home/airflow/.local/lib/python3.12/site-packages/airflow/example_dags/example_skip_dag.py for tasks to queue
[2024-09-19T18:19:20.962+0000] {logging_mixin.py:190} INFO - [2024-09-19T18:19:20.962+0000] {dagbag.py:587} INFO - Filling up the DagBag from /home/airflow/.local/lib/python3.12/site-packages/airflow/example_dags/example_skip_dag.py
[2024-09-19T18:19:20.971+0000] {processor.py:925} INFO - DAG(s) 'example_skip_dag' retrieved from /home/airflow/.local/lib/python3.12/site-packages/airflow/example_dags/example_skip_dag.py
[2024-09-19T18:19:20.986+0000] {logging_mixin.py:190} INFO - [2024-09-19T18:19:20.986+0000] {dag.py:3211} INFO - Sync 1 DAGs
[2024-09-19T18:19:21.006+0000] {logging_mixin.py:190} INFO - [2024-09-19T18:19:21.005+0000] {dag.py:4138} INFO - Setting next_dagrun for example_skip_dag to 2024-09-18 00:00:00+00:00, run_after=2024-09-19 00:00:00+00:00
[2024-09-19T18:19:21.020+0000] {processor.py:208} INFO - Processing /home/airflow/.local/lib/python3.12/site-packages/airflow/example_dags/example_skip_dag.py took 0.068 seconds
[2024-09-19T18:19:52.003+0000] {processor.py:186} INFO - Started process (PID=593) to work on /home/airflow/.local/lib/python3.12/site-packages/airflow/example_dags/example_skip_dag.py
[2024-09-19T18:19:52.007+0000] {processor.py:914} INFO - Processing file /home/airflow/.local/lib/python3.12/site-packages/airflow/example_dags/example_skip_dag.py for tasks to queue
[2024-09-19T18:19:52.010+0000] {logging_mixin.py:190} INFO - [2024-09-19T18:19:52.010+0000] {dagbag.py:587} INFO - Filling up the DagBag from /home/airflow/.local/lib/python3.12/site-packages/airflow/example_dags/example_skip_dag.py
[2024-09-19T18:19:52.016+0000] {processor.py:925} INFO - DAG(s) 'example_skip_dag' retrieved from /home/airflow/.local/lib/python3.12/site-packages/airflow/example_dags/example_skip_dag.py
[2024-09-19T18:19:52.036+0000] {logging_mixin.py:190} INFO - [2024-09-19T18:19:52.036+0000] {dag.py:3211} INFO - Sync 1 DAGs
[2024-09-19T18:19:52.061+0000] {logging_mixin.py:190} INFO - [2024-09-19T18:19:52.061+0000] {dag.py:4138} INFO - Setting next_dagrun for example_skip_dag to 2024-09-18 00:00:00+00:00, run_after=2024-09-19 00:00:00+00:00
[2024-09-19T18:19:52.074+0000] {processor.py:208} INFO - Processing /home/airflow/.local/lib/python3.12/site-packages/airflow/example_dags/example_skip_dag.py took 0.076 seconds
[2024-09-19T18:20:22.558+0000] {processor.py:186} INFO - Started process (PID=655) to work on /home/airflow/.local/lib/python3.12/site-packages/airflow/example_dags/example_skip_dag.py
[2024-09-19T18:20:22.561+0000] {processor.py:914} INFO - Processing file /home/airflow/.local/lib/python3.12/site-packages/airflow/example_dags/example_skip_dag.py for tasks to queue
[2024-09-19T18:20:22.563+0000] {logging_mixin.py:190} INFO - [2024-09-19T18:20:22.563+0000] {dagbag.py:587} INFO - Filling up the DagBag from /home/airflow/.local/lib/python3.12/site-packages/airflow/example_dags/example_skip_dag.py
[2024-09-19T18:20:22.575+0000] {processor.py:925} INFO - DAG(s) 'example_skip_dag' retrieved from /home/airflow/.local/lib/python3.12/site-packages/airflow/example_dags/example_skip_dag.py
[2024-09-19T18:20:22.593+0000] {logging_mixin.py:190} INFO - [2024-09-19T18:20:22.593+0000] {dag.py:3211} INFO - Sync 1 DAGs
[2024-09-19T18:20:22.607+0000] {logging_mixin.py:190} INFO - [2024-09-19T18:20:22.607+0000] {dag.py:4138} INFO - Setting next_dagrun for example_skip_dag to 2024-09-18 00:00:00+00:00, run_after=2024-09-19 00:00:00+00:00
[2024-09-19T18:20:22.624+0000] {processor.py:208} INFO - Processing /home/airflow/.local/lib/python3.12/site-packages/airflow/example_dags/example_skip_dag.py took 0.073 seconds
[2024-09-19T18:20:53.514+0000] {processor.py:186} INFO - Started process (PID=717) to work on /home/airflow/.local/lib/python3.12/site-packages/airflow/example_dags/example_skip_dag.py
[2024-09-19T18:20:53.517+0000] {processor.py:914} INFO - Processing file /home/airflow/.local/lib/python3.12/site-packages/airflow/example_dags/example_skip_dag.py for tasks to queue
[2024-09-19T18:20:53.520+0000] {logging_mixin.py:190} INFO - [2024-09-19T18:20:53.520+0000] {dagbag.py:587} INFO - Filling up the DagBag from /home/airflow/.local/lib/python3.12/site-packages/airflow/example_dags/example_skip_dag.py
[2024-09-19T18:20:53.533+0000] {processor.py:925} INFO - DAG(s) 'example_skip_dag' retrieved from /home/airflow/.local/lib/python3.12/site-packages/airflow/example_dags/example_skip_dag.py
[2024-09-19T18:20:53.577+0000] {logging_mixin.py:190} INFO - [2024-09-19T18:20:53.577+0000] {dag.py:3211} INFO - Sync 1 DAGs
[2024-09-19T18:20:53.598+0000] {logging_mixin.py:190} INFO - [2024-09-19T18:20:53.598+0000] {dag.py:4138} INFO - Setting next_dagrun for example_skip_dag to 2024-09-18 00:00:00+00:00, run_after=2024-09-19 00:00:00+00:00
[2024-09-19T18:20:53.610+0000] {processor.py:208} INFO - Processing /home/airflow/.local/lib/python3.12/site-packages/airflow/example_dags/example_skip_dag.py took 0.104 seconds
[2024-09-19T18:21:24.279+0000] {processor.py:186} INFO - Started process (PID=779) to work on /home/airflow/.local/lib/python3.12/site-packages/airflow/example_dags/example_skip_dag.py
[2024-09-19T18:21:24.281+0000] {processor.py:914} INFO - Processing file /home/airflow/.local/lib/python3.12/site-packages/airflow/example_dags/example_skip_dag.py for tasks to queue
[2024-09-19T18:21:24.296+0000] {logging_mixin.py:190} INFO - [2024-09-19T18:21:24.296+0000] {dagbag.py:587} INFO - Filling up the DagBag from /home/airflow/.local/lib/python3.12/site-packages/airflow/example_dags/example_skip_dag.py
[2024-09-19T18:21:24.318+0000] {processor.py:925} INFO - DAG(s) 'example_skip_dag' retrieved from /home/airflow/.local/lib/python3.12/site-packages/airflow/example_dags/example_skip_dag.py
[2024-09-19T18:21:24.385+0000] {logging_mixin.py:190} INFO - [2024-09-19T18:21:24.385+0000] {dag.py:3211} INFO - Sync 1 DAGs
[2024-09-19T18:21:24.434+0000] {logging_mixin.py:190} INFO - [2024-09-19T18:21:24.433+0000] {dag.py:4138} INFO - Setting next_dagrun for example_skip_dag to 2024-09-18 00:00:00+00:00, run_after=2024-09-19 00:00:00+00:00
[2024-09-19T18:21:24.472+0000] {processor.py:208} INFO - Processing /home/airflow/.local/lib/python3.12/site-packages/airflow/example_dags/example_skip_dag.py took 0.200 seconds
[2024-09-19T18:21:54.498+0000] {processor.py:186} INFO - Started process (PID=840) to work on /home/airflow/.local/lib/python3.12/site-packages/airflow/example_dags/example_skip_dag.py
[2024-09-19T18:21:54.499+0000] {processor.py:914} INFO - Processing file /home/airflow/.local/lib/python3.12/site-packages/airflow/example_dags/example_skip_dag.py for tasks to queue
[2024-09-19T18:21:54.501+0000] {logging_mixin.py:190} INFO - [2024-09-19T18:21:54.501+0000] {dagbag.py:587} INFO - Filling up the DagBag from /home/airflow/.local/lib/python3.12/site-packages/airflow/example_dags/example_skip_dag.py
[2024-09-19T18:21:54.507+0000] {processor.py:925} INFO - DAG(s) 'example_skip_dag' retrieved from /home/airflow/.local/lib/python3.12/site-packages/airflow/example_dags/example_skip_dag.py
[2024-09-19T18:21:54.523+0000] {logging_mixin.py:190} INFO - [2024-09-19T18:21:54.523+0000] {dag.py:3211} INFO - Sync 1 DAGs
[2024-09-19T18:21:54.534+0000] {logging_mixin.py:190} INFO - [2024-09-19T18:21:54.534+0000] {dag.py:4138} INFO - Setting next_dagrun for example_skip_dag to 2024-09-18 00:00:00+00:00, run_after=2024-09-19 00:00:00+00:00
[2024-09-19T18:21:54.542+0000] {processor.py:208} INFO - Processing /home/airflow/.local/lib/python3.12/site-packages/airflow/example_dags/example_skip_dag.py took 0.049 seconds
[2024-09-19T18:22:25.124+0000] {processor.py:186} INFO - Started process (PID=902) to work on /home/airflow/.local/lib/python3.12/site-packages/airflow/example_dags/example_skip_dag.py
[2024-09-19T18:22:25.126+0000] {processor.py:914} INFO - Processing file /home/airflow/.local/lib/python3.12/site-packages/airflow/example_dags/example_skip_dag.py for tasks to queue
[2024-09-19T18:22:25.128+0000] {logging_mixin.py:190} INFO - [2024-09-19T18:22:25.128+0000] {dagbag.py:587} INFO - Filling up the DagBag from /home/airflow/.local/lib/python3.12/site-packages/airflow/example_dags/example_skip_dag.py
[2024-09-19T18:22:25.136+0000] {processor.py:925} INFO - DAG(s) 'example_skip_dag' retrieved from /home/airflow/.local/lib/python3.12/site-packages/airflow/example_dags/example_skip_dag.py
[2024-09-19T18:22:25.152+0000] {logging_mixin.py:190} INFO - [2024-09-19T18:22:25.152+0000] {dag.py:3211} INFO - Sync 1 DAGs
[2024-09-19T18:22:25.168+0000] {logging_mixin.py:190} INFO - [2024-09-19T18:22:25.168+0000] {dag.py:4138} INFO - Setting next_dagrun for example_skip_dag to 2024-09-18 00:00:00+00:00, run_after=2024-09-19 00:00:00+00:00
[2024-09-19T18:22:25.176+0000] {processor.py:208} INFO - Processing /home/airflow/.local/lib/python3.12/site-packages/airflow/example_dags/example_skip_dag.py took 0.059 seconds
[2024-09-19T18:22:55.897+0000] {processor.py:186} INFO - Started process (PID=964) to work on /home/airflow/.local/lib/python3.12/site-packages/airflow/example_dags/example_skip_dag.py
[2024-09-19T18:22:55.898+0000] {processor.py:914} INFO - Processing file /home/airflow/.local/lib/python3.12/site-packages/airflow/example_dags/example_skip_dag.py for tasks to queue
[2024-09-19T18:22:55.899+0000] {logging_mixin.py:190} INFO - [2024-09-19T18:22:55.899+0000] {dagbag.py:587} INFO - Filling up the DagBag from /home/airflow/.local/lib/python3.12/site-packages/airflow/example_dags/example_skip_dag.py
[2024-09-19T18:22:55.905+0000] {processor.py:925} INFO - DAG(s) 'example_skip_dag' retrieved from /home/airflow/.local/lib/python3.12/site-packages/airflow/example_dags/example_skip_dag.py
[2024-09-19T18:22:55.917+0000] {logging_mixin.py:190} INFO - [2024-09-19T18:22:55.917+0000] {dag.py:3211} INFO - Sync 1 DAGs
[2024-09-19T18:22:55.931+0000] {logging_mixin.py:190} INFO - [2024-09-19T18:22:55.930+0000] {dag.py:4138} INFO - Setting next_dagrun for example_skip_dag to 2024-09-18 00:00:00+00:00, run_after=2024-09-19 00:00:00+00:00
[2024-09-19T18:22:55.938+0000] {processor.py:208} INFO - Processing /home/airflow/.local/lib/python3.12/site-packages/airflow/example_dags/example_skip_dag.py took 0.047 seconds
[2024-09-19T18:23:26.358+0000] {processor.py:186} INFO - Started process (PID=1026) to work on /home/airflow/.local/lib/python3.12/site-packages/airflow/example_dags/example_skip_dag.py
[2024-09-19T18:23:26.360+0000] {processor.py:914} INFO - Processing file /home/airflow/.local/lib/python3.12/site-packages/airflow/example_dags/example_skip_dag.py for tasks to queue
[2024-09-19T18:23:26.362+0000] {logging_mixin.py:190} INFO - [2024-09-19T18:23:26.362+0000] {dagbag.py:587} INFO - Filling up the DagBag from /home/airflow/.local/lib/python3.12/site-packages/airflow/example_dags/example_skip_dag.py
[2024-09-19T18:23:26.372+0000] {processor.py:925} INFO - DAG(s) 'example_skip_dag' retrieved from /home/airflow/.local/lib/python3.12/site-packages/airflow/example_dags/example_skip_dag.py
[2024-09-19T18:23:26.387+0000] {logging_mixin.py:190} INFO - [2024-09-19T18:23:26.387+0000] {dag.py:3211} INFO - Sync 1 DAGs
[2024-09-19T18:23:26.398+0000] {logging_mixin.py:190} INFO - [2024-09-19T18:23:26.398+0000] {dag.py:4138} INFO - Setting next_dagrun for example_skip_dag to 2024-09-18 00:00:00+00:00, run_after=2024-09-19 00:00:00+00:00
[2024-09-19T18:23:26.405+0000] {processor.py:208} INFO - Processing /home/airflow/.local/lib/python3.12/site-packages/airflow/example_dags/example_skip_dag.py took 0.055 seconds
[2024-09-19T18:23:57.411+0000] {processor.py:186} INFO - Started process (PID=1088) to work on /home/airflow/.local/lib/python3.12/site-packages/airflow/example_dags/example_skip_dag.py
[2024-09-19T18:23:57.412+0000] {processor.py:914} INFO - Processing file /home/airflow/.local/lib/python3.12/site-packages/airflow/example_dags/example_skip_dag.py for tasks to queue
[2024-09-19T18:23:57.414+0000] {logging_mixin.py:190} INFO - [2024-09-19T18:23:57.414+0000] {dagbag.py:587} INFO - Filling up the DagBag from /home/airflow/.local/lib/python3.12/site-packages/airflow/example_dags/example_skip_dag.py
[2024-09-19T18:23:57.421+0000] {processor.py:925} INFO - DAG(s) 'example_skip_dag' retrieved from /home/airflow/.local/lib/python3.12/site-packages/airflow/example_dags/example_skip_dag.py
[2024-09-19T18:23:57.436+0000] {logging_mixin.py:190} INFO - [2024-09-19T18:23:57.436+0000] {dag.py:3211} INFO - Sync 1 DAGs
[2024-09-19T18:23:57.449+0000] {logging_mixin.py:190} INFO - [2024-09-19T18:23:57.449+0000] {dag.py:4138} INFO - Setting next_dagrun for example_skip_dag to 2024-09-18 00:00:00+00:00, run_after=2024-09-19 00:00:00+00:00
[2024-09-19T18:23:57.456+0000] {processor.py:208} INFO - Processing /home/airflow/.local/lib/python3.12/site-packages/airflow/example_dags/example_skip_dag.py took 0.052 seconds
[2024-09-19T18:24:27.892+0000] {processor.py:186} INFO - Started process (PID=1150) to work on /home/airflow/.local/lib/python3.12/site-packages/airflow/example_dags/example_skip_dag.py
[2024-09-19T18:24:27.894+0000] {processor.py:914} INFO - Processing file /home/airflow/.local/lib/python3.12/site-packages/airflow/example_dags/example_skip_dag.py for tasks to queue
[2024-09-19T18:24:27.896+0000] {logging_mixin.py:190} INFO - [2024-09-19T18:24:27.896+0000] {dagbag.py:587} INFO - Filling up the DagBag from /home/airflow/.local/lib/python3.12/site-packages/airflow/example_dags/example_skip_dag.py
[2024-09-19T18:24:27.903+0000] {processor.py:925} INFO - DAG(s) 'example_skip_dag' retrieved from /home/airflow/.local/lib/python3.12/site-packages/airflow/example_dags/example_skip_dag.py
[2024-09-19T18:24:27.917+0000] {logging_mixin.py:190} INFO - [2024-09-19T18:24:27.917+0000] {dag.py:3211} INFO - Sync 1 DAGs
[2024-09-19T18:24:27.931+0000] {logging_mixin.py:190} INFO - [2024-09-19T18:24:27.931+0000] {dag.py:4138} INFO - Setting next_dagrun for example_skip_dag to 2024-09-18 00:00:00+00:00, run_after=2024-09-19 00:00:00+00:00
[2024-09-19T18:24:27.944+0000] {processor.py:208} INFO - Processing /home/airflow/.local/lib/python3.12/site-packages/airflow/example_dags/example_skip_dag.py took 0.059 seconds
[2024-09-19T18:24:58.265+0000] {processor.py:186} INFO - Started process (PID=1212) to work on /home/airflow/.local/lib/python3.12/site-packages/airflow/example_dags/example_skip_dag.py
[2024-09-19T18:24:58.267+0000] {processor.py:914} INFO - Processing file /home/airflow/.local/lib/python3.12/site-packages/airflow/example_dags/example_skip_dag.py for tasks to queue
[2024-09-19T18:24:58.271+0000] {logging_mixin.py:190} INFO - [2024-09-19T18:24:58.270+0000] {dagbag.py:587} INFO - Filling up the DagBag from /home/airflow/.local/lib/python3.12/site-packages/airflow/example_dags/example_skip_dag.py
[2024-09-19T18:24:58.283+0000] {processor.py:925} INFO - DAG(s) 'example_skip_dag' retrieved from /home/airflow/.local/lib/python3.12/site-packages/airflow/example_dags/example_skip_dag.py
[2024-09-19T18:24:58.303+0000] {logging_mixin.py:190} INFO - [2024-09-19T18:24:58.303+0000] {dag.py:3211} INFO - Sync 1 DAGs
[2024-09-19T18:24:58.317+0000] {logging_mixin.py:190} INFO - [2024-09-19T18:24:58.317+0000] {dag.py:4138} INFO - Setting next_dagrun for example_skip_dag to 2024-09-18 00:00:00+00:00, run_after=2024-09-19 00:00:00+00:00
[2024-09-19T18:24:58.326+0000] {processor.py:208} INFO - Processing /home/airflow/.local/lib/python3.12/site-packages/airflow/example_dags/example_skip_dag.py took 0.070 seconds
[2024-09-19T18:25:28.913+0000] {processor.py:186} INFO - Started process (PID=1274) to work on /home/airflow/.local/lib/python3.12/site-packages/airflow/example_dags/example_skip_dag.py
[2024-09-19T18:25:28.915+0000] {processor.py:914} INFO - Processing file /home/airflow/.local/lib/python3.12/site-packages/airflow/example_dags/example_skip_dag.py for tasks to queue
[2024-09-19T18:25:28.920+0000] {logging_mixin.py:190} INFO - [2024-09-19T18:25:28.919+0000] {dagbag.py:587} INFO - Filling up the DagBag from /home/airflow/.local/lib/python3.12/site-packages/airflow/example_dags/example_skip_dag.py
[2024-09-19T18:25:28.947+0000] {processor.py:925} INFO - DAG(s) 'example_skip_dag' retrieved from /home/airflow/.local/lib/python3.12/site-packages/airflow/example_dags/example_skip_dag.py
[2024-09-19T18:25:28.967+0000] {logging_mixin.py:190} INFO - [2024-09-19T18:25:28.967+0000] {dag.py:3211} INFO - Sync 1 DAGs
[2024-09-19T18:25:28.984+0000] {logging_mixin.py:190} INFO - [2024-09-19T18:25:28.984+0000] {dag.py:4138} INFO - Setting next_dagrun for example_skip_dag to 2024-09-18 00:00:00+00:00, run_after=2024-09-19 00:00:00+00:00
[2024-09-19T18:25:28.993+0000] {processor.py:208} INFO - Processing /home/airflow/.local/lib/python3.12/site-packages/airflow/example_dags/example_skip_dag.py took 0.093 seconds
[2024-09-19T18:25:59.674+0000] {processor.py:186} INFO - Started process (PID=1336) to work on /home/airflow/.local/lib/python3.12/site-packages/airflow/example_dags/example_skip_dag.py
[2024-09-19T18:25:59.678+0000] {processor.py:914} INFO - Processing file /home/airflow/.local/lib/python3.12/site-packages/airflow/example_dags/example_skip_dag.py for tasks to queue
[2024-09-19T18:25:59.682+0000] {logging_mixin.py:190} INFO - [2024-09-19T18:25:59.681+0000] {dagbag.py:587} INFO - Filling up the DagBag from /home/airflow/.local/lib/python3.12/site-packages/airflow/example_dags/example_skip_dag.py
[2024-09-19T18:25:59.691+0000] {processor.py:925} INFO - DAG(s) 'example_skip_dag' retrieved from /home/airflow/.local/lib/python3.12/site-packages/airflow/example_dags/example_skip_dag.py
[2024-09-19T18:25:59.706+0000] {logging_mixin.py:190} INFO - [2024-09-19T18:25:59.706+0000] {dag.py:3211} INFO - Sync 1 DAGs
[2024-09-19T18:25:59.720+0000] {logging_mixin.py:190} INFO - [2024-09-19T18:25:59.720+0000] {dag.py:4138} INFO - Setting next_dagrun for example_skip_dag to 2024-09-18 00:00:00+00:00, run_after=2024-09-19 00:00:00+00:00
[2024-09-19T18:25:59.728+0000] {processor.py:208} INFO - Processing /home/airflow/.local/lib/python3.12/site-packages/airflow/example_dags/example_skip_dag.py took 0.065 seconds
[2024-09-19T18:26:30.700+0000] {processor.py:186} INFO - Started process (PID=1398) to work on /home/airflow/.local/lib/python3.12/site-packages/airflow/example_dags/example_skip_dag.py
[2024-09-19T18:26:30.701+0000] {processor.py:914} INFO - Processing file /home/airflow/.local/lib/python3.12/site-packages/airflow/example_dags/example_skip_dag.py for tasks to queue
[2024-09-19T18:26:30.703+0000] {logging_mixin.py:190} INFO - [2024-09-19T18:26:30.703+0000] {dagbag.py:587} INFO - Filling up the DagBag from /home/airflow/.local/lib/python3.12/site-packages/airflow/example_dags/example_skip_dag.py
[2024-09-19T18:26:30.708+0000] {processor.py:925} INFO - DAG(s) 'example_skip_dag' retrieved from /home/airflow/.local/lib/python3.12/site-packages/airflow/example_dags/example_skip_dag.py
[2024-09-19T18:26:30.720+0000] {logging_mixin.py:190} INFO - [2024-09-19T18:26:30.720+0000] {dag.py:3211} INFO - Sync 1 DAGs
[2024-09-19T18:26:30.734+0000] {logging_mixin.py:190} INFO - [2024-09-19T18:26:30.734+0000] {dag.py:4138} INFO - Setting next_dagrun for example_skip_dag to 2024-09-18 00:00:00+00:00, run_after=2024-09-19 00:00:00+00:00
[2024-09-19T18:26:30.756+0000] {processor.py:208} INFO - Processing /home/airflow/.local/lib/python3.12/site-packages/airflow/example_dags/example_skip_dag.py took 0.060 seconds
[2024-09-19T18:27:01.511+0000] {processor.py:186} INFO - Started process (PID=1460) to work on /home/airflow/.local/lib/python3.12/site-packages/airflow/example_dags/example_skip_dag.py
[2024-09-19T18:27:01.514+0000] {processor.py:914} INFO - Processing file /home/airflow/.local/lib/python3.12/site-packages/airflow/example_dags/example_skip_dag.py for tasks to queue
[2024-09-19T18:27:01.517+0000] {logging_mixin.py:190} INFO - [2024-09-19T18:27:01.517+0000] {dagbag.py:587} INFO - Filling up the DagBag from /home/airflow/.local/lib/python3.12/site-packages/airflow/example_dags/example_skip_dag.py
[2024-09-19T18:27:01.527+0000] {processor.py:925} INFO - DAG(s) 'example_skip_dag' retrieved from /home/airflow/.local/lib/python3.12/site-packages/airflow/example_dags/example_skip_dag.py
[2024-09-19T18:27:01.544+0000] {logging_mixin.py:190} INFO - [2024-09-19T18:27:01.544+0000] {dag.py:3211} INFO - Sync 1 DAGs
[2024-09-19T18:27:01.560+0000] {logging_mixin.py:190} INFO - [2024-09-19T18:27:01.560+0000] {dag.py:4138} INFO - Setting next_dagrun for example_skip_dag to 2024-09-18 00:00:00+00:00, run_after=2024-09-19 00:00:00+00:00
[2024-09-19T18:27:01.576+0000] {processor.py:208} INFO - Processing /home/airflow/.local/lib/python3.12/site-packages/airflow/example_dags/example_skip_dag.py took 0.092 seconds
[2024-09-19T18:27:31.757+0000] {processor.py:186} INFO - Started process (PID=1522) to work on /home/airflow/.local/lib/python3.12/site-packages/airflow/example_dags/example_skip_dag.py
[2024-09-19T18:27:31.760+0000] {processor.py:914} INFO - Processing file /home/airflow/.local/lib/python3.12/site-packages/airflow/example_dags/example_skip_dag.py for tasks to queue
[2024-09-19T18:27:31.763+0000] {logging_mixin.py:190} INFO - [2024-09-19T18:27:31.762+0000] {dagbag.py:587} INFO - Filling up the DagBag from /home/airflow/.local/lib/python3.12/site-packages/airflow/example_dags/example_skip_dag.py
[2024-09-19T18:27:31.776+0000] {processor.py:925} INFO - DAG(s) 'example_skip_dag' retrieved from /home/airflow/.local/lib/python3.12/site-packages/airflow/example_dags/example_skip_dag.py
[2024-09-19T18:27:31.800+0000] {logging_mixin.py:190} INFO - [2024-09-19T18:27:31.800+0000] {dag.py:3211} INFO - Sync 1 DAGs
[2024-09-19T18:27:31.818+0000] {logging_mixin.py:190} INFO - [2024-09-19T18:27:31.818+0000] {dag.py:4138} INFO - Setting next_dagrun for example_skip_dag to 2024-09-18 00:00:00+00:00, run_after=2024-09-19 00:00:00+00:00
[2024-09-19T18:27:31.827+0000] {processor.py:208} INFO - Processing /home/airflow/.local/lib/python3.12/site-packages/airflow/example_dags/example_skip_dag.py took 0.077 seconds
[2024-09-19T18:28:02.620+0000] {processor.py:186} INFO - Started process (PID=1584) to work on /home/airflow/.local/lib/python3.12/site-packages/airflow/example_dags/example_skip_dag.py
[2024-09-19T18:28:02.623+0000] {processor.py:914} INFO - Processing file /home/airflow/.local/lib/python3.12/site-packages/airflow/example_dags/example_skip_dag.py for tasks to queue
[2024-09-19T18:28:02.627+0000] {logging_mixin.py:190} INFO - [2024-09-19T18:28:02.626+0000] {dagbag.py:587} INFO - Filling up the DagBag from /home/airflow/.local/lib/python3.12/site-packages/airflow/example_dags/example_skip_dag.py
[2024-09-19T18:28:02.638+0000] {processor.py:925} INFO - DAG(s) 'example_skip_dag' retrieved from /home/airflow/.local/lib/python3.12/site-packages/airflow/example_dags/example_skip_dag.py
[2024-09-19T18:28:02.661+0000] {logging_mixin.py:190} INFO - [2024-09-19T18:28:02.661+0000] {dag.py:3211} INFO - Sync 1 DAGs
[2024-09-19T18:28:02.685+0000] {logging_mixin.py:190} INFO - [2024-09-19T18:28:02.685+0000] {dag.py:4138} INFO - Setting next_dagrun for example_skip_dag to 2024-09-18 00:00:00+00:00, run_after=2024-09-19 00:00:00+00:00
[2024-09-19T18:28:02.694+0000] {processor.py:208} INFO - Processing /home/airflow/.local/lib/python3.12/site-packages/airflow/example_dags/example_skip_dag.py took 0.088 seconds
[2024-09-19T18:28:33.353+0000] {processor.py:186} INFO - Started process (PID=1646) to work on /home/airflow/.local/lib/python3.12/site-packages/airflow/example_dags/example_skip_dag.py
[2024-09-19T18:28:33.355+0000] {processor.py:914} INFO - Processing file /home/airflow/.local/lib/python3.12/site-packages/airflow/example_dags/example_skip_dag.py for tasks to queue
[2024-09-19T18:28:33.358+0000] {logging_mixin.py:190} INFO - [2024-09-19T18:28:33.357+0000] {dagbag.py:587} INFO - Filling up the DagBag from /home/airflow/.local/lib/python3.12/site-packages/airflow/example_dags/example_skip_dag.py
[2024-09-19T18:28:33.367+0000] {processor.py:925} INFO - DAG(s) 'example_skip_dag' retrieved from /home/airflow/.local/lib/python3.12/site-packages/airflow/example_dags/example_skip_dag.py
[2024-09-19T18:28:33.383+0000] {logging_mixin.py:190} INFO - [2024-09-19T18:28:33.383+0000] {dag.py:3211} INFO - Sync 1 DAGs
[2024-09-19T18:28:33.405+0000] {logging_mixin.py:190} INFO - [2024-09-19T18:28:33.405+0000] {dag.py:4138} INFO - Setting next_dagrun for example_skip_dag to 2024-09-18 00:00:00+00:00, run_after=2024-09-19 00:00:00+00:00
[2024-09-19T18:28:33.414+0000] {processor.py:208} INFO - Processing /home/airflow/.local/lib/python3.12/site-packages/airflow/example_dags/example_skip_dag.py took 0.068 seconds
[2024-09-19T18:29:04.158+0000] {processor.py:186} INFO - Started process (PID=1708) to work on /home/airflow/.local/lib/python3.12/site-packages/airflow/example_dags/example_skip_dag.py
[2024-09-19T18:29:04.159+0000] {processor.py:914} INFO - Processing file /home/airflow/.local/lib/python3.12/site-packages/airflow/example_dags/example_skip_dag.py for tasks to queue
[2024-09-19T18:29:04.161+0000] {logging_mixin.py:190} INFO - [2024-09-19T18:29:04.161+0000] {dagbag.py:587} INFO - Filling up the DagBag from /home/airflow/.local/lib/python3.12/site-packages/airflow/example_dags/example_skip_dag.py
[2024-09-19T18:29:04.168+0000] {processor.py:925} INFO - DAG(s) 'example_skip_dag' retrieved from /home/airflow/.local/lib/python3.12/site-packages/airflow/example_dags/example_skip_dag.py
[2024-09-19T18:29:04.182+0000] {logging_mixin.py:190} INFO - [2024-09-19T18:29:04.181+0000] {dag.py:3211} INFO - Sync 1 DAGs
[2024-09-19T18:29:04.197+0000] {logging_mixin.py:190} INFO - [2024-09-19T18:29:04.197+0000] {dag.py:4138} INFO - Setting next_dagrun for example_skip_dag to 2024-09-18 00:00:00+00:00, run_after=2024-09-19 00:00:00+00:00
[2024-09-19T18:29:04.205+0000] {processor.py:208} INFO - Processing /home/airflow/.local/lib/python3.12/site-packages/airflow/example_dags/example_skip_dag.py took 0.053 seconds
[2024-09-19T18:29:34.765+0000] {processor.py:186} INFO - Started process (PID=1770) to work on /home/airflow/.local/lib/python3.12/site-packages/airflow/example_dags/example_skip_dag.py
[2024-09-19T18:29:34.767+0000] {processor.py:914} INFO - Processing file /home/airflow/.local/lib/python3.12/site-packages/airflow/example_dags/example_skip_dag.py for tasks to queue
[2024-09-19T18:29:34.769+0000] {logging_mixin.py:190} INFO - [2024-09-19T18:29:34.769+0000] {dagbag.py:587} INFO - Filling up the DagBag from /home/airflow/.local/lib/python3.12/site-packages/airflow/example_dags/example_skip_dag.py
[2024-09-19T18:29:34.778+0000] {processor.py:925} INFO - DAG(s) 'example_skip_dag' retrieved from /home/airflow/.local/lib/python3.12/site-packages/airflow/example_dags/example_skip_dag.py
[2024-09-19T18:29:34.796+0000] {logging_mixin.py:190} INFO - [2024-09-19T18:29:34.796+0000] {dag.py:3211} INFO - Sync 1 DAGs
[2024-09-19T18:29:34.811+0000] {logging_mixin.py:190} INFO - [2024-09-19T18:29:34.811+0000] {dag.py:4138} INFO - Setting next_dagrun for example_skip_dag to 2024-09-18 00:00:00+00:00, run_after=2024-09-19 00:00:00+00:00
[2024-09-19T18:29:34.819+0000] {processor.py:208} INFO - Processing /home/airflow/.local/lib/python3.12/site-packages/airflow/example_dags/example_skip_dag.py took 0.060 seconds
[2024-09-19T18:30:04.838+0000] {processor.py:186} INFO - Started process (PID=1832) to work on /home/airflow/.local/lib/python3.12/site-packages/airflow/example_dags/example_skip_dag.py
[2024-09-19T18:30:04.840+0000] {processor.py:914} INFO - Processing file /home/airflow/.local/lib/python3.12/site-packages/airflow/example_dags/example_skip_dag.py for tasks to queue
[2024-09-19T18:30:04.841+0000] {logging_mixin.py:190} INFO - [2024-09-19T18:30:04.841+0000] {dagbag.py:587} INFO - Filling up the DagBag from /home/airflow/.local/lib/python3.12/site-packages/airflow/example_dags/example_skip_dag.py
[2024-09-19T18:30:04.846+0000] {processor.py:925} INFO - DAG(s) 'example_skip_dag' retrieved from /home/airflow/.local/lib/python3.12/site-packages/airflow/example_dags/example_skip_dag.py
[2024-09-19T18:30:04.859+0000] {logging_mixin.py:190} INFO - [2024-09-19T18:30:04.859+0000] {dag.py:3211} INFO - Sync 1 DAGs
[2024-09-19T18:30:04.871+0000] {logging_mixin.py:190} INFO - [2024-09-19T18:30:04.871+0000] {dag.py:4138} INFO - Setting next_dagrun for example_skip_dag to 2024-09-18 00:00:00+00:00, run_after=2024-09-19 00:00:00+00:00
[2024-09-19T18:30:04.879+0000] {processor.py:208} INFO - Processing /home/airflow/.local/lib/python3.12/site-packages/airflow/example_dags/example_skip_dag.py took 0.044 seconds
[2024-09-19T18:30:35.297+0000] {processor.py:186} INFO - Started process (PID=1900) to work on /home/airflow/.local/lib/python3.12/site-packages/airflow/example_dags/example_skip_dag.py
[2024-09-19T18:30:35.298+0000] {processor.py:914} INFO - Processing file /home/airflow/.local/lib/python3.12/site-packages/airflow/example_dags/example_skip_dag.py for tasks to queue
[2024-09-19T18:30:35.300+0000] {logging_mixin.py:190} INFO - [2024-09-19T18:30:35.300+0000] {dagbag.py:587} INFO - Filling up the DagBag from /home/airflow/.local/lib/python3.12/site-packages/airflow/example_dags/example_skip_dag.py
[2024-09-19T18:30:35.307+0000] {processor.py:925} INFO - DAG(s) 'example_skip_dag' retrieved from /home/airflow/.local/lib/python3.12/site-packages/airflow/example_dags/example_skip_dag.py
[2024-09-19T18:30:35.320+0000] {logging_mixin.py:190} INFO - [2024-09-19T18:30:35.320+0000] {dag.py:3211} INFO - Sync 1 DAGs
[2024-09-19T18:30:35.331+0000] {logging_mixin.py:190} INFO - [2024-09-19T18:30:35.331+0000] {dag.py:4138} INFO - Setting next_dagrun for example_skip_dag to 2024-09-18 00:00:00+00:00, run_after=2024-09-19 00:00:00+00:00
[2024-09-19T18:30:35.338+0000] {processor.py:208} INFO - Processing /home/airflow/.local/lib/python3.12/site-packages/airflow/example_dags/example_skip_dag.py took 0.046 seconds
[2024-09-19T18:31:06.021+0000] {processor.py:186} INFO - Started process (PID=1962) to work on /home/airflow/.local/lib/python3.12/site-packages/airflow/example_dags/example_skip_dag.py
[2024-09-19T18:31:06.023+0000] {processor.py:914} INFO - Processing file /home/airflow/.local/lib/python3.12/site-packages/airflow/example_dags/example_skip_dag.py for tasks to queue
[2024-09-19T18:31:06.026+0000] {logging_mixin.py:190} INFO - [2024-09-19T18:31:06.026+0000] {dagbag.py:587} INFO - Filling up the DagBag from /home/airflow/.local/lib/python3.12/site-packages/airflow/example_dags/example_skip_dag.py
[2024-09-19T18:31:06.037+0000] {processor.py:925} INFO - DAG(s) 'example_skip_dag' retrieved from /home/airflow/.local/lib/python3.12/site-packages/airflow/example_dags/example_skip_dag.py
[2024-09-19T18:31:06.058+0000] {logging_mixin.py:190} INFO - [2024-09-19T18:31:06.058+0000] {dag.py:3211} INFO - Sync 1 DAGs
[2024-09-19T18:31:06.075+0000] {logging_mixin.py:190} INFO - [2024-09-19T18:31:06.075+0000] {dag.py:4138} INFO - Setting next_dagrun for example_skip_dag to 2024-09-18 00:00:00+00:00, run_after=2024-09-19 00:00:00+00:00
[2024-09-19T18:31:06.087+0000] {processor.py:208} INFO - Processing /home/airflow/.local/lib/python3.12/site-packages/airflow/example_dags/example_skip_dag.py took 0.072 seconds
[2024-09-19T18:31:36.293+0000] {processor.py:186} INFO - Started process (PID=2023) to work on /home/airflow/.local/lib/python3.12/site-packages/airflow/example_dags/example_skip_dag.py
[2024-09-19T18:31:36.295+0000] {processor.py:914} INFO - Processing file /home/airflow/.local/lib/python3.12/site-packages/airflow/example_dags/example_skip_dag.py for tasks to queue
[2024-09-19T18:31:36.300+0000] {logging_mixin.py:190} INFO - [2024-09-19T18:31:36.300+0000] {dagbag.py:587} INFO - Filling up the DagBag from /home/airflow/.local/lib/python3.12/site-packages/airflow/example_dags/example_skip_dag.py
[2024-09-19T18:31:36.311+0000] {processor.py:925} INFO - DAG(s) 'example_skip_dag' retrieved from /home/airflow/.local/lib/python3.12/site-packages/airflow/example_dags/example_skip_dag.py
[2024-09-19T18:31:36.329+0000] {logging_mixin.py:190} INFO - [2024-09-19T18:31:36.329+0000] {dag.py:3211} INFO - Sync 1 DAGs
[2024-09-19T18:31:36.343+0000] {logging_mixin.py:190} INFO - [2024-09-19T18:31:36.343+0000] {dag.py:4138} INFO - Setting next_dagrun for example_skip_dag to 2024-09-18 00:00:00+00:00, run_after=2024-09-19 00:00:00+00:00
[2024-09-19T18:31:36.352+0000] {processor.py:208} INFO - Processing /home/airflow/.local/lib/python3.12/site-packages/airflow/example_dags/example_skip_dag.py took 0.068 seconds
[2024-09-19T18:32:06.737+0000] {processor.py:186} INFO - Started process (PID=2085) to work on /home/airflow/.local/lib/python3.12/site-packages/airflow/example_dags/example_skip_dag.py
[2024-09-19T18:32:06.738+0000] {processor.py:914} INFO - Processing file /home/airflow/.local/lib/python3.12/site-packages/airflow/example_dags/example_skip_dag.py for tasks to queue
[2024-09-19T18:32:06.741+0000] {logging_mixin.py:190} INFO - [2024-09-19T18:32:06.741+0000] {dagbag.py:587} INFO - Filling up the DagBag from /home/airflow/.local/lib/python3.12/site-packages/airflow/example_dags/example_skip_dag.py
[2024-09-19T18:32:06.753+0000] {processor.py:925} INFO - DAG(s) 'example_skip_dag' retrieved from /home/airflow/.local/lib/python3.12/site-packages/airflow/example_dags/example_skip_dag.py
[2024-09-19T18:32:06.790+0000] {logging_mixin.py:190} INFO - [2024-09-19T18:32:06.790+0000] {dag.py:3211} INFO - Sync 1 DAGs
[2024-09-19T18:32:06.809+0000] {logging_mixin.py:190} INFO - [2024-09-19T18:32:06.809+0000] {dag.py:4138} INFO - Setting next_dagrun for example_skip_dag to 2024-09-18 00:00:00+00:00, run_after=2024-09-19 00:00:00+00:00
[2024-09-19T18:32:06.819+0000] {processor.py:208} INFO - Processing /home/airflow/.local/lib/python3.12/site-packages/airflow/example_dags/example_skip_dag.py took 0.090 seconds
[2024-09-19T18:32:37.210+0000] {processor.py:186} INFO - Started process (PID=2147) to work on /home/airflow/.local/lib/python3.12/site-packages/airflow/example_dags/example_skip_dag.py
[2024-09-19T18:32:37.214+0000] {processor.py:914} INFO - Processing file /home/airflow/.local/lib/python3.12/site-packages/airflow/example_dags/example_skip_dag.py for tasks to queue
[2024-09-19T18:32:37.216+0000] {logging_mixin.py:190} INFO - [2024-09-19T18:32:37.216+0000] {dagbag.py:587} INFO - Filling up the DagBag from /home/airflow/.local/lib/python3.12/site-packages/airflow/example_dags/example_skip_dag.py
[2024-09-19T18:32:37.225+0000] {processor.py:925} INFO - DAG(s) 'example_skip_dag' retrieved from /home/airflow/.local/lib/python3.12/site-packages/airflow/example_dags/example_skip_dag.py
[2024-09-19T18:32:37.242+0000] {logging_mixin.py:190} INFO - [2024-09-19T18:32:37.241+0000] {dag.py:3211} INFO - Sync 1 DAGs
[2024-09-19T18:32:37.255+0000] {logging_mixin.py:190} INFO - [2024-09-19T18:32:37.255+0000] {dag.py:4138} INFO - Setting next_dagrun for example_skip_dag to 2024-09-18 00:00:00+00:00, run_after=2024-09-19 00:00:00+00:00
[2024-09-19T18:32:37.263+0000] {processor.py:208} INFO - Processing /home/airflow/.local/lib/python3.12/site-packages/airflow/example_dags/example_skip_dag.py took 0.059 seconds
[2024-09-19T18:33:07.524+0000] {processor.py:186} INFO - Started process (PID=2209) to work on /home/airflow/.local/lib/python3.12/site-packages/airflow/example_dags/example_skip_dag.py
[2024-09-19T18:33:07.527+0000] {processor.py:914} INFO - Processing file /home/airflow/.local/lib/python3.12/site-packages/airflow/example_dags/example_skip_dag.py for tasks to queue
[2024-09-19T18:33:07.529+0000] {logging_mixin.py:190} INFO - [2024-09-19T18:33:07.529+0000] {dagbag.py:587} INFO - Filling up the DagBag from /home/airflow/.local/lib/python3.12/site-packages/airflow/example_dags/example_skip_dag.py
[2024-09-19T18:33:07.539+0000] {processor.py:925} INFO - DAG(s) 'example_skip_dag' retrieved from /home/airflow/.local/lib/python3.12/site-packages/airflow/example_dags/example_skip_dag.py
[2024-09-19T18:33:07.552+0000] {logging_mixin.py:190} INFO - [2024-09-19T18:33:07.552+0000] {dag.py:3211} INFO - Sync 1 DAGs
[2024-09-19T18:33:07.563+0000] {logging_mixin.py:190} INFO - [2024-09-19T18:33:07.563+0000] {dag.py:4138} INFO - Setting next_dagrun for example_skip_dag to 2024-09-18 00:00:00+00:00, run_after=2024-09-19 00:00:00+00:00
[2024-09-19T18:33:07.570+0000] {processor.py:208} INFO - Processing /home/airflow/.local/lib/python3.12/site-packages/airflow/example_dags/example_skip_dag.py took 0.053 seconds
[2024-09-19T18:33:37.931+0000] {processor.py:186} INFO - Started process (PID=2271) to work on /home/airflow/.local/lib/python3.12/site-packages/airflow/example_dags/example_skip_dag.py
[2024-09-19T18:33:37.933+0000] {processor.py:914} INFO - Processing file /home/airflow/.local/lib/python3.12/site-packages/airflow/example_dags/example_skip_dag.py for tasks to queue
[2024-09-19T18:33:37.936+0000] {logging_mixin.py:190} INFO - [2024-09-19T18:33:37.936+0000] {dagbag.py:587} INFO - Filling up the DagBag from /home/airflow/.local/lib/python3.12/site-packages/airflow/example_dags/example_skip_dag.py
[2024-09-19T18:33:37.943+0000] {processor.py:925} INFO - DAG(s) 'example_skip_dag' retrieved from /home/airflow/.local/lib/python3.12/site-packages/airflow/example_dags/example_skip_dag.py
[2024-09-19T18:33:37.960+0000] {logging_mixin.py:190} INFO - [2024-09-19T18:33:37.960+0000] {dag.py:3211} INFO - Sync 1 DAGs
[2024-09-19T18:33:37.974+0000] {logging_mixin.py:190} INFO - [2024-09-19T18:33:37.974+0000] {dag.py:4138} INFO - Setting next_dagrun for example_skip_dag to 2024-09-18 00:00:00+00:00, run_after=2024-09-19 00:00:00+00:00
[2024-09-19T18:33:37.983+0000] {processor.py:208} INFO - Processing /home/airflow/.local/lib/python3.12/site-packages/airflow/example_dags/example_skip_dag.py took 0.065 seconds
[2024-09-19T18:34:08.394+0000] {processor.py:186} INFO - Started process (PID=2333) to work on /home/airflow/.local/lib/python3.12/site-packages/airflow/example_dags/example_skip_dag.py
[2024-09-19T18:34:08.395+0000] {processor.py:914} INFO - Processing file /home/airflow/.local/lib/python3.12/site-packages/airflow/example_dags/example_skip_dag.py for tasks to queue
[2024-09-19T18:34:08.397+0000] {logging_mixin.py:190} INFO - [2024-09-19T18:34:08.397+0000] {dagbag.py:587} INFO - Filling up the DagBag from /home/airflow/.local/lib/python3.12/site-packages/airflow/example_dags/example_skip_dag.py
[2024-09-19T18:34:08.403+0000] {processor.py:925} INFO - DAG(s) 'example_skip_dag' retrieved from /home/airflow/.local/lib/python3.12/site-packages/airflow/example_dags/example_skip_dag.py
[2024-09-19T18:34:08.415+0000] {logging_mixin.py:190} INFO - [2024-09-19T18:34:08.415+0000] {dag.py:3211} INFO - Sync 1 DAGs
[2024-09-19T18:34:08.426+0000] {logging_mixin.py:190} INFO - [2024-09-19T18:34:08.426+0000] {dag.py:4138} INFO - Setting next_dagrun for example_skip_dag to 2024-09-18 00:00:00+00:00, run_after=2024-09-19 00:00:00+00:00
[2024-09-19T18:34:08.434+0000] {processor.py:208} INFO - Processing /home/airflow/.local/lib/python3.12/site-packages/airflow/example_dags/example_skip_dag.py took 0.046 seconds
[2024-09-19T18:34:39.437+0000] {processor.py:186} INFO - Started process (PID=2394) to work on /home/airflow/.local/lib/python3.12/site-packages/airflow/example_dags/example_skip_dag.py
[2024-09-19T18:34:39.440+0000] {processor.py:914} INFO - Processing file /home/airflow/.local/lib/python3.12/site-packages/airflow/example_dags/example_skip_dag.py for tasks to queue
[2024-09-19T18:34:39.442+0000] {logging_mixin.py:190} INFO - [2024-09-19T18:34:39.441+0000] {dagbag.py:587} INFO - Filling up the DagBag from /home/airflow/.local/lib/python3.12/site-packages/airflow/example_dags/example_skip_dag.py
[2024-09-19T18:34:39.448+0000] {processor.py:925} INFO - DAG(s) 'example_skip_dag' retrieved from /home/airflow/.local/lib/python3.12/site-packages/airflow/example_dags/example_skip_dag.py
[2024-09-19T18:34:39.462+0000] {logging_mixin.py:190} INFO - [2024-09-19T18:34:39.462+0000] {dag.py:3211} INFO - Sync 1 DAGs
[2024-09-19T18:34:39.478+0000] {logging_mixin.py:190} INFO - [2024-09-19T18:34:39.478+0000] {dag.py:4138} INFO - Setting next_dagrun for example_skip_dag to 2024-09-18 00:00:00+00:00, run_after=2024-09-19 00:00:00+00:00
[2024-09-19T18:34:39.507+0000] {processor.py:208} INFO - Processing /home/airflow/.local/lib/python3.12/site-packages/airflow/example_dags/example_skip_dag.py took 0.073 seconds
[2024-09-19T18:35:10.350+0000] {processor.py:186} INFO - Started process (PID=2462) to work on /home/airflow/.local/lib/python3.12/site-packages/airflow/example_dags/example_skip_dag.py
[2024-09-19T18:35:10.352+0000] {processor.py:914} INFO - Processing file /home/airflow/.local/lib/python3.12/site-packages/airflow/example_dags/example_skip_dag.py for tasks to queue
[2024-09-19T18:35:10.354+0000] {logging_mixin.py:190} INFO - [2024-09-19T18:35:10.354+0000] {dagbag.py:587} INFO - Filling up the DagBag from /home/airflow/.local/lib/python3.12/site-packages/airflow/example_dags/example_skip_dag.py
[2024-09-19T18:35:10.358+0000] {processor.py:925} INFO - DAG(s) 'example_skip_dag' retrieved from /home/airflow/.local/lib/python3.12/site-packages/airflow/example_dags/example_skip_dag.py
[2024-09-19T18:35:10.383+0000] {logging_mixin.py:190} INFO - [2024-09-19T18:35:10.383+0000] {dag.py:3211} INFO - Sync 1 DAGs
[2024-09-19T18:35:10.395+0000] {logging_mixin.py:190} INFO - [2024-09-19T18:35:10.395+0000] {dag.py:4138} INFO - Setting next_dagrun for example_skip_dag to 2024-09-18 00:00:00+00:00, run_after=2024-09-19 00:00:00+00:00
[2024-09-19T18:35:10.405+0000] {processor.py:208} INFO - Processing /home/airflow/.local/lib/python3.12/site-packages/airflow/example_dags/example_skip_dag.py took 0.059 seconds
[2024-09-19T18:35:40.685+0000] {processor.py:186} INFO - Started process (PID=2524) to work on /home/airflow/.local/lib/python3.12/site-packages/airflow/example_dags/example_skip_dag.py
[2024-09-19T18:35:40.688+0000] {processor.py:914} INFO - Processing file /home/airflow/.local/lib/python3.12/site-packages/airflow/example_dags/example_skip_dag.py for tasks to queue
[2024-09-19T18:35:40.695+0000] {logging_mixin.py:190} INFO - [2024-09-19T18:35:40.695+0000] {dagbag.py:587} INFO - Filling up the DagBag from /home/airflow/.local/lib/python3.12/site-packages/airflow/example_dags/example_skip_dag.py
[2024-09-19T18:35:40.709+0000] {processor.py:925} INFO - DAG(s) 'example_skip_dag' retrieved from /home/airflow/.local/lib/python3.12/site-packages/airflow/example_dags/example_skip_dag.py
[2024-09-19T18:35:40.737+0000] {logging_mixin.py:190} INFO - [2024-09-19T18:35:40.737+0000] {dag.py:3211} INFO - Sync 1 DAGs
[2024-09-19T18:35:40.786+0000] {logging_mixin.py:190} INFO - [2024-09-19T18:35:40.786+0000] {dag.py:4138} INFO - Setting next_dagrun for example_skip_dag to 2024-09-18 00:00:00+00:00, run_after=2024-09-19 00:00:00+00:00
[2024-09-19T18:35:40.809+0000] {processor.py:208} INFO - Processing /home/airflow/.local/lib/python3.12/site-packages/airflow/example_dags/example_skip_dag.py took 0.128 seconds
[2024-09-19T18:36:11.728+0000] {processor.py:186} INFO - Started process (PID=2586) to work on /home/airflow/.local/lib/python3.12/site-packages/airflow/example_dags/example_skip_dag.py
[2024-09-19T18:36:11.734+0000] {processor.py:914} INFO - Processing file /home/airflow/.local/lib/python3.12/site-packages/airflow/example_dags/example_skip_dag.py for tasks to queue
[2024-09-19T18:36:11.736+0000] {logging_mixin.py:190} INFO - [2024-09-19T18:36:11.736+0000] {dagbag.py:587} INFO - Filling up the DagBag from /home/airflow/.local/lib/python3.12/site-packages/airflow/example_dags/example_skip_dag.py
[2024-09-19T18:36:11.746+0000] {processor.py:925} INFO - DAG(s) 'example_skip_dag' retrieved from /home/airflow/.local/lib/python3.12/site-packages/airflow/example_dags/example_skip_dag.py
[2024-09-19T18:36:11.772+0000] {logging_mixin.py:190} INFO - [2024-09-19T18:36:11.772+0000] {dag.py:3211} INFO - Sync 1 DAGs
[2024-09-19T18:36:11.787+0000] {logging_mixin.py:190} INFO - [2024-09-19T18:36:11.787+0000] {dag.py:4138} INFO - Setting next_dagrun for example_skip_dag to 2024-09-18 00:00:00+00:00, run_after=2024-09-19 00:00:00+00:00
[2024-09-19T18:36:11.796+0000] {processor.py:208} INFO - Processing /home/airflow/.local/lib/python3.12/site-packages/airflow/example_dags/example_skip_dag.py took 0.074 seconds
[2024-09-19T18:36:42.618+0000] {processor.py:186} INFO - Started process (PID=2648) to work on /home/airflow/.local/lib/python3.12/site-packages/airflow/example_dags/example_skip_dag.py
[2024-09-19T18:36:42.620+0000] {processor.py:914} INFO - Processing file /home/airflow/.local/lib/python3.12/site-packages/airflow/example_dags/example_skip_dag.py for tasks to queue
[2024-09-19T18:36:42.627+0000] {logging_mixin.py:190} INFO - [2024-09-19T18:36:42.626+0000] {dagbag.py:587} INFO - Filling up the DagBag from /home/airflow/.local/lib/python3.12/site-packages/airflow/example_dags/example_skip_dag.py
[2024-09-19T18:36:42.666+0000] {processor.py:925} INFO - DAG(s) 'example_skip_dag' retrieved from /home/airflow/.local/lib/python3.12/site-packages/airflow/example_dags/example_skip_dag.py
[2024-09-19T18:36:42.718+0000] {logging_mixin.py:190} INFO - [2024-09-19T18:36:42.718+0000] {dag.py:3211} INFO - Sync 1 DAGs
[2024-09-19T18:36:42.755+0000] {logging_mixin.py:190} INFO - [2024-09-19T18:36:42.755+0000] {dag.py:4138} INFO - Setting next_dagrun for example_skip_dag to 2024-09-18 00:00:00+00:00, run_after=2024-09-19 00:00:00+00:00
[2024-09-19T18:36:42.766+0000] {processor.py:208} INFO - Processing /home/airflow/.local/lib/python3.12/site-packages/airflow/example_dags/example_skip_dag.py took 0.158 seconds
[2024-09-19T18:37:13.453+0000] {processor.py:186} INFO - Started process (PID=2710) to work on /home/airflow/.local/lib/python3.12/site-packages/airflow/example_dags/example_skip_dag.py
[2024-09-19T18:37:13.456+0000] {processor.py:914} INFO - Processing file /home/airflow/.local/lib/python3.12/site-packages/airflow/example_dags/example_skip_dag.py for tasks to queue
[2024-09-19T18:37:13.458+0000] {logging_mixin.py:190} INFO - [2024-09-19T18:37:13.458+0000] {dagbag.py:587} INFO - Filling up the DagBag from /home/airflow/.local/lib/python3.12/site-packages/airflow/example_dags/example_skip_dag.py
[2024-09-19T18:37:13.465+0000] {processor.py:925} INFO - DAG(s) 'example_skip_dag' retrieved from /home/airflow/.local/lib/python3.12/site-packages/airflow/example_dags/example_skip_dag.py
[2024-09-19T18:37:13.482+0000] {logging_mixin.py:190} INFO - [2024-09-19T18:37:13.482+0000] {dag.py:3211} INFO - Sync 1 DAGs
[2024-09-19T18:37:13.498+0000] {logging_mixin.py:190} INFO - [2024-09-19T18:37:13.498+0000] {dag.py:4138} INFO - Setting next_dagrun for example_skip_dag to 2024-09-18 00:00:00+00:00, run_after=2024-09-19 00:00:00+00:00
[2024-09-19T18:37:13.506+0000] {processor.py:208} INFO - Processing /home/airflow/.local/lib/python3.12/site-packages/airflow/example_dags/example_skip_dag.py took 0.059 seconds
[2024-09-19T18:37:43.861+0000] {processor.py:186} INFO - Started process (PID=2771) to work on /home/airflow/.local/lib/python3.12/site-packages/airflow/example_dags/example_skip_dag.py
[2024-09-19T18:37:43.862+0000] {processor.py:914} INFO - Processing file /home/airflow/.local/lib/python3.12/site-packages/airflow/example_dags/example_skip_dag.py for tasks to queue
[2024-09-19T18:37:43.864+0000] {logging_mixin.py:190} INFO - [2024-09-19T18:37:43.864+0000] {dagbag.py:587} INFO - Filling up the DagBag from /home/airflow/.local/lib/python3.12/site-packages/airflow/example_dags/example_skip_dag.py
[2024-09-19T18:37:43.881+0000] {processor.py:925} INFO - DAG(s) 'example_skip_dag' retrieved from /home/airflow/.local/lib/python3.12/site-packages/airflow/example_dags/example_skip_dag.py
[2024-09-19T18:37:43.903+0000] {logging_mixin.py:190} INFO - [2024-09-19T18:37:43.903+0000] {dag.py:3211} INFO - Sync 1 DAGs
[2024-09-19T18:37:43.917+0000] {logging_mixin.py:190} INFO - [2024-09-19T18:37:43.917+0000] {dag.py:4138} INFO - Setting next_dagrun for example_skip_dag to 2024-09-18 00:00:00+00:00, run_after=2024-09-19 00:00:00+00:00
[2024-09-19T18:37:43.931+0000] {processor.py:208} INFO - Processing /home/airflow/.local/lib/python3.12/site-packages/airflow/example_dags/example_skip_dag.py took 0.077 seconds
[2024-09-19T18:38:14.012+0000] {processor.py:186} INFO - Started process (PID=2833) to work on /home/airflow/.local/lib/python3.12/site-packages/airflow/example_dags/example_skip_dag.py
[2024-09-19T18:38:14.020+0000] {processor.py:914} INFO - Processing file /home/airflow/.local/lib/python3.12/site-packages/airflow/example_dags/example_skip_dag.py for tasks to queue
[2024-09-19T18:38:14.025+0000] {logging_mixin.py:190} INFO - [2024-09-19T18:38:14.025+0000] {dagbag.py:587} INFO - Filling up the DagBag from /home/airflow/.local/lib/python3.12/site-packages/airflow/example_dags/example_skip_dag.py
[2024-09-19T18:38:14.054+0000] {processor.py:925} INFO - DAG(s) 'example_skip_dag' retrieved from /home/airflow/.local/lib/python3.12/site-packages/airflow/example_dags/example_skip_dag.py
[2024-09-19T18:38:14.089+0000] {logging_mixin.py:190} INFO - [2024-09-19T18:38:14.089+0000] {dag.py:3211} INFO - Sync 1 DAGs
[2024-09-19T18:38:14.113+0000] {logging_mixin.py:190} INFO - [2024-09-19T18:38:14.113+0000] {dag.py:4138} INFO - Setting next_dagrun for example_skip_dag to 2024-09-18 00:00:00+00:00, run_after=2024-09-19 00:00:00+00:00
[2024-09-19T18:38:14.128+0000] {processor.py:208} INFO - Processing /home/airflow/.local/lib/python3.12/site-packages/airflow/example_dags/example_skip_dag.py took 0.125 seconds
[2024-09-19T18:38:44.293+0000] {processor.py:186} INFO - Started process (PID=2895) to work on /home/airflow/.local/lib/python3.12/site-packages/airflow/example_dags/example_skip_dag.py
[2024-09-19T18:38:44.296+0000] {processor.py:914} INFO - Processing file /home/airflow/.local/lib/python3.12/site-packages/airflow/example_dags/example_skip_dag.py for tasks to queue
[2024-09-19T18:38:44.297+0000] {logging_mixin.py:190} INFO - [2024-09-19T18:38:44.297+0000] {dagbag.py:587} INFO - Filling up the DagBag from /home/airflow/.local/lib/python3.12/site-packages/airflow/example_dags/example_skip_dag.py
[2024-09-19T18:38:44.301+0000] {processor.py:925} INFO - DAG(s) 'example_skip_dag' retrieved from /home/airflow/.local/lib/python3.12/site-packages/airflow/example_dags/example_skip_dag.py
[2024-09-19T18:38:44.310+0000] {logging_mixin.py:190} INFO - [2024-09-19T18:38:44.309+0000] {dag.py:3211} INFO - Sync 1 DAGs
[2024-09-19T18:38:44.318+0000] {logging_mixin.py:190} INFO - [2024-09-19T18:38:44.318+0000] {dag.py:4138} INFO - Setting next_dagrun for example_skip_dag to 2024-09-18 00:00:00+00:00, run_after=2024-09-19 00:00:00+00:00
[2024-09-19T18:38:44.325+0000] {processor.py:208} INFO - Processing /home/airflow/.local/lib/python3.12/site-packages/airflow/example_dags/example_skip_dag.py took 0.034 seconds
[2024-09-19T18:39:15.378+0000] {processor.py:186} INFO - Started process (PID=2957) to work on /home/airflow/.local/lib/python3.12/site-packages/airflow/example_dags/example_skip_dag.py
[2024-09-19T18:39:15.381+0000] {processor.py:914} INFO - Processing file /home/airflow/.local/lib/python3.12/site-packages/airflow/example_dags/example_skip_dag.py for tasks to queue
[2024-09-19T18:39:15.381+0000] {logging_mixin.py:190} INFO - [2024-09-19T18:39:15.381+0000] {dagbag.py:587} INFO - Filling up the DagBag from /home/airflow/.local/lib/python3.12/site-packages/airflow/example_dags/example_skip_dag.py
[2024-09-19T18:39:15.385+0000] {processor.py:925} INFO - DAG(s) 'example_skip_dag' retrieved from /home/airflow/.local/lib/python3.12/site-packages/airflow/example_dags/example_skip_dag.py
[2024-09-19T18:39:15.400+0000] {logging_mixin.py:190} INFO - [2024-09-19T18:39:15.400+0000] {dag.py:3211} INFO - Sync 1 DAGs
[2024-09-19T18:39:15.411+0000] {logging_mixin.py:190} INFO - [2024-09-19T18:39:15.411+0000] {dag.py:4138} INFO - Setting next_dagrun for example_skip_dag to 2024-09-18 00:00:00+00:00, run_after=2024-09-19 00:00:00+00:00
[2024-09-19T18:39:15.421+0000] {processor.py:208} INFO - Processing /home/airflow/.local/lib/python3.12/site-packages/airflow/example_dags/example_skip_dag.py took 0.046 seconds
[2024-09-19T18:39:45.897+0000] {processor.py:186} INFO - Started process (PID=3019) to work on /home/airflow/.local/lib/python3.12/site-packages/airflow/example_dags/example_skip_dag.py
[2024-09-19T18:39:45.898+0000] {processor.py:914} INFO - Processing file /home/airflow/.local/lib/python3.12/site-packages/airflow/example_dags/example_skip_dag.py for tasks to queue
[2024-09-19T18:39:45.899+0000] {logging_mixin.py:190} INFO - [2024-09-19T18:39:45.899+0000] {dagbag.py:587} INFO - Filling up the DagBag from /home/airflow/.local/lib/python3.12/site-packages/airflow/example_dags/example_skip_dag.py
[2024-09-19T18:39:45.903+0000] {processor.py:925} INFO - DAG(s) 'example_skip_dag' retrieved from /home/airflow/.local/lib/python3.12/site-packages/airflow/example_dags/example_skip_dag.py
[2024-09-19T18:39:45.915+0000] {logging_mixin.py:190} INFO - [2024-09-19T18:39:45.915+0000] {dag.py:3211} INFO - Sync 1 DAGs
[2024-09-19T18:39:45.926+0000] {logging_mixin.py:190} INFO - [2024-09-19T18:39:45.926+0000] {dag.py:4138} INFO - Setting next_dagrun for example_skip_dag to 2024-09-18 00:00:00+00:00, run_after=2024-09-19 00:00:00+00:00
[2024-09-19T18:39:45.935+0000] {processor.py:208} INFO - Processing /home/airflow/.local/lib/python3.12/site-packages/airflow/example_dags/example_skip_dag.py took 0.040 seconds
[2024-09-19T18:40:17.114+0000] {processor.py:186} INFO - Started process (PID=3081) to work on /home/airflow/.local/lib/python3.12/site-packages/airflow/example_dags/example_skip_dag.py
[2024-09-19T18:40:17.116+0000] {processor.py:914} INFO - Processing file /home/airflow/.local/lib/python3.12/site-packages/airflow/example_dags/example_skip_dag.py for tasks to queue
[2024-09-19T18:40:17.117+0000] {logging_mixin.py:190} INFO - [2024-09-19T18:40:17.117+0000] {dagbag.py:587} INFO - Filling up the DagBag from /home/airflow/.local/lib/python3.12/site-packages/airflow/example_dags/example_skip_dag.py
[2024-09-19T18:40:17.121+0000] {processor.py:925} INFO - DAG(s) 'example_skip_dag' retrieved from /home/airflow/.local/lib/python3.12/site-packages/airflow/example_dags/example_skip_dag.py
[2024-09-19T18:40:17.130+0000] {logging_mixin.py:190} INFO - [2024-09-19T18:40:17.130+0000] {dag.py:3211} INFO - Sync 1 DAGs
[2024-09-19T18:40:17.140+0000] {logging_mixin.py:190} INFO - [2024-09-19T18:40:17.140+0000] {dag.py:4138} INFO - Setting next_dagrun for example_skip_dag to 2024-09-18 00:00:00+00:00, run_after=2024-09-19 00:00:00+00:00
[2024-09-19T18:40:17.150+0000] {processor.py:208} INFO - Processing /home/airflow/.local/lib/python3.12/site-packages/airflow/example_dags/example_skip_dag.py took 0.039 seconds
[2024-09-19T18:40:48.333+0000] {processor.py:186} INFO - Started process (PID=3143) to work on /home/airflow/.local/lib/python3.12/site-packages/airflow/example_dags/example_skip_dag.py
[2024-09-19T18:40:48.338+0000] {processor.py:914} INFO - Processing file /home/airflow/.local/lib/python3.12/site-packages/airflow/example_dags/example_skip_dag.py for tasks to queue
[2024-09-19T18:40:48.340+0000] {logging_mixin.py:190} INFO - [2024-09-19T18:40:48.340+0000] {dagbag.py:587} INFO - Filling up the DagBag from /home/airflow/.local/lib/python3.12/site-packages/airflow/example_dags/example_skip_dag.py
[2024-09-19T18:40:48.396+0000] {processor.py:925} INFO - DAG(s) 'example_skip_dag' retrieved from /home/airflow/.local/lib/python3.12/site-packages/airflow/example_dags/example_skip_dag.py
[2024-09-19T18:40:48.459+0000] {logging_mixin.py:190} INFO - [2024-09-19T18:40:48.459+0000] {dag.py:3211} INFO - Sync 1 DAGs
[2024-09-19T18:40:48.485+0000] {logging_mixin.py:190} INFO - [2024-09-19T18:40:48.485+0000] {dag.py:4138} INFO - Setting next_dagrun for example_skip_dag to 2024-09-18 00:00:00+00:00, run_after=2024-09-19 00:00:00+00:00
[2024-09-19T18:40:48.505+0000] {processor.py:208} INFO - Processing /home/airflow/.local/lib/python3.12/site-packages/airflow/example_dags/example_skip_dag.py took 0.177 seconds
[2024-09-19T18:41:19.615+0000] {processor.py:186} INFO - Started process (PID=3205) to work on /home/airflow/.local/lib/python3.12/site-packages/airflow/example_dags/example_skip_dag.py
[2024-09-19T18:41:19.618+0000] {processor.py:914} INFO - Processing file /home/airflow/.local/lib/python3.12/site-packages/airflow/example_dags/example_skip_dag.py for tasks to queue
[2024-09-19T18:41:19.619+0000] {logging_mixin.py:190} INFO - [2024-09-19T18:41:19.619+0000] {dagbag.py:587} INFO - Filling up the DagBag from /home/airflow/.local/lib/python3.12/site-packages/airflow/example_dags/example_skip_dag.py
[2024-09-19T18:41:19.623+0000] {processor.py:925} INFO - DAG(s) 'example_skip_dag' retrieved from /home/airflow/.local/lib/python3.12/site-packages/airflow/example_dags/example_skip_dag.py
[2024-09-19T18:41:19.633+0000] {logging_mixin.py:190} INFO - [2024-09-19T18:41:19.632+0000] {dag.py:3211} INFO - Sync 1 DAGs
[2024-09-19T18:41:19.648+0000] {logging_mixin.py:190} INFO - [2024-09-19T18:41:19.648+0000] {dag.py:4138} INFO - Setting next_dagrun for example_skip_dag to 2024-09-18 00:00:00+00:00, run_after=2024-09-19 00:00:00+00:00
[2024-09-19T18:41:19.657+0000] {processor.py:208} INFO - Processing /home/airflow/.local/lib/python3.12/site-packages/airflow/example_dags/example_skip_dag.py took 0.047 seconds
[2024-09-19T18:41:50.360+0000] {processor.py:186} INFO - Started process (PID=3267) to work on /home/airflow/.local/lib/python3.12/site-packages/airflow/example_dags/example_skip_dag.py
[2024-09-19T18:41:50.362+0000] {processor.py:914} INFO - Processing file /home/airflow/.local/lib/python3.12/site-packages/airflow/example_dags/example_skip_dag.py for tasks to queue
[2024-09-19T18:41:50.363+0000] {logging_mixin.py:190} INFO - [2024-09-19T18:41:50.363+0000] {dagbag.py:587} INFO - Filling up the DagBag from /home/airflow/.local/lib/python3.12/site-packages/airflow/example_dags/example_skip_dag.py
[2024-09-19T18:41:50.367+0000] {processor.py:925} INFO - DAG(s) 'example_skip_dag' retrieved from /home/airflow/.local/lib/python3.12/site-packages/airflow/example_dags/example_skip_dag.py
[2024-09-19T18:41:50.379+0000] {logging_mixin.py:190} INFO - [2024-09-19T18:41:50.379+0000] {dag.py:3211} INFO - Sync 1 DAGs
[2024-09-19T18:41:50.398+0000] {logging_mixin.py:190} INFO - [2024-09-19T18:41:50.398+0000] {dag.py:4138} INFO - Setting next_dagrun for example_skip_dag to 2024-09-18 00:00:00+00:00, run_after=2024-09-19 00:00:00+00:00
[2024-09-19T18:41:50.408+0000] {processor.py:208} INFO - Processing /home/airflow/.local/lib/python3.12/site-packages/airflow/example_dags/example_skip_dag.py took 0.051 seconds
[2024-09-19T18:42:21.686+0000] {processor.py:186} INFO - Started process (PID=3329) to work on /home/airflow/.local/lib/python3.12/site-packages/airflow/example_dags/example_skip_dag.py
[2024-09-19T18:42:21.689+0000] {processor.py:914} INFO - Processing file /home/airflow/.local/lib/python3.12/site-packages/airflow/example_dags/example_skip_dag.py for tasks to queue
[2024-09-19T18:42:21.692+0000] {logging_mixin.py:190} INFO - [2024-09-19T18:42:21.692+0000] {dagbag.py:587} INFO - Filling up the DagBag from /home/airflow/.local/lib/python3.12/site-packages/airflow/example_dags/example_skip_dag.py
[2024-09-19T18:42:21.696+0000] {processor.py:925} INFO - DAG(s) 'example_skip_dag' retrieved from /home/airflow/.local/lib/python3.12/site-packages/airflow/example_dags/example_skip_dag.py
[2024-09-19T18:42:21.705+0000] {logging_mixin.py:190} INFO - [2024-09-19T18:42:21.705+0000] {dag.py:3211} INFO - Sync 1 DAGs
[2024-09-19T18:42:21.715+0000] {logging_mixin.py:190} INFO - [2024-09-19T18:42:21.715+0000] {dag.py:4138} INFO - Setting next_dagrun for example_skip_dag to 2024-09-18 00:00:00+00:00, run_after=2024-09-19 00:00:00+00:00
[2024-09-19T18:42:21.725+0000] {processor.py:208} INFO - Processing /home/airflow/.local/lib/python3.12/site-packages/airflow/example_dags/example_skip_dag.py took 0.042 seconds
[2024-09-19T18:42:53.158+0000] {processor.py:186} INFO - Started process (PID=3391) to work on /home/airflow/.local/lib/python3.12/site-packages/airflow/example_dags/example_skip_dag.py
[2024-09-19T18:42:53.159+0000] {processor.py:914} INFO - Processing file /home/airflow/.local/lib/python3.12/site-packages/airflow/example_dags/example_skip_dag.py for tasks to queue
[2024-09-19T18:42:53.161+0000] {logging_mixin.py:190} INFO - [2024-09-19T18:42:53.161+0000] {dagbag.py:587} INFO - Filling up the DagBag from /home/airflow/.local/lib/python3.12/site-packages/airflow/example_dags/example_skip_dag.py
[2024-09-19T18:42:53.165+0000] {processor.py:925} INFO - DAG(s) 'example_skip_dag' retrieved from /home/airflow/.local/lib/python3.12/site-packages/airflow/example_dags/example_skip_dag.py
[2024-09-19T18:42:53.177+0000] {logging_mixin.py:190} INFO - [2024-09-19T18:42:53.177+0000] {dag.py:3211} INFO - Sync 1 DAGs
[2024-09-19T18:42:53.192+0000] {logging_mixin.py:190} INFO - [2024-09-19T18:42:53.192+0000] {dag.py:4138} INFO - Setting next_dagrun for example_skip_dag to 2024-09-18 00:00:00+00:00, run_after=2024-09-19 00:00:00+00:00
[2024-09-19T18:42:53.384+0000] {processor.py:208} INFO - Processing /home/airflow/.local/lib/python3.12/site-packages/airflow/example_dags/example_skip_dag.py took 0.231 seconds
[2024-09-19T18:43:24.313+0000] {processor.py:186} INFO - Started process (PID=3453) to work on /home/airflow/.local/lib/python3.12/site-packages/airflow/example_dags/example_skip_dag.py
[2024-09-19T18:43:24.314+0000] {processor.py:914} INFO - Processing file /home/airflow/.local/lib/python3.12/site-packages/airflow/example_dags/example_skip_dag.py for tasks to queue
[2024-09-19T18:43:24.315+0000] {logging_mixin.py:190} INFO - [2024-09-19T18:43:24.315+0000] {dagbag.py:587} INFO - Filling up the DagBag from /home/airflow/.local/lib/python3.12/site-packages/airflow/example_dags/example_skip_dag.py
[2024-09-19T18:43:24.321+0000] {processor.py:925} INFO - DAG(s) 'example_skip_dag' retrieved from /home/airflow/.local/lib/python3.12/site-packages/airflow/example_dags/example_skip_dag.py
[2024-09-19T18:43:24.336+0000] {logging_mixin.py:190} INFO - [2024-09-19T18:43:24.336+0000] {dag.py:3211} INFO - Sync 1 DAGs
[2024-09-19T18:43:24.348+0000] {logging_mixin.py:190} INFO - [2024-09-19T18:43:24.348+0000] {dag.py:4138} INFO - Setting next_dagrun for example_skip_dag to 2024-09-18 00:00:00+00:00, run_after=2024-09-19 00:00:00+00:00
[2024-09-19T18:43:24.359+0000] {processor.py:208} INFO - Processing /home/airflow/.local/lib/python3.12/site-packages/airflow/example_dags/example_skip_dag.py took 0.049 seconds
[2024-09-19T18:43:55.257+0000] {processor.py:186} INFO - Started process (PID=3515) to work on /home/airflow/.local/lib/python3.12/site-packages/airflow/example_dags/example_skip_dag.py
[2024-09-19T18:43:55.260+0000] {processor.py:914} INFO - Processing file /home/airflow/.local/lib/python3.12/site-packages/airflow/example_dags/example_skip_dag.py for tasks to queue
[2024-09-19T18:43:55.261+0000] {logging_mixin.py:190} INFO - [2024-09-19T18:43:55.261+0000] {dagbag.py:587} INFO - Filling up the DagBag from /home/airflow/.local/lib/python3.12/site-packages/airflow/example_dags/example_skip_dag.py
[2024-09-19T18:43:55.266+0000] {processor.py:925} INFO - DAG(s) 'example_skip_dag' retrieved from /home/airflow/.local/lib/python3.12/site-packages/airflow/example_dags/example_skip_dag.py
[2024-09-19T18:43:55.279+0000] {logging_mixin.py:190} INFO - [2024-09-19T18:43:55.279+0000] {dag.py:3211} INFO - Sync 1 DAGs
[2024-09-19T18:43:55.297+0000] {logging_mixin.py:190} INFO - [2024-09-19T18:43:55.296+0000] {dag.py:4138} INFO - Setting next_dagrun for example_skip_dag to 2024-09-18 00:00:00+00:00, run_after=2024-09-19 00:00:00+00:00
[2024-09-19T18:43:55.314+0000] {processor.py:208} INFO - Processing /home/airflow/.local/lib/python3.12/site-packages/airflow/example_dags/example_skip_dag.py took 0.061 seconds
[2024-09-19T18:44:25.711+0000] {processor.py:186} INFO - Started process (PID=3577) to work on /home/airflow/.local/lib/python3.12/site-packages/airflow/example_dags/example_skip_dag.py
[2024-09-19T18:44:25.714+0000] {processor.py:914} INFO - Processing file /home/airflow/.local/lib/python3.12/site-packages/airflow/example_dags/example_skip_dag.py for tasks to queue
[2024-09-19T18:44:25.715+0000] {logging_mixin.py:190} INFO - [2024-09-19T18:44:25.715+0000] {dagbag.py:587} INFO - Filling up the DagBag from /home/airflow/.local/lib/python3.12/site-packages/airflow/example_dags/example_skip_dag.py
[2024-09-19T18:44:25.719+0000] {processor.py:925} INFO - DAG(s) 'example_skip_dag' retrieved from /home/airflow/.local/lib/python3.12/site-packages/airflow/example_dags/example_skip_dag.py
[2024-09-19T18:44:25.733+0000] {logging_mixin.py:190} INFO - [2024-09-19T18:44:25.733+0000] {dag.py:3211} INFO - Sync 1 DAGs
[2024-09-19T18:44:25.744+0000] {logging_mixin.py:190} INFO - [2024-09-19T18:44:25.744+0000] {dag.py:4138} INFO - Setting next_dagrun for example_skip_dag to 2024-09-18 00:00:00+00:00, run_after=2024-09-19 00:00:00+00:00
[2024-09-19T18:44:25.755+0000] {processor.py:208} INFO - Processing /home/airflow/.local/lib/python3.12/site-packages/airflow/example_dags/example_skip_dag.py took 0.048 seconds
[2024-09-19T18:44:56.950+0000] {processor.py:186} INFO - Started process (PID=3640) to work on /home/airflow/.local/lib/python3.12/site-packages/airflow/example_dags/example_skip_dag.py
[2024-09-19T18:44:56.952+0000] {processor.py:914} INFO - Processing file /home/airflow/.local/lib/python3.12/site-packages/airflow/example_dags/example_skip_dag.py for tasks to queue
[2024-09-19T18:44:56.954+0000] {logging_mixin.py:190} INFO - [2024-09-19T18:44:56.954+0000] {dagbag.py:587} INFO - Filling up the DagBag from /home/airflow/.local/lib/python3.12/site-packages/airflow/example_dags/example_skip_dag.py
[2024-09-19T18:44:56.958+0000] {processor.py:925} INFO - DAG(s) 'example_skip_dag' retrieved from /home/airflow/.local/lib/python3.12/site-packages/airflow/example_dags/example_skip_dag.py
[2024-09-19T18:44:56.969+0000] {logging_mixin.py:190} INFO - [2024-09-19T18:44:56.969+0000] {dag.py:3211} INFO - Sync 1 DAGs
[2024-09-19T18:44:56.981+0000] {logging_mixin.py:190} INFO - [2024-09-19T18:44:56.981+0000] {dag.py:4138} INFO - Setting next_dagrun for example_skip_dag to 2024-09-18 00:00:00+00:00, run_after=2024-09-19 00:00:00+00:00
[2024-09-19T18:44:56.993+0000] {processor.py:208} INFO - Processing /home/airflow/.local/lib/python3.12/site-packages/airflow/example_dags/example_skip_dag.py took 0.046 seconds
[2024-09-19T18:45:29.188+0000] {processor.py:186} INFO - Started process (PID=3702) to work on /home/airflow/.local/lib/python3.12/site-packages/airflow/example_dags/example_skip_dag.py
[2024-09-19T18:45:29.192+0000] {processor.py:914} INFO - Processing file /home/airflow/.local/lib/python3.12/site-packages/airflow/example_dags/example_skip_dag.py for tasks to queue
[2024-09-19T18:45:29.193+0000] {logging_mixin.py:190} INFO - [2024-09-19T18:45:29.193+0000] {dagbag.py:587} INFO - Filling up the DagBag from /home/airflow/.local/lib/python3.12/site-packages/airflow/example_dags/example_skip_dag.py
[2024-09-19T18:45:29.299+0000] {processor.py:925} INFO - DAG(s) 'example_skip_dag' retrieved from /home/airflow/.local/lib/python3.12/site-packages/airflow/example_dags/example_skip_dag.py
[2024-09-19T18:45:29.309+0000] {logging_mixin.py:190} INFO - [2024-09-19T18:45:29.309+0000] {dag.py:3211} INFO - Sync 1 DAGs
[2024-09-19T18:45:29.320+0000] {logging_mixin.py:190} INFO - [2024-09-19T18:45:29.320+0000] {dag.py:4138} INFO - Setting next_dagrun for example_skip_dag to 2024-09-18 00:00:00+00:00, run_after=2024-09-19 00:00:00+00:00
[2024-09-19T18:45:29.329+0000] {processor.py:208} INFO - Processing /home/airflow/.local/lib/python3.12/site-packages/airflow/example_dags/example_skip_dag.py took 0.144 seconds
[2024-09-19T18:45:59.596+0000] {processor.py:186} INFO - Started process (PID=3764) to work on /home/airflow/.local/lib/python3.12/site-packages/airflow/example_dags/example_skip_dag.py
[2024-09-19T18:45:59.600+0000] {processor.py:914} INFO - Processing file /home/airflow/.local/lib/python3.12/site-packages/airflow/example_dags/example_skip_dag.py for tasks to queue
[2024-09-19T18:45:59.601+0000] {logging_mixin.py:190} INFO - [2024-09-19T18:45:59.601+0000] {dagbag.py:587} INFO - Filling up the DagBag from /home/airflow/.local/lib/python3.12/site-packages/airflow/example_dags/example_skip_dag.py
[2024-09-19T18:45:59.605+0000] {processor.py:925} INFO - DAG(s) 'example_skip_dag' retrieved from /home/airflow/.local/lib/python3.12/site-packages/airflow/example_dags/example_skip_dag.py
[2024-09-19T18:45:59.614+0000] {logging_mixin.py:190} INFO - [2024-09-19T18:45:59.614+0000] {dag.py:3211} INFO - Sync 1 DAGs
[2024-09-19T18:45:59.623+0000] {logging_mixin.py:190} INFO - [2024-09-19T18:45:59.623+0000] {dag.py:4138} INFO - Setting next_dagrun for example_skip_dag to 2024-09-18 00:00:00+00:00, run_after=2024-09-19 00:00:00+00:00
[2024-09-19T18:45:59.629+0000] {processor.py:208} INFO - Processing /home/airflow/.local/lib/python3.12/site-packages/airflow/example_dags/example_skip_dag.py took 0.036 seconds
[2024-09-19T18:46:30.257+0000] {processor.py:186} INFO - Started process (PID=3826) to work on /home/airflow/.local/lib/python3.12/site-packages/airflow/example_dags/example_skip_dag.py
[2024-09-19T18:46:30.258+0000] {processor.py:914} INFO - Processing file /home/airflow/.local/lib/python3.12/site-packages/airflow/example_dags/example_skip_dag.py for tasks to queue
[2024-09-19T18:46:30.259+0000] {logging_mixin.py:190} INFO - [2024-09-19T18:46:30.259+0000] {dagbag.py:587} INFO - Filling up the DagBag from /home/airflow/.local/lib/python3.12/site-packages/airflow/example_dags/example_skip_dag.py
[2024-09-19T18:46:30.262+0000] {processor.py:925} INFO - DAG(s) 'example_skip_dag' retrieved from /home/airflow/.local/lib/python3.12/site-packages/airflow/example_dags/example_skip_dag.py
[2024-09-19T18:46:30.271+0000] {logging_mixin.py:190} INFO - [2024-09-19T18:46:30.271+0000] {dag.py:3211} INFO - Sync 1 DAGs
[2024-09-19T18:46:30.280+0000] {logging_mixin.py:190} INFO - [2024-09-19T18:46:30.280+0000] {dag.py:4138} INFO - Setting next_dagrun for example_skip_dag to 2024-09-18 00:00:00+00:00, run_after=2024-09-19 00:00:00+00:00
[2024-09-19T18:46:30.286+0000] {processor.py:208} INFO - Processing /home/airflow/.local/lib/python3.12/site-packages/airflow/example_dags/example_skip_dag.py took 0.032 seconds
[2024-09-19T18:47:00.585+0000] {processor.py:186} INFO - Started process (PID=3888) to work on /home/airflow/.local/lib/python3.12/site-packages/airflow/example_dags/example_skip_dag.py
[2024-09-19T18:47:00.588+0000] {processor.py:914} INFO - Processing file /home/airflow/.local/lib/python3.12/site-packages/airflow/example_dags/example_skip_dag.py for tasks to queue
[2024-09-19T18:47:00.589+0000] {logging_mixin.py:190} INFO - [2024-09-19T18:47:00.589+0000] {dagbag.py:587} INFO - Filling up the DagBag from /home/airflow/.local/lib/python3.12/site-packages/airflow/example_dags/example_skip_dag.py
[2024-09-19T18:47:00.593+0000] {processor.py:925} INFO - DAG(s) 'example_skip_dag' retrieved from /home/airflow/.local/lib/python3.12/site-packages/airflow/example_dags/example_skip_dag.py
[2024-09-19T18:47:00.602+0000] {logging_mixin.py:190} INFO - [2024-09-19T18:47:00.602+0000] {dag.py:3211} INFO - Sync 1 DAGs
[2024-09-19T18:47:00.612+0000] {logging_mixin.py:190} INFO - [2024-09-19T18:47:00.612+0000] {dag.py:4138} INFO - Setting next_dagrun for example_skip_dag to 2024-09-18 00:00:00+00:00, run_after=2024-09-19 00:00:00+00:00
[2024-09-19T18:47:00.619+0000] {processor.py:208} INFO - Processing /home/airflow/.local/lib/python3.12/site-packages/airflow/example_dags/example_skip_dag.py took 0.037 seconds
[2024-09-19T18:47:31.280+0000] {processor.py:186} INFO - Started process (PID=3950) to work on /home/airflow/.local/lib/python3.12/site-packages/airflow/example_dags/example_skip_dag.py
[2024-09-19T18:47:31.282+0000] {processor.py:914} INFO - Processing file /home/airflow/.local/lib/python3.12/site-packages/airflow/example_dags/example_skip_dag.py for tasks to queue
[2024-09-19T18:47:31.283+0000] {logging_mixin.py:190} INFO - [2024-09-19T18:47:31.283+0000] {dagbag.py:587} INFO - Filling up the DagBag from /home/airflow/.local/lib/python3.12/site-packages/airflow/example_dags/example_skip_dag.py
[2024-09-19T18:47:31.287+0000] {processor.py:925} INFO - DAG(s) 'example_skip_dag' retrieved from /home/airflow/.local/lib/python3.12/site-packages/airflow/example_dags/example_skip_dag.py
[2024-09-19T18:47:31.302+0000] {logging_mixin.py:190} INFO - [2024-09-19T18:47:31.302+0000] {dag.py:3211} INFO - Sync 1 DAGs
[2024-09-19T18:47:31.312+0000] {logging_mixin.py:190} INFO - [2024-09-19T18:47:31.312+0000] {dag.py:4138} INFO - Setting next_dagrun for example_skip_dag to 2024-09-18 00:00:00+00:00, run_after=2024-09-19 00:00:00+00:00
[2024-09-19T18:47:31.320+0000] {processor.py:208} INFO - Processing /home/airflow/.local/lib/python3.12/site-packages/airflow/example_dags/example_skip_dag.py took 0.042 seconds
[2024-09-19T18:48:01.931+0000] {processor.py:186} INFO - Started process (PID=4012) to work on /home/airflow/.local/lib/python3.12/site-packages/airflow/example_dags/example_skip_dag.py
[2024-09-19T18:48:01.933+0000] {processor.py:914} INFO - Processing file /home/airflow/.local/lib/python3.12/site-packages/airflow/example_dags/example_skip_dag.py for tasks to queue
[2024-09-19T18:48:01.936+0000] {logging_mixin.py:190} INFO - [2024-09-19T18:48:01.936+0000] {dagbag.py:587} INFO - Filling up the DagBag from /home/airflow/.local/lib/python3.12/site-packages/airflow/example_dags/example_skip_dag.py
[2024-09-19T18:48:01.941+0000] {processor.py:925} INFO - DAG(s) 'example_skip_dag' retrieved from /home/airflow/.local/lib/python3.12/site-packages/airflow/example_dags/example_skip_dag.py
[2024-09-19T18:48:01.951+0000] {logging_mixin.py:190} INFO - [2024-09-19T18:48:01.951+0000] {dag.py:3211} INFO - Sync 1 DAGs
[2024-09-19T18:48:01.961+0000] {logging_mixin.py:190} INFO - [2024-09-19T18:48:01.961+0000] {dag.py:4138} INFO - Setting next_dagrun for example_skip_dag to 2024-09-18 00:00:00+00:00, run_after=2024-09-19 00:00:00+00:00
[2024-09-19T18:48:01.969+0000] {processor.py:208} INFO - Processing /home/airflow/.local/lib/python3.12/site-packages/airflow/example_dags/example_skip_dag.py took 0.041 seconds
[2024-09-19T18:48:33.345+0000] {processor.py:186} INFO - Started process (PID=4074) to work on /home/airflow/.local/lib/python3.12/site-packages/airflow/example_dags/example_skip_dag.py
[2024-09-19T18:48:33.348+0000] {processor.py:914} INFO - Processing file /home/airflow/.local/lib/python3.12/site-packages/airflow/example_dags/example_skip_dag.py for tasks to queue
[2024-09-19T18:48:33.351+0000] {logging_mixin.py:190} INFO - [2024-09-19T18:48:33.351+0000] {dagbag.py:587} INFO - Filling up the DagBag from /home/airflow/.local/lib/python3.12/site-packages/airflow/example_dags/example_skip_dag.py
[2024-09-19T18:48:33.357+0000] {processor.py:925} INFO - DAG(s) 'example_skip_dag' retrieved from /home/airflow/.local/lib/python3.12/site-packages/airflow/example_dags/example_skip_dag.py
[2024-09-19T18:48:33.372+0000] {logging_mixin.py:190} INFO - [2024-09-19T18:48:33.372+0000] {dag.py:3211} INFO - Sync 1 DAGs
[2024-09-19T18:48:33.387+0000] {logging_mixin.py:190} INFO - [2024-09-19T18:48:33.387+0000] {dag.py:4138} INFO - Setting next_dagrun for example_skip_dag to 2024-09-18 00:00:00+00:00, run_after=2024-09-19 00:00:00+00:00
[2024-09-19T18:48:33.396+0000] {processor.py:208} INFO - Processing /home/airflow/.local/lib/python3.12/site-packages/airflow/example_dags/example_skip_dag.py took 0.057 seconds
[2024-09-19T18:49:04.319+0000] {processor.py:186} INFO - Started process (PID=4136) to work on /home/airflow/.local/lib/python3.12/site-packages/airflow/example_dags/example_skip_dag.py
[2024-09-19T18:49:04.321+0000] {processor.py:914} INFO - Processing file /home/airflow/.local/lib/python3.12/site-packages/airflow/example_dags/example_skip_dag.py for tasks to queue
[2024-09-19T18:49:04.324+0000] {logging_mixin.py:190} INFO - [2024-09-19T18:49:04.324+0000] {dagbag.py:587} INFO - Filling up the DagBag from /home/airflow/.local/lib/python3.12/site-packages/airflow/example_dags/example_skip_dag.py
[2024-09-19T18:49:04.327+0000] {processor.py:925} INFO - DAG(s) 'example_skip_dag' retrieved from /home/airflow/.local/lib/python3.12/site-packages/airflow/example_dags/example_skip_dag.py
[2024-09-19T18:49:04.338+0000] {logging_mixin.py:190} INFO - [2024-09-19T18:49:04.338+0000] {dag.py:3211} INFO - Sync 1 DAGs
[2024-09-19T18:49:04.349+0000] {logging_mixin.py:190} INFO - [2024-09-19T18:49:04.349+0000] {dag.py:4138} INFO - Setting next_dagrun for example_skip_dag to 2024-09-18 00:00:00+00:00, run_after=2024-09-19 00:00:00+00:00
[2024-09-19T18:49:04.357+0000] {processor.py:208} INFO - Processing /home/airflow/.local/lib/python3.12/site-packages/airflow/example_dags/example_skip_dag.py took 0.041 seconds
[2024-09-19T18:49:35.172+0000] {processor.py:186} INFO - Started process (PID=4198) to work on /home/airflow/.local/lib/python3.12/site-packages/airflow/example_dags/example_skip_dag.py
[2024-09-19T18:49:35.175+0000] {processor.py:914} INFO - Processing file /home/airflow/.local/lib/python3.12/site-packages/airflow/example_dags/example_skip_dag.py for tasks to queue
[2024-09-19T18:49:35.176+0000] {logging_mixin.py:190} INFO - [2024-09-19T18:49:35.176+0000] {dagbag.py:587} INFO - Filling up the DagBag from /home/airflow/.local/lib/python3.12/site-packages/airflow/example_dags/example_skip_dag.py
[2024-09-19T18:49:35.181+0000] {processor.py:925} INFO - DAG(s) 'example_skip_dag' retrieved from /home/airflow/.local/lib/python3.12/site-packages/airflow/example_dags/example_skip_dag.py
[2024-09-19T18:49:35.191+0000] {logging_mixin.py:190} INFO - [2024-09-19T18:49:35.191+0000] {dag.py:3211} INFO - Sync 1 DAGs
[2024-09-19T18:49:35.207+0000] {logging_mixin.py:190} INFO - [2024-09-19T18:49:35.207+0000] {dag.py:4138} INFO - Setting next_dagrun for example_skip_dag to 2024-09-18 00:00:00+00:00, run_after=2024-09-19 00:00:00+00:00
[2024-09-19T18:49:35.214+0000] {processor.py:208} INFO - Processing /home/airflow/.local/lib/python3.12/site-packages/airflow/example_dags/example_skip_dag.py took 0.046 seconds
[2024-09-19T18:50:05.905+0000] {processor.py:186} INFO - Started process (PID=4260) to work on /home/airflow/.local/lib/python3.12/site-packages/airflow/example_dags/example_skip_dag.py
[2024-09-19T18:50:05.907+0000] {processor.py:914} INFO - Processing file /home/airflow/.local/lib/python3.12/site-packages/airflow/example_dags/example_skip_dag.py for tasks to queue
[2024-09-19T18:50:05.908+0000] {logging_mixin.py:190} INFO - [2024-09-19T18:50:05.908+0000] {dagbag.py:587} INFO - Filling up the DagBag from /home/airflow/.local/lib/python3.12/site-packages/airflow/example_dags/example_skip_dag.py
[2024-09-19T18:50:05.911+0000] {processor.py:925} INFO - DAG(s) 'example_skip_dag' retrieved from /home/airflow/.local/lib/python3.12/site-packages/airflow/example_dags/example_skip_dag.py
[2024-09-19T18:50:05.920+0000] {logging_mixin.py:190} INFO - [2024-09-19T18:50:05.920+0000] {dag.py:3211} INFO - Sync 1 DAGs
[2024-09-19T18:50:05.928+0000] {logging_mixin.py:190} INFO - [2024-09-19T18:50:05.928+0000] {dag.py:4138} INFO - Setting next_dagrun for example_skip_dag to 2024-09-18 00:00:00+00:00, run_after=2024-09-19 00:00:00+00:00
[2024-09-19T18:50:05.934+0000] {processor.py:208} INFO - Processing /home/airflow/.local/lib/python3.12/site-packages/airflow/example_dags/example_skip_dag.py took 0.032 seconds
[2024-09-19T18:50:36.326+0000] {processor.py:186} INFO - Started process (PID=4322) to work on /home/airflow/.local/lib/python3.12/site-packages/airflow/example_dags/example_skip_dag.py
[2024-09-19T18:50:36.328+0000] {processor.py:914} INFO - Processing file /home/airflow/.local/lib/python3.12/site-packages/airflow/example_dags/example_skip_dag.py for tasks to queue
[2024-09-19T18:50:36.329+0000] {logging_mixin.py:190} INFO - [2024-09-19T18:50:36.329+0000] {dagbag.py:587} INFO - Filling up the DagBag from /home/airflow/.local/lib/python3.12/site-packages/airflow/example_dags/example_skip_dag.py
[2024-09-19T18:50:36.332+0000] {processor.py:925} INFO - DAG(s) 'example_skip_dag' retrieved from /home/airflow/.local/lib/python3.12/site-packages/airflow/example_dags/example_skip_dag.py
[2024-09-19T18:50:36.340+0000] {logging_mixin.py:190} INFO - [2024-09-19T18:50:36.340+0000] {dag.py:3211} INFO - Sync 1 DAGs
[2024-09-19T18:50:36.349+0000] {logging_mixin.py:190} INFO - [2024-09-19T18:50:36.349+0000] {dag.py:4138} INFO - Setting next_dagrun for example_skip_dag to 2024-09-18 00:00:00+00:00, run_after=2024-09-19 00:00:00+00:00
[2024-09-19T18:50:36.355+0000] {processor.py:208} INFO - Processing /home/airflow/.local/lib/python3.12/site-packages/airflow/example_dags/example_skip_dag.py took 0.031 seconds
[2024-09-19T18:51:07.100+0000] {processor.py:186} INFO - Started process (PID=4384) to work on /home/airflow/.local/lib/python3.12/site-packages/airflow/example_dags/example_skip_dag.py
[2024-09-19T18:51:07.102+0000] {processor.py:914} INFO - Processing file /home/airflow/.local/lib/python3.12/site-packages/airflow/example_dags/example_skip_dag.py for tasks to queue
[2024-09-19T18:51:07.103+0000] {logging_mixin.py:190} INFO - [2024-09-19T18:51:07.103+0000] {dagbag.py:587} INFO - Filling up the DagBag from /home/airflow/.local/lib/python3.12/site-packages/airflow/example_dags/example_skip_dag.py
[2024-09-19T18:51:07.106+0000] {processor.py:925} INFO - DAG(s) 'example_skip_dag' retrieved from /home/airflow/.local/lib/python3.12/site-packages/airflow/example_dags/example_skip_dag.py
[2024-09-19T18:51:07.114+0000] {logging_mixin.py:190} INFO - [2024-09-19T18:51:07.114+0000] {dag.py:3211} INFO - Sync 1 DAGs
[2024-09-19T18:51:07.123+0000] {logging_mixin.py:190} INFO - [2024-09-19T18:51:07.123+0000] {dag.py:4138} INFO - Setting next_dagrun for example_skip_dag to 2024-09-18 00:00:00+00:00, run_after=2024-09-19 00:00:00+00:00
[2024-09-19T18:51:07.129+0000] {processor.py:208} INFO - Processing /home/airflow/.local/lib/python3.12/site-packages/airflow/example_dags/example_skip_dag.py took 0.031 seconds
[2024-09-19T18:51:37.548+0000] {processor.py:186} INFO - Started process (PID=4446) to work on /home/airflow/.local/lib/python3.12/site-packages/airflow/example_dags/example_skip_dag.py
[2024-09-19T18:51:37.551+0000] {processor.py:914} INFO - Processing file /home/airflow/.local/lib/python3.12/site-packages/airflow/example_dags/example_skip_dag.py for tasks to queue
[2024-09-19T18:51:37.553+0000] {logging_mixin.py:190} INFO - [2024-09-19T18:51:37.552+0000] {dagbag.py:587} INFO - Filling up the DagBag from /home/airflow/.local/lib/python3.12/site-packages/airflow/example_dags/example_skip_dag.py
[2024-09-19T18:51:37.557+0000] {processor.py:925} INFO - DAG(s) 'example_skip_dag' retrieved from /home/airflow/.local/lib/python3.12/site-packages/airflow/example_dags/example_skip_dag.py
[2024-09-19T18:51:37.570+0000] {logging_mixin.py:190} INFO - [2024-09-19T18:51:37.570+0000] {dag.py:3211} INFO - Sync 1 DAGs
[2024-09-19T18:51:37.579+0000] {logging_mixin.py:190} INFO - [2024-09-19T18:51:37.579+0000] {dag.py:4138} INFO - Setting next_dagrun for example_skip_dag to 2024-09-18 00:00:00+00:00, run_after=2024-09-19 00:00:00+00:00
[2024-09-19T18:51:37.588+0000] {processor.py:208} INFO - Processing /home/airflow/.local/lib/python3.12/site-packages/airflow/example_dags/example_skip_dag.py took 0.043 seconds
