[2024-09-19T18:15:41.002+0000] {processor.py:186} INFO - Started process (PID=68) to work on /home/airflow/.local/lib/python3.12/site-packages/airflow/example_dags/example_latest_only.py
[2024-09-19T18:15:41.003+0000] {processor.py:914} INFO - Processing file /home/airflow/.local/lib/python3.12/site-packages/airflow/example_dags/example_latest_only.py for tasks to queue
[2024-09-19T18:15:41.004+0000] {logging_mixin.py:190} INFO - [2024-09-19T18:15:41.004+0000] {dagbag.py:587} INFO - Filling up the DagBag from /home/airflow/.local/lib/python3.12/site-packages/airflow/example_dags/example_latest_only.py
[2024-09-19T18:15:41.009+0000] {processor.py:925} INFO - DAG(s) 'latest_only' retrieved from /home/airflow/.local/lib/python3.12/site-packages/airflow/example_dags/example_latest_only.py
[2024-09-19T18:15:41.026+0000] {logging_mixin.py:190} INFO - [2024-09-19T18:15:41.026+0000] {dag.py:3211} INFO - Sync 1 DAGs
[2024-09-19T18:15:41.038+0000] {logging_mixin.py:190} INFO - [2024-09-19T18:15:41.038+0000] {dag.py:4138} INFO - Setting next_dagrun for latest_only to 2024-09-19 12:00:00+00:00, run_after=2024-09-19 16:00:00+00:00
[2024-09-19T18:15:41.055+0000] {processor.py:208} INFO - Processing /home/airflow/.local/lib/python3.12/site-packages/airflow/example_dags/example_latest_only.py took 0.057 seconds
[2024-09-19T18:16:11.600+0000] {processor.py:186} INFO - Started process (PID=135) to work on /home/airflow/.local/lib/python3.12/site-packages/airflow/example_dags/example_latest_only.py
[2024-09-19T18:16:11.602+0000] {processor.py:914} INFO - Processing file /home/airflow/.local/lib/python3.12/site-packages/airflow/example_dags/example_latest_only.py for tasks to queue
[2024-09-19T18:16:11.604+0000] {logging_mixin.py:190} INFO - [2024-09-19T18:16:11.603+0000] {dagbag.py:587} INFO - Filling up the DagBag from /home/airflow/.local/lib/python3.12/site-packages/airflow/example_dags/example_latest_only.py
[2024-09-19T18:16:11.612+0000] {processor.py:925} INFO - DAG(s) 'latest_only' retrieved from /home/airflow/.local/lib/python3.12/site-packages/airflow/example_dags/example_latest_only.py
[2024-09-19T18:16:11.634+0000] {logging_mixin.py:190} INFO - [2024-09-19T18:16:11.634+0000] {dag.py:3211} INFO - Sync 1 DAGs
[2024-09-19T18:16:11.651+0000] {logging_mixin.py:190} INFO - [2024-09-19T18:16:11.651+0000] {dag.py:4138} INFO - Setting next_dagrun for latest_only to 2024-09-19 12:00:00+00:00, run_after=2024-09-19 16:00:00+00:00
[2024-09-19T18:16:11.664+0000] {processor.py:208} INFO - Processing /home/airflow/.local/lib/python3.12/site-packages/airflow/example_dags/example_latest_only.py took 0.070 seconds
[2024-09-19T18:16:41.949+0000] {processor.py:186} INFO - Started process (PID=197) to work on /home/airflow/.local/lib/python3.12/site-packages/airflow/example_dags/example_latest_only.py
[2024-09-19T18:16:41.952+0000] {processor.py:914} INFO - Processing file /home/airflow/.local/lib/python3.12/site-packages/airflow/example_dags/example_latest_only.py for tasks to queue
[2024-09-19T18:16:41.953+0000] {logging_mixin.py:190} INFO - [2024-09-19T18:16:41.953+0000] {dagbag.py:587} INFO - Filling up the DagBag from /home/airflow/.local/lib/python3.12/site-packages/airflow/example_dags/example_latest_only.py
[2024-09-19T18:16:41.956+0000] {processor.py:925} INFO - DAG(s) 'latest_only' retrieved from /home/airflow/.local/lib/python3.12/site-packages/airflow/example_dags/example_latest_only.py
[2024-09-19T18:16:41.967+0000] {logging_mixin.py:190} INFO - [2024-09-19T18:16:41.967+0000] {dag.py:3211} INFO - Sync 1 DAGs
[2024-09-19T18:16:41.978+0000] {logging_mixin.py:190} INFO - [2024-09-19T18:16:41.978+0000] {dag.py:4138} INFO - Setting next_dagrun for latest_only to 2024-09-19 12:00:00+00:00, run_after=2024-09-19 16:00:00+00:00
[2024-09-19T18:16:41.991+0000] {processor.py:208} INFO - Processing /home/airflow/.local/lib/python3.12/site-packages/airflow/example_dags/example_latest_only.py took 0.045 seconds
[2024-09-19T18:17:12.321+0000] {processor.py:186} INFO - Started process (PID=259) to work on /home/airflow/.local/lib/python3.12/site-packages/airflow/example_dags/example_latest_only.py
[2024-09-19T18:17:12.323+0000] {processor.py:914} INFO - Processing file /home/airflow/.local/lib/python3.12/site-packages/airflow/example_dags/example_latest_only.py for tasks to queue
[2024-09-19T18:17:12.327+0000] {logging_mixin.py:190} INFO - [2024-09-19T18:17:12.327+0000] {dagbag.py:587} INFO - Filling up the DagBag from /home/airflow/.local/lib/python3.12/site-packages/airflow/example_dags/example_latest_only.py
[2024-09-19T18:17:12.330+0000] {processor.py:925} INFO - DAG(s) 'latest_only' retrieved from /home/airflow/.local/lib/python3.12/site-packages/airflow/example_dags/example_latest_only.py
[2024-09-19T18:17:12.346+0000] {logging_mixin.py:190} INFO - [2024-09-19T18:17:12.344+0000] {dag.py:3211} INFO - Sync 1 DAGs
[2024-09-19T18:17:12.360+0000] {logging_mixin.py:190} INFO - [2024-09-19T18:17:12.360+0000] {dag.py:4138} INFO - Setting next_dagrun for latest_only to 2024-09-19 12:00:00+00:00, run_after=2024-09-19 16:00:00+00:00
[2024-09-19T18:17:12.371+0000] {processor.py:208} INFO - Processing /home/airflow/.local/lib/python3.12/site-packages/airflow/example_dags/example_latest_only.py took 0.054 seconds
[2024-09-19T18:17:42.570+0000] {processor.py:186} INFO - Started process (PID=321) to work on /home/airflow/.local/lib/python3.12/site-packages/airflow/example_dags/example_latest_only.py
[2024-09-19T18:17:42.576+0000] {processor.py:914} INFO - Processing file /home/airflow/.local/lib/python3.12/site-packages/airflow/example_dags/example_latest_only.py for tasks to queue
[2024-09-19T18:17:42.578+0000] {logging_mixin.py:190} INFO - [2024-09-19T18:17:42.577+0000] {dagbag.py:587} INFO - Filling up the DagBag from /home/airflow/.local/lib/python3.12/site-packages/airflow/example_dags/example_latest_only.py
[2024-09-19T18:17:42.582+0000] {processor.py:925} INFO - DAG(s) 'latest_only' retrieved from /home/airflow/.local/lib/python3.12/site-packages/airflow/example_dags/example_latest_only.py
[2024-09-19T18:17:42.598+0000] {logging_mixin.py:190} INFO - [2024-09-19T18:17:42.597+0000] {dag.py:3211} INFO - Sync 1 DAGs
[2024-09-19T18:17:42.612+0000] {logging_mixin.py:190} INFO - [2024-09-19T18:17:42.612+0000] {dag.py:4138} INFO - Setting next_dagrun for latest_only to 2024-09-19 12:00:00+00:00, run_after=2024-09-19 16:00:00+00:00
[2024-09-19T18:17:42.625+0000] {processor.py:208} INFO - Processing /home/airflow/.local/lib/python3.12/site-packages/airflow/example_dags/example_latest_only.py took 0.064 seconds
[2024-09-19T18:18:13.042+0000] {processor.py:186} INFO - Started process (PID=383) to work on /home/airflow/.local/lib/python3.12/site-packages/airflow/example_dags/example_latest_only.py
[2024-09-19T18:18:13.046+0000] {processor.py:914} INFO - Processing file /home/airflow/.local/lib/python3.12/site-packages/airflow/example_dags/example_latest_only.py for tasks to queue
[2024-09-19T18:18:13.047+0000] {logging_mixin.py:190} INFO - [2024-09-19T18:18:13.047+0000] {dagbag.py:587} INFO - Filling up the DagBag from /home/airflow/.local/lib/python3.12/site-packages/airflow/example_dags/example_latest_only.py
[2024-09-19T18:18:13.051+0000] {processor.py:925} INFO - DAG(s) 'latest_only' retrieved from /home/airflow/.local/lib/python3.12/site-packages/airflow/example_dags/example_latest_only.py
[2024-09-19T18:18:13.078+0000] {logging_mixin.py:190} INFO - [2024-09-19T18:18:13.077+0000] {dag.py:3211} INFO - Sync 1 DAGs
[2024-09-19T18:18:13.092+0000] {logging_mixin.py:190} INFO - [2024-09-19T18:18:13.092+0000] {dag.py:4138} INFO - Setting next_dagrun for latest_only to 2024-09-19 12:00:00+00:00, run_after=2024-09-19 16:00:00+00:00
[2024-09-19T18:18:13.101+0000] {processor.py:208} INFO - Processing /home/airflow/.local/lib/python3.12/site-packages/airflow/example_dags/example_latest_only.py took 0.064 seconds
[2024-09-19T18:18:43.876+0000] {processor.py:186} INFO - Started process (PID=445) to work on /home/airflow/.local/lib/python3.12/site-packages/airflow/example_dags/example_latest_only.py
[2024-09-19T18:18:43.878+0000] {processor.py:914} INFO - Processing file /home/airflow/.local/lib/python3.12/site-packages/airflow/example_dags/example_latest_only.py for tasks to queue
[2024-09-19T18:18:43.880+0000] {logging_mixin.py:190} INFO - [2024-09-19T18:18:43.880+0000] {dagbag.py:587} INFO - Filling up the DagBag from /home/airflow/.local/lib/python3.12/site-packages/airflow/example_dags/example_latest_only.py
[2024-09-19T18:18:43.885+0000] {processor.py:925} INFO - DAG(s) 'latest_only' retrieved from /home/airflow/.local/lib/python3.12/site-packages/airflow/example_dags/example_latest_only.py
[2024-09-19T18:18:43.902+0000] {logging_mixin.py:190} INFO - [2024-09-19T18:18:43.901+0000] {dag.py:3211} INFO - Sync 1 DAGs
[2024-09-19T18:18:43.929+0000] {logging_mixin.py:190} INFO - [2024-09-19T18:18:43.928+0000] {dag.py:4138} INFO - Setting next_dagrun for latest_only to 2024-09-19 12:00:00+00:00, run_after=2024-09-19 16:00:00+00:00
[2024-09-19T18:18:43.954+0000] {processor.py:208} INFO - Processing /home/airflow/.local/lib/python3.12/site-packages/airflow/example_dags/example_latest_only.py took 0.083 seconds
[2024-09-19T18:19:14.753+0000] {processor.py:186} INFO - Started process (PID=507) to work on /home/airflow/.local/lib/python3.12/site-packages/airflow/example_dags/example_latest_only.py
[2024-09-19T18:19:14.755+0000] {processor.py:914} INFO - Processing file /home/airflow/.local/lib/python3.12/site-packages/airflow/example_dags/example_latest_only.py for tasks to queue
[2024-09-19T18:19:14.756+0000] {logging_mixin.py:190} INFO - [2024-09-19T18:19:14.756+0000] {dagbag.py:587} INFO - Filling up the DagBag from /home/airflow/.local/lib/python3.12/site-packages/airflow/example_dags/example_latest_only.py
[2024-09-19T18:19:14.759+0000] {processor.py:925} INFO - DAG(s) 'latest_only' retrieved from /home/airflow/.local/lib/python3.12/site-packages/airflow/example_dags/example_latest_only.py
[2024-09-19T18:19:14.775+0000] {logging_mixin.py:190} INFO - [2024-09-19T18:19:14.774+0000] {dag.py:3211} INFO - Sync 1 DAGs
[2024-09-19T18:19:14.786+0000] {logging_mixin.py:190} INFO - [2024-09-19T18:19:14.786+0000] {dag.py:4138} INFO - Setting next_dagrun for latest_only to 2024-09-19 12:00:00+00:00, run_after=2024-09-19 16:00:00+00:00
[2024-09-19T18:19:14.797+0000] {processor.py:208} INFO - Processing /home/airflow/.local/lib/python3.12/site-packages/airflow/example_dags/example_latest_only.py took 0.047 seconds
[2024-09-19T18:19:45.590+0000] {processor.py:186} INFO - Started process (PID=569) to work on /home/airflow/.local/lib/python3.12/site-packages/airflow/example_dags/example_latest_only.py
[2024-09-19T18:19:45.596+0000] {processor.py:914} INFO - Processing file /home/airflow/.local/lib/python3.12/site-packages/airflow/example_dags/example_latest_only.py for tasks to queue
[2024-09-19T18:19:45.598+0000] {logging_mixin.py:190} INFO - [2024-09-19T18:19:45.597+0000] {dagbag.py:587} INFO - Filling up the DagBag from /home/airflow/.local/lib/python3.12/site-packages/airflow/example_dags/example_latest_only.py
[2024-09-19T18:19:45.605+0000] {processor.py:925} INFO - DAG(s) 'latest_only' retrieved from /home/airflow/.local/lib/python3.12/site-packages/airflow/example_dags/example_latest_only.py
[2024-09-19T18:19:45.620+0000] {logging_mixin.py:190} INFO - [2024-09-19T18:19:45.620+0000] {dag.py:3211} INFO - Sync 1 DAGs
[2024-09-19T18:19:45.631+0000] {logging_mixin.py:190} INFO - [2024-09-19T18:19:45.631+0000] {dag.py:4138} INFO - Setting next_dagrun for latest_only to 2024-09-19 12:00:00+00:00, run_after=2024-09-19 16:00:00+00:00
[2024-09-19T18:19:45.641+0000] {processor.py:208} INFO - Processing /home/airflow/.local/lib/python3.12/site-packages/airflow/example_dags/example_latest_only.py took 0.059 seconds
[2024-09-19T18:20:16.483+0000] {processor.py:186} INFO - Started process (PID=631) to work on /home/airflow/.local/lib/python3.12/site-packages/airflow/example_dags/example_latest_only.py
[2024-09-19T18:20:16.484+0000] {processor.py:914} INFO - Processing file /home/airflow/.local/lib/python3.12/site-packages/airflow/example_dags/example_latest_only.py for tasks to queue
[2024-09-19T18:20:16.486+0000] {logging_mixin.py:190} INFO - [2024-09-19T18:20:16.485+0000] {dagbag.py:587} INFO - Filling up the DagBag from /home/airflow/.local/lib/python3.12/site-packages/airflow/example_dags/example_latest_only.py
[2024-09-19T18:20:16.490+0000] {processor.py:925} INFO - DAG(s) 'latest_only' retrieved from /home/airflow/.local/lib/python3.12/site-packages/airflow/example_dags/example_latest_only.py
[2024-09-19T18:20:16.502+0000] {logging_mixin.py:190} INFO - [2024-09-19T18:20:16.501+0000] {dag.py:3211} INFO - Sync 1 DAGs
[2024-09-19T18:20:16.513+0000] {logging_mixin.py:190} INFO - [2024-09-19T18:20:16.513+0000] {dag.py:4138} INFO - Setting next_dagrun for latest_only to 2024-09-19 12:00:00+00:00, run_after=2024-09-19 16:00:00+00:00
[2024-09-19T18:20:16.522+0000] {processor.py:208} INFO - Processing /home/airflow/.local/lib/python3.12/site-packages/airflow/example_dags/example_latest_only.py took 0.041 seconds
[2024-09-19T18:20:47.347+0000] {processor.py:186} INFO - Started process (PID=693) to work on /home/airflow/.local/lib/python3.12/site-packages/airflow/example_dags/example_latest_only.py
[2024-09-19T18:20:47.348+0000] {processor.py:914} INFO - Processing file /home/airflow/.local/lib/python3.12/site-packages/airflow/example_dags/example_latest_only.py for tasks to queue
[2024-09-19T18:20:47.349+0000] {logging_mixin.py:190} INFO - [2024-09-19T18:20:47.349+0000] {dagbag.py:587} INFO - Filling up the DagBag from /home/airflow/.local/lib/python3.12/site-packages/airflow/example_dags/example_latest_only.py
[2024-09-19T18:20:47.353+0000] {processor.py:925} INFO - DAG(s) 'latest_only' retrieved from /home/airflow/.local/lib/python3.12/site-packages/airflow/example_dags/example_latest_only.py
[2024-09-19T18:20:47.366+0000] {logging_mixin.py:190} INFO - [2024-09-19T18:20:47.366+0000] {dag.py:3211} INFO - Sync 1 DAGs
[2024-09-19T18:20:47.378+0000] {logging_mixin.py:190} INFO - [2024-09-19T18:20:47.378+0000] {dag.py:4138} INFO - Setting next_dagrun for latest_only to 2024-09-19 12:00:00+00:00, run_after=2024-09-19 16:00:00+00:00
[2024-09-19T18:20:47.393+0000] {processor.py:208} INFO - Processing /home/airflow/.local/lib/python3.12/site-packages/airflow/example_dags/example_latest_only.py took 0.049 seconds
[2024-09-19T18:21:18.369+0000] {processor.py:186} INFO - Started process (PID=755) to work on /home/airflow/.local/lib/python3.12/site-packages/airflow/example_dags/example_latest_only.py
[2024-09-19T18:21:18.371+0000] {processor.py:914} INFO - Processing file /home/airflow/.local/lib/python3.12/site-packages/airflow/example_dags/example_latest_only.py for tasks to queue
[2024-09-19T18:21:18.372+0000] {logging_mixin.py:190} INFO - [2024-09-19T18:21:18.372+0000] {dagbag.py:587} INFO - Filling up the DagBag from /home/airflow/.local/lib/python3.12/site-packages/airflow/example_dags/example_latest_only.py
[2024-09-19T18:21:18.376+0000] {processor.py:925} INFO - DAG(s) 'latest_only' retrieved from /home/airflow/.local/lib/python3.12/site-packages/airflow/example_dags/example_latest_only.py
[2024-09-19T18:21:18.393+0000] {logging_mixin.py:190} INFO - [2024-09-19T18:21:18.393+0000] {dag.py:3211} INFO - Sync 1 DAGs
[2024-09-19T18:21:18.404+0000] {logging_mixin.py:190} INFO - [2024-09-19T18:21:18.404+0000] {dag.py:4138} INFO - Setting next_dagrun for latest_only to 2024-09-19 12:00:00+00:00, run_after=2024-09-19 16:00:00+00:00
[2024-09-19T18:21:18.415+0000] {processor.py:208} INFO - Processing /home/airflow/.local/lib/python3.12/site-packages/airflow/example_dags/example_latest_only.py took 0.050 seconds
[2024-09-19T18:21:49.329+0000] {processor.py:186} INFO - Started process (PID=817) to work on /home/airflow/.local/lib/python3.12/site-packages/airflow/example_dags/example_latest_only.py
[2024-09-19T18:21:49.332+0000] {processor.py:914} INFO - Processing file /home/airflow/.local/lib/python3.12/site-packages/airflow/example_dags/example_latest_only.py for tasks to queue
[2024-09-19T18:21:49.333+0000] {logging_mixin.py:190} INFO - [2024-09-19T18:21:49.333+0000] {dagbag.py:587} INFO - Filling up the DagBag from /home/airflow/.local/lib/python3.12/site-packages/airflow/example_dags/example_latest_only.py
[2024-09-19T18:21:49.338+0000] {processor.py:925} INFO - DAG(s) 'latest_only' retrieved from /home/airflow/.local/lib/python3.12/site-packages/airflow/example_dags/example_latest_only.py
[2024-09-19T18:21:49.355+0000] {logging_mixin.py:190} INFO - [2024-09-19T18:21:49.355+0000] {dag.py:3211} INFO - Sync 1 DAGs
[2024-09-19T18:21:49.365+0000] {logging_mixin.py:190} INFO - [2024-09-19T18:21:49.365+0000] {dag.py:4138} INFO - Setting next_dagrun for latest_only to 2024-09-19 12:00:00+00:00, run_after=2024-09-19 16:00:00+00:00
[2024-09-19T18:21:49.375+0000] {processor.py:208} INFO - Processing /home/airflow/.local/lib/python3.12/site-packages/airflow/example_dags/example_latest_only.py took 0.051 seconds
[2024-09-19T18:22:20.326+0000] {processor.py:186} INFO - Started process (PID=879) to work on /home/airflow/.local/lib/python3.12/site-packages/airflow/example_dags/example_latest_only.py
[2024-09-19T18:22:20.327+0000] {processor.py:914} INFO - Processing file /home/airflow/.local/lib/python3.12/site-packages/airflow/example_dags/example_latest_only.py for tasks to queue
[2024-09-19T18:22:20.329+0000] {logging_mixin.py:190} INFO - [2024-09-19T18:22:20.329+0000] {dagbag.py:587} INFO - Filling up the DagBag from /home/airflow/.local/lib/python3.12/site-packages/airflow/example_dags/example_latest_only.py
[2024-09-19T18:22:20.334+0000] {processor.py:925} INFO - DAG(s) 'latest_only' retrieved from /home/airflow/.local/lib/python3.12/site-packages/airflow/example_dags/example_latest_only.py
[2024-09-19T18:22:20.346+0000] {logging_mixin.py:190} INFO - [2024-09-19T18:22:20.346+0000] {dag.py:3211} INFO - Sync 1 DAGs
[2024-09-19T18:22:20.358+0000] {logging_mixin.py:190} INFO - [2024-09-19T18:22:20.357+0000] {dag.py:4138} INFO - Setting next_dagrun for latest_only to 2024-09-19 12:00:00+00:00, run_after=2024-09-19 16:00:00+00:00
[2024-09-19T18:22:20.365+0000] {processor.py:208} INFO - Processing /home/airflow/.local/lib/python3.12/site-packages/airflow/example_dags/example_latest_only.py took 0.042 seconds
[2024-09-19T18:22:51.061+0000] {processor.py:186} INFO - Started process (PID=941) to work on /home/airflow/.local/lib/python3.12/site-packages/airflow/example_dags/example_latest_only.py
[2024-09-19T18:22:51.062+0000] {processor.py:914} INFO - Processing file /home/airflow/.local/lib/python3.12/site-packages/airflow/example_dags/example_latest_only.py for tasks to queue
[2024-09-19T18:22:51.063+0000] {logging_mixin.py:190} INFO - [2024-09-19T18:22:51.063+0000] {dagbag.py:587} INFO - Filling up the DagBag from /home/airflow/.local/lib/python3.12/site-packages/airflow/example_dags/example_latest_only.py
[2024-09-19T18:22:51.066+0000] {processor.py:925} INFO - DAG(s) 'latest_only' retrieved from /home/airflow/.local/lib/python3.12/site-packages/airflow/example_dags/example_latest_only.py
[2024-09-19T18:22:51.080+0000] {logging_mixin.py:190} INFO - [2024-09-19T18:22:51.080+0000] {dag.py:3211} INFO - Sync 1 DAGs
[2024-09-19T18:22:51.089+0000] {logging_mixin.py:190} INFO - [2024-09-19T18:22:51.089+0000] {dag.py:4138} INFO - Setting next_dagrun for latest_only to 2024-09-19 12:00:00+00:00, run_after=2024-09-19 16:00:00+00:00
[2024-09-19T18:22:51.100+0000] {processor.py:208} INFO - Processing /home/airflow/.local/lib/python3.12/site-packages/airflow/example_dags/example_latest_only.py took 0.042 seconds
[2024-09-19T18:23:21.492+0000] {processor.py:186} INFO - Started process (PID=1003) to work on /home/airflow/.local/lib/python3.12/site-packages/airflow/example_dags/example_latest_only.py
[2024-09-19T18:23:21.494+0000] {processor.py:914} INFO - Processing file /home/airflow/.local/lib/python3.12/site-packages/airflow/example_dags/example_latest_only.py for tasks to queue
[2024-09-19T18:23:21.496+0000] {logging_mixin.py:190} INFO - [2024-09-19T18:23:21.496+0000] {dagbag.py:587} INFO - Filling up the DagBag from /home/airflow/.local/lib/python3.12/site-packages/airflow/example_dags/example_latest_only.py
[2024-09-19T18:23:21.500+0000] {processor.py:925} INFO - DAG(s) 'latest_only' retrieved from /home/airflow/.local/lib/python3.12/site-packages/airflow/example_dags/example_latest_only.py
[2024-09-19T18:23:21.510+0000] {logging_mixin.py:190} INFO - [2024-09-19T18:23:21.510+0000] {dag.py:3211} INFO - Sync 1 DAGs
[2024-09-19T18:23:21.520+0000] {logging_mixin.py:190} INFO - [2024-09-19T18:23:21.520+0000] {dag.py:4138} INFO - Setting next_dagrun for latest_only to 2024-09-19 12:00:00+00:00, run_after=2024-09-19 16:00:00+00:00
[2024-09-19T18:23:21.531+0000] {processor.py:208} INFO - Processing /home/airflow/.local/lib/python3.12/site-packages/airflow/example_dags/example_latest_only.py took 0.042 seconds
[2024-09-19T18:23:52.355+0000] {processor.py:186} INFO - Started process (PID=1065) to work on /home/airflow/.local/lib/python3.12/site-packages/airflow/example_dags/example_latest_only.py
[2024-09-19T18:23:52.356+0000] {processor.py:914} INFO - Processing file /home/airflow/.local/lib/python3.12/site-packages/airflow/example_dags/example_latest_only.py for tasks to queue
[2024-09-19T18:23:52.358+0000] {logging_mixin.py:190} INFO - [2024-09-19T18:23:52.358+0000] {dagbag.py:587} INFO - Filling up the DagBag from /home/airflow/.local/lib/python3.12/site-packages/airflow/example_dags/example_latest_only.py
[2024-09-19T18:23:52.364+0000] {processor.py:925} INFO - DAG(s) 'latest_only' retrieved from /home/airflow/.local/lib/python3.12/site-packages/airflow/example_dags/example_latest_only.py
[2024-09-19T18:23:52.385+0000] {logging_mixin.py:190} INFO - [2024-09-19T18:23:52.385+0000] {dag.py:3211} INFO - Sync 1 DAGs
[2024-09-19T18:23:52.396+0000] {logging_mixin.py:190} INFO - [2024-09-19T18:23:52.396+0000] {dag.py:4138} INFO - Setting next_dagrun for latest_only to 2024-09-19 12:00:00+00:00, run_after=2024-09-19 16:00:00+00:00
[2024-09-19T18:23:52.408+0000] {processor.py:208} INFO - Processing /home/airflow/.local/lib/python3.12/site-packages/airflow/example_dags/example_latest_only.py took 0.058 seconds
[2024-09-19T18:24:23.117+0000] {processor.py:186} INFO - Started process (PID=1127) to work on /home/airflow/.local/lib/python3.12/site-packages/airflow/example_dags/example_latest_only.py
[2024-09-19T18:24:23.119+0000] {processor.py:914} INFO - Processing file /home/airflow/.local/lib/python3.12/site-packages/airflow/example_dags/example_latest_only.py for tasks to queue
[2024-09-19T18:24:23.120+0000] {logging_mixin.py:190} INFO - [2024-09-19T18:24:23.120+0000] {dagbag.py:587} INFO - Filling up the DagBag from /home/airflow/.local/lib/python3.12/site-packages/airflow/example_dags/example_latest_only.py
[2024-09-19T18:24:23.123+0000] {processor.py:925} INFO - DAG(s) 'latest_only' retrieved from /home/airflow/.local/lib/python3.12/site-packages/airflow/example_dags/example_latest_only.py
[2024-09-19T18:24:23.138+0000] {logging_mixin.py:190} INFO - [2024-09-19T18:24:23.138+0000] {dag.py:3211} INFO - Sync 1 DAGs
[2024-09-19T18:24:23.149+0000] {logging_mixin.py:190} INFO - [2024-09-19T18:24:23.149+0000] {dag.py:4138} INFO - Setting next_dagrun for latest_only to 2024-09-19 12:00:00+00:00, run_after=2024-09-19 16:00:00+00:00
[2024-09-19T18:24:23.159+0000] {processor.py:208} INFO - Processing /home/airflow/.local/lib/python3.12/site-packages/airflow/example_dags/example_latest_only.py took 0.044 seconds
[2024-09-19T18:24:53.420+0000] {processor.py:186} INFO - Started process (PID=1189) to work on /home/airflow/.local/lib/python3.12/site-packages/airflow/example_dags/example_latest_only.py
[2024-09-19T18:24:53.422+0000] {processor.py:914} INFO - Processing file /home/airflow/.local/lib/python3.12/site-packages/airflow/example_dags/example_latest_only.py for tasks to queue
[2024-09-19T18:24:53.424+0000] {logging_mixin.py:190} INFO - [2024-09-19T18:24:53.424+0000] {dagbag.py:587} INFO - Filling up the DagBag from /home/airflow/.local/lib/python3.12/site-packages/airflow/example_dags/example_latest_only.py
[2024-09-19T18:24:53.428+0000] {processor.py:925} INFO - DAG(s) 'latest_only' retrieved from /home/airflow/.local/lib/python3.12/site-packages/airflow/example_dags/example_latest_only.py
[2024-09-19T18:24:53.439+0000] {logging_mixin.py:190} INFO - [2024-09-19T18:24:53.439+0000] {dag.py:3211} INFO - Sync 1 DAGs
[2024-09-19T18:24:53.448+0000] {logging_mixin.py:190} INFO - [2024-09-19T18:24:53.448+0000] {dag.py:4138} INFO - Setting next_dagrun for latest_only to 2024-09-19 12:00:00+00:00, run_after=2024-09-19 16:00:00+00:00
[2024-09-19T18:24:53.456+0000] {processor.py:208} INFO - Processing /home/airflow/.local/lib/python3.12/site-packages/airflow/example_dags/example_latest_only.py took 0.039 seconds
[2024-09-19T18:25:24.033+0000] {processor.py:186} INFO - Started process (PID=1251) to work on /home/airflow/.local/lib/python3.12/site-packages/airflow/example_dags/example_latest_only.py
[2024-09-19T18:25:24.034+0000] {processor.py:914} INFO - Processing file /home/airflow/.local/lib/python3.12/site-packages/airflow/example_dags/example_latest_only.py for tasks to queue
[2024-09-19T18:25:24.035+0000] {logging_mixin.py:190} INFO - [2024-09-19T18:25:24.035+0000] {dagbag.py:587} INFO - Filling up the DagBag from /home/airflow/.local/lib/python3.12/site-packages/airflow/example_dags/example_latest_only.py
[2024-09-19T18:25:24.039+0000] {processor.py:925} INFO - DAG(s) 'latest_only' retrieved from /home/airflow/.local/lib/python3.12/site-packages/airflow/example_dags/example_latest_only.py
[2024-09-19T18:25:24.050+0000] {logging_mixin.py:190} INFO - [2024-09-19T18:25:24.050+0000] {dag.py:3211} INFO - Sync 1 DAGs
[2024-09-19T18:25:24.061+0000] {logging_mixin.py:190} INFO - [2024-09-19T18:25:24.061+0000] {dag.py:4138} INFO - Setting next_dagrun for latest_only to 2024-09-19 12:00:00+00:00, run_after=2024-09-19 16:00:00+00:00
[2024-09-19T18:25:24.074+0000] {processor.py:208} INFO - Processing /home/airflow/.local/lib/python3.12/site-packages/airflow/example_dags/example_latest_only.py took 0.046 seconds
[2024-09-19T18:25:54.698+0000] {processor.py:186} INFO - Started process (PID=1313) to work on /home/airflow/.local/lib/python3.12/site-packages/airflow/example_dags/example_latest_only.py
[2024-09-19T18:25:54.699+0000] {processor.py:914} INFO - Processing file /home/airflow/.local/lib/python3.12/site-packages/airflow/example_dags/example_latest_only.py for tasks to queue
[2024-09-19T18:25:54.701+0000] {logging_mixin.py:190} INFO - [2024-09-19T18:25:54.701+0000] {dagbag.py:587} INFO - Filling up the DagBag from /home/airflow/.local/lib/python3.12/site-packages/airflow/example_dags/example_latest_only.py
[2024-09-19T18:25:54.704+0000] {processor.py:925} INFO - DAG(s) 'latest_only' retrieved from /home/airflow/.local/lib/python3.12/site-packages/airflow/example_dags/example_latest_only.py
[2024-09-19T18:25:54.716+0000] {logging_mixin.py:190} INFO - [2024-09-19T18:25:54.716+0000] {dag.py:3211} INFO - Sync 1 DAGs
[2024-09-19T18:25:54.727+0000] {logging_mixin.py:190} INFO - [2024-09-19T18:25:54.727+0000] {dag.py:4138} INFO - Setting next_dagrun for latest_only to 2024-09-19 12:00:00+00:00, run_after=2024-09-19 16:00:00+00:00
[2024-09-19T18:25:54.738+0000] {processor.py:208} INFO - Processing /home/airflow/.local/lib/python3.12/site-packages/airflow/example_dags/example_latest_only.py took 0.042 seconds
[2024-09-19T18:26:25.674+0000] {processor.py:186} INFO - Started process (PID=1375) to work on /home/airflow/.local/lib/python3.12/site-packages/airflow/example_dags/example_latest_only.py
[2024-09-19T18:26:25.675+0000] {processor.py:914} INFO - Processing file /home/airflow/.local/lib/python3.12/site-packages/airflow/example_dags/example_latest_only.py for tasks to queue
[2024-09-19T18:26:25.677+0000] {logging_mixin.py:190} INFO - [2024-09-19T18:26:25.677+0000] {dagbag.py:587} INFO - Filling up the DagBag from /home/airflow/.local/lib/python3.12/site-packages/airflow/example_dags/example_latest_only.py
[2024-09-19T18:26:25.681+0000] {processor.py:925} INFO - DAG(s) 'latest_only' retrieved from /home/airflow/.local/lib/python3.12/site-packages/airflow/example_dags/example_latest_only.py
[2024-09-19T18:26:25.699+0000] {logging_mixin.py:190} INFO - [2024-09-19T18:26:25.699+0000] {dag.py:3211} INFO - Sync 1 DAGs
[2024-09-19T18:26:25.716+0000] {logging_mixin.py:190} INFO - [2024-09-19T18:26:25.716+0000] {dag.py:4138} INFO - Setting next_dagrun for latest_only to 2024-09-19 12:00:00+00:00, run_after=2024-09-19 16:00:00+00:00
[2024-09-19T18:26:25.728+0000] {processor.py:208} INFO - Processing /home/airflow/.local/lib/python3.12/site-packages/airflow/example_dags/example_latest_only.py took 0.057 seconds
[2024-09-19T18:26:56.629+0000] {processor.py:186} INFO - Started process (PID=1437) to work on /home/airflow/.local/lib/python3.12/site-packages/airflow/example_dags/example_latest_only.py
[2024-09-19T18:26:56.630+0000] {processor.py:914} INFO - Processing file /home/airflow/.local/lib/python3.12/site-packages/airflow/example_dags/example_latest_only.py for tasks to queue
[2024-09-19T18:26:56.631+0000] {logging_mixin.py:190} INFO - [2024-09-19T18:26:56.631+0000] {dagbag.py:587} INFO - Filling up the DagBag from /home/airflow/.local/lib/python3.12/site-packages/airflow/example_dags/example_latest_only.py
[2024-09-19T18:26:56.638+0000] {processor.py:925} INFO - DAG(s) 'latest_only' retrieved from /home/airflow/.local/lib/python3.12/site-packages/airflow/example_dags/example_latest_only.py
[2024-09-19T18:26:56.650+0000] {logging_mixin.py:190} INFO - [2024-09-19T18:26:56.650+0000] {dag.py:3211} INFO - Sync 1 DAGs
[2024-09-19T18:26:56.664+0000] {logging_mixin.py:190} INFO - [2024-09-19T18:26:56.664+0000] {dag.py:4138} INFO - Setting next_dagrun for latest_only to 2024-09-19 12:00:00+00:00, run_after=2024-09-19 16:00:00+00:00
[2024-09-19T18:26:56.672+0000] {processor.py:208} INFO - Processing /home/airflow/.local/lib/python3.12/site-packages/airflow/example_dags/example_latest_only.py took 0.048 seconds
[2024-09-19T18:27:26.868+0000] {processor.py:186} INFO - Started process (PID=1499) to work on /home/airflow/.local/lib/python3.12/site-packages/airflow/example_dags/example_latest_only.py
[2024-09-19T18:27:26.870+0000] {processor.py:914} INFO - Processing file /home/airflow/.local/lib/python3.12/site-packages/airflow/example_dags/example_latest_only.py for tasks to queue
[2024-09-19T18:27:26.871+0000] {logging_mixin.py:190} INFO - [2024-09-19T18:27:26.871+0000] {dagbag.py:587} INFO - Filling up the DagBag from /home/airflow/.local/lib/python3.12/site-packages/airflow/example_dags/example_latest_only.py
[2024-09-19T18:27:26.876+0000] {processor.py:925} INFO - DAG(s) 'latest_only' retrieved from /home/airflow/.local/lib/python3.12/site-packages/airflow/example_dags/example_latest_only.py
[2024-09-19T18:27:26.887+0000] {logging_mixin.py:190} INFO - [2024-09-19T18:27:26.887+0000] {dag.py:3211} INFO - Sync 1 DAGs
[2024-09-19T18:27:26.896+0000] {logging_mixin.py:190} INFO - [2024-09-19T18:27:26.896+0000] {dag.py:4138} INFO - Setting next_dagrun for latest_only to 2024-09-19 12:00:00+00:00, run_after=2024-09-19 16:00:00+00:00
[2024-09-19T18:27:26.908+0000] {processor.py:208} INFO - Processing /home/airflow/.local/lib/python3.12/site-packages/airflow/example_dags/example_latest_only.py took 0.043 seconds
[2024-09-19T18:27:57.449+0000] {processor.py:186} INFO - Started process (PID=1561) to work on /home/airflow/.local/lib/python3.12/site-packages/airflow/example_dags/example_latest_only.py
[2024-09-19T18:27:57.451+0000] {processor.py:914} INFO - Processing file /home/airflow/.local/lib/python3.12/site-packages/airflow/example_dags/example_latest_only.py for tasks to queue
[2024-09-19T18:27:57.455+0000] {logging_mixin.py:190} INFO - [2024-09-19T18:27:57.454+0000] {dagbag.py:587} INFO - Filling up the DagBag from /home/airflow/.local/lib/python3.12/site-packages/airflow/example_dags/example_latest_only.py
[2024-09-19T18:27:57.459+0000] {processor.py:925} INFO - DAG(s) 'latest_only' retrieved from /home/airflow/.local/lib/python3.12/site-packages/airflow/example_dags/example_latest_only.py
[2024-09-19T18:27:57.475+0000] {logging_mixin.py:190} INFO - [2024-09-19T18:27:57.475+0000] {dag.py:3211} INFO - Sync 1 DAGs
[2024-09-19T18:27:57.488+0000] {logging_mixin.py:190} INFO - [2024-09-19T18:27:57.488+0000] {dag.py:4138} INFO - Setting next_dagrun for latest_only to 2024-09-19 12:00:00+00:00, run_after=2024-09-19 16:00:00+00:00
[2024-09-19T18:27:57.497+0000] {processor.py:208} INFO - Processing /home/airflow/.local/lib/python3.12/site-packages/airflow/example_dags/example_latest_only.py took 0.053 seconds
[2024-09-19T18:28:28.376+0000] {processor.py:186} INFO - Started process (PID=1623) to work on /home/airflow/.local/lib/python3.12/site-packages/airflow/example_dags/example_latest_only.py
[2024-09-19T18:28:28.377+0000] {processor.py:914} INFO - Processing file /home/airflow/.local/lib/python3.12/site-packages/airflow/example_dags/example_latest_only.py for tasks to queue
[2024-09-19T18:28:28.379+0000] {logging_mixin.py:190} INFO - [2024-09-19T18:28:28.379+0000] {dagbag.py:587} INFO - Filling up the DagBag from /home/airflow/.local/lib/python3.12/site-packages/airflow/example_dags/example_latest_only.py
[2024-09-19T18:28:28.384+0000] {processor.py:925} INFO - DAG(s) 'latest_only' retrieved from /home/airflow/.local/lib/python3.12/site-packages/airflow/example_dags/example_latest_only.py
[2024-09-19T18:28:28.400+0000] {logging_mixin.py:190} INFO - [2024-09-19T18:28:28.400+0000] {dag.py:3211} INFO - Sync 1 DAGs
[2024-09-19T18:28:28.417+0000] {logging_mixin.py:190} INFO - [2024-09-19T18:28:28.417+0000] {dag.py:4138} INFO - Setting next_dagrun for latest_only to 2024-09-19 12:00:00+00:00, run_after=2024-09-19 16:00:00+00:00
[2024-09-19T18:28:28.424+0000] {processor.py:208} INFO - Processing /home/airflow/.local/lib/python3.12/site-packages/airflow/example_dags/example_latest_only.py took 0.051 seconds
[2024-09-19T18:28:59.047+0000] {processor.py:186} INFO - Started process (PID=1685) to work on /home/airflow/.local/lib/python3.12/site-packages/airflow/example_dags/example_latest_only.py
[2024-09-19T18:28:59.049+0000] {processor.py:914} INFO - Processing file /home/airflow/.local/lib/python3.12/site-packages/airflow/example_dags/example_latest_only.py for tasks to queue
[2024-09-19T18:28:59.051+0000] {logging_mixin.py:190} INFO - [2024-09-19T18:28:59.050+0000] {dagbag.py:587} INFO - Filling up the DagBag from /home/airflow/.local/lib/python3.12/site-packages/airflow/example_dags/example_latest_only.py
[2024-09-19T18:28:59.056+0000] {processor.py:925} INFO - DAG(s) 'latest_only' retrieved from /home/airflow/.local/lib/python3.12/site-packages/airflow/example_dags/example_latest_only.py
[2024-09-19T18:28:59.074+0000] {logging_mixin.py:190} INFO - [2024-09-19T18:28:59.074+0000] {dag.py:3211} INFO - Sync 1 DAGs
[2024-09-19T18:28:59.090+0000] {logging_mixin.py:190} INFO - [2024-09-19T18:28:59.090+0000] {dag.py:4138} INFO - Setting next_dagrun for latest_only to 2024-09-19 12:00:00+00:00, run_after=2024-09-19 16:00:00+00:00
[2024-09-19T18:28:59.119+0000] {processor.py:208} INFO - Processing /home/airflow/.local/lib/python3.12/site-packages/airflow/example_dags/example_latest_only.py took 0.075 seconds
[2024-09-19T18:29:29.778+0000] {processor.py:186} INFO - Started process (PID=1747) to work on /home/airflow/.local/lib/python3.12/site-packages/airflow/example_dags/example_latest_only.py
[2024-09-19T18:29:29.780+0000] {processor.py:914} INFO - Processing file /home/airflow/.local/lib/python3.12/site-packages/airflow/example_dags/example_latest_only.py for tasks to queue
[2024-09-19T18:29:29.781+0000] {logging_mixin.py:190} INFO - [2024-09-19T18:29:29.781+0000] {dagbag.py:587} INFO - Filling up the DagBag from /home/airflow/.local/lib/python3.12/site-packages/airflow/example_dags/example_latest_only.py
[2024-09-19T18:29:29.785+0000] {processor.py:925} INFO - DAG(s) 'latest_only' retrieved from /home/airflow/.local/lib/python3.12/site-packages/airflow/example_dags/example_latest_only.py
[2024-09-19T18:29:29.805+0000] {logging_mixin.py:190} INFO - [2024-09-19T18:29:29.805+0000] {dag.py:3211} INFO - Sync 1 DAGs
[2024-09-19T18:29:29.815+0000] {logging_mixin.py:190} INFO - [2024-09-19T18:29:29.815+0000] {dag.py:4138} INFO - Setting next_dagrun for latest_only to 2024-09-19 12:00:00+00:00, run_after=2024-09-19 16:00:00+00:00
[2024-09-19T18:29:29.827+0000] {processor.py:208} INFO - Processing /home/airflow/.local/lib/python3.12/site-packages/airflow/example_dags/example_latest_only.py took 0.052 seconds
[2024-09-19T18:30:00.766+0000] {processor.py:186} INFO - Started process (PID=1809) to work on /home/airflow/.local/lib/python3.12/site-packages/airflow/example_dags/example_latest_only.py
[2024-09-19T18:30:00.769+0000] {processor.py:914} INFO - Processing file /home/airflow/.local/lib/python3.12/site-packages/airflow/example_dags/example_latest_only.py for tasks to queue
[2024-09-19T18:30:00.771+0000] {logging_mixin.py:190} INFO - [2024-09-19T18:30:00.771+0000] {dagbag.py:587} INFO - Filling up the DagBag from /home/airflow/.local/lib/python3.12/site-packages/airflow/example_dags/example_latest_only.py
[2024-09-19T18:30:00.777+0000] {processor.py:925} INFO - DAG(s) 'latest_only' retrieved from /home/airflow/.local/lib/python3.12/site-packages/airflow/example_dags/example_latest_only.py
[2024-09-19T18:30:00.790+0000] {logging_mixin.py:190} INFO - [2024-09-19T18:30:00.790+0000] {dag.py:3211} INFO - Sync 1 DAGs
[2024-09-19T18:30:00.805+0000] {logging_mixin.py:190} INFO - [2024-09-19T18:30:00.805+0000] {dag.py:4138} INFO - Setting next_dagrun for latest_only to 2024-09-19 12:00:00+00:00, run_after=2024-09-19 16:00:00+00:00
[2024-09-19T18:30:00.815+0000] {processor.py:208} INFO - Processing /home/airflow/.local/lib/python3.12/site-packages/airflow/example_dags/example_latest_only.py took 0.053 seconds
[2024-09-19T18:30:31.309+0000] {processor.py:186} INFO - Started process (PID=1877) to work on /home/airflow/.local/lib/python3.12/site-packages/airflow/example_dags/example_latest_only.py
[2024-09-19T18:30:31.311+0000] {processor.py:914} INFO - Processing file /home/airflow/.local/lib/python3.12/site-packages/airflow/example_dags/example_latest_only.py for tasks to queue
[2024-09-19T18:30:31.314+0000] {logging_mixin.py:190} INFO - [2024-09-19T18:30:31.313+0000] {dagbag.py:587} INFO - Filling up the DagBag from /home/airflow/.local/lib/python3.12/site-packages/airflow/example_dags/example_latest_only.py
[2024-09-19T18:30:31.318+0000] {processor.py:925} INFO - DAG(s) 'latest_only' retrieved from /home/airflow/.local/lib/python3.12/site-packages/airflow/example_dags/example_latest_only.py
[2024-09-19T18:30:31.335+0000] {logging_mixin.py:190} INFO - [2024-09-19T18:30:31.334+0000] {dag.py:3211} INFO - Sync 1 DAGs
[2024-09-19T18:30:31.355+0000] {logging_mixin.py:190} INFO - [2024-09-19T18:30:31.355+0000] {dag.py:4138} INFO - Setting next_dagrun for latest_only to 2024-09-19 12:00:00+00:00, run_after=2024-09-19 16:00:00+00:00
[2024-09-19T18:30:31.367+0000] {processor.py:208} INFO - Processing /home/airflow/.local/lib/python3.12/site-packages/airflow/example_dags/example_latest_only.py took 0.061 seconds
[2024-09-19T18:31:01.717+0000] {processor.py:186} INFO - Started process (PID=1939) to work on /home/airflow/.local/lib/python3.12/site-packages/airflow/example_dags/example_latest_only.py
[2024-09-19T18:31:01.720+0000] {processor.py:914} INFO - Processing file /home/airflow/.local/lib/python3.12/site-packages/airflow/example_dags/example_latest_only.py for tasks to queue
[2024-09-19T18:31:01.722+0000] {logging_mixin.py:190} INFO - [2024-09-19T18:31:01.722+0000] {dagbag.py:587} INFO - Filling up the DagBag from /home/airflow/.local/lib/python3.12/site-packages/airflow/example_dags/example_latest_only.py
[2024-09-19T18:31:01.727+0000] {processor.py:925} INFO - DAG(s) 'latest_only' retrieved from /home/airflow/.local/lib/python3.12/site-packages/airflow/example_dags/example_latest_only.py
[2024-09-19T18:31:01.745+0000] {logging_mixin.py:190} INFO - [2024-09-19T18:31:01.745+0000] {dag.py:3211} INFO - Sync 1 DAGs
[2024-09-19T18:31:01.760+0000] {logging_mixin.py:190} INFO - [2024-09-19T18:31:01.760+0000] {dag.py:4138} INFO - Setting next_dagrun for latest_only to 2024-09-19 12:00:00+00:00, run_after=2024-09-19 16:00:00+00:00
[2024-09-19T18:31:01.768+0000] {processor.py:208} INFO - Processing /home/airflow/.local/lib/python3.12/site-packages/airflow/example_dags/example_latest_only.py took 0.057 seconds
[2024-09-19T18:31:32.051+0000] {processor.py:186} INFO - Started process (PID=1999) to work on /home/airflow/.local/lib/python3.12/site-packages/airflow/example_dags/example_latest_only.py
[2024-09-19T18:31:32.052+0000] {processor.py:914} INFO - Processing file /home/airflow/.local/lib/python3.12/site-packages/airflow/example_dags/example_latest_only.py for tasks to queue
[2024-09-19T18:31:32.054+0000] {logging_mixin.py:190} INFO - [2024-09-19T18:31:32.053+0000] {dagbag.py:587} INFO - Filling up the DagBag from /home/airflow/.local/lib/python3.12/site-packages/airflow/example_dags/example_latest_only.py
[2024-09-19T18:31:32.061+0000] {processor.py:925} INFO - DAG(s) 'latest_only' retrieved from /home/airflow/.local/lib/python3.12/site-packages/airflow/example_dags/example_latest_only.py
[2024-09-19T18:31:32.077+0000] {logging_mixin.py:190} INFO - [2024-09-19T18:31:32.077+0000] {dag.py:3211} INFO - Sync 1 DAGs
[2024-09-19T18:31:32.088+0000] {logging_mixin.py:190} INFO - [2024-09-19T18:31:32.088+0000] {dag.py:4138} INFO - Setting next_dagrun for latest_only to 2024-09-19 12:00:00+00:00, run_after=2024-09-19 16:00:00+00:00
[2024-09-19T18:31:32.101+0000] {processor.py:208} INFO - Processing /home/airflow/.local/lib/python3.12/site-packages/airflow/example_dags/example_latest_only.py took 0.054 seconds
[2024-09-19T18:32:02.155+0000] {processor.py:186} INFO - Started process (PID=2061) to work on /home/airflow/.local/lib/python3.12/site-packages/airflow/example_dags/example_latest_only.py
[2024-09-19T18:32:02.155+0000] {processor.py:914} INFO - Processing file /home/airflow/.local/lib/python3.12/site-packages/airflow/example_dags/example_latest_only.py for tasks to queue
[2024-09-19T18:32:02.156+0000] {logging_mixin.py:190} INFO - [2024-09-19T18:32:02.156+0000] {dagbag.py:587} INFO - Filling up the DagBag from /home/airflow/.local/lib/python3.12/site-packages/airflow/example_dags/example_latest_only.py
[2024-09-19T18:32:02.159+0000] {processor.py:925} INFO - DAG(s) 'latest_only' retrieved from /home/airflow/.local/lib/python3.12/site-packages/airflow/example_dags/example_latest_only.py
[2024-09-19T18:32:02.169+0000] {logging_mixin.py:190} INFO - [2024-09-19T18:32:02.169+0000] {dag.py:3211} INFO - Sync 1 DAGs
[2024-09-19T18:32:02.179+0000] {logging_mixin.py:190} INFO - [2024-09-19T18:32:02.179+0000] {dag.py:4138} INFO - Setting next_dagrun for latest_only to 2024-09-19 12:00:00+00:00, run_after=2024-09-19 16:00:00+00:00
[2024-09-19T18:32:02.219+0000] {processor.py:208} INFO - Processing /home/airflow/.local/lib/python3.12/site-packages/airflow/example_dags/example_latest_only.py took 0.067 seconds
[2024-09-19T18:32:32.859+0000] {processor.py:186} INFO - Started process (PID=2123) to work on /home/airflow/.local/lib/python3.12/site-packages/airflow/example_dags/example_latest_only.py
[2024-09-19T18:32:32.860+0000] {processor.py:914} INFO - Processing file /home/airflow/.local/lib/python3.12/site-packages/airflow/example_dags/example_latest_only.py for tasks to queue
[2024-09-19T18:32:32.862+0000] {logging_mixin.py:190} INFO - [2024-09-19T18:32:32.862+0000] {dagbag.py:587} INFO - Filling up the DagBag from /home/airflow/.local/lib/python3.12/site-packages/airflow/example_dags/example_latest_only.py
[2024-09-19T18:32:32.867+0000] {processor.py:925} INFO - DAG(s) 'latest_only' retrieved from /home/airflow/.local/lib/python3.12/site-packages/airflow/example_dags/example_latest_only.py
[2024-09-19T18:32:32.876+0000] {logging_mixin.py:190} INFO - [2024-09-19T18:32:32.876+0000] {dag.py:3211} INFO - Sync 1 DAGs
[2024-09-19T18:32:32.885+0000] {logging_mixin.py:190} INFO - [2024-09-19T18:32:32.885+0000] {dag.py:4138} INFO - Setting next_dagrun for latest_only to 2024-09-19 12:00:00+00:00, run_after=2024-09-19 16:00:00+00:00
[2024-09-19T18:32:32.892+0000] {processor.py:208} INFO - Processing /home/airflow/.local/lib/python3.12/site-packages/airflow/example_dags/example_latest_only.py took 0.038 seconds
[2024-09-19T18:33:03.428+0000] {processor.py:186} INFO - Started process (PID=2185) to work on /home/airflow/.local/lib/python3.12/site-packages/airflow/example_dags/example_latest_only.py
[2024-09-19T18:33:03.429+0000] {processor.py:914} INFO - Processing file /home/airflow/.local/lib/python3.12/site-packages/airflow/example_dags/example_latest_only.py for tasks to queue
[2024-09-19T18:33:03.430+0000] {logging_mixin.py:190} INFO - [2024-09-19T18:33:03.430+0000] {dagbag.py:587} INFO - Filling up the DagBag from /home/airflow/.local/lib/python3.12/site-packages/airflow/example_dags/example_latest_only.py
[2024-09-19T18:33:03.435+0000] {processor.py:925} INFO - DAG(s) 'latest_only' retrieved from /home/airflow/.local/lib/python3.12/site-packages/airflow/example_dags/example_latest_only.py
[2024-09-19T18:33:03.444+0000] {logging_mixin.py:190} INFO - [2024-09-19T18:33:03.444+0000] {dag.py:3211} INFO - Sync 1 DAGs
[2024-09-19T18:33:03.454+0000] {logging_mixin.py:190} INFO - [2024-09-19T18:33:03.454+0000] {dag.py:4138} INFO - Setting next_dagrun for latest_only to 2024-09-19 12:00:00+00:00, run_after=2024-09-19 16:00:00+00:00
[2024-09-19T18:33:03.464+0000] {processor.py:208} INFO - Processing /home/airflow/.local/lib/python3.12/site-packages/airflow/example_dags/example_latest_only.py took 0.039 seconds
[2024-09-19T18:33:33.582+0000] {processor.py:186} INFO - Started process (PID=2247) to work on /home/airflow/.local/lib/python3.12/site-packages/airflow/example_dags/example_latest_only.py
[2024-09-19T18:33:33.583+0000] {processor.py:914} INFO - Processing file /home/airflow/.local/lib/python3.12/site-packages/airflow/example_dags/example_latest_only.py for tasks to queue
[2024-09-19T18:33:33.585+0000] {logging_mixin.py:190} INFO - [2024-09-19T18:33:33.584+0000] {dagbag.py:587} INFO - Filling up the DagBag from /home/airflow/.local/lib/python3.12/site-packages/airflow/example_dags/example_latest_only.py
[2024-09-19T18:33:33.590+0000] {processor.py:925} INFO - DAG(s) 'latest_only' retrieved from /home/airflow/.local/lib/python3.12/site-packages/airflow/example_dags/example_latest_only.py
[2024-09-19T18:33:33.599+0000] {logging_mixin.py:190} INFO - [2024-09-19T18:33:33.599+0000] {dag.py:3211} INFO - Sync 1 DAGs
[2024-09-19T18:33:33.608+0000] {logging_mixin.py:190} INFO - [2024-09-19T18:33:33.608+0000] {dag.py:4138} INFO - Setting next_dagrun for latest_only to 2024-09-19 12:00:00+00:00, run_after=2024-09-19 16:00:00+00:00
[2024-09-19T18:33:33.615+0000] {processor.py:208} INFO - Processing /home/airflow/.local/lib/python3.12/site-packages/airflow/example_dags/example_latest_only.py took 0.036 seconds
[2024-09-19T18:34:04.032+0000] {processor.py:186} INFO - Started process (PID=2309) to work on /home/airflow/.local/lib/python3.12/site-packages/airflow/example_dags/example_latest_only.py
[2024-09-19T18:34:04.033+0000] {processor.py:914} INFO - Processing file /home/airflow/.local/lib/python3.12/site-packages/airflow/example_dags/example_latest_only.py for tasks to queue
[2024-09-19T18:34:04.033+0000] {logging_mixin.py:190} INFO - [2024-09-19T18:34:04.033+0000] {dagbag.py:587} INFO - Filling up the DagBag from /home/airflow/.local/lib/python3.12/site-packages/airflow/example_dags/example_latest_only.py
[2024-09-19T18:34:04.037+0000] {processor.py:925} INFO - DAG(s) 'latest_only' retrieved from /home/airflow/.local/lib/python3.12/site-packages/airflow/example_dags/example_latest_only.py
[2024-09-19T18:34:04.046+0000] {logging_mixin.py:190} INFO - [2024-09-19T18:34:04.045+0000] {dag.py:3211} INFO - Sync 1 DAGs
[2024-09-19T18:34:04.055+0000] {logging_mixin.py:190} INFO - [2024-09-19T18:34:04.055+0000] {dag.py:4138} INFO - Setting next_dagrun for latest_only to 2024-09-19 12:00:00+00:00, run_after=2024-09-19 16:00:00+00:00
[2024-09-19T18:34:04.062+0000] {processor.py:208} INFO - Processing /home/airflow/.local/lib/python3.12/site-packages/airflow/example_dags/example_latest_only.py took 0.032 seconds
[2024-09-19T18:34:35.009+0000] {processor.py:186} INFO - Started process (PID=2371) to work on /home/airflow/.local/lib/python3.12/site-packages/airflow/example_dags/example_latest_only.py
[2024-09-19T18:34:35.010+0000] {processor.py:914} INFO - Processing file /home/airflow/.local/lib/python3.12/site-packages/airflow/example_dags/example_latest_only.py for tasks to queue
[2024-09-19T18:34:35.016+0000] {logging_mixin.py:190} INFO - [2024-09-19T18:34:35.016+0000] {dagbag.py:587} INFO - Filling up the DagBag from /home/airflow/.local/lib/python3.12/site-packages/airflow/example_dags/example_latest_only.py
[2024-09-19T18:34:35.023+0000] {processor.py:925} INFO - DAG(s) 'latest_only' retrieved from /home/airflow/.local/lib/python3.12/site-packages/airflow/example_dags/example_latest_only.py
[2024-09-19T18:34:35.043+0000] {logging_mixin.py:190} INFO - [2024-09-19T18:34:35.042+0000] {dag.py:3211} INFO - Sync 1 DAGs
[2024-09-19T18:34:35.062+0000] {logging_mixin.py:190} INFO - [2024-09-19T18:34:35.062+0000] {dag.py:4138} INFO - Setting next_dagrun for latest_only to 2024-09-19 12:00:00+00:00, run_after=2024-09-19 16:00:00+00:00
[2024-09-19T18:34:35.077+0000] {processor.py:208} INFO - Processing /home/airflow/.local/lib/python3.12/site-packages/airflow/example_dags/example_latest_only.py took 0.072 seconds
[2024-09-19T18:35:06.375+0000] {processor.py:186} INFO - Started process (PID=2434) to work on /home/airflow/.local/lib/python3.12/site-packages/airflow/example_dags/example_latest_only.py
[2024-09-19T18:35:06.376+0000] {processor.py:914} INFO - Processing file /home/airflow/.local/lib/python3.12/site-packages/airflow/example_dags/example_latest_only.py for tasks to queue
[2024-09-19T18:35:06.378+0000] {logging_mixin.py:190} INFO - [2024-09-19T18:35:06.378+0000] {dagbag.py:587} INFO - Filling up the DagBag from /home/airflow/.local/lib/python3.12/site-packages/airflow/example_dags/example_latest_only.py
[2024-09-19T18:35:06.381+0000] {processor.py:925} INFO - DAG(s) 'latest_only' retrieved from /home/airflow/.local/lib/python3.12/site-packages/airflow/example_dags/example_latest_only.py
[2024-09-19T18:35:06.392+0000] {logging_mixin.py:190} INFO - [2024-09-19T18:35:06.392+0000] {dag.py:3211} INFO - Sync 1 DAGs
[2024-09-19T18:35:06.402+0000] {logging_mixin.py:190} INFO - [2024-09-19T18:35:06.402+0000] {dag.py:4138} INFO - Setting next_dagrun for latest_only to 2024-09-19 12:00:00+00:00, run_after=2024-09-19 16:00:00+00:00
[2024-09-19T18:35:06.410+0000] {processor.py:208} INFO - Processing /home/airflow/.local/lib/python3.12/site-packages/airflow/example_dags/example_latest_only.py took 0.038 seconds
[2024-09-19T18:35:37.537+0000] {processor.py:186} INFO - Started process (PID=2496) to work on /home/airflow/.local/lib/python3.12/site-packages/airflow/example_dags/example_latest_only.py
[2024-09-19T18:35:37.538+0000] {processor.py:914} INFO - Processing file /home/airflow/.local/lib/python3.12/site-packages/airflow/example_dags/example_latest_only.py for tasks to queue
[2024-09-19T18:35:37.539+0000] {logging_mixin.py:190} INFO - [2024-09-19T18:35:37.539+0000] {dagbag.py:587} INFO - Filling up the DagBag from /home/airflow/.local/lib/python3.12/site-packages/airflow/example_dags/example_latest_only.py
[2024-09-19T18:35:37.543+0000] {processor.py:925} INFO - DAG(s) 'latest_only' retrieved from /home/airflow/.local/lib/python3.12/site-packages/airflow/example_dags/example_latest_only.py
[2024-09-19T18:35:37.554+0000] {logging_mixin.py:190} INFO - [2024-09-19T18:35:37.553+0000] {dag.py:3211} INFO - Sync 1 DAGs
[2024-09-19T18:35:37.566+0000] {logging_mixin.py:190} INFO - [2024-09-19T18:35:37.566+0000] {dag.py:4138} INFO - Setting next_dagrun for latest_only to 2024-09-19 12:00:00+00:00, run_after=2024-09-19 16:00:00+00:00
[2024-09-19T18:35:37.577+0000] {processor.py:208} INFO - Processing /home/airflow/.local/lib/python3.12/site-packages/airflow/example_dags/example_latest_only.py took 0.043 seconds
[2024-09-19T18:36:08.000+0000] {processor.py:186} INFO - Started process (PID=2558) to work on /home/airflow/.local/lib/python3.12/site-packages/airflow/example_dags/example_latest_only.py
[2024-09-19T18:36:08.001+0000] {processor.py:914} INFO - Processing file /home/airflow/.local/lib/python3.12/site-packages/airflow/example_dags/example_latest_only.py for tasks to queue
[2024-09-19T18:36:08.002+0000] {logging_mixin.py:190} INFO - [2024-09-19T18:36:08.002+0000] {dagbag.py:587} INFO - Filling up the DagBag from /home/airflow/.local/lib/python3.12/site-packages/airflow/example_dags/example_latest_only.py
[2024-09-19T18:36:08.005+0000] {processor.py:925} INFO - DAG(s) 'latest_only' retrieved from /home/airflow/.local/lib/python3.12/site-packages/airflow/example_dags/example_latest_only.py
[2024-09-19T18:36:08.014+0000] {logging_mixin.py:190} INFO - [2024-09-19T18:36:08.014+0000] {dag.py:3211} INFO - Sync 1 DAGs
[2024-09-19T18:36:08.025+0000] {logging_mixin.py:190} INFO - [2024-09-19T18:36:08.025+0000] {dag.py:4138} INFO - Setting next_dagrun for latest_only to 2024-09-19 12:00:00+00:00, run_after=2024-09-19 16:00:00+00:00
[2024-09-19T18:36:08.033+0000] {processor.py:208} INFO - Processing /home/airflow/.local/lib/python3.12/site-packages/airflow/example_dags/example_latest_only.py took 0.035 seconds
[2024-09-19T18:36:38.460+0000] {processor.py:186} INFO - Started process (PID=2620) to work on /home/airflow/.local/lib/python3.12/site-packages/airflow/example_dags/example_latest_only.py
[2024-09-19T18:36:38.461+0000] {processor.py:914} INFO - Processing file /home/airflow/.local/lib/python3.12/site-packages/airflow/example_dags/example_latest_only.py for tasks to queue
[2024-09-19T18:36:38.463+0000] {logging_mixin.py:190} INFO - [2024-09-19T18:36:38.463+0000] {dagbag.py:587} INFO - Filling up the DagBag from /home/airflow/.local/lib/python3.12/site-packages/airflow/example_dags/example_latest_only.py
[2024-09-19T18:36:38.466+0000] {processor.py:925} INFO - DAG(s) 'latest_only' retrieved from /home/airflow/.local/lib/python3.12/site-packages/airflow/example_dags/example_latest_only.py
[2024-09-19T18:36:38.480+0000] {logging_mixin.py:190} INFO - [2024-09-19T18:36:38.480+0000] {dag.py:3211} INFO - Sync 1 DAGs
[2024-09-19T18:36:38.512+0000] {logging_mixin.py:190} INFO - [2024-09-19T18:36:38.511+0000] {dag.py:4138} INFO - Setting next_dagrun for latest_only to 2024-09-19 12:00:00+00:00, run_after=2024-09-19 16:00:00+00:00
[2024-09-19T18:36:38.539+0000] {processor.py:208} INFO - Processing /home/airflow/.local/lib/python3.12/site-packages/airflow/example_dags/example_latest_only.py took 0.081 seconds
[2024-09-19T18:37:09.717+0000] {processor.py:186} INFO - Started process (PID=2682) to work on /home/airflow/.local/lib/python3.12/site-packages/airflow/example_dags/example_latest_only.py
[2024-09-19T18:37:09.718+0000] {processor.py:914} INFO - Processing file /home/airflow/.local/lib/python3.12/site-packages/airflow/example_dags/example_latest_only.py for tasks to queue
[2024-09-19T18:37:09.719+0000] {logging_mixin.py:190} INFO - [2024-09-19T18:37:09.718+0000] {dagbag.py:587} INFO - Filling up the DagBag from /home/airflow/.local/lib/python3.12/site-packages/airflow/example_dags/example_latest_only.py
[2024-09-19T18:37:09.722+0000] {processor.py:925} INFO - DAG(s) 'latest_only' retrieved from /home/airflow/.local/lib/python3.12/site-packages/airflow/example_dags/example_latest_only.py
[2024-09-19T18:37:09.735+0000] {logging_mixin.py:190} INFO - [2024-09-19T18:37:09.735+0000] {dag.py:3211} INFO - Sync 1 DAGs
[2024-09-19T18:37:09.752+0000] {logging_mixin.py:190} INFO - [2024-09-19T18:37:09.751+0000] {dag.py:4138} INFO - Setting next_dagrun for latest_only to 2024-09-19 12:00:00+00:00, run_after=2024-09-19 16:00:00+00:00
[2024-09-19T18:37:09.764+0000] {processor.py:208} INFO - Processing /home/airflow/.local/lib/python3.12/site-packages/airflow/example_dags/example_latest_only.py took 0.050 seconds
[2024-09-19T18:37:40.949+0000] {processor.py:186} INFO - Started process (PID=2750) to work on /home/airflow/.local/lib/python3.12/site-packages/airflow/example_dags/example_latest_only.py
[2024-09-19T18:37:40.951+0000] {processor.py:914} INFO - Processing file /home/airflow/.local/lib/python3.12/site-packages/airflow/example_dags/example_latest_only.py for tasks to queue
[2024-09-19T18:37:40.953+0000] {logging_mixin.py:190} INFO - [2024-09-19T18:37:40.952+0000] {dagbag.py:587} INFO - Filling up the DagBag from /home/airflow/.local/lib/python3.12/site-packages/airflow/example_dags/example_latest_only.py
[2024-09-19T18:37:40.957+0000] {processor.py:925} INFO - DAG(s) 'latest_only' retrieved from /home/airflow/.local/lib/python3.12/site-packages/airflow/example_dags/example_latest_only.py
[2024-09-19T18:37:40.980+0000] {logging_mixin.py:190} INFO - [2024-09-19T18:37:40.980+0000] {dag.py:3211} INFO - Sync 1 DAGs
[2024-09-19T18:37:40.993+0000] {logging_mixin.py:190} INFO - [2024-09-19T18:37:40.992+0000] {dag.py:4138} INFO - Setting next_dagrun for latest_only to 2024-09-19 12:00:00+00:00, run_after=2024-09-19 16:00:00+00:00
[2024-09-19T18:37:41.005+0000] {processor.py:208} INFO - Processing /home/airflow/.local/lib/python3.12/site-packages/airflow/example_dags/example_latest_only.py took 0.060 seconds
[2024-09-19T18:38:12.302+0000] {processor.py:186} INFO - Started process (PID=2812) to work on /home/airflow/.local/lib/python3.12/site-packages/airflow/example_dags/example_latest_only.py
[2024-09-19T18:38:12.303+0000] {processor.py:914} INFO - Processing file /home/airflow/.local/lib/python3.12/site-packages/airflow/example_dags/example_latest_only.py for tasks to queue
[2024-09-19T18:38:12.304+0000] {logging_mixin.py:190} INFO - [2024-09-19T18:38:12.304+0000] {dagbag.py:587} INFO - Filling up the DagBag from /home/airflow/.local/lib/python3.12/site-packages/airflow/example_dags/example_latest_only.py
[2024-09-19T18:38:12.307+0000] {processor.py:925} INFO - DAG(s) 'latest_only' retrieved from /home/airflow/.local/lib/python3.12/site-packages/airflow/example_dags/example_latest_only.py
[2024-09-19T18:38:12.316+0000] {logging_mixin.py:190} INFO - [2024-09-19T18:38:12.316+0000] {dag.py:3211} INFO - Sync 1 DAGs
[2024-09-19T18:38:12.328+0000] {logging_mixin.py:190} INFO - [2024-09-19T18:38:12.328+0000] {dag.py:4138} INFO - Setting next_dagrun for latest_only to 2024-09-19 12:00:00+00:00, run_after=2024-09-19 16:00:00+00:00
[2024-09-19T18:38:12.339+0000] {processor.py:208} INFO - Processing /home/airflow/.local/lib/python3.12/site-packages/airflow/example_dags/example_latest_only.py took 0.040 seconds
[2024-09-19T18:38:43.604+0000] {processor.py:186} INFO - Started process (PID=2874) to work on /home/airflow/.local/lib/python3.12/site-packages/airflow/example_dags/example_latest_only.py
[2024-09-19T18:38:43.605+0000] {processor.py:914} INFO - Processing file /home/airflow/.local/lib/python3.12/site-packages/airflow/example_dags/example_latest_only.py for tasks to queue
[2024-09-19T18:38:43.607+0000] {logging_mixin.py:190} INFO - [2024-09-19T18:38:43.606+0000] {dagbag.py:587} INFO - Filling up the DagBag from /home/airflow/.local/lib/python3.12/site-packages/airflow/example_dags/example_latest_only.py
[2024-09-19T18:38:43.611+0000] {processor.py:925} INFO - DAG(s) 'latest_only' retrieved from /home/airflow/.local/lib/python3.12/site-packages/airflow/example_dags/example_latest_only.py
[2024-09-19T18:38:43.620+0000] {logging_mixin.py:190} INFO - [2024-09-19T18:38:43.620+0000] {dag.py:3211} INFO - Sync 1 DAGs
[2024-09-19T18:38:43.629+0000] {logging_mixin.py:190} INFO - [2024-09-19T18:38:43.629+0000] {dag.py:4138} INFO - Setting next_dagrun for latest_only to 2024-09-19 12:00:00+00:00, run_after=2024-09-19 16:00:00+00:00
[2024-09-19T18:38:43.637+0000] {processor.py:208} INFO - Processing /home/airflow/.local/lib/python3.12/site-packages/airflow/example_dags/example_latest_only.py took 0.038 seconds
[2024-09-19T18:39:14.658+0000] {processor.py:186} INFO - Started process (PID=2936) to work on /home/airflow/.local/lib/python3.12/site-packages/airflow/example_dags/example_latest_only.py
[2024-09-19T18:39:14.659+0000] {processor.py:914} INFO - Processing file /home/airflow/.local/lib/python3.12/site-packages/airflow/example_dags/example_latest_only.py for tasks to queue
[2024-09-19T18:39:14.660+0000] {logging_mixin.py:190} INFO - [2024-09-19T18:39:14.659+0000] {dagbag.py:587} INFO - Filling up the DagBag from /home/airflow/.local/lib/python3.12/site-packages/airflow/example_dags/example_latest_only.py
[2024-09-19T18:39:14.663+0000] {processor.py:925} INFO - DAG(s) 'latest_only' retrieved from /home/airflow/.local/lib/python3.12/site-packages/airflow/example_dags/example_latest_only.py
[2024-09-19T18:39:14.677+0000] {logging_mixin.py:190} INFO - [2024-09-19T18:39:14.677+0000] {dag.py:3211} INFO - Sync 1 DAGs
[2024-09-19T18:39:14.687+0000] {logging_mixin.py:190} INFO - [2024-09-19T18:39:14.687+0000] {dag.py:4138} INFO - Setting next_dagrun for latest_only to 2024-09-19 12:00:00+00:00, run_after=2024-09-19 16:00:00+00:00
[2024-09-19T18:39:14.694+0000] {processor.py:208} INFO - Processing /home/airflow/.local/lib/python3.12/site-packages/airflow/example_dags/example_latest_only.py took 0.039 seconds
[2024-09-19T18:39:45.283+0000] {processor.py:186} INFO - Started process (PID=2998) to work on /home/airflow/.local/lib/python3.12/site-packages/airflow/example_dags/example_latest_only.py
[2024-09-19T18:39:45.285+0000] {processor.py:914} INFO - Processing file /home/airflow/.local/lib/python3.12/site-packages/airflow/example_dags/example_latest_only.py for tasks to queue
[2024-09-19T18:39:45.287+0000] {logging_mixin.py:190} INFO - [2024-09-19T18:39:45.286+0000] {dagbag.py:587} INFO - Filling up the DagBag from /home/airflow/.local/lib/python3.12/site-packages/airflow/example_dags/example_latest_only.py
[2024-09-19T18:39:45.290+0000] {processor.py:925} INFO - DAG(s) 'latest_only' retrieved from /home/airflow/.local/lib/python3.12/site-packages/airflow/example_dags/example_latest_only.py
[2024-09-19T18:39:45.298+0000] {logging_mixin.py:190} INFO - [2024-09-19T18:39:45.298+0000] {dag.py:3211} INFO - Sync 1 DAGs
[2024-09-19T18:39:45.309+0000] {logging_mixin.py:190} INFO - [2024-09-19T18:39:45.309+0000] {dag.py:4138} INFO - Setting next_dagrun for latest_only to 2024-09-19 12:00:00+00:00, run_after=2024-09-19 16:00:00+00:00
[2024-09-19T18:39:45.323+0000] {processor.py:208} INFO - Processing /home/airflow/.local/lib/python3.12/site-packages/airflow/example_dags/example_latest_only.py took 0.042 seconds
[2024-09-19T18:40:16.403+0000] {processor.py:186} INFO - Started process (PID=3060) to work on /home/airflow/.local/lib/python3.12/site-packages/airflow/example_dags/example_latest_only.py
[2024-09-19T18:40:16.404+0000] {processor.py:914} INFO - Processing file /home/airflow/.local/lib/python3.12/site-packages/airflow/example_dags/example_latest_only.py for tasks to queue
[2024-09-19T18:40:16.405+0000] {logging_mixin.py:190} INFO - [2024-09-19T18:40:16.405+0000] {dagbag.py:587} INFO - Filling up the DagBag from /home/airflow/.local/lib/python3.12/site-packages/airflow/example_dags/example_latest_only.py
[2024-09-19T18:40:16.408+0000] {processor.py:925} INFO - DAG(s) 'latest_only' retrieved from /home/airflow/.local/lib/python3.12/site-packages/airflow/example_dags/example_latest_only.py
[2024-09-19T18:40:16.421+0000] {logging_mixin.py:190} INFO - [2024-09-19T18:40:16.421+0000] {dag.py:3211} INFO - Sync 1 DAGs
[2024-09-19T18:40:16.434+0000] {logging_mixin.py:190} INFO - [2024-09-19T18:40:16.434+0000] {dag.py:4138} INFO - Setting next_dagrun for latest_only to 2024-09-19 12:00:00+00:00, run_after=2024-09-19 16:00:00+00:00
[2024-09-19T18:40:16.446+0000] {processor.py:208} INFO - Processing /home/airflow/.local/lib/python3.12/site-packages/airflow/example_dags/example_latest_only.py took 0.045 seconds
[2024-09-19T18:40:47.449+0000] {processor.py:186} INFO - Started process (PID=3122) to work on /home/airflow/.local/lib/python3.12/site-packages/airflow/example_dags/example_latest_only.py
[2024-09-19T18:40:47.452+0000] {processor.py:914} INFO - Processing file /home/airflow/.local/lib/python3.12/site-packages/airflow/example_dags/example_latest_only.py for tasks to queue
[2024-09-19T18:40:47.454+0000] {logging_mixin.py:190} INFO - [2024-09-19T18:40:47.454+0000] {dagbag.py:587} INFO - Filling up the DagBag from /home/airflow/.local/lib/python3.12/site-packages/airflow/example_dags/example_latest_only.py
[2024-09-19T18:40:47.458+0000] {processor.py:925} INFO - DAG(s) 'latest_only' retrieved from /home/airflow/.local/lib/python3.12/site-packages/airflow/example_dags/example_latest_only.py
[2024-09-19T18:40:47.473+0000] {logging_mixin.py:190} INFO - [2024-09-19T18:40:47.473+0000] {dag.py:3211} INFO - Sync 1 DAGs
[2024-09-19T18:40:47.488+0000] {logging_mixin.py:190} INFO - [2024-09-19T18:40:47.488+0000] {dag.py:4138} INFO - Setting next_dagrun for latest_only to 2024-09-19 12:00:00+00:00, run_after=2024-09-19 16:00:00+00:00
[2024-09-19T18:40:47.496+0000] {processor.py:208} INFO - Processing /home/airflow/.local/lib/python3.12/site-packages/airflow/example_dags/example_latest_only.py took 0.051 seconds
[2024-09-19T18:41:18.571+0000] {processor.py:186} INFO - Started process (PID=3184) to work on /home/airflow/.local/lib/python3.12/site-packages/airflow/example_dags/example_latest_only.py
[2024-09-19T18:41:18.573+0000] {processor.py:914} INFO - Processing file /home/airflow/.local/lib/python3.12/site-packages/airflow/example_dags/example_latest_only.py for tasks to queue
[2024-09-19T18:41:18.575+0000] {logging_mixin.py:190} INFO - [2024-09-19T18:41:18.575+0000] {dagbag.py:587} INFO - Filling up the DagBag from /home/airflow/.local/lib/python3.12/site-packages/airflow/example_dags/example_latest_only.py
[2024-09-19T18:41:18.578+0000] {processor.py:925} INFO - DAG(s) 'latest_only' retrieved from /home/airflow/.local/lib/python3.12/site-packages/airflow/example_dags/example_latest_only.py
[2024-09-19T18:41:18.587+0000] {logging_mixin.py:190} INFO - [2024-09-19T18:41:18.587+0000] {dag.py:3211} INFO - Sync 1 DAGs
[2024-09-19T18:41:18.598+0000] {logging_mixin.py:190} INFO - [2024-09-19T18:41:18.598+0000] {dag.py:4138} INFO - Setting next_dagrun for latest_only to 2024-09-19 12:00:00+00:00, run_after=2024-09-19 16:00:00+00:00
[2024-09-19T18:41:18.605+0000] {processor.py:208} INFO - Processing /home/airflow/.local/lib/python3.12/site-packages/airflow/example_dags/example_latest_only.py took 0.037 seconds
[2024-09-19T18:41:49.613+0000] {processor.py:186} INFO - Started process (PID=3246) to work on /home/airflow/.local/lib/python3.12/site-packages/airflow/example_dags/example_latest_only.py
[2024-09-19T18:41:49.615+0000] {processor.py:914} INFO - Processing file /home/airflow/.local/lib/python3.12/site-packages/airflow/example_dags/example_latest_only.py for tasks to queue
[2024-09-19T18:41:49.616+0000] {logging_mixin.py:190} INFO - [2024-09-19T18:41:49.616+0000] {dagbag.py:587} INFO - Filling up the DagBag from /home/airflow/.local/lib/python3.12/site-packages/airflow/example_dags/example_latest_only.py
[2024-09-19T18:41:49.620+0000] {processor.py:925} INFO - DAG(s) 'latest_only' retrieved from /home/airflow/.local/lib/python3.12/site-packages/airflow/example_dags/example_latest_only.py
[2024-09-19T18:41:49.631+0000] {logging_mixin.py:190} INFO - [2024-09-19T18:41:49.631+0000] {dag.py:3211} INFO - Sync 1 DAGs
[2024-09-19T18:41:49.644+0000] {logging_mixin.py:190} INFO - [2024-09-19T18:41:49.644+0000] {dag.py:4138} INFO - Setting next_dagrun for latest_only to 2024-09-19 12:00:00+00:00, run_after=2024-09-19 16:00:00+00:00
[2024-09-19T18:41:49.653+0000] {processor.py:208} INFO - Processing /home/airflow/.local/lib/python3.12/site-packages/airflow/example_dags/example_latest_only.py took 0.043 seconds
[2024-09-19T18:42:20.964+0000] {processor.py:186} INFO - Started process (PID=3308) to work on /home/airflow/.local/lib/python3.12/site-packages/airflow/example_dags/example_latest_only.py
[2024-09-19T18:42:20.965+0000] {processor.py:914} INFO - Processing file /home/airflow/.local/lib/python3.12/site-packages/airflow/example_dags/example_latest_only.py for tasks to queue
[2024-09-19T18:42:20.966+0000] {logging_mixin.py:190} INFO - [2024-09-19T18:42:20.966+0000] {dagbag.py:587} INFO - Filling up the DagBag from /home/airflow/.local/lib/python3.12/site-packages/airflow/example_dags/example_latest_only.py
[2024-09-19T18:42:20.971+0000] {processor.py:925} INFO - DAG(s) 'latest_only' retrieved from /home/airflow/.local/lib/python3.12/site-packages/airflow/example_dags/example_latest_only.py
[2024-09-19T18:42:20.985+0000] {logging_mixin.py:190} INFO - [2024-09-19T18:42:20.984+0000] {dag.py:3211} INFO - Sync 1 DAGs
[2024-09-19T18:42:20.995+0000] {logging_mixin.py:190} INFO - [2024-09-19T18:42:20.995+0000] {dag.py:4138} INFO - Setting next_dagrun for latest_only to 2024-09-19 12:00:00+00:00, run_after=2024-09-19 16:00:00+00:00
[2024-09-19T18:42:21.004+0000] {processor.py:208} INFO - Processing /home/airflow/.local/lib/python3.12/site-packages/airflow/example_dags/example_latest_only.py took 0.043 seconds
[2024-09-19T18:42:52.041+0000] {processor.py:186} INFO - Started process (PID=3370) to work on /home/airflow/.local/lib/python3.12/site-packages/airflow/example_dags/example_latest_only.py
[2024-09-19T18:42:52.044+0000] {processor.py:914} INFO - Processing file /home/airflow/.local/lib/python3.12/site-packages/airflow/example_dags/example_latest_only.py for tasks to queue
[2024-09-19T18:42:52.045+0000] {logging_mixin.py:190} INFO - [2024-09-19T18:42:52.045+0000] {dagbag.py:587} INFO - Filling up the DagBag from /home/airflow/.local/lib/python3.12/site-packages/airflow/example_dags/example_latest_only.py
[2024-09-19T18:42:52.050+0000] {processor.py:925} INFO - DAG(s) 'latest_only' retrieved from /home/airflow/.local/lib/python3.12/site-packages/airflow/example_dags/example_latest_only.py
[2024-09-19T18:42:52.062+0000] {logging_mixin.py:190} INFO - [2024-09-19T18:42:52.062+0000] {dag.py:3211} INFO - Sync 1 DAGs
[2024-09-19T18:42:52.072+0000] {logging_mixin.py:190} INFO - [2024-09-19T18:42:52.072+0000] {dag.py:4138} INFO - Setting next_dagrun for latest_only to 2024-09-19 12:00:00+00:00, run_after=2024-09-19 16:00:00+00:00
[2024-09-19T18:42:52.082+0000] {processor.py:208} INFO - Processing /home/airflow/.local/lib/python3.12/site-packages/airflow/example_dags/example_latest_only.py took 0.045 seconds
[2024-09-19T18:43:23.236+0000] {processor.py:186} INFO - Started process (PID=3432) to work on /home/airflow/.local/lib/python3.12/site-packages/airflow/example_dags/example_latest_only.py
[2024-09-19T18:43:23.238+0000] {processor.py:914} INFO - Processing file /home/airflow/.local/lib/python3.12/site-packages/airflow/example_dags/example_latest_only.py for tasks to queue
[2024-09-19T18:43:23.240+0000] {logging_mixin.py:190} INFO - [2024-09-19T18:43:23.240+0000] {dagbag.py:587} INFO - Filling up the DagBag from /home/airflow/.local/lib/python3.12/site-packages/airflow/example_dags/example_latest_only.py
[2024-09-19T18:43:23.244+0000] {processor.py:925} INFO - DAG(s) 'latest_only' retrieved from /home/airflow/.local/lib/python3.12/site-packages/airflow/example_dags/example_latest_only.py
[2024-09-19T18:43:23.256+0000] {logging_mixin.py:190} INFO - [2024-09-19T18:43:23.256+0000] {dag.py:3211} INFO - Sync 1 DAGs
[2024-09-19T18:43:23.267+0000] {logging_mixin.py:190} INFO - [2024-09-19T18:43:23.267+0000] {dag.py:4138} INFO - Setting next_dagrun for latest_only to 2024-09-19 12:00:00+00:00, run_after=2024-09-19 16:00:00+00:00
[2024-09-19T18:43:23.274+0000] {processor.py:208} INFO - Processing /home/airflow/.local/lib/python3.12/site-packages/airflow/example_dags/example_latest_only.py took 0.041 seconds
[2024-09-19T18:43:54.217+0000] {processor.py:186} INFO - Started process (PID=3494) to work on /home/airflow/.local/lib/python3.12/site-packages/airflow/example_dags/example_latest_only.py
[2024-09-19T18:43:54.218+0000] {processor.py:914} INFO - Processing file /home/airflow/.local/lib/python3.12/site-packages/airflow/example_dags/example_latest_only.py for tasks to queue
[2024-09-19T18:43:54.220+0000] {logging_mixin.py:190} INFO - [2024-09-19T18:43:54.219+0000] {dagbag.py:587} INFO - Filling up the DagBag from /home/airflow/.local/lib/python3.12/site-packages/airflow/example_dags/example_latest_only.py
[2024-09-19T18:43:54.225+0000] {processor.py:925} INFO - DAG(s) 'latest_only' retrieved from /home/airflow/.local/lib/python3.12/site-packages/airflow/example_dags/example_latest_only.py
[2024-09-19T18:43:54.236+0000] {logging_mixin.py:190} INFO - [2024-09-19T18:43:54.236+0000] {dag.py:3211} INFO - Sync 1 DAGs
[2024-09-19T18:43:54.249+0000] {logging_mixin.py:190} INFO - [2024-09-19T18:43:54.249+0000] {dag.py:4138} INFO - Setting next_dagrun for latest_only to 2024-09-19 12:00:00+00:00, run_after=2024-09-19 16:00:00+00:00
[2024-09-19T18:43:54.261+0000] {processor.py:208} INFO - Processing /home/airflow/.local/lib/python3.12/site-packages/airflow/example_dags/example_latest_only.py took 0.047 seconds
[2024-09-19T18:44:24.826+0000] {processor.py:186} INFO - Started process (PID=3556) to work on /home/airflow/.local/lib/python3.12/site-packages/airflow/example_dags/example_latest_only.py
[2024-09-19T18:44:24.828+0000] {processor.py:914} INFO - Processing file /home/airflow/.local/lib/python3.12/site-packages/airflow/example_dags/example_latest_only.py for tasks to queue
[2024-09-19T18:44:24.830+0000] {logging_mixin.py:190} INFO - [2024-09-19T18:44:24.829+0000] {dagbag.py:587} INFO - Filling up the DagBag from /home/airflow/.local/lib/python3.12/site-packages/airflow/example_dags/example_latest_only.py
[2024-09-19T18:44:24.834+0000] {processor.py:925} INFO - DAG(s) 'latest_only' retrieved from /home/airflow/.local/lib/python3.12/site-packages/airflow/example_dags/example_latest_only.py
[2024-09-19T18:44:24.863+0000] {logging_mixin.py:190} INFO - [2024-09-19T18:44:24.863+0000] {dag.py:3211} INFO - Sync 1 DAGs
[2024-09-19T18:44:24.877+0000] {logging_mixin.py:190} INFO - [2024-09-19T18:44:24.877+0000] {dag.py:4138} INFO - Setting next_dagrun for latest_only to 2024-09-19 12:00:00+00:00, run_after=2024-09-19 16:00:00+00:00
[2024-09-19T18:44:24.890+0000] {processor.py:208} INFO - Processing /home/airflow/.local/lib/python3.12/site-packages/airflow/example_dags/example_latest_only.py took 0.069 seconds
[2024-09-19T18:44:55.888+0000] {processor.py:186} INFO - Started process (PID=3618) to work on /home/airflow/.local/lib/python3.12/site-packages/airflow/example_dags/example_latest_only.py
[2024-09-19T18:44:55.889+0000] {processor.py:914} INFO - Processing file /home/airflow/.local/lib/python3.12/site-packages/airflow/example_dags/example_latest_only.py for tasks to queue
[2024-09-19T18:44:55.890+0000] {logging_mixin.py:190} INFO - [2024-09-19T18:44:55.890+0000] {dagbag.py:587} INFO - Filling up the DagBag from /home/airflow/.local/lib/python3.12/site-packages/airflow/example_dags/example_latest_only.py
[2024-09-19T18:44:55.893+0000] {processor.py:925} INFO - DAG(s) 'latest_only' retrieved from /home/airflow/.local/lib/python3.12/site-packages/airflow/example_dags/example_latest_only.py
[2024-09-19T18:44:56.007+0000] {logging_mixin.py:190} INFO - [2024-09-19T18:44:56.007+0000] {dag.py:3211} INFO - Sync 1 DAGs
[2024-09-19T18:44:56.019+0000] {logging_mixin.py:190} INFO - [2024-09-19T18:44:56.019+0000] {dag.py:4138} INFO - Setting next_dagrun for latest_only to 2024-09-19 12:00:00+00:00, run_after=2024-09-19 16:00:00+00:00
[2024-09-19T18:44:56.030+0000] {processor.py:208} INFO - Processing /home/airflow/.local/lib/python3.12/site-packages/airflow/example_dags/example_latest_only.py took 0.145 seconds
[2024-09-19T18:45:27.053+0000] {processor.py:186} INFO - Started process (PID=3680) to work on /home/airflow/.local/lib/python3.12/site-packages/airflow/example_dags/example_latest_only.py
[2024-09-19T18:45:27.057+0000] {processor.py:914} INFO - Processing file /home/airflow/.local/lib/python3.12/site-packages/airflow/example_dags/example_latest_only.py for tasks to queue
[2024-09-19T18:45:27.058+0000] {logging_mixin.py:190} INFO - [2024-09-19T18:45:27.058+0000] {dagbag.py:587} INFO - Filling up the DagBag from /home/airflow/.local/lib/python3.12/site-packages/airflow/example_dags/example_latest_only.py
[2024-09-19T18:45:27.063+0000] {processor.py:925} INFO - DAG(s) 'latest_only' retrieved from /home/airflow/.local/lib/python3.12/site-packages/airflow/example_dags/example_latest_only.py
[2024-09-19T18:45:27.074+0000] {logging_mixin.py:190} INFO - [2024-09-19T18:45:27.074+0000] {dag.py:3211} INFO - Sync 1 DAGs
[2024-09-19T18:45:27.223+0000] {logging_mixin.py:190} INFO - [2024-09-19T18:45:27.222+0000] {dag.py:4138} INFO - Setting next_dagrun for latest_only to 2024-09-19 12:00:00+00:00, run_after=2024-09-19 16:00:00+00:00
[2024-09-19T18:45:27.231+0000] {processor.py:208} INFO - Processing /home/airflow/.local/lib/python3.12/site-packages/airflow/example_dags/example_latest_only.py took 0.185 seconds
[2024-09-19T18:45:57.921+0000] {processor.py:186} INFO - Started process (PID=3742) to work on /home/airflow/.local/lib/python3.12/site-packages/airflow/example_dags/example_latest_only.py
[2024-09-19T18:45:57.924+0000] {processor.py:914} INFO - Processing file /home/airflow/.local/lib/python3.12/site-packages/airflow/example_dags/example_latest_only.py for tasks to queue
[2024-09-19T18:45:57.925+0000] {logging_mixin.py:190} INFO - [2024-09-19T18:45:57.925+0000] {dagbag.py:587} INFO - Filling up the DagBag from /home/airflow/.local/lib/python3.12/site-packages/airflow/example_dags/example_latest_only.py
[2024-09-19T18:45:57.928+0000] {processor.py:925} INFO - DAG(s) 'latest_only' retrieved from /home/airflow/.local/lib/python3.12/site-packages/airflow/example_dags/example_latest_only.py
[2024-09-19T18:45:57.940+0000] {logging_mixin.py:190} INFO - [2024-09-19T18:45:57.940+0000] {dag.py:3211} INFO - Sync 1 DAGs
[2024-09-19T18:45:57.950+0000] {logging_mixin.py:190} INFO - [2024-09-19T18:45:57.950+0000] {dag.py:4138} INFO - Setting next_dagrun for latest_only to 2024-09-19 12:00:00+00:00, run_after=2024-09-19 16:00:00+00:00
[2024-09-19T18:45:57.957+0000] {processor.py:208} INFO - Processing /home/airflow/.local/lib/python3.12/site-packages/airflow/example_dags/example_latest_only.py took 0.039 seconds
[2024-09-19T18:46:28.485+0000] {processor.py:186} INFO - Started process (PID=3804) to work on /home/airflow/.local/lib/python3.12/site-packages/airflow/example_dags/example_latest_only.py
[2024-09-19T18:46:28.487+0000] {processor.py:914} INFO - Processing file /home/airflow/.local/lib/python3.12/site-packages/airflow/example_dags/example_latest_only.py for tasks to queue
[2024-09-19T18:46:28.488+0000] {logging_mixin.py:190} INFO - [2024-09-19T18:46:28.488+0000] {dagbag.py:587} INFO - Filling up the DagBag from /home/airflow/.local/lib/python3.12/site-packages/airflow/example_dags/example_latest_only.py
[2024-09-19T18:46:28.493+0000] {processor.py:925} INFO - DAG(s) 'latest_only' retrieved from /home/airflow/.local/lib/python3.12/site-packages/airflow/example_dags/example_latest_only.py
[2024-09-19T18:46:28.506+0000] {logging_mixin.py:190} INFO - [2024-09-19T18:46:28.506+0000] {dag.py:3211} INFO - Sync 1 DAGs
[2024-09-19T18:46:28.517+0000] {logging_mixin.py:190} INFO - [2024-09-19T18:46:28.517+0000] {dag.py:4138} INFO - Setting next_dagrun for latest_only to 2024-09-19 12:00:00+00:00, run_after=2024-09-19 16:00:00+00:00
[2024-09-19T18:46:28.525+0000] {processor.py:208} INFO - Processing /home/airflow/.local/lib/python3.12/site-packages/airflow/example_dags/example_latest_only.py took 0.045 seconds
[2024-09-19T18:46:59.765+0000] {processor.py:186} INFO - Started process (PID=3866) to work on /home/airflow/.local/lib/python3.12/site-packages/airflow/example_dags/example_latest_only.py
[2024-09-19T18:46:59.769+0000] {processor.py:914} INFO - Processing file /home/airflow/.local/lib/python3.12/site-packages/airflow/example_dags/example_latest_only.py for tasks to queue
[2024-09-19T18:46:59.771+0000] {logging_mixin.py:190} INFO - [2024-09-19T18:46:59.771+0000] {dagbag.py:587} INFO - Filling up the DagBag from /home/airflow/.local/lib/python3.12/site-packages/airflow/example_dags/example_latest_only.py
[2024-09-19T18:46:59.774+0000] {processor.py:925} INFO - DAG(s) 'latest_only' retrieved from /home/airflow/.local/lib/python3.12/site-packages/airflow/example_dags/example_latest_only.py
[2024-09-19T18:46:59.783+0000] {logging_mixin.py:190} INFO - [2024-09-19T18:46:59.783+0000] {dag.py:3211} INFO - Sync 1 DAGs
[2024-09-19T18:46:59.794+0000] {logging_mixin.py:190} INFO - [2024-09-19T18:46:59.794+0000] {dag.py:4138} INFO - Setting next_dagrun for latest_only to 2024-09-19 12:00:00+00:00, run_after=2024-09-19 16:00:00+00:00
[2024-09-19T18:46:59.800+0000] {processor.py:208} INFO - Processing /home/airflow/.local/lib/python3.12/site-packages/airflow/example_dags/example_latest_only.py took 0.038 seconds
[2024-09-19T18:47:30.639+0000] {processor.py:186} INFO - Started process (PID=3928) to work on /home/airflow/.local/lib/python3.12/site-packages/airflow/example_dags/example_latest_only.py
[2024-09-19T18:47:30.640+0000] {processor.py:914} INFO - Processing file /home/airflow/.local/lib/python3.12/site-packages/airflow/example_dags/example_latest_only.py for tasks to queue
[2024-09-19T18:47:30.641+0000] {logging_mixin.py:190} INFO - [2024-09-19T18:47:30.641+0000] {dagbag.py:587} INFO - Filling up the DagBag from /home/airflow/.local/lib/python3.12/site-packages/airflow/example_dags/example_latest_only.py
[2024-09-19T18:47:30.644+0000] {processor.py:925} INFO - DAG(s) 'latest_only' retrieved from /home/airflow/.local/lib/python3.12/site-packages/airflow/example_dags/example_latest_only.py
[2024-09-19T18:47:30.653+0000] {logging_mixin.py:190} INFO - [2024-09-19T18:47:30.653+0000] {dag.py:3211} INFO - Sync 1 DAGs
[2024-09-19T18:47:30.663+0000] {logging_mixin.py:190} INFO - [2024-09-19T18:47:30.663+0000] {dag.py:4138} INFO - Setting next_dagrun for latest_only to 2024-09-19 12:00:00+00:00, run_after=2024-09-19 16:00:00+00:00
[2024-09-19T18:47:30.670+0000] {processor.py:208} INFO - Processing /home/airflow/.local/lib/python3.12/site-packages/airflow/example_dags/example_latest_only.py took 0.034 seconds
[2024-09-19T18:48:01.194+0000] {processor.py:186} INFO - Started process (PID=3990) to work on /home/airflow/.local/lib/python3.12/site-packages/airflow/example_dags/example_latest_only.py
[2024-09-19T18:48:01.195+0000] {processor.py:914} INFO - Processing file /home/airflow/.local/lib/python3.12/site-packages/airflow/example_dags/example_latest_only.py for tasks to queue
[2024-09-19T18:48:01.196+0000] {logging_mixin.py:190} INFO - [2024-09-19T18:48:01.196+0000] {dagbag.py:587} INFO - Filling up the DagBag from /home/airflow/.local/lib/python3.12/site-packages/airflow/example_dags/example_latest_only.py
[2024-09-19T18:48:01.200+0000] {processor.py:925} INFO - DAG(s) 'latest_only' retrieved from /home/airflow/.local/lib/python3.12/site-packages/airflow/example_dags/example_latest_only.py
[2024-09-19T18:48:01.210+0000] {logging_mixin.py:190} INFO - [2024-09-19T18:48:01.209+0000] {dag.py:3211} INFO - Sync 1 DAGs
[2024-09-19T18:48:01.219+0000] {logging_mixin.py:190} INFO - [2024-09-19T18:48:01.219+0000] {dag.py:4138} INFO - Setting next_dagrun for latest_only to 2024-09-19 12:00:00+00:00, run_after=2024-09-19 16:00:00+00:00
[2024-09-19T18:48:01.226+0000] {processor.py:208} INFO - Processing /home/airflow/.local/lib/python3.12/site-packages/airflow/example_dags/example_latest_only.py took 0.035 seconds
[2024-09-19T18:48:32.038+0000] {processor.py:186} INFO - Started process (PID=4052) to work on /home/airflow/.local/lib/python3.12/site-packages/airflow/example_dags/example_latest_only.py
[2024-09-19T18:48:32.039+0000] {processor.py:914} INFO - Processing file /home/airflow/.local/lib/python3.12/site-packages/airflow/example_dags/example_latest_only.py for tasks to queue
[2024-09-19T18:48:32.040+0000] {logging_mixin.py:190} INFO - [2024-09-19T18:48:32.040+0000] {dagbag.py:587} INFO - Filling up the DagBag from /home/airflow/.local/lib/python3.12/site-packages/airflow/example_dags/example_latest_only.py
[2024-09-19T18:48:32.044+0000] {processor.py:925} INFO - DAG(s) 'latest_only' retrieved from /home/airflow/.local/lib/python3.12/site-packages/airflow/example_dags/example_latest_only.py
[2024-09-19T18:48:32.056+0000] {logging_mixin.py:190} INFO - [2024-09-19T18:48:32.056+0000] {dag.py:3211} INFO - Sync 1 DAGs
[2024-09-19T18:48:32.071+0000] {logging_mixin.py:190} INFO - [2024-09-19T18:48:32.070+0000] {dag.py:4138} INFO - Setting next_dagrun for latest_only to 2024-09-19 12:00:00+00:00, run_after=2024-09-19 16:00:00+00:00
[2024-09-19T18:48:32.080+0000] {processor.py:208} INFO - Processing /home/airflow/.local/lib/python3.12/site-packages/airflow/example_dags/example_latest_only.py took 0.046 seconds
[2024-09-19T18:49:02.537+0000] {processor.py:186} INFO - Started process (PID=4114) to work on /home/airflow/.local/lib/python3.12/site-packages/airflow/example_dags/example_latest_only.py
[2024-09-19T18:49:02.539+0000] {processor.py:914} INFO - Processing file /home/airflow/.local/lib/python3.12/site-packages/airflow/example_dags/example_latest_only.py for tasks to queue
[2024-09-19T18:49:02.540+0000] {logging_mixin.py:190} INFO - [2024-09-19T18:49:02.540+0000] {dagbag.py:587} INFO - Filling up the DagBag from /home/airflow/.local/lib/python3.12/site-packages/airflow/example_dags/example_latest_only.py
[2024-09-19T18:49:02.543+0000] {processor.py:925} INFO - DAG(s) 'latest_only' retrieved from /home/airflow/.local/lib/python3.12/site-packages/airflow/example_dags/example_latest_only.py
[2024-09-19T18:49:02.553+0000] {logging_mixin.py:190} INFO - [2024-09-19T18:49:02.553+0000] {dag.py:3211} INFO - Sync 1 DAGs
[2024-09-19T18:49:02.563+0000] {logging_mixin.py:190} INFO - [2024-09-19T18:49:02.563+0000] {dag.py:4138} INFO - Setting next_dagrun for latest_only to 2024-09-19 12:00:00+00:00, run_after=2024-09-19 16:00:00+00:00
[2024-09-19T18:49:02.570+0000] {processor.py:208} INFO - Processing /home/airflow/.local/lib/python3.12/site-packages/airflow/example_dags/example_latest_only.py took 0.038 seconds
[2024-09-19T18:49:33.284+0000] {processor.py:186} INFO - Started process (PID=4176) to work on /home/airflow/.local/lib/python3.12/site-packages/airflow/example_dags/example_latest_only.py
[2024-09-19T18:49:33.288+0000] {processor.py:914} INFO - Processing file /home/airflow/.local/lib/python3.12/site-packages/airflow/example_dags/example_latest_only.py for tasks to queue
[2024-09-19T18:49:33.289+0000] {logging_mixin.py:190} INFO - [2024-09-19T18:49:33.289+0000] {dagbag.py:587} INFO - Filling up the DagBag from /home/airflow/.local/lib/python3.12/site-packages/airflow/example_dags/example_latest_only.py
[2024-09-19T18:49:33.292+0000] {processor.py:925} INFO - DAG(s) 'latest_only' retrieved from /home/airflow/.local/lib/python3.12/site-packages/airflow/example_dags/example_latest_only.py
[2024-09-19T18:49:33.300+0000] {logging_mixin.py:190} INFO - [2024-09-19T18:49:33.300+0000] {dag.py:3211} INFO - Sync 1 DAGs
[2024-09-19T18:49:33.310+0000] {logging_mixin.py:190} INFO - [2024-09-19T18:49:33.310+0000] {dag.py:4138} INFO - Setting next_dagrun for latest_only to 2024-09-19 12:00:00+00:00, run_after=2024-09-19 16:00:00+00:00
[2024-09-19T18:49:33.316+0000] {processor.py:208} INFO - Processing /home/airflow/.local/lib/python3.12/site-packages/airflow/example_dags/example_latest_only.py took 0.035 seconds
[2024-09-19T18:50:04.120+0000] {processor.py:186} INFO - Started process (PID=4238) to work on /home/airflow/.local/lib/python3.12/site-packages/airflow/example_dags/example_latest_only.py
[2024-09-19T18:50:04.123+0000] {processor.py:914} INFO - Processing file /home/airflow/.local/lib/python3.12/site-packages/airflow/example_dags/example_latest_only.py for tasks to queue
[2024-09-19T18:50:04.124+0000] {logging_mixin.py:190} INFO - [2024-09-19T18:50:04.124+0000] {dagbag.py:587} INFO - Filling up the DagBag from /home/airflow/.local/lib/python3.12/site-packages/airflow/example_dags/example_latest_only.py
[2024-09-19T18:50:04.128+0000] {processor.py:925} INFO - DAG(s) 'latest_only' retrieved from /home/airflow/.local/lib/python3.12/site-packages/airflow/example_dags/example_latest_only.py
[2024-09-19T18:50:04.139+0000] {logging_mixin.py:190} INFO - [2024-09-19T18:50:04.139+0000] {dag.py:3211} INFO - Sync 1 DAGs
[2024-09-19T18:50:04.148+0000] {logging_mixin.py:190} INFO - [2024-09-19T18:50:04.148+0000] {dag.py:4138} INFO - Setting next_dagrun for latest_only to 2024-09-19 12:00:00+00:00, run_after=2024-09-19 16:00:00+00:00
[2024-09-19T18:50:04.155+0000] {processor.py:208} INFO - Processing /home/airflow/.local/lib/python3.12/site-packages/airflow/example_dags/example_latest_only.py took 0.038 seconds
[2024-09-19T18:50:34.691+0000] {processor.py:186} INFO - Started process (PID=4300) to work on /home/airflow/.local/lib/python3.12/site-packages/airflow/example_dags/example_latest_only.py
[2024-09-19T18:50:34.693+0000] {processor.py:914} INFO - Processing file /home/airflow/.local/lib/python3.12/site-packages/airflow/example_dags/example_latest_only.py for tasks to queue
[2024-09-19T18:50:34.695+0000] {logging_mixin.py:190} INFO - [2024-09-19T18:50:34.695+0000] {dagbag.py:587} INFO - Filling up the DagBag from /home/airflow/.local/lib/python3.12/site-packages/airflow/example_dags/example_latest_only.py
[2024-09-19T18:50:34.698+0000] {processor.py:925} INFO - DAG(s) 'latest_only' retrieved from /home/airflow/.local/lib/python3.12/site-packages/airflow/example_dags/example_latest_only.py
[2024-09-19T18:50:34.708+0000] {logging_mixin.py:190} INFO - [2024-09-19T18:50:34.707+0000] {dag.py:3211} INFO - Sync 1 DAGs
[2024-09-19T18:50:34.718+0000] {logging_mixin.py:190} INFO - [2024-09-19T18:50:34.718+0000] {dag.py:4138} INFO - Setting next_dagrun for latest_only to 2024-09-19 12:00:00+00:00, run_after=2024-09-19 16:00:00+00:00
[2024-09-19T18:50:34.725+0000] {processor.py:208} INFO - Processing /home/airflow/.local/lib/python3.12/site-packages/airflow/example_dags/example_latest_only.py took 0.037 seconds
[2024-09-19T18:51:05.376+0000] {processor.py:186} INFO - Started process (PID=4362) to work on /home/airflow/.local/lib/python3.12/site-packages/airflow/example_dags/example_latest_only.py
[2024-09-19T18:51:05.379+0000] {processor.py:914} INFO - Processing file /home/airflow/.local/lib/python3.12/site-packages/airflow/example_dags/example_latest_only.py for tasks to queue
[2024-09-19T18:51:05.380+0000] {logging_mixin.py:190} INFO - [2024-09-19T18:51:05.380+0000] {dagbag.py:587} INFO - Filling up the DagBag from /home/airflow/.local/lib/python3.12/site-packages/airflow/example_dags/example_latest_only.py
[2024-09-19T18:51:05.383+0000] {processor.py:925} INFO - DAG(s) 'latest_only' retrieved from /home/airflow/.local/lib/python3.12/site-packages/airflow/example_dags/example_latest_only.py
[2024-09-19T18:51:05.392+0000] {logging_mixin.py:190} INFO - [2024-09-19T18:51:05.392+0000] {dag.py:3211} INFO - Sync 1 DAGs
[2024-09-19T18:51:05.402+0000] {logging_mixin.py:190} INFO - [2024-09-19T18:51:05.402+0000] {dag.py:4138} INFO - Setting next_dagrun for latest_only to 2024-09-19 12:00:00+00:00, run_after=2024-09-19 16:00:00+00:00
[2024-09-19T18:51:05.410+0000] {processor.py:208} INFO - Processing /home/airflow/.local/lib/python3.12/site-packages/airflow/example_dags/example_latest_only.py took 0.036 seconds
[2024-09-19T18:51:35.828+0000] {processor.py:186} INFO - Started process (PID=4424) to work on /home/airflow/.local/lib/python3.12/site-packages/airflow/example_dags/example_latest_only.py
[2024-09-19T18:51:35.830+0000] {processor.py:914} INFO - Processing file /home/airflow/.local/lib/python3.12/site-packages/airflow/example_dags/example_latest_only.py for tasks to queue
[2024-09-19T18:51:35.832+0000] {logging_mixin.py:190} INFO - [2024-09-19T18:51:35.832+0000] {dagbag.py:587} INFO - Filling up the DagBag from /home/airflow/.local/lib/python3.12/site-packages/airflow/example_dags/example_latest_only.py
[2024-09-19T18:51:35.836+0000] {processor.py:925} INFO - DAG(s) 'latest_only' retrieved from /home/airflow/.local/lib/python3.12/site-packages/airflow/example_dags/example_latest_only.py
[2024-09-19T18:51:35.845+0000] {logging_mixin.py:190} INFO - [2024-09-19T18:51:35.845+0000] {dag.py:3211} INFO - Sync 1 DAGs
[2024-09-19T18:51:35.856+0000] {logging_mixin.py:190} INFO - [2024-09-19T18:51:35.856+0000] {dag.py:4138} INFO - Setting next_dagrun for latest_only to 2024-09-19 12:00:00+00:00, run_after=2024-09-19 16:00:00+00:00
[2024-09-19T18:51:35.865+0000] {processor.py:208} INFO - Processing /home/airflow/.local/lib/python3.12/site-packages/airflow/example_dags/example_latest_only.py took 0.043 seconds
