[2024-09-19T18:15:42.148+0000] {processor.py:186} INFO - Started process (PID=82) to work on /home/airflow/.local/lib/python3.12/site-packages/airflow/example_dags/example_setup_teardown.py
[2024-09-19T18:15:42.148+0000] {processor.py:914} INFO - Processing file /home/airflow/.local/lib/python3.12/site-packages/airflow/example_dags/example_setup_teardown.py for tasks to queue
[2024-09-19T18:15:42.150+0000] {logging_mixin.py:190} INFO - [2024-09-19T18:15:42.150+0000] {dagbag.py:587} INFO - Filling up the DagBag from /home/airflow/.local/lib/python3.12/site-packages/airflow/example_dags/example_setup_teardown.py
[2024-09-19T18:15:42.157+0000] {processor.py:925} INFO - DAG(s) 'example_setup_teardown' retrieved from /home/airflow/.local/lib/python3.12/site-packages/airflow/example_dags/example_setup_teardown.py
[2024-09-19T18:15:42.184+0000] {logging_mixin.py:190} INFO - [2024-09-19T18:15:42.184+0000] {dag.py:3211} INFO - Sync 1 DAGs
[2024-09-19T18:15:42.199+0000] {logging_mixin.py:190} INFO - [2024-09-19T18:15:42.199+0000] {dag.py:4138} INFO - Setting next_dagrun for example_setup_teardown to 2024-09-18 00:00:00+00:00, run_after=2024-09-19 00:00:00+00:00
[2024-09-19T18:15:42.208+0000] {processor.py:208} INFO - Processing /home/airflow/.local/lib/python3.12/site-packages/airflow/example_dags/example_setup_teardown.py took 0.064 seconds
[2024-09-19T18:16:13.248+0000] {processor.py:186} INFO - Started process (PID=149) to work on /home/airflow/.local/lib/python3.12/site-packages/airflow/example_dags/example_setup_teardown.py
[2024-09-19T18:16:13.249+0000] {processor.py:914} INFO - Processing file /home/airflow/.local/lib/python3.12/site-packages/airflow/example_dags/example_setup_teardown.py for tasks to queue
[2024-09-19T18:16:13.252+0000] {logging_mixin.py:190} INFO - [2024-09-19T18:16:13.252+0000] {dagbag.py:587} INFO - Filling up the DagBag from /home/airflow/.local/lib/python3.12/site-packages/airflow/example_dags/example_setup_teardown.py
[2024-09-19T18:16:13.260+0000] {processor.py:925} INFO - DAG(s) 'example_setup_teardown' retrieved from /home/airflow/.local/lib/python3.12/site-packages/airflow/example_dags/example_setup_teardown.py
[2024-09-19T18:16:13.272+0000] {logging_mixin.py:190} INFO - [2024-09-19T18:16:13.272+0000] {dag.py:3211} INFO - Sync 1 DAGs
[2024-09-19T18:16:13.285+0000] {logging_mixin.py:190} INFO - [2024-09-19T18:16:13.285+0000] {dag.py:4138} INFO - Setting next_dagrun for example_setup_teardown to 2024-09-18 00:00:00+00:00, run_after=2024-09-19 00:00:00+00:00
[2024-09-19T18:16:13.296+0000] {processor.py:208} INFO - Processing /home/airflow/.local/lib/python3.12/site-packages/airflow/example_dags/example_setup_teardown.py took 0.052 seconds
[2024-09-19T18:16:44.289+0000] {processor.py:186} INFO - Started process (PID=211) to work on /home/airflow/.local/lib/python3.12/site-packages/airflow/example_dags/example_setup_teardown.py
[2024-09-19T18:16:44.301+0000] {processor.py:914} INFO - Processing file /home/airflow/.local/lib/python3.12/site-packages/airflow/example_dags/example_setup_teardown.py for tasks to queue
[2024-09-19T18:16:44.309+0000] {logging_mixin.py:190} INFO - [2024-09-19T18:16:44.308+0000] {dagbag.py:587} INFO - Filling up the DagBag from /home/airflow/.local/lib/python3.12/site-packages/airflow/example_dags/example_setup_teardown.py
[2024-09-19T18:16:44.370+0000] {processor.py:925} INFO - DAG(s) 'example_setup_teardown' retrieved from /home/airflow/.local/lib/python3.12/site-packages/airflow/example_dags/example_setup_teardown.py
[2024-09-19T18:16:44.516+0000] {logging_mixin.py:190} INFO - [2024-09-19T18:16:44.515+0000] {dag.py:3211} INFO - Sync 1 DAGs
[2024-09-19T18:16:44.600+0000] {logging_mixin.py:190} INFO - [2024-09-19T18:16:44.600+0000] {dag.py:4138} INFO - Setting next_dagrun for example_setup_teardown to 2024-09-18 00:00:00+00:00, run_after=2024-09-19 00:00:00+00:00
[2024-09-19T18:16:44.742+0000] {processor.py:208} INFO - Processing /home/airflow/.local/lib/python3.12/site-packages/airflow/example_dags/example_setup_teardown.py took 0.518 seconds
[2024-09-19T18:17:14.862+0000] {processor.py:186} INFO - Started process (PID=273) to work on /home/airflow/.local/lib/python3.12/site-packages/airflow/example_dags/example_setup_teardown.py
[2024-09-19T18:17:14.863+0000] {processor.py:914} INFO - Processing file /home/airflow/.local/lib/python3.12/site-packages/airflow/example_dags/example_setup_teardown.py for tasks to queue
[2024-09-19T18:17:14.865+0000] {logging_mixin.py:190} INFO - [2024-09-19T18:17:14.865+0000] {dagbag.py:587} INFO - Filling up the DagBag from /home/airflow/.local/lib/python3.12/site-packages/airflow/example_dags/example_setup_teardown.py
[2024-09-19T18:17:14.870+0000] {processor.py:925} INFO - DAG(s) 'example_setup_teardown' retrieved from /home/airflow/.local/lib/python3.12/site-packages/airflow/example_dags/example_setup_teardown.py
[2024-09-19T18:17:14.879+0000] {logging_mixin.py:190} INFO - [2024-09-19T18:17:14.879+0000] {dag.py:3211} INFO - Sync 1 DAGs
[2024-09-19T18:17:14.888+0000] {logging_mixin.py:190} INFO - [2024-09-19T18:17:14.888+0000] {dag.py:4138} INFO - Setting next_dagrun for example_setup_teardown to 2024-09-18 00:00:00+00:00, run_after=2024-09-19 00:00:00+00:00
[2024-09-19T18:17:14.895+0000] {processor.py:208} INFO - Processing /home/airflow/.local/lib/python3.12/site-packages/airflow/example_dags/example_setup_teardown.py took 0.038 seconds
[2024-09-19T18:17:45.208+0000] {processor.py:186} INFO - Started process (PID=335) to work on /home/airflow/.local/lib/python3.12/site-packages/airflow/example_dags/example_setup_teardown.py
[2024-09-19T18:17:45.212+0000] {processor.py:914} INFO - Processing file /home/airflow/.local/lib/python3.12/site-packages/airflow/example_dags/example_setup_teardown.py for tasks to queue
[2024-09-19T18:17:45.214+0000] {logging_mixin.py:190} INFO - [2024-09-19T18:17:45.214+0000] {dagbag.py:587} INFO - Filling up the DagBag from /home/airflow/.local/lib/python3.12/site-packages/airflow/example_dags/example_setup_teardown.py
[2024-09-19T18:17:45.219+0000] {processor.py:925} INFO - DAG(s) 'example_setup_teardown' retrieved from /home/airflow/.local/lib/python3.12/site-packages/airflow/example_dags/example_setup_teardown.py
[2024-09-19T18:17:45.232+0000] {logging_mixin.py:190} INFO - [2024-09-19T18:17:45.232+0000] {dag.py:3211} INFO - Sync 1 DAGs
[2024-09-19T18:17:45.241+0000] {logging_mixin.py:190} INFO - [2024-09-19T18:17:45.241+0000] {dag.py:4138} INFO - Setting next_dagrun for example_setup_teardown to 2024-09-18 00:00:00+00:00, run_after=2024-09-19 00:00:00+00:00
[2024-09-19T18:17:45.248+0000] {processor.py:208} INFO - Processing /home/airflow/.local/lib/python3.12/site-packages/airflow/example_dags/example_setup_teardown.py took 0.043 seconds
[2024-09-19T18:18:15.702+0000] {processor.py:186} INFO - Started process (PID=397) to work on /home/airflow/.local/lib/python3.12/site-packages/airflow/example_dags/example_setup_teardown.py
[2024-09-19T18:18:15.704+0000] {processor.py:914} INFO - Processing file /home/airflow/.local/lib/python3.12/site-packages/airflow/example_dags/example_setup_teardown.py for tasks to queue
[2024-09-19T18:18:15.705+0000] {logging_mixin.py:190} INFO - [2024-09-19T18:18:15.705+0000] {dagbag.py:587} INFO - Filling up the DagBag from /home/airflow/.local/lib/python3.12/site-packages/airflow/example_dags/example_setup_teardown.py
[2024-09-19T18:18:15.710+0000] {processor.py:925} INFO - DAG(s) 'example_setup_teardown' retrieved from /home/airflow/.local/lib/python3.12/site-packages/airflow/example_dags/example_setup_teardown.py
[2024-09-19T18:18:15.719+0000] {logging_mixin.py:190} INFO - [2024-09-19T18:18:15.719+0000] {dag.py:3211} INFO - Sync 1 DAGs
[2024-09-19T18:18:15.747+0000] {logging_mixin.py:190} INFO - [2024-09-19T18:18:15.746+0000] {dag.py:4138} INFO - Setting next_dagrun for example_setup_teardown to 2024-09-18 00:00:00+00:00, run_after=2024-09-19 00:00:00+00:00
[2024-09-19T18:18:15.762+0000] {processor.py:208} INFO - Processing /home/airflow/.local/lib/python3.12/site-packages/airflow/example_dags/example_setup_teardown.py took 0.063 seconds
[2024-09-19T18:18:46.794+0000] {processor.py:186} INFO - Started process (PID=459) to work on /home/airflow/.local/lib/python3.12/site-packages/airflow/example_dags/example_setup_teardown.py
[2024-09-19T18:18:46.798+0000] {processor.py:914} INFO - Processing file /home/airflow/.local/lib/python3.12/site-packages/airflow/example_dags/example_setup_teardown.py for tasks to queue
[2024-09-19T18:18:46.800+0000] {logging_mixin.py:190} INFO - [2024-09-19T18:18:46.800+0000] {dagbag.py:587} INFO - Filling up the DagBag from /home/airflow/.local/lib/python3.12/site-packages/airflow/example_dags/example_setup_teardown.py
[2024-09-19T18:18:46.806+0000] {processor.py:925} INFO - DAG(s) 'example_setup_teardown' retrieved from /home/airflow/.local/lib/python3.12/site-packages/airflow/example_dags/example_setup_teardown.py
[2024-09-19T18:18:46.817+0000] {logging_mixin.py:190} INFO - [2024-09-19T18:18:46.817+0000] {dag.py:3211} INFO - Sync 1 DAGs
[2024-09-19T18:18:46.827+0000] {logging_mixin.py:190} INFO - [2024-09-19T18:18:46.827+0000] {dag.py:4138} INFO - Setting next_dagrun for example_setup_teardown to 2024-09-18 00:00:00+00:00, run_after=2024-09-19 00:00:00+00:00
[2024-09-19T18:18:46.835+0000] {processor.py:208} INFO - Processing /home/airflow/.local/lib/python3.12/site-packages/airflow/example_dags/example_setup_teardown.py took 0.045 seconds
[2024-09-19T18:19:17.405+0000] {processor.py:186} INFO - Started process (PID=521) to work on /home/airflow/.local/lib/python3.12/site-packages/airflow/example_dags/example_setup_teardown.py
[2024-09-19T18:19:17.411+0000] {processor.py:914} INFO - Processing file /home/airflow/.local/lib/python3.12/site-packages/airflow/example_dags/example_setup_teardown.py for tasks to queue
[2024-09-19T18:19:17.414+0000] {logging_mixin.py:190} INFO - [2024-09-19T18:19:17.413+0000] {dagbag.py:587} INFO - Filling up the DagBag from /home/airflow/.local/lib/python3.12/site-packages/airflow/example_dags/example_setup_teardown.py
[2024-09-19T18:19:17.425+0000] {processor.py:925} INFO - DAG(s) 'example_setup_teardown' retrieved from /home/airflow/.local/lib/python3.12/site-packages/airflow/example_dags/example_setup_teardown.py
[2024-09-19T18:19:17.447+0000] {logging_mixin.py:190} INFO - [2024-09-19T18:19:17.447+0000] {dag.py:3211} INFO - Sync 1 DAGs
[2024-09-19T18:19:17.459+0000] {logging_mixin.py:190} INFO - [2024-09-19T18:19:17.459+0000] {dag.py:4138} INFO - Setting next_dagrun for example_setup_teardown to 2024-09-18 00:00:00+00:00, run_after=2024-09-19 00:00:00+00:00
[2024-09-19T18:19:17.468+0000] {processor.py:208} INFO - Processing /home/airflow/.local/lib/python3.12/site-packages/airflow/example_dags/example_setup_teardown.py took 0.070 seconds
[2024-09-19T18:19:48.219+0000] {processor.py:186} INFO - Started process (PID=583) to work on /home/airflow/.local/lib/python3.12/site-packages/airflow/example_dags/example_setup_teardown.py
[2024-09-19T18:19:48.220+0000] {processor.py:914} INFO - Processing file /home/airflow/.local/lib/python3.12/site-packages/airflow/example_dags/example_setup_teardown.py for tasks to queue
[2024-09-19T18:19:48.223+0000] {logging_mixin.py:190} INFO - [2024-09-19T18:19:48.223+0000] {dagbag.py:587} INFO - Filling up the DagBag from /home/airflow/.local/lib/python3.12/site-packages/airflow/example_dags/example_setup_teardown.py
[2024-09-19T18:19:48.236+0000] {processor.py:925} INFO - DAG(s) 'example_setup_teardown' retrieved from /home/airflow/.local/lib/python3.12/site-packages/airflow/example_dags/example_setup_teardown.py
[2024-09-19T18:19:48.262+0000] {logging_mixin.py:190} INFO - [2024-09-19T18:19:48.262+0000] {dag.py:3211} INFO - Sync 1 DAGs
[2024-09-19T18:19:48.292+0000] {logging_mixin.py:190} INFO - [2024-09-19T18:19:48.292+0000] {dag.py:4138} INFO - Setting next_dagrun for example_setup_teardown to 2024-09-18 00:00:00+00:00, run_after=2024-09-19 00:00:00+00:00
[2024-09-19T18:19:48.303+0000] {processor.py:208} INFO - Processing /home/airflow/.local/lib/python3.12/site-packages/airflow/example_dags/example_setup_teardown.py took 0.091 seconds
[2024-09-19T18:20:19.059+0000] {processor.py:186} INFO - Started process (PID=645) to work on /home/airflow/.local/lib/python3.12/site-packages/airflow/example_dags/example_setup_teardown.py
[2024-09-19T18:20:19.060+0000] {processor.py:914} INFO - Processing file /home/airflow/.local/lib/python3.12/site-packages/airflow/example_dags/example_setup_teardown.py for tasks to queue
[2024-09-19T18:20:19.061+0000] {logging_mixin.py:190} INFO - [2024-09-19T18:20:19.061+0000] {dagbag.py:587} INFO - Filling up the DagBag from /home/airflow/.local/lib/python3.12/site-packages/airflow/example_dags/example_setup_teardown.py
[2024-09-19T18:20:19.067+0000] {processor.py:925} INFO - DAG(s) 'example_setup_teardown' retrieved from /home/airflow/.local/lib/python3.12/site-packages/airflow/example_dags/example_setup_teardown.py
[2024-09-19T18:20:19.080+0000] {logging_mixin.py:190} INFO - [2024-09-19T18:20:19.080+0000] {dag.py:3211} INFO - Sync 1 DAGs
[2024-09-19T18:20:19.092+0000] {logging_mixin.py:190} INFO - [2024-09-19T18:20:19.092+0000] {dag.py:4138} INFO - Setting next_dagrun for example_setup_teardown to 2024-09-18 00:00:00+00:00, run_after=2024-09-19 00:00:00+00:00
[2024-09-19T18:20:19.102+0000] {processor.py:208} INFO - Processing /home/airflow/.local/lib/python3.12/site-packages/airflow/example_dags/example_setup_teardown.py took 0.045 seconds
[2024-09-19T18:20:50.005+0000] {processor.py:186} INFO - Started process (PID=707) to work on /home/airflow/.local/lib/python3.12/site-packages/airflow/example_dags/example_setup_teardown.py
[2024-09-19T18:20:50.006+0000] {processor.py:914} INFO - Processing file /home/airflow/.local/lib/python3.12/site-packages/airflow/example_dags/example_setup_teardown.py for tasks to queue
[2024-09-19T18:20:50.007+0000] {logging_mixin.py:190} INFO - [2024-09-19T18:20:50.007+0000] {dagbag.py:587} INFO - Filling up the DagBag from /home/airflow/.local/lib/python3.12/site-packages/airflow/example_dags/example_setup_teardown.py
[2024-09-19T18:20:50.014+0000] {processor.py:925} INFO - DAG(s) 'example_setup_teardown' retrieved from /home/airflow/.local/lib/python3.12/site-packages/airflow/example_dags/example_setup_teardown.py
[2024-09-19T18:20:50.029+0000] {logging_mixin.py:190} INFO - [2024-09-19T18:20:50.029+0000] {dag.py:3211} INFO - Sync 1 DAGs
[2024-09-19T18:20:50.041+0000] {logging_mixin.py:190} INFO - [2024-09-19T18:20:50.041+0000] {dag.py:4138} INFO - Setting next_dagrun for example_setup_teardown to 2024-09-18 00:00:00+00:00, run_after=2024-09-19 00:00:00+00:00
[2024-09-19T18:20:50.047+0000] {processor.py:208} INFO - Processing /home/airflow/.local/lib/python3.12/site-packages/airflow/example_dags/example_setup_teardown.py took 0.045 seconds
[2024-09-19T18:21:20.828+0000] {processor.py:186} INFO - Started process (PID=769) to work on /home/airflow/.local/lib/python3.12/site-packages/airflow/example_dags/example_setup_teardown.py
[2024-09-19T18:21:20.829+0000] {processor.py:914} INFO - Processing file /home/airflow/.local/lib/python3.12/site-packages/airflow/example_dags/example_setup_teardown.py for tasks to queue
[2024-09-19T18:21:20.831+0000] {logging_mixin.py:190} INFO - [2024-09-19T18:21:20.831+0000] {dagbag.py:587} INFO - Filling up the DagBag from /home/airflow/.local/lib/python3.12/site-packages/airflow/example_dags/example_setup_teardown.py
[2024-09-19T18:21:20.839+0000] {processor.py:925} INFO - DAG(s) 'example_setup_teardown' retrieved from /home/airflow/.local/lib/python3.12/site-packages/airflow/example_dags/example_setup_teardown.py
[2024-09-19T18:21:20.924+0000] {logging_mixin.py:190} INFO - [2024-09-19T18:21:20.920+0000] {dag.py:3211} INFO - Sync 1 DAGs
[2024-09-19T18:21:20.951+0000] {logging_mixin.py:190} INFO - [2024-09-19T18:21:20.951+0000] {dag.py:4138} INFO - Setting next_dagrun for example_setup_teardown to 2024-09-18 00:00:00+00:00, run_after=2024-09-19 00:00:00+00:00
[2024-09-19T18:21:20.962+0000] {processor.py:208} INFO - Processing /home/airflow/.local/lib/python3.12/site-packages/airflow/example_dags/example_setup_teardown.py took 0.139 seconds
[2024-09-19T18:21:51.032+0000] {processor.py:186} INFO - Started process (PID=831) to work on /home/airflow/.local/lib/python3.12/site-packages/airflow/example_dags/example_setup_teardown.py
[2024-09-19T18:21:51.033+0000] {processor.py:914} INFO - Processing file /home/airflow/.local/lib/python3.12/site-packages/airflow/example_dags/example_setup_teardown.py for tasks to queue
[2024-09-19T18:21:51.034+0000] {logging_mixin.py:190} INFO - [2024-09-19T18:21:51.033+0000] {dagbag.py:587} INFO - Filling up the DagBag from /home/airflow/.local/lib/python3.12/site-packages/airflow/example_dags/example_setup_teardown.py
[2024-09-19T18:21:51.039+0000] {processor.py:925} INFO - DAG(s) 'example_setup_teardown' retrieved from /home/airflow/.local/lib/python3.12/site-packages/airflow/example_dags/example_setup_teardown.py
[2024-09-19T18:21:51.061+0000] {logging_mixin.py:190} INFO - [2024-09-19T18:21:51.061+0000] {dag.py:3211} INFO - Sync 1 DAGs
[2024-09-19T18:21:51.072+0000] {logging_mixin.py:190} INFO - [2024-09-19T18:21:51.071+0000] {dag.py:4138} INFO - Setting next_dagrun for example_setup_teardown to 2024-09-18 00:00:00+00:00, run_after=2024-09-19 00:00:00+00:00
[2024-09-19T18:21:51.078+0000] {processor.py:208} INFO - Processing /home/airflow/.local/lib/python3.12/site-packages/airflow/example_dags/example_setup_teardown.py took 0.049 seconds
[2024-09-19T18:22:21.795+0000] {processor.py:186} INFO - Started process (PID=893) to work on /home/airflow/.local/lib/python3.12/site-packages/airflow/example_dags/example_setup_teardown.py
[2024-09-19T18:22:21.795+0000] {processor.py:914} INFO - Processing file /home/airflow/.local/lib/python3.12/site-packages/airflow/example_dags/example_setup_teardown.py for tasks to queue
[2024-09-19T18:22:21.796+0000] {logging_mixin.py:190} INFO - [2024-09-19T18:22:21.796+0000] {dagbag.py:587} INFO - Filling up the DagBag from /home/airflow/.local/lib/python3.12/site-packages/airflow/example_dags/example_setup_teardown.py
[2024-09-19T18:22:21.800+0000] {processor.py:925} INFO - DAG(s) 'example_setup_teardown' retrieved from /home/airflow/.local/lib/python3.12/site-packages/airflow/example_dags/example_setup_teardown.py
[2024-09-19T18:22:21.808+0000] {logging_mixin.py:190} INFO - [2024-09-19T18:22:21.808+0000] {dag.py:3211} INFO - Sync 1 DAGs
[2024-09-19T18:22:21.822+0000] {logging_mixin.py:190} INFO - [2024-09-19T18:22:21.822+0000] {dag.py:4138} INFO - Setting next_dagrun for example_setup_teardown to 2024-09-18 00:00:00+00:00, run_after=2024-09-19 00:00:00+00:00
[2024-09-19T18:22:21.829+0000] {processor.py:208} INFO - Processing /home/airflow/.local/lib/python3.12/site-packages/airflow/example_dags/example_setup_teardown.py took 0.038 seconds
[2024-09-19T18:22:52.568+0000] {processor.py:186} INFO - Started process (PID=955) to work on /home/airflow/.local/lib/python3.12/site-packages/airflow/example_dags/example_setup_teardown.py
[2024-09-19T18:22:52.570+0000] {processor.py:914} INFO - Processing file /home/airflow/.local/lib/python3.12/site-packages/airflow/example_dags/example_setup_teardown.py for tasks to queue
[2024-09-19T18:22:52.573+0000] {logging_mixin.py:190} INFO - [2024-09-19T18:22:52.572+0000] {dagbag.py:587} INFO - Filling up the DagBag from /home/airflow/.local/lib/python3.12/site-packages/airflow/example_dags/example_setup_teardown.py
[2024-09-19T18:22:52.577+0000] {processor.py:925} INFO - DAG(s) 'example_setup_teardown' retrieved from /home/airflow/.local/lib/python3.12/site-packages/airflow/example_dags/example_setup_teardown.py
[2024-09-19T18:22:52.586+0000] {logging_mixin.py:190} INFO - [2024-09-19T18:22:52.586+0000] {dag.py:3211} INFO - Sync 1 DAGs
[2024-09-19T18:22:52.595+0000] {logging_mixin.py:190} INFO - [2024-09-19T18:22:52.595+0000] {dag.py:4138} INFO - Setting next_dagrun for example_setup_teardown to 2024-09-18 00:00:00+00:00, run_after=2024-09-19 00:00:00+00:00
[2024-09-19T18:22:52.602+0000] {processor.py:208} INFO - Processing /home/airflow/.local/lib/python3.12/site-packages/airflow/example_dags/example_setup_teardown.py took 0.038 seconds
[2024-09-19T18:23:22.971+0000] {processor.py:186} INFO - Started process (PID=1017) to work on /home/airflow/.local/lib/python3.12/site-packages/airflow/example_dags/example_setup_teardown.py
[2024-09-19T18:23:22.975+0000] {processor.py:914} INFO - Processing file /home/airflow/.local/lib/python3.12/site-packages/airflow/example_dags/example_setup_teardown.py for tasks to queue
[2024-09-19T18:23:22.976+0000] {logging_mixin.py:190} INFO - [2024-09-19T18:23:22.976+0000] {dagbag.py:587} INFO - Filling up the DagBag from /home/airflow/.local/lib/python3.12/site-packages/airflow/example_dags/example_setup_teardown.py
[2024-09-19T18:23:22.981+0000] {processor.py:925} INFO - DAG(s) 'example_setup_teardown' retrieved from /home/airflow/.local/lib/python3.12/site-packages/airflow/example_dags/example_setup_teardown.py
[2024-09-19T18:23:22.989+0000] {logging_mixin.py:190} INFO - [2024-09-19T18:23:22.989+0000] {dag.py:3211} INFO - Sync 1 DAGs
[2024-09-19T18:23:22.998+0000] {logging_mixin.py:190} INFO - [2024-09-19T18:23:22.998+0000] {dag.py:4138} INFO - Setting next_dagrun for example_setup_teardown to 2024-09-18 00:00:00+00:00, run_after=2024-09-19 00:00:00+00:00
[2024-09-19T18:23:23.005+0000] {processor.py:208} INFO - Processing /home/airflow/.local/lib/python3.12/site-packages/airflow/example_dags/example_setup_teardown.py took 0.036 seconds
[2024-09-19T18:23:53.906+0000] {processor.py:186} INFO - Started process (PID=1079) to work on /home/airflow/.local/lib/python3.12/site-packages/airflow/example_dags/example_setup_teardown.py
[2024-09-19T18:23:53.907+0000] {processor.py:914} INFO - Processing file /home/airflow/.local/lib/python3.12/site-packages/airflow/example_dags/example_setup_teardown.py for tasks to queue
[2024-09-19T18:23:53.908+0000] {logging_mixin.py:190} INFO - [2024-09-19T18:23:53.908+0000] {dagbag.py:587} INFO - Filling up the DagBag from /home/airflow/.local/lib/python3.12/site-packages/airflow/example_dags/example_setup_teardown.py
[2024-09-19T18:23:53.914+0000] {processor.py:925} INFO - DAG(s) 'example_setup_teardown' retrieved from /home/airflow/.local/lib/python3.12/site-packages/airflow/example_dags/example_setup_teardown.py
[2024-09-19T18:23:53.925+0000] {logging_mixin.py:190} INFO - [2024-09-19T18:23:53.925+0000] {dag.py:3211} INFO - Sync 1 DAGs
[2024-09-19T18:23:53.934+0000] {logging_mixin.py:190} INFO - [2024-09-19T18:23:53.934+0000] {dag.py:4138} INFO - Setting next_dagrun for example_setup_teardown to 2024-09-18 00:00:00+00:00, run_after=2024-09-19 00:00:00+00:00
[2024-09-19T18:23:53.941+0000] {processor.py:208} INFO - Processing /home/airflow/.local/lib/python3.12/site-packages/airflow/example_dags/example_setup_teardown.py took 0.038 seconds
[2024-09-19T18:24:24.582+0000] {processor.py:186} INFO - Started process (PID=1141) to work on /home/airflow/.local/lib/python3.12/site-packages/airflow/example_dags/example_setup_teardown.py
[2024-09-19T18:24:24.584+0000] {processor.py:914} INFO - Processing file /home/airflow/.local/lib/python3.12/site-packages/airflow/example_dags/example_setup_teardown.py for tasks to queue
[2024-09-19T18:24:24.586+0000] {logging_mixin.py:190} INFO - [2024-09-19T18:24:24.585+0000] {dagbag.py:587} INFO - Filling up the DagBag from /home/airflow/.local/lib/python3.12/site-packages/airflow/example_dags/example_setup_teardown.py
[2024-09-19T18:24:24.589+0000] {processor.py:925} INFO - DAG(s) 'example_setup_teardown' retrieved from /home/airflow/.local/lib/python3.12/site-packages/airflow/example_dags/example_setup_teardown.py
[2024-09-19T18:24:24.597+0000] {logging_mixin.py:190} INFO - [2024-09-19T18:24:24.597+0000] {dag.py:3211} INFO - Sync 1 DAGs
[2024-09-19T18:24:24.606+0000] {logging_mixin.py:190} INFO - [2024-09-19T18:24:24.606+0000] {dag.py:4138} INFO - Setting next_dagrun for example_setup_teardown to 2024-09-18 00:00:00+00:00, run_after=2024-09-19 00:00:00+00:00
[2024-09-19T18:24:24.612+0000] {processor.py:208} INFO - Processing /home/airflow/.local/lib/python3.12/site-packages/airflow/example_dags/example_setup_teardown.py took 0.033 seconds
[2024-09-19T18:24:54.843+0000] {processor.py:186} INFO - Started process (PID=1203) to work on /home/airflow/.local/lib/python3.12/site-packages/airflow/example_dags/example_setup_teardown.py
[2024-09-19T18:24:54.844+0000] {processor.py:914} INFO - Processing file /home/airflow/.local/lib/python3.12/site-packages/airflow/example_dags/example_setup_teardown.py for tasks to queue
[2024-09-19T18:24:54.846+0000] {logging_mixin.py:190} INFO - [2024-09-19T18:24:54.846+0000] {dagbag.py:587} INFO - Filling up the DagBag from /home/airflow/.local/lib/python3.12/site-packages/airflow/example_dags/example_setup_teardown.py
[2024-09-19T18:24:54.850+0000] {processor.py:925} INFO - DAG(s) 'example_setup_teardown' retrieved from /home/airflow/.local/lib/python3.12/site-packages/airflow/example_dags/example_setup_teardown.py
[2024-09-19T18:24:54.861+0000] {logging_mixin.py:190} INFO - [2024-09-19T18:24:54.861+0000] {dag.py:3211} INFO - Sync 1 DAGs
[2024-09-19T18:24:54.873+0000] {logging_mixin.py:190} INFO - [2024-09-19T18:24:54.873+0000] {dag.py:4138} INFO - Setting next_dagrun for example_setup_teardown to 2024-09-18 00:00:00+00:00, run_after=2024-09-19 00:00:00+00:00
[2024-09-19T18:24:54.880+0000] {processor.py:208} INFO - Processing /home/airflow/.local/lib/python3.12/site-packages/airflow/example_dags/example_setup_teardown.py took 0.039 seconds
[2024-09-19T18:25:25.550+0000] {processor.py:186} INFO - Started process (PID=1265) to work on /home/airflow/.local/lib/python3.12/site-packages/airflow/example_dags/example_setup_teardown.py
[2024-09-19T18:25:25.551+0000] {processor.py:914} INFO - Processing file /home/airflow/.local/lib/python3.12/site-packages/airflow/example_dags/example_setup_teardown.py for tasks to queue
[2024-09-19T18:25:25.553+0000] {logging_mixin.py:190} INFO - [2024-09-19T18:25:25.553+0000] {dagbag.py:587} INFO - Filling up the DagBag from /home/airflow/.local/lib/python3.12/site-packages/airflow/example_dags/example_setup_teardown.py
[2024-09-19T18:25:25.557+0000] {processor.py:925} INFO - DAG(s) 'example_setup_teardown' retrieved from /home/airflow/.local/lib/python3.12/site-packages/airflow/example_dags/example_setup_teardown.py
[2024-09-19T18:25:25.566+0000] {logging_mixin.py:190} INFO - [2024-09-19T18:25:25.566+0000] {dag.py:3211} INFO - Sync 1 DAGs
[2024-09-19T18:25:25.575+0000] {logging_mixin.py:190} INFO - [2024-09-19T18:25:25.575+0000] {dag.py:4138} INFO - Setting next_dagrun for example_setup_teardown to 2024-09-18 00:00:00+00:00, run_after=2024-09-19 00:00:00+00:00
[2024-09-19T18:25:25.581+0000] {processor.py:208} INFO - Processing /home/airflow/.local/lib/python3.12/site-packages/airflow/example_dags/example_setup_teardown.py took 0.035 seconds
[2024-09-19T18:25:56.222+0000] {processor.py:186} INFO - Started process (PID=1327) to work on /home/airflow/.local/lib/python3.12/site-packages/airflow/example_dags/example_setup_teardown.py
[2024-09-19T18:25:56.224+0000] {processor.py:914} INFO - Processing file /home/airflow/.local/lib/python3.12/site-packages/airflow/example_dags/example_setup_teardown.py for tasks to queue
[2024-09-19T18:25:56.225+0000] {logging_mixin.py:190} INFO - [2024-09-19T18:25:56.224+0000] {dagbag.py:587} INFO - Filling up the DagBag from /home/airflow/.local/lib/python3.12/site-packages/airflow/example_dags/example_setup_teardown.py
[2024-09-19T18:25:56.229+0000] {processor.py:925} INFO - DAG(s) 'example_setup_teardown' retrieved from /home/airflow/.local/lib/python3.12/site-packages/airflow/example_dags/example_setup_teardown.py
[2024-09-19T18:25:56.242+0000] {logging_mixin.py:190} INFO - [2024-09-19T18:25:56.242+0000] {dag.py:3211} INFO - Sync 1 DAGs
[2024-09-19T18:25:56.255+0000] {logging_mixin.py:190} INFO - [2024-09-19T18:25:56.255+0000] {dag.py:4138} INFO - Setting next_dagrun for example_setup_teardown to 2024-09-18 00:00:00+00:00, run_after=2024-09-19 00:00:00+00:00
[2024-09-19T18:25:56.261+0000] {processor.py:208} INFO - Processing /home/airflow/.local/lib/python3.12/site-packages/airflow/example_dags/example_setup_teardown.py took 0.042 seconds
[2024-09-19T18:26:27.142+0000] {processor.py:186} INFO - Started process (PID=1389) to work on /home/airflow/.local/lib/python3.12/site-packages/airflow/example_dags/example_setup_teardown.py
[2024-09-19T18:26:27.143+0000] {processor.py:914} INFO - Processing file /home/airflow/.local/lib/python3.12/site-packages/airflow/example_dags/example_setup_teardown.py for tasks to queue
[2024-09-19T18:26:27.144+0000] {logging_mixin.py:190} INFO - [2024-09-19T18:26:27.144+0000] {dagbag.py:587} INFO - Filling up the DagBag from /home/airflow/.local/lib/python3.12/site-packages/airflow/example_dags/example_setup_teardown.py
[2024-09-19T18:26:27.148+0000] {processor.py:925} INFO - DAG(s) 'example_setup_teardown' retrieved from /home/airflow/.local/lib/python3.12/site-packages/airflow/example_dags/example_setup_teardown.py
[2024-09-19T18:26:27.156+0000] {logging_mixin.py:190} INFO - [2024-09-19T18:26:27.156+0000] {dag.py:3211} INFO - Sync 1 DAGs
[2024-09-19T18:26:27.168+0000] {logging_mixin.py:190} INFO - [2024-09-19T18:26:27.168+0000] {dag.py:4138} INFO - Setting next_dagrun for example_setup_teardown to 2024-09-18 00:00:00+00:00, run_after=2024-09-19 00:00:00+00:00
[2024-09-19T18:26:27.175+0000] {processor.py:208} INFO - Processing /home/airflow/.local/lib/python3.12/site-packages/airflow/example_dags/example_setup_teardown.py took 0.036 seconds
[2024-09-19T18:26:58.084+0000] {processor.py:186} INFO - Started process (PID=1451) to work on /home/airflow/.local/lib/python3.12/site-packages/airflow/example_dags/example_setup_teardown.py
[2024-09-19T18:26:58.085+0000] {processor.py:914} INFO - Processing file /home/airflow/.local/lib/python3.12/site-packages/airflow/example_dags/example_setup_teardown.py for tasks to queue
[2024-09-19T18:26:58.086+0000] {logging_mixin.py:190} INFO - [2024-09-19T18:26:58.086+0000] {dagbag.py:587} INFO - Filling up the DagBag from /home/airflow/.local/lib/python3.12/site-packages/airflow/example_dags/example_setup_teardown.py
[2024-09-19T18:26:58.090+0000] {processor.py:925} INFO - DAG(s) 'example_setup_teardown' retrieved from /home/airflow/.local/lib/python3.12/site-packages/airflow/example_dags/example_setup_teardown.py
[2024-09-19T18:26:58.098+0000] {logging_mixin.py:190} INFO - [2024-09-19T18:26:58.098+0000] {dag.py:3211} INFO - Sync 1 DAGs
[2024-09-19T18:26:58.107+0000] {logging_mixin.py:190} INFO - [2024-09-19T18:26:58.107+0000] {dag.py:4138} INFO - Setting next_dagrun for example_setup_teardown to 2024-09-18 00:00:00+00:00, run_after=2024-09-19 00:00:00+00:00
[2024-09-19T18:26:58.113+0000] {processor.py:208} INFO - Processing /home/airflow/.local/lib/python3.12/site-packages/airflow/example_dags/example_setup_teardown.py took 0.033 seconds
[2024-09-19T18:27:28.336+0000] {processor.py:186} INFO - Started process (PID=1513) to work on /home/airflow/.local/lib/python3.12/site-packages/airflow/example_dags/example_setup_teardown.py
[2024-09-19T18:27:28.336+0000] {processor.py:914} INFO - Processing file /home/airflow/.local/lib/python3.12/site-packages/airflow/example_dags/example_setup_teardown.py for tasks to queue
[2024-09-19T18:27:28.337+0000] {logging_mixin.py:190} INFO - [2024-09-19T18:27:28.337+0000] {dagbag.py:587} INFO - Filling up the DagBag from /home/airflow/.local/lib/python3.12/site-packages/airflow/example_dags/example_setup_teardown.py
[2024-09-19T18:27:28.342+0000] {processor.py:925} INFO - DAG(s) 'example_setup_teardown' retrieved from /home/airflow/.local/lib/python3.12/site-packages/airflow/example_dags/example_setup_teardown.py
[2024-09-19T18:27:28.354+0000] {logging_mixin.py:190} INFO - [2024-09-19T18:27:28.354+0000] {dag.py:3211} INFO - Sync 1 DAGs
[2024-09-19T18:27:28.366+0000] {logging_mixin.py:190} INFO - [2024-09-19T18:27:28.366+0000] {dag.py:4138} INFO - Setting next_dagrun for example_setup_teardown to 2024-09-18 00:00:00+00:00, run_after=2024-09-19 00:00:00+00:00
[2024-09-19T18:27:28.372+0000] {processor.py:208} INFO - Processing /home/airflow/.local/lib/python3.12/site-packages/airflow/example_dags/example_setup_teardown.py took 0.039 seconds
[2024-09-19T18:27:59.077+0000] {processor.py:186} INFO - Started process (PID=1575) to work on /home/airflow/.local/lib/python3.12/site-packages/airflow/example_dags/example_setup_teardown.py
[2024-09-19T18:27:59.081+0000] {processor.py:914} INFO - Processing file /home/airflow/.local/lib/python3.12/site-packages/airflow/example_dags/example_setup_teardown.py for tasks to queue
[2024-09-19T18:27:59.083+0000] {logging_mixin.py:190} INFO - [2024-09-19T18:27:59.083+0000] {dagbag.py:587} INFO - Filling up the DagBag from /home/airflow/.local/lib/python3.12/site-packages/airflow/example_dags/example_setup_teardown.py
[2024-09-19T18:27:59.088+0000] {processor.py:925} INFO - DAG(s) 'example_setup_teardown' retrieved from /home/airflow/.local/lib/python3.12/site-packages/airflow/example_dags/example_setup_teardown.py
[2024-09-19T18:27:59.098+0000] {logging_mixin.py:190} INFO - [2024-09-19T18:27:59.097+0000] {dag.py:3211} INFO - Sync 1 DAGs
[2024-09-19T18:27:59.108+0000] {logging_mixin.py:190} INFO - [2024-09-19T18:27:59.107+0000] {dag.py:4138} INFO - Setting next_dagrun for example_setup_teardown to 2024-09-18 00:00:00+00:00, run_after=2024-09-19 00:00:00+00:00
[2024-09-19T18:27:59.115+0000] {processor.py:208} INFO - Processing /home/airflow/.local/lib/python3.12/site-packages/airflow/example_dags/example_setup_teardown.py took 0.043 seconds
[2024-09-19T18:28:29.822+0000] {processor.py:186} INFO - Started process (PID=1637) to work on /home/airflow/.local/lib/python3.12/site-packages/airflow/example_dags/example_setup_teardown.py
[2024-09-19T18:28:29.824+0000] {processor.py:914} INFO - Processing file /home/airflow/.local/lib/python3.12/site-packages/airflow/example_dags/example_setup_teardown.py for tasks to queue
[2024-09-19T18:28:29.825+0000] {logging_mixin.py:190} INFO - [2024-09-19T18:28:29.825+0000] {dagbag.py:587} INFO - Filling up the DagBag from /home/airflow/.local/lib/python3.12/site-packages/airflow/example_dags/example_setup_teardown.py
[2024-09-19T18:28:29.829+0000] {processor.py:925} INFO - DAG(s) 'example_setup_teardown' retrieved from /home/airflow/.local/lib/python3.12/site-packages/airflow/example_dags/example_setup_teardown.py
[2024-09-19T18:28:29.837+0000] {logging_mixin.py:190} INFO - [2024-09-19T18:28:29.837+0000] {dag.py:3211} INFO - Sync 1 DAGs
[2024-09-19T18:28:29.847+0000] {logging_mixin.py:190} INFO - [2024-09-19T18:28:29.847+0000] {dag.py:4138} INFO - Setting next_dagrun for example_setup_teardown to 2024-09-18 00:00:00+00:00, run_after=2024-09-19 00:00:00+00:00
[2024-09-19T18:28:29.855+0000] {processor.py:208} INFO - Processing /home/airflow/.local/lib/python3.12/site-packages/airflow/example_dags/example_setup_teardown.py took 0.036 seconds
[2024-09-19T18:29:00.672+0000] {processor.py:186} INFO - Started process (PID=1699) to work on /home/airflow/.local/lib/python3.12/site-packages/airflow/example_dags/example_setup_teardown.py
[2024-09-19T18:29:00.674+0000] {processor.py:914} INFO - Processing file /home/airflow/.local/lib/python3.12/site-packages/airflow/example_dags/example_setup_teardown.py for tasks to queue
[2024-09-19T18:29:00.675+0000] {logging_mixin.py:190} INFO - [2024-09-19T18:29:00.675+0000] {dagbag.py:587} INFO - Filling up the DagBag from /home/airflow/.local/lib/python3.12/site-packages/airflow/example_dags/example_setup_teardown.py
[2024-09-19T18:29:00.679+0000] {processor.py:925} INFO - DAG(s) 'example_setup_teardown' retrieved from /home/airflow/.local/lib/python3.12/site-packages/airflow/example_dags/example_setup_teardown.py
[2024-09-19T18:29:00.688+0000] {logging_mixin.py:190} INFO - [2024-09-19T18:29:00.687+0000] {dag.py:3211} INFO - Sync 1 DAGs
[2024-09-19T18:29:00.696+0000] {logging_mixin.py:190} INFO - [2024-09-19T18:29:00.696+0000] {dag.py:4138} INFO - Setting next_dagrun for example_setup_teardown to 2024-09-18 00:00:00+00:00, run_after=2024-09-19 00:00:00+00:00
[2024-09-19T18:29:00.704+0000] {processor.py:208} INFO - Processing /home/airflow/.local/lib/python3.12/site-packages/airflow/example_dags/example_setup_teardown.py took 0.035 seconds
[2024-09-19T18:29:31.276+0000] {processor.py:186} INFO - Started process (PID=1761) to work on /home/airflow/.local/lib/python3.12/site-packages/airflow/example_dags/example_setup_teardown.py
[2024-09-19T18:29:31.277+0000] {processor.py:914} INFO - Processing file /home/airflow/.local/lib/python3.12/site-packages/airflow/example_dags/example_setup_teardown.py for tasks to queue
[2024-09-19T18:29:31.280+0000] {logging_mixin.py:190} INFO - [2024-09-19T18:29:31.280+0000] {dagbag.py:587} INFO - Filling up the DagBag from /home/airflow/.local/lib/python3.12/site-packages/airflow/example_dags/example_setup_teardown.py
[2024-09-19T18:29:31.284+0000] {processor.py:925} INFO - DAG(s) 'example_setup_teardown' retrieved from /home/airflow/.local/lib/python3.12/site-packages/airflow/example_dags/example_setup_teardown.py
[2024-09-19T18:29:31.293+0000] {logging_mixin.py:190} INFO - [2024-09-19T18:29:31.293+0000] {dag.py:3211} INFO - Sync 1 DAGs
[2024-09-19T18:29:31.305+0000] {logging_mixin.py:190} INFO - [2024-09-19T18:29:31.304+0000] {dag.py:4138} INFO - Setting next_dagrun for example_setup_teardown to 2024-09-18 00:00:00+00:00, run_after=2024-09-19 00:00:00+00:00
[2024-09-19T18:29:31.315+0000] {processor.py:208} INFO - Processing /home/airflow/.local/lib/python3.12/site-packages/airflow/example_dags/example_setup_teardown.py took 0.042 seconds
[2024-09-19T18:30:02.376+0000] {processor.py:186} INFO - Started process (PID=1823) to work on /home/airflow/.local/lib/python3.12/site-packages/airflow/example_dags/example_setup_teardown.py
[2024-09-19T18:30:02.377+0000] {processor.py:914} INFO - Processing file /home/airflow/.local/lib/python3.12/site-packages/airflow/example_dags/example_setup_teardown.py for tasks to queue
[2024-09-19T18:30:02.378+0000] {logging_mixin.py:190} INFO - [2024-09-19T18:30:02.378+0000] {dagbag.py:587} INFO - Filling up the DagBag from /home/airflow/.local/lib/python3.12/site-packages/airflow/example_dags/example_setup_teardown.py
[2024-09-19T18:30:02.387+0000] {processor.py:925} INFO - DAG(s) 'example_setup_teardown' retrieved from /home/airflow/.local/lib/python3.12/site-packages/airflow/example_dags/example_setup_teardown.py
[2024-09-19T18:30:02.405+0000] {logging_mixin.py:190} INFO - [2024-09-19T18:30:02.405+0000] {dag.py:3211} INFO - Sync 1 DAGs
[2024-09-19T18:30:02.416+0000] {logging_mixin.py:190} INFO - [2024-09-19T18:30:02.416+0000] {dag.py:4138} INFO - Setting next_dagrun for example_setup_teardown to 2024-09-18 00:00:00+00:00, run_after=2024-09-19 00:00:00+00:00
[2024-09-19T18:30:02.424+0000] {processor.py:208} INFO - Processing /home/airflow/.local/lib/python3.12/site-packages/airflow/example_dags/example_setup_teardown.py took 0.052 seconds
[2024-09-19T18:30:32.842+0000] {processor.py:186} INFO - Started process (PID=1891) to work on /home/airflow/.local/lib/python3.12/site-packages/airflow/example_dags/example_setup_teardown.py
[2024-09-19T18:30:32.844+0000] {processor.py:914} INFO - Processing file /home/airflow/.local/lib/python3.12/site-packages/airflow/example_dags/example_setup_teardown.py for tasks to queue
[2024-09-19T18:30:32.846+0000] {logging_mixin.py:190} INFO - [2024-09-19T18:30:32.845+0000] {dagbag.py:587} INFO - Filling up the DagBag from /home/airflow/.local/lib/python3.12/site-packages/airflow/example_dags/example_setup_teardown.py
[2024-09-19T18:30:32.853+0000] {processor.py:925} INFO - DAG(s) 'example_setup_teardown' retrieved from /home/airflow/.local/lib/python3.12/site-packages/airflow/example_dags/example_setup_teardown.py
[2024-09-19T18:30:32.865+0000] {logging_mixin.py:190} INFO - [2024-09-19T18:30:32.865+0000] {dag.py:3211} INFO - Sync 1 DAGs
[2024-09-19T18:30:32.875+0000] {logging_mixin.py:190} INFO - [2024-09-19T18:30:32.875+0000] {dag.py:4138} INFO - Setting next_dagrun for example_setup_teardown to 2024-09-18 00:00:00+00:00, run_after=2024-09-19 00:00:00+00:00
[2024-09-19T18:30:32.900+0000] {processor.py:208} INFO - Processing /home/airflow/.local/lib/python3.12/site-packages/airflow/example_dags/example_setup_teardown.py took 0.064 seconds
[2024-09-19T18:31:03.501+0000] {processor.py:186} INFO - Started process (PID=1953) to work on /home/airflow/.local/lib/python3.12/site-packages/airflow/example_dags/example_setup_teardown.py
[2024-09-19T18:31:03.502+0000] {processor.py:914} INFO - Processing file /home/airflow/.local/lib/python3.12/site-packages/airflow/example_dags/example_setup_teardown.py for tasks to queue
[2024-09-19T18:31:03.504+0000] {logging_mixin.py:190} INFO - [2024-09-19T18:31:03.504+0000] {dagbag.py:587} INFO - Filling up the DagBag from /home/airflow/.local/lib/python3.12/site-packages/airflow/example_dags/example_setup_teardown.py
[2024-09-19T18:31:03.515+0000] {processor.py:925} INFO - DAG(s) 'example_setup_teardown' retrieved from /home/airflow/.local/lib/python3.12/site-packages/airflow/example_dags/example_setup_teardown.py
[2024-09-19T18:31:03.535+0000] {logging_mixin.py:190} INFO - [2024-09-19T18:31:03.535+0000] {dag.py:3211} INFO - Sync 1 DAGs
[2024-09-19T18:31:03.560+0000] {logging_mixin.py:190} INFO - [2024-09-19T18:31:03.559+0000] {dag.py:4138} INFO - Setting next_dagrun for example_setup_teardown to 2024-09-18 00:00:00+00:00, run_after=2024-09-19 00:00:00+00:00
[2024-09-19T18:31:03.598+0000] {processor.py:208} INFO - Processing /home/airflow/.local/lib/python3.12/site-packages/airflow/example_dags/example_setup_teardown.py took 0.101 seconds
[2024-09-19T18:31:33.844+0000] {processor.py:186} INFO - Started process (PID=2014) to work on /home/airflow/.local/lib/python3.12/site-packages/airflow/example_dags/example_setup_teardown.py
[2024-09-19T18:31:33.845+0000] {processor.py:914} INFO - Processing file /home/airflow/.local/lib/python3.12/site-packages/airflow/example_dags/example_setup_teardown.py for tasks to queue
[2024-09-19T18:31:33.846+0000] {logging_mixin.py:190} INFO - [2024-09-19T18:31:33.846+0000] {dagbag.py:587} INFO - Filling up the DagBag from /home/airflow/.local/lib/python3.12/site-packages/airflow/example_dags/example_setup_teardown.py
[2024-09-19T18:31:33.851+0000] {processor.py:925} INFO - DAG(s) 'example_setup_teardown' retrieved from /home/airflow/.local/lib/python3.12/site-packages/airflow/example_dags/example_setup_teardown.py
[2024-09-19T18:31:33.858+0000] {logging_mixin.py:190} INFO - [2024-09-19T18:31:33.858+0000] {dag.py:3211} INFO - Sync 1 DAGs
[2024-09-19T18:31:33.867+0000] {logging_mixin.py:190} INFO - [2024-09-19T18:31:33.867+0000] {dag.py:4138} INFO - Setting next_dagrun for example_setup_teardown to 2024-09-18 00:00:00+00:00, run_after=2024-09-19 00:00:00+00:00
[2024-09-19T18:31:33.874+0000] {processor.py:208} INFO - Processing /home/airflow/.local/lib/python3.12/site-packages/airflow/example_dags/example_setup_teardown.py took 0.033 seconds
[2024-09-19T18:32:04.069+0000] {processor.py:186} INFO - Started process (PID=2076) to work on /home/airflow/.local/lib/python3.12/site-packages/airflow/example_dags/example_setup_teardown.py
[2024-09-19T18:32:04.071+0000] {processor.py:914} INFO - Processing file /home/airflow/.local/lib/python3.12/site-packages/airflow/example_dags/example_setup_teardown.py for tasks to queue
[2024-09-19T18:32:04.072+0000] {logging_mixin.py:190} INFO - [2024-09-19T18:32:04.072+0000] {dagbag.py:587} INFO - Filling up the DagBag from /home/airflow/.local/lib/python3.12/site-packages/airflow/example_dags/example_setup_teardown.py
[2024-09-19T18:32:04.077+0000] {processor.py:925} INFO - DAG(s) 'example_setup_teardown' retrieved from /home/airflow/.local/lib/python3.12/site-packages/airflow/example_dags/example_setup_teardown.py
[2024-09-19T18:32:04.093+0000] {logging_mixin.py:190} INFO - [2024-09-19T18:32:04.093+0000] {dag.py:3211} INFO - Sync 1 DAGs
[2024-09-19T18:32:04.108+0000] {logging_mixin.py:190} INFO - [2024-09-19T18:32:04.107+0000] {dag.py:4138} INFO - Setting next_dagrun for example_setup_teardown to 2024-09-18 00:00:00+00:00, run_after=2024-09-19 00:00:00+00:00
[2024-09-19T18:32:04.118+0000] {processor.py:208} INFO - Processing /home/airflow/.local/lib/python3.12/site-packages/airflow/example_dags/example_setup_teardown.py took 0.051 seconds
[2024-09-19T18:32:34.671+0000] {processor.py:186} INFO - Started process (PID=2138) to work on /home/airflow/.local/lib/python3.12/site-packages/airflow/example_dags/example_setup_teardown.py
[2024-09-19T18:32:34.672+0000] {processor.py:914} INFO - Processing file /home/airflow/.local/lib/python3.12/site-packages/airflow/example_dags/example_setup_teardown.py for tasks to queue
[2024-09-19T18:32:34.674+0000] {logging_mixin.py:190} INFO - [2024-09-19T18:32:34.674+0000] {dagbag.py:587} INFO - Filling up the DagBag from /home/airflow/.local/lib/python3.12/site-packages/airflow/example_dags/example_setup_teardown.py
[2024-09-19T18:32:34.678+0000] {processor.py:925} INFO - DAG(s) 'example_setup_teardown' retrieved from /home/airflow/.local/lib/python3.12/site-packages/airflow/example_dags/example_setup_teardown.py
[2024-09-19T18:32:34.687+0000] {logging_mixin.py:190} INFO - [2024-09-19T18:32:34.687+0000] {dag.py:3211} INFO - Sync 1 DAGs
[2024-09-19T18:32:34.717+0000] {logging_mixin.py:190} INFO - [2024-09-19T18:32:34.717+0000] {dag.py:4138} INFO - Setting next_dagrun for example_setup_teardown to 2024-09-18 00:00:00+00:00, run_after=2024-09-19 00:00:00+00:00
[2024-09-19T18:32:34.731+0000] {processor.py:208} INFO - Processing /home/airflow/.local/lib/python3.12/site-packages/airflow/example_dags/example_setup_teardown.py took 0.063 seconds
[2024-09-19T18:33:05.159+0000] {processor.py:186} INFO - Started process (PID=2200) to work on /home/airflow/.local/lib/python3.12/site-packages/airflow/example_dags/example_setup_teardown.py
[2024-09-19T18:33:05.160+0000] {processor.py:914} INFO - Processing file /home/airflow/.local/lib/python3.12/site-packages/airflow/example_dags/example_setup_teardown.py for tasks to queue
[2024-09-19T18:33:05.161+0000] {logging_mixin.py:190} INFO - [2024-09-19T18:33:05.160+0000] {dagbag.py:587} INFO - Filling up the DagBag from /home/airflow/.local/lib/python3.12/site-packages/airflow/example_dags/example_setup_teardown.py
[2024-09-19T18:33:05.164+0000] {processor.py:925} INFO - DAG(s) 'example_setup_teardown' retrieved from /home/airflow/.local/lib/python3.12/site-packages/airflow/example_dags/example_setup_teardown.py
[2024-09-19T18:33:05.173+0000] {logging_mixin.py:190} INFO - [2024-09-19T18:33:05.173+0000] {dag.py:3211} INFO - Sync 1 DAGs
[2024-09-19T18:33:05.186+0000] {logging_mixin.py:190} INFO - [2024-09-19T18:33:05.186+0000] {dag.py:4138} INFO - Setting next_dagrun for example_setup_teardown to 2024-09-18 00:00:00+00:00, run_after=2024-09-19 00:00:00+00:00
[2024-09-19T18:33:05.195+0000] {processor.py:208} INFO - Processing /home/airflow/.local/lib/python3.12/site-packages/airflow/example_dags/example_setup_teardown.py took 0.038 seconds
[2024-09-19T18:33:35.519+0000] {processor.py:186} INFO - Started process (PID=2262) to work on /home/airflow/.local/lib/python3.12/site-packages/airflow/example_dags/example_setup_teardown.py
[2024-09-19T18:33:35.522+0000] {processor.py:914} INFO - Processing file /home/airflow/.local/lib/python3.12/site-packages/airflow/example_dags/example_setup_teardown.py for tasks to queue
[2024-09-19T18:33:35.523+0000] {logging_mixin.py:190} INFO - [2024-09-19T18:33:35.523+0000] {dagbag.py:587} INFO - Filling up the DagBag from /home/airflow/.local/lib/python3.12/site-packages/airflow/example_dags/example_setup_teardown.py
[2024-09-19T18:33:35.527+0000] {processor.py:925} INFO - DAG(s) 'example_setup_teardown' retrieved from /home/airflow/.local/lib/python3.12/site-packages/airflow/example_dags/example_setup_teardown.py
[2024-09-19T18:33:35.540+0000] {logging_mixin.py:190} INFO - [2024-09-19T18:33:35.540+0000] {dag.py:3211} INFO - Sync 1 DAGs
[2024-09-19T18:33:35.557+0000] {logging_mixin.py:190} INFO - [2024-09-19T18:33:35.557+0000] {dag.py:4138} INFO - Setting next_dagrun for example_setup_teardown to 2024-09-18 00:00:00+00:00, run_after=2024-09-19 00:00:00+00:00
[2024-09-19T18:33:35.566+0000] {processor.py:208} INFO - Processing /home/airflow/.local/lib/python3.12/site-packages/airflow/example_dags/example_setup_teardown.py took 0.050 seconds
[2024-09-19T18:34:05.619+0000] {processor.py:186} INFO - Started process (PID=2324) to work on /home/airflow/.local/lib/python3.12/site-packages/airflow/example_dags/example_setup_teardown.py
[2024-09-19T18:34:05.622+0000] {processor.py:914} INFO - Processing file /home/airflow/.local/lib/python3.12/site-packages/airflow/example_dags/example_setup_teardown.py for tasks to queue
[2024-09-19T18:34:05.623+0000] {logging_mixin.py:190} INFO - [2024-09-19T18:34:05.623+0000] {dagbag.py:587} INFO - Filling up the DagBag from /home/airflow/.local/lib/python3.12/site-packages/airflow/example_dags/example_setup_teardown.py
[2024-09-19T18:34:05.626+0000] {processor.py:925} INFO - DAG(s) 'example_setup_teardown' retrieved from /home/airflow/.local/lib/python3.12/site-packages/airflow/example_dags/example_setup_teardown.py
[2024-09-19T18:34:05.635+0000] {logging_mixin.py:190} INFO - [2024-09-19T18:34:05.635+0000] {dag.py:3211} INFO - Sync 1 DAGs
[2024-09-19T18:34:05.643+0000] {logging_mixin.py:190} INFO - [2024-09-19T18:34:05.643+0000] {dag.py:4138} INFO - Setting next_dagrun for example_setup_teardown to 2024-09-18 00:00:00+00:00, run_after=2024-09-19 00:00:00+00:00
[2024-09-19T18:34:05.650+0000] {processor.py:208} INFO - Processing /home/airflow/.local/lib/python3.12/site-packages/airflow/example_dags/example_setup_teardown.py took 0.033 seconds
[2024-09-19T18:34:35.780+0000] {processor.py:186} INFO - Started process (PID=2386) to work on /home/airflow/.local/lib/python3.12/site-packages/airflow/example_dags/example_setup_teardown.py
[2024-09-19T18:34:35.783+0000] {processor.py:914} INFO - Processing file /home/airflow/.local/lib/python3.12/site-packages/airflow/example_dags/example_setup_teardown.py for tasks to queue
[2024-09-19T18:34:35.785+0000] {logging_mixin.py:190} INFO - [2024-09-19T18:34:35.785+0000] {dagbag.py:587} INFO - Filling up the DagBag from /home/airflow/.local/lib/python3.12/site-packages/airflow/example_dags/example_setup_teardown.py
[2024-09-19T18:34:35.790+0000] {processor.py:925} INFO - DAG(s) 'example_setup_teardown' retrieved from /home/airflow/.local/lib/python3.12/site-packages/airflow/example_dags/example_setup_teardown.py
[2024-09-19T18:34:35.802+0000] {logging_mixin.py:190} INFO - [2024-09-19T18:34:35.802+0000] {dag.py:3211} INFO - Sync 1 DAGs
[2024-09-19T18:34:35.812+0000] {logging_mixin.py:190} INFO - [2024-09-19T18:34:35.812+0000] {dag.py:4138} INFO - Setting next_dagrun for example_setup_teardown to 2024-09-18 00:00:00+00:00, run_after=2024-09-19 00:00:00+00:00
[2024-09-19T18:34:35.820+0000] {processor.py:208} INFO - Processing /home/airflow/.local/lib/python3.12/site-packages/airflow/example_dags/example_setup_teardown.py took 0.043 seconds
[2024-09-19T18:35:06.758+0000] {processor.py:186} INFO - Started process (PID=2448) to work on /home/airflow/.local/lib/python3.12/site-packages/airflow/example_dags/example_setup_teardown.py
[2024-09-19T18:35:06.761+0000] {processor.py:914} INFO - Processing file /home/airflow/.local/lib/python3.12/site-packages/airflow/example_dags/example_setup_teardown.py for tasks to queue
[2024-09-19T18:35:06.762+0000] {logging_mixin.py:190} INFO - [2024-09-19T18:35:06.762+0000] {dagbag.py:587} INFO - Filling up the DagBag from /home/airflow/.local/lib/python3.12/site-packages/airflow/example_dags/example_setup_teardown.py
[2024-09-19T18:35:06.765+0000] {processor.py:925} INFO - DAG(s) 'example_setup_teardown' retrieved from /home/airflow/.local/lib/python3.12/site-packages/airflow/example_dags/example_setup_teardown.py
[2024-09-19T18:35:06.773+0000] {logging_mixin.py:190} INFO - [2024-09-19T18:35:06.773+0000] {dag.py:3211} INFO - Sync 1 DAGs
[2024-09-19T18:35:06.782+0000] {logging_mixin.py:190} INFO - [2024-09-19T18:35:06.782+0000] {dag.py:4138} INFO - Setting next_dagrun for example_setup_teardown to 2024-09-18 00:00:00+00:00, run_after=2024-09-19 00:00:00+00:00
[2024-09-19T18:35:06.790+0000] {processor.py:208} INFO - Processing /home/airflow/.local/lib/python3.12/site-packages/airflow/example_dags/example_setup_teardown.py took 0.033 seconds
[2024-09-19T18:35:37.957+0000] {processor.py:186} INFO - Started process (PID=2510) to work on /home/airflow/.local/lib/python3.12/site-packages/airflow/example_dags/example_setup_teardown.py
[2024-09-19T18:35:37.960+0000] {processor.py:914} INFO - Processing file /home/airflow/.local/lib/python3.12/site-packages/airflow/example_dags/example_setup_teardown.py for tasks to queue
[2024-09-19T18:35:37.961+0000] {logging_mixin.py:190} INFO - [2024-09-19T18:35:37.961+0000] {dagbag.py:587} INFO - Filling up the DagBag from /home/airflow/.local/lib/python3.12/site-packages/airflow/example_dags/example_setup_teardown.py
[2024-09-19T18:35:37.965+0000] {processor.py:925} INFO - DAG(s) 'example_setup_teardown' retrieved from /home/airflow/.local/lib/python3.12/site-packages/airflow/example_dags/example_setup_teardown.py
[2024-09-19T18:35:37.974+0000] {logging_mixin.py:190} INFO - [2024-09-19T18:35:37.974+0000] {dag.py:3211} INFO - Sync 1 DAGs
[2024-09-19T18:35:37.983+0000] {logging_mixin.py:190} INFO - [2024-09-19T18:35:37.983+0000] {dag.py:4138} INFO - Setting next_dagrun for example_setup_teardown to 2024-09-18 00:00:00+00:00, run_after=2024-09-19 00:00:00+00:00
[2024-09-19T18:35:37.993+0000] {processor.py:208} INFO - Processing /home/airflow/.local/lib/python3.12/site-packages/airflow/example_dags/example_setup_teardown.py took 0.038 seconds
[2024-09-19T18:36:08.372+0000] {processor.py:186} INFO - Started process (PID=2572) to work on /home/airflow/.local/lib/python3.12/site-packages/airflow/example_dags/example_setup_teardown.py
[2024-09-19T18:36:08.375+0000] {processor.py:914} INFO - Processing file /home/airflow/.local/lib/python3.12/site-packages/airflow/example_dags/example_setup_teardown.py for tasks to queue
[2024-09-19T18:36:08.376+0000] {logging_mixin.py:190} INFO - [2024-09-19T18:36:08.376+0000] {dagbag.py:587} INFO - Filling up the DagBag from /home/airflow/.local/lib/python3.12/site-packages/airflow/example_dags/example_setup_teardown.py
[2024-09-19T18:36:08.380+0000] {processor.py:925} INFO - DAG(s) 'example_setup_teardown' retrieved from /home/airflow/.local/lib/python3.12/site-packages/airflow/example_dags/example_setup_teardown.py
[2024-09-19T18:36:08.387+0000] {logging_mixin.py:190} INFO - [2024-09-19T18:36:08.387+0000] {dag.py:3211} INFO - Sync 1 DAGs
[2024-09-19T18:36:08.396+0000] {logging_mixin.py:190} INFO - [2024-09-19T18:36:08.396+0000] {dag.py:4138} INFO - Setting next_dagrun for example_setup_teardown to 2024-09-18 00:00:00+00:00, run_after=2024-09-19 00:00:00+00:00
[2024-09-19T18:36:08.402+0000] {processor.py:208} INFO - Processing /home/airflow/.local/lib/python3.12/site-packages/airflow/example_dags/example_setup_teardown.py took 0.032 seconds
[2024-09-19T18:36:38.942+0000] {processor.py:186} INFO - Started process (PID=2634) to work on /home/airflow/.local/lib/python3.12/site-packages/airflow/example_dags/example_setup_teardown.py
[2024-09-19T18:36:38.943+0000] {processor.py:914} INFO - Processing file /home/airflow/.local/lib/python3.12/site-packages/airflow/example_dags/example_setup_teardown.py for tasks to queue
[2024-09-19T18:36:38.944+0000] {logging_mixin.py:190} INFO - [2024-09-19T18:36:38.944+0000] {dagbag.py:587} INFO - Filling up the DagBag from /home/airflow/.local/lib/python3.12/site-packages/airflow/example_dags/example_setup_teardown.py
[2024-09-19T18:36:38.949+0000] {processor.py:925} INFO - DAG(s) 'example_setup_teardown' retrieved from /home/airflow/.local/lib/python3.12/site-packages/airflow/example_dags/example_setup_teardown.py
[2024-09-19T18:36:38.958+0000] {logging_mixin.py:190} INFO - [2024-09-19T18:36:38.958+0000] {dag.py:3211} INFO - Sync 1 DAGs
[2024-09-19T18:36:38.969+0000] {logging_mixin.py:190} INFO - [2024-09-19T18:36:38.969+0000] {dag.py:4138} INFO - Setting next_dagrun for example_setup_teardown to 2024-09-18 00:00:00+00:00, run_after=2024-09-19 00:00:00+00:00
[2024-09-19T18:36:38.978+0000] {processor.py:208} INFO - Processing /home/airflow/.local/lib/python3.12/site-packages/airflow/example_dags/example_setup_teardown.py took 0.040 seconds
[2024-09-19T18:37:10.122+0000] {processor.py:186} INFO - Started process (PID=2696) to work on /home/airflow/.local/lib/python3.12/site-packages/airflow/example_dags/example_setup_teardown.py
[2024-09-19T18:37:10.123+0000] {processor.py:914} INFO - Processing file /home/airflow/.local/lib/python3.12/site-packages/airflow/example_dags/example_setup_teardown.py for tasks to queue
[2024-09-19T18:37:10.126+0000] {logging_mixin.py:190} INFO - [2024-09-19T18:37:10.125+0000] {dagbag.py:587} INFO - Filling up the DagBag from /home/airflow/.local/lib/python3.12/site-packages/airflow/example_dags/example_setup_teardown.py
[2024-09-19T18:37:10.132+0000] {processor.py:925} INFO - DAG(s) 'example_setup_teardown' retrieved from /home/airflow/.local/lib/python3.12/site-packages/airflow/example_dags/example_setup_teardown.py
[2024-09-19T18:37:10.145+0000] {logging_mixin.py:190} INFO - [2024-09-19T18:37:10.145+0000] {dag.py:3211} INFO - Sync 1 DAGs
[2024-09-19T18:37:10.158+0000] {logging_mixin.py:190} INFO - [2024-09-19T18:37:10.158+0000] {dag.py:4138} INFO - Setting next_dagrun for example_setup_teardown to 2024-09-18 00:00:00+00:00, run_after=2024-09-19 00:00:00+00:00
[2024-09-19T18:37:10.166+0000] {processor.py:208} INFO - Processing /home/airflow/.local/lib/python3.12/site-packages/airflow/example_dags/example_setup_teardown.py took 0.047 seconds
[2024-09-19T18:37:41.416+0000] {processor.py:186} INFO - Started process (PID=2764) to work on /home/airflow/.local/lib/python3.12/site-packages/airflow/example_dags/example_setup_teardown.py
[2024-09-19T18:37:41.418+0000] {processor.py:914} INFO - Processing file /home/airflow/.local/lib/python3.12/site-packages/airflow/example_dags/example_setup_teardown.py for tasks to queue
[2024-09-19T18:37:41.419+0000] {logging_mixin.py:190} INFO - [2024-09-19T18:37:41.419+0000] {dagbag.py:587} INFO - Filling up the DagBag from /home/airflow/.local/lib/python3.12/site-packages/airflow/example_dags/example_setup_teardown.py
[2024-09-19T18:37:41.426+0000] {processor.py:925} INFO - DAG(s) 'example_setup_teardown' retrieved from /home/airflow/.local/lib/python3.12/site-packages/airflow/example_dags/example_setup_teardown.py
[2024-09-19T18:37:41.440+0000] {logging_mixin.py:190} INFO - [2024-09-19T18:37:41.440+0000] {dag.py:3211} INFO - Sync 1 DAGs
[2024-09-19T18:37:41.451+0000] {logging_mixin.py:190} INFO - [2024-09-19T18:37:41.451+0000] {dag.py:4138} INFO - Setting next_dagrun for example_setup_teardown to 2024-09-18 00:00:00+00:00, run_after=2024-09-19 00:00:00+00:00
[2024-09-19T18:37:41.463+0000] {processor.py:208} INFO - Processing /home/airflow/.local/lib/python3.12/site-packages/airflow/example_dags/example_setup_teardown.py took 0.051 seconds
[2024-09-19T18:38:12.737+0000] {processor.py:186} INFO - Started process (PID=2826) to work on /home/airflow/.local/lib/python3.12/site-packages/airflow/example_dags/example_setup_teardown.py
[2024-09-19T18:38:12.738+0000] {processor.py:914} INFO - Processing file /home/airflow/.local/lib/python3.12/site-packages/airflow/example_dags/example_setup_teardown.py for tasks to queue
[2024-09-19T18:38:12.739+0000] {logging_mixin.py:190} INFO - [2024-09-19T18:38:12.739+0000] {dagbag.py:587} INFO - Filling up the DagBag from /home/airflow/.local/lib/python3.12/site-packages/airflow/example_dags/example_setup_teardown.py
[2024-09-19T18:38:12.744+0000] {processor.py:925} INFO - DAG(s) 'example_setup_teardown' retrieved from /home/airflow/.local/lib/python3.12/site-packages/airflow/example_dags/example_setup_teardown.py
[2024-09-19T18:38:12.764+0000] {logging_mixin.py:190} INFO - [2024-09-19T18:38:12.764+0000] {dag.py:3211} INFO - Sync 1 DAGs
[2024-09-19T18:38:12.776+0000] {logging_mixin.py:190} INFO - [2024-09-19T18:38:12.776+0000] {dag.py:4138} INFO - Setting next_dagrun for example_setup_teardown to 2024-09-18 00:00:00+00:00, run_after=2024-09-19 00:00:00+00:00
[2024-09-19T18:38:12.787+0000] {processor.py:208} INFO - Processing /home/airflow/.local/lib/python3.12/site-packages/airflow/example_dags/example_setup_teardown.py took 0.053 seconds
[2024-09-19T18:38:44.061+0000] {processor.py:186} INFO - Started process (PID=2888) to work on /home/airflow/.local/lib/python3.12/site-packages/airflow/example_dags/example_setup_teardown.py
[2024-09-19T18:38:44.063+0000] {processor.py:914} INFO - Processing file /home/airflow/.local/lib/python3.12/site-packages/airflow/example_dags/example_setup_teardown.py for tasks to queue
[2024-09-19T18:38:44.064+0000] {logging_mixin.py:190} INFO - [2024-09-19T18:38:44.064+0000] {dagbag.py:587} INFO - Filling up the DagBag from /home/airflow/.local/lib/python3.12/site-packages/airflow/example_dags/example_setup_teardown.py
[2024-09-19T18:38:44.068+0000] {processor.py:925} INFO - DAG(s) 'example_setup_teardown' retrieved from /home/airflow/.local/lib/python3.12/site-packages/airflow/example_dags/example_setup_teardown.py
[2024-09-19T18:38:44.081+0000] {logging_mixin.py:190} INFO - [2024-09-19T18:38:44.081+0000] {dag.py:3211} INFO - Sync 1 DAGs
[2024-09-19T18:38:44.096+0000] {logging_mixin.py:190} INFO - [2024-09-19T18:38:44.096+0000] {dag.py:4138} INFO - Setting next_dagrun for example_setup_teardown to 2024-09-18 00:00:00+00:00, run_after=2024-09-19 00:00:00+00:00
[2024-09-19T18:38:44.110+0000] {processor.py:208} INFO - Processing /home/airflow/.local/lib/python3.12/site-packages/airflow/example_dags/example_setup_teardown.py took 0.052 seconds
[2024-09-19T18:39:15.146+0000] {processor.py:186} INFO - Started process (PID=2950) to work on /home/airflow/.local/lib/python3.12/site-packages/airflow/example_dags/example_setup_teardown.py
[2024-09-19T18:39:15.147+0000] {processor.py:914} INFO - Processing file /home/airflow/.local/lib/python3.12/site-packages/airflow/example_dags/example_setup_teardown.py for tasks to queue
[2024-09-19T18:39:15.149+0000] {logging_mixin.py:190} INFO - [2024-09-19T18:39:15.149+0000] {dagbag.py:587} INFO - Filling up the DagBag from /home/airflow/.local/lib/python3.12/site-packages/airflow/example_dags/example_setup_teardown.py
[2024-09-19T18:39:15.154+0000] {processor.py:925} INFO - DAG(s) 'example_setup_teardown' retrieved from /home/airflow/.local/lib/python3.12/site-packages/airflow/example_dags/example_setup_teardown.py
[2024-09-19T18:39:15.171+0000] {logging_mixin.py:190} INFO - [2024-09-19T18:39:15.171+0000] {dag.py:3211} INFO - Sync 1 DAGs
[2024-09-19T18:39:15.183+0000] {logging_mixin.py:190} INFO - [2024-09-19T18:39:15.183+0000] {dag.py:4138} INFO - Setting next_dagrun for example_setup_teardown to 2024-09-18 00:00:00+00:00, run_after=2024-09-19 00:00:00+00:00
[2024-09-19T18:39:15.195+0000] {processor.py:208} INFO - Processing /home/airflow/.local/lib/python3.12/site-packages/airflow/example_dags/example_setup_teardown.py took 0.054 seconds
[2024-09-19T18:39:45.699+0000] {processor.py:186} INFO - Started process (PID=3012) to work on /home/airflow/.local/lib/python3.12/site-packages/airflow/example_dags/example_setup_teardown.py
[2024-09-19T18:39:45.704+0000] {processor.py:914} INFO - Processing file /home/airflow/.local/lib/python3.12/site-packages/airflow/example_dags/example_setup_teardown.py for tasks to queue
[2024-09-19T18:39:45.705+0000] {logging_mixin.py:190} INFO - [2024-09-19T18:39:45.705+0000] {dagbag.py:587} INFO - Filling up the DagBag from /home/airflow/.local/lib/python3.12/site-packages/airflow/example_dags/example_setup_teardown.py
[2024-09-19T18:39:45.709+0000] {processor.py:925} INFO - DAG(s) 'example_setup_teardown' retrieved from /home/airflow/.local/lib/python3.12/site-packages/airflow/example_dags/example_setup_teardown.py
[2024-09-19T18:39:45.724+0000] {logging_mixin.py:190} INFO - [2024-09-19T18:39:45.724+0000] {dag.py:3211} INFO - Sync 1 DAGs
[2024-09-19T18:39:45.736+0000] {logging_mixin.py:190} INFO - [2024-09-19T18:39:45.736+0000] {dag.py:4138} INFO - Setting next_dagrun for example_setup_teardown to 2024-09-18 00:00:00+00:00, run_after=2024-09-19 00:00:00+00:00
[2024-09-19T18:39:45.747+0000] {processor.py:208} INFO - Processing /home/airflow/.local/lib/python3.12/site-packages/airflow/example_dags/example_setup_teardown.py took 0.050 seconds
[2024-09-19T18:40:16.830+0000] {processor.py:186} INFO - Started process (PID=3074) to work on /home/airflow/.local/lib/python3.12/site-packages/airflow/example_dags/example_setup_teardown.py
[2024-09-19T18:40:16.832+0000] {processor.py:914} INFO - Processing file /home/airflow/.local/lib/python3.12/site-packages/airflow/example_dags/example_setup_teardown.py for tasks to queue
[2024-09-19T18:40:16.833+0000] {logging_mixin.py:190} INFO - [2024-09-19T18:40:16.833+0000] {dagbag.py:587} INFO - Filling up the DagBag from /home/airflow/.local/lib/python3.12/site-packages/airflow/example_dags/example_setup_teardown.py
[2024-09-19T18:40:16.839+0000] {processor.py:925} INFO - DAG(s) 'example_setup_teardown' retrieved from /home/airflow/.local/lib/python3.12/site-packages/airflow/example_dags/example_setup_teardown.py
[2024-09-19T18:40:16.852+0000] {logging_mixin.py:190} INFO - [2024-09-19T18:40:16.852+0000] {dag.py:3211} INFO - Sync 1 DAGs
[2024-09-19T18:40:16.862+0000] {logging_mixin.py:190} INFO - [2024-09-19T18:40:16.862+0000] {dag.py:4138} INFO - Setting next_dagrun for example_setup_teardown to 2024-09-18 00:00:00+00:00, run_after=2024-09-19 00:00:00+00:00
[2024-09-19T18:40:16.871+0000] {processor.py:208} INFO - Processing /home/airflow/.local/lib/python3.12/site-packages/airflow/example_dags/example_setup_teardown.py took 0.044 seconds
[2024-09-19T18:40:47.932+0000] {processor.py:186} INFO - Started process (PID=3136) to work on /home/airflow/.local/lib/python3.12/site-packages/airflow/example_dags/example_setup_teardown.py
[2024-09-19T18:40:47.933+0000] {processor.py:914} INFO - Processing file /home/airflow/.local/lib/python3.12/site-packages/airflow/example_dags/example_setup_teardown.py for tasks to queue
[2024-09-19T18:40:47.934+0000] {logging_mixin.py:190} INFO - [2024-09-19T18:40:47.934+0000] {dagbag.py:587} INFO - Filling up the DagBag from /home/airflow/.local/lib/python3.12/site-packages/airflow/example_dags/example_setup_teardown.py
[2024-09-19T18:40:47.938+0000] {processor.py:925} INFO - DAG(s) 'example_setup_teardown' retrieved from /home/airflow/.local/lib/python3.12/site-packages/airflow/example_dags/example_setup_teardown.py
[2024-09-19T18:40:47.952+0000] {logging_mixin.py:190} INFO - [2024-09-19T18:40:47.952+0000] {dag.py:3211} INFO - Sync 1 DAGs
[2024-09-19T18:40:47.972+0000] {logging_mixin.py:190} INFO - [2024-09-19T18:40:47.972+0000] {dag.py:4138} INFO - Setting next_dagrun for example_setup_teardown to 2024-09-18 00:00:00+00:00, run_after=2024-09-19 00:00:00+00:00
[2024-09-19T18:40:47.981+0000] {processor.py:208} INFO - Processing /home/airflow/.local/lib/python3.12/site-packages/airflow/example_dags/example_setup_teardown.py took 0.052 seconds
[2024-09-19T18:41:19.280+0000] {processor.py:186} INFO - Started process (PID=3198) to work on /home/airflow/.local/lib/python3.12/site-packages/airflow/example_dags/example_setup_teardown.py
[2024-09-19T18:41:19.283+0000] {processor.py:914} INFO - Processing file /home/airflow/.local/lib/python3.12/site-packages/airflow/example_dags/example_setup_teardown.py for tasks to queue
[2024-09-19T18:41:19.284+0000] {logging_mixin.py:190} INFO - [2024-09-19T18:41:19.283+0000] {dagbag.py:587} INFO - Filling up the DagBag from /home/airflow/.local/lib/python3.12/site-packages/airflow/example_dags/example_setup_teardown.py
[2024-09-19T18:41:19.288+0000] {processor.py:925} INFO - DAG(s) 'example_setup_teardown' retrieved from /home/airflow/.local/lib/python3.12/site-packages/airflow/example_dags/example_setup_teardown.py
[2024-09-19T18:41:19.298+0000] {logging_mixin.py:190} INFO - [2024-09-19T18:41:19.298+0000] {dag.py:3211} INFO - Sync 1 DAGs
[2024-09-19T18:41:19.310+0000] {logging_mixin.py:190} INFO - [2024-09-19T18:41:19.310+0000] {dag.py:4138} INFO - Setting next_dagrun for example_setup_teardown to 2024-09-18 00:00:00+00:00, run_after=2024-09-19 00:00:00+00:00
[2024-09-19T18:41:19.319+0000] {processor.py:208} INFO - Processing /home/airflow/.local/lib/python3.12/site-packages/airflow/example_dags/example_setup_teardown.py took 0.043 seconds
[2024-09-19T18:41:50.125+0000] {processor.py:186} INFO - Started process (PID=3260) to work on /home/airflow/.local/lib/python3.12/site-packages/airflow/example_dags/example_setup_teardown.py
[2024-09-19T18:41:50.126+0000] {processor.py:914} INFO - Processing file /home/airflow/.local/lib/python3.12/site-packages/airflow/example_dags/example_setup_teardown.py for tasks to queue
[2024-09-19T18:41:50.127+0000] {logging_mixin.py:190} INFO - [2024-09-19T18:41:50.127+0000] {dagbag.py:587} INFO - Filling up the DagBag from /home/airflow/.local/lib/python3.12/site-packages/airflow/example_dags/example_setup_teardown.py
[2024-09-19T18:41:50.131+0000] {processor.py:925} INFO - DAG(s) 'example_setup_teardown' retrieved from /home/airflow/.local/lib/python3.12/site-packages/airflow/example_dags/example_setup_teardown.py
[2024-09-19T18:41:50.142+0000] {logging_mixin.py:190} INFO - [2024-09-19T18:41:50.142+0000] {dag.py:3211} INFO - Sync 1 DAGs
[2024-09-19T18:41:50.154+0000] {logging_mixin.py:190} INFO - [2024-09-19T18:41:50.154+0000] {dag.py:4138} INFO - Setting next_dagrun for example_setup_teardown to 2024-09-18 00:00:00+00:00, run_after=2024-09-19 00:00:00+00:00
[2024-09-19T18:41:50.162+0000] {processor.py:208} INFO - Processing /home/airflow/.local/lib/python3.12/site-packages/airflow/example_dags/example_setup_teardown.py took 0.039 seconds
[2024-09-19T18:42:21.491+0000] {processor.py:186} INFO - Started process (PID=3322) to work on /home/airflow/.local/lib/python3.12/site-packages/airflow/example_dags/example_setup_teardown.py
[2024-09-19T18:42:21.495+0000] {processor.py:914} INFO - Processing file /home/airflow/.local/lib/python3.12/site-packages/airflow/example_dags/example_setup_teardown.py for tasks to queue
[2024-09-19T18:42:21.498+0000] {logging_mixin.py:190} INFO - [2024-09-19T18:42:21.498+0000] {dagbag.py:587} INFO - Filling up the DagBag from /home/airflow/.local/lib/python3.12/site-packages/airflow/example_dags/example_setup_teardown.py
[2024-09-19T18:42:21.506+0000] {processor.py:925} INFO - DAG(s) 'example_setup_teardown' retrieved from /home/airflow/.local/lib/python3.12/site-packages/airflow/example_dags/example_setup_teardown.py
[2024-09-19T18:42:21.521+0000] {logging_mixin.py:190} INFO - [2024-09-19T18:42:21.521+0000] {dag.py:3211} INFO - Sync 1 DAGs
[2024-09-19T18:42:21.532+0000] {logging_mixin.py:190} INFO - [2024-09-19T18:42:21.532+0000] {dag.py:4138} INFO - Setting next_dagrun for example_setup_teardown to 2024-09-18 00:00:00+00:00, run_after=2024-09-19 00:00:00+00:00
[2024-09-19T18:42:21.545+0000] {processor.py:208} INFO - Processing /home/airflow/.local/lib/python3.12/site-packages/airflow/example_dags/example_setup_teardown.py took 0.057 seconds
[2024-09-19T18:42:52.624+0000] {processor.py:186} INFO - Started process (PID=3384) to work on /home/airflow/.local/lib/python3.12/site-packages/airflow/example_dags/example_setup_teardown.py
[2024-09-19T18:42:52.626+0000] {processor.py:914} INFO - Processing file /home/airflow/.local/lib/python3.12/site-packages/airflow/example_dags/example_setup_teardown.py for tasks to queue
[2024-09-19T18:42:52.628+0000] {logging_mixin.py:190} INFO - [2024-09-19T18:42:52.628+0000] {dagbag.py:587} INFO - Filling up the DagBag from /home/airflow/.local/lib/python3.12/site-packages/airflow/example_dags/example_setup_teardown.py
[2024-09-19T18:42:52.637+0000] {processor.py:925} INFO - DAG(s) 'example_setup_teardown' retrieved from /home/airflow/.local/lib/python3.12/site-packages/airflow/example_dags/example_setup_teardown.py
[2024-09-19T18:42:52.656+0000] {logging_mixin.py:190} INFO - [2024-09-19T18:42:52.656+0000] {dag.py:3211} INFO - Sync 1 DAGs
[2024-09-19T18:42:52.673+0000] {logging_mixin.py:190} INFO - [2024-09-19T18:42:52.673+0000] {dag.py:4138} INFO - Setting next_dagrun for example_setup_teardown to 2024-09-18 00:00:00+00:00, run_after=2024-09-19 00:00:00+00:00
[2024-09-19T18:42:52.686+0000] {processor.py:208} INFO - Processing /home/airflow/.local/lib/python3.12/site-packages/airflow/example_dags/example_setup_teardown.py took 0.067 seconds
[2024-09-19T18:43:23.751+0000] {processor.py:186} INFO - Started process (PID=3446) to work on /home/airflow/.local/lib/python3.12/site-packages/airflow/example_dags/example_setup_teardown.py
[2024-09-19T18:43:23.753+0000] {processor.py:914} INFO - Processing file /home/airflow/.local/lib/python3.12/site-packages/airflow/example_dags/example_setup_teardown.py for tasks to queue
[2024-09-19T18:43:23.755+0000] {logging_mixin.py:190} INFO - [2024-09-19T18:43:23.755+0000] {dagbag.py:587} INFO - Filling up the DagBag from /home/airflow/.local/lib/python3.12/site-packages/airflow/example_dags/example_setup_teardown.py
[2024-09-19T18:43:23.762+0000] {processor.py:925} INFO - DAG(s) 'example_setup_teardown' retrieved from /home/airflow/.local/lib/python3.12/site-packages/airflow/example_dags/example_setup_teardown.py
[2024-09-19T18:43:23.779+0000] {logging_mixin.py:190} INFO - [2024-09-19T18:43:23.779+0000] {dag.py:3211} INFO - Sync 1 DAGs
[2024-09-19T18:43:23.799+0000] {logging_mixin.py:190} INFO - [2024-09-19T18:43:23.799+0000] {dag.py:4138} INFO - Setting next_dagrun for example_setup_teardown to 2024-09-18 00:00:00+00:00, run_after=2024-09-19 00:00:00+00:00
[2024-09-19T18:43:23.818+0000] {processor.py:208} INFO - Processing /home/airflow/.local/lib/python3.12/site-packages/airflow/example_dags/example_setup_teardown.py took 0.070 seconds
[2024-09-19T18:43:54.806+0000] {processor.py:186} INFO - Started process (PID=3508) to work on /home/airflow/.local/lib/python3.12/site-packages/airflow/example_dags/example_setup_teardown.py
[2024-09-19T18:43:54.809+0000] {processor.py:914} INFO - Processing file /home/airflow/.local/lib/python3.12/site-packages/airflow/example_dags/example_setup_teardown.py for tasks to queue
[2024-09-19T18:43:54.810+0000] {logging_mixin.py:190} INFO - [2024-09-19T18:43:54.810+0000] {dagbag.py:587} INFO - Filling up the DagBag from /home/airflow/.local/lib/python3.12/site-packages/airflow/example_dags/example_setup_teardown.py
[2024-09-19T18:43:54.814+0000] {processor.py:925} INFO - DAG(s) 'example_setup_teardown' retrieved from /home/airflow/.local/lib/python3.12/site-packages/airflow/example_dags/example_setup_teardown.py
[2024-09-19T18:43:54.823+0000] {logging_mixin.py:190} INFO - [2024-09-19T18:43:54.823+0000] {dag.py:3211} INFO - Sync 1 DAGs
[2024-09-19T18:43:54.832+0000] {logging_mixin.py:190} INFO - [2024-09-19T18:43:54.832+0000] {dag.py:4138} INFO - Setting next_dagrun for example_setup_teardown to 2024-09-18 00:00:00+00:00, run_after=2024-09-19 00:00:00+00:00
[2024-09-19T18:43:54.838+0000] {processor.py:208} INFO - Processing /home/airflow/.local/lib/python3.12/site-packages/airflow/example_dags/example_setup_teardown.py took 0.034 seconds
[2024-09-19T18:44:25.337+0000] {processor.py:186} INFO - Started process (PID=3570) to work on /home/airflow/.local/lib/python3.12/site-packages/airflow/example_dags/example_setup_teardown.py
[2024-09-19T18:44:25.342+0000] {processor.py:914} INFO - Processing file /home/airflow/.local/lib/python3.12/site-packages/airflow/example_dags/example_setup_teardown.py for tasks to queue
[2024-09-19T18:44:25.343+0000] {logging_mixin.py:190} INFO - [2024-09-19T18:44:25.343+0000] {dagbag.py:587} INFO - Filling up the DagBag from /home/airflow/.local/lib/python3.12/site-packages/airflow/example_dags/example_setup_teardown.py
[2024-09-19T18:44:25.348+0000] {processor.py:925} INFO - DAG(s) 'example_setup_teardown' retrieved from /home/airflow/.local/lib/python3.12/site-packages/airflow/example_dags/example_setup_teardown.py
[2024-09-19T18:44:25.357+0000] {logging_mixin.py:190} INFO - [2024-09-19T18:44:25.357+0000] {dag.py:3211} INFO - Sync 1 DAGs
[2024-09-19T18:44:25.368+0000] {logging_mixin.py:190} INFO - [2024-09-19T18:44:25.368+0000] {dag.py:4138} INFO - Setting next_dagrun for example_setup_teardown to 2024-09-18 00:00:00+00:00, run_after=2024-09-19 00:00:00+00:00
[2024-09-19T18:44:25.384+0000] {processor.py:208} INFO - Processing /home/airflow/.local/lib/python3.12/site-packages/airflow/example_dags/example_setup_teardown.py took 0.050 seconds
[2024-09-19T18:44:56.463+0000] {processor.py:186} INFO - Started process (PID=3632) to work on /home/airflow/.local/lib/python3.12/site-packages/airflow/example_dags/example_setup_teardown.py
[2024-09-19T18:44:56.466+0000] {processor.py:914} INFO - Processing file /home/airflow/.local/lib/python3.12/site-packages/airflow/example_dags/example_setup_teardown.py for tasks to queue
[2024-09-19T18:44:56.468+0000] {logging_mixin.py:190} INFO - [2024-09-19T18:44:56.468+0000] {dagbag.py:587} INFO - Filling up the DagBag from /home/airflow/.local/lib/python3.12/site-packages/airflow/example_dags/example_setup_teardown.py
[2024-09-19T18:44:56.472+0000] {processor.py:925} INFO - DAG(s) 'example_setup_teardown' retrieved from /home/airflow/.local/lib/python3.12/site-packages/airflow/example_dags/example_setup_teardown.py
[2024-09-19T18:44:56.485+0000] {logging_mixin.py:190} INFO - [2024-09-19T18:44:56.485+0000] {dag.py:3211} INFO - Sync 1 DAGs
[2024-09-19T18:44:56.499+0000] {logging_mixin.py:190} INFO - [2024-09-19T18:44:56.499+0000] {dag.py:4138} INFO - Setting next_dagrun for example_setup_teardown to 2024-09-18 00:00:00+00:00, run_after=2024-09-19 00:00:00+00:00
[2024-09-19T18:44:56.509+0000] {processor.py:208} INFO - Processing /home/airflow/.local/lib/python3.12/site-packages/airflow/example_dags/example_setup_teardown.py took 0.049 seconds
[2024-09-19T18:45:28.514+0000] {processor.py:186} INFO - Started process (PID=3694) to work on /home/airflow/.local/lib/python3.12/site-packages/airflow/example_dags/example_setup_teardown.py
[2024-09-19T18:45:28.515+0000] {processor.py:914} INFO - Processing file /home/airflow/.local/lib/python3.12/site-packages/airflow/example_dags/example_setup_teardown.py for tasks to queue
[2024-09-19T18:45:28.517+0000] {logging_mixin.py:190} INFO - [2024-09-19T18:45:28.517+0000] {dagbag.py:587} INFO - Filling up the DagBag from /home/airflow/.local/lib/python3.12/site-packages/airflow/example_dags/example_setup_teardown.py
[2024-09-19T18:45:28.636+0000] {processor.py:925} INFO - DAG(s) 'example_setup_teardown' retrieved from /home/airflow/.local/lib/python3.12/site-packages/airflow/example_dags/example_setup_teardown.py
[2024-09-19T18:45:28.651+0000] {logging_mixin.py:190} INFO - [2024-09-19T18:45:28.651+0000] {dag.py:3211} INFO - Sync 1 DAGs
[2024-09-19T18:45:28.660+0000] {logging_mixin.py:190} INFO - [2024-09-19T18:45:28.659+0000] {dag.py:4138} INFO - Setting next_dagrun for example_setup_teardown to 2024-09-18 00:00:00+00:00, run_after=2024-09-19 00:00:00+00:00
[2024-09-19T18:45:28.666+0000] {processor.py:208} INFO - Processing /home/airflow/.local/lib/python3.12/site-packages/airflow/example_dags/example_setup_teardown.py took 0.156 seconds
[2024-09-19T18:45:59.330+0000] {processor.py:186} INFO - Started process (PID=3756) to work on /home/airflow/.local/lib/python3.12/site-packages/airflow/example_dags/example_setup_teardown.py
[2024-09-19T18:45:59.337+0000] {processor.py:914} INFO - Processing file /home/airflow/.local/lib/python3.12/site-packages/airflow/example_dags/example_setup_teardown.py for tasks to queue
[2024-09-19T18:45:59.338+0000] {logging_mixin.py:190} INFO - [2024-09-19T18:45:59.338+0000] {dagbag.py:587} INFO - Filling up the DagBag from /home/airflow/.local/lib/python3.12/site-packages/airflow/example_dags/example_setup_teardown.py
[2024-09-19T18:45:59.342+0000] {processor.py:925} INFO - DAG(s) 'example_setup_teardown' retrieved from /home/airflow/.local/lib/python3.12/site-packages/airflow/example_dags/example_setup_teardown.py
[2024-09-19T18:45:59.352+0000] {logging_mixin.py:190} INFO - [2024-09-19T18:45:59.352+0000] {dag.py:3211} INFO - Sync 1 DAGs
[2024-09-19T18:45:59.364+0000] {logging_mixin.py:190} INFO - [2024-09-19T18:45:59.364+0000] {dag.py:4138} INFO - Setting next_dagrun for example_setup_teardown to 2024-09-18 00:00:00+00:00, run_after=2024-09-19 00:00:00+00:00
[2024-09-19T18:45:59.372+0000] {processor.py:208} INFO - Processing /home/airflow/.local/lib/python3.12/site-packages/airflow/example_dags/example_setup_teardown.py took 0.046 seconds
[2024-09-19T18:46:29.967+0000] {processor.py:186} INFO - Started process (PID=3818) to work on /home/airflow/.local/lib/python3.12/site-packages/airflow/example_dags/example_setup_teardown.py
[2024-09-19T18:46:29.970+0000] {processor.py:914} INFO - Processing file /home/airflow/.local/lib/python3.12/site-packages/airflow/example_dags/example_setup_teardown.py for tasks to queue
[2024-09-19T18:46:29.971+0000] {logging_mixin.py:190} INFO - [2024-09-19T18:46:29.971+0000] {dagbag.py:587} INFO - Filling up the DagBag from /home/airflow/.local/lib/python3.12/site-packages/airflow/example_dags/example_setup_teardown.py
[2024-09-19T18:46:29.977+0000] {processor.py:925} INFO - DAG(s) 'example_setup_teardown' retrieved from /home/airflow/.local/lib/python3.12/site-packages/airflow/example_dags/example_setup_teardown.py
[2024-09-19T18:46:29.989+0000] {logging_mixin.py:190} INFO - [2024-09-19T18:46:29.989+0000] {dag.py:3211} INFO - Sync 1 DAGs
[2024-09-19T18:46:30.001+0000] {logging_mixin.py:190} INFO - [2024-09-19T18:46:30.000+0000] {dag.py:4138} INFO - Setting next_dagrun for example_setup_teardown to 2024-09-18 00:00:00+00:00, run_after=2024-09-19 00:00:00+00:00
[2024-09-19T18:46:30.008+0000] {processor.py:208} INFO - Processing /home/airflow/.local/lib/python3.12/site-packages/airflow/example_dags/example_setup_teardown.py took 0.044 seconds
[2024-09-19T18:47:00.263+0000] {processor.py:186} INFO - Started process (PID=3880) to work on /home/airflow/.local/lib/python3.12/site-packages/airflow/example_dags/example_setup_teardown.py
[2024-09-19T18:47:00.263+0000] {processor.py:914} INFO - Processing file /home/airflow/.local/lib/python3.12/site-packages/airflow/example_dags/example_setup_teardown.py for tasks to queue
[2024-09-19T18:47:00.272+0000] {logging_mixin.py:190} INFO - [2024-09-19T18:47:00.272+0000] {dagbag.py:587} INFO - Filling up the DagBag from /home/airflow/.local/lib/python3.12/site-packages/airflow/example_dags/example_setup_teardown.py
[2024-09-19T18:47:00.276+0000] {processor.py:925} INFO - DAG(s) 'example_setup_teardown' retrieved from /home/airflow/.local/lib/python3.12/site-packages/airflow/example_dags/example_setup_teardown.py
[2024-09-19T18:47:00.298+0000] {logging_mixin.py:190} INFO - [2024-09-19T18:47:00.298+0000] {dag.py:3211} INFO - Sync 1 DAGs
[2024-09-19T18:47:00.309+0000] {logging_mixin.py:190} INFO - [2024-09-19T18:47:00.309+0000] {dag.py:4138} INFO - Setting next_dagrun for example_setup_teardown to 2024-09-18 00:00:00+00:00, run_after=2024-09-19 00:00:00+00:00
[2024-09-19T18:47:00.317+0000] {processor.py:208} INFO - Processing /home/airflow/.local/lib/python3.12/site-packages/airflow/example_dags/example_setup_teardown.py took 0.057 seconds
[2024-09-19T18:47:31.030+0000] {processor.py:186} INFO - Started process (PID=3942) to work on /home/airflow/.local/lib/python3.12/site-packages/airflow/example_dags/example_setup_teardown.py
[2024-09-19T18:47:31.033+0000] {processor.py:914} INFO - Processing file /home/airflow/.local/lib/python3.12/site-packages/airflow/example_dags/example_setup_teardown.py for tasks to queue
[2024-09-19T18:47:31.034+0000] {logging_mixin.py:190} INFO - [2024-09-19T18:47:31.033+0000] {dagbag.py:587} INFO - Filling up the DagBag from /home/airflow/.local/lib/python3.12/site-packages/airflow/example_dags/example_setup_teardown.py
[2024-09-19T18:47:31.038+0000] {processor.py:925} INFO - DAG(s) 'example_setup_teardown' retrieved from /home/airflow/.local/lib/python3.12/site-packages/airflow/example_dags/example_setup_teardown.py
[2024-09-19T18:47:31.047+0000] {logging_mixin.py:190} INFO - [2024-09-19T18:47:31.047+0000] {dag.py:3211} INFO - Sync 1 DAGs
[2024-09-19T18:47:31.056+0000] {logging_mixin.py:190} INFO - [2024-09-19T18:47:31.056+0000] {dag.py:4138} INFO - Setting next_dagrun for example_setup_teardown to 2024-09-18 00:00:00+00:00, run_after=2024-09-19 00:00:00+00:00
[2024-09-19T18:47:31.063+0000] {processor.py:208} INFO - Processing /home/airflow/.local/lib/python3.12/site-packages/airflow/example_dags/example_setup_teardown.py took 0.035 seconds
[2024-09-19T18:48:01.652+0000] {processor.py:186} INFO - Started process (PID=4004) to work on /home/airflow/.local/lib/python3.12/site-packages/airflow/example_dags/example_setup_teardown.py
[2024-09-19T18:48:01.659+0000] {processor.py:914} INFO - Processing file /home/airflow/.local/lib/python3.12/site-packages/airflow/example_dags/example_setup_teardown.py for tasks to queue
[2024-09-19T18:48:01.660+0000] {logging_mixin.py:190} INFO - [2024-09-19T18:48:01.660+0000] {dagbag.py:587} INFO - Filling up the DagBag from /home/airflow/.local/lib/python3.12/site-packages/airflow/example_dags/example_setup_teardown.py
[2024-09-19T18:48:01.666+0000] {processor.py:925} INFO - DAG(s) 'example_setup_teardown' retrieved from /home/airflow/.local/lib/python3.12/site-packages/airflow/example_dags/example_setup_teardown.py
[2024-09-19T18:48:01.676+0000] {logging_mixin.py:190} INFO - [2024-09-19T18:48:01.676+0000] {dag.py:3211} INFO - Sync 1 DAGs
[2024-09-19T18:48:01.688+0000] {logging_mixin.py:190} INFO - [2024-09-19T18:48:01.688+0000] {dag.py:4138} INFO - Setting next_dagrun for example_setup_teardown to 2024-09-18 00:00:00+00:00, run_after=2024-09-19 00:00:00+00:00
[2024-09-19T18:48:01.696+0000] {processor.py:208} INFO - Processing /home/airflow/.local/lib/python3.12/site-packages/airflow/example_dags/example_setup_teardown.py took 0.047 seconds
[2024-09-19T18:48:32.871+0000] {processor.py:186} INFO - Started process (PID=4066) to work on /home/airflow/.local/lib/python3.12/site-packages/airflow/example_dags/example_setup_teardown.py
[2024-09-19T18:48:32.872+0000] {processor.py:914} INFO - Processing file /home/airflow/.local/lib/python3.12/site-packages/airflow/example_dags/example_setup_teardown.py for tasks to queue
[2024-09-19T18:48:32.874+0000] {logging_mixin.py:190} INFO - [2024-09-19T18:48:32.874+0000] {dagbag.py:587} INFO - Filling up the DagBag from /home/airflow/.local/lib/python3.12/site-packages/airflow/example_dags/example_setup_teardown.py
[2024-09-19T18:48:32.889+0000] {processor.py:925} INFO - DAG(s) 'example_setup_teardown' retrieved from /home/airflow/.local/lib/python3.12/site-packages/airflow/example_dags/example_setup_teardown.py
[2024-09-19T18:48:32.910+0000] {logging_mixin.py:190} INFO - [2024-09-19T18:48:32.910+0000] {dag.py:3211} INFO - Sync 1 DAGs
[2024-09-19T18:48:32.930+0000] {logging_mixin.py:190} INFO - [2024-09-19T18:48:32.930+0000] {dag.py:4138} INFO - Setting next_dagrun for example_setup_teardown to 2024-09-18 00:00:00+00:00, run_after=2024-09-19 00:00:00+00:00
[2024-09-19T18:48:32.942+0000] {processor.py:208} INFO - Processing /home/airflow/.local/lib/python3.12/site-packages/airflow/example_dags/example_setup_teardown.py took 0.075 seconds
[2024-09-19T18:49:02.967+0000] {processor.py:186} INFO - Started process (PID=4128) to work on /home/airflow/.local/lib/python3.12/site-packages/airflow/example_dags/example_setup_teardown.py
[2024-09-19T18:49:02.970+0000] {processor.py:914} INFO - Processing file /home/airflow/.local/lib/python3.12/site-packages/airflow/example_dags/example_setup_teardown.py for tasks to queue
[2024-09-19T18:49:02.971+0000] {logging_mixin.py:190} INFO - [2024-09-19T18:49:02.971+0000] {dagbag.py:587} INFO - Filling up the DagBag from /home/airflow/.local/lib/python3.12/site-packages/airflow/example_dags/example_setup_teardown.py
[2024-09-19T18:49:02.976+0000] {processor.py:925} INFO - DAG(s) 'example_setup_teardown' retrieved from /home/airflow/.local/lib/python3.12/site-packages/airflow/example_dags/example_setup_teardown.py
[2024-09-19T18:49:02.985+0000] {logging_mixin.py:190} INFO - [2024-09-19T18:49:02.985+0000] {dag.py:3211} INFO - Sync 1 DAGs
[2024-09-19T18:49:02.995+0000] {logging_mixin.py:190} INFO - [2024-09-19T18:49:02.995+0000] {dag.py:4138} INFO - Setting next_dagrun for example_setup_teardown to 2024-09-18 00:00:00+00:00, run_after=2024-09-19 00:00:00+00:00
[2024-09-19T18:49:03.001+0000] {processor.py:208} INFO - Processing /home/airflow/.local/lib/python3.12/site-packages/airflow/example_dags/example_setup_teardown.py took 0.039 seconds
[2024-09-19T18:49:33.807+0000] {processor.py:186} INFO - Started process (PID=4190) to work on /home/airflow/.local/lib/python3.12/site-packages/airflow/example_dags/example_setup_teardown.py
[2024-09-19T18:49:33.811+0000] {processor.py:914} INFO - Processing file /home/airflow/.local/lib/python3.12/site-packages/airflow/example_dags/example_setup_teardown.py for tasks to queue
[2024-09-19T18:49:33.812+0000] {logging_mixin.py:190} INFO - [2024-09-19T18:49:33.812+0000] {dagbag.py:587} INFO - Filling up the DagBag from /home/airflow/.local/lib/python3.12/site-packages/airflow/example_dags/example_setup_teardown.py
[2024-09-19T18:49:33.820+0000] {processor.py:925} INFO - DAG(s) 'example_setup_teardown' retrieved from /home/airflow/.local/lib/python3.12/site-packages/airflow/example_dags/example_setup_teardown.py
[2024-09-19T18:49:33.832+0000] {logging_mixin.py:190} INFO - [2024-09-19T18:49:33.832+0000] {dag.py:3211} INFO - Sync 1 DAGs
[2024-09-19T18:49:33.846+0000] {logging_mixin.py:190} INFO - [2024-09-19T18:49:33.846+0000] {dag.py:4138} INFO - Setting next_dagrun for example_setup_teardown to 2024-09-18 00:00:00+00:00, run_after=2024-09-19 00:00:00+00:00
[2024-09-19T18:49:33.856+0000] {processor.py:208} INFO - Processing /home/airflow/.local/lib/python3.12/site-packages/airflow/example_dags/example_setup_teardown.py took 0.052 seconds
[2024-09-19T18:50:04.566+0000] {processor.py:186} INFO - Started process (PID=4252) to work on /home/airflow/.local/lib/python3.12/site-packages/airflow/example_dags/example_setup_teardown.py
[2024-09-19T18:50:04.569+0000] {processor.py:914} INFO - Processing file /home/airflow/.local/lib/python3.12/site-packages/airflow/example_dags/example_setup_teardown.py for tasks to queue
[2024-09-19T18:50:04.572+0000] {logging_mixin.py:190} INFO - [2024-09-19T18:50:04.572+0000] {dagbag.py:587} INFO - Filling up the DagBag from /home/airflow/.local/lib/python3.12/site-packages/airflow/example_dags/example_setup_teardown.py
[2024-09-19T18:50:04.579+0000] {processor.py:925} INFO - DAG(s) 'example_setup_teardown' retrieved from /home/airflow/.local/lib/python3.12/site-packages/airflow/example_dags/example_setup_teardown.py
[2024-09-19T18:50:04.588+0000] {logging_mixin.py:190} INFO - [2024-09-19T18:50:04.588+0000] {dag.py:3211} INFO - Sync 1 DAGs
[2024-09-19T18:50:04.599+0000] {logging_mixin.py:190} INFO - [2024-09-19T18:50:04.599+0000] {dag.py:4138} INFO - Setting next_dagrun for example_setup_teardown to 2024-09-18 00:00:00+00:00, run_after=2024-09-19 00:00:00+00:00
[2024-09-19T18:50:04.606+0000] {processor.py:208} INFO - Processing /home/airflow/.local/lib/python3.12/site-packages/airflow/example_dags/example_setup_teardown.py took 0.044 seconds
[2024-09-19T18:50:35.048+0000] {processor.py:186} INFO - Started process (PID=4314) to work on /home/airflow/.local/lib/python3.12/site-packages/airflow/example_dags/example_setup_teardown.py
[2024-09-19T18:50:35.050+0000] {processor.py:914} INFO - Processing file /home/airflow/.local/lib/python3.12/site-packages/airflow/example_dags/example_setup_teardown.py for tasks to queue
[2024-09-19T18:50:35.051+0000] {logging_mixin.py:190} INFO - [2024-09-19T18:50:35.051+0000] {dagbag.py:587} INFO - Filling up the DagBag from /home/airflow/.local/lib/python3.12/site-packages/airflow/example_dags/example_setup_teardown.py
[2024-09-19T18:50:35.056+0000] {processor.py:925} INFO - DAG(s) 'example_setup_teardown' retrieved from /home/airflow/.local/lib/python3.12/site-packages/airflow/example_dags/example_setup_teardown.py
[2024-09-19T18:50:35.064+0000] {logging_mixin.py:190} INFO - [2024-09-19T18:50:35.064+0000] {dag.py:3211} INFO - Sync 1 DAGs
[2024-09-19T18:50:35.073+0000] {logging_mixin.py:190} INFO - [2024-09-19T18:50:35.072+0000] {dag.py:4138} INFO - Setting next_dagrun for example_setup_teardown to 2024-09-18 00:00:00+00:00, run_after=2024-09-19 00:00:00+00:00
[2024-09-19T18:50:35.079+0000] {processor.py:208} INFO - Processing /home/airflow/.local/lib/python3.12/site-packages/airflow/example_dags/example_setup_teardown.py took 0.034 seconds
[2024-09-19T18:51:05.821+0000] {processor.py:186} INFO - Started process (PID=4376) to work on /home/airflow/.local/lib/python3.12/site-packages/airflow/example_dags/example_setup_teardown.py
[2024-09-19T18:51:05.824+0000] {processor.py:914} INFO - Processing file /home/airflow/.local/lib/python3.12/site-packages/airflow/example_dags/example_setup_teardown.py for tasks to queue
[2024-09-19T18:51:05.825+0000] {logging_mixin.py:190} INFO - [2024-09-19T18:51:05.825+0000] {dagbag.py:587} INFO - Filling up the DagBag from /home/airflow/.local/lib/python3.12/site-packages/airflow/example_dags/example_setup_teardown.py
[2024-09-19T18:51:05.830+0000] {processor.py:925} INFO - DAG(s) 'example_setup_teardown' retrieved from /home/airflow/.local/lib/python3.12/site-packages/airflow/example_dags/example_setup_teardown.py
[2024-09-19T18:51:05.840+0000] {logging_mixin.py:190} INFO - [2024-09-19T18:51:05.840+0000] {dag.py:3211} INFO - Sync 1 DAGs
[2024-09-19T18:51:05.850+0000] {logging_mixin.py:190} INFO - [2024-09-19T18:51:05.850+0000] {dag.py:4138} INFO - Setting next_dagrun for example_setup_teardown to 2024-09-18 00:00:00+00:00, run_after=2024-09-19 00:00:00+00:00
[2024-09-19T18:51:05.857+0000] {processor.py:208} INFO - Processing /home/airflow/.local/lib/python3.12/site-packages/airflow/example_dags/example_setup_teardown.py took 0.039 seconds
[2024-09-19T18:51:36.234+0000] {processor.py:186} INFO - Started process (PID=4438) to work on /home/airflow/.local/lib/python3.12/site-packages/airflow/example_dags/example_setup_teardown.py
[2024-09-19T18:51:36.236+0000] {processor.py:914} INFO - Processing file /home/airflow/.local/lib/python3.12/site-packages/airflow/example_dags/example_setup_teardown.py for tasks to queue
[2024-09-19T18:51:36.237+0000] {logging_mixin.py:190} INFO - [2024-09-19T18:51:36.237+0000] {dagbag.py:587} INFO - Filling up the DagBag from /home/airflow/.local/lib/python3.12/site-packages/airflow/example_dags/example_setup_teardown.py
[2024-09-19T18:51:36.241+0000] {processor.py:925} INFO - DAG(s) 'example_setup_teardown' retrieved from /home/airflow/.local/lib/python3.12/site-packages/airflow/example_dags/example_setup_teardown.py
[2024-09-19T18:51:36.249+0000] {logging_mixin.py:190} INFO - [2024-09-19T18:51:36.249+0000] {dag.py:3211} INFO - Sync 1 DAGs
[2024-09-19T18:51:36.257+0000] {logging_mixin.py:190} INFO - [2024-09-19T18:51:36.257+0000] {dag.py:4138} INFO - Setting next_dagrun for example_setup_teardown to 2024-09-18 00:00:00+00:00, run_after=2024-09-19 00:00:00+00:00
[2024-09-19T18:51:36.264+0000] {processor.py:208} INFO - Processing /home/airflow/.local/lib/python3.12/site-packages/airflow/example_dags/example_setup_teardown.py took 0.032 seconds
