[2024-09-19T18:15:41.628+0000] {processor.py:186} INFO - Started process (PID=77) to work on /home/airflow/.local/lib/python3.12/site-packages/airflow/example_dags/example_python_operator.py
[2024-09-19T18:15:41.630+0000] {processor.py:914} INFO - Processing file /home/airflow/.local/lib/python3.12/site-packages/airflow/example_dags/example_python_operator.py for tasks to queue
[2024-09-19T18:15:41.635+0000] {logging_mixin.py:190} INFO - [2024-09-19T18:15:41.634+0000] {dagbag.py:587} INFO - Filling up the DagBag from /home/airflow/.local/lib/python3.12/site-packages/airflow/example_dags/example_python_operator.py
[2024-09-19T18:15:41.680+0000] {processor.py:925} INFO - DAG(s) 'example_python_operator' retrieved from /home/airflow/.local/lib/python3.12/site-packages/airflow/example_dags/example_python_operator.py
[2024-09-19T18:15:41.916+0000] {logging_mixin.py:190} INFO - [2024-09-19T18:15:41.916+0000] {dag.py:3211} INFO - Sync 1 DAGs
[2024-09-19T18:15:41.931+0000] {logging_mixin.py:190} INFO - [2024-09-19T18:15:41.931+0000] {dag.py:4138} INFO - Setting next_dagrun for example_python_operator to None, run_after=None
[2024-09-19T18:15:41.950+0000] {processor.py:208} INFO - Processing /home/airflow/.local/lib/python3.12/site-packages/airflow/example_dags/example_python_operator.py took 0.328 seconds
[2024-09-19T18:16:12.050+0000] {processor.py:186} INFO - Started process (PID=145) to work on /home/airflow/.local/lib/python3.12/site-packages/airflow/example_dags/example_python_operator.py
[2024-09-19T18:16:12.050+0000] {processor.py:914} INFO - Processing file /home/airflow/.local/lib/python3.12/site-packages/airflow/example_dags/example_python_operator.py for tasks to queue
[2024-09-19T18:16:12.051+0000] {logging_mixin.py:190} INFO - [2024-09-19T18:16:12.051+0000] {dagbag.py:587} INFO - Filling up the DagBag from /home/airflow/.local/lib/python3.12/site-packages/airflow/example_dags/example_python_operator.py
[2024-09-19T18:16:12.059+0000] {processor.py:925} INFO - DAG(s) 'example_python_operator' retrieved from /home/airflow/.local/lib/python3.12/site-packages/airflow/example_dags/example_python_operator.py
[2024-09-19T18:16:12.072+0000] {logging_mixin.py:190} INFO - [2024-09-19T18:16:12.072+0000] {dag.py:3211} INFO - Sync 1 DAGs
[2024-09-19T18:16:12.081+0000] {logging_mixin.py:190} INFO - [2024-09-19T18:16:12.081+0000] {dag.py:4138} INFO - Setting next_dagrun for example_python_operator to None, run_after=None
[2024-09-19T18:16:12.102+0000] {processor.py:208} INFO - Processing /home/airflow/.local/lib/python3.12/site-packages/airflow/example_dags/example_python_operator.py took 0.055 seconds
[2024-09-19T18:16:42.282+0000] {processor.py:186} INFO - Started process (PID=206) to work on /home/airflow/.local/lib/python3.12/site-packages/airflow/example_dags/example_python_operator.py
[2024-09-19T18:16:42.285+0000] {processor.py:914} INFO - Processing file /home/airflow/.local/lib/python3.12/site-packages/airflow/example_dags/example_python_operator.py for tasks to queue
[2024-09-19T18:16:42.287+0000] {logging_mixin.py:190} INFO - [2024-09-19T18:16:42.287+0000] {dagbag.py:587} INFO - Filling up the DagBag from /home/airflow/.local/lib/python3.12/site-packages/airflow/example_dags/example_python_operator.py
[2024-09-19T18:16:42.293+0000] {processor.py:925} INFO - DAG(s) 'example_python_operator' retrieved from /home/airflow/.local/lib/python3.12/site-packages/airflow/example_dags/example_python_operator.py
[2024-09-19T18:16:42.305+0000] {logging_mixin.py:190} INFO - [2024-09-19T18:16:42.305+0000] {dag.py:3211} INFO - Sync 1 DAGs
[2024-09-19T18:16:42.318+0000] {logging_mixin.py:190} INFO - [2024-09-19T18:16:42.318+0000] {dag.py:4138} INFO - Setting next_dagrun for example_python_operator to None, run_after=None
[2024-09-19T18:16:42.336+0000] {processor.py:208} INFO - Processing /home/airflow/.local/lib/python3.12/site-packages/airflow/example_dags/example_python_operator.py took 0.057 seconds
[2024-09-19T18:17:12.568+0000] {processor.py:186} INFO - Started process (PID=268) to work on /home/airflow/.local/lib/python3.12/site-packages/airflow/example_dags/example_python_operator.py
[2024-09-19T18:17:12.570+0000] {processor.py:914} INFO - Processing file /home/airflow/.local/lib/python3.12/site-packages/airflow/example_dags/example_python_operator.py for tasks to queue
[2024-09-19T18:17:12.572+0000] {logging_mixin.py:190} INFO - [2024-09-19T18:17:12.572+0000] {dagbag.py:587} INFO - Filling up the DagBag from /home/airflow/.local/lib/python3.12/site-packages/airflow/example_dags/example_python_operator.py
[2024-09-19T18:17:12.580+0000] {processor.py:925} INFO - DAG(s) 'example_python_operator' retrieved from /home/airflow/.local/lib/python3.12/site-packages/airflow/example_dags/example_python_operator.py
[2024-09-19T18:17:12.606+0000] {logging_mixin.py:190} INFO - [2024-09-19T18:17:12.606+0000] {dag.py:3211} INFO - Sync 1 DAGs
[2024-09-19T18:17:12.614+0000] {logging_mixin.py:190} INFO - [2024-09-19T18:17:12.613+0000] {dag.py:4138} INFO - Setting next_dagrun for example_python_operator to None, run_after=None
[2024-09-19T18:17:12.627+0000] {processor.py:208} INFO - Processing /home/airflow/.local/lib/python3.12/site-packages/airflow/example_dags/example_python_operator.py took 0.061 seconds
[2024-09-19T18:17:42.933+0000] {processor.py:186} INFO - Started process (PID=330) to work on /home/airflow/.local/lib/python3.12/site-packages/airflow/example_dags/example_python_operator.py
[2024-09-19T18:17:42.933+0000] {processor.py:914} INFO - Processing file /home/airflow/.local/lib/python3.12/site-packages/airflow/example_dags/example_python_operator.py for tasks to queue
[2024-09-19T18:17:42.934+0000] {logging_mixin.py:190} INFO - [2024-09-19T18:17:42.934+0000] {dagbag.py:587} INFO - Filling up the DagBag from /home/airflow/.local/lib/python3.12/site-packages/airflow/example_dags/example_python_operator.py
[2024-09-19T18:17:42.943+0000] {processor.py:925} INFO - DAG(s) 'example_python_operator' retrieved from /home/airflow/.local/lib/python3.12/site-packages/airflow/example_dags/example_python_operator.py
[2024-09-19T18:17:42.956+0000] {logging_mixin.py:190} INFO - [2024-09-19T18:17:42.956+0000] {dag.py:3211} INFO - Sync 1 DAGs
[2024-09-19T18:17:42.962+0000] {logging_mixin.py:190} INFO - [2024-09-19T18:17:42.962+0000] {dag.py:4138} INFO - Setting next_dagrun for example_python_operator to None, run_after=None
[2024-09-19T18:17:42.973+0000] {processor.py:208} INFO - Processing /home/airflow/.local/lib/python3.12/site-packages/airflow/example_dags/example_python_operator.py took 0.042 seconds
[2024-09-19T18:18:13.497+0000] {processor.py:186} INFO - Started process (PID=392) to work on /home/airflow/.local/lib/python3.12/site-packages/airflow/example_dags/example_python_operator.py
[2024-09-19T18:18:13.498+0000] {processor.py:914} INFO - Processing file /home/airflow/.local/lib/python3.12/site-packages/airflow/example_dags/example_python_operator.py for tasks to queue
[2024-09-19T18:18:13.499+0000] {logging_mixin.py:190} INFO - [2024-09-19T18:18:13.499+0000] {dagbag.py:587} INFO - Filling up the DagBag from /home/airflow/.local/lib/python3.12/site-packages/airflow/example_dags/example_python_operator.py
[2024-09-19T18:18:13.507+0000] {processor.py:925} INFO - DAG(s) 'example_python_operator' retrieved from /home/airflow/.local/lib/python3.12/site-packages/airflow/example_dags/example_python_operator.py
[2024-09-19T18:18:13.521+0000] {logging_mixin.py:190} INFO - [2024-09-19T18:18:13.521+0000] {dag.py:3211} INFO - Sync 1 DAGs
[2024-09-19T18:18:13.530+0000] {logging_mixin.py:190} INFO - [2024-09-19T18:18:13.530+0000] {dag.py:4138} INFO - Setting next_dagrun for example_python_operator to None, run_after=None
[2024-09-19T18:18:13.541+0000] {processor.py:208} INFO - Processing /home/airflow/.local/lib/python3.12/site-packages/airflow/example_dags/example_python_operator.py took 0.048 seconds
[2024-09-19T18:18:44.332+0000] {processor.py:186} INFO - Started process (PID=454) to work on /home/airflow/.local/lib/python3.12/site-packages/airflow/example_dags/example_python_operator.py
[2024-09-19T18:18:44.335+0000] {processor.py:914} INFO - Processing file /home/airflow/.local/lib/python3.12/site-packages/airflow/example_dags/example_python_operator.py for tasks to queue
[2024-09-19T18:18:44.338+0000] {logging_mixin.py:190} INFO - [2024-09-19T18:18:44.338+0000] {dagbag.py:587} INFO - Filling up the DagBag from /home/airflow/.local/lib/python3.12/site-packages/airflow/example_dags/example_python_operator.py
[2024-09-19T18:18:44.351+0000] {processor.py:925} INFO - DAG(s) 'example_python_operator' retrieved from /home/airflow/.local/lib/python3.12/site-packages/airflow/example_dags/example_python_operator.py
[2024-09-19T18:18:44.389+0000] {logging_mixin.py:190} INFO - [2024-09-19T18:18:44.388+0000] {dag.py:3211} INFO - Sync 1 DAGs
[2024-09-19T18:18:44.400+0000] {logging_mixin.py:190} INFO - [2024-09-19T18:18:44.399+0000] {dag.py:4138} INFO - Setting next_dagrun for example_python_operator to None, run_after=None
[2024-09-19T18:18:44.413+0000] {processor.py:208} INFO - Processing /home/airflow/.local/lib/python3.12/site-packages/airflow/example_dags/example_python_operator.py took 0.085 seconds
[2024-09-19T18:19:15.015+0000] {processor.py:186} INFO - Started process (PID=516) to work on /home/airflow/.local/lib/python3.12/site-packages/airflow/example_dags/example_python_operator.py
[2024-09-19T18:19:15.016+0000] {processor.py:914} INFO - Processing file /home/airflow/.local/lib/python3.12/site-packages/airflow/example_dags/example_python_operator.py for tasks to queue
[2024-09-19T18:19:15.018+0000] {logging_mixin.py:190} INFO - [2024-09-19T18:19:15.018+0000] {dagbag.py:587} INFO - Filling up the DagBag from /home/airflow/.local/lib/python3.12/site-packages/airflow/example_dags/example_python_operator.py
[2024-09-19T18:19:15.026+0000] {processor.py:925} INFO - DAG(s) 'example_python_operator' retrieved from /home/airflow/.local/lib/python3.12/site-packages/airflow/example_dags/example_python_operator.py
[2024-09-19T18:19:15.036+0000] {logging_mixin.py:190} INFO - [2024-09-19T18:19:15.036+0000] {dag.py:3211} INFO - Sync 1 DAGs
[2024-09-19T18:19:15.043+0000] {logging_mixin.py:190} INFO - [2024-09-19T18:19:15.042+0000] {dag.py:4138} INFO - Setting next_dagrun for example_python_operator to None, run_after=None
[2024-09-19T18:19:15.055+0000] {processor.py:208} INFO - Processing /home/airflow/.local/lib/python3.12/site-packages/airflow/example_dags/example_python_operator.py took 0.043 seconds
[2024-09-19T18:19:45.845+0000] {processor.py:186} INFO - Started process (PID=578) to work on /home/airflow/.local/lib/python3.12/site-packages/airflow/example_dags/example_python_operator.py
[2024-09-19T18:19:45.847+0000] {processor.py:914} INFO - Processing file /home/airflow/.local/lib/python3.12/site-packages/airflow/example_dags/example_python_operator.py for tasks to queue
[2024-09-19T18:19:45.849+0000] {logging_mixin.py:190} INFO - [2024-09-19T18:19:45.848+0000] {dagbag.py:587} INFO - Filling up the DagBag from /home/airflow/.local/lib/python3.12/site-packages/airflow/example_dags/example_python_operator.py
[2024-09-19T18:19:45.857+0000] {processor.py:925} INFO - DAG(s) 'example_python_operator' retrieved from /home/airflow/.local/lib/python3.12/site-packages/airflow/example_dags/example_python_operator.py
[2024-09-19T18:19:45.866+0000] {logging_mixin.py:190} INFO - [2024-09-19T18:19:45.866+0000] {dag.py:3211} INFO - Sync 1 DAGs
[2024-09-19T18:19:45.873+0000] {logging_mixin.py:190} INFO - [2024-09-19T18:19:45.873+0000] {dag.py:4138} INFO - Setting next_dagrun for example_python_operator to None, run_after=None
[2024-09-19T18:19:45.883+0000] {processor.py:208} INFO - Processing /home/airflow/.local/lib/python3.12/site-packages/airflow/example_dags/example_python_operator.py took 0.041 seconds
[2024-09-19T18:20:16.773+0000] {processor.py:186} INFO - Started process (PID=640) to work on /home/airflow/.local/lib/python3.12/site-packages/airflow/example_dags/example_python_operator.py
[2024-09-19T18:20:16.773+0000] {processor.py:914} INFO - Processing file /home/airflow/.local/lib/python3.12/site-packages/airflow/example_dags/example_python_operator.py for tasks to queue
[2024-09-19T18:20:16.774+0000] {logging_mixin.py:190} INFO - [2024-09-19T18:20:16.774+0000] {dagbag.py:587} INFO - Filling up the DagBag from /home/airflow/.local/lib/python3.12/site-packages/airflow/example_dags/example_python_operator.py
[2024-09-19T18:20:16.780+0000] {processor.py:925} INFO - DAG(s) 'example_python_operator' retrieved from /home/airflow/.local/lib/python3.12/site-packages/airflow/example_dags/example_python_operator.py
[2024-09-19T18:20:16.788+0000] {logging_mixin.py:190} INFO - [2024-09-19T18:20:16.788+0000] {dag.py:3211} INFO - Sync 1 DAGs
[2024-09-19T18:20:16.793+0000] {logging_mixin.py:190} INFO - [2024-09-19T18:20:16.793+0000] {dag.py:4138} INFO - Setting next_dagrun for example_python_operator to None, run_after=None
[2024-09-19T18:20:16.799+0000] {processor.py:208} INFO - Processing /home/airflow/.local/lib/python3.12/site-packages/airflow/example_dags/example_python_operator.py took 0.028 seconds
[2024-09-19T18:20:47.712+0000] {processor.py:186} INFO - Started process (PID=702) to work on /home/airflow/.local/lib/python3.12/site-packages/airflow/example_dags/example_python_operator.py
[2024-09-19T18:20:47.714+0000] {processor.py:914} INFO - Processing file /home/airflow/.local/lib/python3.12/site-packages/airflow/example_dags/example_python_operator.py for tasks to queue
[2024-09-19T18:20:47.715+0000] {logging_mixin.py:190} INFO - [2024-09-19T18:20:47.715+0000] {dagbag.py:587} INFO - Filling up the DagBag from /home/airflow/.local/lib/python3.12/site-packages/airflow/example_dags/example_python_operator.py
[2024-09-19T18:20:47.725+0000] {processor.py:925} INFO - DAG(s) 'example_python_operator' retrieved from /home/airflow/.local/lib/python3.12/site-packages/airflow/example_dags/example_python_operator.py
[2024-09-19T18:20:47.750+0000] {logging_mixin.py:190} INFO - [2024-09-19T18:20:47.749+0000] {dag.py:3211} INFO - Sync 1 DAGs
[2024-09-19T18:20:47.757+0000] {logging_mixin.py:190} INFO - [2024-09-19T18:20:47.757+0000] {dag.py:4138} INFO - Setting next_dagrun for example_python_operator to None, run_after=None
[2024-09-19T18:20:47.770+0000] {processor.py:208} INFO - Processing /home/airflow/.local/lib/python3.12/site-packages/airflow/example_dags/example_python_operator.py took 0.061 seconds
[2024-09-19T18:21:18.631+0000] {processor.py:186} INFO - Started process (PID=764) to work on /home/airflow/.local/lib/python3.12/site-packages/airflow/example_dags/example_python_operator.py
[2024-09-19T18:21:18.632+0000] {processor.py:914} INFO - Processing file /home/airflow/.local/lib/python3.12/site-packages/airflow/example_dags/example_python_operator.py for tasks to queue
[2024-09-19T18:21:18.633+0000] {logging_mixin.py:190} INFO - [2024-09-19T18:21:18.633+0000] {dagbag.py:587} INFO - Filling up the DagBag from /home/airflow/.local/lib/python3.12/site-packages/airflow/example_dags/example_python_operator.py
[2024-09-19T18:21:18.640+0000] {processor.py:925} INFO - DAG(s) 'example_python_operator' retrieved from /home/airflow/.local/lib/python3.12/site-packages/airflow/example_dags/example_python_operator.py
[2024-09-19T18:21:18.651+0000] {logging_mixin.py:190} INFO - [2024-09-19T18:21:18.651+0000] {dag.py:3211} INFO - Sync 1 DAGs
[2024-09-19T18:21:18.658+0000] {logging_mixin.py:190} INFO - [2024-09-19T18:21:18.658+0000] {dag.py:4138} INFO - Setting next_dagrun for example_python_operator to None, run_after=None
[2024-09-19T18:21:18.670+0000] {processor.py:208} INFO - Processing /home/airflow/.local/lib/python3.12/site-packages/airflow/example_dags/example_python_operator.py took 0.042 seconds
[2024-09-19T18:21:49.801+0000] {processor.py:186} INFO - Started process (PID=826) to work on /home/airflow/.local/lib/python3.12/site-packages/airflow/example_dags/example_python_operator.py
[2024-09-19T18:21:49.801+0000] {processor.py:914} INFO - Processing file /home/airflow/.local/lib/python3.12/site-packages/airflow/example_dags/example_python_operator.py for tasks to queue
[2024-09-19T18:21:49.803+0000] {logging_mixin.py:190} INFO - [2024-09-19T18:21:49.803+0000] {dagbag.py:587} INFO - Filling up the DagBag from /home/airflow/.local/lib/python3.12/site-packages/airflow/example_dags/example_python_operator.py
[2024-09-19T18:21:49.810+0000] {processor.py:925} INFO - DAG(s) 'example_python_operator' retrieved from /home/airflow/.local/lib/python3.12/site-packages/airflow/example_dags/example_python_operator.py
[2024-09-19T18:21:49.820+0000] {logging_mixin.py:190} INFO - [2024-09-19T18:21:49.820+0000] {dag.py:3211} INFO - Sync 1 DAGs
[2024-09-19T18:21:49.825+0000] {logging_mixin.py:190} INFO - [2024-09-19T18:21:49.825+0000] {dag.py:4138} INFO - Setting next_dagrun for example_python_operator to None, run_after=None
[2024-09-19T18:21:49.835+0000] {processor.py:208} INFO - Processing /home/airflow/.local/lib/python3.12/site-packages/airflow/example_dags/example_python_operator.py took 0.038 seconds
[2024-09-19T18:22:20.569+0000] {processor.py:186} INFO - Started process (PID=888) to work on /home/airflow/.local/lib/python3.12/site-packages/airflow/example_dags/example_python_operator.py
[2024-09-19T18:22:20.570+0000] {processor.py:914} INFO - Processing file /home/airflow/.local/lib/python3.12/site-packages/airflow/example_dags/example_python_operator.py for tasks to queue
[2024-09-19T18:22:20.571+0000] {logging_mixin.py:190} INFO - [2024-09-19T18:22:20.571+0000] {dagbag.py:587} INFO - Filling up the DagBag from /home/airflow/.local/lib/python3.12/site-packages/airflow/example_dags/example_python_operator.py
[2024-09-19T18:22:20.577+0000] {processor.py:925} INFO - DAG(s) 'example_python_operator' retrieved from /home/airflow/.local/lib/python3.12/site-packages/airflow/example_dags/example_python_operator.py
[2024-09-19T18:22:20.596+0000] {logging_mixin.py:190} INFO - [2024-09-19T18:22:20.596+0000] {dag.py:3211} INFO - Sync 1 DAGs
[2024-09-19T18:22:20.607+0000] {logging_mixin.py:190} INFO - [2024-09-19T18:22:20.607+0000] {dag.py:4138} INFO - Setting next_dagrun for example_python_operator to None, run_after=None
[2024-09-19T18:22:20.615+0000] {processor.py:208} INFO - Processing /home/airflow/.local/lib/python3.12/site-packages/airflow/example_dags/example_python_operator.py took 0.048 seconds
[2024-09-19T18:22:51.365+0000] {processor.py:186} INFO - Started process (PID=950) to work on /home/airflow/.local/lib/python3.12/site-packages/airflow/example_dags/example_python_operator.py
[2024-09-19T18:22:51.368+0000] {processor.py:914} INFO - Processing file /home/airflow/.local/lib/python3.12/site-packages/airflow/example_dags/example_python_operator.py for tasks to queue
[2024-09-19T18:22:51.369+0000] {logging_mixin.py:190} INFO - [2024-09-19T18:22:51.369+0000] {dagbag.py:587} INFO - Filling up the DagBag from /home/airflow/.local/lib/python3.12/site-packages/airflow/example_dags/example_python_operator.py
[2024-09-19T18:22:51.375+0000] {processor.py:925} INFO - DAG(s) 'example_python_operator' retrieved from /home/airflow/.local/lib/python3.12/site-packages/airflow/example_dags/example_python_operator.py
[2024-09-19T18:22:51.391+0000] {logging_mixin.py:190} INFO - [2024-09-19T18:22:51.391+0000] {dag.py:3211} INFO - Sync 1 DAGs
[2024-09-19T18:22:51.397+0000] {logging_mixin.py:190} INFO - [2024-09-19T18:22:51.397+0000] {dag.py:4138} INFO - Setting next_dagrun for example_python_operator to None, run_after=None
[2024-09-19T18:22:51.406+0000] {processor.py:208} INFO - Processing /home/airflow/.local/lib/python3.12/site-packages/airflow/example_dags/example_python_operator.py took 0.044 seconds
[2024-09-19T18:23:21.777+0000] {processor.py:186} INFO - Started process (PID=1012) to work on /home/airflow/.local/lib/python3.12/site-packages/airflow/example_dags/example_python_operator.py
[2024-09-19T18:23:21.778+0000] {processor.py:914} INFO - Processing file /home/airflow/.local/lib/python3.12/site-packages/airflow/example_dags/example_python_operator.py for tasks to queue
[2024-09-19T18:23:21.779+0000] {logging_mixin.py:190} INFO - [2024-09-19T18:23:21.778+0000] {dagbag.py:587} INFO - Filling up the DagBag from /home/airflow/.local/lib/python3.12/site-packages/airflow/example_dags/example_python_operator.py
[2024-09-19T18:23:21.784+0000] {processor.py:925} INFO - DAG(s) 'example_python_operator' retrieved from /home/airflow/.local/lib/python3.12/site-packages/airflow/example_dags/example_python_operator.py
[2024-09-19T18:23:21.796+0000] {logging_mixin.py:190} INFO - [2024-09-19T18:23:21.796+0000] {dag.py:3211} INFO - Sync 1 DAGs
[2024-09-19T18:23:21.803+0000] {logging_mixin.py:190} INFO - [2024-09-19T18:23:21.803+0000] {dag.py:4138} INFO - Setting next_dagrun for example_python_operator to None, run_after=None
[2024-09-19T18:23:21.809+0000] {processor.py:208} INFO - Processing /home/airflow/.local/lib/python3.12/site-packages/airflow/example_dags/example_python_operator.py took 0.035 seconds
[2024-09-19T18:23:52.730+0000] {processor.py:186} INFO - Started process (PID=1074) to work on /home/airflow/.local/lib/python3.12/site-packages/airflow/example_dags/example_python_operator.py
[2024-09-19T18:23:52.730+0000] {processor.py:914} INFO - Processing file /home/airflow/.local/lib/python3.12/site-packages/airflow/example_dags/example_python_operator.py for tasks to queue
[2024-09-19T18:23:52.732+0000] {logging_mixin.py:190} INFO - [2024-09-19T18:23:52.731+0000] {dagbag.py:587} INFO - Filling up the DagBag from /home/airflow/.local/lib/python3.12/site-packages/airflow/example_dags/example_python_operator.py
[2024-09-19T18:23:52.738+0000] {processor.py:925} INFO - DAG(s) 'example_python_operator' retrieved from /home/airflow/.local/lib/python3.12/site-packages/airflow/example_dags/example_python_operator.py
[2024-09-19T18:23:52.748+0000] {logging_mixin.py:190} INFO - [2024-09-19T18:23:52.748+0000] {dag.py:3211} INFO - Sync 1 DAGs
[2024-09-19T18:23:52.754+0000] {logging_mixin.py:190} INFO - [2024-09-19T18:23:52.754+0000] {dag.py:4138} INFO - Setting next_dagrun for example_python_operator to None, run_after=None
[2024-09-19T18:23:52.762+0000] {processor.py:208} INFO - Processing /home/airflow/.local/lib/python3.12/site-packages/airflow/example_dags/example_python_operator.py took 0.035 seconds
[2024-09-19T18:24:23.415+0000] {processor.py:186} INFO - Started process (PID=1136) to work on /home/airflow/.local/lib/python3.12/site-packages/airflow/example_dags/example_python_operator.py
[2024-09-19T18:24:23.416+0000] {processor.py:914} INFO - Processing file /home/airflow/.local/lib/python3.12/site-packages/airflow/example_dags/example_python_operator.py for tasks to queue
[2024-09-19T18:24:23.417+0000] {logging_mixin.py:190} INFO - [2024-09-19T18:24:23.417+0000] {dagbag.py:587} INFO - Filling up the DagBag from /home/airflow/.local/lib/python3.12/site-packages/airflow/example_dags/example_python_operator.py
[2024-09-19T18:24:23.423+0000] {processor.py:925} INFO - DAG(s) 'example_python_operator' retrieved from /home/airflow/.local/lib/python3.12/site-packages/airflow/example_dags/example_python_operator.py
[2024-09-19T18:24:23.438+0000] {logging_mixin.py:190} INFO - [2024-09-19T18:24:23.438+0000] {dag.py:3211} INFO - Sync 1 DAGs
[2024-09-19T18:24:23.446+0000] {logging_mixin.py:190} INFO - [2024-09-19T18:24:23.446+0000] {dag.py:4138} INFO - Setting next_dagrun for example_python_operator to None, run_after=None
[2024-09-19T18:24:23.455+0000] {processor.py:208} INFO - Processing /home/airflow/.local/lib/python3.12/site-packages/airflow/example_dags/example_python_operator.py took 0.043 seconds
[2024-09-19T18:24:53.661+0000] {processor.py:186} INFO - Started process (PID=1198) to work on /home/airflow/.local/lib/python3.12/site-packages/airflow/example_dags/example_python_operator.py
[2024-09-19T18:24:53.661+0000] {processor.py:914} INFO - Processing file /home/airflow/.local/lib/python3.12/site-packages/airflow/example_dags/example_python_operator.py for tasks to queue
[2024-09-19T18:24:53.663+0000] {logging_mixin.py:190} INFO - [2024-09-19T18:24:53.663+0000] {dagbag.py:587} INFO - Filling up the DagBag from /home/airflow/.local/lib/python3.12/site-packages/airflow/example_dags/example_python_operator.py
[2024-09-19T18:24:53.669+0000] {processor.py:925} INFO - DAG(s) 'example_python_operator' retrieved from /home/airflow/.local/lib/python3.12/site-packages/airflow/example_dags/example_python_operator.py
[2024-09-19T18:24:53.678+0000] {logging_mixin.py:190} INFO - [2024-09-19T18:24:53.678+0000] {dag.py:3211} INFO - Sync 1 DAGs
[2024-09-19T18:24:53.684+0000] {logging_mixin.py:190} INFO - [2024-09-19T18:24:53.684+0000] {dag.py:4138} INFO - Setting next_dagrun for example_python_operator to None, run_after=None
[2024-09-19T18:24:53.696+0000] {processor.py:208} INFO - Processing /home/airflow/.local/lib/python3.12/site-packages/airflow/example_dags/example_python_operator.py took 0.038 seconds
[2024-09-19T18:25:24.328+0000] {processor.py:186} INFO - Started process (PID=1260) to work on /home/airflow/.local/lib/python3.12/site-packages/airflow/example_dags/example_python_operator.py
[2024-09-19T18:25:24.331+0000] {processor.py:914} INFO - Processing file /home/airflow/.local/lib/python3.12/site-packages/airflow/example_dags/example_python_operator.py for tasks to queue
[2024-09-19T18:25:24.334+0000] {logging_mixin.py:190} INFO - [2024-09-19T18:25:24.334+0000] {dagbag.py:587} INFO - Filling up the DagBag from /home/airflow/.local/lib/python3.12/site-packages/airflow/example_dags/example_python_operator.py
[2024-09-19T18:25:24.342+0000] {processor.py:925} INFO - DAG(s) 'example_python_operator' retrieved from /home/airflow/.local/lib/python3.12/site-packages/airflow/example_dags/example_python_operator.py
[2024-09-19T18:25:24.363+0000] {logging_mixin.py:190} INFO - [2024-09-19T18:25:24.363+0000] {dag.py:3211} INFO - Sync 1 DAGs
[2024-09-19T18:25:24.374+0000] {logging_mixin.py:190} INFO - [2024-09-19T18:25:24.374+0000] {dag.py:4138} INFO - Setting next_dagrun for example_python_operator to None, run_after=None
[2024-09-19T18:25:24.391+0000] {processor.py:208} INFO - Processing /home/airflow/.local/lib/python3.12/site-packages/airflow/example_dags/example_python_operator.py took 0.067 seconds
[2024-09-19T18:25:55.003+0000] {processor.py:186} INFO - Started process (PID=1322) to work on /home/airflow/.local/lib/python3.12/site-packages/airflow/example_dags/example_python_operator.py
[2024-09-19T18:25:55.004+0000] {processor.py:914} INFO - Processing file /home/airflow/.local/lib/python3.12/site-packages/airflow/example_dags/example_python_operator.py for tasks to queue
[2024-09-19T18:25:55.005+0000] {logging_mixin.py:190} INFO - [2024-09-19T18:25:55.004+0000] {dagbag.py:587} INFO - Filling up the DagBag from /home/airflow/.local/lib/python3.12/site-packages/airflow/example_dags/example_python_operator.py
[2024-09-19T18:25:55.011+0000] {processor.py:925} INFO - DAG(s) 'example_python_operator' retrieved from /home/airflow/.local/lib/python3.12/site-packages/airflow/example_dags/example_python_operator.py
[2024-09-19T18:25:55.025+0000] {logging_mixin.py:190} INFO - [2024-09-19T18:25:55.025+0000] {dag.py:3211} INFO - Sync 1 DAGs
[2024-09-19T18:25:55.035+0000] {logging_mixin.py:190} INFO - [2024-09-19T18:25:55.034+0000] {dag.py:4138} INFO - Setting next_dagrun for example_python_operator to None, run_after=None
[2024-09-19T18:25:55.051+0000] {processor.py:208} INFO - Processing /home/airflow/.local/lib/python3.12/site-packages/airflow/example_dags/example_python_operator.py took 0.051 seconds
[2024-09-19T18:26:25.964+0000] {processor.py:186} INFO - Started process (PID=1384) to work on /home/airflow/.local/lib/python3.12/site-packages/airflow/example_dags/example_python_operator.py
[2024-09-19T18:26:25.965+0000] {processor.py:914} INFO - Processing file /home/airflow/.local/lib/python3.12/site-packages/airflow/example_dags/example_python_operator.py for tasks to queue
[2024-09-19T18:26:25.966+0000] {logging_mixin.py:190} INFO - [2024-09-19T18:26:25.966+0000] {dagbag.py:587} INFO - Filling up the DagBag from /home/airflow/.local/lib/python3.12/site-packages/airflow/example_dags/example_python_operator.py
[2024-09-19T18:26:25.972+0000] {processor.py:925} INFO - DAG(s) 'example_python_operator' retrieved from /home/airflow/.local/lib/python3.12/site-packages/airflow/example_dags/example_python_operator.py
[2024-09-19T18:26:25.987+0000] {logging_mixin.py:190} INFO - [2024-09-19T18:26:25.987+0000] {dag.py:3211} INFO - Sync 1 DAGs
[2024-09-19T18:26:25.993+0000] {logging_mixin.py:190} INFO - [2024-09-19T18:26:25.993+0000] {dag.py:4138} INFO - Setting next_dagrun for example_python_operator to None, run_after=None
[2024-09-19T18:26:26.006+0000] {processor.py:208} INFO - Processing /home/airflow/.local/lib/python3.12/site-packages/airflow/example_dags/example_python_operator.py took 0.045 seconds
[2024-09-19T18:26:56.894+0000] {processor.py:186} INFO - Started process (PID=1446) to work on /home/airflow/.local/lib/python3.12/site-packages/airflow/example_dags/example_python_operator.py
[2024-09-19T18:26:56.895+0000] {processor.py:914} INFO - Processing file /home/airflow/.local/lib/python3.12/site-packages/airflow/example_dags/example_python_operator.py for tasks to queue
[2024-09-19T18:26:56.896+0000] {logging_mixin.py:190} INFO - [2024-09-19T18:26:56.896+0000] {dagbag.py:587} INFO - Filling up the DagBag from /home/airflow/.local/lib/python3.12/site-packages/airflow/example_dags/example_python_operator.py
[2024-09-19T18:26:56.902+0000] {processor.py:925} INFO - DAG(s) 'example_python_operator' retrieved from /home/airflow/.local/lib/python3.12/site-packages/airflow/example_dags/example_python_operator.py
[2024-09-19T18:26:56.916+0000] {logging_mixin.py:190} INFO - [2024-09-19T18:26:56.915+0000] {dag.py:3211} INFO - Sync 1 DAGs
[2024-09-19T18:26:56.925+0000] {logging_mixin.py:190} INFO - [2024-09-19T18:26:56.924+0000] {dag.py:4138} INFO - Setting next_dagrun for example_python_operator to None, run_after=None
[2024-09-19T18:26:56.935+0000] {processor.py:208} INFO - Processing /home/airflow/.local/lib/python3.12/site-packages/airflow/example_dags/example_python_operator.py took 0.043 seconds
[2024-09-19T18:27:27.107+0000] {processor.py:186} INFO - Started process (PID=1508) to work on /home/airflow/.local/lib/python3.12/site-packages/airflow/example_dags/example_python_operator.py
[2024-09-19T18:27:27.108+0000] {processor.py:914} INFO - Processing file /home/airflow/.local/lib/python3.12/site-packages/airflow/example_dags/example_python_operator.py for tasks to queue
[2024-09-19T18:27:27.109+0000] {logging_mixin.py:190} INFO - [2024-09-19T18:27:27.109+0000] {dagbag.py:587} INFO - Filling up the DagBag from /home/airflow/.local/lib/python3.12/site-packages/airflow/example_dags/example_python_operator.py
[2024-09-19T18:27:27.114+0000] {processor.py:925} INFO - DAG(s) 'example_python_operator' retrieved from /home/airflow/.local/lib/python3.12/site-packages/airflow/example_dags/example_python_operator.py
[2024-09-19T18:27:27.125+0000] {logging_mixin.py:190} INFO - [2024-09-19T18:27:27.125+0000] {dag.py:3211} INFO - Sync 1 DAGs
[2024-09-19T18:27:27.132+0000] {logging_mixin.py:190} INFO - [2024-09-19T18:27:27.132+0000] {dag.py:4138} INFO - Setting next_dagrun for example_python_operator to None, run_after=None
[2024-09-19T18:27:27.139+0000] {processor.py:208} INFO - Processing /home/airflow/.local/lib/python3.12/site-packages/airflow/example_dags/example_python_operator.py took 0.035 seconds
[2024-09-19T18:27:57.779+0000] {processor.py:186} INFO - Started process (PID=1570) to work on /home/airflow/.local/lib/python3.12/site-packages/airflow/example_dags/example_python_operator.py
[2024-09-19T18:27:57.782+0000] {processor.py:914} INFO - Processing file /home/airflow/.local/lib/python3.12/site-packages/airflow/example_dags/example_python_operator.py for tasks to queue
[2024-09-19T18:27:57.783+0000] {logging_mixin.py:190} INFO - [2024-09-19T18:27:57.783+0000] {dagbag.py:587} INFO - Filling up the DagBag from /home/airflow/.local/lib/python3.12/site-packages/airflow/example_dags/example_python_operator.py
[2024-09-19T18:27:57.790+0000] {processor.py:925} INFO - DAG(s) 'example_python_operator' retrieved from /home/airflow/.local/lib/python3.12/site-packages/airflow/example_dags/example_python_operator.py
[2024-09-19T18:27:57.800+0000] {logging_mixin.py:190} INFO - [2024-09-19T18:27:57.800+0000] {dag.py:3211} INFO - Sync 1 DAGs
[2024-09-19T18:27:57.809+0000] {logging_mixin.py:190} INFO - [2024-09-19T18:27:57.809+0000] {dag.py:4138} INFO - Setting next_dagrun for example_python_operator to None, run_after=None
[2024-09-19T18:27:57.819+0000] {processor.py:208} INFO - Processing /home/airflow/.local/lib/python3.12/site-packages/airflow/example_dags/example_python_operator.py took 0.043 seconds
[2024-09-19T18:28:28.666+0000] {processor.py:186} INFO - Started process (PID=1632) to work on /home/airflow/.local/lib/python3.12/site-packages/airflow/example_dags/example_python_operator.py
[2024-09-19T18:28:28.667+0000] {processor.py:914} INFO - Processing file /home/airflow/.local/lib/python3.12/site-packages/airflow/example_dags/example_python_operator.py for tasks to queue
[2024-09-19T18:28:28.668+0000] {logging_mixin.py:190} INFO - [2024-09-19T18:28:28.668+0000] {dagbag.py:587} INFO - Filling up the DagBag from /home/airflow/.local/lib/python3.12/site-packages/airflow/example_dags/example_python_operator.py
[2024-09-19T18:28:28.674+0000] {processor.py:925} INFO - DAG(s) 'example_python_operator' retrieved from /home/airflow/.local/lib/python3.12/site-packages/airflow/example_dags/example_python_operator.py
[2024-09-19T18:28:28.684+0000] {logging_mixin.py:190} INFO - [2024-09-19T18:28:28.684+0000] {dag.py:3211} INFO - Sync 1 DAGs
[2024-09-19T18:28:28.690+0000] {logging_mixin.py:190} INFO - [2024-09-19T18:28:28.690+0000] {dag.py:4138} INFO - Setting next_dagrun for example_python_operator to None, run_after=None
[2024-09-19T18:28:28.701+0000] {processor.py:208} INFO - Processing /home/airflow/.local/lib/python3.12/site-packages/airflow/example_dags/example_python_operator.py took 0.038 seconds
[2024-09-19T18:28:59.461+0000] {processor.py:186} INFO - Started process (PID=1694) to work on /home/airflow/.local/lib/python3.12/site-packages/airflow/example_dags/example_python_operator.py
[2024-09-19T18:28:59.461+0000] {processor.py:914} INFO - Processing file /home/airflow/.local/lib/python3.12/site-packages/airflow/example_dags/example_python_operator.py for tasks to queue
[2024-09-19T18:28:59.463+0000] {logging_mixin.py:190} INFO - [2024-09-19T18:28:59.462+0000] {dagbag.py:587} INFO - Filling up the DagBag from /home/airflow/.local/lib/python3.12/site-packages/airflow/example_dags/example_python_operator.py
[2024-09-19T18:28:59.469+0000] {processor.py:925} INFO - DAG(s) 'example_python_operator' retrieved from /home/airflow/.local/lib/python3.12/site-packages/airflow/example_dags/example_python_operator.py
[2024-09-19T18:28:59.487+0000] {logging_mixin.py:190} INFO - [2024-09-19T18:28:59.487+0000] {dag.py:3211} INFO - Sync 1 DAGs
[2024-09-19T18:28:59.496+0000] {logging_mixin.py:190} INFO - [2024-09-19T18:28:59.496+0000] {dag.py:4138} INFO - Setting next_dagrun for example_python_operator to None, run_after=None
[2024-09-19T18:28:59.508+0000] {processor.py:208} INFO - Processing /home/airflow/.local/lib/python3.12/site-packages/airflow/example_dags/example_python_operator.py took 0.050 seconds
[2024-09-19T18:29:30.067+0000] {processor.py:186} INFO - Started process (PID=1756) to work on /home/airflow/.local/lib/python3.12/site-packages/airflow/example_dags/example_python_operator.py
[2024-09-19T18:29:30.068+0000] {processor.py:914} INFO - Processing file /home/airflow/.local/lib/python3.12/site-packages/airflow/example_dags/example_python_operator.py for tasks to queue
[2024-09-19T18:29:30.069+0000] {logging_mixin.py:190} INFO - [2024-09-19T18:29:30.069+0000] {dagbag.py:587} INFO - Filling up the DagBag from /home/airflow/.local/lib/python3.12/site-packages/airflow/example_dags/example_python_operator.py
[2024-09-19T18:29:30.076+0000] {processor.py:925} INFO - DAG(s) 'example_python_operator' retrieved from /home/airflow/.local/lib/python3.12/site-packages/airflow/example_dags/example_python_operator.py
[2024-09-19T18:29:30.085+0000] {logging_mixin.py:190} INFO - [2024-09-19T18:29:30.085+0000] {dag.py:3211} INFO - Sync 1 DAGs
[2024-09-19T18:29:30.092+0000] {logging_mixin.py:190} INFO - [2024-09-19T18:29:30.092+0000] {dag.py:4138} INFO - Setting next_dagrun for example_python_operator to None, run_after=None
[2024-09-19T18:29:30.104+0000] {processor.py:208} INFO - Processing /home/airflow/.local/lib/python3.12/site-packages/airflow/example_dags/example_python_operator.py took 0.040 seconds
[2024-09-19T18:30:01.128+0000] {processor.py:186} INFO - Started process (PID=1818) to work on /home/airflow/.local/lib/python3.12/site-packages/airflow/example_dags/example_python_operator.py
[2024-09-19T18:30:01.129+0000] {processor.py:914} INFO - Processing file /home/airflow/.local/lib/python3.12/site-packages/airflow/example_dags/example_python_operator.py for tasks to queue
[2024-09-19T18:30:01.131+0000] {logging_mixin.py:190} INFO - [2024-09-19T18:30:01.130+0000] {dagbag.py:587} INFO - Filling up the DagBag from /home/airflow/.local/lib/python3.12/site-packages/airflow/example_dags/example_python_operator.py
[2024-09-19T18:30:01.141+0000] {processor.py:925} INFO - DAG(s) 'example_python_operator' retrieved from /home/airflow/.local/lib/python3.12/site-packages/airflow/example_dags/example_python_operator.py
[2024-09-19T18:30:01.155+0000] {logging_mixin.py:190} INFO - [2024-09-19T18:30:01.155+0000] {dag.py:3211} INFO - Sync 1 DAGs
[2024-09-19T18:30:01.161+0000] {logging_mixin.py:190} INFO - [2024-09-19T18:30:01.161+0000] {dag.py:4138} INFO - Setting next_dagrun for example_python_operator to None, run_after=None
[2024-09-19T18:30:01.168+0000] {processor.py:208} INFO - Processing /home/airflow/.local/lib/python3.12/site-packages/airflow/example_dags/example_python_operator.py took 0.043 seconds
[2024-09-19T18:30:31.647+0000] {processor.py:186} INFO - Started process (PID=1886) to work on /home/airflow/.local/lib/python3.12/site-packages/airflow/example_dags/example_python_operator.py
[2024-09-19T18:30:31.649+0000] {processor.py:914} INFO - Processing file /home/airflow/.local/lib/python3.12/site-packages/airflow/example_dags/example_python_operator.py for tasks to queue
[2024-09-19T18:30:31.650+0000] {logging_mixin.py:190} INFO - [2024-09-19T18:30:31.650+0000] {dagbag.py:587} INFO - Filling up the DagBag from /home/airflow/.local/lib/python3.12/site-packages/airflow/example_dags/example_python_operator.py
[2024-09-19T18:30:31.658+0000] {processor.py:925} INFO - DAG(s) 'example_python_operator' retrieved from /home/airflow/.local/lib/python3.12/site-packages/airflow/example_dags/example_python_operator.py
[2024-09-19T18:30:31.670+0000] {logging_mixin.py:190} INFO - [2024-09-19T18:30:31.669+0000] {dag.py:3211} INFO - Sync 1 DAGs
[2024-09-19T18:30:31.676+0000] {logging_mixin.py:190} INFO - [2024-09-19T18:30:31.676+0000] {dag.py:4138} INFO - Setting next_dagrun for example_python_operator to None, run_after=None
[2024-09-19T18:30:31.685+0000] {processor.py:208} INFO - Processing /home/airflow/.local/lib/python3.12/site-packages/airflow/example_dags/example_python_operator.py took 0.041 seconds
[2024-09-19T18:31:02.254+0000] {processor.py:186} INFO - Started process (PID=1948) to work on /home/airflow/.local/lib/python3.12/site-packages/airflow/example_dags/example_python_operator.py
[2024-09-19T18:31:02.255+0000] {processor.py:914} INFO - Processing file /home/airflow/.local/lib/python3.12/site-packages/airflow/example_dags/example_python_operator.py for tasks to queue
[2024-09-19T18:31:02.256+0000] {logging_mixin.py:190} INFO - [2024-09-19T18:31:02.256+0000] {dagbag.py:587} INFO - Filling up the DagBag from /home/airflow/.local/lib/python3.12/site-packages/airflow/example_dags/example_python_operator.py
[2024-09-19T18:31:02.265+0000] {processor.py:925} INFO - DAG(s) 'example_python_operator' retrieved from /home/airflow/.local/lib/python3.12/site-packages/airflow/example_dags/example_python_operator.py
[2024-09-19T18:31:02.277+0000] {logging_mixin.py:190} INFO - [2024-09-19T18:31:02.277+0000] {dag.py:3211} INFO - Sync 1 DAGs
[2024-09-19T18:31:02.285+0000] {logging_mixin.py:190} INFO - [2024-09-19T18:31:02.285+0000] {dag.py:4138} INFO - Setting next_dagrun for example_python_operator to None, run_after=None
[2024-09-19T18:31:02.293+0000] {processor.py:208} INFO - Processing /home/airflow/.local/lib/python3.12/site-packages/airflow/example_dags/example_python_operator.py took 0.044 seconds
[2024-09-19T18:31:32.599+0000] {processor.py:186} INFO - Started process (PID=2009) to work on /home/airflow/.local/lib/python3.12/site-packages/airflow/example_dags/example_python_operator.py
[2024-09-19T18:31:32.600+0000] {processor.py:914} INFO - Processing file /home/airflow/.local/lib/python3.12/site-packages/airflow/example_dags/example_python_operator.py for tasks to queue
[2024-09-19T18:31:32.601+0000] {logging_mixin.py:190} INFO - [2024-09-19T18:31:32.601+0000] {dagbag.py:587} INFO - Filling up the DagBag from /home/airflow/.local/lib/python3.12/site-packages/airflow/example_dags/example_python_operator.py
[2024-09-19T18:31:32.610+0000] {processor.py:925} INFO - DAG(s) 'example_python_operator' retrieved from /home/airflow/.local/lib/python3.12/site-packages/airflow/example_dags/example_python_operator.py
[2024-09-19T18:31:32.629+0000] {logging_mixin.py:190} INFO - [2024-09-19T18:31:32.628+0000] {dag.py:3211} INFO - Sync 1 DAGs
[2024-09-19T18:31:32.635+0000] {logging_mixin.py:190} INFO - [2024-09-19T18:31:32.635+0000] {dag.py:4138} INFO - Setting next_dagrun for example_python_operator to None, run_after=None
[2024-09-19T18:31:32.642+0000] {processor.py:208} INFO - Processing /home/airflow/.local/lib/python3.12/site-packages/airflow/example_dags/example_python_operator.py took 0.048 seconds
[2024-09-19T18:32:03.842+0000] {processor.py:186} INFO - Started process (PID=2071) to work on /home/airflow/.local/lib/python3.12/site-packages/airflow/example_dags/example_python_operator.py
[2024-09-19T18:32:03.844+0000] {processor.py:914} INFO - Processing file /home/airflow/.local/lib/python3.12/site-packages/airflow/example_dags/example_python_operator.py for tasks to queue
[2024-09-19T18:32:03.846+0000] {logging_mixin.py:190} INFO - [2024-09-19T18:32:03.846+0000] {dagbag.py:587} INFO - Filling up the DagBag from /home/airflow/.local/lib/python3.12/site-packages/airflow/example_dags/example_python_operator.py
[2024-09-19T18:32:03.865+0000] {processor.py:925} INFO - DAG(s) 'example_python_operator' retrieved from /home/airflow/.local/lib/python3.12/site-packages/airflow/example_dags/example_python_operator.py
[2024-09-19T18:32:03.879+0000] {logging_mixin.py:190} INFO - [2024-09-19T18:32:03.879+0000] {dag.py:3211} INFO - Sync 1 DAGs
[2024-09-19T18:32:03.887+0000] {logging_mixin.py:190} INFO - [2024-09-19T18:32:03.887+0000] {dag.py:4138} INFO - Setting next_dagrun for example_python_operator to None, run_after=None
[2024-09-19T18:32:03.896+0000] {processor.py:208} INFO - Processing /home/airflow/.local/lib/python3.12/site-packages/airflow/example_dags/example_python_operator.py took 0.057 seconds
[2024-09-19T18:32:34.443+0000] {processor.py:186} INFO - Started process (PID=2133) to work on /home/airflow/.local/lib/python3.12/site-packages/airflow/example_dags/example_python_operator.py
[2024-09-19T18:32:34.445+0000] {processor.py:914} INFO - Processing file /home/airflow/.local/lib/python3.12/site-packages/airflow/example_dags/example_python_operator.py for tasks to queue
[2024-09-19T18:32:34.446+0000] {logging_mixin.py:190} INFO - [2024-09-19T18:32:34.446+0000] {dagbag.py:587} INFO - Filling up the DagBag from /home/airflow/.local/lib/python3.12/site-packages/airflow/example_dags/example_python_operator.py
[2024-09-19T18:32:34.453+0000] {processor.py:925} INFO - DAG(s) 'example_python_operator' retrieved from /home/airflow/.local/lib/python3.12/site-packages/airflow/example_dags/example_python_operator.py
[2024-09-19T18:32:34.470+0000] {logging_mixin.py:190} INFO - [2024-09-19T18:32:34.470+0000] {dag.py:3211} INFO - Sync 1 DAGs
[2024-09-19T18:32:34.494+0000] {logging_mixin.py:190} INFO - [2024-09-19T18:32:34.494+0000] {dag.py:4138} INFO - Setting next_dagrun for example_python_operator to None, run_after=None
[2024-09-19T18:32:34.515+0000] {processor.py:208} INFO - Processing /home/airflow/.local/lib/python3.12/site-packages/airflow/example_dags/example_python_operator.py took 0.076 seconds
[2024-09-19T18:33:05.014+0000] {processor.py:186} INFO - Started process (PID=2195) to work on /home/airflow/.local/lib/python3.12/site-packages/airflow/example_dags/example_python_operator.py
[2024-09-19T18:33:05.014+0000] {processor.py:914} INFO - Processing file /home/airflow/.local/lib/python3.12/site-packages/airflow/example_dags/example_python_operator.py for tasks to queue
[2024-09-19T18:33:05.015+0000] {logging_mixin.py:190} INFO - [2024-09-19T18:33:05.015+0000] {dagbag.py:587} INFO - Filling up the DagBag from /home/airflow/.local/lib/python3.12/site-packages/airflow/example_dags/example_python_operator.py
[2024-09-19T18:33:05.023+0000] {processor.py:925} INFO - DAG(s) 'example_python_operator' retrieved from /home/airflow/.local/lib/python3.12/site-packages/airflow/example_dags/example_python_operator.py
[2024-09-19T18:33:05.037+0000] {logging_mixin.py:190} INFO - [2024-09-19T18:33:05.037+0000] {dag.py:3211} INFO - Sync 1 DAGs
[2024-09-19T18:33:05.043+0000] {logging_mixin.py:190} INFO - [2024-09-19T18:33:05.042+0000] {dag.py:4138} INFO - Setting next_dagrun for example_python_operator to None, run_after=None
[2024-09-19T18:33:05.049+0000] {processor.py:208} INFO - Processing /home/airflow/.local/lib/python3.12/site-packages/airflow/example_dags/example_python_operator.py took 0.040 seconds
[2024-09-19T18:33:35.258+0000] {processor.py:186} INFO - Started process (PID=2257) to work on /home/airflow/.local/lib/python3.12/site-packages/airflow/example_dags/example_python_operator.py
[2024-09-19T18:33:35.259+0000] {processor.py:914} INFO - Processing file /home/airflow/.local/lib/python3.12/site-packages/airflow/example_dags/example_python_operator.py for tasks to queue
[2024-09-19T18:33:35.261+0000] {logging_mixin.py:190} INFO - [2024-09-19T18:33:35.261+0000] {dagbag.py:587} INFO - Filling up the DagBag from /home/airflow/.local/lib/python3.12/site-packages/airflow/example_dags/example_python_operator.py
[2024-09-19T18:33:35.268+0000] {processor.py:925} INFO - DAG(s) 'example_python_operator' retrieved from /home/airflow/.local/lib/python3.12/site-packages/airflow/example_dags/example_python_operator.py
[2024-09-19T18:33:35.287+0000] {logging_mixin.py:190} INFO - [2024-09-19T18:33:35.287+0000] {dag.py:3211} INFO - Sync 1 DAGs
[2024-09-19T18:33:35.296+0000] {logging_mixin.py:190} INFO - [2024-09-19T18:33:35.296+0000] {dag.py:4138} INFO - Setting next_dagrun for example_python_operator to None, run_after=None
[2024-09-19T18:33:35.308+0000] {processor.py:208} INFO - Processing /home/airflow/.local/lib/python3.12/site-packages/airflow/example_dags/example_python_operator.py took 0.053 seconds
[2024-09-19T18:34:05.357+0000] {processor.py:186} INFO - Started process (PID=2319) to work on /home/airflow/.local/lib/python3.12/site-packages/airflow/example_dags/example_python_operator.py
[2024-09-19T18:34:05.357+0000] {processor.py:914} INFO - Processing file /home/airflow/.local/lib/python3.12/site-packages/airflow/example_dags/example_python_operator.py for tasks to queue
[2024-09-19T18:34:05.358+0000] {logging_mixin.py:190} INFO - [2024-09-19T18:34:05.358+0000] {dagbag.py:587} INFO - Filling up the DagBag from /home/airflow/.local/lib/python3.12/site-packages/airflow/example_dags/example_python_operator.py
[2024-09-19T18:34:05.364+0000] {processor.py:925} INFO - DAG(s) 'example_python_operator' retrieved from /home/airflow/.local/lib/python3.12/site-packages/airflow/example_dags/example_python_operator.py
[2024-09-19T18:34:05.374+0000] {logging_mixin.py:190} INFO - [2024-09-19T18:34:05.374+0000] {dag.py:3211} INFO - Sync 1 DAGs
[2024-09-19T18:34:05.379+0000] {logging_mixin.py:190} INFO - [2024-09-19T18:34:05.379+0000] {dag.py:4138} INFO - Setting next_dagrun for example_python_operator to None, run_after=None
[2024-09-19T18:34:05.387+0000] {processor.py:208} INFO - Processing /home/airflow/.local/lib/python3.12/site-packages/airflow/example_dags/example_python_operator.py took 0.033 seconds
[2024-09-19T18:34:35.419+0000] {processor.py:186} INFO - Started process (PID=2380) to work on /home/airflow/.local/lib/python3.12/site-packages/airflow/example_dags/example_python_operator.py
[2024-09-19T18:34:35.421+0000] {processor.py:914} INFO - Processing file /home/airflow/.local/lib/python3.12/site-packages/airflow/example_dags/example_python_operator.py for tasks to queue
[2024-09-19T18:34:35.422+0000] {logging_mixin.py:190} INFO - [2024-09-19T18:34:35.422+0000] {dagbag.py:587} INFO - Filling up the DagBag from /home/airflow/.local/lib/python3.12/site-packages/airflow/example_dags/example_python_operator.py
[2024-09-19T18:34:35.431+0000] {processor.py:925} INFO - DAG(s) 'example_python_operator' retrieved from /home/airflow/.local/lib/python3.12/site-packages/airflow/example_dags/example_python_operator.py
[2024-09-19T18:34:35.445+0000] {logging_mixin.py:190} INFO - [2024-09-19T18:34:35.444+0000] {dag.py:3211} INFO - Sync 1 DAGs
[2024-09-19T18:34:35.450+0000] {logging_mixin.py:190} INFO - [2024-09-19T18:34:35.450+0000] {dag.py:4138} INFO - Setting next_dagrun for example_python_operator to None, run_after=None
[2024-09-19T18:34:35.458+0000] {processor.py:208} INFO - Processing /home/airflow/.local/lib/python3.12/site-packages/airflow/example_dags/example_python_operator.py took 0.041 seconds
[2024-09-19T18:35:06.607+0000] {processor.py:186} INFO - Started process (PID=2443) to work on /home/airflow/.local/lib/python3.12/site-packages/airflow/example_dags/example_python_operator.py
[2024-09-19T18:35:06.608+0000] {processor.py:914} INFO - Processing file /home/airflow/.local/lib/python3.12/site-packages/airflow/example_dags/example_python_operator.py for tasks to queue
[2024-09-19T18:35:06.610+0000] {logging_mixin.py:190} INFO - [2024-09-19T18:35:06.610+0000] {dagbag.py:587} INFO - Filling up the DagBag from /home/airflow/.local/lib/python3.12/site-packages/airflow/example_dags/example_python_operator.py
[2024-09-19T18:35:06.615+0000] {processor.py:925} INFO - DAG(s) 'example_python_operator' retrieved from /home/airflow/.local/lib/python3.12/site-packages/airflow/example_dags/example_python_operator.py
[2024-09-19T18:35:06.632+0000] {logging_mixin.py:190} INFO - [2024-09-19T18:35:06.632+0000] {dag.py:3211} INFO - Sync 1 DAGs
[2024-09-19T18:35:06.636+0000] {logging_mixin.py:190} INFO - [2024-09-19T18:35:06.636+0000] {dag.py:4138} INFO - Setting next_dagrun for example_python_operator to None, run_after=None
[2024-09-19T18:35:06.646+0000] {processor.py:208} INFO - Processing /home/airflow/.local/lib/python3.12/site-packages/airflow/example_dags/example_python_operator.py took 0.041 seconds
[2024-09-19T18:35:37.821+0000] {processor.py:186} INFO - Started process (PID=2505) to work on /home/airflow/.local/lib/python3.12/site-packages/airflow/example_dags/example_python_operator.py
[2024-09-19T18:35:37.823+0000] {processor.py:914} INFO - Processing file /home/airflow/.local/lib/python3.12/site-packages/airflow/example_dags/example_python_operator.py for tasks to queue
[2024-09-19T18:35:37.824+0000] {logging_mixin.py:190} INFO - [2024-09-19T18:35:37.824+0000] {dagbag.py:587} INFO - Filling up the DagBag from /home/airflow/.local/lib/python3.12/site-packages/airflow/example_dags/example_python_operator.py
[2024-09-19T18:35:37.831+0000] {processor.py:925} INFO - DAG(s) 'example_python_operator' retrieved from /home/airflow/.local/lib/python3.12/site-packages/airflow/example_dags/example_python_operator.py
[2024-09-19T18:35:37.841+0000] {logging_mixin.py:190} INFO - [2024-09-19T18:35:37.841+0000] {dag.py:3211} INFO - Sync 1 DAGs
[2024-09-19T18:35:37.847+0000] {logging_mixin.py:190} INFO - [2024-09-19T18:35:37.847+0000] {dag.py:4138} INFO - Setting next_dagrun for example_python_operator to None, run_after=None
[2024-09-19T18:35:37.858+0000] {processor.py:208} INFO - Processing /home/airflow/.local/lib/python3.12/site-packages/airflow/example_dags/example_python_operator.py took 0.039 seconds
[2024-09-19T18:36:08.229+0000] {processor.py:186} INFO - Started process (PID=2567) to work on /home/airflow/.local/lib/python3.12/site-packages/airflow/example_dags/example_python_operator.py
[2024-09-19T18:36:08.230+0000] {processor.py:914} INFO - Processing file /home/airflow/.local/lib/python3.12/site-packages/airflow/example_dags/example_python_operator.py for tasks to queue
[2024-09-19T18:36:08.231+0000] {logging_mixin.py:190} INFO - [2024-09-19T18:36:08.231+0000] {dagbag.py:587} INFO - Filling up the DagBag from /home/airflow/.local/lib/python3.12/site-packages/airflow/example_dags/example_python_operator.py
[2024-09-19T18:36:08.238+0000] {processor.py:925} INFO - DAG(s) 'example_python_operator' retrieved from /home/airflow/.local/lib/python3.12/site-packages/airflow/example_dags/example_python_operator.py
[2024-09-19T18:36:08.252+0000] {logging_mixin.py:190} INFO - [2024-09-19T18:36:08.252+0000] {dag.py:3211} INFO - Sync 1 DAGs
[2024-09-19T18:36:08.259+0000] {logging_mixin.py:190} INFO - [2024-09-19T18:36:08.259+0000] {dag.py:4138} INFO - Setting next_dagrun for example_python_operator to None, run_after=None
[2024-09-19T18:36:08.267+0000] {processor.py:208} INFO - Processing /home/airflow/.local/lib/python3.12/site-packages/airflow/example_dags/example_python_operator.py took 0.040 seconds
[2024-09-19T18:36:38.764+0000] {processor.py:186} INFO - Started process (PID=2629) to work on /home/airflow/.local/lib/python3.12/site-packages/airflow/example_dags/example_python_operator.py
[2024-09-19T18:36:38.769+0000] {processor.py:914} INFO - Processing file /home/airflow/.local/lib/python3.12/site-packages/airflow/example_dags/example_python_operator.py for tasks to queue
[2024-09-19T18:36:38.771+0000] {logging_mixin.py:190} INFO - [2024-09-19T18:36:38.771+0000] {dagbag.py:587} INFO - Filling up the DagBag from /home/airflow/.local/lib/python3.12/site-packages/airflow/example_dags/example_python_operator.py
[2024-09-19T18:36:38.780+0000] {processor.py:925} INFO - DAG(s) 'example_python_operator' retrieved from /home/airflow/.local/lib/python3.12/site-packages/airflow/example_dags/example_python_operator.py
[2024-09-19T18:36:38.796+0000] {logging_mixin.py:190} INFO - [2024-09-19T18:36:38.796+0000] {dag.py:3211} INFO - Sync 1 DAGs
[2024-09-19T18:36:38.802+0000] {logging_mixin.py:190} INFO - [2024-09-19T18:36:38.802+0000] {dag.py:4138} INFO - Setting next_dagrun for example_python_operator to None, run_after=None
[2024-09-19T18:36:38.809+0000] {processor.py:208} INFO - Processing /home/airflow/.local/lib/python3.12/site-packages/airflow/example_dags/example_python_operator.py took 0.049 seconds
[2024-09-19T18:37:09.962+0000] {processor.py:186} INFO - Started process (PID=2691) to work on /home/airflow/.local/lib/python3.12/site-packages/airflow/example_dags/example_python_operator.py
[2024-09-19T18:37:09.965+0000] {processor.py:914} INFO - Processing file /home/airflow/.local/lib/python3.12/site-packages/airflow/example_dags/example_python_operator.py for tasks to queue
[2024-09-19T18:37:09.966+0000] {logging_mixin.py:190} INFO - [2024-09-19T18:37:09.965+0000] {dagbag.py:587} INFO - Filling up the DagBag from /home/airflow/.local/lib/python3.12/site-packages/airflow/example_dags/example_python_operator.py
[2024-09-19T18:37:09.971+0000] {processor.py:925} INFO - DAG(s) 'example_python_operator' retrieved from /home/airflow/.local/lib/python3.12/site-packages/airflow/example_dags/example_python_operator.py
[2024-09-19T18:37:09.980+0000] {logging_mixin.py:190} INFO - [2024-09-19T18:37:09.980+0000] {dag.py:3211} INFO - Sync 1 DAGs
[2024-09-19T18:37:09.987+0000] {logging_mixin.py:190} INFO - [2024-09-19T18:37:09.987+0000] {dag.py:4138} INFO - Setting next_dagrun for example_python_operator to None, run_after=None
[2024-09-19T18:37:09.999+0000] {processor.py:208} INFO - Processing /home/airflow/.local/lib/python3.12/site-packages/airflow/example_dags/example_python_operator.py took 0.039 seconds
[2024-09-19T18:37:41.275+0000] {processor.py:186} INFO - Started process (PID=2759) to work on /home/airflow/.local/lib/python3.12/site-packages/airflow/example_dags/example_python_operator.py
[2024-09-19T18:37:41.275+0000] {processor.py:914} INFO - Processing file /home/airflow/.local/lib/python3.12/site-packages/airflow/example_dags/example_python_operator.py for tasks to queue
[2024-09-19T18:37:41.277+0000] {logging_mixin.py:190} INFO - [2024-09-19T18:37:41.277+0000] {dagbag.py:587} INFO - Filling up the DagBag from /home/airflow/.local/lib/python3.12/site-packages/airflow/example_dags/example_python_operator.py
[2024-09-19T18:37:41.283+0000] {processor.py:925} INFO - DAG(s) 'example_python_operator' retrieved from /home/airflow/.local/lib/python3.12/site-packages/airflow/example_dags/example_python_operator.py
[2024-09-19T18:37:41.294+0000] {logging_mixin.py:190} INFO - [2024-09-19T18:37:41.294+0000] {dag.py:3211} INFO - Sync 1 DAGs
[2024-09-19T18:37:41.301+0000] {logging_mixin.py:190} INFO - [2024-09-19T18:37:41.301+0000] {dag.py:4138} INFO - Setting next_dagrun for example_python_operator to None, run_after=None
[2024-09-19T18:37:41.316+0000] {processor.py:208} INFO - Processing /home/airflow/.local/lib/python3.12/site-packages/airflow/example_dags/example_python_operator.py took 0.044 seconds
[2024-09-19T18:38:12.562+0000] {processor.py:186} INFO - Started process (PID=2821) to work on /home/airflow/.local/lib/python3.12/site-packages/airflow/example_dags/example_python_operator.py
[2024-09-19T18:38:12.563+0000] {processor.py:914} INFO - Processing file /home/airflow/.local/lib/python3.12/site-packages/airflow/example_dags/example_python_operator.py for tasks to queue
[2024-09-19T18:38:12.565+0000] {logging_mixin.py:190} INFO - [2024-09-19T18:38:12.565+0000] {dagbag.py:587} INFO - Filling up the DagBag from /home/airflow/.local/lib/python3.12/site-packages/airflow/example_dags/example_python_operator.py
[2024-09-19T18:38:12.571+0000] {processor.py:925} INFO - DAG(s) 'example_python_operator' retrieved from /home/airflow/.local/lib/python3.12/site-packages/airflow/example_dags/example_python_operator.py
[2024-09-19T18:38:12.583+0000] {logging_mixin.py:190} INFO - [2024-09-19T18:38:12.582+0000] {dag.py:3211} INFO - Sync 1 DAGs
[2024-09-19T18:38:12.591+0000] {logging_mixin.py:190} INFO - [2024-09-19T18:38:12.591+0000] {dag.py:4138} INFO - Setting next_dagrun for example_python_operator to None, run_after=None
[2024-09-19T18:38:12.600+0000] {processor.py:208} INFO - Processing /home/airflow/.local/lib/python3.12/site-packages/airflow/example_dags/example_python_operator.py took 0.040 seconds
[2024-09-19T18:38:43.904+0000] {processor.py:186} INFO - Started process (PID=2883) to work on /home/airflow/.local/lib/python3.12/site-packages/airflow/example_dags/example_python_operator.py
[2024-09-19T18:38:43.906+0000] {processor.py:914} INFO - Processing file /home/airflow/.local/lib/python3.12/site-packages/airflow/example_dags/example_python_operator.py for tasks to queue
[2024-09-19T18:38:43.907+0000] {logging_mixin.py:190} INFO - [2024-09-19T18:38:43.907+0000] {dagbag.py:587} INFO - Filling up the DagBag from /home/airflow/.local/lib/python3.12/site-packages/airflow/example_dags/example_python_operator.py
[2024-09-19T18:38:43.913+0000] {processor.py:925} INFO - DAG(s) 'example_python_operator' retrieved from /home/airflow/.local/lib/python3.12/site-packages/airflow/example_dags/example_python_operator.py
[2024-09-19T18:38:43.922+0000] {logging_mixin.py:190} INFO - [2024-09-19T18:38:43.922+0000] {dag.py:3211} INFO - Sync 1 DAGs
[2024-09-19T18:38:43.927+0000] {logging_mixin.py:190} INFO - [2024-09-19T18:38:43.927+0000] {dag.py:4138} INFO - Setting next_dagrun for example_python_operator to None, run_after=None
[2024-09-19T18:38:43.933+0000] {processor.py:208} INFO - Processing /home/airflow/.local/lib/python3.12/site-packages/airflow/example_dags/example_python_operator.py took 0.031 seconds
[2024-09-19T18:39:14.924+0000] {processor.py:186} INFO - Started process (PID=2945) to work on /home/airflow/.local/lib/python3.12/site-packages/airflow/example_dags/example_python_operator.py
[2024-09-19T18:39:14.926+0000] {processor.py:914} INFO - Processing file /home/airflow/.local/lib/python3.12/site-packages/airflow/example_dags/example_python_operator.py for tasks to queue
[2024-09-19T18:39:14.927+0000] {logging_mixin.py:190} INFO - [2024-09-19T18:39:14.927+0000] {dagbag.py:587} INFO - Filling up the DagBag from /home/airflow/.local/lib/python3.12/site-packages/airflow/example_dags/example_python_operator.py
[2024-09-19T18:39:14.934+0000] {processor.py:925} INFO - DAG(s) 'example_python_operator' retrieved from /home/airflow/.local/lib/python3.12/site-packages/airflow/example_dags/example_python_operator.py
[2024-09-19T18:39:14.943+0000] {logging_mixin.py:190} INFO - [2024-09-19T18:39:14.943+0000] {dag.py:3211} INFO - Sync 1 DAGs
[2024-09-19T18:39:14.949+0000] {logging_mixin.py:190} INFO - [2024-09-19T18:39:14.949+0000] {dag.py:4138} INFO - Setting next_dagrun for example_python_operator to None, run_after=None
[2024-09-19T18:39:14.955+0000] {processor.py:208} INFO - Processing /home/airflow/.local/lib/python3.12/site-packages/airflow/example_dags/example_python_operator.py took 0.033 seconds
[2024-09-19T18:39:45.547+0000] {processor.py:186} INFO - Started process (PID=3007) to work on /home/airflow/.local/lib/python3.12/site-packages/airflow/example_dags/example_python_operator.py
[2024-09-19T18:39:45.548+0000] {processor.py:914} INFO - Processing file /home/airflow/.local/lib/python3.12/site-packages/airflow/example_dags/example_python_operator.py for tasks to queue
[2024-09-19T18:39:45.549+0000] {logging_mixin.py:190} INFO - [2024-09-19T18:39:45.549+0000] {dagbag.py:587} INFO - Filling up the DagBag from /home/airflow/.local/lib/python3.12/site-packages/airflow/example_dags/example_python_operator.py
[2024-09-19T18:39:45.554+0000] {processor.py:925} INFO - DAG(s) 'example_python_operator' retrieved from /home/airflow/.local/lib/python3.12/site-packages/airflow/example_dags/example_python_operator.py
[2024-09-19T18:39:45.563+0000] {logging_mixin.py:190} INFO - [2024-09-19T18:39:45.563+0000] {dag.py:3211} INFO - Sync 1 DAGs
[2024-09-19T18:39:45.569+0000] {logging_mixin.py:190} INFO - [2024-09-19T18:39:45.569+0000] {dag.py:4138} INFO - Setting next_dagrun for example_python_operator to None, run_after=None
[2024-09-19T18:39:45.575+0000] {processor.py:208} INFO - Processing /home/airflow/.local/lib/python3.12/site-packages/airflow/example_dags/example_python_operator.py took 0.031 seconds
[2024-09-19T18:40:16.685+0000] {processor.py:186} INFO - Started process (PID=3069) to work on /home/airflow/.local/lib/python3.12/site-packages/airflow/example_dags/example_python_operator.py
[2024-09-19T18:40:16.686+0000] {processor.py:914} INFO - Processing file /home/airflow/.local/lib/python3.12/site-packages/airflow/example_dags/example_python_operator.py for tasks to queue
[2024-09-19T18:40:16.687+0000] {logging_mixin.py:190} INFO - [2024-09-19T18:40:16.687+0000] {dagbag.py:587} INFO - Filling up the DagBag from /home/airflow/.local/lib/python3.12/site-packages/airflow/example_dags/example_python_operator.py
[2024-09-19T18:40:16.695+0000] {processor.py:925} INFO - DAG(s) 'example_python_operator' retrieved from /home/airflow/.local/lib/python3.12/site-packages/airflow/example_dags/example_python_operator.py
[2024-09-19T18:40:16.704+0000] {logging_mixin.py:190} INFO - [2024-09-19T18:40:16.704+0000] {dag.py:3211} INFO - Sync 1 DAGs
[2024-09-19T18:40:16.710+0000] {logging_mixin.py:190} INFO - [2024-09-19T18:40:16.710+0000] {dag.py:4138} INFO - Setting next_dagrun for example_python_operator to None, run_after=None
[2024-09-19T18:40:16.725+0000] {processor.py:208} INFO - Processing /home/airflow/.local/lib/python3.12/site-packages/airflow/example_dags/example_python_operator.py took 0.042 seconds
[2024-09-19T18:40:47.783+0000] {processor.py:186} INFO - Started process (PID=3131) to work on /home/airflow/.local/lib/python3.12/site-packages/airflow/example_dags/example_python_operator.py
[2024-09-19T18:40:47.786+0000] {processor.py:914} INFO - Processing file /home/airflow/.local/lib/python3.12/site-packages/airflow/example_dags/example_python_operator.py for tasks to queue
[2024-09-19T18:40:47.787+0000] {logging_mixin.py:190} INFO - [2024-09-19T18:40:47.787+0000] {dagbag.py:587} INFO - Filling up the DagBag from /home/airflow/.local/lib/python3.12/site-packages/airflow/example_dags/example_python_operator.py
[2024-09-19T18:40:47.794+0000] {processor.py:925} INFO - DAG(s) 'example_python_operator' retrieved from /home/airflow/.local/lib/python3.12/site-packages/airflow/example_dags/example_python_operator.py
[2024-09-19T18:40:47.810+0000] {logging_mixin.py:190} INFO - [2024-09-19T18:40:47.810+0000] {dag.py:3211} INFO - Sync 1 DAGs
[2024-09-19T18:40:47.817+0000] {logging_mixin.py:190} INFO - [2024-09-19T18:40:47.817+0000] {dag.py:4138} INFO - Setting next_dagrun for example_python_operator to None, run_after=None
[2024-09-19T18:40:47.832+0000] {processor.py:208} INFO - Processing /home/airflow/.local/lib/python3.12/site-packages/airflow/example_dags/example_python_operator.py took 0.052 seconds
[2024-09-19T18:41:19.091+0000] {processor.py:186} INFO - Started process (PID=3193) to work on /home/airflow/.local/lib/python3.12/site-packages/airflow/example_dags/example_python_operator.py
[2024-09-19T18:41:19.092+0000] {processor.py:914} INFO - Processing file /home/airflow/.local/lib/python3.12/site-packages/airflow/example_dags/example_python_operator.py for tasks to queue
[2024-09-19T18:41:19.093+0000] {logging_mixin.py:190} INFO - [2024-09-19T18:41:19.093+0000] {dagbag.py:587} INFO - Filling up the DagBag from /home/airflow/.local/lib/python3.12/site-packages/airflow/example_dags/example_python_operator.py
[2024-09-19T18:41:19.101+0000] {processor.py:925} INFO - DAG(s) 'example_python_operator' retrieved from /home/airflow/.local/lib/python3.12/site-packages/airflow/example_dags/example_python_operator.py
[2024-09-19T18:41:19.110+0000] {logging_mixin.py:190} INFO - [2024-09-19T18:41:19.110+0000] {dag.py:3211} INFO - Sync 1 DAGs
[2024-09-19T18:41:19.121+0000] {logging_mixin.py:190} INFO - [2024-09-19T18:41:19.121+0000] {dag.py:4138} INFO - Setting next_dagrun for example_python_operator to None, run_after=None
[2024-09-19T18:41:19.132+0000] {processor.py:208} INFO - Processing /home/airflow/.local/lib/python3.12/site-packages/airflow/example_dags/example_python_operator.py took 0.045 seconds
[2024-09-19T18:41:49.965+0000] {processor.py:186} INFO - Started process (PID=3255) to work on /home/airflow/.local/lib/python3.12/site-packages/airflow/example_dags/example_python_operator.py
[2024-09-19T18:41:49.966+0000] {processor.py:914} INFO - Processing file /home/airflow/.local/lib/python3.12/site-packages/airflow/example_dags/example_python_operator.py for tasks to queue
[2024-09-19T18:41:49.967+0000] {logging_mixin.py:190} INFO - [2024-09-19T18:41:49.967+0000] {dagbag.py:587} INFO - Filling up the DagBag from /home/airflow/.local/lib/python3.12/site-packages/airflow/example_dags/example_python_operator.py
[2024-09-19T18:41:49.973+0000] {processor.py:925} INFO - DAG(s) 'example_python_operator' retrieved from /home/airflow/.local/lib/python3.12/site-packages/airflow/example_dags/example_python_operator.py
[2024-09-19T18:41:49.984+0000] {logging_mixin.py:190} INFO - [2024-09-19T18:41:49.984+0000] {dag.py:3211} INFO - Sync 1 DAGs
[2024-09-19T18:41:49.990+0000] {logging_mixin.py:190} INFO - [2024-09-19T18:41:49.990+0000] {dag.py:4138} INFO - Setting next_dagrun for example_python_operator to None, run_after=None
[2024-09-19T18:41:49.997+0000] {processor.py:208} INFO - Processing /home/airflow/.local/lib/python3.12/site-packages/airflow/example_dags/example_python_operator.py took 0.035 seconds
[2024-09-19T18:42:21.261+0000] {processor.py:186} INFO - Started process (PID=3317) to work on /home/airflow/.local/lib/python3.12/site-packages/airflow/example_dags/example_python_operator.py
[2024-09-19T18:42:21.263+0000] {processor.py:914} INFO - Processing file /home/airflow/.local/lib/python3.12/site-packages/airflow/example_dags/example_python_operator.py for tasks to queue
[2024-09-19T18:42:21.264+0000] {logging_mixin.py:190} INFO - [2024-09-19T18:42:21.264+0000] {dagbag.py:587} INFO - Filling up the DagBag from /home/airflow/.local/lib/python3.12/site-packages/airflow/example_dags/example_python_operator.py
[2024-09-19T18:42:21.270+0000] {processor.py:925} INFO - DAG(s) 'example_python_operator' retrieved from /home/airflow/.local/lib/python3.12/site-packages/airflow/example_dags/example_python_operator.py
[2024-09-19T18:42:21.286+0000] {logging_mixin.py:190} INFO - [2024-09-19T18:42:21.285+0000] {dag.py:3211} INFO - Sync 1 DAGs
[2024-09-19T18:42:21.295+0000] {logging_mixin.py:190} INFO - [2024-09-19T18:42:21.295+0000] {dag.py:4138} INFO - Setting next_dagrun for example_python_operator to None, run_after=None
[2024-09-19T18:42:21.308+0000] {processor.py:208} INFO - Processing /home/airflow/.local/lib/python3.12/site-packages/airflow/example_dags/example_python_operator.py took 0.050 seconds
[2024-09-19T18:42:52.320+0000] {processor.py:186} INFO - Started process (PID=3379) to work on /home/airflow/.local/lib/python3.12/site-packages/airflow/example_dags/example_python_operator.py
[2024-09-19T18:42:52.322+0000] {processor.py:914} INFO - Processing file /home/airflow/.local/lib/python3.12/site-packages/airflow/example_dags/example_python_operator.py for tasks to queue
[2024-09-19T18:42:52.324+0000] {logging_mixin.py:190} INFO - [2024-09-19T18:42:52.324+0000] {dagbag.py:587} INFO - Filling up the DagBag from /home/airflow/.local/lib/python3.12/site-packages/airflow/example_dags/example_python_operator.py
[2024-09-19T18:42:52.332+0000] {processor.py:925} INFO - DAG(s) 'example_python_operator' retrieved from /home/airflow/.local/lib/python3.12/site-packages/airflow/example_dags/example_python_operator.py
[2024-09-19T18:42:52.344+0000] {logging_mixin.py:190} INFO - [2024-09-19T18:42:52.344+0000] {dag.py:3211} INFO - Sync 1 DAGs
[2024-09-19T18:42:52.354+0000] {logging_mixin.py:190} INFO - [2024-09-19T18:42:52.354+0000] {dag.py:4138} INFO - Setting next_dagrun for example_python_operator to None, run_after=None
[2024-09-19T18:42:52.363+0000] {processor.py:208} INFO - Processing /home/airflow/.local/lib/python3.12/site-packages/airflow/example_dags/example_python_operator.py took 0.047 seconds
[2024-09-19T18:43:23.545+0000] {processor.py:186} INFO - Started process (PID=3441) to work on /home/airflow/.local/lib/python3.12/site-packages/airflow/example_dags/example_python_operator.py
[2024-09-19T18:43:23.546+0000] {processor.py:914} INFO - Processing file /home/airflow/.local/lib/python3.12/site-packages/airflow/example_dags/example_python_operator.py for tasks to queue
[2024-09-19T18:43:23.548+0000] {logging_mixin.py:190} INFO - [2024-09-19T18:43:23.548+0000] {dagbag.py:587} INFO - Filling up the DagBag from /home/airflow/.local/lib/python3.12/site-packages/airflow/example_dags/example_python_operator.py
[2024-09-19T18:43:23.555+0000] {processor.py:925} INFO - DAG(s) 'example_python_operator' retrieved from /home/airflow/.local/lib/python3.12/site-packages/airflow/example_dags/example_python_operator.py
[2024-09-19T18:43:23.569+0000] {logging_mixin.py:190} INFO - [2024-09-19T18:43:23.569+0000] {dag.py:3211} INFO - Sync 1 DAGs
[2024-09-19T18:43:23.580+0000] {logging_mixin.py:190} INFO - [2024-09-19T18:43:23.580+0000] {dag.py:4138} INFO - Setting next_dagrun for example_python_operator to None, run_after=None
[2024-09-19T18:43:23.594+0000] {processor.py:208} INFO - Processing /home/airflow/.local/lib/python3.12/site-packages/airflow/example_dags/example_python_operator.py took 0.052 seconds
[2024-09-19T18:43:54.613+0000] {processor.py:186} INFO - Started process (PID=3503) to work on /home/airflow/.local/lib/python3.12/site-packages/airflow/example_dags/example_python_operator.py
[2024-09-19T18:43:54.616+0000] {processor.py:914} INFO - Processing file /home/airflow/.local/lib/python3.12/site-packages/airflow/example_dags/example_python_operator.py for tasks to queue
[2024-09-19T18:43:54.617+0000] {logging_mixin.py:190} INFO - [2024-09-19T18:43:54.617+0000] {dagbag.py:587} INFO - Filling up the DagBag from /home/airflow/.local/lib/python3.12/site-packages/airflow/example_dags/example_python_operator.py
[2024-09-19T18:43:54.627+0000] {processor.py:925} INFO - DAG(s) 'example_python_operator' retrieved from /home/airflow/.local/lib/python3.12/site-packages/airflow/example_dags/example_python_operator.py
[2024-09-19T18:43:54.642+0000] {logging_mixin.py:190} INFO - [2024-09-19T18:43:54.642+0000] {dag.py:3211} INFO - Sync 1 DAGs
[2024-09-19T18:43:54.649+0000] {logging_mixin.py:190} INFO - [2024-09-19T18:43:54.649+0000] {dag.py:4138} INFO - Setting next_dagrun for example_python_operator to None, run_after=None
[2024-09-19T18:43:54.666+0000] {processor.py:208} INFO - Processing /home/airflow/.local/lib/python3.12/site-packages/airflow/example_dags/example_python_operator.py took 0.056 seconds
[2024-09-19T18:44:25.130+0000] {processor.py:186} INFO - Started process (PID=3565) to work on /home/airflow/.local/lib/python3.12/site-packages/airflow/example_dags/example_python_operator.py
[2024-09-19T18:44:25.132+0000] {processor.py:914} INFO - Processing file /home/airflow/.local/lib/python3.12/site-packages/airflow/example_dags/example_python_operator.py for tasks to queue
[2024-09-19T18:44:25.134+0000] {logging_mixin.py:190} INFO - [2024-09-19T18:44:25.134+0000] {dagbag.py:587} INFO - Filling up the DagBag from /home/airflow/.local/lib/python3.12/site-packages/airflow/example_dags/example_python_operator.py
[2024-09-19T18:44:25.140+0000] {processor.py:925} INFO - DAG(s) 'example_python_operator' retrieved from /home/airflow/.local/lib/python3.12/site-packages/airflow/example_dags/example_python_operator.py
[2024-09-19T18:44:25.155+0000] {logging_mixin.py:190} INFO - [2024-09-19T18:44:25.154+0000] {dag.py:3211} INFO - Sync 1 DAGs
[2024-09-19T18:44:25.161+0000] {logging_mixin.py:190} INFO - [2024-09-19T18:44:25.161+0000] {dag.py:4138} INFO - Setting next_dagrun for example_python_operator to None, run_after=None
[2024-09-19T18:44:25.175+0000] {processor.py:208} INFO - Processing /home/airflow/.local/lib/python3.12/site-packages/airflow/example_dags/example_python_operator.py took 0.050 seconds
[2024-09-19T18:44:56.268+0000] {processor.py:186} INFO - Started process (PID=3627) to work on /home/airflow/.local/lib/python3.12/site-packages/airflow/example_dags/example_python_operator.py
[2024-09-19T18:44:56.270+0000] {processor.py:914} INFO - Processing file /home/airflow/.local/lib/python3.12/site-packages/airflow/example_dags/example_python_operator.py for tasks to queue
[2024-09-19T18:44:56.271+0000] {logging_mixin.py:190} INFO - [2024-09-19T18:44:56.271+0000] {dagbag.py:587} INFO - Filling up the DagBag from /home/airflow/.local/lib/python3.12/site-packages/airflow/example_dags/example_python_operator.py
[2024-09-19T18:44:56.278+0000] {processor.py:925} INFO - DAG(s) 'example_python_operator' retrieved from /home/airflow/.local/lib/python3.12/site-packages/airflow/example_dags/example_python_operator.py
[2024-09-19T18:44:56.287+0000] {logging_mixin.py:190} INFO - [2024-09-19T18:44:56.287+0000] {dag.py:3211} INFO - Sync 1 DAGs
[2024-09-19T18:44:56.293+0000] {logging_mixin.py:190} INFO - [2024-09-19T18:44:56.293+0000] {dag.py:4138} INFO - Setting next_dagrun for example_python_operator to None, run_after=None
[2024-09-19T18:44:56.301+0000] {processor.py:208} INFO - Processing /home/airflow/.local/lib/python3.12/site-packages/airflow/example_dags/example_python_operator.py took 0.037 seconds
[2024-09-19T18:45:28.018+0000] {processor.py:186} INFO - Started process (PID=3689) to work on /home/airflow/.local/lib/python3.12/site-packages/airflow/example_dags/example_python_operator.py
[2024-09-19T18:45:28.020+0000] {processor.py:914} INFO - Processing file /home/airflow/.local/lib/python3.12/site-packages/airflow/example_dags/example_python_operator.py for tasks to queue
[2024-09-19T18:45:28.021+0000] {logging_mixin.py:190} INFO - [2024-09-19T18:45:28.021+0000] {dagbag.py:587} INFO - Filling up the DagBag from /home/airflow/.local/lib/python3.12/site-packages/airflow/example_dags/example_python_operator.py
[2024-09-19T18:45:28.027+0000] {processor.py:925} INFO - DAG(s) 'example_python_operator' retrieved from /home/airflow/.local/lib/python3.12/site-packages/airflow/example_dags/example_python_operator.py
[2024-09-19T18:45:28.175+0000] {logging_mixin.py:190} INFO - [2024-09-19T18:45:28.174+0000] {dag.py:3211} INFO - Sync 1 DAGs
[2024-09-19T18:45:28.185+0000] {logging_mixin.py:190} INFO - [2024-09-19T18:45:28.185+0000] {dag.py:4138} INFO - Setting next_dagrun for example_python_operator to None, run_after=None
[2024-09-19T18:45:28.199+0000] {processor.py:208} INFO - Processing /home/airflow/.local/lib/python3.12/site-packages/airflow/example_dags/example_python_operator.py took 0.183 seconds
[2024-09-19T18:45:59.192+0000] {processor.py:186} INFO - Started process (PID=3751) to work on /home/airflow/.local/lib/python3.12/site-packages/airflow/example_dags/example_python_operator.py
[2024-09-19T18:45:59.197+0000] {processor.py:914} INFO - Processing file /home/airflow/.local/lib/python3.12/site-packages/airflow/example_dags/example_python_operator.py for tasks to queue
[2024-09-19T18:45:59.200+0000] {logging_mixin.py:190} INFO - [2024-09-19T18:45:59.200+0000] {dagbag.py:587} INFO - Filling up the DagBag from /home/airflow/.local/lib/python3.12/site-packages/airflow/example_dags/example_python_operator.py
[2024-09-19T18:45:59.213+0000] {processor.py:925} INFO - DAG(s) 'example_python_operator' retrieved from /home/airflow/.local/lib/python3.12/site-packages/airflow/example_dags/example_python_operator.py
[2024-09-19T18:45:59.225+0000] {logging_mixin.py:190} INFO - [2024-09-19T18:45:59.224+0000] {dag.py:3211} INFO - Sync 1 DAGs
[2024-09-19T18:45:59.232+0000] {logging_mixin.py:190} INFO - [2024-09-19T18:45:59.232+0000] {dag.py:4138} INFO - Setting next_dagrun for example_python_operator to None, run_after=None
[2024-09-19T18:45:59.240+0000] {processor.py:208} INFO - Processing /home/airflow/.local/lib/python3.12/site-packages/airflow/example_dags/example_python_operator.py took 0.058 seconds
[2024-09-19T18:46:29.770+0000] {processor.py:186} INFO - Started process (PID=3813) to work on /home/airflow/.local/lib/python3.12/site-packages/airflow/example_dags/example_python_operator.py
[2024-09-19T18:46:29.774+0000] {processor.py:914} INFO - Processing file /home/airflow/.local/lib/python3.12/site-packages/airflow/example_dags/example_python_operator.py for tasks to queue
[2024-09-19T18:46:29.777+0000] {logging_mixin.py:190} INFO - [2024-09-19T18:46:29.776+0000] {dagbag.py:587} INFO - Filling up the DagBag from /home/airflow/.local/lib/python3.12/site-packages/airflow/example_dags/example_python_operator.py
[2024-09-19T18:46:29.788+0000] {processor.py:925} INFO - DAG(s) 'example_python_operator' retrieved from /home/airflow/.local/lib/python3.12/site-packages/airflow/example_dags/example_python_operator.py
[2024-09-19T18:46:29.802+0000] {logging_mixin.py:190} INFO - [2024-09-19T18:46:29.802+0000] {dag.py:3211} INFO - Sync 1 DAGs
[2024-09-19T18:46:29.810+0000] {logging_mixin.py:190} INFO - [2024-09-19T18:46:29.810+0000] {dag.py:4138} INFO - Setting next_dagrun for example_python_operator to None, run_after=None
[2024-09-19T18:46:29.819+0000] {processor.py:208} INFO - Processing /home/airflow/.local/lib/python3.12/site-packages/airflow/example_dags/example_python_operator.py took 0.056 seconds
[2024-09-19T18:47:00.103+0000] {processor.py:186} INFO - Started process (PID=3875) to work on /home/airflow/.local/lib/python3.12/site-packages/airflow/example_dags/example_python_operator.py
[2024-09-19T18:47:00.105+0000] {processor.py:914} INFO - Processing file /home/airflow/.local/lib/python3.12/site-packages/airflow/example_dags/example_python_operator.py for tasks to queue
[2024-09-19T18:47:00.106+0000] {logging_mixin.py:190} INFO - [2024-09-19T18:47:00.106+0000] {dagbag.py:587} INFO - Filling up the DagBag from /home/airflow/.local/lib/python3.12/site-packages/airflow/example_dags/example_python_operator.py
[2024-09-19T18:47:00.112+0000] {processor.py:925} INFO - DAG(s) 'example_python_operator' retrieved from /home/airflow/.local/lib/python3.12/site-packages/airflow/example_dags/example_python_operator.py
[2024-09-19T18:47:00.122+0000] {logging_mixin.py:190} INFO - [2024-09-19T18:47:00.122+0000] {dag.py:3211} INFO - Sync 1 DAGs
[2024-09-19T18:47:00.128+0000] {logging_mixin.py:190} INFO - [2024-09-19T18:47:00.128+0000] {dag.py:4138} INFO - Setting next_dagrun for example_python_operator to None, run_after=None
[2024-09-19T18:47:00.135+0000] {processor.py:208} INFO - Processing /home/airflow/.local/lib/python3.12/site-packages/airflow/example_dags/example_python_operator.py took 0.035 seconds
[2024-09-19T18:47:30.875+0000] {processor.py:186} INFO - Started process (PID=3937) to work on /home/airflow/.local/lib/python3.12/site-packages/airflow/example_dags/example_python_operator.py
[2024-09-19T18:47:30.877+0000] {processor.py:914} INFO - Processing file /home/airflow/.local/lib/python3.12/site-packages/airflow/example_dags/example_python_operator.py for tasks to queue
[2024-09-19T18:47:30.878+0000] {logging_mixin.py:190} INFO - [2024-09-19T18:47:30.878+0000] {dagbag.py:587} INFO - Filling up the DagBag from /home/airflow/.local/lib/python3.12/site-packages/airflow/example_dags/example_python_operator.py
[2024-09-19T18:47:30.884+0000] {processor.py:925} INFO - DAG(s) 'example_python_operator' retrieved from /home/airflow/.local/lib/python3.12/site-packages/airflow/example_dags/example_python_operator.py
[2024-09-19T18:47:30.894+0000] {logging_mixin.py:190} INFO - [2024-09-19T18:47:30.894+0000] {dag.py:3211} INFO - Sync 1 DAGs
[2024-09-19T18:47:30.899+0000] {logging_mixin.py:190} INFO - [2024-09-19T18:47:30.899+0000] {dag.py:4138} INFO - Setting next_dagrun for example_python_operator to None, run_after=None
[2024-09-19T18:47:30.907+0000] {processor.py:208} INFO - Processing /home/airflow/.local/lib/python3.12/site-packages/airflow/example_dags/example_python_operator.py took 0.035 seconds
[2024-09-19T18:48:01.446+0000] {processor.py:186} INFO - Started process (PID=3999) to work on /home/airflow/.local/lib/python3.12/site-packages/airflow/example_dags/example_python_operator.py
[2024-09-19T18:48:01.448+0000] {processor.py:914} INFO - Processing file /home/airflow/.local/lib/python3.12/site-packages/airflow/example_dags/example_python_operator.py for tasks to queue
[2024-09-19T18:48:01.449+0000] {logging_mixin.py:190} INFO - [2024-09-19T18:48:01.449+0000] {dagbag.py:587} INFO - Filling up the DagBag from /home/airflow/.local/lib/python3.12/site-packages/airflow/example_dags/example_python_operator.py
[2024-09-19T18:48:01.460+0000] {processor.py:925} INFO - DAG(s) 'example_python_operator' retrieved from /home/airflow/.local/lib/python3.12/site-packages/airflow/example_dags/example_python_operator.py
[2024-09-19T18:48:01.478+0000] {logging_mixin.py:190} INFO - [2024-09-19T18:48:01.477+0000] {dag.py:3211} INFO - Sync 1 DAGs
[2024-09-19T18:48:01.484+0000] {logging_mixin.py:190} INFO - [2024-09-19T18:48:01.484+0000] {dag.py:4138} INFO - Setting next_dagrun for example_python_operator to None, run_after=None
[2024-09-19T18:48:01.492+0000] {processor.py:208} INFO - Processing /home/airflow/.local/lib/python3.12/site-packages/airflow/example_dags/example_python_operator.py took 0.049 seconds
[2024-09-19T18:48:32.472+0000] {processor.py:186} INFO - Started process (PID=4061) to work on /home/airflow/.local/lib/python3.12/site-packages/airflow/example_dags/example_python_operator.py
[2024-09-19T18:48:32.478+0000] {processor.py:914} INFO - Processing file /home/airflow/.local/lib/python3.12/site-packages/airflow/example_dags/example_python_operator.py for tasks to queue
[2024-09-19T18:48:32.490+0000] {logging_mixin.py:190} INFO - [2024-09-19T18:48:32.487+0000] {dagbag.py:587} INFO - Filling up the DagBag from /home/airflow/.local/lib/python3.12/site-packages/airflow/example_dags/example_python_operator.py
[2024-09-19T18:48:32.558+0000] {processor.py:925} INFO - DAG(s) 'example_python_operator' retrieved from /home/airflow/.local/lib/python3.12/site-packages/airflow/example_dags/example_python_operator.py
[2024-09-19T18:48:32.593+0000] {logging_mixin.py:190} INFO - [2024-09-19T18:48:32.593+0000] {dag.py:3211} INFO - Sync 1 DAGs
[2024-09-19T18:48:32.610+0000] {logging_mixin.py:190} INFO - [2024-09-19T18:48:32.610+0000] {dag.py:4138} INFO - Setting next_dagrun for example_python_operator to None, run_after=None
[2024-09-19T18:48:32.623+0000] {processor.py:208} INFO - Processing /home/airflow/.local/lib/python3.12/site-packages/airflow/example_dags/example_python_operator.py took 0.156 seconds
[2024-09-19T18:49:02.802+0000] {processor.py:186} INFO - Started process (PID=4123) to work on /home/airflow/.local/lib/python3.12/site-packages/airflow/example_dags/example_python_operator.py
[2024-09-19T18:49:02.803+0000] {processor.py:914} INFO - Processing file /home/airflow/.local/lib/python3.12/site-packages/airflow/example_dags/example_python_operator.py for tasks to queue
[2024-09-19T18:49:02.804+0000] {logging_mixin.py:190} INFO - [2024-09-19T18:49:02.804+0000] {dagbag.py:587} INFO - Filling up the DagBag from /home/airflow/.local/lib/python3.12/site-packages/airflow/example_dags/example_python_operator.py
[2024-09-19T18:49:02.812+0000] {processor.py:925} INFO - DAG(s) 'example_python_operator' retrieved from /home/airflow/.local/lib/python3.12/site-packages/airflow/example_dags/example_python_operator.py
[2024-09-19T18:49:02.823+0000] {logging_mixin.py:190} INFO - [2024-09-19T18:49:02.823+0000] {dag.py:3211} INFO - Sync 1 DAGs
[2024-09-19T18:49:02.829+0000] {logging_mixin.py:190} INFO - [2024-09-19T18:49:02.828+0000] {dag.py:4138} INFO - Setting next_dagrun for example_python_operator to None, run_after=None
[2024-09-19T18:49:02.836+0000] {processor.py:208} INFO - Processing /home/airflow/.local/lib/python3.12/site-packages/airflow/example_dags/example_python_operator.py took 0.037 seconds
[2024-09-19T18:49:33.601+0000] {processor.py:186} INFO - Started process (PID=4185) to work on /home/airflow/.local/lib/python3.12/site-packages/airflow/example_dags/example_python_operator.py
[2024-09-19T18:49:33.602+0000] {processor.py:914} INFO - Processing file /home/airflow/.local/lib/python3.12/site-packages/airflow/example_dags/example_python_operator.py for tasks to queue
[2024-09-19T18:49:33.604+0000] {logging_mixin.py:190} INFO - [2024-09-19T18:49:33.603+0000] {dagbag.py:587} INFO - Filling up the DagBag from /home/airflow/.local/lib/python3.12/site-packages/airflow/example_dags/example_python_operator.py
[2024-09-19T18:49:33.611+0000] {processor.py:925} INFO - DAG(s) 'example_python_operator' retrieved from /home/airflow/.local/lib/python3.12/site-packages/airflow/example_dags/example_python_operator.py
[2024-09-19T18:49:33.622+0000] {logging_mixin.py:190} INFO - [2024-09-19T18:49:33.622+0000] {dag.py:3211} INFO - Sync 1 DAGs
[2024-09-19T18:49:33.628+0000] {logging_mixin.py:190} INFO - [2024-09-19T18:49:33.628+0000] {dag.py:4138} INFO - Setting next_dagrun for example_python_operator to None, run_after=None
[2024-09-19T18:49:33.635+0000] {processor.py:208} INFO - Processing /home/airflow/.local/lib/python3.12/site-packages/airflow/example_dags/example_python_operator.py took 0.037 seconds
[2024-09-19T18:50:04.419+0000] {processor.py:186} INFO - Started process (PID=4247) to work on /home/airflow/.local/lib/python3.12/site-packages/airflow/example_dags/example_python_operator.py
[2024-09-19T18:50:04.420+0000] {processor.py:914} INFO - Processing file /home/airflow/.local/lib/python3.12/site-packages/airflow/example_dags/example_python_operator.py for tasks to queue
[2024-09-19T18:50:04.420+0000] {logging_mixin.py:190} INFO - [2024-09-19T18:50:04.420+0000] {dagbag.py:587} INFO - Filling up the DagBag from /home/airflow/.local/lib/python3.12/site-packages/airflow/example_dags/example_python_operator.py
[2024-09-19T18:50:04.426+0000] {processor.py:925} INFO - DAG(s) 'example_python_operator' retrieved from /home/airflow/.local/lib/python3.12/site-packages/airflow/example_dags/example_python_operator.py
[2024-09-19T18:50:04.435+0000] {logging_mixin.py:190} INFO - [2024-09-19T18:50:04.435+0000] {dag.py:3211} INFO - Sync 1 DAGs
[2024-09-19T18:50:04.440+0000] {logging_mixin.py:190} INFO - [2024-09-19T18:50:04.440+0000] {dag.py:4138} INFO - Setting next_dagrun for example_python_operator to None, run_after=None
[2024-09-19T18:50:04.447+0000] {processor.py:208} INFO - Processing /home/airflow/.local/lib/python3.12/site-packages/airflow/example_dags/example_python_operator.py took 0.031 seconds
[2024-09-19T18:50:34.912+0000] {processor.py:186} INFO - Started process (PID=4309) to work on /home/airflow/.local/lib/python3.12/site-packages/airflow/example_dags/example_python_operator.py
[2024-09-19T18:50:34.913+0000] {processor.py:914} INFO - Processing file /home/airflow/.local/lib/python3.12/site-packages/airflow/example_dags/example_python_operator.py for tasks to queue
[2024-09-19T18:50:34.915+0000] {logging_mixin.py:190} INFO - [2024-09-19T18:50:34.914+0000] {dagbag.py:587} INFO - Filling up the DagBag from /home/airflow/.local/lib/python3.12/site-packages/airflow/example_dags/example_python_operator.py
[2024-09-19T18:50:34.921+0000] {processor.py:925} INFO - DAG(s) 'example_python_operator' retrieved from /home/airflow/.local/lib/python3.12/site-packages/airflow/example_dags/example_python_operator.py
[2024-09-19T18:50:34.934+0000] {logging_mixin.py:190} INFO - [2024-09-19T18:50:34.934+0000] {dag.py:3211} INFO - Sync 1 DAGs
[2024-09-19T18:50:34.940+0000] {logging_mixin.py:190} INFO - [2024-09-19T18:50:34.940+0000] {dag.py:4138} INFO - Setting next_dagrun for example_python_operator to None, run_after=None
[2024-09-19T18:50:34.947+0000] {processor.py:208} INFO - Processing /home/airflow/.local/lib/python3.12/site-packages/airflow/example_dags/example_python_operator.py took 0.038 seconds
[2024-09-19T18:51:05.625+0000] {processor.py:186} INFO - Started process (PID=4371) to work on /home/airflow/.local/lib/python3.12/site-packages/airflow/example_dags/example_python_operator.py
[2024-09-19T18:51:05.626+0000] {processor.py:914} INFO - Processing file /home/airflow/.local/lib/python3.12/site-packages/airflow/example_dags/example_python_operator.py for tasks to queue
[2024-09-19T18:51:05.627+0000] {logging_mixin.py:190} INFO - [2024-09-19T18:51:05.627+0000] {dagbag.py:587} INFO - Filling up the DagBag from /home/airflow/.local/lib/python3.12/site-packages/airflow/example_dags/example_python_operator.py
[2024-09-19T18:51:05.633+0000] {processor.py:925} INFO - DAG(s) 'example_python_operator' retrieved from /home/airflow/.local/lib/python3.12/site-packages/airflow/example_dags/example_python_operator.py
[2024-09-19T18:51:05.641+0000] {logging_mixin.py:190} INFO - [2024-09-19T18:51:05.641+0000] {dag.py:3211} INFO - Sync 1 DAGs
[2024-09-19T18:51:05.646+0000] {logging_mixin.py:190} INFO - [2024-09-19T18:51:05.646+0000] {dag.py:4138} INFO - Setting next_dagrun for example_python_operator to None, run_after=None
[2024-09-19T18:51:05.653+0000] {processor.py:208} INFO - Processing /home/airflow/.local/lib/python3.12/site-packages/airflow/example_dags/example_python_operator.py took 0.031 seconds
[2024-09-19T18:51:36.082+0000] {processor.py:186} INFO - Started process (PID=4433) to work on /home/airflow/.local/lib/python3.12/site-packages/airflow/example_dags/example_python_operator.py
[2024-09-19T18:51:36.085+0000] {processor.py:914} INFO - Processing file /home/airflow/.local/lib/python3.12/site-packages/airflow/example_dags/example_python_operator.py for tasks to queue
[2024-09-19T18:51:36.087+0000] {logging_mixin.py:190} INFO - [2024-09-19T18:51:36.087+0000] {dagbag.py:587} INFO - Filling up the DagBag from /home/airflow/.local/lib/python3.12/site-packages/airflow/example_dags/example_python_operator.py
[2024-09-19T18:51:36.095+0000] {processor.py:925} INFO - DAG(s) 'example_python_operator' retrieved from /home/airflow/.local/lib/python3.12/site-packages/airflow/example_dags/example_python_operator.py
[2024-09-19T18:51:36.106+0000] {logging_mixin.py:190} INFO - [2024-09-19T18:51:36.106+0000] {dag.py:3211} INFO - Sync 1 DAGs
[2024-09-19T18:51:36.112+0000] {logging_mixin.py:190} INFO - [2024-09-19T18:51:36.112+0000] {dag.py:4138} INFO - Setting next_dagrun for example_python_operator to None, run_after=None
[2024-09-19T18:51:36.119+0000] {processor.py:208} INFO - Processing /home/airflow/.local/lib/python3.12/site-packages/airflow/example_dags/example_python_operator.py took 0.039 seconds
