[2024-09-19T18:15:37.215+0000] {processor.py:186} INFO - Started process (PID=62) to work on /home/airflow/.local/lib/python3.12/site-packages/airflow/example_dags/example_bash_decorator.py
[2024-09-19T18:15:37.215+0000] {processor.py:914} INFO - Processing file /home/airflow/.local/lib/python3.12/site-packages/airflow/example_dags/example_bash_decorator.py for tasks to queue
[2024-09-19T18:15:37.219+0000] {logging_mixin.py:190} INFO - [2024-09-19T18:15:37.219+0000] {dagbag.py:587} INFO - Filling up the DagBag from /home/airflow/.local/lib/python3.12/site-packages/airflow/example_dags/example_bash_decorator.py
[2024-09-19T18:15:37.255+0000] {processor.py:925} INFO - DAG(s) 'example_bash_decorator' retrieved from /home/airflow/.local/lib/python3.12/site-packages/airflow/example_dags/example_bash_decorator.py
[2024-09-19T18:15:37.608+0000] {logging_mixin.py:190} INFO - [2024-09-19T18:15:37.607+0000] {dag.py:3211} INFO - Sync 1 DAGs
[2024-09-19T18:15:37.640+0000] {logging_mixin.py:190} INFO - [2024-09-19T18:15:37.639+0000] {dag.py:4138} INFO - Setting next_dagrun for example_bash_decorator to None, run_after=None
[2024-09-19T18:15:37.691+0000] {processor.py:208} INFO - Processing /home/airflow/.local/lib/python3.12/site-packages/airflow/example_dags/example_bash_decorator.py took 0.480 seconds
[2024-09-19T18:16:08.033+0000] {processor.py:186} INFO - Started process (PID=128) to work on /home/airflow/.local/lib/python3.12/site-packages/airflow/example_dags/example_bash_decorator.py
[2024-09-19T18:16:08.037+0000] {processor.py:914} INFO - Processing file /home/airflow/.local/lib/python3.12/site-packages/airflow/example_dags/example_bash_decorator.py for tasks to queue
[2024-09-19T18:16:08.042+0000] {logging_mixin.py:190} INFO - [2024-09-19T18:16:08.041+0000] {dagbag.py:587} INFO - Filling up the DagBag from /home/airflow/.local/lib/python3.12/site-packages/airflow/example_dags/example_bash_decorator.py
[2024-09-19T18:16:08.058+0000] {processor.py:925} INFO - DAG(s) 'example_bash_decorator' retrieved from /home/airflow/.local/lib/python3.12/site-packages/airflow/example_dags/example_bash_decorator.py
[2024-09-19T18:16:08.086+0000] {logging_mixin.py:190} INFO - [2024-09-19T18:16:08.086+0000] {dag.py:3211} INFO - Sync 1 DAGs
[2024-09-19T18:16:08.102+0000] {logging_mixin.py:190} INFO - [2024-09-19T18:16:08.102+0000] {dag.py:4138} INFO - Setting next_dagrun for example_bash_decorator to None, run_after=None
[2024-09-19T18:16:08.120+0000] {processor.py:208} INFO - Processing /home/airflow/.local/lib/python3.12/site-packages/airflow/example_dags/example_bash_decorator.py took 0.100 seconds
[2024-09-19T18:16:38.570+0000] {processor.py:186} INFO - Started process (PID=191) to work on /home/airflow/.local/lib/python3.12/site-packages/airflow/example_dags/example_bash_decorator.py
[2024-09-19T18:16:38.571+0000] {processor.py:914} INFO - Processing file /home/airflow/.local/lib/python3.12/site-packages/airflow/example_dags/example_bash_decorator.py for tasks to queue
[2024-09-19T18:16:38.572+0000] {logging_mixin.py:190} INFO - [2024-09-19T18:16:38.572+0000] {dagbag.py:587} INFO - Filling up the DagBag from /home/airflow/.local/lib/python3.12/site-packages/airflow/example_dags/example_bash_decorator.py
[2024-09-19T18:16:38.587+0000] {processor.py:925} INFO - DAG(s) 'example_bash_decorator' retrieved from /home/airflow/.local/lib/python3.12/site-packages/airflow/example_dags/example_bash_decorator.py
[2024-09-19T18:16:38.611+0000] {logging_mixin.py:190} INFO - [2024-09-19T18:16:38.610+0000] {dag.py:3211} INFO - Sync 1 DAGs
[2024-09-19T18:16:38.621+0000] {logging_mixin.py:190} INFO - [2024-09-19T18:16:38.621+0000] {dag.py:4138} INFO - Setting next_dagrun for example_bash_decorator to None, run_after=None
[2024-09-19T18:16:38.639+0000] {processor.py:208} INFO - Processing /home/airflow/.local/lib/python3.12/site-packages/airflow/example_dags/example_bash_decorator.py took 0.072 seconds
[2024-09-19T18:17:08.813+0000] {processor.py:186} INFO - Started process (PID=253) to work on /home/airflow/.local/lib/python3.12/site-packages/airflow/example_dags/example_bash_decorator.py
[2024-09-19T18:17:08.814+0000] {processor.py:914} INFO - Processing file /home/airflow/.local/lib/python3.12/site-packages/airflow/example_dags/example_bash_decorator.py for tasks to queue
[2024-09-19T18:17:08.815+0000] {logging_mixin.py:190} INFO - [2024-09-19T18:17:08.815+0000] {dagbag.py:587} INFO - Filling up the DagBag from /home/airflow/.local/lib/python3.12/site-packages/airflow/example_dags/example_bash_decorator.py
[2024-09-19T18:17:08.825+0000] {processor.py:925} INFO - DAG(s) 'example_bash_decorator' retrieved from /home/airflow/.local/lib/python3.12/site-packages/airflow/example_dags/example_bash_decorator.py
[2024-09-19T18:17:08.840+0000] {logging_mixin.py:190} INFO - [2024-09-19T18:17:08.840+0000] {dag.py:3211} INFO - Sync 1 DAGs
[2024-09-19T18:17:08.859+0000] {logging_mixin.py:190} INFO - [2024-09-19T18:17:08.859+0000] {dag.py:4138} INFO - Setting next_dagrun for example_bash_decorator to None, run_after=None
[2024-09-19T18:17:08.868+0000] {processor.py:208} INFO - Processing /home/airflow/.local/lib/python3.12/site-packages/airflow/example_dags/example_bash_decorator.py took 0.059 seconds
[2024-09-19T18:17:38.925+0000] {processor.py:186} INFO - Started process (PID=314) to work on /home/airflow/.local/lib/python3.12/site-packages/airflow/example_dags/example_bash_decorator.py
[2024-09-19T18:17:38.929+0000] {processor.py:914} INFO - Processing file /home/airflow/.local/lib/python3.12/site-packages/airflow/example_dags/example_bash_decorator.py for tasks to queue
[2024-09-19T18:17:38.939+0000] {logging_mixin.py:190} INFO - [2024-09-19T18:17:38.939+0000] {dagbag.py:587} INFO - Filling up the DagBag from /home/airflow/.local/lib/python3.12/site-packages/airflow/example_dags/example_bash_decorator.py
[2024-09-19T18:17:38.962+0000] {processor.py:925} INFO - DAG(s) 'example_bash_decorator' retrieved from /home/airflow/.local/lib/python3.12/site-packages/airflow/example_dags/example_bash_decorator.py
[2024-09-19T18:17:38.981+0000] {logging_mixin.py:190} INFO - [2024-09-19T18:17:38.981+0000] {dag.py:3211} INFO - Sync 1 DAGs
[2024-09-19T18:17:38.999+0000] {logging_mixin.py:190} INFO - [2024-09-19T18:17:38.999+0000] {dag.py:4138} INFO - Setting next_dagrun for example_bash_decorator to None, run_after=None
[2024-09-19T18:17:39.014+0000] {processor.py:208} INFO - Processing /home/airflow/.local/lib/python3.12/site-packages/airflow/example_dags/example_bash_decorator.py took 0.094 seconds
[2024-09-19T18:18:09.034+0000] {processor.py:186} INFO - Started process (PID=375) to work on /home/airflow/.local/lib/python3.12/site-packages/airflow/example_dags/example_bash_decorator.py
[2024-09-19T18:18:09.035+0000] {processor.py:914} INFO - Processing file /home/airflow/.local/lib/python3.12/site-packages/airflow/example_dags/example_bash_decorator.py for tasks to queue
[2024-09-19T18:18:09.036+0000] {logging_mixin.py:190} INFO - [2024-09-19T18:18:09.036+0000] {dagbag.py:587} INFO - Filling up the DagBag from /home/airflow/.local/lib/python3.12/site-packages/airflow/example_dags/example_bash_decorator.py
[2024-09-19T18:18:09.043+0000] {processor.py:925} INFO - DAG(s) 'example_bash_decorator' retrieved from /home/airflow/.local/lib/python3.12/site-packages/airflow/example_dags/example_bash_decorator.py
[2024-09-19T18:18:09.054+0000] {logging_mixin.py:190} INFO - [2024-09-19T18:18:09.054+0000] {dag.py:3211} INFO - Sync 1 DAGs
[2024-09-19T18:18:09.061+0000] {logging_mixin.py:190} INFO - [2024-09-19T18:18:09.061+0000] {dag.py:4138} INFO - Setting next_dagrun for example_bash_decorator to None, run_after=None
[2024-09-19T18:18:09.068+0000] {processor.py:208} INFO - Processing /home/airflow/.local/lib/python3.12/site-packages/airflow/example_dags/example_bash_decorator.py took 0.038 seconds
[2024-09-19T18:18:39.100+0000] {processor.py:186} INFO - Started process (PID=437) to work on /home/airflow/.local/lib/python3.12/site-packages/airflow/example_dags/example_bash_decorator.py
[2024-09-19T18:18:39.101+0000] {processor.py:914} INFO - Processing file /home/airflow/.local/lib/python3.12/site-packages/airflow/example_dags/example_bash_decorator.py for tasks to queue
[2024-09-19T18:18:39.102+0000] {logging_mixin.py:190} INFO - [2024-09-19T18:18:39.102+0000] {dagbag.py:587} INFO - Filling up the DagBag from /home/airflow/.local/lib/python3.12/site-packages/airflow/example_dags/example_bash_decorator.py
[2024-09-19T18:18:39.109+0000] {processor.py:925} INFO - DAG(s) 'example_bash_decorator' retrieved from /home/airflow/.local/lib/python3.12/site-packages/airflow/example_dags/example_bash_decorator.py
[2024-09-19T18:18:39.119+0000] {logging_mixin.py:190} INFO - [2024-09-19T18:18:39.119+0000] {dag.py:3211} INFO - Sync 1 DAGs
[2024-09-19T18:18:39.125+0000] {logging_mixin.py:190} INFO - [2024-09-19T18:18:39.125+0000] {dag.py:4138} INFO - Setting next_dagrun for example_bash_decorator to None, run_after=None
[2024-09-19T18:18:39.131+0000] {processor.py:208} INFO - Processing /home/airflow/.local/lib/python3.12/site-packages/airflow/example_dags/example_bash_decorator.py took 0.034 seconds
[2024-09-19T18:19:10.245+0000] {processor.py:186} INFO - Started process (PID=500) to work on /home/airflow/.local/lib/python3.12/site-packages/airflow/example_dags/example_bash_decorator.py
[2024-09-19T18:19:10.246+0000] {processor.py:914} INFO - Processing file /home/airflow/.local/lib/python3.12/site-packages/airflow/example_dags/example_bash_decorator.py for tasks to queue
[2024-09-19T18:19:10.247+0000] {logging_mixin.py:190} INFO - [2024-09-19T18:19:10.247+0000] {dagbag.py:587} INFO - Filling up the DagBag from /home/airflow/.local/lib/python3.12/site-packages/airflow/example_dags/example_bash_decorator.py
[2024-09-19T18:19:10.254+0000] {processor.py:925} INFO - DAG(s) 'example_bash_decorator' retrieved from /home/airflow/.local/lib/python3.12/site-packages/airflow/example_dags/example_bash_decorator.py
[2024-09-19T18:19:10.266+0000] {logging_mixin.py:190} INFO - [2024-09-19T18:19:10.265+0000] {dag.py:3211} INFO - Sync 1 DAGs
[2024-09-19T18:19:10.272+0000] {logging_mixin.py:190} INFO - [2024-09-19T18:19:10.272+0000] {dag.py:4138} INFO - Setting next_dagrun for example_bash_decorator to None, run_after=None
[2024-09-19T18:19:10.280+0000] {processor.py:208} INFO - Processing /home/airflow/.local/lib/python3.12/site-packages/airflow/example_dags/example_bash_decorator.py took 0.038 seconds
[2024-09-19T18:19:41.185+0000] {processor.py:186} INFO - Started process (PID=562) to work on /home/airflow/.local/lib/python3.12/site-packages/airflow/example_dags/example_bash_decorator.py
[2024-09-19T18:19:41.186+0000] {processor.py:914} INFO - Processing file /home/airflow/.local/lib/python3.12/site-packages/airflow/example_dags/example_bash_decorator.py for tasks to queue
[2024-09-19T18:19:41.187+0000] {logging_mixin.py:190} INFO - [2024-09-19T18:19:41.187+0000] {dagbag.py:587} INFO - Filling up the DagBag from /home/airflow/.local/lib/python3.12/site-packages/airflow/example_dags/example_bash_decorator.py
[2024-09-19T18:19:41.192+0000] {processor.py:925} INFO - DAG(s) 'example_bash_decorator' retrieved from /home/airflow/.local/lib/python3.12/site-packages/airflow/example_dags/example_bash_decorator.py
[2024-09-19T18:19:41.202+0000] {logging_mixin.py:190} INFO - [2024-09-19T18:19:41.202+0000] {dag.py:3211} INFO - Sync 1 DAGs
[2024-09-19T18:19:41.207+0000] {logging_mixin.py:190} INFO - [2024-09-19T18:19:41.207+0000] {dag.py:4138} INFO - Setting next_dagrun for example_bash_decorator to None, run_after=None
[2024-09-19T18:19:41.213+0000] {processor.py:208} INFO - Processing /home/airflow/.local/lib/python3.12/site-packages/airflow/example_dags/example_bash_decorator.py took 0.030 seconds
[2024-09-19T18:20:12.117+0000] {processor.py:186} INFO - Started process (PID=624) to work on /home/airflow/.local/lib/python3.12/site-packages/airflow/example_dags/example_bash_decorator.py
[2024-09-19T18:20:12.117+0000] {processor.py:914} INFO - Processing file /home/airflow/.local/lib/python3.12/site-packages/airflow/example_dags/example_bash_decorator.py for tasks to queue
[2024-09-19T18:20:12.118+0000] {logging_mixin.py:190} INFO - [2024-09-19T18:20:12.118+0000] {dagbag.py:587} INFO - Filling up the DagBag from /home/airflow/.local/lib/python3.12/site-packages/airflow/example_dags/example_bash_decorator.py
[2024-09-19T18:20:12.126+0000] {processor.py:925} INFO - DAG(s) 'example_bash_decorator' retrieved from /home/airflow/.local/lib/python3.12/site-packages/airflow/example_dags/example_bash_decorator.py
[2024-09-19T18:20:12.137+0000] {logging_mixin.py:190} INFO - [2024-09-19T18:20:12.137+0000] {dag.py:3211} INFO - Sync 1 DAGs
[2024-09-19T18:20:12.142+0000] {logging_mixin.py:190} INFO - [2024-09-19T18:20:12.142+0000] {dag.py:4138} INFO - Setting next_dagrun for example_bash_decorator to None, run_after=None
[2024-09-19T18:20:12.148+0000] {processor.py:208} INFO - Processing /home/airflow/.local/lib/python3.12/site-packages/airflow/example_dags/example_bash_decorator.py took 0.034 seconds
[2024-09-19T18:20:42.791+0000] {processor.py:186} INFO - Started process (PID=686) to work on /home/airflow/.local/lib/python3.12/site-packages/airflow/example_dags/example_bash_decorator.py
[2024-09-19T18:20:42.792+0000] {processor.py:914} INFO - Processing file /home/airflow/.local/lib/python3.12/site-packages/airflow/example_dags/example_bash_decorator.py for tasks to queue
[2024-09-19T18:20:42.793+0000] {logging_mixin.py:190} INFO - [2024-09-19T18:20:42.792+0000] {dagbag.py:587} INFO - Filling up the DagBag from /home/airflow/.local/lib/python3.12/site-packages/airflow/example_dags/example_bash_decorator.py
[2024-09-19T18:20:42.799+0000] {processor.py:925} INFO - DAG(s) 'example_bash_decorator' retrieved from /home/airflow/.local/lib/python3.12/site-packages/airflow/example_dags/example_bash_decorator.py
[2024-09-19T18:20:42.809+0000] {logging_mixin.py:190} INFO - [2024-09-19T18:20:42.809+0000] {dag.py:3211} INFO - Sync 1 DAGs
[2024-09-19T18:20:42.815+0000] {logging_mixin.py:190} INFO - [2024-09-19T18:20:42.815+0000] {dag.py:4138} INFO - Setting next_dagrun for example_bash_decorator to None, run_after=None
[2024-09-19T18:20:42.822+0000] {processor.py:208} INFO - Processing /home/airflow/.local/lib/python3.12/site-packages/airflow/example_dags/example_bash_decorator.py took 0.034 seconds
[2024-09-19T18:21:13.888+0000] {processor.py:186} INFO - Started process (PID=748) to work on /home/airflow/.local/lib/python3.12/site-packages/airflow/example_dags/example_bash_decorator.py
[2024-09-19T18:21:13.888+0000] {processor.py:914} INFO - Processing file /home/airflow/.local/lib/python3.12/site-packages/airflow/example_dags/example_bash_decorator.py for tasks to queue
[2024-09-19T18:21:13.889+0000] {logging_mixin.py:190} INFO - [2024-09-19T18:21:13.889+0000] {dagbag.py:587} INFO - Filling up the DagBag from /home/airflow/.local/lib/python3.12/site-packages/airflow/example_dags/example_bash_decorator.py
[2024-09-19T18:21:13.896+0000] {processor.py:925} INFO - DAG(s) 'example_bash_decorator' retrieved from /home/airflow/.local/lib/python3.12/site-packages/airflow/example_dags/example_bash_decorator.py
[2024-09-19T18:21:13.906+0000] {logging_mixin.py:190} INFO - [2024-09-19T18:21:13.906+0000] {dag.py:3211} INFO - Sync 1 DAGs
[2024-09-19T18:21:13.912+0000] {logging_mixin.py:190} INFO - [2024-09-19T18:21:13.911+0000] {dag.py:4138} INFO - Setting next_dagrun for example_bash_decorator to None, run_after=None
[2024-09-19T18:21:13.918+0000] {processor.py:208} INFO - Processing /home/airflow/.local/lib/python3.12/site-packages/airflow/example_dags/example_bash_decorator.py took 0.033 seconds
[2024-09-19T18:21:44.847+0000] {processor.py:186} INFO - Started process (PID=810) to work on /home/airflow/.local/lib/python3.12/site-packages/airflow/example_dags/example_bash_decorator.py
[2024-09-19T18:21:44.848+0000] {processor.py:914} INFO - Processing file /home/airflow/.local/lib/python3.12/site-packages/airflow/example_dags/example_bash_decorator.py for tasks to queue
[2024-09-19T18:21:44.848+0000] {logging_mixin.py:190} INFO - [2024-09-19T18:21:44.848+0000] {dagbag.py:587} INFO - Filling up the DagBag from /home/airflow/.local/lib/python3.12/site-packages/airflow/example_dags/example_bash_decorator.py
[2024-09-19T18:21:44.855+0000] {processor.py:925} INFO - DAG(s) 'example_bash_decorator' retrieved from /home/airflow/.local/lib/python3.12/site-packages/airflow/example_dags/example_bash_decorator.py
[2024-09-19T18:21:44.864+0000] {logging_mixin.py:190} INFO - [2024-09-19T18:21:44.864+0000] {dag.py:3211} INFO - Sync 1 DAGs
[2024-09-19T18:21:44.869+0000] {logging_mixin.py:190} INFO - [2024-09-19T18:21:44.869+0000] {dag.py:4138} INFO - Setting next_dagrun for example_bash_decorator to None, run_after=None
[2024-09-19T18:21:44.876+0000] {processor.py:208} INFO - Processing /home/airflow/.local/lib/python3.12/site-packages/airflow/example_dags/example_bash_decorator.py took 0.031 seconds
[2024-09-19T18:22:15.874+0000] {processor.py:186} INFO - Started process (PID=872) to work on /home/airflow/.local/lib/python3.12/site-packages/airflow/example_dags/example_bash_decorator.py
[2024-09-19T18:22:15.875+0000] {processor.py:914} INFO - Processing file /home/airflow/.local/lib/python3.12/site-packages/airflow/example_dags/example_bash_decorator.py for tasks to queue
[2024-09-19T18:22:15.876+0000] {logging_mixin.py:190} INFO - [2024-09-19T18:22:15.876+0000] {dagbag.py:587} INFO - Filling up the DagBag from /home/airflow/.local/lib/python3.12/site-packages/airflow/example_dags/example_bash_decorator.py
[2024-09-19T18:22:15.885+0000] {processor.py:925} INFO - DAG(s) 'example_bash_decorator' retrieved from /home/airflow/.local/lib/python3.12/site-packages/airflow/example_dags/example_bash_decorator.py
[2024-09-19T18:22:15.896+0000] {logging_mixin.py:190} INFO - [2024-09-19T18:22:15.896+0000] {dag.py:3211} INFO - Sync 1 DAGs
[2024-09-19T18:22:15.902+0000] {logging_mixin.py:190} INFO - [2024-09-19T18:22:15.902+0000] {dag.py:4138} INFO - Setting next_dagrun for example_bash_decorator to None, run_after=None
[2024-09-19T18:22:15.911+0000] {processor.py:208} INFO - Processing /home/airflow/.local/lib/python3.12/site-packages/airflow/example_dags/example_bash_decorator.py took 0.043 seconds
[2024-09-19T18:22:46.506+0000] {processor.py:186} INFO - Started process (PID=934) to work on /home/airflow/.local/lib/python3.12/site-packages/airflow/example_dags/example_bash_decorator.py
[2024-09-19T18:22:46.507+0000] {processor.py:914} INFO - Processing file /home/airflow/.local/lib/python3.12/site-packages/airflow/example_dags/example_bash_decorator.py for tasks to queue
[2024-09-19T18:22:46.507+0000] {logging_mixin.py:190} INFO - [2024-09-19T18:22:46.507+0000] {dagbag.py:587} INFO - Filling up the DagBag from /home/airflow/.local/lib/python3.12/site-packages/airflow/example_dags/example_bash_decorator.py
[2024-09-19T18:22:46.514+0000] {processor.py:925} INFO - DAG(s) 'example_bash_decorator' retrieved from /home/airflow/.local/lib/python3.12/site-packages/airflow/example_dags/example_bash_decorator.py
[2024-09-19T18:22:46.522+0000] {logging_mixin.py:190} INFO - [2024-09-19T18:22:46.522+0000] {dag.py:3211} INFO - Sync 1 DAGs
[2024-09-19T18:22:46.527+0000] {logging_mixin.py:190} INFO - [2024-09-19T18:22:46.527+0000] {dag.py:4138} INFO - Setting next_dagrun for example_bash_decorator to None, run_after=None
[2024-09-19T18:22:46.533+0000] {processor.py:208} INFO - Processing /home/airflow/.local/lib/python3.12/site-packages/airflow/example_dags/example_bash_decorator.py took 0.029 seconds
[2024-09-19T18:23:16.967+0000] {processor.py:186} INFO - Started process (PID=996) to work on /home/airflow/.local/lib/python3.12/site-packages/airflow/example_dags/example_bash_decorator.py
[2024-09-19T18:23:16.968+0000] {processor.py:914} INFO - Processing file /home/airflow/.local/lib/python3.12/site-packages/airflow/example_dags/example_bash_decorator.py for tasks to queue
[2024-09-19T18:23:16.969+0000] {logging_mixin.py:190} INFO - [2024-09-19T18:23:16.969+0000] {dagbag.py:587} INFO - Filling up the DagBag from /home/airflow/.local/lib/python3.12/site-packages/airflow/example_dags/example_bash_decorator.py
[2024-09-19T18:23:16.977+0000] {processor.py:925} INFO - DAG(s) 'example_bash_decorator' retrieved from /home/airflow/.local/lib/python3.12/site-packages/airflow/example_dags/example_bash_decorator.py
[2024-09-19T18:23:16.990+0000] {logging_mixin.py:190} INFO - [2024-09-19T18:23:16.990+0000] {dag.py:3211} INFO - Sync 1 DAGs
[2024-09-19T18:23:16.996+0000] {logging_mixin.py:190} INFO - [2024-09-19T18:23:16.996+0000] {dag.py:4138} INFO - Setting next_dagrun for example_bash_decorator to None, run_after=None
[2024-09-19T18:23:17.004+0000] {processor.py:208} INFO - Processing /home/airflow/.local/lib/python3.12/site-packages/airflow/example_dags/example_bash_decorator.py took 0.040 seconds
[2024-09-19T18:23:47.712+0000] {processor.py:186} INFO - Started process (PID=1058) to work on /home/airflow/.local/lib/python3.12/site-packages/airflow/example_dags/example_bash_decorator.py
[2024-09-19T18:23:47.715+0000] {processor.py:914} INFO - Processing file /home/airflow/.local/lib/python3.12/site-packages/airflow/example_dags/example_bash_decorator.py for tasks to queue
[2024-09-19T18:23:47.717+0000] {logging_mixin.py:190} INFO - [2024-09-19T18:23:47.717+0000] {dagbag.py:587} INFO - Filling up the DagBag from /home/airflow/.local/lib/python3.12/site-packages/airflow/example_dags/example_bash_decorator.py
[2024-09-19T18:23:47.728+0000] {processor.py:925} INFO - DAG(s) 'example_bash_decorator' retrieved from /home/airflow/.local/lib/python3.12/site-packages/airflow/example_dags/example_bash_decorator.py
[2024-09-19T18:23:47.741+0000] {logging_mixin.py:190} INFO - [2024-09-19T18:23:47.741+0000] {dag.py:3211} INFO - Sync 1 DAGs
[2024-09-19T18:23:47.750+0000] {logging_mixin.py:190} INFO - [2024-09-19T18:23:47.750+0000] {dag.py:4138} INFO - Setting next_dagrun for example_bash_decorator to None, run_after=None
[2024-09-19T18:23:47.759+0000] {processor.py:208} INFO - Processing /home/airflow/.local/lib/python3.12/site-packages/airflow/example_dags/example_bash_decorator.py took 0.051 seconds
[2024-09-19T18:24:18.700+0000] {processor.py:186} INFO - Started process (PID=1120) to work on /home/airflow/.local/lib/python3.12/site-packages/airflow/example_dags/example_bash_decorator.py
[2024-09-19T18:24:18.701+0000] {processor.py:914} INFO - Processing file /home/airflow/.local/lib/python3.12/site-packages/airflow/example_dags/example_bash_decorator.py for tasks to queue
[2024-09-19T18:24:18.703+0000] {logging_mixin.py:190} INFO - [2024-09-19T18:24:18.703+0000] {dagbag.py:587} INFO - Filling up the DagBag from /home/airflow/.local/lib/python3.12/site-packages/airflow/example_dags/example_bash_decorator.py
[2024-09-19T18:24:18.709+0000] {processor.py:925} INFO - DAG(s) 'example_bash_decorator' retrieved from /home/airflow/.local/lib/python3.12/site-packages/airflow/example_dags/example_bash_decorator.py
[2024-09-19T18:24:18.726+0000] {logging_mixin.py:190} INFO - [2024-09-19T18:24:18.726+0000] {dag.py:3211} INFO - Sync 1 DAGs
[2024-09-19T18:24:18.735+0000] {logging_mixin.py:190} INFO - [2024-09-19T18:24:18.735+0000] {dag.py:4138} INFO - Setting next_dagrun for example_bash_decorator to None, run_after=None
[2024-09-19T18:24:18.745+0000] {processor.py:208} INFO - Processing /home/airflow/.local/lib/python3.12/site-packages/airflow/example_dags/example_bash_decorator.py took 0.047 seconds
[2024-09-19T18:24:48.992+0000] {processor.py:186} INFO - Started process (PID=1182) to work on /home/airflow/.local/lib/python3.12/site-packages/airflow/example_dags/example_bash_decorator.py
[2024-09-19T18:24:48.993+0000] {processor.py:914} INFO - Processing file /home/airflow/.local/lib/python3.12/site-packages/airflow/example_dags/example_bash_decorator.py for tasks to queue
[2024-09-19T18:24:48.995+0000] {logging_mixin.py:190} INFO - [2024-09-19T18:24:48.995+0000] {dagbag.py:587} INFO - Filling up the DagBag from /home/airflow/.local/lib/python3.12/site-packages/airflow/example_dags/example_bash_decorator.py
[2024-09-19T18:24:49.001+0000] {processor.py:925} INFO - DAG(s) 'example_bash_decorator' retrieved from /home/airflow/.local/lib/python3.12/site-packages/airflow/example_dags/example_bash_decorator.py
[2024-09-19T18:24:49.017+0000] {logging_mixin.py:190} INFO - [2024-09-19T18:24:49.017+0000] {dag.py:3211} INFO - Sync 1 DAGs
[2024-09-19T18:24:49.046+0000] {logging_mixin.py:190} INFO - [2024-09-19T18:24:49.046+0000] {dag.py:4138} INFO - Setting next_dagrun for example_bash_decorator to None, run_after=None
[2024-09-19T18:24:49.054+0000] {processor.py:208} INFO - Processing /home/airflow/.local/lib/python3.12/site-packages/airflow/example_dags/example_bash_decorator.py took 0.064 seconds
[2024-09-19T18:25:19.616+0000] {processor.py:186} INFO - Started process (PID=1244) to work on /home/airflow/.local/lib/python3.12/site-packages/airflow/example_dags/example_bash_decorator.py
[2024-09-19T18:25:19.616+0000] {processor.py:914} INFO - Processing file /home/airflow/.local/lib/python3.12/site-packages/airflow/example_dags/example_bash_decorator.py for tasks to queue
[2024-09-19T18:25:19.617+0000] {logging_mixin.py:190} INFO - [2024-09-19T18:25:19.617+0000] {dagbag.py:587} INFO - Filling up the DagBag from /home/airflow/.local/lib/python3.12/site-packages/airflow/example_dags/example_bash_decorator.py
[2024-09-19T18:25:19.623+0000] {processor.py:925} INFO - DAG(s) 'example_bash_decorator' retrieved from /home/airflow/.local/lib/python3.12/site-packages/airflow/example_dags/example_bash_decorator.py
[2024-09-19T18:25:19.632+0000] {logging_mixin.py:190} INFO - [2024-09-19T18:25:19.632+0000] {dag.py:3211} INFO - Sync 1 DAGs
[2024-09-19T18:25:19.638+0000] {logging_mixin.py:190} INFO - [2024-09-19T18:25:19.637+0000] {dag.py:4138} INFO - Setting next_dagrun for example_bash_decorator to None, run_after=None
[2024-09-19T18:25:19.643+0000] {processor.py:208} INFO - Processing /home/airflow/.local/lib/python3.12/site-packages/airflow/example_dags/example_bash_decorator.py took 0.030 seconds
[2024-09-19T18:25:50.186+0000] {processor.py:186} INFO - Started process (PID=1306) to work on /home/airflow/.local/lib/python3.12/site-packages/airflow/example_dags/example_bash_decorator.py
[2024-09-19T18:25:50.186+0000] {processor.py:914} INFO - Processing file /home/airflow/.local/lib/python3.12/site-packages/airflow/example_dags/example_bash_decorator.py for tasks to queue
[2024-09-19T18:25:50.187+0000] {logging_mixin.py:190} INFO - [2024-09-19T18:25:50.187+0000] {dagbag.py:587} INFO - Filling up the DagBag from /home/airflow/.local/lib/python3.12/site-packages/airflow/example_dags/example_bash_decorator.py
[2024-09-19T18:25:50.195+0000] {processor.py:925} INFO - DAG(s) 'example_bash_decorator' retrieved from /home/airflow/.local/lib/python3.12/site-packages/airflow/example_dags/example_bash_decorator.py
[2024-09-19T18:25:50.210+0000] {logging_mixin.py:190} INFO - [2024-09-19T18:25:50.209+0000] {dag.py:3211} INFO - Sync 1 DAGs
[2024-09-19T18:25:50.216+0000] {logging_mixin.py:190} INFO - [2024-09-19T18:25:50.216+0000] {dag.py:4138} INFO - Setting next_dagrun for example_bash_decorator to None, run_after=None
[2024-09-19T18:25:50.223+0000] {processor.py:208} INFO - Processing /home/airflow/.local/lib/python3.12/site-packages/airflow/example_dags/example_bash_decorator.py took 0.040 seconds
[2024-09-19T18:26:21.190+0000] {processor.py:186} INFO - Started process (PID=1368) to work on /home/airflow/.local/lib/python3.12/site-packages/airflow/example_dags/example_bash_decorator.py
[2024-09-19T18:26:21.194+0000] {processor.py:914} INFO - Processing file /home/airflow/.local/lib/python3.12/site-packages/airflow/example_dags/example_bash_decorator.py for tasks to queue
[2024-09-19T18:26:21.200+0000] {logging_mixin.py:190} INFO - [2024-09-19T18:26:21.200+0000] {dagbag.py:587} INFO - Filling up the DagBag from /home/airflow/.local/lib/python3.12/site-packages/airflow/example_dags/example_bash_decorator.py
[2024-09-19T18:26:21.215+0000] {processor.py:925} INFO - DAG(s) 'example_bash_decorator' retrieved from /home/airflow/.local/lib/python3.12/site-packages/airflow/example_dags/example_bash_decorator.py
[2024-09-19T18:26:21.235+0000] {logging_mixin.py:190} INFO - [2024-09-19T18:26:21.235+0000] {dag.py:3211} INFO - Sync 1 DAGs
[2024-09-19T18:26:21.246+0000] {logging_mixin.py:190} INFO - [2024-09-19T18:26:21.246+0000] {dag.py:4138} INFO - Setting next_dagrun for example_bash_decorator to None, run_after=None
[2024-09-19T18:26:21.257+0000] {processor.py:208} INFO - Processing /home/airflow/.local/lib/python3.12/site-packages/airflow/example_dags/example_bash_decorator.py took 0.073 seconds
[2024-09-19T18:26:52.149+0000] {processor.py:186} INFO - Started process (PID=1430) to work on /home/airflow/.local/lib/python3.12/site-packages/airflow/example_dags/example_bash_decorator.py
[2024-09-19T18:26:52.150+0000] {processor.py:914} INFO - Processing file /home/airflow/.local/lib/python3.12/site-packages/airflow/example_dags/example_bash_decorator.py for tasks to queue
[2024-09-19T18:26:52.152+0000] {logging_mixin.py:190} INFO - [2024-09-19T18:26:52.152+0000] {dagbag.py:587} INFO - Filling up the DagBag from /home/airflow/.local/lib/python3.12/site-packages/airflow/example_dags/example_bash_decorator.py
[2024-09-19T18:26:52.162+0000] {processor.py:925} INFO - DAG(s) 'example_bash_decorator' retrieved from /home/airflow/.local/lib/python3.12/site-packages/airflow/example_dags/example_bash_decorator.py
[2024-09-19T18:26:52.179+0000] {logging_mixin.py:190} INFO - [2024-09-19T18:26:52.179+0000] {dag.py:3211} INFO - Sync 1 DAGs
[2024-09-19T18:26:52.186+0000] {logging_mixin.py:190} INFO - [2024-09-19T18:26:52.186+0000] {dag.py:4138} INFO - Setting next_dagrun for example_bash_decorator to None, run_after=None
[2024-09-19T18:26:52.197+0000] {processor.py:208} INFO - Processing /home/airflow/.local/lib/python3.12/site-packages/airflow/example_dags/example_bash_decorator.py took 0.050 seconds
[2024-09-19T18:27:22.375+0000] {processor.py:186} INFO - Started process (PID=1492) to work on /home/airflow/.local/lib/python3.12/site-packages/airflow/example_dags/example_bash_decorator.py
[2024-09-19T18:27:22.378+0000] {processor.py:914} INFO - Processing file /home/airflow/.local/lib/python3.12/site-packages/airflow/example_dags/example_bash_decorator.py for tasks to queue
[2024-09-19T18:27:22.379+0000] {logging_mixin.py:190} INFO - [2024-09-19T18:27:22.379+0000] {dagbag.py:587} INFO - Filling up the DagBag from /home/airflow/.local/lib/python3.12/site-packages/airflow/example_dags/example_bash_decorator.py
[2024-09-19T18:27:22.385+0000] {processor.py:925} INFO - DAG(s) 'example_bash_decorator' retrieved from /home/airflow/.local/lib/python3.12/site-packages/airflow/example_dags/example_bash_decorator.py
[2024-09-19T18:27:22.394+0000] {logging_mixin.py:190} INFO - [2024-09-19T18:27:22.394+0000] {dag.py:3211} INFO - Sync 1 DAGs
[2024-09-19T18:27:22.400+0000] {logging_mixin.py:190} INFO - [2024-09-19T18:27:22.400+0000] {dag.py:4138} INFO - Setting next_dagrun for example_bash_decorator to None, run_after=None
[2024-09-19T18:27:22.409+0000] {processor.py:208} INFO - Processing /home/airflow/.local/lib/python3.12/site-packages/airflow/example_dags/example_bash_decorator.py took 0.037 seconds
[2024-09-19T18:27:53.039+0000] {processor.py:186} INFO - Started process (PID=1554) to work on /home/airflow/.local/lib/python3.12/site-packages/airflow/example_dags/example_bash_decorator.py
[2024-09-19T18:27:53.039+0000] {processor.py:914} INFO - Processing file /home/airflow/.local/lib/python3.12/site-packages/airflow/example_dags/example_bash_decorator.py for tasks to queue
[2024-09-19T18:27:53.040+0000] {logging_mixin.py:190} INFO - [2024-09-19T18:27:53.040+0000] {dagbag.py:587} INFO - Filling up the DagBag from /home/airflow/.local/lib/python3.12/site-packages/airflow/example_dags/example_bash_decorator.py
[2024-09-19T18:27:53.046+0000] {processor.py:925} INFO - DAG(s) 'example_bash_decorator' retrieved from /home/airflow/.local/lib/python3.12/site-packages/airflow/example_dags/example_bash_decorator.py
[2024-09-19T18:27:53.055+0000] {logging_mixin.py:190} INFO - [2024-09-19T18:27:53.055+0000] {dag.py:3211} INFO - Sync 1 DAGs
[2024-09-19T18:27:53.061+0000] {logging_mixin.py:190} INFO - [2024-09-19T18:27:53.061+0000] {dag.py:4138} INFO - Setting next_dagrun for example_bash_decorator to None, run_after=None
[2024-09-19T18:27:53.067+0000] {processor.py:208} INFO - Processing /home/airflow/.local/lib/python3.12/site-packages/airflow/example_dags/example_bash_decorator.py took 0.030 seconds
[2024-09-19T18:28:23.886+0000] {processor.py:186} INFO - Started process (PID=1616) to work on /home/airflow/.local/lib/python3.12/site-packages/airflow/example_dags/example_bash_decorator.py
[2024-09-19T18:28:23.887+0000] {processor.py:914} INFO - Processing file /home/airflow/.local/lib/python3.12/site-packages/airflow/example_dags/example_bash_decorator.py for tasks to queue
[2024-09-19T18:28:23.888+0000] {logging_mixin.py:190} INFO - [2024-09-19T18:28:23.888+0000] {dagbag.py:587} INFO - Filling up the DagBag from /home/airflow/.local/lib/python3.12/site-packages/airflow/example_dags/example_bash_decorator.py
[2024-09-19T18:28:23.895+0000] {processor.py:925} INFO - DAG(s) 'example_bash_decorator' retrieved from /home/airflow/.local/lib/python3.12/site-packages/airflow/example_dags/example_bash_decorator.py
[2024-09-19T18:28:23.908+0000] {logging_mixin.py:190} INFO - [2024-09-19T18:28:23.908+0000] {dag.py:3211} INFO - Sync 1 DAGs
[2024-09-19T18:28:23.916+0000] {logging_mixin.py:190} INFO - [2024-09-19T18:28:23.916+0000] {dag.py:4138} INFO - Setting next_dagrun for example_bash_decorator to None, run_after=None
[2024-09-19T18:28:23.929+0000] {processor.py:208} INFO - Processing /home/airflow/.local/lib/python3.12/site-packages/airflow/example_dags/example_bash_decorator.py took 0.048 seconds
[2024-09-19T18:28:54.591+0000] {processor.py:186} INFO - Started process (PID=1678) to work on /home/airflow/.local/lib/python3.12/site-packages/airflow/example_dags/example_bash_decorator.py
[2024-09-19T18:28:54.592+0000] {processor.py:914} INFO - Processing file /home/airflow/.local/lib/python3.12/site-packages/airflow/example_dags/example_bash_decorator.py for tasks to queue
[2024-09-19T18:28:54.593+0000] {logging_mixin.py:190} INFO - [2024-09-19T18:28:54.593+0000] {dagbag.py:587} INFO - Filling up the DagBag from /home/airflow/.local/lib/python3.12/site-packages/airflow/example_dags/example_bash_decorator.py
[2024-09-19T18:28:54.600+0000] {processor.py:925} INFO - DAG(s) 'example_bash_decorator' retrieved from /home/airflow/.local/lib/python3.12/site-packages/airflow/example_dags/example_bash_decorator.py
[2024-09-19T18:28:54.610+0000] {logging_mixin.py:190} INFO - [2024-09-19T18:28:54.610+0000] {dag.py:3211} INFO - Sync 1 DAGs
[2024-09-19T18:28:54.616+0000] {logging_mixin.py:190} INFO - [2024-09-19T18:28:54.616+0000] {dag.py:4138} INFO - Setting next_dagrun for example_bash_decorator to None, run_after=None
[2024-09-19T18:28:54.624+0000] {processor.py:208} INFO - Processing /home/airflow/.local/lib/python3.12/site-packages/airflow/example_dags/example_bash_decorator.py took 0.035 seconds
[2024-09-19T18:29:25.301+0000] {processor.py:186} INFO - Started process (PID=1740) to work on /home/airflow/.local/lib/python3.12/site-packages/airflow/example_dags/example_bash_decorator.py
[2024-09-19T18:29:25.304+0000] {processor.py:914} INFO - Processing file /home/airflow/.local/lib/python3.12/site-packages/airflow/example_dags/example_bash_decorator.py for tasks to queue
[2024-09-19T18:29:25.306+0000] {logging_mixin.py:190} INFO - [2024-09-19T18:29:25.306+0000] {dagbag.py:587} INFO - Filling up the DagBag from /home/airflow/.local/lib/python3.12/site-packages/airflow/example_dags/example_bash_decorator.py
[2024-09-19T18:29:25.312+0000] {processor.py:925} INFO - DAG(s) 'example_bash_decorator' retrieved from /home/airflow/.local/lib/python3.12/site-packages/airflow/example_dags/example_bash_decorator.py
[2024-09-19T18:29:25.327+0000] {logging_mixin.py:190} INFO - [2024-09-19T18:29:25.327+0000] {dag.py:3211} INFO - Sync 1 DAGs
[2024-09-19T18:29:25.335+0000] {logging_mixin.py:190} INFO - [2024-09-19T18:29:25.335+0000] {dag.py:4138} INFO - Setting next_dagrun for example_bash_decorator to None, run_after=None
[2024-09-19T18:29:25.346+0000] {processor.py:208} INFO - Processing /home/airflow/.local/lib/python3.12/site-packages/airflow/example_dags/example_bash_decorator.py took 0.047 seconds
[2024-09-19T18:29:56.281+0000] {processor.py:186} INFO - Started process (PID=1802) to work on /home/airflow/.local/lib/python3.12/site-packages/airflow/example_dags/example_bash_decorator.py
[2024-09-19T18:29:56.282+0000] {processor.py:914} INFO - Processing file /home/airflow/.local/lib/python3.12/site-packages/airflow/example_dags/example_bash_decorator.py for tasks to queue
[2024-09-19T18:29:56.283+0000] {logging_mixin.py:190} INFO - [2024-09-19T18:29:56.283+0000] {dagbag.py:587} INFO - Filling up the DagBag from /home/airflow/.local/lib/python3.12/site-packages/airflow/example_dags/example_bash_decorator.py
[2024-09-19T18:29:56.293+0000] {processor.py:925} INFO - DAG(s) 'example_bash_decorator' retrieved from /home/airflow/.local/lib/python3.12/site-packages/airflow/example_dags/example_bash_decorator.py
[2024-09-19T18:29:56.305+0000] {logging_mixin.py:190} INFO - [2024-09-19T18:29:56.305+0000] {dag.py:3211} INFO - Sync 1 DAGs
[2024-09-19T18:29:56.313+0000] {logging_mixin.py:190} INFO - [2024-09-19T18:29:56.313+0000] {dag.py:4138} INFO - Setting next_dagrun for example_bash_decorator to None, run_after=None
[2024-09-19T18:29:56.322+0000] {processor.py:208} INFO - Processing /home/airflow/.local/lib/python3.12/site-packages/airflow/example_dags/example_bash_decorator.py took 0.045 seconds
[2024-09-19T18:30:27.084+0000] {processor.py:186} INFO - Started process (PID=1864) to work on /home/airflow/.local/lib/python3.12/site-packages/airflow/example_dags/example_bash_decorator.py
[2024-09-19T18:30:27.085+0000] {processor.py:914} INFO - Processing file /home/airflow/.local/lib/python3.12/site-packages/airflow/example_dags/example_bash_decorator.py for tasks to queue
[2024-09-19T18:30:27.086+0000] {logging_mixin.py:190} INFO - [2024-09-19T18:30:27.086+0000] {dagbag.py:587} INFO - Filling up the DagBag from /home/airflow/.local/lib/python3.12/site-packages/airflow/example_dags/example_bash_decorator.py
[2024-09-19T18:30:27.092+0000] {processor.py:925} INFO - DAG(s) 'example_bash_decorator' retrieved from /home/airflow/.local/lib/python3.12/site-packages/airflow/example_dags/example_bash_decorator.py
[2024-09-19T18:30:27.102+0000] {logging_mixin.py:190} INFO - [2024-09-19T18:30:27.102+0000] {dag.py:3211} INFO - Sync 1 DAGs
[2024-09-19T18:30:27.107+0000] {logging_mixin.py:190} INFO - [2024-09-19T18:30:27.107+0000] {dag.py:4138} INFO - Setting next_dagrun for example_bash_decorator to None, run_after=None
[2024-09-19T18:30:27.113+0000] {processor.py:208} INFO - Processing /home/airflow/.local/lib/python3.12/site-packages/airflow/example_dags/example_bash_decorator.py took 0.031 seconds
[2024-09-19T18:30:57.877+0000] {processor.py:186} INFO - Started process (PID=1932) to work on /home/airflow/.local/lib/python3.12/site-packages/airflow/example_dags/example_bash_decorator.py
[2024-09-19T18:30:57.878+0000] {processor.py:914} INFO - Processing file /home/airflow/.local/lib/python3.12/site-packages/airflow/example_dags/example_bash_decorator.py for tasks to queue
[2024-09-19T18:30:57.879+0000] {logging_mixin.py:190} INFO - [2024-09-19T18:30:57.879+0000] {dagbag.py:587} INFO - Filling up the DagBag from /home/airflow/.local/lib/python3.12/site-packages/airflow/example_dags/example_bash_decorator.py
[2024-09-19T18:30:57.887+0000] {processor.py:925} INFO - DAG(s) 'example_bash_decorator' retrieved from /home/airflow/.local/lib/python3.12/site-packages/airflow/example_dags/example_bash_decorator.py
[2024-09-19T18:30:57.898+0000] {logging_mixin.py:190} INFO - [2024-09-19T18:30:57.898+0000] {dag.py:3211} INFO - Sync 1 DAGs
[2024-09-19T18:30:57.904+0000] {logging_mixin.py:190} INFO - [2024-09-19T18:30:57.904+0000] {dag.py:4138} INFO - Setting next_dagrun for example_bash_decorator to None, run_after=None
[2024-09-19T18:30:57.910+0000] {processor.py:208} INFO - Processing /home/airflow/.local/lib/python3.12/site-packages/airflow/example_dags/example_bash_decorator.py took 0.036 seconds
[2024-09-19T18:31:28.665+0000] {processor.py:186} INFO - Started process (PID=1993) to work on /home/airflow/.local/lib/python3.12/site-packages/airflow/example_dags/example_bash_decorator.py
[2024-09-19T18:31:28.668+0000] {processor.py:914} INFO - Processing file /home/airflow/.local/lib/python3.12/site-packages/airflow/example_dags/example_bash_decorator.py for tasks to queue
[2024-09-19T18:31:28.671+0000] {logging_mixin.py:190} INFO - [2024-09-19T18:31:28.671+0000] {dagbag.py:587} INFO - Filling up the DagBag from /home/airflow/.local/lib/python3.12/site-packages/airflow/example_dags/example_bash_decorator.py
[2024-09-19T18:31:28.679+0000] {processor.py:925} INFO - DAG(s) 'example_bash_decorator' retrieved from /home/airflow/.local/lib/python3.12/site-packages/airflow/example_dags/example_bash_decorator.py
[2024-09-19T18:31:28.697+0000] {logging_mixin.py:190} INFO - [2024-09-19T18:31:28.696+0000] {dag.py:3211} INFO - Sync 1 DAGs
[2024-09-19T18:31:28.707+0000] {logging_mixin.py:190} INFO - [2024-09-19T18:31:28.707+0000] {dag.py:4138} INFO - Setting next_dagrun for example_bash_decorator to None, run_after=None
[2024-09-19T18:31:28.719+0000] {processor.py:208} INFO - Processing /home/airflow/.local/lib/python3.12/site-packages/airflow/example_dags/example_bash_decorator.py took 0.059 seconds
[2024-09-19T18:31:59.800+0000] {processor.py:186} INFO - Started process (PID=2055) to work on /home/airflow/.local/lib/python3.12/site-packages/airflow/example_dags/example_bash_decorator.py
[2024-09-19T18:31:59.801+0000] {processor.py:914} INFO - Processing file /home/airflow/.local/lib/python3.12/site-packages/airflow/example_dags/example_bash_decorator.py for tasks to queue
[2024-09-19T18:31:59.803+0000] {logging_mixin.py:190} INFO - [2024-09-19T18:31:59.802+0000] {dagbag.py:587} INFO - Filling up the DagBag from /home/airflow/.local/lib/python3.12/site-packages/airflow/example_dags/example_bash_decorator.py
[2024-09-19T18:31:59.810+0000] {processor.py:925} INFO - DAG(s) 'example_bash_decorator' retrieved from /home/airflow/.local/lib/python3.12/site-packages/airflow/example_dags/example_bash_decorator.py
[2024-09-19T18:31:59.826+0000] {logging_mixin.py:190} INFO - [2024-09-19T18:31:59.826+0000] {dag.py:3211} INFO - Sync 1 DAGs
[2024-09-19T18:31:59.833+0000] {logging_mixin.py:190} INFO - [2024-09-19T18:31:59.833+0000] {dag.py:4138} INFO - Setting next_dagrun for example_bash_decorator to None, run_after=None
[2024-09-19T18:31:59.843+0000] {processor.py:208} INFO - Processing /home/airflow/.local/lib/python3.12/site-packages/airflow/example_dags/example_bash_decorator.py took 0.048 seconds
[2024-09-19T18:32:30.276+0000] {processor.py:186} INFO - Started process (PID=2117) to work on /home/airflow/.local/lib/python3.12/site-packages/airflow/example_dags/example_bash_decorator.py
[2024-09-19T18:32:30.278+0000] {processor.py:914} INFO - Processing file /home/airflow/.local/lib/python3.12/site-packages/airflow/example_dags/example_bash_decorator.py for tasks to queue
[2024-09-19T18:32:30.280+0000] {logging_mixin.py:190} INFO - [2024-09-19T18:32:30.280+0000] {dagbag.py:587} INFO - Filling up the DagBag from /home/airflow/.local/lib/python3.12/site-packages/airflow/example_dags/example_bash_decorator.py
[2024-09-19T18:32:30.289+0000] {processor.py:925} INFO - DAG(s) 'example_bash_decorator' retrieved from /home/airflow/.local/lib/python3.12/site-packages/airflow/example_dags/example_bash_decorator.py
[2024-09-19T18:32:30.301+0000] {logging_mixin.py:190} INFO - [2024-09-19T18:32:30.301+0000] {dag.py:3211} INFO - Sync 1 DAGs
[2024-09-19T18:32:30.307+0000] {logging_mixin.py:190} INFO - [2024-09-19T18:32:30.307+0000] {dag.py:4138} INFO - Setting next_dagrun for example_bash_decorator to None, run_after=None
[2024-09-19T18:32:30.314+0000] {processor.py:208} INFO - Processing /home/airflow/.local/lib/python3.12/site-packages/airflow/example_dags/example_bash_decorator.py took 0.045 seconds
[2024-09-19T18:33:01.054+0000] {processor.py:186} INFO - Started process (PID=2179) to work on /home/airflow/.local/lib/python3.12/site-packages/airflow/example_dags/example_bash_decorator.py
[2024-09-19T18:33:01.056+0000] {processor.py:914} INFO - Processing file /home/airflow/.local/lib/python3.12/site-packages/airflow/example_dags/example_bash_decorator.py for tasks to queue
[2024-09-19T18:33:01.058+0000] {logging_mixin.py:190} INFO - [2024-09-19T18:33:01.058+0000] {dagbag.py:587} INFO - Filling up the DagBag from /home/airflow/.local/lib/python3.12/site-packages/airflow/example_dags/example_bash_decorator.py
[2024-09-19T18:33:01.066+0000] {processor.py:925} INFO - DAG(s) 'example_bash_decorator' retrieved from /home/airflow/.local/lib/python3.12/site-packages/airflow/example_dags/example_bash_decorator.py
[2024-09-19T18:33:01.077+0000] {logging_mixin.py:190} INFO - [2024-09-19T18:33:01.076+0000] {dag.py:3211} INFO - Sync 1 DAGs
[2024-09-19T18:33:01.082+0000] {logging_mixin.py:190} INFO - [2024-09-19T18:33:01.082+0000] {dag.py:4138} INFO - Setting next_dagrun for example_bash_decorator to None, run_after=None
[2024-09-19T18:33:01.091+0000] {processor.py:208} INFO - Processing /home/airflow/.local/lib/python3.12/site-packages/airflow/example_dags/example_bash_decorator.py took 0.040 seconds
[2024-09-19T18:33:31.272+0000] {processor.py:186} INFO - Started process (PID=2241) to work on /home/airflow/.local/lib/python3.12/site-packages/airflow/example_dags/example_bash_decorator.py
[2024-09-19T18:33:31.274+0000] {processor.py:914} INFO - Processing file /home/airflow/.local/lib/python3.12/site-packages/airflow/example_dags/example_bash_decorator.py for tasks to queue
[2024-09-19T18:33:31.276+0000] {logging_mixin.py:190} INFO - [2024-09-19T18:33:31.275+0000] {dagbag.py:587} INFO - Filling up the DagBag from /home/airflow/.local/lib/python3.12/site-packages/airflow/example_dags/example_bash_decorator.py
[2024-09-19T18:33:31.282+0000] {processor.py:925} INFO - DAG(s) 'example_bash_decorator' retrieved from /home/airflow/.local/lib/python3.12/site-packages/airflow/example_dags/example_bash_decorator.py
[2024-09-19T18:33:31.291+0000] {logging_mixin.py:190} INFO - [2024-09-19T18:33:31.291+0000] {dag.py:3211} INFO - Sync 1 DAGs
[2024-09-19T18:33:31.296+0000] {logging_mixin.py:190} INFO - [2024-09-19T18:33:31.296+0000] {dag.py:4138} INFO - Setting next_dagrun for example_bash_decorator to None, run_after=None
[2024-09-19T18:33:31.302+0000] {processor.py:208} INFO - Processing /home/airflow/.local/lib/python3.12/site-packages/airflow/example_dags/example_bash_decorator.py took 0.033 seconds
[2024-09-19T18:34:02.414+0000] {processor.py:186} INFO - Started process (PID=2303) to work on /home/airflow/.local/lib/python3.12/site-packages/airflow/example_dags/example_bash_decorator.py
[2024-09-19T18:34:02.416+0000] {processor.py:914} INFO - Processing file /home/airflow/.local/lib/python3.12/site-packages/airflow/example_dags/example_bash_decorator.py for tasks to queue
[2024-09-19T18:34:02.417+0000] {logging_mixin.py:190} INFO - [2024-09-19T18:34:02.417+0000] {dagbag.py:587} INFO - Filling up the DagBag from /home/airflow/.local/lib/python3.12/site-packages/airflow/example_dags/example_bash_decorator.py
[2024-09-19T18:34:02.423+0000] {processor.py:925} INFO - DAG(s) 'example_bash_decorator' retrieved from /home/airflow/.local/lib/python3.12/site-packages/airflow/example_dags/example_bash_decorator.py
[2024-09-19T18:34:02.433+0000] {logging_mixin.py:190} INFO - [2024-09-19T18:34:02.433+0000] {dag.py:3211} INFO - Sync 1 DAGs
[2024-09-19T18:34:02.438+0000] {logging_mixin.py:190} INFO - [2024-09-19T18:34:02.438+0000] {dag.py:4138} INFO - Setting next_dagrun for example_bash_decorator to None, run_after=None
[2024-09-19T18:34:02.444+0000] {processor.py:208} INFO - Processing /home/airflow/.local/lib/python3.12/site-packages/airflow/example_dags/example_bash_decorator.py took 0.032 seconds
[2024-09-19T18:34:32.752+0000] {processor.py:186} INFO - Started process (PID=2365) to work on /home/airflow/.local/lib/python3.12/site-packages/airflow/example_dags/example_bash_decorator.py
[2024-09-19T18:34:32.752+0000] {processor.py:914} INFO - Processing file /home/airflow/.local/lib/python3.12/site-packages/airflow/example_dags/example_bash_decorator.py for tasks to queue
[2024-09-19T18:34:32.753+0000] {logging_mixin.py:190} INFO - [2024-09-19T18:34:32.753+0000] {dagbag.py:587} INFO - Filling up the DagBag from /home/airflow/.local/lib/python3.12/site-packages/airflow/example_dags/example_bash_decorator.py
[2024-09-19T18:34:32.760+0000] {processor.py:925} INFO - DAG(s) 'example_bash_decorator' retrieved from /home/airflow/.local/lib/python3.12/site-packages/airflow/example_dags/example_bash_decorator.py
[2024-09-19T18:34:32.771+0000] {logging_mixin.py:190} INFO - [2024-09-19T18:34:32.771+0000] {dag.py:3211} INFO - Sync 1 DAGs
[2024-09-19T18:34:32.779+0000] {logging_mixin.py:190} INFO - [2024-09-19T18:34:32.779+0000] {dag.py:4138} INFO - Setting next_dagrun for example_bash_decorator to None, run_after=None
[2024-09-19T18:34:32.788+0000] {processor.py:208} INFO - Processing /home/airflow/.local/lib/python3.12/site-packages/airflow/example_dags/example_bash_decorator.py took 0.039 seconds
[2024-09-19T18:35:03.789+0000] {processor.py:186} INFO - Started process (PID=2427) to work on /home/airflow/.local/lib/python3.12/site-packages/airflow/example_dags/example_bash_decorator.py
[2024-09-19T18:35:03.789+0000] {processor.py:914} INFO - Processing file /home/airflow/.local/lib/python3.12/site-packages/airflow/example_dags/example_bash_decorator.py for tasks to queue
[2024-09-19T18:35:03.791+0000] {logging_mixin.py:190} INFO - [2024-09-19T18:35:03.791+0000] {dagbag.py:587} INFO - Filling up the DagBag from /home/airflow/.local/lib/python3.12/site-packages/airflow/example_dags/example_bash_decorator.py
[2024-09-19T18:35:03.799+0000] {processor.py:925} INFO - DAG(s) 'example_bash_decorator' retrieved from /home/airflow/.local/lib/python3.12/site-packages/airflow/example_dags/example_bash_decorator.py
[2024-09-19T18:35:03.809+0000] {logging_mixin.py:190} INFO - [2024-09-19T18:35:03.808+0000] {dag.py:3211} INFO - Sync 1 DAGs
[2024-09-19T18:35:03.815+0000] {logging_mixin.py:190} INFO - [2024-09-19T18:35:03.815+0000] {dag.py:4138} INFO - Setting next_dagrun for example_bash_decorator to None, run_after=None
[2024-09-19T18:35:03.825+0000] {processor.py:208} INFO - Processing /home/airflow/.local/lib/python3.12/site-packages/airflow/example_dags/example_bash_decorator.py took 0.039 seconds
[2024-09-19T18:35:34.896+0000] {processor.py:186} INFO - Started process (PID=2489) to work on /home/airflow/.local/lib/python3.12/site-packages/airflow/example_dags/example_bash_decorator.py
[2024-09-19T18:35:34.897+0000] {processor.py:914} INFO - Processing file /home/airflow/.local/lib/python3.12/site-packages/airflow/example_dags/example_bash_decorator.py for tasks to queue
[2024-09-19T18:35:34.898+0000] {logging_mixin.py:190} INFO - [2024-09-19T18:35:34.898+0000] {dagbag.py:587} INFO - Filling up the DagBag from /home/airflow/.local/lib/python3.12/site-packages/airflow/example_dags/example_bash_decorator.py
[2024-09-19T18:35:34.904+0000] {processor.py:925} INFO - DAG(s) 'example_bash_decorator' retrieved from /home/airflow/.local/lib/python3.12/site-packages/airflow/example_dags/example_bash_decorator.py
[2024-09-19T18:35:34.920+0000] {logging_mixin.py:190} INFO - [2024-09-19T18:35:34.920+0000] {dag.py:3211} INFO - Sync 1 DAGs
[2024-09-19T18:35:34.930+0000] {logging_mixin.py:190} INFO - [2024-09-19T18:35:34.930+0000] {dag.py:4138} INFO - Setting next_dagrun for example_bash_decorator to None, run_after=None
[2024-09-19T18:35:34.939+0000] {processor.py:208} INFO - Processing /home/airflow/.local/lib/python3.12/site-packages/airflow/example_dags/example_bash_decorator.py took 0.045 seconds
[2024-09-19T18:36:05.399+0000] {processor.py:186} INFO - Started process (PID=2551) to work on /home/airflow/.local/lib/python3.12/site-packages/airflow/example_dags/example_bash_decorator.py
[2024-09-19T18:36:05.401+0000] {processor.py:914} INFO - Processing file /home/airflow/.local/lib/python3.12/site-packages/airflow/example_dags/example_bash_decorator.py for tasks to queue
[2024-09-19T18:36:05.402+0000] {logging_mixin.py:190} INFO - [2024-09-19T18:36:05.402+0000] {dagbag.py:587} INFO - Filling up the DagBag from /home/airflow/.local/lib/python3.12/site-packages/airflow/example_dags/example_bash_decorator.py
[2024-09-19T18:36:05.411+0000] {processor.py:925} INFO - DAG(s) 'example_bash_decorator' retrieved from /home/airflow/.local/lib/python3.12/site-packages/airflow/example_dags/example_bash_decorator.py
[2024-09-19T18:36:05.425+0000] {logging_mixin.py:190} INFO - [2024-09-19T18:36:05.425+0000] {dag.py:3211} INFO - Sync 1 DAGs
[2024-09-19T18:36:05.430+0000] {logging_mixin.py:190} INFO - [2024-09-19T18:36:05.430+0000] {dag.py:4138} INFO - Setting next_dagrun for example_bash_decorator to None, run_after=None
[2024-09-19T18:36:05.439+0000] {processor.py:208} INFO - Processing /home/airflow/.local/lib/python3.12/site-packages/airflow/example_dags/example_bash_decorator.py took 0.044 seconds
[2024-09-19T18:36:35.854+0000] {processor.py:186} INFO - Started process (PID=2613) to work on /home/airflow/.local/lib/python3.12/site-packages/airflow/example_dags/example_bash_decorator.py
[2024-09-19T18:36:35.855+0000] {processor.py:914} INFO - Processing file /home/airflow/.local/lib/python3.12/site-packages/airflow/example_dags/example_bash_decorator.py for tasks to queue
[2024-09-19T18:36:35.856+0000] {logging_mixin.py:190} INFO - [2024-09-19T18:36:35.856+0000] {dagbag.py:587} INFO - Filling up the DagBag from /home/airflow/.local/lib/python3.12/site-packages/airflow/example_dags/example_bash_decorator.py
[2024-09-19T18:36:35.864+0000] {processor.py:925} INFO - DAG(s) 'example_bash_decorator' retrieved from /home/airflow/.local/lib/python3.12/site-packages/airflow/example_dags/example_bash_decorator.py
[2024-09-19T18:36:35.881+0000] {logging_mixin.py:190} INFO - [2024-09-19T18:36:35.881+0000] {dag.py:3211} INFO - Sync 1 DAGs
[2024-09-19T18:36:35.889+0000] {logging_mixin.py:190} INFO - [2024-09-19T18:36:35.889+0000] {dag.py:4138} INFO - Setting next_dagrun for example_bash_decorator to None, run_after=None
[2024-09-19T18:36:35.907+0000] {processor.py:208} INFO - Processing /home/airflow/.local/lib/python3.12/site-packages/airflow/example_dags/example_bash_decorator.py took 0.056 seconds
[2024-09-19T18:37:07.058+0000] {processor.py:186} INFO - Started process (PID=2675) to work on /home/airflow/.local/lib/python3.12/site-packages/airflow/example_dags/example_bash_decorator.py
[2024-09-19T18:37:07.059+0000] {processor.py:914} INFO - Processing file /home/airflow/.local/lib/python3.12/site-packages/airflow/example_dags/example_bash_decorator.py for tasks to queue
[2024-09-19T18:37:07.060+0000] {logging_mixin.py:190} INFO - [2024-09-19T18:37:07.060+0000] {dagbag.py:587} INFO - Filling up the DagBag from /home/airflow/.local/lib/python3.12/site-packages/airflow/example_dags/example_bash_decorator.py
[2024-09-19T18:37:07.067+0000] {processor.py:925} INFO - DAG(s) 'example_bash_decorator' retrieved from /home/airflow/.local/lib/python3.12/site-packages/airflow/example_dags/example_bash_decorator.py
[2024-09-19T18:37:07.079+0000] {logging_mixin.py:190} INFO - [2024-09-19T18:37:07.079+0000] {dag.py:3211} INFO - Sync 1 DAGs
[2024-09-19T18:37:07.086+0000] {logging_mixin.py:190} INFO - [2024-09-19T18:37:07.086+0000] {dag.py:4138} INFO - Setting next_dagrun for example_bash_decorator to None, run_after=None
[2024-09-19T18:37:07.101+0000] {processor.py:208} INFO - Processing /home/airflow/.local/lib/python3.12/site-packages/airflow/example_dags/example_bash_decorator.py took 0.046 seconds
[2024-09-19T18:37:37.240+0000] {processor.py:186} INFO - Started process (PID=2737) to work on /home/airflow/.local/lib/python3.12/site-packages/airflow/example_dags/example_bash_decorator.py
[2024-09-19T18:37:37.241+0000] {processor.py:914} INFO - Processing file /home/airflow/.local/lib/python3.12/site-packages/airflow/example_dags/example_bash_decorator.py for tasks to queue
[2024-09-19T18:37:37.243+0000] {logging_mixin.py:190} INFO - [2024-09-19T18:37:37.243+0000] {dagbag.py:587} INFO - Filling up the DagBag from /home/airflow/.local/lib/python3.12/site-packages/airflow/example_dags/example_bash_decorator.py
[2024-09-19T18:37:37.252+0000] {processor.py:925} INFO - DAG(s) 'example_bash_decorator' retrieved from /home/airflow/.local/lib/python3.12/site-packages/airflow/example_dags/example_bash_decorator.py
[2024-09-19T18:37:37.265+0000] {logging_mixin.py:190} INFO - [2024-09-19T18:37:37.265+0000] {dag.py:3211} INFO - Sync 1 DAGs
[2024-09-19T18:37:37.278+0000] {logging_mixin.py:190} INFO - [2024-09-19T18:37:37.278+0000] {dag.py:4138} INFO - Setting next_dagrun for example_bash_decorator to None, run_after=None
[2024-09-19T18:37:37.289+0000] {processor.py:208} INFO - Processing /home/airflow/.local/lib/python3.12/site-packages/airflow/example_dags/example_bash_decorator.py took 0.053 seconds
[2024-09-19T18:38:07.556+0000] {processor.py:186} INFO - Started process (PID=2799) to work on /home/airflow/.local/lib/python3.12/site-packages/airflow/example_dags/example_bash_decorator.py
[2024-09-19T18:38:07.559+0000] {processor.py:914} INFO - Processing file /home/airflow/.local/lib/python3.12/site-packages/airflow/example_dags/example_bash_decorator.py for tasks to queue
[2024-09-19T18:38:07.560+0000] {logging_mixin.py:190} INFO - [2024-09-19T18:38:07.560+0000] {dagbag.py:587} INFO - Filling up the DagBag from /home/airflow/.local/lib/python3.12/site-packages/airflow/example_dags/example_bash_decorator.py
[2024-09-19T18:38:07.566+0000] {processor.py:925} INFO - DAG(s) 'example_bash_decorator' retrieved from /home/airflow/.local/lib/python3.12/site-packages/airflow/example_dags/example_bash_decorator.py
[2024-09-19T18:38:07.579+0000] {logging_mixin.py:190} INFO - [2024-09-19T18:38:07.579+0000] {dag.py:3211} INFO - Sync 1 DAGs
[2024-09-19T18:38:07.589+0000] {logging_mixin.py:190} INFO - [2024-09-19T18:38:07.589+0000] {dag.py:4138} INFO - Setting next_dagrun for example_bash_decorator to None, run_after=None
[2024-09-19T18:38:07.597+0000] {processor.py:208} INFO - Processing /home/airflow/.local/lib/python3.12/site-packages/airflow/example_dags/example_bash_decorator.py took 0.044 seconds
[2024-09-19T18:38:37.747+0000] {processor.py:186} INFO - Started process (PID=2861) to work on /home/airflow/.local/lib/python3.12/site-packages/airflow/example_dags/example_bash_decorator.py
[2024-09-19T18:38:37.750+0000] {processor.py:914} INFO - Processing file /home/airflow/.local/lib/python3.12/site-packages/airflow/example_dags/example_bash_decorator.py for tasks to queue
[2024-09-19T18:38:37.752+0000] {logging_mixin.py:190} INFO - [2024-09-19T18:38:37.752+0000] {dagbag.py:587} INFO - Filling up the DagBag from /home/airflow/.local/lib/python3.12/site-packages/airflow/example_dags/example_bash_decorator.py
[2024-09-19T18:38:37.759+0000] {processor.py:925} INFO - DAG(s) 'example_bash_decorator' retrieved from /home/airflow/.local/lib/python3.12/site-packages/airflow/example_dags/example_bash_decorator.py
[2024-09-19T18:38:37.784+0000] {logging_mixin.py:190} INFO - [2024-09-19T18:38:37.784+0000] {dag.py:3211} INFO - Sync 1 DAGs
[2024-09-19T18:38:37.791+0000] {logging_mixin.py:190} INFO - [2024-09-19T18:38:37.791+0000] {dag.py:4138} INFO - Setting next_dagrun for example_bash_decorator to None, run_after=None
[2024-09-19T18:38:37.802+0000] {processor.py:208} INFO - Processing /home/airflow/.local/lib/python3.12/site-packages/airflow/example_dags/example_bash_decorator.py took 0.057 seconds
[2024-09-19T18:39:07.948+0000] {processor.py:186} INFO - Started process (PID=2923) to work on /home/airflow/.local/lib/python3.12/site-packages/airflow/example_dags/example_bash_decorator.py
[2024-09-19T18:39:07.949+0000] {processor.py:914} INFO - Processing file /home/airflow/.local/lib/python3.12/site-packages/airflow/example_dags/example_bash_decorator.py for tasks to queue
[2024-09-19T18:39:07.950+0000] {logging_mixin.py:190} INFO - [2024-09-19T18:39:07.950+0000] {dagbag.py:587} INFO - Filling up the DagBag from /home/airflow/.local/lib/python3.12/site-packages/airflow/example_dags/example_bash_decorator.py
[2024-09-19T18:39:07.956+0000] {processor.py:925} INFO - DAG(s) 'example_bash_decorator' retrieved from /home/airflow/.local/lib/python3.12/site-packages/airflow/example_dags/example_bash_decorator.py
[2024-09-19T18:39:07.970+0000] {logging_mixin.py:190} INFO - [2024-09-19T18:39:07.970+0000] {dag.py:3211} INFO - Sync 1 DAGs
[2024-09-19T18:39:07.976+0000] {logging_mixin.py:190} INFO - [2024-09-19T18:39:07.975+0000] {dag.py:4138} INFO - Setting next_dagrun for example_bash_decorator to None, run_after=None
[2024-09-19T18:39:07.982+0000] {processor.py:208} INFO - Processing /home/airflow/.local/lib/python3.12/site-packages/airflow/example_dags/example_bash_decorator.py took 0.037 seconds
[2024-09-19T18:39:38.616+0000] {processor.py:186} INFO - Started process (PID=2985) to work on /home/airflow/.local/lib/python3.12/site-packages/airflow/example_dags/example_bash_decorator.py
[2024-09-19T18:39:38.617+0000] {processor.py:914} INFO - Processing file /home/airflow/.local/lib/python3.12/site-packages/airflow/example_dags/example_bash_decorator.py for tasks to queue
[2024-09-19T18:39:38.618+0000] {logging_mixin.py:190} INFO - [2024-09-19T18:39:38.618+0000] {dagbag.py:587} INFO - Filling up the DagBag from /home/airflow/.local/lib/python3.12/site-packages/airflow/example_dags/example_bash_decorator.py
[2024-09-19T18:39:38.628+0000] {processor.py:925} INFO - DAG(s) 'example_bash_decorator' retrieved from /home/airflow/.local/lib/python3.12/site-packages/airflow/example_dags/example_bash_decorator.py
[2024-09-19T18:39:38.640+0000] {logging_mixin.py:190} INFO - [2024-09-19T18:39:38.640+0000] {dag.py:3211} INFO - Sync 1 DAGs
[2024-09-19T18:39:38.647+0000] {logging_mixin.py:190} INFO - [2024-09-19T18:39:38.647+0000] {dag.py:4138} INFO - Setting next_dagrun for example_bash_decorator to None, run_after=None
[2024-09-19T18:39:38.663+0000] {processor.py:208} INFO - Processing /home/airflow/.local/lib/python3.12/site-packages/airflow/example_dags/example_bash_decorator.py took 0.050 seconds
[2024-09-19T18:40:09.681+0000] {processor.py:186} INFO - Started process (PID=3047) to work on /home/airflow/.local/lib/python3.12/site-packages/airflow/example_dags/example_bash_decorator.py
[2024-09-19T18:40:09.683+0000] {processor.py:914} INFO - Processing file /home/airflow/.local/lib/python3.12/site-packages/airflow/example_dags/example_bash_decorator.py for tasks to queue
[2024-09-19T18:40:09.685+0000] {logging_mixin.py:190} INFO - [2024-09-19T18:40:09.684+0000] {dagbag.py:587} INFO - Filling up the DagBag from /home/airflow/.local/lib/python3.12/site-packages/airflow/example_dags/example_bash_decorator.py
[2024-09-19T18:40:09.692+0000] {processor.py:925} INFO - DAG(s) 'example_bash_decorator' retrieved from /home/airflow/.local/lib/python3.12/site-packages/airflow/example_dags/example_bash_decorator.py
[2024-09-19T18:40:09.713+0000] {logging_mixin.py:190} INFO - [2024-09-19T18:40:09.713+0000] {dag.py:3211} INFO - Sync 1 DAGs
[2024-09-19T18:40:09.720+0000] {logging_mixin.py:190} INFO - [2024-09-19T18:40:09.720+0000] {dag.py:4138} INFO - Setting next_dagrun for example_bash_decorator to None, run_after=None
[2024-09-19T18:40:09.726+0000] {processor.py:208} INFO - Processing /home/airflow/.local/lib/python3.12/site-packages/airflow/example_dags/example_bash_decorator.py took 0.049 seconds
[2024-09-19T18:40:40.660+0000] {processor.py:186} INFO - Started process (PID=3109) to work on /home/airflow/.local/lib/python3.12/site-packages/airflow/example_dags/example_bash_decorator.py
[2024-09-19T18:40:40.662+0000] {processor.py:914} INFO - Processing file /home/airflow/.local/lib/python3.12/site-packages/airflow/example_dags/example_bash_decorator.py for tasks to queue
[2024-09-19T18:40:40.664+0000] {logging_mixin.py:190} INFO - [2024-09-19T18:40:40.664+0000] {dagbag.py:587} INFO - Filling up the DagBag from /home/airflow/.local/lib/python3.12/site-packages/airflow/example_dags/example_bash_decorator.py
[2024-09-19T18:40:40.671+0000] {processor.py:925} INFO - DAG(s) 'example_bash_decorator' retrieved from /home/airflow/.local/lib/python3.12/site-packages/airflow/example_dags/example_bash_decorator.py
[2024-09-19T18:40:40.684+0000] {logging_mixin.py:190} INFO - [2024-09-19T18:40:40.683+0000] {dag.py:3211} INFO - Sync 1 DAGs
[2024-09-19T18:40:40.689+0000] {logging_mixin.py:190} INFO - [2024-09-19T18:40:40.689+0000] {dag.py:4138} INFO - Setting next_dagrun for example_bash_decorator to None, run_after=None
[2024-09-19T18:40:40.696+0000] {processor.py:208} INFO - Processing /home/airflow/.local/lib/python3.12/site-packages/airflow/example_dags/example_bash_decorator.py took 0.040 seconds
[2024-09-19T18:41:11.608+0000] {processor.py:186} INFO - Started process (PID=3177) to work on /home/airflow/.local/lib/python3.12/site-packages/airflow/example_dags/example_bash_decorator.py
[2024-09-19T18:41:11.609+0000] {processor.py:914} INFO - Processing file /home/airflow/.local/lib/python3.12/site-packages/airflow/example_dags/example_bash_decorator.py for tasks to queue
[2024-09-19T18:41:11.611+0000] {logging_mixin.py:190} INFO - [2024-09-19T18:41:11.611+0000] {dagbag.py:587} INFO - Filling up the DagBag from /home/airflow/.local/lib/python3.12/site-packages/airflow/example_dags/example_bash_decorator.py
[2024-09-19T18:41:11.625+0000] {processor.py:925} INFO - DAG(s) 'example_bash_decorator' retrieved from /home/airflow/.local/lib/python3.12/site-packages/airflow/example_dags/example_bash_decorator.py
[2024-09-19T18:41:11.653+0000] {logging_mixin.py:190} INFO - [2024-09-19T18:41:11.653+0000] {dag.py:3211} INFO - Sync 1 DAGs
[2024-09-19T18:41:11.667+0000] {logging_mixin.py:190} INFO - [2024-09-19T18:41:11.666+0000] {dag.py:4138} INFO - Setting next_dagrun for example_bash_decorator to None, run_after=None
[2024-09-19T18:41:11.682+0000] {processor.py:208} INFO - Processing /home/airflow/.local/lib/python3.12/site-packages/airflow/example_dags/example_bash_decorator.py took 0.081 seconds
[2024-09-19T18:41:42.393+0000] {processor.py:186} INFO - Started process (PID=3239) to work on /home/airflow/.local/lib/python3.12/site-packages/airflow/example_dags/example_bash_decorator.py
[2024-09-19T18:41:42.393+0000] {processor.py:914} INFO - Processing file /home/airflow/.local/lib/python3.12/site-packages/airflow/example_dags/example_bash_decorator.py for tasks to queue
[2024-09-19T18:41:42.395+0000] {logging_mixin.py:190} INFO - [2024-09-19T18:41:42.395+0000] {dagbag.py:587} INFO - Filling up the DagBag from /home/airflow/.local/lib/python3.12/site-packages/airflow/example_dags/example_bash_decorator.py
[2024-09-19T18:41:42.407+0000] {processor.py:925} INFO - DAG(s) 'example_bash_decorator' retrieved from /home/airflow/.local/lib/python3.12/site-packages/airflow/example_dags/example_bash_decorator.py
[2024-09-19T18:41:42.438+0000] {logging_mixin.py:190} INFO - [2024-09-19T18:41:42.438+0000] {dag.py:3211} INFO - Sync 1 DAGs
[2024-09-19T18:41:42.447+0000] {logging_mixin.py:190} INFO - [2024-09-19T18:41:42.447+0000] {dag.py:4138} INFO - Setting next_dagrun for example_bash_decorator to None, run_after=None
[2024-09-19T18:41:42.459+0000] {processor.py:208} INFO - Processing /home/airflow/.local/lib/python3.12/site-packages/airflow/example_dags/example_bash_decorator.py took 0.069 seconds
[2024-09-19T18:42:13.245+0000] {processor.py:186} INFO - Started process (PID=3301) to work on /home/airflow/.local/lib/python3.12/site-packages/airflow/example_dags/example_bash_decorator.py
[2024-09-19T18:42:13.248+0000] {processor.py:914} INFO - Processing file /home/airflow/.local/lib/python3.12/site-packages/airflow/example_dags/example_bash_decorator.py for tasks to queue
[2024-09-19T18:42:13.249+0000] {logging_mixin.py:190} INFO - [2024-09-19T18:42:13.249+0000] {dagbag.py:587} INFO - Filling up the DagBag from /home/airflow/.local/lib/python3.12/site-packages/airflow/example_dags/example_bash_decorator.py
[2024-09-19T18:42:13.257+0000] {processor.py:925} INFO - DAG(s) 'example_bash_decorator' retrieved from /home/airflow/.local/lib/python3.12/site-packages/airflow/example_dags/example_bash_decorator.py
[2024-09-19T18:42:13.269+0000] {logging_mixin.py:190} INFO - [2024-09-19T18:42:13.268+0000] {dag.py:3211} INFO - Sync 1 DAGs
[2024-09-19T18:42:13.276+0000] {logging_mixin.py:190} INFO - [2024-09-19T18:42:13.275+0000] {dag.py:4138} INFO - Setting next_dagrun for example_bash_decorator to None, run_after=None
[2024-09-19T18:42:13.298+0000] {processor.py:208} INFO - Processing /home/airflow/.local/lib/python3.12/site-packages/airflow/example_dags/example_bash_decorator.py took 0.056 seconds
[2024-09-19T18:42:44.352+0000] {processor.py:186} INFO - Started process (PID=3363) to work on /home/airflow/.local/lib/python3.12/site-packages/airflow/example_dags/example_bash_decorator.py
[2024-09-19T18:42:44.356+0000] {processor.py:914} INFO - Processing file /home/airflow/.local/lib/python3.12/site-packages/airflow/example_dags/example_bash_decorator.py for tasks to queue
[2024-09-19T18:42:44.357+0000] {logging_mixin.py:190} INFO - [2024-09-19T18:42:44.357+0000] {dagbag.py:587} INFO - Filling up the DagBag from /home/airflow/.local/lib/python3.12/site-packages/airflow/example_dags/example_bash_decorator.py
[2024-09-19T18:42:44.364+0000] {processor.py:925} INFO - DAG(s) 'example_bash_decorator' retrieved from /home/airflow/.local/lib/python3.12/site-packages/airflow/example_dags/example_bash_decorator.py
[2024-09-19T18:42:44.376+0000] {logging_mixin.py:190} INFO - [2024-09-19T18:42:44.376+0000] {dag.py:3211} INFO - Sync 1 DAGs
[2024-09-19T18:42:44.390+0000] {logging_mixin.py:190} INFO - [2024-09-19T18:42:44.390+0000] {dag.py:4138} INFO - Setting next_dagrun for example_bash_decorator to None, run_after=None
[2024-09-19T18:42:44.406+0000] {processor.py:208} INFO - Processing /home/airflow/.local/lib/python3.12/site-packages/airflow/example_dags/example_bash_decorator.py took 0.056 seconds
[2024-09-19T18:43:15.285+0000] {processor.py:186} INFO - Started process (PID=3425) to work on /home/airflow/.local/lib/python3.12/site-packages/airflow/example_dags/example_bash_decorator.py
[2024-09-19T18:43:15.286+0000] {processor.py:914} INFO - Processing file /home/airflow/.local/lib/python3.12/site-packages/airflow/example_dags/example_bash_decorator.py for tasks to queue
[2024-09-19T18:43:15.288+0000] {logging_mixin.py:190} INFO - [2024-09-19T18:43:15.287+0000] {dagbag.py:587} INFO - Filling up the DagBag from /home/airflow/.local/lib/python3.12/site-packages/airflow/example_dags/example_bash_decorator.py
[2024-09-19T18:43:15.296+0000] {processor.py:925} INFO - DAG(s) 'example_bash_decorator' retrieved from /home/airflow/.local/lib/python3.12/site-packages/airflow/example_dags/example_bash_decorator.py
[2024-09-19T18:43:15.328+0000] {logging_mixin.py:190} INFO - [2024-09-19T18:43:15.327+0000] {dag.py:3211} INFO - Sync 1 DAGs
[2024-09-19T18:43:15.356+0000] {logging_mixin.py:190} INFO - [2024-09-19T18:43:15.355+0000] {dag.py:4138} INFO - Setting next_dagrun for example_bash_decorator to None, run_after=None
[2024-09-19T18:43:15.373+0000] {processor.py:208} INFO - Processing /home/airflow/.local/lib/python3.12/site-packages/airflow/example_dags/example_bash_decorator.py took 0.091 seconds
[2024-09-19T18:43:46.325+0000] {processor.py:186} INFO - Started process (PID=3487) to work on /home/airflow/.local/lib/python3.12/site-packages/airflow/example_dags/example_bash_decorator.py
[2024-09-19T18:43:46.326+0000] {processor.py:914} INFO - Processing file /home/airflow/.local/lib/python3.12/site-packages/airflow/example_dags/example_bash_decorator.py for tasks to queue
[2024-09-19T18:43:46.327+0000] {logging_mixin.py:190} INFO - [2024-09-19T18:43:46.327+0000] {dagbag.py:587} INFO - Filling up the DagBag from /home/airflow/.local/lib/python3.12/site-packages/airflow/example_dags/example_bash_decorator.py
[2024-09-19T18:43:46.334+0000] {processor.py:925} INFO - DAG(s) 'example_bash_decorator' retrieved from /home/airflow/.local/lib/python3.12/site-packages/airflow/example_dags/example_bash_decorator.py
[2024-09-19T18:43:46.345+0000] {logging_mixin.py:190} INFO - [2024-09-19T18:43:46.345+0000] {dag.py:3211} INFO - Sync 1 DAGs
[2024-09-19T18:43:46.352+0000] {logging_mixin.py:190} INFO - [2024-09-19T18:43:46.352+0000] {dag.py:4138} INFO - Setting next_dagrun for example_bash_decorator to None, run_after=None
[2024-09-19T18:43:46.363+0000] {processor.py:208} INFO - Processing /home/airflow/.local/lib/python3.12/site-packages/airflow/example_dags/example_bash_decorator.py took 0.041 seconds
[2024-09-19T18:44:17.013+0000] {processor.py:186} INFO - Started process (PID=3549) to work on /home/airflow/.local/lib/python3.12/site-packages/airflow/example_dags/example_bash_decorator.py
[2024-09-19T18:44:17.014+0000] {processor.py:914} INFO - Processing file /home/airflow/.local/lib/python3.12/site-packages/airflow/example_dags/example_bash_decorator.py for tasks to queue
[2024-09-19T18:44:17.015+0000] {logging_mixin.py:190} INFO - [2024-09-19T18:44:17.015+0000] {dagbag.py:587} INFO - Filling up the DagBag from /home/airflow/.local/lib/python3.12/site-packages/airflow/example_dags/example_bash_decorator.py
[2024-09-19T18:44:17.023+0000] {processor.py:925} INFO - DAG(s) 'example_bash_decorator' retrieved from /home/airflow/.local/lib/python3.12/site-packages/airflow/example_dags/example_bash_decorator.py
[2024-09-19T18:44:17.034+0000] {logging_mixin.py:190} INFO - [2024-09-19T18:44:17.033+0000] {dag.py:3211} INFO - Sync 1 DAGs
[2024-09-19T18:44:17.040+0000] {logging_mixin.py:190} INFO - [2024-09-19T18:44:17.040+0000] {dag.py:4138} INFO - Setting next_dagrun for example_bash_decorator to None, run_after=None
[2024-09-19T18:44:17.047+0000] {processor.py:208} INFO - Processing /home/airflow/.local/lib/python3.12/site-packages/airflow/example_dags/example_bash_decorator.py took 0.036 seconds
[2024-09-19T18:44:47.673+0000] {processor.py:186} INFO - Started process (PID=3611) to work on /home/airflow/.local/lib/python3.12/site-packages/airflow/example_dags/example_bash_decorator.py
[2024-09-19T18:44:47.677+0000] {processor.py:914} INFO - Processing file /home/airflow/.local/lib/python3.12/site-packages/airflow/example_dags/example_bash_decorator.py for tasks to queue
[2024-09-19T18:44:47.681+0000] {logging_mixin.py:190} INFO - [2024-09-19T18:44:47.681+0000] {dagbag.py:587} INFO - Filling up the DagBag from /home/airflow/.local/lib/python3.12/site-packages/airflow/example_dags/example_bash_decorator.py
[2024-09-19T18:44:47.705+0000] {processor.py:925} INFO - DAG(s) 'example_bash_decorator' retrieved from /home/airflow/.local/lib/python3.12/site-packages/airflow/example_dags/example_bash_decorator.py
[2024-09-19T18:44:47.737+0000] {logging_mixin.py:190} INFO - [2024-09-19T18:44:47.737+0000] {dag.py:3211} INFO - Sync 1 DAGs
[2024-09-19T18:44:47.862+0000] {logging_mixin.py:190} INFO - [2024-09-19T18:44:47.862+0000] {dag.py:4138} INFO - Setting next_dagrun for example_bash_decorator to None, run_after=None
[2024-09-19T18:44:47.871+0000] {processor.py:208} INFO - Processing /home/airflow/.local/lib/python3.12/site-packages/airflow/example_dags/example_bash_decorator.py took 0.201 seconds
[2024-09-19T18:45:19.080+0000] {processor.py:186} INFO - Started process (PID=3673) to work on /home/airflow/.local/lib/python3.12/site-packages/airflow/example_dags/example_bash_decorator.py
[2024-09-19T18:45:19.081+0000] {processor.py:914} INFO - Processing file /home/airflow/.local/lib/python3.12/site-packages/airflow/example_dags/example_bash_decorator.py for tasks to queue
[2024-09-19T18:45:19.084+0000] {logging_mixin.py:190} INFO - [2024-09-19T18:45:19.084+0000] {dagbag.py:587} INFO - Filling up the DagBag from /home/airflow/.local/lib/python3.12/site-packages/airflow/example_dags/example_bash_decorator.py
[2024-09-19T18:45:19.096+0000] {processor.py:925} INFO - DAG(s) 'example_bash_decorator' retrieved from /home/airflow/.local/lib/python3.12/site-packages/airflow/example_dags/example_bash_decorator.py
[2024-09-19T18:45:19.114+0000] {logging_mixin.py:190} INFO - [2024-09-19T18:45:19.114+0000] {dag.py:3211} INFO - Sync 1 DAGs
[2024-09-19T18:45:19.259+0000] {logging_mixin.py:190} INFO - [2024-09-19T18:45:19.259+0000] {dag.py:4138} INFO - Setting next_dagrun for example_bash_decorator to None, run_after=None
[2024-09-19T18:45:19.268+0000] {processor.py:208} INFO - Processing /home/airflow/.local/lib/python3.12/site-packages/airflow/example_dags/example_bash_decorator.py took 0.197 seconds
[2024-09-19T18:45:49.338+0000] {processor.py:186} INFO - Started process (PID=3735) to work on /home/airflow/.local/lib/python3.12/site-packages/airflow/example_dags/example_bash_decorator.py
[2024-09-19T18:45:49.342+0000] {processor.py:914} INFO - Processing file /home/airflow/.local/lib/python3.12/site-packages/airflow/example_dags/example_bash_decorator.py for tasks to queue
[2024-09-19T18:45:49.343+0000] {logging_mixin.py:190} INFO - [2024-09-19T18:45:49.343+0000] {dagbag.py:587} INFO - Filling up the DagBag from /home/airflow/.local/lib/python3.12/site-packages/airflow/example_dags/example_bash_decorator.py
[2024-09-19T18:45:49.351+0000] {processor.py:925} INFO - DAG(s) 'example_bash_decorator' retrieved from /home/airflow/.local/lib/python3.12/site-packages/airflow/example_dags/example_bash_decorator.py
[2024-09-19T18:45:49.364+0000] {logging_mixin.py:190} INFO - [2024-09-19T18:45:49.364+0000] {dag.py:3211} INFO - Sync 1 DAGs
[2024-09-19T18:45:49.376+0000] {logging_mixin.py:190} INFO - [2024-09-19T18:45:49.376+0000] {dag.py:4138} INFO - Setting next_dagrun for example_bash_decorator to None, run_after=None
[2024-09-19T18:45:49.393+0000] {processor.py:208} INFO - Processing /home/airflow/.local/lib/python3.12/site-packages/airflow/example_dags/example_bash_decorator.py took 0.059 seconds
[2024-09-19T18:46:19.904+0000] {processor.py:186} INFO - Started process (PID=3797) to work on /home/airflow/.local/lib/python3.12/site-packages/airflow/example_dags/example_bash_decorator.py
[2024-09-19T18:46:19.909+0000] {processor.py:914} INFO - Processing file /home/airflow/.local/lib/python3.12/site-packages/airflow/example_dags/example_bash_decorator.py for tasks to queue
[2024-09-19T18:46:19.910+0000] {logging_mixin.py:190} INFO - [2024-09-19T18:46:19.910+0000] {dagbag.py:587} INFO - Filling up the DagBag from /home/airflow/.local/lib/python3.12/site-packages/airflow/example_dags/example_bash_decorator.py
[2024-09-19T18:46:19.916+0000] {processor.py:925} INFO - DAG(s) 'example_bash_decorator' retrieved from /home/airflow/.local/lib/python3.12/site-packages/airflow/example_dags/example_bash_decorator.py
[2024-09-19T18:46:19.927+0000] {logging_mixin.py:190} INFO - [2024-09-19T18:46:19.927+0000] {dag.py:3211} INFO - Sync 1 DAGs
[2024-09-19T18:46:19.934+0000] {logging_mixin.py:190} INFO - [2024-09-19T18:46:19.934+0000] {dag.py:4138} INFO - Setting next_dagrun for example_bash_decorator to None, run_after=None
[2024-09-19T18:46:19.941+0000] {processor.py:208} INFO - Processing /home/airflow/.local/lib/python3.12/site-packages/airflow/example_dags/example_bash_decorator.py took 0.040 seconds
[2024-09-19T18:46:51.127+0000] {processor.py:186} INFO - Started process (PID=3859) to work on /home/airflow/.local/lib/python3.12/site-packages/airflow/example_dags/example_bash_decorator.py
[2024-09-19T18:46:51.130+0000] {processor.py:914} INFO - Processing file /home/airflow/.local/lib/python3.12/site-packages/airflow/example_dags/example_bash_decorator.py for tasks to queue
[2024-09-19T18:46:51.133+0000] {logging_mixin.py:190} INFO - [2024-09-19T18:46:51.133+0000] {dagbag.py:587} INFO - Filling up the DagBag from /home/airflow/.local/lib/python3.12/site-packages/airflow/example_dags/example_bash_decorator.py
[2024-09-19T18:46:51.143+0000] {processor.py:925} INFO - DAG(s) 'example_bash_decorator' retrieved from /home/airflow/.local/lib/python3.12/site-packages/airflow/example_dags/example_bash_decorator.py
[2024-09-19T18:46:51.155+0000] {logging_mixin.py:190} INFO - [2024-09-19T18:46:51.155+0000] {dag.py:3211} INFO - Sync 1 DAGs
[2024-09-19T18:46:51.161+0000] {logging_mixin.py:190} INFO - [2024-09-19T18:46:51.161+0000] {dag.py:4138} INFO - Setting next_dagrun for example_bash_decorator to None, run_after=None
[2024-09-19T18:46:51.168+0000] {processor.py:208} INFO - Processing /home/airflow/.local/lib/python3.12/site-packages/airflow/example_dags/example_bash_decorator.py took 0.044 seconds
[2024-09-19T18:47:22.044+0000] {processor.py:186} INFO - Started process (PID=3921) to work on /home/airflow/.local/lib/python3.12/site-packages/airflow/example_dags/example_bash_decorator.py
[2024-09-19T18:47:22.046+0000] {processor.py:914} INFO - Processing file /home/airflow/.local/lib/python3.12/site-packages/airflow/example_dags/example_bash_decorator.py for tasks to queue
[2024-09-19T18:47:22.051+0000] {logging_mixin.py:190} INFO - [2024-09-19T18:47:22.051+0000] {dagbag.py:587} INFO - Filling up the DagBag from /home/airflow/.local/lib/python3.12/site-packages/airflow/example_dags/example_bash_decorator.py
[2024-09-19T18:47:22.059+0000] {processor.py:925} INFO - DAG(s) 'example_bash_decorator' retrieved from /home/airflow/.local/lib/python3.12/site-packages/airflow/example_dags/example_bash_decorator.py
[2024-09-19T18:47:22.071+0000] {logging_mixin.py:190} INFO - [2024-09-19T18:47:22.071+0000] {dag.py:3211} INFO - Sync 1 DAGs
[2024-09-19T18:47:22.078+0000] {logging_mixin.py:190} INFO - [2024-09-19T18:47:22.078+0000] {dag.py:4138} INFO - Setting next_dagrun for example_bash_decorator to None, run_after=None
[2024-09-19T18:47:22.087+0000] {processor.py:208} INFO - Processing /home/airflow/.local/lib/python3.12/site-packages/airflow/example_dags/example_bash_decorator.py took 0.047 seconds
[2024-09-19T18:47:52.639+0000] {processor.py:186} INFO - Started process (PID=3983) to work on /home/airflow/.local/lib/python3.12/site-packages/airflow/example_dags/example_bash_decorator.py
[2024-09-19T18:47:52.645+0000] {processor.py:914} INFO - Processing file /home/airflow/.local/lib/python3.12/site-packages/airflow/example_dags/example_bash_decorator.py for tasks to queue
[2024-09-19T18:47:52.647+0000] {logging_mixin.py:190} INFO - [2024-09-19T18:47:52.647+0000] {dagbag.py:587} INFO - Filling up the DagBag from /home/airflow/.local/lib/python3.12/site-packages/airflow/example_dags/example_bash_decorator.py
[2024-09-19T18:47:52.656+0000] {processor.py:925} INFO - DAG(s) 'example_bash_decorator' retrieved from /home/airflow/.local/lib/python3.12/site-packages/airflow/example_dags/example_bash_decorator.py
[2024-09-19T18:47:52.671+0000] {logging_mixin.py:190} INFO - [2024-09-19T18:47:52.671+0000] {dag.py:3211} INFO - Sync 1 DAGs
[2024-09-19T18:47:52.687+0000] {logging_mixin.py:190} INFO - [2024-09-19T18:47:52.687+0000] {dag.py:4138} INFO - Setting next_dagrun for example_bash_decorator to None, run_after=None
[2024-09-19T18:47:52.696+0000] {processor.py:208} INFO - Processing /home/airflow/.local/lib/python3.12/site-packages/airflow/example_dags/example_bash_decorator.py took 0.062 seconds
[2024-09-19T18:48:23.391+0000] {processor.py:186} INFO - Started process (PID=4045) to work on /home/airflow/.local/lib/python3.12/site-packages/airflow/example_dags/example_bash_decorator.py
[2024-09-19T18:48:23.393+0000] {processor.py:914} INFO - Processing file /home/airflow/.local/lib/python3.12/site-packages/airflow/example_dags/example_bash_decorator.py for tasks to queue
[2024-09-19T18:48:23.394+0000] {logging_mixin.py:190} INFO - [2024-09-19T18:48:23.394+0000] {dagbag.py:587} INFO - Filling up the DagBag from /home/airflow/.local/lib/python3.12/site-packages/airflow/example_dags/example_bash_decorator.py
[2024-09-19T18:48:23.401+0000] {processor.py:925} INFO - DAG(s) 'example_bash_decorator' retrieved from /home/airflow/.local/lib/python3.12/site-packages/airflow/example_dags/example_bash_decorator.py
[2024-09-19T18:48:23.411+0000] {logging_mixin.py:190} INFO - [2024-09-19T18:48:23.411+0000] {dag.py:3211} INFO - Sync 1 DAGs
[2024-09-19T18:48:23.420+0000] {logging_mixin.py:190} INFO - [2024-09-19T18:48:23.420+0000] {dag.py:4138} INFO - Setting next_dagrun for example_bash_decorator to None, run_after=None
[2024-09-19T18:48:23.429+0000] {processor.py:208} INFO - Processing /home/airflow/.local/lib/python3.12/site-packages/airflow/example_dags/example_bash_decorator.py took 0.040 seconds
[2024-09-19T18:48:53.951+0000] {processor.py:186} INFO - Started process (PID=4107) to work on /home/airflow/.local/lib/python3.12/site-packages/airflow/example_dags/example_bash_decorator.py
[2024-09-19T18:48:53.953+0000] {processor.py:914} INFO - Processing file /home/airflow/.local/lib/python3.12/site-packages/airflow/example_dags/example_bash_decorator.py for tasks to queue
[2024-09-19T18:48:53.956+0000] {logging_mixin.py:190} INFO - [2024-09-19T18:48:53.955+0000] {dagbag.py:587} INFO - Filling up the DagBag from /home/airflow/.local/lib/python3.12/site-packages/airflow/example_dags/example_bash_decorator.py
[2024-09-19T18:48:53.969+0000] {processor.py:925} INFO - DAG(s) 'example_bash_decorator' retrieved from /home/airflow/.local/lib/python3.12/site-packages/airflow/example_dags/example_bash_decorator.py
[2024-09-19T18:48:53.987+0000] {logging_mixin.py:190} INFO - [2024-09-19T18:48:53.987+0000] {dag.py:3211} INFO - Sync 1 DAGs
[2024-09-19T18:48:53.996+0000] {logging_mixin.py:190} INFO - [2024-09-19T18:48:53.996+0000] {dag.py:4138} INFO - Setting next_dagrun for example_bash_decorator to None, run_after=None
[2024-09-19T18:48:54.007+0000] {processor.py:208} INFO - Processing /home/airflow/.local/lib/python3.12/site-packages/airflow/example_dags/example_bash_decorator.py took 0.060 seconds
[2024-09-19T18:49:24.733+0000] {processor.py:186} INFO - Started process (PID=4169) to work on /home/airflow/.local/lib/python3.12/site-packages/airflow/example_dags/example_bash_decorator.py
[2024-09-19T18:49:24.735+0000] {processor.py:914} INFO - Processing file /home/airflow/.local/lib/python3.12/site-packages/airflow/example_dags/example_bash_decorator.py for tasks to queue
[2024-09-19T18:49:24.736+0000] {logging_mixin.py:190} INFO - [2024-09-19T18:49:24.736+0000] {dagbag.py:587} INFO - Filling up the DagBag from /home/airflow/.local/lib/python3.12/site-packages/airflow/example_dags/example_bash_decorator.py
[2024-09-19T18:49:24.744+0000] {processor.py:925} INFO - DAG(s) 'example_bash_decorator' retrieved from /home/airflow/.local/lib/python3.12/site-packages/airflow/example_dags/example_bash_decorator.py
[2024-09-19T18:49:24.754+0000] {logging_mixin.py:190} INFO - [2024-09-19T18:49:24.754+0000] {dag.py:3211} INFO - Sync 1 DAGs
[2024-09-19T18:49:24.761+0000] {logging_mixin.py:190} INFO - [2024-09-19T18:49:24.761+0000] {dag.py:4138} INFO - Setting next_dagrun for example_bash_decorator to None, run_after=None
[2024-09-19T18:49:24.769+0000] {processor.py:208} INFO - Processing /home/airflow/.local/lib/python3.12/site-packages/airflow/example_dags/example_bash_decorator.py took 0.038 seconds
[2024-09-19T18:49:55.557+0000] {processor.py:186} INFO - Started process (PID=4231) to work on /home/airflow/.local/lib/python3.12/site-packages/airflow/example_dags/example_bash_decorator.py
[2024-09-19T18:49:55.559+0000] {processor.py:914} INFO - Processing file /home/airflow/.local/lib/python3.12/site-packages/airflow/example_dags/example_bash_decorator.py for tasks to queue
[2024-09-19T18:49:55.561+0000] {logging_mixin.py:190} INFO - [2024-09-19T18:49:55.561+0000] {dagbag.py:587} INFO - Filling up the DagBag from /home/airflow/.local/lib/python3.12/site-packages/airflow/example_dags/example_bash_decorator.py
[2024-09-19T18:49:55.568+0000] {processor.py:925} INFO - DAG(s) 'example_bash_decorator' retrieved from /home/airflow/.local/lib/python3.12/site-packages/airflow/example_dags/example_bash_decorator.py
[2024-09-19T18:49:55.581+0000] {logging_mixin.py:190} INFO - [2024-09-19T18:49:55.581+0000] {dag.py:3211} INFO - Sync 1 DAGs
[2024-09-19T18:49:55.587+0000] {logging_mixin.py:190} INFO - [2024-09-19T18:49:55.587+0000] {dag.py:4138} INFO - Setting next_dagrun for example_bash_decorator to None, run_after=None
[2024-09-19T18:49:55.595+0000] {processor.py:208} INFO - Processing /home/airflow/.local/lib/python3.12/site-packages/airflow/example_dags/example_bash_decorator.py took 0.042 seconds
[2024-09-19T18:50:27.173+0000] {processor.py:186} INFO - Started process (PID=4293) to work on /home/airflow/.local/lib/python3.12/site-packages/airflow/example_dags/example_bash_decorator.py
[2024-09-19T18:50:27.174+0000] {processor.py:914} INFO - Processing file /home/airflow/.local/lib/python3.12/site-packages/airflow/example_dags/example_bash_decorator.py for tasks to queue
[2024-09-19T18:50:27.176+0000] {logging_mixin.py:190} INFO - [2024-09-19T18:50:27.176+0000] {dagbag.py:587} INFO - Filling up the DagBag from /home/airflow/.local/lib/python3.12/site-packages/airflow/example_dags/example_bash_decorator.py
[2024-09-19T18:50:27.183+0000] {processor.py:925} INFO - DAG(s) 'example_bash_decorator' retrieved from /home/airflow/.local/lib/python3.12/site-packages/airflow/example_dags/example_bash_decorator.py
[2024-09-19T18:50:27.194+0000] {logging_mixin.py:190} INFO - [2024-09-19T18:50:27.194+0000] {dag.py:3211} INFO - Sync 1 DAGs
[2024-09-19T18:50:27.199+0000] {logging_mixin.py:190} INFO - [2024-09-19T18:50:27.199+0000] {dag.py:4138} INFO - Setting next_dagrun for example_bash_decorator to None, run_after=None
[2024-09-19T18:50:27.205+0000] {processor.py:208} INFO - Processing /home/airflow/.local/lib/python3.12/site-packages/airflow/example_dags/example_bash_decorator.py took 0.036 seconds
[2024-09-19T18:50:57.873+0000] {processor.py:186} INFO - Started process (PID=4355) to work on /home/airflow/.local/lib/python3.12/site-packages/airflow/example_dags/example_bash_decorator.py
[2024-09-19T18:50:57.874+0000] {processor.py:914} INFO - Processing file /home/airflow/.local/lib/python3.12/site-packages/airflow/example_dags/example_bash_decorator.py for tasks to queue
[2024-09-19T18:50:57.876+0000] {logging_mixin.py:190} INFO - [2024-09-19T18:50:57.875+0000] {dagbag.py:587} INFO - Filling up the DagBag from /home/airflow/.local/lib/python3.12/site-packages/airflow/example_dags/example_bash_decorator.py
[2024-09-19T18:50:57.886+0000] {processor.py:925} INFO - DAG(s) 'example_bash_decorator' retrieved from /home/airflow/.local/lib/python3.12/site-packages/airflow/example_dags/example_bash_decorator.py
[2024-09-19T18:50:57.898+0000] {logging_mixin.py:190} INFO - [2024-09-19T18:50:57.898+0000] {dag.py:3211} INFO - Sync 1 DAGs
[2024-09-19T18:50:57.904+0000] {logging_mixin.py:190} INFO - [2024-09-19T18:50:57.904+0000] {dag.py:4138} INFO - Setting next_dagrun for example_bash_decorator to None, run_after=None
[2024-09-19T18:50:57.910+0000] {processor.py:208} INFO - Processing /home/airflow/.local/lib/python3.12/site-packages/airflow/example_dags/example_bash_decorator.py took 0.042 seconds
[2024-09-19T18:51:28.351+0000] {processor.py:186} INFO - Started process (PID=4417) to work on /home/airflow/.local/lib/python3.12/site-packages/airflow/example_dags/example_bash_decorator.py
[2024-09-19T18:51:28.352+0000] {processor.py:914} INFO - Processing file /home/airflow/.local/lib/python3.12/site-packages/airflow/example_dags/example_bash_decorator.py for tasks to queue
[2024-09-19T18:51:28.353+0000] {logging_mixin.py:190} INFO - [2024-09-19T18:51:28.352+0000] {dagbag.py:587} INFO - Filling up the DagBag from /home/airflow/.local/lib/python3.12/site-packages/airflow/example_dags/example_bash_decorator.py
[2024-09-19T18:51:28.359+0000] {processor.py:925} INFO - DAG(s) 'example_bash_decorator' retrieved from /home/airflow/.local/lib/python3.12/site-packages/airflow/example_dags/example_bash_decorator.py
[2024-09-19T18:51:28.368+0000] {logging_mixin.py:190} INFO - [2024-09-19T18:51:28.368+0000] {dag.py:3211} INFO - Sync 1 DAGs
[2024-09-19T18:51:28.373+0000] {logging_mixin.py:190} INFO - [2024-09-19T18:51:28.373+0000] {dag.py:4138} INFO - Setting next_dagrun for example_bash_decorator to None, run_after=None
[2024-09-19T18:51:28.380+0000] {processor.py:208} INFO - Processing /home/airflow/.local/lib/python3.12/site-packages/airflow/example_dags/example_bash_decorator.py took 0.032 seconds
[2024-09-19T18:51:59.160+0000] {processor.py:186} INFO - Started process (PID=4479) to work on /home/airflow/.local/lib/python3.12/site-packages/airflow/example_dags/example_bash_decorator.py
[2024-09-19T18:51:59.163+0000] {processor.py:914} INFO - Processing file /home/airflow/.local/lib/python3.12/site-packages/airflow/example_dags/example_bash_decorator.py for tasks to queue
[2024-09-19T18:51:59.164+0000] {logging_mixin.py:190} INFO - [2024-09-19T18:51:59.163+0000] {dagbag.py:587} INFO - Filling up the DagBag from /home/airflow/.local/lib/python3.12/site-packages/airflow/example_dags/example_bash_decorator.py
[2024-09-19T18:51:59.171+0000] {processor.py:925} INFO - DAG(s) 'example_bash_decorator' retrieved from /home/airflow/.local/lib/python3.12/site-packages/airflow/example_dags/example_bash_decorator.py
[2024-09-19T18:51:59.181+0000] {logging_mixin.py:190} INFO - [2024-09-19T18:51:59.181+0000] {dag.py:3211} INFO - Sync 1 DAGs
[2024-09-19T18:51:59.187+0000] {logging_mixin.py:190} INFO - [2024-09-19T18:51:59.187+0000] {dag.py:4138} INFO - Setting next_dagrun for example_bash_decorator to None, run_after=None
[2024-09-19T18:51:59.194+0000] {processor.py:208} INFO - Processing /home/airflow/.local/lib/python3.12/site-packages/airflow/example_dags/example_bash_decorator.py took 0.038 seconds
