[2024-09-19T18:15:41.092+0000] {processor.py:186} INFO - Started process (PID=70) to work on /home/airflow/.local/lib/python3.12/site-packages/airflow/example_dags/example_complex.py
[2024-09-19T18:15:41.097+0000] {processor.py:914} INFO - Processing file /home/airflow/.local/lib/python3.12/site-packages/airflow/example_dags/example_complex.py for tasks to queue
[2024-09-19T18:15:41.100+0000] {logging_mixin.py:190} INFO - [2024-09-19T18:15:41.099+0000] {dagbag.py:587} INFO - Filling up the DagBag from /home/airflow/.local/lib/python3.12/site-packages/airflow/example_dags/example_complex.py
[2024-09-19T18:15:41.108+0000] {processor.py:925} INFO - DAG(s) 'example_complex' retrieved from /home/airflow/.local/lib/python3.12/site-packages/airflow/example_dags/example_complex.py
[2024-09-19T18:15:41.143+0000] {logging_mixin.py:190} INFO - [2024-09-19T18:15:41.143+0000] {dag.py:3211} INFO - Sync 1 DAGs
[2024-09-19T18:15:41.149+0000] {logging_mixin.py:190} INFO - [2024-09-19T18:15:41.149+0000] {dag.py:4138} INFO - Setting next_dagrun for example_complex to None, run_after=None
[2024-09-19T18:15:41.164+0000] {processor.py:208} INFO - Processing /home/airflow/.local/lib/python3.12/site-packages/airflow/example_dags/example_complex.py took 0.077 seconds
[2024-09-19T18:16:11.746+0000] {processor.py:186} INFO - Started process (PID=137) to work on /home/airflow/.local/lib/python3.12/site-packages/airflow/example_dags/example_complex.py
[2024-09-19T18:16:11.751+0000] {processor.py:914} INFO - Processing file /home/airflow/.local/lib/python3.12/site-packages/airflow/example_dags/example_complex.py for tasks to queue
[2024-09-19T18:16:11.753+0000] {logging_mixin.py:190} INFO - [2024-09-19T18:16:11.753+0000] {dagbag.py:587} INFO - Filling up the DagBag from /home/airflow/.local/lib/python3.12/site-packages/airflow/example_dags/example_complex.py
[2024-09-19T18:16:11.762+0000] {processor.py:925} INFO - DAG(s) 'example_complex' retrieved from /home/airflow/.local/lib/python3.12/site-packages/airflow/example_dags/example_complex.py
[2024-09-19T18:16:11.798+0000] {logging_mixin.py:190} INFO - [2024-09-19T18:16:11.797+0000] {dag.py:3211} INFO - Sync 1 DAGs
[2024-09-19T18:16:11.811+0000] {logging_mixin.py:190} INFO - [2024-09-19T18:16:11.810+0000] {dag.py:4138} INFO - Setting next_dagrun for example_complex to None, run_after=None
[2024-09-19T18:16:11.826+0000] {processor.py:208} INFO - Processing /home/airflow/.local/lib/python3.12/site-packages/airflow/example_dags/example_complex.py took 0.086 seconds
[2024-09-19T18:16:42.013+0000] {processor.py:186} INFO - Started process (PID=199) to work on /home/airflow/.local/lib/python3.12/site-packages/airflow/example_dags/example_complex.py
[2024-09-19T18:16:42.014+0000] {processor.py:914} INFO - Processing file /home/airflow/.local/lib/python3.12/site-packages/airflow/example_dags/example_complex.py for tasks to queue
[2024-09-19T18:16:42.015+0000] {logging_mixin.py:190} INFO - [2024-09-19T18:16:42.015+0000] {dagbag.py:587} INFO - Filling up the DagBag from /home/airflow/.local/lib/python3.12/site-packages/airflow/example_dags/example_complex.py
[2024-09-19T18:16:42.023+0000] {processor.py:925} INFO - DAG(s) 'example_complex' retrieved from /home/airflow/.local/lib/python3.12/site-packages/airflow/example_dags/example_complex.py
[2024-09-19T18:16:42.044+0000] {logging_mixin.py:190} INFO - [2024-09-19T18:16:42.044+0000] {dag.py:3211} INFO - Sync 1 DAGs
[2024-09-19T18:16:42.053+0000] {logging_mixin.py:190} INFO - [2024-09-19T18:16:42.052+0000] {dag.py:4138} INFO - Setting next_dagrun for example_complex to None, run_after=None
[2024-09-19T18:16:42.063+0000] {processor.py:208} INFO - Processing /home/airflow/.local/lib/python3.12/site-packages/airflow/example_dags/example_complex.py took 0.053 seconds
[2024-09-19T18:17:12.383+0000] {processor.py:186} INFO - Started process (PID=261) to work on /home/airflow/.local/lib/python3.12/site-packages/airflow/example_dags/example_complex.py
[2024-09-19T18:17:12.384+0000] {processor.py:914} INFO - Processing file /home/airflow/.local/lib/python3.12/site-packages/airflow/example_dags/example_complex.py for tasks to queue
[2024-09-19T18:17:12.385+0000] {logging_mixin.py:190} INFO - [2024-09-19T18:17:12.385+0000] {dagbag.py:587} INFO - Filling up the DagBag from /home/airflow/.local/lib/python3.12/site-packages/airflow/example_dags/example_complex.py
[2024-09-19T18:17:12.390+0000] {processor.py:925} INFO - DAG(s) 'example_complex' retrieved from /home/airflow/.local/lib/python3.12/site-packages/airflow/example_dags/example_complex.py
[2024-09-19T18:17:12.406+0000] {logging_mixin.py:190} INFO - [2024-09-19T18:17:12.406+0000] {dag.py:3211} INFO - Sync 1 DAGs
[2024-09-19T18:17:12.413+0000] {logging_mixin.py:190} INFO - [2024-09-19T18:17:12.413+0000] {dag.py:4138} INFO - Setting next_dagrun for example_complex to None, run_after=None
[2024-09-19T18:17:12.428+0000] {processor.py:208} INFO - Processing /home/airflow/.local/lib/python3.12/site-packages/airflow/example_dags/example_complex.py took 0.047 seconds
[2024-09-19T18:17:42.700+0000] {processor.py:186} INFO - Started process (PID=323) to work on /home/airflow/.local/lib/python3.12/site-packages/airflow/example_dags/example_complex.py
[2024-09-19T18:17:42.700+0000] {processor.py:914} INFO - Processing file /home/airflow/.local/lib/python3.12/site-packages/airflow/example_dags/example_complex.py for tasks to queue
[2024-09-19T18:17:42.701+0000] {logging_mixin.py:190} INFO - [2024-09-19T18:17:42.701+0000] {dagbag.py:587} INFO - Filling up the DagBag from /home/airflow/.local/lib/python3.12/site-packages/airflow/example_dags/example_complex.py
[2024-09-19T18:17:42.706+0000] {processor.py:925} INFO - DAG(s) 'example_complex' retrieved from /home/airflow/.local/lib/python3.12/site-packages/airflow/example_dags/example_complex.py
[2024-09-19T18:17:42.728+0000] {logging_mixin.py:190} INFO - [2024-09-19T18:17:42.728+0000] {dag.py:3211} INFO - Sync 1 DAGs
[2024-09-19T18:17:42.735+0000] {logging_mixin.py:190} INFO - [2024-09-19T18:17:42.735+0000] {dag.py:4138} INFO - Setting next_dagrun for example_complex to None, run_after=None
[2024-09-19T18:17:42.747+0000] {processor.py:208} INFO - Processing /home/airflow/.local/lib/python3.12/site-packages/airflow/example_dags/example_complex.py took 0.050 seconds
[2024-09-19T18:18:13.183+0000] {processor.py:186} INFO - Started process (PID=385) to work on /home/airflow/.local/lib/python3.12/site-packages/airflow/example_dags/example_complex.py
[2024-09-19T18:18:13.183+0000] {processor.py:914} INFO - Processing file /home/airflow/.local/lib/python3.12/site-packages/airflow/example_dags/example_complex.py for tasks to queue
[2024-09-19T18:18:13.185+0000] {logging_mixin.py:190} INFO - [2024-09-19T18:18:13.185+0000] {dagbag.py:587} INFO - Filling up the DagBag from /home/airflow/.local/lib/python3.12/site-packages/airflow/example_dags/example_complex.py
[2024-09-19T18:18:13.196+0000] {processor.py:925} INFO - DAG(s) 'example_complex' retrieved from /home/airflow/.local/lib/python3.12/site-packages/airflow/example_dags/example_complex.py
[2024-09-19T18:18:13.225+0000] {logging_mixin.py:190} INFO - [2024-09-19T18:18:13.224+0000] {dag.py:3211} INFO - Sync 1 DAGs
[2024-09-19T18:18:13.235+0000] {logging_mixin.py:190} INFO - [2024-09-19T18:18:13.235+0000] {dag.py:4138} INFO - Setting next_dagrun for example_complex to None, run_after=None
[2024-09-19T18:18:13.248+0000] {processor.py:208} INFO - Processing /home/airflow/.local/lib/python3.12/site-packages/airflow/example_dags/example_complex.py took 0.070 seconds
[2024-09-19T18:18:44.051+0000] {processor.py:186} INFO - Started process (PID=447) to work on /home/airflow/.local/lib/python3.12/site-packages/airflow/example_dags/example_complex.py
[2024-09-19T18:18:44.052+0000] {processor.py:914} INFO - Processing file /home/airflow/.local/lib/python3.12/site-packages/airflow/example_dags/example_complex.py for tasks to queue
[2024-09-19T18:18:44.054+0000] {logging_mixin.py:190} INFO - [2024-09-19T18:18:44.053+0000] {dagbag.py:587} INFO - Filling up the DagBag from /home/airflow/.local/lib/python3.12/site-packages/airflow/example_dags/example_complex.py
[2024-09-19T18:18:44.062+0000] {processor.py:925} INFO - DAG(s) 'example_complex' retrieved from /home/airflow/.local/lib/python3.12/site-packages/airflow/example_dags/example_complex.py
[2024-09-19T18:18:44.083+0000] {logging_mixin.py:190} INFO - [2024-09-19T18:18:44.083+0000] {dag.py:3211} INFO - Sync 1 DAGs
[2024-09-19T18:18:44.093+0000] {logging_mixin.py:190} INFO - [2024-09-19T18:18:44.093+0000] {dag.py:4138} INFO - Setting next_dagrun for example_complex to None, run_after=None
[2024-09-19T18:18:44.110+0000] {processor.py:208} INFO - Processing /home/airflow/.local/lib/python3.12/site-packages/airflow/example_dags/example_complex.py took 0.062 seconds
[2024-09-19T18:19:14.821+0000] {processor.py:186} INFO - Started process (PID=509) to work on /home/airflow/.local/lib/python3.12/site-packages/airflow/example_dags/example_complex.py
[2024-09-19T18:19:14.822+0000] {processor.py:914} INFO - Processing file /home/airflow/.local/lib/python3.12/site-packages/airflow/example_dags/example_complex.py for tasks to queue
[2024-09-19T18:19:14.823+0000] {logging_mixin.py:190} INFO - [2024-09-19T18:19:14.823+0000] {dagbag.py:587} INFO - Filling up the DagBag from /home/airflow/.local/lib/python3.12/site-packages/airflow/example_dags/example_complex.py
[2024-09-19T18:19:14.831+0000] {processor.py:925} INFO - DAG(s) 'example_complex' retrieved from /home/airflow/.local/lib/python3.12/site-packages/airflow/example_dags/example_complex.py
[2024-09-19T18:19:14.848+0000] {logging_mixin.py:190} INFO - [2024-09-19T18:19:14.848+0000] {dag.py:3211} INFO - Sync 1 DAGs
[2024-09-19T18:19:14.856+0000] {logging_mixin.py:190} INFO - [2024-09-19T18:19:14.856+0000] {dag.py:4138} INFO - Setting next_dagrun for example_complex to None, run_after=None
[2024-09-19T18:19:14.864+0000] {processor.py:208} INFO - Processing /home/airflow/.local/lib/python3.12/site-packages/airflow/example_dags/example_complex.py took 0.047 seconds
[2024-09-19T18:19:45.652+0000] {processor.py:186} INFO - Started process (PID=571) to work on /home/airflow/.local/lib/python3.12/site-packages/airflow/example_dags/example_complex.py
[2024-09-19T18:19:45.654+0000] {processor.py:914} INFO - Processing file /home/airflow/.local/lib/python3.12/site-packages/airflow/example_dags/example_complex.py for tasks to queue
[2024-09-19T18:19:45.655+0000] {logging_mixin.py:190} INFO - [2024-09-19T18:19:45.655+0000] {dagbag.py:587} INFO - Filling up the DagBag from /home/airflow/.local/lib/python3.12/site-packages/airflow/example_dags/example_complex.py
[2024-09-19T18:19:45.660+0000] {processor.py:925} INFO - DAG(s) 'example_complex' retrieved from /home/airflow/.local/lib/python3.12/site-packages/airflow/example_dags/example_complex.py
[2024-09-19T18:19:45.679+0000] {logging_mixin.py:190} INFO - [2024-09-19T18:19:45.679+0000] {dag.py:3211} INFO - Sync 1 DAGs
[2024-09-19T18:19:45.686+0000] {logging_mixin.py:190} INFO - [2024-09-19T18:19:45.686+0000] {dag.py:4138} INFO - Setting next_dagrun for example_complex to None, run_after=None
[2024-09-19T18:19:45.696+0000] {processor.py:208} INFO - Processing /home/airflow/.local/lib/python3.12/site-packages/airflow/example_dags/example_complex.py took 0.047 seconds
[2024-09-19T18:20:16.534+0000] {processor.py:186} INFO - Started process (PID=633) to work on /home/airflow/.local/lib/python3.12/site-packages/airflow/example_dags/example_complex.py
[2024-09-19T18:20:16.535+0000] {processor.py:914} INFO - Processing file /home/airflow/.local/lib/python3.12/site-packages/airflow/example_dags/example_complex.py for tasks to queue
[2024-09-19T18:20:16.537+0000] {logging_mixin.py:190} INFO - [2024-09-19T18:20:16.537+0000] {dagbag.py:587} INFO - Filling up the DagBag from /home/airflow/.local/lib/python3.12/site-packages/airflow/example_dags/example_complex.py
[2024-09-19T18:20:16.542+0000] {processor.py:925} INFO - DAG(s) 'example_complex' retrieved from /home/airflow/.local/lib/python3.12/site-packages/airflow/example_dags/example_complex.py
[2024-09-19T18:20:16.559+0000] {logging_mixin.py:190} INFO - [2024-09-19T18:20:16.558+0000] {dag.py:3211} INFO - Sync 1 DAGs
[2024-09-19T18:20:16.564+0000] {logging_mixin.py:190} INFO - [2024-09-19T18:20:16.564+0000] {dag.py:4138} INFO - Setting next_dagrun for example_complex to None, run_after=None
[2024-09-19T18:20:16.574+0000] {processor.py:208} INFO - Processing /home/airflow/.local/lib/python3.12/site-packages/airflow/example_dags/example_complex.py took 0.042 seconds
[2024-09-19T18:20:47.461+0000] {processor.py:186} INFO - Started process (PID=695) to work on /home/airflow/.local/lib/python3.12/site-packages/airflow/example_dags/example_complex.py
[2024-09-19T18:20:47.461+0000] {processor.py:914} INFO - Processing file /home/airflow/.local/lib/python3.12/site-packages/airflow/example_dags/example_complex.py for tasks to queue
[2024-09-19T18:20:47.462+0000] {logging_mixin.py:190} INFO - [2024-09-19T18:20:47.462+0000] {dagbag.py:587} INFO - Filling up the DagBag from /home/airflow/.local/lib/python3.12/site-packages/airflow/example_dags/example_complex.py
[2024-09-19T18:20:47.469+0000] {processor.py:925} INFO - DAG(s) 'example_complex' retrieved from /home/airflow/.local/lib/python3.12/site-packages/airflow/example_dags/example_complex.py
[2024-09-19T18:20:47.495+0000] {logging_mixin.py:190} INFO - [2024-09-19T18:20:47.495+0000] {dag.py:3211} INFO - Sync 1 DAGs
[2024-09-19T18:20:47.502+0000] {logging_mixin.py:190} INFO - [2024-09-19T18:20:47.502+0000] {dag.py:4138} INFO - Setting next_dagrun for example_complex to None, run_after=None
[2024-09-19T18:20:47.512+0000] {processor.py:208} INFO - Processing /home/airflow/.local/lib/python3.12/site-packages/airflow/example_dags/example_complex.py took 0.054 seconds
[2024-09-19T18:21:18.438+0000] {processor.py:186} INFO - Started process (PID=757) to work on /home/airflow/.local/lib/python3.12/site-packages/airflow/example_dags/example_complex.py
[2024-09-19T18:21:18.439+0000] {processor.py:914} INFO - Processing file /home/airflow/.local/lib/python3.12/site-packages/airflow/example_dags/example_complex.py for tasks to queue
[2024-09-19T18:21:18.441+0000] {logging_mixin.py:190} INFO - [2024-09-19T18:21:18.440+0000] {dagbag.py:587} INFO - Filling up the DagBag from /home/airflow/.local/lib/python3.12/site-packages/airflow/example_dags/example_complex.py
[2024-09-19T18:21:18.446+0000] {processor.py:925} INFO - DAG(s) 'example_complex' retrieved from /home/airflow/.local/lib/python3.12/site-packages/airflow/example_dags/example_complex.py
[2024-09-19T18:21:18.459+0000] {logging_mixin.py:190} INFO - [2024-09-19T18:21:18.459+0000] {dag.py:3211} INFO - Sync 1 DAGs
[2024-09-19T18:21:18.464+0000] {logging_mixin.py:190} INFO - [2024-09-19T18:21:18.464+0000] {dag.py:4138} INFO - Setting next_dagrun for example_complex to None, run_after=None
[2024-09-19T18:21:18.473+0000] {processor.py:208} INFO - Processing /home/airflow/.local/lib/python3.12/site-packages/airflow/example_dags/example_complex.py took 0.039 seconds
[2024-09-19T18:21:49.399+0000] {processor.py:186} INFO - Started process (PID=819) to work on /home/airflow/.local/lib/python3.12/site-packages/airflow/example_dags/example_complex.py
[2024-09-19T18:21:49.400+0000] {processor.py:914} INFO - Processing file /home/airflow/.local/lib/python3.12/site-packages/airflow/example_dags/example_complex.py for tasks to queue
[2024-09-19T18:21:49.401+0000] {logging_mixin.py:190} INFO - [2024-09-19T18:21:49.401+0000] {dagbag.py:587} INFO - Filling up the DagBag from /home/airflow/.local/lib/python3.12/site-packages/airflow/example_dags/example_complex.py
[2024-09-19T18:21:49.409+0000] {processor.py:925} INFO - DAG(s) 'example_complex' retrieved from /home/airflow/.local/lib/python3.12/site-packages/airflow/example_dags/example_complex.py
[2024-09-19T18:21:49.424+0000] {logging_mixin.py:190} INFO - [2024-09-19T18:21:49.424+0000] {dag.py:3211} INFO - Sync 1 DAGs
[2024-09-19T18:21:49.430+0000] {logging_mixin.py:190} INFO - [2024-09-19T18:21:49.430+0000] {dag.py:4138} INFO - Setting next_dagrun for example_complex to None, run_after=None
[2024-09-19T18:21:49.441+0000] {processor.py:208} INFO - Processing /home/airflow/.local/lib/python3.12/site-packages/airflow/example_dags/example_complex.py took 0.045 seconds
[2024-09-19T18:22:20.378+0000] {processor.py:186} INFO - Started process (PID=881) to work on /home/airflow/.local/lib/python3.12/site-packages/airflow/example_dags/example_complex.py
[2024-09-19T18:22:20.380+0000] {processor.py:914} INFO - Processing file /home/airflow/.local/lib/python3.12/site-packages/airflow/example_dags/example_complex.py for tasks to queue
[2024-09-19T18:22:20.381+0000] {logging_mixin.py:190} INFO - [2024-09-19T18:22:20.381+0000] {dagbag.py:587} INFO - Filling up the DagBag from /home/airflow/.local/lib/python3.12/site-packages/airflow/example_dags/example_complex.py
[2024-09-19T18:22:20.386+0000] {processor.py:925} INFO - DAG(s) 'example_complex' retrieved from /home/airflow/.local/lib/python3.12/site-packages/airflow/example_dags/example_complex.py
[2024-09-19T18:22:20.401+0000] {logging_mixin.py:190} INFO - [2024-09-19T18:22:20.400+0000] {dag.py:3211} INFO - Sync 1 DAGs
[2024-09-19T18:22:20.407+0000] {logging_mixin.py:190} INFO - [2024-09-19T18:22:20.406+0000] {dag.py:4138} INFO - Setting next_dagrun for example_complex to None, run_after=None
[2024-09-19T18:22:20.417+0000] {processor.py:208} INFO - Processing /home/airflow/.local/lib/python3.12/site-packages/airflow/example_dags/example_complex.py took 0.042 seconds
[2024-09-19T18:22:51.165+0000] {processor.py:186} INFO - Started process (PID=943) to work on /home/airflow/.local/lib/python3.12/site-packages/airflow/example_dags/example_complex.py
[2024-09-19T18:22:51.166+0000] {processor.py:914} INFO - Processing file /home/airflow/.local/lib/python3.12/site-packages/airflow/example_dags/example_complex.py for tasks to queue
[2024-09-19T18:22:51.167+0000] {logging_mixin.py:190} INFO - [2024-09-19T18:22:51.167+0000] {dagbag.py:587} INFO - Filling up the DagBag from /home/airflow/.local/lib/python3.12/site-packages/airflow/example_dags/example_complex.py
[2024-09-19T18:22:51.172+0000] {processor.py:925} INFO - DAG(s) 'example_complex' retrieved from /home/airflow/.local/lib/python3.12/site-packages/airflow/example_dags/example_complex.py
[2024-09-19T18:22:51.199+0000] {logging_mixin.py:190} INFO - [2024-09-19T18:22:51.199+0000] {dag.py:3211} INFO - Sync 1 DAGs
[2024-09-19T18:22:51.207+0000] {logging_mixin.py:190} INFO - [2024-09-19T18:22:51.207+0000] {dag.py:4138} INFO - Setting next_dagrun for example_complex to None, run_after=None
[2024-09-19T18:22:51.217+0000] {processor.py:208} INFO - Processing /home/airflow/.local/lib/python3.12/site-packages/airflow/example_dags/example_complex.py took 0.054 seconds
[2024-09-19T18:23:21.590+0000] {processor.py:186} INFO - Started process (PID=1005) to work on /home/airflow/.local/lib/python3.12/site-packages/airflow/example_dags/example_complex.py
[2024-09-19T18:23:21.591+0000] {processor.py:914} INFO - Processing file /home/airflow/.local/lib/python3.12/site-packages/airflow/example_dags/example_complex.py for tasks to queue
[2024-09-19T18:23:21.592+0000] {logging_mixin.py:190} INFO - [2024-09-19T18:23:21.591+0000] {dagbag.py:587} INFO - Filling up the DagBag from /home/airflow/.local/lib/python3.12/site-packages/airflow/example_dags/example_complex.py
[2024-09-19T18:23:21.597+0000] {processor.py:925} INFO - DAG(s) 'example_complex' retrieved from /home/airflow/.local/lib/python3.12/site-packages/airflow/example_dags/example_complex.py
[2024-09-19T18:23:21.611+0000] {logging_mixin.py:190} INFO - [2024-09-19T18:23:21.611+0000] {dag.py:3211} INFO - Sync 1 DAGs
[2024-09-19T18:23:21.616+0000] {logging_mixin.py:190} INFO - [2024-09-19T18:23:21.616+0000] {dag.py:4138} INFO - Setting next_dagrun for example_complex to None, run_after=None
[2024-09-19T18:23:21.625+0000] {processor.py:208} INFO - Processing /home/airflow/.local/lib/python3.12/site-packages/airflow/example_dags/example_complex.py took 0.038 seconds
[2024-09-19T18:23:52.431+0000] {processor.py:186} INFO - Started process (PID=1067) to work on /home/airflow/.local/lib/python3.12/site-packages/airflow/example_dags/example_complex.py
[2024-09-19T18:23:52.432+0000] {processor.py:914} INFO - Processing file /home/airflow/.local/lib/python3.12/site-packages/airflow/example_dags/example_complex.py for tasks to queue
[2024-09-19T18:23:52.433+0000] {logging_mixin.py:190} INFO - [2024-09-19T18:23:52.433+0000] {dagbag.py:587} INFO - Filling up the DagBag from /home/airflow/.local/lib/python3.12/site-packages/airflow/example_dags/example_complex.py
[2024-09-19T18:23:52.440+0000] {processor.py:925} INFO - DAG(s) 'example_complex' retrieved from /home/airflow/.local/lib/python3.12/site-packages/airflow/example_dags/example_complex.py
[2024-09-19T18:23:52.462+0000] {logging_mixin.py:190} INFO - [2024-09-19T18:23:52.462+0000] {dag.py:3211} INFO - Sync 1 DAGs
[2024-09-19T18:23:52.472+0000] {logging_mixin.py:190} INFO - [2024-09-19T18:23:52.472+0000] {dag.py:4138} INFO - Setting next_dagrun for example_complex to None, run_after=None
[2024-09-19T18:23:52.483+0000] {processor.py:208} INFO - Processing /home/airflow/.local/lib/python3.12/site-packages/airflow/example_dags/example_complex.py took 0.055 seconds
[2024-09-19T18:24:23.184+0000] {processor.py:186} INFO - Started process (PID=1129) to work on /home/airflow/.local/lib/python3.12/site-packages/airflow/example_dags/example_complex.py
[2024-09-19T18:24:23.186+0000] {processor.py:914} INFO - Processing file /home/airflow/.local/lib/python3.12/site-packages/airflow/example_dags/example_complex.py for tasks to queue
[2024-09-19T18:24:23.188+0000] {logging_mixin.py:190} INFO - [2024-09-19T18:24:23.187+0000] {dagbag.py:587} INFO - Filling up the DagBag from /home/airflow/.local/lib/python3.12/site-packages/airflow/example_dags/example_complex.py
[2024-09-19T18:24:23.193+0000] {processor.py:925} INFO - DAG(s) 'example_complex' retrieved from /home/airflow/.local/lib/python3.12/site-packages/airflow/example_dags/example_complex.py
[2024-09-19T18:24:23.210+0000] {logging_mixin.py:190} INFO - [2024-09-19T18:24:23.210+0000] {dag.py:3211} INFO - Sync 1 DAGs
[2024-09-19T18:24:23.216+0000] {logging_mixin.py:190} INFO - [2024-09-19T18:24:23.216+0000] {dag.py:4138} INFO - Setting next_dagrun for example_complex to None, run_after=None
[2024-09-19T18:24:23.225+0000] {processor.py:208} INFO - Processing /home/airflow/.local/lib/python3.12/site-packages/airflow/example_dags/example_complex.py took 0.043 seconds
[2024-09-19T18:24:53.468+0000] {processor.py:186} INFO - Started process (PID=1190) to work on /home/airflow/.local/lib/python3.12/site-packages/airflow/example_dags/example_complex.py
[2024-09-19T18:24:53.469+0000] {processor.py:914} INFO - Processing file /home/airflow/.local/lib/python3.12/site-packages/airflow/example_dags/example_complex.py for tasks to queue
[2024-09-19T18:24:53.470+0000] {logging_mixin.py:190} INFO - [2024-09-19T18:24:53.470+0000] {dagbag.py:587} INFO - Filling up the DagBag from /home/airflow/.local/lib/python3.12/site-packages/airflow/example_dags/example_complex.py
[2024-09-19T18:24:53.476+0000] {processor.py:925} INFO - DAG(s) 'example_complex' retrieved from /home/airflow/.local/lib/python3.12/site-packages/airflow/example_dags/example_complex.py
[2024-09-19T18:24:53.488+0000] {logging_mixin.py:190} INFO - [2024-09-19T18:24:53.488+0000] {dag.py:3211} INFO - Sync 1 DAGs
[2024-09-19T18:24:53.496+0000] {logging_mixin.py:190} INFO - [2024-09-19T18:24:53.496+0000] {dag.py:4138} INFO - Setting next_dagrun for example_complex to None, run_after=None
[2024-09-19T18:24:53.506+0000] {processor.py:208} INFO - Processing /home/airflow/.local/lib/python3.12/site-packages/airflow/example_dags/example_complex.py took 0.041 seconds
[2024-09-19T18:25:24.152+0000] {processor.py:186} INFO - Started process (PID=1253) to work on /home/airflow/.local/lib/python3.12/site-packages/airflow/example_dags/example_complex.py
[2024-09-19T18:25:24.154+0000] {processor.py:914} INFO - Processing file /home/airflow/.local/lib/python3.12/site-packages/airflow/example_dags/example_complex.py for tasks to queue
[2024-09-19T18:25:24.156+0000] {logging_mixin.py:190} INFO - [2024-09-19T18:25:24.156+0000] {dagbag.py:587} INFO - Filling up the DagBag from /home/airflow/.local/lib/python3.12/site-packages/airflow/example_dags/example_complex.py
[2024-09-19T18:25:24.167+0000] {processor.py:925} INFO - DAG(s) 'example_complex' retrieved from /home/airflow/.local/lib/python3.12/site-packages/airflow/example_dags/example_complex.py
[2024-09-19T18:25:24.185+0000] {logging_mixin.py:190} INFO - [2024-09-19T18:25:24.185+0000] {dag.py:3211} INFO - Sync 1 DAGs
[2024-09-19T18:25:24.191+0000] {logging_mixin.py:190} INFO - [2024-09-19T18:25:24.191+0000] {dag.py:4138} INFO - Setting next_dagrun for example_complex to None, run_after=None
[2024-09-19T18:25:24.201+0000] {processor.py:208} INFO - Processing /home/airflow/.local/lib/python3.12/site-packages/airflow/example_dags/example_complex.py took 0.052 seconds
[2024-09-19T18:25:54.765+0000] {processor.py:186} INFO - Started process (PID=1315) to work on /home/airflow/.local/lib/python3.12/site-packages/airflow/example_dags/example_complex.py
[2024-09-19T18:25:54.766+0000] {processor.py:914} INFO - Processing file /home/airflow/.local/lib/python3.12/site-packages/airflow/example_dags/example_complex.py for tasks to queue
[2024-09-19T18:25:54.767+0000] {logging_mixin.py:190} INFO - [2024-09-19T18:25:54.767+0000] {dagbag.py:587} INFO - Filling up the DagBag from /home/airflow/.local/lib/python3.12/site-packages/airflow/example_dags/example_complex.py
[2024-09-19T18:25:54.772+0000] {processor.py:925} INFO - DAG(s) 'example_complex' retrieved from /home/airflow/.local/lib/python3.12/site-packages/airflow/example_dags/example_complex.py
[2024-09-19T18:25:54.788+0000] {logging_mixin.py:190} INFO - [2024-09-19T18:25:54.788+0000] {dag.py:3211} INFO - Sync 1 DAGs
[2024-09-19T18:25:54.794+0000] {logging_mixin.py:190} INFO - [2024-09-19T18:25:54.794+0000] {dag.py:4138} INFO - Setting next_dagrun for example_complex to None, run_after=None
[2024-09-19T18:25:54.803+0000] {processor.py:208} INFO - Processing /home/airflow/.local/lib/python3.12/site-packages/airflow/example_dags/example_complex.py took 0.041 seconds
[2024-09-19T18:26:25.760+0000] {processor.py:186} INFO - Started process (PID=1377) to work on /home/airflow/.local/lib/python3.12/site-packages/airflow/example_dags/example_complex.py
[2024-09-19T18:26:25.761+0000] {processor.py:914} INFO - Processing file /home/airflow/.local/lib/python3.12/site-packages/airflow/example_dags/example_complex.py for tasks to queue
[2024-09-19T18:26:25.763+0000] {logging_mixin.py:190} INFO - [2024-09-19T18:26:25.762+0000] {dagbag.py:587} INFO - Filling up the DagBag from /home/airflow/.local/lib/python3.12/site-packages/airflow/example_dags/example_complex.py
[2024-09-19T18:26:25.768+0000] {processor.py:925} INFO - DAG(s) 'example_complex' retrieved from /home/airflow/.local/lib/python3.12/site-packages/airflow/example_dags/example_complex.py
[2024-09-19T18:26:25.791+0000] {logging_mixin.py:190} INFO - [2024-09-19T18:26:25.791+0000] {dag.py:3211} INFO - Sync 1 DAGs
[2024-09-19T18:26:25.799+0000] {logging_mixin.py:190} INFO - [2024-09-19T18:26:25.799+0000] {dag.py:4138} INFO - Setting next_dagrun for example_complex to None, run_after=None
[2024-09-19T18:26:25.807+0000] {processor.py:208} INFO - Processing /home/airflow/.local/lib/python3.12/site-packages/airflow/example_dags/example_complex.py took 0.053 seconds
[2024-09-19T18:26:56.688+0000] {processor.py:186} INFO - Started process (PID=1439) to work on /home/airflow/.local/lib/python3.12/site-packages/airflow/example_dags/example_complex.py
[2024-09-19T18:26:56.692+0000] {processor.py:914} INFO - Processing file /home/airflow/.local/lib/python3.12/site-packages/airflow/example_dags/example_complex.py for tasks to queue
[2024-09-19T18:26:56.694+0000] {logging_mixin.py:190} INFO - [2024-09-19T18:26:56.694+0000] {dagbag.py:587} INFO - Filling up the DagBag from /home/airflow/.local/lib/python3.12/site-packages/airflow/example_dags/example_complex.py
[2024-09-19T18:26:56.701+0000] {processor.py:925} INFO - DAG(s) 'example_complex' retrieved from /home/airflow/.local/lib/python3.12/site-packages/airflow/example_dags/example_complex.py
[2024-09-19T18:26:56.718+0000] {logging_mixin.py:190} INFO - [2024-09-19T18:26:56.718+0000] {dag.py:3211} INFO - Sync 1 DAGs
[2024-09-19T18:26:56.725+0000] {logging_mixin.py:190} INFO - [2024-09-19T18:26:56.725+0000] {dag.py:4138} INFO - Setting next_dagrun for example_complex to None, run_after=None
[2024-09-19T18:26:56.734+0000] {processor.py:208} INFO - Processing /home/airflow/.local/lib/python3.12/site-packages/airflow/example_dags/example_complex.py took 0.048 seconds
[2024-09-19T18:27:26.923+0000] {processor.py:186} INFO - Started process (PID=1501) to work on /home/airflow/.local/lib/python3.12/site-packages/airflow/example_dags/example_complex.py
[2024-09-19T18:27:26.925+0000] {processor.py:914} INFO - Processing file /home/airflow/.local/lib/python3.12/site-packages/airflow/example_dags/example_complex.py for tasks to queue
[2024-09-19T18:27:26.927+0000] {logging_mixin.py:190} INFO - [2024-09-19T18:27:26.927+0000] {dagbag.py:587} INFO - Filling up the DagBag from /home/airflow/.local/lib/python3.12/site-packages/airflow/example_dags/example_complex.py
[2024-09-19T18:27:26.932+0000] {processor.py:925} INFO - DAG(s) 'example_complex' retrieved from /home/airflow/.local/lib/python3.12/site-packages/airflow/example_dags/example_complex.py
[2024-09-19T18:27:26.949+0000] {logging_mixin.py:190} INFO - [2024-09-19T18:27:26.949+0000] {dag.py:3211} INFO - Sync 1 DAGs
[2024-09-19T18:27:26.955+0000] {logging_mixin.py:190} INFO - [2024-09-19T18:27:26.955+0000] {dag.py:4138} INFO - Setting next_dagrun for example_complex to None, run_after=None
[2024-09-19T18:27:26.962+0000] {processor.py:208} INFO - Processing /home/airflow/.local/lib/python3.12/site-packages/airflow/example_dags/example_complex.py took 0.042 seconds
[2024-09-19T18:27:57.518+0000] {processor.py:186} INFO - Started process (PID=1563) to work on /home/airflow/.local/lib/python3.12/site-packages/airflow/example_dags/example_complex.py
[2024-09-19T18:27:57.519+0000] {processor.py:914} INFO - Processing file /home/airflow/.local/lib/python3.12/site-packages/airflow/example_dags/example_complex.py for tasks to queue
[2024-09-19T18:27:57.521+0000] {logging_mixin.py:190} INFO - [2024-09-19T18:27:57.521+0000] {dagbag.py:587} INFO - Filling up the DagBag from /home/airflow/.local/lib/python3.12/site-packages/airflow/example_dags/example_complex.py
[2024-09-19T18:27:57.526+0000] {processor.py:925} INFO - DAG(s) 'example_complex' retrieved from /home/airflow/.local/lib/python3.12/site-packages/airflow/example_dags/example_complex.py
[2024-09-19T18:27:57.543+0000] {logging_mixin.py:190} INFO - [2024-09-19T18:27:57.543+0000] {dag.py:3211} INFO - Sync 1 DAGs
[2024-09-19T18:27:57.550+0000] {logging_mixin.py:190} INFO - [2024-09-19T18:27:57.549+0000] {dag.py:4138} INFO - Setting next_dagrun for example_complex to None, run_after=None
[2024-09-19T18:27:57.566+0000] {processor.py:208} INFO - Processing /home/airflow/.local/lib/python3.12/site-packages/airflow/example_dags/example_complex.py took 0.051 seconds
[2024-09-19T18:28:28.441+0000] {processor.py:186} INFO - Started process (PID=1625) to work on /home/airflow/.local/lib/python3.12/site-packages/airflow/example_dags/example_complex.py
[2024-09-19T18:28:28.444+0000] {processor.py:914} INFO - Processing file /home/airflow/.local/lib/python3.12/site-packages/airflow/example_dags/example_complex.py for tasks to queue
[2024-09-19T18:28:28.445+0000] {logging_mixin.py:190} INFO - [2024-09-19T18:28:28.445+0000] {dagbag.py:587} INFO - Filling up the DagBag from /home/airflow/.local/lib/python3.12/site-packages/airflow/example_dags/example_complex.py
[2024-09-19T18:28:28.453+0000] {processor.py:925} INFO - DAG(s) 'example_complex' retrieved from /home/airflow/.local/lib/python3.12/site-packages/airflow/example_dags/example_complex.py
[2024-09-19T18:28:28.470+0000] {logging_mixin.py:190} INFO - [2024-09-19T18:28:28.470+0000] {dag.py:3211} INFO - Sync 1 DAGs
[2024-09-19T18:28:28.477+0000] {logging_mixin.py:190} INFO - [2024-09-19T18:28:28.476+0000] {dag.py:4138} INFO - Setting next_dagrun for example_complex to None, run_after=None
[2024-09-19T18:28:28.486+0000] {processor.py:208} INFO - Processing /home/airflow/.local/lib/python3.12/site-packages/airflow/example_dags/example_complex.py took 0.050 seconds
[2024-09-19T18:28:59.191+0000] {processor.py:186} INFO - Started process (PID=1687) to work on /home/airflow/.local/lib/python3.12/site-packages/airflow/example_dags/example_complex.py
[2024-09-19T18:28:59.194+0000] {processor.py:914} INFO - Processing file /home/airflow/.local/lib/python3.12/site-packages/airflow/example_dags/example_complex.py for tasks to queue
[2024-09-19T18:28:59.195+0000] {logging_mixin.py:190} INFO - [2024-09-19T18:28:59.195+0000] {dagbag.py:587} INFO - Filling up the DagBag from /home/airflow/.local/lib/python3.12/site-packages/airflow/example_dags/example_complex.py
[2024-09-19T18:28:59.202+0000] {processor.py:925} INFO - DAG(s) 'example_complex' retrieved from /home/airflow/.local/lib/python3.12/site-packages/airflow/example_dags/example_complex.py
[2024-09-19T18:28:59.222+0000] {logging_mixin.py:190} INFO - [2024-09-19T18:28:59.222+0000] {dag.py:3211} INFO - Sync 1 DAGs
[2024-09-19T18:28:59.234+0000] {logging_mixin.py:190} INFO - [2024-09-19T18:28:59.234+0000] {dag.py:4138} INFO - Setting next_dagrun for example_complex to None, run_after=None
[2024-09-19T18:28:59.246+0000] {processor.py:208} INFO - Processing /home/airflow/.local/lib/python3.12/site-packages/airflow/example_dags/example_complex.py took 0.057 seconds
[2024-09-19T18:29:29.848+0000] {processor.py:186} INFO - Started process (PID=1749) to work on /home/airflow/.local/lib/python3.12/site-packages/airflow/example_dags/example_complex.py
[2024-09-19T18:29:29.849+0000] {processor.py:914} INFO - Processing file /home/airflow/.local/lib/python3.12/site-packages/airflow/example_dags/example_complex.py for tasks to queue
[2024-09-19T18:29:29.851+0000] {logging_mixin.py:190} INFO - [2024-09-19T18:29:29.851+0000] {dagbag.py:587} INFO - Filling up the DagBag from /home/airflow/.local/lib/python3.12/site-packages/airflow/example_dags/example_complex.py
[2024-09-19T18:29:29.856+0000] {processor.py:925} INFO - DAG(s) 'example_complex' retrieved from /home/airflow/.local/lib/python3.12/site-packages/airflow/example_dags/example_complex.py
[2024-09-19T18:29:29.876+0000] {logging_mixin.py:190} INFO - [2024-09-19T18:29:29.876+0000] {dag.py:3211} INFO - Sync 1 DAGs
[2024-09-19T18:29:29.882+0000] {logging_mixin.py:190} INFO - [2024-09-19T18:29:29.882+0000] {dag.py:4138} INFO - Setting next_dagrun for example_complex to None, run_after=None
[2024-09-19T18:29:29.892+0000] {processor.py:208} INFO - Processing /home/airflow/.local/lib/python3.12/site-packages/airflow/example_dags/example_complex.py took 0.046 seconds
[2024-09-19T18:30:00.872+0000] {processor.py:186} INFO - Started process (PID=1811) to work on /home/airflow/.local/lib/python3.12/site-packages/airflow/example_dags/example_complex.py
[2024-09-19T18:30:00.874+0000] {processor.py:914} INFO - Processing file /home/airflow/.local/lib/python3.12/site-packages/airflow/example_dags/example_complex.py for tasks to queue
[2024-09-19T18:30:00.875+0000] {logging_mixin.py:190} INFO - [2024-09-19T18:30:00.875+0000] {dagbag.py:587} INFO - Filling up the DagBag from /home/airflow/.local/lib/python3.12/site-packages/airflow/example_dags/example_complex.py
[2024-09-19T18:30:00.881+0000] {processor.py:925} INFO - DAG(s) 'example_complex' retrieved from /home/airflow/.local/lib/python3.12/site-packages/airflow/example_dags/example_complex.py
[2024-09-19T18:30:00.898+0000] {logging_mixin.py:190} INFO - [2024-09-19T18:30:00.898+0000] {dag.py:3211} INFO - Sync 1 DAGs
[2024-09-19T18:30:00.904+0000] {logging_mixin.py:190} INFO - [2024-09-19T18:30:00.904+0000] {dag.py:4138} INFO - Setting next_dagrun for example_complex to None, run_after=None
[2024-09-19T18:30:00.914+0000] {processor.py:208} INFO - Processing /home/airflow/.local/lib/python3.12/site-packages/airflow/example_dags/example_complex.py took 0.045 seconds
[2024-09-19T18:30:31.433+0000] {processor.py:186} INFO - Started process (PID=1879) to work on /home/airflow/.local/lib/python3.12/site-packages/airflow/example_dags/example_complex.py
[2024-09-19T18:30:31.434+0000] {processor.py:914} INFO - Processing file /home/airflow/.local/lib/python3.12/site-packages/airflow/example_dags/example_complex.py for tasks to queue
[2024-09-19T18:30:31.435+0000] {logging_mixin.py:190} INFO - [2024-09-19T18:30:31.434+0000] {dagbag.py:587} INFO - Filling up the DagBag from /home/airflow/.local/lib/python3.12/site-packages/airflow/example_dags/example_complex.py
[2024-09-19T18:30:31.442+0000] {processor.py:925} INFO - DAG(s) 'example_complex' retrieved from /home/airflow/.local/lib/python3.12/site-packages/airflow/example_dags/example_complex.py
[2024-09-19T18:30:31.464+0000] {logging_mixin.py:190} INFO - [2024-09-19T18:30:31.463+0000] {dag.py:3211} INFO - Sync 1 DAGs
[2024-09-19T18:30:31.470+0000] {logging_mixin.py:190} INFO - [2024-09-19T18:30:31.470+0000] {dag.py:4138} INFO - Setting next_dagrun for example_complex to None, run_after=None
[2024-09-19T18:30:31.482+0000] {processor.py:208} INFO - Processing /home/airflow/.local/lib/python3.12/site-packages/airflow/example_dags/example_complex.py took 0.052 seconds
[2024-09-19T18:31:01.895+0000] {processor.py:186} INFO - Started process (PID=1941) to work on /home/airflow/.local/lib/python3.12/site-packages/airflow/example_dags/example_complex.py
[2024-09-19T18:31:01.897+0000] {processor.py:914} INFO - Processing file /home/airflow/.local/lib/python3.12/site-packages/airflow/example_dags/example_complex.py for tasks to queue
[2024-09-19T18:31:01.899+0000] {logging_mixin.py:190} INFO - [2024-09-19T18:31:01.899+0000] {dagbag.py:587} INFO - Filling up the DagBag from /home/airflow/.local/lib/python3.12/site-packages/airflow/example_dags/example_complex.py
[2024-09-19T18:31:01.906+0000] {processor.py:925} INFO - DAG(s) 'example_complex' retrieved from /home/airflow/.local/lib/python3.12/site-packages/airflow/example_dags/example_complex.py
[2024-09-19T18:31:01.923+0000] {logging_mixin.py:190} INFO - [2024-09-19T18:31:01.923+0000] {dag.py:3211} INFO - Sync 1 DAGs
[2024-09-19T18:31:01.930+0000] {logging_mixin.py:190} INFO - [2024-09-19T18:31:01.930+0000] {dag.py:4138} INFO - Setting next_dagrun for example_complex to None, run_after=None
[2024-09-19T18:31:01.938+0000] {processor.py:208} INFO - Processing /home/airflow/.local/lib/python3.12/site-packages/airflow/example_dags/example_complex.py took 0.048 seconds
[2024-09-19T18:31:32.160+0000] {processor.py:186} INFO - Started process (PID=2002) to work on /home/airflow/.local/lib/python3.12/site-packages/airflow/example_dags/example_complex.py
[2024-09-19T18:31:32.163+0000] {processor.py:914} INFO - Processing file /home/airflow/.local/lib/python3.12/site-packages/airflow/example_dags/example_complex.py for tasks to queue
[2024-09-19T18:31:32.166+0000] {logging_mixin.py:190} INFO - [2024-09-19T18:31:32.166+0000] {dagbag.py:587} INFO - Filling up the DagBag from /home/airflow/.local/lib/python3.12/site-packages/airflow/example_dags/example_complex.py
[2024-09-19T18:31:32.172+0000] {processor.py:925} INFO - DAG(s) 'example_complex' retrieved from /home/airflow/.local/lib/python3.12/site-packages/airflow/example_dags/example_complex.py
[2024-09-19T18:31:32.191+0000] {logging_mixin.py:190} INFO - [2024-09-19T18:31:32.191+0000] {dag.py:3211} INFO - Sync 1 DAGs
[2024-09-19T18:31:32.200+0000] {logging_mixin.py:190} INFO - [2024-09-19T18:31:32.200+0000] {dag.py:4138} INFO - Setting next_dagrun for example_complex to None, run_after=None
[2024-09-19T18:31:32.209+0000] {processor.py:208} INFO - Processing /home/airflow/.local/lib/python3.12/site-packages/airflow/example_dags/example_complex.py took 0.052 seconds
[2024-09-19T18:32:02.303+0000] {processor.py:186} INFO - Started process (PID=2063) to work on /home/airflow/.local/lib/python3.12/site-packages/airflow/example_dags/example_complex.py
[2024-09-19T18:32:02.304+0000] {processor.py:914} INFO - Processing file /home/airflow/.local/lib/python3.12/site-packages/airflow/example_dags/example_complex.py for tasks to queue
[2024-09-19T18:32:02.305+0000] {logging_mixin.py:190} INFO - [2024-09-19T18:32:02.305+0000] {dagbag.py:587} INFO - Filling up the DagBag from /home/airflow/.local/lib/python3.12/site-packages/airflow/example_dags/example_complex.py
[2024-09-19T18:32:02.311+0000] {processor.py:925} INFO - DAG(s) 'example_complex' retrieved from /home/airflow/.local/lib/python3.12/site-packages/airflow/example_dags/example_complex.py
[2024-09-19T18:32:02.328+0000] {logging_mixin.py:190} INFO - [2024-09-19T18:32:02.328+0000] {dag.py:3211} INFO - Sync 1 DAGs
[2024-09-19T18:32:02.335+0000] {logging_mixin.py:190} INFO - [2024-09-19T18:32:02.335+0000] {dag.py:4138} INFO - Setting next_dagrun for example_complex to None, run_after=None
[2024-09-19T18:32:02.344+0000] {processor.py:208} INFO - Processing /home/airflow/.local/lib/python3.12/site-packages/airflow/example_dags/example_complex.py took 0.043 seconds
[2024-09-19T18:32:32.916+0000] {processor.py:186} INFO - Started process (PID=2125) to work on /home/airflow/.local/lib/python3.12/site-packages/airflow/example_dags/example_complex.py
[2024-09-19T18:32:32.918+0000] {processor.py:914} INFO - Processing file /home/airflow/.local/lib/python3.12/site-packages/airflow/example_dags/example_complex.py for tasks to queue
[2024-09-19T18:32:32.919+0000] {logging_mixin.py:190} INFO - [2024-09-19T18:32:32.919+0000] {dagbag.py:587} INFO - Filling up the DagBag from /home/airflow/.local/lib/python3.12/site-packages/airflow/example_dags/example_complex.py
[2024-09-19T18:32:32.926+0000] {processor.py:925} INFO - DAG(s) 'example_complex' retrieved from /home/airflow/.local/lib/python3.12/site-packages/airflow/example_dags/example_complex.py
[2024-09-19T18:32:32.942+0000] {logging_mixin.py:190} INFO - [2024-09-19T18:32:32.942+0000] {dag.py:3211} INFO - Sync 1 DAGs
[2024-09-19T18:32:32.949+0000] {logging_mixin.py:190} INFO - [2024-09-19T18:32:32.949+0000] {dag.py:4138} INFO - Setting next_dagrun for example_complex to None, run_after=None
[2024-09-19T18:32:32.959+0000] {processor.py:208} INFO - Processing /home/airflow/.local/lib/python3.12/site-packages/airflow/example_dags/example_complex.py took 0.046 seconds
[2024-09-19T18:33:03.499+0000] {processor.py:186} INFO - Started process (PID=2187) to work on /home/airflow/.local/lib/python3.12/site-packages/airflow/example_dags/example_complex.py
[2024-09-19T18:33:03.500+0000] {processor.py:914} INFO - Processing file /home/airflow/.local/lib/python3.12/site-packages/airflow/example_dags/example_complex.py for tasks to queue
[2024-09-19T18:33:03.502+0000] {logging_mixin.py:190} INFO - [2024-09-19T18:33:03.501+0000] {dagbag.py:587} INFO - Filling up the DagBag from /home/airflow/.local/lib/python3.12/site-packages/airflow/example_dags/example_complex.py
[2024-09-19T18:33:03.508+0000] {processor.py:925} INFO - DAG(s) 'example_complex' retrieved from /home/airflow/.local/lib/python3.12/site-packages/airflow/example_dags/example_complex.py
[2024-09-19T18:33:03.528+0000] {logging_mixin.py:190} INFO - [2024-09-19T18:33:03.528+0000] {dag.py:3211} INFO - Sync 1 DAGs
[2024-09-19T18:33:03.546+0000] {logging_mixin.py:190} INFO - [2024-09-19T18:33:03.546+0000] {dag.py:4138} INFO - Setting next_dagrun for example_complex to None, run_after=None
[2024-09-19T18:33:03.563+0000] {processor.py:208} INFO - Processing /home/airflow/.local/lib/python3.12/site-packages/airflow/example_dags/example_complex.py took 0.070 seconds
[2024-09-19T18:33:33.630+0000] {processor.py:186} INFO - Started process (PID=2249) to work on /home/airflow/.local/lib/python3.12/site-packages/airflow/example_dags/example_complex.py
[2024-09-19T18:33:33.631+0000] {processor.py:914} INFO - Processing file /home/airflow/.local/lib/python3.12/site-packages/airflow/example_dags/example_complex.py for tasks to queue
[2024-09-19T18:33:33.634+0000] {logging_mixin.py:190} INFO - [2024-09-19T18:33:33.634+0000] {dagbag.py:587} INFO - Filling up the DagBag from /home/airflow/.local/lib/python3.12/site-packages/airflow/example_dags/example_complex.py
[2024-09-19T18:33:33.640+0000] {processor.py:925} INFO - DAG(s) 'example_complex' retrieved from /home/airflow/.local/lib/python3.12/site-packages/airflow/example_dags/example_complex.py
[2024-09-19T18:33:33.659+0000] {logging_mixin.py:190} INFO - [2024-09-19T18:33:33.659+0000] {dag.py:3211} INFO - Sync 1 DAGs
[2024-09-19T18:33:33.667+0000] {logging_mixin.py:190} INFO - [2024-09-19T18:33:33.667+0000] {dag.py:4138} INFO - Setting next_dagrun for example_complex to None, run_after=None
[2024-09-19T18:33:33.677+0000] {processor.py:208} INFO - Processing /home/airflow/.local/lib/python3.12/site-packages/airflow/example_dags/example_complex.py took 0.050 seconds
[2024-09-19T18:34:04.076+0000] {processor.py:186} INFO - Started process (PID=2311) to work on /home/airflow/.local/lib/python3.12/site-packages/airflow/example_dags/example_complex.py
[2024-09-19T18:34:04.078+0000] {processor.py:914} INFO - Processing file /home/airflow/.local/lib/python3.12/site-packages/airflow/example_dags/example_complex.py for tasks to queue
[2024-09-19T18:34:04.080+0000] {logging_mixin.py:190} INFO - [2024-09-19T18:34:04.080+0000] {dagbag.py:587} INFO - Filling up the DagBag from /home/airflow/.local/lib/python3.12/site-packages/airflow/example_dags/example_complex.py
[2024-09-19T18:34:04.092+0000] {processor.py:925} INFO - DAG(s) 'example_complex' retrieved from /home/airflow/.local/lib/python3.12/site-packages/airflow/example_dags/example_complex.py
[2024-09-19T18:34:04.109+0000] {logging_mixin.py:190} INFO - [2024-09-19T18:34:04.109+0000] {dag.py:3211} INFO - Sync 1 DAGs
[2024-09-19T18:34:04.115+0000] {logging_mixin.py:190} INFO - [2024-09-19T18:34:04.115+0000] {dag.py:4138} INFO - Setting next_dagrun for example_complex to None, run_after=None
[2024-09-19T18:34:04.127+0000] {processor.py:208} INFO - Processing /home/airflow/.local/lib/python3.12/site-packages/airflow/example_dags/example_complex.py took 0.054 seconds
[2024-09-19T18:34:35.190+0000] {processor.py:186} INFO - Started process (PID=2373) to work on /home/airflow/.local/lib/python3.12/site-packages/airflow/example_dags/example_complex.py
[2024-09-19T18:34:35.193+0000] {processor.py:914} INFO - Processing file /home/airflow/.local/lib/python3.12/site-packages/airflow/example_dags/example_complex.py for tasks to queue
[2024-09-19T18:34:35.195+0000] {logging_mixin.py:190} INFO - [2024-09-19T18:34:35.195+0000] {dagbag.py:587} INFO - Filling up the DagBag from /home/airflow/.local/lib/python3.12/site-packages/airflow/example_dags/example_complex.py
[2024-09-19T18:34:35.201+0000] {processor.py:925} INFO - DAG(s) 'example_complex' retrieved from /home/airflow/.local/lib/python3.12/site-packages/airflow/example_dags/example_complex.py
[2024-09-19T18:34:35.217+0000] {logging_mixin.py:190} INFO - [2024-09-19T18:34:35.216+0000] {dag.py:3211} INFO - Sync 1 DAGs
[2024-09-19T18:34:35.223+0000] {logging_mixin.py:190} INFO - [2024-09-19T18:34:35.223+0000] {dag.py:4138} INFO - Setting next_dagrun for example_complex to None, run_after=None
[2024-09-19T18:34:35.232+0000] {processor.py:208} INFO - Processing /home/airflow/.local/lib/python3.12/site-packages/airflow/example_dags/example_complex.py took 0.046 seconds
[2024-09-19T18:35:06.423+0000] {processor.py:186} INFO - Started process (PID=2436) to work on /home/airflow/.local/lib/python3.12/site-packages/airflow/example_dags/example_complex.py
[2024-09-19T18:35:06.424+0000] {processor.py:914} INFO - Processing file /home/airflow/.local/lib/python3.12/site-packages/airflow/example_dags/example_complex.py for tasks to queue
[2024-09-19T18:35:06.425+0000] {logging_mixin.py:190} INFO - [2024-09-19T18:35:06.425+0000] {dagbag.py:587} INFO - Filling up the DagBag from /home/airflow/.local/lib/python3.12/site-packages/airflow/example_dags/example_complex.py
[2024-09-19T18:35:06.431+0000] {processor.py:925} INFO - DAG(s) 'example_complex' retrieved from /home/airflow/.local/lib/python3.12/site-packages/airflow/example_dags/example_complex.py
[2024-09-19T18:35:06.446+0000] {logging_mixin.py:190} INFO - [2024-09-19T18:35:06.446+0000] {dag.py:3211} INFO - Sync 1 DAGs
[2024-09-19T18:35:06.452+0000] {logging_mixin.py:190} INFO - [2024-09-19T18:35:06.451+0000] {dag.py:4138} INFO - Setting next_dagrun for example_complex to None, run_after=None
[2024-09-19T18:35:06.462+0000] {processor.py:208} INFO - Processing /home/airflow/.local/lib/python3.12/site-packages/airflow/example_dags/example_complex.py took 0.041 seconds
[2024-09-19T18:35:37.594+0000] {processor.py:186} INFO - Started process (PID=2498) to work on /home/airflow/.local/lib/python3.12/site-packages/airflow/example_dags/example_complex.py
[2024-09-19T18:35:37.596+0000] {processor.py:914} INFO - Processing file /home/airflow/.local/lib/python3.12/site-packages/airflow/example_dags/example_complex.py for tasks to queue
[2024-09-19T18:35:37.598+0000] {logging_mixin.py:190} INFO - [2024-09-19T18:35:37.598+0000] {dagbag.py:587} INFO - Filling up the DagBag from /home/airflow/.local/lib/python3.12/site-packages/airflow/example_dags/example_complex.py
[2024-09-19T18:35:37.604+0000] {processor.py:925} INFO - DAG(s) 'example_complex' retrieved from /home/airflow/.local/lib/python3.12/site-packages/airflow/example_dags/example_complex.py
[2024-09-19T18:35:37.625+0000] {logging_mixin.py:190} INFO - [2024-09-19T18:35:37.625+0000] {dag.py:3211} INFO - Sync 1 DAGs
[2024-09-19T18:35:37.643+0000] {logging_mixin.py:190} INFO - [2024-09-19T18:35:37.642+0000] {dag.py:4138} INFO - Setting next_dagrun for example_complex to None, run_after=None
[2024-09-19T18:35:37.662+0000] {processor.py:208} INFO - Processing /home/airflow/.local/lib/python3.12/site-packages/airflow/example_dags/example_complex.py took 0.071 seconds
[2024-09-19T18:36:08.049+0000] {processor.py:186} INFO - Started process (PID=2560) to work on /home/airflow/.local/lib/python3.12/site-packages/airflow/example_dags/example_complex.py
[2024-09-19T18:36:08.052+0000] {processor.py:914} INFO - Processing file /home/airflow/.local/lib/python3.12/site-packages/airflow/example_dags/example_complex.py for tasks to queue
[2024-09-19T18:36:08.053+0000] {logging_mixin.py:190} INFO - [2024-09-19T18:36:08.053+0000] {dagbag.py:587} INFO - Filling up the DagBag from /home/airflow/.local/lib/python3.12/site-packages/airflow/example_dags/example_complex.py
[2024-09-19T18:36:08.058+0000] {processor.py:925} INFO - DAG(s) 'example_complex' retrieved from /home/airflow/.local/lib/python3.12/site-packages/airflow/example_dags/example_complex.py
[2024-09-19T18:36:08.079+0000] {logging_mixin.py:190} INFO - [2024-09-19T18:36:08.078+0000] {dag.py:3211} INFO - Sync 1 DAGs
[2024-09-19T18:36:08.086+0000] {logging_mixin.py:190} INFO - [2024-09-19T18:36:08.086+0000] {dag.py:4138} INFO - Setting next_dagrun for example_complex to None, run_after=None
[2024-09-19T18:36:08.095+0000] {processor.py:208} INFO - Processing /home/airflow/.local/lib/python3.12/site-packages/airflow/example_dags/example_complex.py took 0.049 seconds
[2024-09-19T18:36:38.560+0000] {processor.py:186} INFO - Started process (PID=2622) to work on /home/airflow/.local/lib/python3.12/site-packages/airflow/example_dags/example_complex.py
[2024-09-19T18:36:38.562+0000] {processor.py:914} INFO - Processing file /home/airflow/.local/lib/python3.12/site-packages/airflow/example_dags/example_complex.py for tasks to queue
[2024-09-19T18:36:38.563+0000] {logging_mixin.py:190} INFO - [2024-09-19T18:36:38.563+0000] {dagbag.py:587} INFO - Filling up the DagBag from /home/airflow/.local/lib/python3.12/site-packages/airflow/example_dags/example_complex.py
[2024-09-19T18:36:38.569+0000] {processor.py:925} INFO - DAG(s) 'example_complex' retrieved from /home/airflow/.local/lib/python3.12/site-packages/airflow/example_dags/example_complex.py
[2024-09-19T18:36:38.586+0000] {logging_mixin.py:190} INFO - [2024-09-19T18:36:38.585+0000] {dag.py:3211} INFO - Sync 1 DAGs
[2024-09-19T18:36:38.592+0000] {logging_mixin.py:190} INFO - [2024-09-19T18:36:38.592+0000] {dag.py:4138} INFO - Setting next_dagrun for example_complex to None, run_after=None
[2024-09-19T18:36:38.601+0000] {processor.py:208} INFO - Processing /home/airflow/.local/lib/python3.12/site-packages/airflow/example_dags/example_complex.py took 0.044 seconds
[2024-09-19T18:37:09.779+0000] {processor.py:186} INFO - Started process (PID=2684) to work on /home/airflow/.local/lib/python3.12/site-packages/airflow/example_dags/example_complex.py
[2024-09-19T18:37:09.781+0000] {processor.py:914} INFO - Processing file /home/airflow/.local/lib/python3.12/site-packages/airflow/example_dags/example_complex.py for tasks to queue
[2024-09-19T18:37:09.782+0000] {logging_mixin.py:190} INFO - [2024-09-19T18:37:09.782+0000] {dagbag.py:587} INFO - Filling up the DagBag from /home/airflow/.local/lib/python3.12/site-packages/airflow/example_dags/example_complex.py
[2024-09-19T18:37:09.787+0000] {processor.py:925} INFO - DAG(s) 'example_complex' retrieved from /home/airflow/.local/lib/python3.12/site-packages/airflow/example_dags/example_complex.py
[2024-09-19T18:37:09.801+0000] {logging_mixin.py:190} INFO - [2024-09-19T18:37:09.801+0000] {dag.py:3211} INFO - Sync 1 DAGs
[2024-09-19T18:37:09.807+0000] {logging_mixin.py:190} INFO - [2024-09-19T18:37:09.807+0000] {dag.py:4138} INFO - Setting next_dagrun for example_complex to None, run_after=None
[2024-09-19T18:37:09.814+0000] {processor.py:208} INFO - Processing /home/airflow/.local/lib/python3.12/site-packages/airflow/example_dags/example_complex.py took 0.038 seconds
[2024-09-19T18:37:41.019+0000] {processor.py:186} INFO - Started process (PID=2752) to work on /home/airflow/.local/lib/python3.12/site-packages/airflow/example_dags/example_complex.py
[2024-09-19T18:37:41.020+0000] {processor.py:914} INFO - Processing file /home/airflow/.local/lib/python3.12/site-packages/airflow/example_dags/example_complex.py for tasks to queue
[2024-09-19T18:37:41.022+0000] {logging_mixin.py:190} INFO - [2024-09-19T18:37:41.022+0000] {dagbag.py:587} INFO - Filling up the DagBag from /home/airflow/.local/lib/python3.12/site-packages/airflow/example_dags/example_complex.py
[2024-09-19T18:37:41.027+0000] {processor.py:925} INFO - DAG(s) 'example_complex' retrieved from /home/airflow/.local/lib/python3.12/site-packages/airflow/example_dags/example_complex.py
[2024-09-19T18:37:41.042+0000] {logging_mixin.py:190} INFO - [2024-09-19T18:37:41.042+0000] {dag.py:3211} INFO - Sync 1 DAGs
[2024-09-19T18:37:41.051+0000] {logging_mixin.py:190} INFO - [2024-09-19T18:37:41.051+0000] {dag.py:4138} INFO - Setting next_dagrun for example_complex to None, run_after=None
[2024-09-19T18:37:41.062+0000] {processor.py:208} INFO - Processing /home/airflow/.local/lib/python3.12/site-packages/airflow/example_dags/example_complex.py took 0.045 seconds
[2024-09-19T18:38:12.352+0000] {processor.py:186} INFO - Started process (PID=2814) to work on /home/airflow/.local/lib/python3.12/site-packages/airflow/example_dags/example_complex.py
[2024-09-19T18:38:12.354+0000] {processor.py:914} INFO - Processing file /home/airflow/.local/lib/python3.12/site-packages/airflow/example_dags/example_complex.py for tasks to queue
[2024-09-19T18:38:12.355+0000] {logging_mixin.py:190} INFO - [2024-09-19T18:38:12.354+0000] {dagbag.py:587} INFO - Filling up the DagBag from /home/airflow/.local/lib/python3.12/site-packages/airflow/example_dags/example_complex.py
[2024-09-19T18:38:12.360+0000] {processor.py:925} INFO - DAG(s) 'example_complex' retrieved from /home/airflow/.local/lib/python3.12/site-packages/airflow/example_dags/example_complex.py
[2024-09-19T18:38:12.378+0000] {logging_mixin.py:190} INFO - [2024-09-19T18:38:12.378+0000] {dag.py:3211} INFO - Sync 1 DAGs
[2024-09-19T18:38:12.385+0000] {logging_mixin.py:190} INFO - [2024-09-19T18:38:12.385+0000] {dag.py:4138} INFO - Setting next_dagrun for example_complex to None, run_after=None
[2024-09-19T18:38:12.392+0000] {processor.py:208} INFO - Processing /home/airflow/.local/lib/python3.12/site-packages/airflow/example_dags/example_complex.py took 0.043 seconds
[2024-09-19T18:38:43.651+0000] {processor.py:186} INFO - Started process (PID=2876) to work on /home/airflow/.local/lib/python3.12/site-packages/airflow/example_dags/example_complex.py
[2024-09-19T18:38:43.653+0000] {processor.py:914} INFO - Processing file /home/airflow/.local/lib/python3.12/site-packages/airflow/example_dags/example_complex.py for tasks to queue
[2024-09-19T18:38:43.654+0000] {logging_mixin.py:190} INFO - [2024-09-19T18:38:43.654+0000] {dagbag.py:587} INFO - Filling up the DagBag from /home/airflow/.local/lib/python3.12/site-packages/airflow/example_dags/example_complex.py
[2024-09-19T18:38:43.662+0000] {processor.py:925} INFO - DAG(s) 'example_complex' retrieved from /home/airflow/.local/lib/python3.12/site-packages/airflow/example_dags/example_complex.py
[2024-09-19T18:38:43.679+0000] {logging_mixin.py:190} INFO - [2024-09-19T18:38:43.679+0000] {dag.py:3211} INFO - Sync 1 DAGs
[2024-09-19T18:38:43.689+0000] {logging_mixin.py:190} INFO - [2024-09-19T18:38:43.688+0000] {dag.py:4138} INFO - Setting next_dagrun for example_complex to None, run_after=None
[2024-09-19T18:38:43.699+0000] {processor.py:208} INFO - Processing /home/airflow/.local/lib/python3.12/site-packages/airflow/example_dags/example_complex.py took 0.050 seconds
[2024-09-19T18:39:14.707+0000] {processor.py:186} INFO - Started process (PID=2938) to work on /home/airflow/.local/lib/python3.12/site-packages/airflow/example_dags/example_complex.py
[2024-09-19T18:39:14.711+0000] {processor.py:914} INFO - Processing file /home/airflow/.local/lib/python3.12/site-packages/airflow/example_dags/example_complex.py for tasks to queue
[2024-09-19T18:39:14.712+0000] {logging_mixin.py:190} INFO - [2024-09-19T18:39:14.712+0000] {dagbag.py:587} INFO - Filling up the DagBag from /home/airflow/.local/lib/python3.12/site-packages/airflow/example_dags/example_complex.py
[2024-09-19T18:39:14.718+0000] {processor.py:925} INFO - DAG(s) 'example_complex' retrieved from /home/airflow/.local/lib/python3.12/site-packages/airflow/example_dags/example_complex.py
[2024-09-19T18:39:14.737+0000] {logging_mixin.py:190} INFO - [2024-09-19T18:39:14.737+0000] {dag.py:3211} INFO - Sync 1 DAGs
[2024-09-19T18:39:14.743+0000] {logging_mixin.py:190} INFO - [2024-09-19T18:39:14.742+0000] {dag.py:4138} INFO - Setting next_dagrun for example_complex to None, run_after=None
[2024-09-19T18:39:14.752+0000] {processor.py:208} INFO - Processing /home/airflow/.local/lib/python3.12/site-packages/airflow/example_dags/example_complex.py took 0.047 seconds
[2024-09-19T18:39:45.339+0000] {processor.py:186} INFO - Started process (PID=3000) to work on /home/airflow/.local/lib/python3.12/site-packages/airflow/example_dags/example_complex.py
[2024-09-19T18:39:45.340+0000] {processor.py:914} INFO - Processing file /home/airflow/.local/lib/python3.12/site-packages/airflow/example_dags/example_complex.py for tasks to queue
[2024-09-19T18:39:45.341+0000] {logging_mixin.py:190} INFO - [2024-09-19T18:39:45.341+0000] {dagbag.py:587} INFO - Filling up the DagBag from /home/airflow/.local/lib/python3.12/site-packages/airflow/example_dags/example_complex.py
[2024-09-19T18:39:45.347+0000] {processor.py:925} INFO - DAG(s) 'example_complex' retrieved from /home/airflow/.local/lib/python3.12/site-packages/airflow/example_dags/example_complex.py
[2024-09-19T18:39:45.361+0000] {logging_mixin.py:190} INFO - [2024-09-19T18:39:45.361+0000] {dag.py:3211} INFO - Sync 1 DAGs
[2024-09-19T18:39:45.369+0000] {logging_mixin.py:190} INFO - [2024-09-19T18:39:45.369+0000] {dag.py:4138} INFO - Setting next_dagrun for example_complex to None, run_after=None
[2024-09-19T18:39:45.382+0000] {processor.py:208} INFO - Processing /home/airflow/.local/lib/python3.12/site-packages/airflow/example_dags/example_complex.py took 0.046 seconds
[2024-09-19T18:40:16.457+0000] {processor.py:186} INFO - Started process (PID=3062) to work on /home/airflow/.local/lib/python3.12/site-packages/airflow/example_dags/example_complex.py
[2024-09-19T18:40:16.458+0000] {processor.py:914} INFO - Processing file /home/airflow/.local/lib/python3.12/site-packages/airflow/example_dags/example_complex.py for tasks to queue
[2024-09-19T18:40:16.460+0000] {logging_mixin.py:190} INFO - [2024-09-19T18:40:16.459+0000] {dagbag.py:587} INFO - Filling up the DagBag from /home/airflow/.local/lib/python3.12/site-packages/airflow/example_dags/example_complex.py
[2024-09-19T18:40:16.465+0000] {processor.py:925} INFO - DAG(s) 'example_complex' retrieved from /home/airflow/.local/lib/python3.12/site-packages/airflow/example_dags/example_complex.py
[2024-09-19T18:40:16.481+0000] {logging_mixin.py:190} INFO - [2024-09-19T18:40:16.481+0000] {dag.py:3211} INFO - Sync 1 DAGs
[2024-09-19T18:40:16.490+0000] {logging_mixin.py:190} INFO - [2024-09-19T18:40:16.490+0000] {dag.py:4138} INFO - Setting next_dagrun for example_complex to None, run_after=None
[2024-09-19T18:40:16.498+0000] {processor.py:208} INFO - Processing /home/airflow/.local/lib/python3.12/site-packages/airflow/example_dags/example_complex.py took 0.044 seconds
[2024-09-19T18:40:47.556+0000] {processor.py:186} INFO - Started process (PID=3124) to work on /home/airflow/.local/lib/python3.12/site-packages/airflow/example_dags/example_complex.py
[2024-09-19T18:40:47.561+0000] {processor.py:914} INFO - Processing file /home/airflow/.local/lib/python3.12/site-packages/airflow/example_dags/example_complex.py for tasks to queue
[2024-09-19T18:40:47.563+0000] {logging_mixin.py:190} INFO - [2024-09-19T18:40:47.562+0000] {dagbag.py:587} INFO - Filling up the DagBag from /home/airflow/.local/lib/python3.12/site-packages/airflow/example_dags/example_complex.py
[2024-09-19T18:40:47.572+0000] {processor.py:925} INFO - DAG(s) 'example_complex' retrieved from /home/airflow/.local/lib/python3.12/site-packages/airflow/example_dags/example_complex.py
[2024-09-19T18:40:47.588+0000] {logging_mixin.py:190} INFO - [2024-09-19T18:40:47.588+0000] {dag.py:3211} INFO - Sync 1 DAGs
[2024-09-19T18:40:47.597+0000] {logging_mixin.py:190} INFO - [2024-09-19T18:40:47.597+0000] {dag.py:4138} INFO - Setting next_dagrun for example_complex to None, run_after=None
[2024-09-19T18:40:47.606+0000] {processor.py:208} INFO - Processing /home/airflow/.local/lib/python3.12/site-packages/airflow/example_dags/example_complex.py took 0.053 seconds
[2024-09-19T18:41:18.623+0000] {processor.py:186} INFO - Started process (PID=3186) to work on /home/airflow/.local/lib/python3.12/site-packages/airflow/example_dags/example_complex.py
[2024-09-19T18:41:18.625+0000] {processor.py:914} INFO - Processing file /home/airflow/.local/lib/python3.12/site-packages/airflow/example_dags/example_complex.py for tasks to queue
[2024-09-19T18:41:18.626+0000] {logging_mixin.py:190} INFO - [2024-09-19T18:41:18.626+0000] {dagbag.py:587} INFO - Filling up the DagBag from /home/airflow/.local/lib/python3.12/site-packages/airflow/example_dags/example_complex.py
[2024-09-19T18:41:18.633+0000] {processor.py:925} INFO - DAG(s) 'example_complex' retrieved from /home/airflow/.local/lib/python3.12/site-packages/airflow/example_dags/example_complex.py
[2024-09-19T18:41:18.651+0000] {logging_mixin.py:190} INFO - [2024-09-19T18:41:18.651+0000] {dag.py:3211} INFO - Sync 1 DAGs
[2024-09-19T18:41:18.658+0000] {logging_mixin.py:190} INFO - [2024-09-19T18:41:18.658+0000] {dag.py:4138} INFO - Setting next_dagrun for example_complex to None, run_after=None
[2024-09-19T18:41:18.678+0000] {processor.py:208} INFO - Processing /home/airflow/.local/lib/python3.12/site-packages/airflow/example_dags/example_complex.py took 0.059 seconds
[2024-09-19T18:41:49.669+0000] {processor.py:186} INFO - Started process (PID=3248) to work on /home/airflow/.local/lib/python3.12/site-packages/airflow/example_dags/example_complex.py
[2024-09-19T18:41:49.674+0000] {processor.py:914} INFO - Processing file /home/airflow/.local/lib/python3.12/site-packages/airflow/example_dags/example_complex.py for tasks to queue
[2024-09-19T18:41:49.678+0000] {logging_mixin.py:190} INFO - [2024-09-19T18:41:49.678+0000] {dagbag.py:587} INFO - Filling up the DagBag from /home/airflow/.local/lib/python3.12/site-packages/airflow/example_dags/example_complex.py
[2024-09-19T18:41:49.687+0000] {processor.py:925} INFO - DAG(s) 'example_complex' retrieved from /home/airflow/.local/lib/python3.12/site-packages/airflow/example_dags/example_complex.py
[2024-09-19T18:41:49.708+0000] {logging_mixin.py:190} INFO - [2024-09-19T18:41:49.708+0000] {dag.py:3211} INFO - Sync 1 DAGs
[2024-09-19T18:41:49.715+0000] {logging_mixin.py:190} INFO - [2024-09-19T18:41:49.715+0000] {dag.py:4138} INFO - Setting next_dagrun for example_complex to None, run_after=None
[2024-09-19T18:41:49.724+0000] {processor.py:208} INFO - Processing /home/airflow/.local/lib/python3.12/site-packages/airflow/example_dags/example_complex.py took 0.058 seconds
[2024-09-19T18:42:21.017+0000] {processor.py:186} INFO - Started process (PID=3310) to work on /home/airflow/.local/lib/python3.12/site-packages/airflow/example_dags/example_complex.py
[2024-09-19T18:42:21.018+0000] {processor.py:914} INFO - Processing file /home/airflow/.local/lib/python3.12/site-packages/airflow/example_dags/example_complex.py for tasks to queue
[2024-09-19T18:42:21.019+0000] {logging_mixin.py:190} INFO - [2024-09-19T18:42:21.019+0000] {dagbag.py:587} INFO - Filling up the DagBag from /home/airflow/.local/lib/python3.12/site-packages/airflow/example_dags/example_complex.py
[2024-09-19T18:42:21.025+0000] {processor.py:925} INFO - DAG(s) 'example_complex' retrieved from /home/airflow/.local/lib/python3.12/site-packages/airflow/example_dags/example_complex.py
[2024-09-19T18:42:21.041+0000] {logging_mixin.py:190} INFO - [2024-09-19T18:42:21.041+0000] {dag.py:3211} INFO - Sync 1 DAGs
[2024-09-19T18:42:21.047+0000] {logging_mixin.py:190} INFO - [2024-09-19T18:42:21.047+0000] {dag.py:4138} INFO - Setting next_dagrun for example_complex to None, run_after=None
[2024-09-19T18:42:21.056+0000] {processor.py:208} INFO - Processing /home/airflow/.local/lib/python3.12/site-packages/airflow/example_dags/example_complex.py took 0.042 seconds
[2024-09-19T18:42:52.097+0000] {processor.py:186} INFO - Started process (PID=3372) to work on /home/airflow/.local/lib/python3.12/site-packages/airflow/example_dags/example_complex.py
[2024-09-19T18:42:52.102+0000] {processor.py:914} INFO - Processing file /home/airflow/.local/lib/python3.12/site-packages/airflow/example_dags/example_complex.py for tasks to queue
[2024-09-19T18:42:52.104+0000] {logging_mixin.py:190} INFO - [2024-09-19T18:42:52.104+0000] {dagbag.py:587} INFO - Filling up the DagBag from /home/airflow/.local/lib/python3.12/site-packages/airflow/example_dags/example_complex.py
[2024-09-19T18:42:52.113+0000] {processor.py:925} INFO - DAG(s) 'example_complex' retrieved from /home/airflow/.local/lib/python3.12/site-packages/airflow/example_dags/example_complex.py
[2024-09-19T18:42:52.134+0000] {logging_mixin.py:190} INFO - [2024-09-19T18:42:52.134+0000] {dag.py:3211} INFO - Sync 1 DAGs
[2024-09-19T18:42:52.142+0000] {logging_mixin.py:190} INFO - [2024-09-19T18:42:52.142+0000] {dag.py:4138} INFO - Setting next_dagrun for example_complex to None, run_after=None
[2024-09-19T18:42:52.161+0000] {processor.py:208} INFO - Processing /home/airflow/.local/lib/python3.12/site-packages/airflow/example_dags/example_complex.py took 0.067 seconds
[2024-09-19T18:43:23.294+0000] {processor.py:186} INFO - Started process (PID=3434) to work on /home/airflow/.local/lib/python3.12/site-packages/airflow/example_dags/example_complex.py
[2024-09-19T18:43:23.296+0000] {processor.py:914} INFO - Processing file /home/airflow/.local/lib/python3.12/site-packages/airflow/example_dags/example_complex.py for tasks to queue
[2024-09-19T18:43:23.297+0000] {logging_mixin.py:190} INFO - [2024-09-19T18:43:23.297+0000] {dagbag.py:587} INFO - Filling up the DagBag from /home/airflow/.local/lib/python3.12/site-packages/airflow/example_dags/example_complex.py
[2024-09-19T18:43:23.302+0000] {processor.py:925} INFO - DAG(s) 'example_complex' retrieved from /home/airflow/.local/lib/python3.12/site-packages/airflow/example_dags/example_complex.py
[2024-09-19T18:43:23.317+0000] {logging_mixin.py:190} INFO - [2024-09-19T18:43:23.317+0000] {dag.py:3211} INFO - Sync 1 DAGs
[2024-09-19T18:43:23.325+0000] {logging_mixin.py:190} INFO - [2024-09-19T18:43:23.325+0000] {dag.py:4138} INFO - Setting next_dagrun for example_complex to None, run_after=None
[2024-09-19T18:43:23.336+0000] {processor.py:208} INFO - Processing /home/airflow/.local/lib/python3.12/site-packages/airflow/example_dags/example_complex.py took 0.046 seconds
[2024-09-19T18:43:54.293+0000] {processor.py:186} INFO - Started process (PID=3496) to work on /home/airflow/.local/lib/python3.12/site-packages/airflow/example_dags/example_complex.py
[2024-09-19T18:43:54.300+0000] {processor.py:914} INFO - Processing file /home/airflow/.local/lib/python3.12/site-packages/airflow/example_dags/example_complex.py for tasks to queue
[2024-09-19T18:43:54.302+0000] {logging_mixin.py:190} INFO - [2024-09-19T18:43:54.302+0000] {dagbag.py:587} INFO - Filling up the DagBag from /home/airflow/.local/lib/python3.12/site-packages/airflow/example_dags/example_complex.py
[2024-09-19T18:43:54.311+0000] {processor.py:925} INFO - DAG(s) 'example_complex' retrieved from /home/airflow/.local/lib/python3.12/site-packages/airflow/example_dags/example_complex.py
[2024-09-19T18:43:54.337+0000] {logging_mixin.py:190} INFO - [2024-09-19T18:43:54.337+0000] {dag.py:3211} INFO - Sync 1 DAGs
[2024-09-19T18:43:54.361+0000] {logging_mixin.py:190} INFO - [2024-09-19T18:43:54.360+0000] {dag.py:4138} INFO - Setting next_dagrun for example_complex to None, run_after=None
[2024-09-19T18:43:54.382+0000] {processor.py:208} INFO - Processing /home/airflow/.local/lib/python3.12/site-packages/airflow/example_dags/example_complex.py took 0.100 seconds
[2024-09-19T18:44:24.914+0000] {processor.py:186} INFO - Started process (PID=3558) to work on /home/airflow/.local/lib/python3.12/site-packages/airflow/example_dags/example_complex.py
[2024-09-19T18:44:24.916+0000] {processor.py:914} INFO - Processing file /home/airflow/.local/lib/python3.12/site-packages/airflow/example_dags/example_complex.py for tasks to queue
[2024-09-19T18:44:24.918+0000] {logging_mixin.py:190} INFO - [2024-09-19T18:44:24.918+0000] {dagbag.py:587} INFO - Filling up the DagBag from /home/airflow/.local/lib/python3.12/site-packages/airflow/example_dags/example_complex.py
[2024-09-19T18:44:24.926+0000] {processor.py:925} INFO - DAG(s) 'example_complex' retrieved from /home/airflow/.local/lib/python3.12/site-packages/airflow/example_dags/example_complex.py
[2024-09-19T18:44:24.947+0000] {logging_mixin.py:190} INFO - [2024-09-19T18:44:24.947+0000] {dag.py:3211} INFO - Sync 1 DAGs
[2024-09-19T18:44:24.954+0000] {logging_mixin.py:190} INFO - [2024-09-19T18:44:24.954+0000] {dag.py:4138} INFO - Setting next_dagrun for example_complex to None, run_after=None
[2024-09-19T18:44:24.961+0000] {processor.py:208} INFO - Processing /home/airflow/.local/lib/python3.12/site-packages/airflow/example_dags/example_complex.py took 0.050 seconds
[2024-09-19T18:44:56.046+0000] {processor.py:186} INFO - Started process (PID=3620) to work on /home/airflow/.local/lib/python3.12/site-packages/airflow/example_dags/example_complex.py
[2024-09-19T18:44:56.049+0000] {processor.py:914} INFO - Processing file /home/airflow/.local/lib/python3.12/site-packages/airflow/example_dags/example_complex.py for tasks to queue
[2024-09-19T18:44:56.053+0000] {logging_mixin.py:190} INFO - [2024-09-19T18:44:56.053+0000] {dagbag.py:587} INFO - Filling up the DagBag from /home/airflow/.local/lib/python3.12/site-packages/airflow/example_dags/example_complex.py
[2024-09-19T18:44:56.060+0000] {processor.py:925} INFO - DAG(s) 'example_complex' retrieved from /home/airflow/.local/lib/python3.12/site-packages/airflow/example_dags/example_complex.py
[2024-09-19T18:44:56.075+0000] {logging_mixin.py:190} INFO - [2024-09-19T18:44:56.075+0000] {dag.py:3211} INFO - Sync 1 DAGs
[2024-09-19T18:44:56.081+0000] {logging_mixin.py:190} INFO - [2024-09-19T18:44:56.081+0000] {dag.py:4138} INFO - Setting next_dagrun for example_complex to None, run_after=None
[2024-09-19T18:44:56.096+0000] {processor.py:208} INFO - Processing /home/airflow/.local/lib/python3.12/site-packages/airflow/example_dags/example_complex.py took 0.053 seconds
[2024-09-19T18:45:27.251+0000] {processor.py:186} INFO - Started process (PID=3682) to work on /home/airflow/.local/lib/python3.12/site-packages/airflow/example_dags/example_complex.py
[2024-09-19T18:45:27.253+0000] {processor.py:914} INFO - Processing file /home/airflow/.local/lib/python3.12/site-packages/airflow/example_dags/example_complex.py for tasks to queue
[2024-09-19T18:45:27.255+0000] {logging_mixin.py:190} INFO - [2024-09-19T18:45:27.255+0000] {dagbag.py:587} INFO - Filling up the DagBag from /home/airflow/.local/lib/python3.12/site-packages/airflow/example_dags/example_complex.py
[2024-09-19T18:45:27.261+0000] {processor.py:925} INFO - DAG(s) 'example_complex' retrieved from /home/airflow/.local/lib/python3.12/site-packages/airflow/example_dags/example_complex.py
[2024-09-19T18:45:27.376+0000] {logging_mixin.py:190} INFO - [2024-09-19T18:45:27.376+0000] {dag.py:3211} INFO - Sync 1 DAGs
[2024-09-19T18:45:27.382+0000] {logging_mixin.py:190} INFO - [2024-09-19T18:45:27.382+0000] {dag.py:4138} INFO - Setting next_dagrun for example_complex to None, run_after=None
[2024-09-19T18:45:27.391+0000] {processor.py:208} INFO - Processing /home/airflow/.local/lib/python3.12/site-packages/airflow/example_dags/example_complex.py took 0.147 seconds
[2024-09-19T18:45:57.974+0000] {processor.py:186} INFO - Started process (PID=3744) to work on /home/airflow/.local/lib/python3.12/site-packages/airflow/example_dags/example_complex.py
[2024-09-19T18:45:57.975+0000] {processor.py:914} INFO - Processing file /home/airflow/.local/lib/python3.12/site-packages/airflow/example_dags/example_complex.py for tasks to queue
[2024-09-19T18:45:57.977+0000] {logging_mixin.py:190} INFO - [2024-09-19T18:45:57.977+0000] {dagbag.py:587} INFO - Filling up the DagBag from /home/airflow/.local/lib/python3.12/site-packages/airflow/example_dags/example_complex.py
[2024-09-19T18:45:57.986+0000] {processor.py:925} INFO - DAG(s) 'example_complex' retrieved from /home/airflow/.local/lib/python3.12/site-packages/airflow/example_dags/example_complex.py
[2024-09-19T18:45:58.003+0000] {logging_mixin.py:190} INFO - [2024-09-19T18:45:58.003+0000] {dag.py:3211} INFO - Sync 1 DAGs
[2024-09-19T18:45:58.014+0000] {logging_mixin.py:190} INFO - [2024-09-19T18:45:58.013+0000] {dag.py:4138} INFO - Setting next_dagrun for example_complex to None, run_after=None
[2024-09-19T18:45:58.022+0000] {processor.py:208} INFO - Processing /home/airflow/.local/lib/python3.12/site-packages/airflow/example_dags/example_complex.py took 0.052 seconds
[2024-09-19T18:46:28.539+0000] {processor.py:186} INFO - Started process (PID=3806) to work on /home/airflow/.local/lib/python3.12/site-packages/airflow/example_dags/example_complex.py
[2024-09-19T18:46:28.544+0000] {processor.py:914} INFO - Processing file /home/airflow/.local/lib/python3.12/site-packages/airflow/example_dags/example_complex.py for tasks to queue
[2024-09-19T18:46:28.546+0000] {logging_mixin.py:190} INFO - [2024-09-19T18:46:28.546+0000] {dagbag.py:587} INFO - Filling up the DagBag from /home/airflow/.local/lib/python3.12/site-packages/airflow/example_dags/example_complex.py
[2024-09-19T18:46:28.552+0000] {processor.py:925} INFO - DAG(s) 'example_complex' retrieved from /home/airflow/.local/lib/python3.12/site-packages/airflow/example_dags/example_complex.py
[2024-09-19T18:46:28.567+0000] {logging_mixin.py:190} INFO - [2024-09-19T18:46:28.566+0000] {dag.py:3211} INFO - Sync 1 DAGs
[2024-09-19T18:46:28.574+0000] {logging_mixin.py:190} INFO - [2024-09-19T18:46:28.574+0000] {dag.py:4138} INFO - Setting next_dagrun for example_complex to None, run_after=None
[2024-09-19T18:46:28.582+0000] {processor.py:208} INFO - Processing /home/airflow/.local/lib/python3.12/site-packages/airflow/example_dags/example_complex.py took 0.046 seconds
[2024-09-19T18:46:59.822+0000] {processor.py:186} INFO - Started process (PID=3868) to work on /home/airflow/.local/lib/python3.12/site-packages/airflow/example_dags/example_complex.py
[2024-09-19T18:46:59.826+0000] {processor.py:914} INFO - Processing file /home/airflow/.local/lib/python3.12/site-packages/airflow/example_dags/example_complex.py for tasks to queue
[2024-09-19T18:46:59.827+0000] {logging_mixin.py:190} INFO - [2024-09-19T18:46:59.827+0000] {dagbag.py:587} INFO - Filling up the DagBag from /home/airflow/.local/lib/python3.12/site-packages/airflow/example_dags/example_complex.py
[2024-09-19T18:46:59.833+0000] {processor.py:925} INFO - DAG(s) 'example_complex' retrieved from /home/airflow/.local/lib/python3.12/site-packages/airflow/example_dags/example_complex.py
[2024-09-19T18:46:59.845+0000] {logging_mixin.py:190} INFO - [2024-09-19T18:46:59.845+0000] {dag.py:3211} INFO - Sync 1 DAGs
[2024-09-19T18:46:59.854+0000] {logging_mixin.py:190} INFO - [2024-09-19T18:46:59.854+0000] {dag.py:4138} INFO - Setting next_dagrun for example_complex to None, run_after=None
[2024-09-19T18:46:59.861+0000] {processor.py:208} INFO - Processing /home/airflow/.local/lib/python3.12/site-packages/airflow/example_dags/example_complex.py took 0.041 seconds
[2024-09-19T18:47:30.684+0000] {processor.py:186} INFO - Started process (PID=3930) to work on /home/airflow/.local/lib/python3.12/site-packages/airflow/example_dags/example_complex.py
[2024-09-19T18:47:30.685+0000] {processor.py:914} INFO - Processing file /home/airflow/.local/lib/python3.12/site-packages/airflow/example_dags/example_complex.py for tasks to queue
[2024-09-19T18:47:30.686+0000] {logging_mixin.py:190} INFO - [2024-09-19T18:47:30.686+0000] {dagbag.py:587} INFO - Filling up the DagBag from /home/airflow/.local/lib/python3.12/site-packages/airflow/example_dags/example_complex.py
[2024-09-19T18:47:30.692+0000] {processor.py:925} INFO - DAG(s) 'example_complex' retrieved from /home/airflow/.local/lib/python3.12/site-packages/airflow/example_dags/example_complex.py
[2024-09-19T18:47:30.705+0000] {logging_mixin.py:190} INFO - [2024-09-19T18:47:30.705+0000] {dag.py:3211} INFO - Sync 1 DAGs
[2024-09-19T18:47:30.711+0000] {logging_mixin.py:190} INFO - [2024-09-19T18:47:30.711+0000] {dag.py:4138} INFO - Setting next_dagrun for example_complex to None, run_after=None
[2024-09-19T18:47:30.718+0000] {processor.py:208} INFO - Processing /home/airflow/.local/lib/python3.12/site-packages/airflow/example_dags/example_complex.py took 0.037 seconds
[2024-09-19T18:48:01.246+0000] {processor.py:186} INFO - Started process (PID=3992) to work on /home/airflow/.local/lib/python3.12/site-packages/airflow/example_dags/example_complex.py
[2024-09-19T18:48:01.248+0000] {processor.py:914} INFO - Processing file /home/airflow/.local/lib/python3.12/site-packages/airflow/example_dags/example_complex.py for tasks to queue
[2024-09-19T18:48:01.251+0000] {logging_mixin.py:190} INFO - [2024-09-19T18:48:01.251+0000] {dagbag.py:587} INFO - Filling up the DagBag from /home/airflow/.local/lib/python3.12/site-packages/airflow/example_dags/example_complex.py
[2024-09-19T18:48:01.257+0000] {processor.py:925} INFO - DAG(s) 'example_complex' retrieved from /home/airflow/.local/lib/python3.12/site-packages/airflow/example_dags/example_complex.py
[2024-09-19T18:48:01.271+0000] {logging_mixin.py:190} INFO - [2024-09-19T18:48:01.271+0000] {dag.py:3211} INFO - Sync 1 DAGs
[2024-09-19T18:48:01.276+0000] {logging_mixin.py:190} INFO - [2024-09-19T18:48:01.276+0000] {dag.py:4138} INFO - Setting next_dagrun for example_complex to None, run_after=None
[2024-09-19T18:48:01.284+0000] {processor.py:208} INFO - Processing /home/airflow/.local/lib/python3.12/site-packages/airflow/example_dags/example_complex.py took 0.042 seconds
[2024-09-19T18:48:32.101+0000] {processor.py:186} INFO - Started process (PID=4054) to work on /home/airflow/.local/lib/python3.12/site-packages/airflow/example_dags/example_complex.py
[2024-09-19T18:48:32.103+0000] {processor.py:914} INFO - Processing file /home/airflow/.local/lib/python3.12/site-packages/airflow/example_dags/example_complex.py for tasks to queue
[2024-09-19T18:48:32.105+0000] {logging_mixin.py:190} INFO - [2024-09-19T18:48:32.105+0000] {dagbag.py:587} INFO - Filling up the DagBag from /home/airflow/.local/lib/python3.12/site-packages/airflow/example_dags/example_complex.py
[2024-09-19T18:48:32.113+0000] {processor.py:925} INFO - DAG(s) 'example_complex' retrieved from /home/airflow/.local/lib/python3.12/site-packages/airflow/example_dags/example_complex.py
[2024-09-19T18:48:32.129+0000] {logging_mixin.py:190} INFO - [2024-09-19T18:48:32.129+0000] {dag.py:3211} INFO - Sync 1 DAGs
[2024-09-19T18:48:32.144+0000] {logging_mixin.py:190} INFO - [2024-09-19T18:48:32.144+0000] {dag.py:4138} INFO - Setting next_dagrun for example_complex to None, run_after=None
[2024-09-19T18:48:32.154+0000] {processor.py:208} INFO - Processing /home/airflow/.local/lib/python3.12/site-packages/airflow/example_dags/example_complex.py took 0.057 seconds
[2024-09-19T18:49:02.586+0000] {processor.py:186} INFO - Started process (PID=4116) to work on /home/airflow/.local/lib/python3.12/site-packages/airflow/example_dags/example_complex.py
[2024-09-19T18:49:02.588+0000] {processor.py:914} INFO - Processing file /home/airflow/.local/lib/python3.12/site-packages/airflow/example_dags/example_complex.py for tasks to queue
[2024-09-19T18:49:02.589+0000] {logging_mixin.py:190} INFO - [2024-09-19T18:49:02.589+0000] {dagbag.py:587} INFO - Filling up the DagBag from /home/airflow/.local/lib/python3.12/site-packages/airflow/example_dags/example_complex.py
[2024-09-19T18:49:02.594+0000] {processor.py:925} INFO - DAG(s) 'example_complex' retrieved from /home/airflow/.local/lib/python3.12/site-packages/airflow/example_dags/example_complex.py
[2024-09-19T18:49:02.617+0000] {logging_mixin.py:190} INFO - [2024-09-19T18:49:02.617+0000] {dag.py:3211} INFO - Sync 1 DAGs
[2024-09-19T18:49:02.628+0000] {logging_mixin.py:190} INFO - [2024-09-19T18:49:02.628+0000] {dag.py:4138} INFO - Setting next_dagrun for example_complex to None, run_after=None
[2024-09-19T18:49:02.636+0000] {processor.py:208} INFO - Processing /home/airflow/.local/lib/python3.12/site-packages/airflow/example_dags/example_complex.py took 0.052 seconds
[2024-09-19T18:49:33.388+0000] {processor.py:186} INFO - Started process (PID=4178) to work on /home/airflow/.local/lib/python3.12/site-packages/airflow/example_dags/example_complex.py
[2024-09-19T18:49:33.389+0000] {processor.py:914} INFO - Processing file /home/airflow/.local/lib/python3.12/site-packages/airflow/example_dags/example_complex.py for tasks to queue
[2024-09-19T18:49:33.391+0000] {logging_mixin.py:190} INFO - [2024-09-19T18:49:33.391+0000] {dagbag.py:587} INFO - Filling up the DagBag from /home/airflow/.local/lib/python3.12/site-packages/airflow/example_dags/example_complex.py
[2024-09-19T18:49:33.398+0000] {processor.py:925} INFO - DAG(s) 'example_complex' retrieved from /home/airflow/.local/lib/python3.12/site-packages/airflow/example_dags/example_complex.py
[2024-09-19T18:49:33.413+0000] {logging_mixin.py:190} INFO - [2024-09-19T18:49:33.413+0000] {dag.py:3211} INFO - Sync 1 DAGs
[2024-09-19T18:49:33.419+0000] {logging_mixin.py:190} INFO - [2024-09-19T18:49:33.419+0000] {dag.py:4138} INFO - Setting next_dagrun for example_complex to None, run_after=None
[2024-09-19T18:49:33.426+0000] {processor.py:208} INFO - Processing /home/airflow/.local/lib/python3.12/site-packages/airflow/example_dags/example_complex.py took 0.041 seconds
[2024-09-19T18:50:04.170+0000] {processor.py:186} INFO - Started process (PID=4240) to work on /home/airflow/.local/lib/python3.12/site-packages/airflow/example_dags/example_complex.py
[2024-09-19T18:50:04.173+0000] {processor.py:914} INFO - Processing file /home/airflow/.local/lib/python3.12/site-packages/airflow/example_dags/example_complex.py for tasks to queue
[2024-09-19T18:50:04.176+0000] {logging_mixin.py:190} INFO - [2024-09-19T18:50:04.175+0000] {dagbag.py:587} INFO - Filling up the DagBag from /home/airflow/.local/lib/python3.12/site-packages/airflow/example_dags/example_complex.py
[2024-09-19T18:50:04.184+0000] {processor.py:925} INFO - DAG(s) 'example_complex' retrieved from /home/airflow/.local/lib/python3.12/site-packages/airflow/example_dags/example_complex.py
[2024-09-19T18:50:04.204+0000] {logging_mixin.py:190} INFO - [2024-09-19T18:50:04.203+0000] {dag.py:3211} INFO - Sync 1 DAGs
[2024-09-19T18:50:04.218+0000] {logging_mixin.py:190} INFO - [2024-09-19T18:50:04.218+0000] {dag.py:4138} INFO - Setting next_dagrun for example_complex to None, run_after=None
[2024-09-19T18:50:04.227+0000] {processor.py:208} INFO - Processing /home/airflow/.local/lib/python3.12/site-packages/airflow/example_dags/example_complex.py took 0.059 seconds
[2024-09-19T18:50:34.740+0000] {processor.py:186} INFO - Started process (PID=4302) to work on /home/airflow/.local/lib/python3.12/site-packages/airflow/example_dags/example_complex.py
[2024-09-19T18:50:34.744+0000] {processor.py:914} INFO - Processing file /home/airflow/.local/lib/python3.12/site-packages/airflow/example_dags/example_complex.py for tasks to queue
[2024-09-19T18:50:34.746+0000] {logging_mixin.py:190} INFO - [2024-09-19T18:50:34.746+0000] {dagbag.py:587} INFO - Filling up the DagBag from /home/airflow/.local/lib/python3.12/site-packages/airflow/example_dags/example_complex.py
[2024-09-19T18:50:34.751+0000] {processor.py:925} INFO - DAG(s) 'example_complex' retrieved from /home/airflow/.local/lib/python3.12/site-packages/airflow/example_dags/example_complex.py
[2024-09-19T18:50:34.765+0000] {logging_mixin.py:190} INFO - [2024-09-19T18:50:34.765+0000] {dag.py:3211} INFO - Sync 1 DAGs
[2024-09-19T18:50:34.771+0000] {logging_mixin.py:190} INFO - [2024-09-19T18:50:34.771+0000] {dag.py:4138} INFO - Setting next_dagrun for example_complex to None, run_after=None
[2024-09-19T18:50:34.778+0000] {processor.py:208} INFO - Processing /home/airflow/.local/lib/python3.12/site-packages/airflow/example_dags/example_complex.py took 0.041 seconds
[2024-09-19T18:51:05.426+0000] {processor.py:186} INFO - Started process (PID=4364) to work on /home/airflow/.local/lib/python3.12/site-packages/airflow/example_dags/example_complex.py
[2024-09-19T18:51:05.430+0000] {processor.py:914} INFO - Processing file /home/airflow/.local/lib/python3.12/site-packages/airflow/example_dags/example_complex.py for tasks to queue
[2024-09-19T18:51:05.431+0000] {logging_mixin.py:190} INFO - [2024-09-19T18:51:05.431+0000] {dagbag.py:587} INFO - Filling up the DagBag from /home/airflow/.local/lib/python3.12/site-packages/airflow/example_dags/example_complex.py
[2024-09-19T18:51:05.436+0000] {processor.py:925} INFO - DAG(s) 'example_complex' retrieved from /home/airflow/.local/lib/python3.12/site-packages/airflow/example_dags/example_complex.py
[2024-09-19T18:51:05.452+0000] {logging_mixin.py:190} INFO - [2024-09-19T18:51:05.452+0000] {dag.py:3211} INFO - Sync 1 DAGs
[2024-09-19T18:51:05.458+0000] {logging_mixin.py:190} INFO - [2024-09-19T18:51:05.458+0000] {dag.py:4138} INFO - Setting next_dagrun for example_complex to None, run_after=None
[2024-09-19T18:51:05.469+0000] {processor.py:208} INFO - Processing /home/airflow/.local/lib/python3.12/site-packages/airflow/example_dags/example_complex.py took 0.047 seconds
[2024-09-19T18:51:35.880+0000] {processor.py:186} INFO - Started process (PID=4426) to work on /home/airflow/.local/lib/python3.12/site-packages/airflow/example_dags/example_complex.py
[2024-09-19T18:51:35.881+0000] {processor.py:914} INFO - Processing file /home/airflow/.local/lib/python3.12/site-packages/airflow/example_dags/example_complex.py for tasks to queue
[2024-09-19T18:51:35.883+0000] {logging_mixin.py:190} INFO - [2024-09-19T18:51:35.883+0000] {dagbag.py:587} INFO - Filling up the DagBag from /home/airflow/.local/lib/python3.12/site-packages/airflow/example_dags/example_complex.py
[2024-09-19T18:51:35.889+0000] {processor.py:925} INFO - DAG(s) 'example_complex' retrieved from /home/airflow/.local/lib/python3.12/site-packages/airflow/example_dags/example_complex.py
[2024-09-19T18:51:35.906+0000] {logging_mixin.py:190} INFO - [2024-09-19T18:51:35.906+0000] {dag.py:3211} INFO - Sync 1 DAGs
[2024-09-19T18:51:35.913+0000] {logging_mixin.py:190} INFO - [2024-09-19T18:51:35.913+0000] {dag.py:4138} INFO - Setting next_dagrun for example_complex to None, run_after=None
[2024-09-19T18:51:35.922+0000] {processor.py:208} INFO - Processing /home/airflow/.local/lib/python3.12/site-packages/airflow/example_dags/example_complex.py took 0.044 seconds
