[2024-09-20T11:26:07.847+0000] {local_task_job_runner.py:123} INFO - ::group::Pre task execution logs
[2024-09-20T11:26:07.867+0000] {taskinstance.py:2603} INFO - Dependencies all met for dep_context=non-requeueable deps ti=<TaskInstance: my_first_dag.saludando manual__2024-09-20T11:26:03.663141+00:00 [queued]>
[2024-09-20T11:26:07.872+0000] {taskinstance.py:2603} INFO - Dependencies all met for dep_context=requeueable deps ti=<TaskInstance: my_first_dag.saludando manual__2024-09-20T11:26:03.663141+00:00 [queued]>
[2024-09-20T11:26:07.872+0000] {taskinstance.py:2856} INFO - Starting attempt 1 of 1
[2024-09-20T11:26:07.879+0000] {taskinstance.py:2879} INFO - Executing <Task(BashOperator): saludando> on 2024-09-20 11:26:03.663141+00:00
[2024-09-20T11:26:07.903+0000] {standard_task_runner.py:104} INFO - Running: ['***', 'tasks', 'run', 'my_first_dag', 'saludando', 'manual__2024-09-20T11:26:03.663141+00:00', '--job-id', '23', '--raw', '--subdir', 'DAGS_FOLDER/my_first_dag.py', '--cfg-path', '/tmp/tmpx44eshd3']
[2024-09-20T11:26:07.906+0000] {standard_task_runner.py:105} INFO - Job 23: Subtask saludando
[2024-09-20T11:26:07.902+0000] {warnings.py:112} WARNING - /home/***/.local/lib/python3.12/site-packages/***/task/task_runner/standard_task_runner.py:70: DeprecationWarning: This process (pid=851) is multi-threaded, use of fork() may lead to deadlocks in the child.
  pid = os.fork()

[2024-09-20T11:26:07.912+0000] {standard_task_runner.py:72} INFO - Started process 853 to run task
[2024-09-20T11:26:07.981+0000] {task_command.py:467} INFO - Running <TaskInstance: my_first_dag.saludando manual__2024-09-20T11:26:03.663141+00:00 [running]> on host e7275b2d8499
[2024-09-20T11:26:08.047+0000] {taskinstance.py:3122} INFO - Exporting env vars: AIRFLOW_CTX_DAG_OWNER='***' AIRFLOW_CTX_DAG_ID='my_first_dag' AIRFLOW_CTX_TASK_ID='saludando' AIRFLOW_CTX_EXECUTION_DATE='2024-09-20T11:26:03.663141+00:00' AIRFLOW_CTX_TRY_NUMBER='1' AIRFLOW_CTX_DAG_RUN_ID='manual__2024-09-20T11:26:03.663141+00:00'
[2024-09-20T11:26:08.049+0000] {logging_mixin.py:190} INFO - Task instance is in running state
[2024-09-20T11:26:08.049+0000] {logging_mixin.py:190} INFO -  Previous state of the Task instance: queued
[2024-09-20T11:26:08.049+0000] {logging_mixin.py:190} INFO - Current task name:saludando state:running start_date:2024-09-20 11:26:07.867342+00:00
[2024-09-20T11:26:08.049+0000] {logging_mixin.py:190} INFO - Dag name:my_first_dag and current dag run status:running
[2024-09-20T11:26:08.049+0000] {taskinstance.py:731} INFO - ::endgroup::
[2024-09-20T11:26:08.052+0000] {subprocess.py:63} INFO - Tmp dir root location: /tmp
[2024-09-20T11:26:08.053+0000] {subprocess.py:75} INFO - Running command: ['/usr/bin/bash', '-c', "echo 'hola mundo'"]
[2024-09-20T11:26:08.060+0000] {subprocess.py:86} INFO - Output:
[2024-09-20T11:26:08.071+0000] {subprocess.py:93} INFO - hola mundo
[2024-09-20T11:26:08.071+0000] {subprocess.py:97} INFO - Command exited with return code 0
[2024-09-20T11:26:08.090+0000] {taskinstance.py:340} INFO - ::group::Post task execution logs
[2024-09-20T11:26:08.091+0000] {taskinstance.py:352} INFO - Marking task as SUCCESS. dag_id=my_first_dag, task_id=saludando, run_id=manual__2024-09-20T11:26:03.663141+00:00, execution_date=20240920T112603, start_date=20240920T112607, end_date=20240920T112608
[2024-09-20T11:26:08.094+0000] {logging_mixin.py:190} INFO - Task instance in success state
[2024-09-20T11:26:08.095+0000] {logging_mixin.py:190} INFO -  Previous state of the Task instance: running
[2024-09-20T11:26:08.095+0000] {logging_mixin.py:190} INFO - Dag name:my_first_dag queued_at:2024-09-20 11:26:03.683151+00:00
[2024-09-20T11:26:08.095+0000] {logging_mixin.py:190} INFO - Task hostname:e7275b2d8499 operator:BashOperator
[2024-09-20T11:26:08.101+0000] {local_task_job_runner.py:261} INFO - Task exited with return code 0
[2024-09-20T11:26:08.110+0000] {taskinstance.py:3891} INFO - 0 downstream tasks scheduled from follow-on schedule check
[2024-09-20T11:26:08.110+0000] {local_task_job_runner.py:240} INFO - ::endgroup::
