[2024-09-19T18:15:45.190+0000] {local_task_job_runner.py:123} INFO - ::group::Pre task execution logs
[2024-09-19T18:15:45.243+0000] {taskinstance.py:2603} INFO - Dependencies all met for dep_context=non-requeueable deps ti=<TaskInstance: example_kubernetes_executor.start_task manual__2024-08-23T12:11:31.454459+00:00 [queued]>
[2024-09-19T18:15:45.250+0000] {taskinstance.py:2603} INFO - Dependencies all met for dep_context=requeueable deps ti=<TaskInstance: example_kubernetes_executor.start_task manual__2024-08-23T12:11:31.454459+00:00 [queued]>
[2024-09-19T18:15:45.250+0000] {taskinstance.py:2856} INFO - Starting attempt 1 of 1
[2024-09-19T18:15:45.259+0000] {taskinstance.py:2879} INFO - Executing <Task(_PythonDecoratedOperator): start_task> on 2024-08-23 12:11:31.454459+00:00
[2024-09-19T18:15:45.273+0000] {standard_task_runner.py:104} INFO - Running: ['***', 'tasks', 'run', 'example_kubernetes_executor', 'start_task', 'manual__2024-08-23T12:11:31.454459+00:00', '--job-id', '5', '--raw', '--subdir', '/home/***/.local/lib/python3.12/site-packages/***/example_dags/example_kubernetes_executor.py', '--cfg-path', '/tmp/tmpil63fe7p']
[2024-09-19T18:15:45.274+0000] {standard_task_runner.py:105} INFO - Job 5: Subtask start_task
[2024-09-19T18:15:45.271+0000] {warnings.py:112} WARNING - /home/***/.local/lib/python3.12/site-packages/***/task/task_runner/standard_task_runner.py:70: DeprecationWarning: This process (pid=63) is multi-threaded, use of fork() may lead to deadlocks in the child.
  pid = os.fork()

[2024-09-19T18:15:45.279+0000] {standard_task_runner.py:72} INFO - Started process 65 to run task
[2024-09-19T18:15:45.350+0000] {task_command.py:467} INFO - Running <TaskInstance: example_kubernetes_executor.start_task manual__2024-08-23T12:11:31.454459+00:00 [running]> on host 060c2ffa21d4
[2024-09-19T18:15:45.425+0000] {taskinstance.py:3122} INFO - Exporting env vars: AIRFLOW_CTX_DAG_OWNER='***' AIRFLOW_CTX_DAG_ID='example_kubernetes_executor' AIRFLOW_CTX_TASK_ID='start_task' AIRFLOW_CTX_EXECUTION_DATE='2024-08-23T12:11:31.454459+00:00' AIRFLOW_CTX_TRY_NUMBER='1' AIRFLOW_CTX_DAG_RUN_ID='manual__2024-08-23T12:11:31.454459+00:00'
[2024-09-19T18:15:45.426+0000] {logging_mixin.py:190} INFO - Task instance is in running state
[2024-09-19T18:15:45.426+0000] {logging_mixin.py:190} INFO -  Previous state of the Task instance: queued
[2024-09-19T18:15:45.426+0000] {logging_mixin.py:190} INFO - Current task name:start_task state:running start_date:2024-09-19 18:15:45.244655+00:00
[2024-09-19T18:15:45.426+0000] {logging_mixin.py:190} INFO - Dag name:example_kubernetes_executor and current dag run status:running
[2024-09-19T18:15:45.426+0000] {taskinstance.py:731} INFO - ::endgroup::
[2024-09-19T18:15:45.427+0000] {logging_mixin.py:190} INFO - annotated!
[2024-09-19T18:15:45.427+0000] {python.py:240} INFO - Done. Returned value was: None
[2024-09-19T18:15:45.432+0000] {taskinstance.py:340} INFO - ::group::Post task execution logs
[2024-09-19T18:15:45.432+0000] {taskinstance.py:352} INFO - Marking task as SUCCESS. dag_id=example_kubernetes_executor, task_id=start_task, run_id=manual__2024-08-23T12:11:31.454459+00:00, execution_date=20240823T121131, start_date=20240919T181545, end_date=20240919T181545
[2024-09-19T18:15:45.436+0000] {logging_mixin.py:190} INFO - Task instance in success state
[2024-09-19T18:15:45.436+0000] {logging_mixin.py:190} INFO -  Previous state of the Task instance: running
[2024-09-19T18:15:45.436+0000] {logging_mixin.py:190} INFO - Dag name:example_kubernetes_executor queued_at:2024-08-23 12:11:31.507597+00:00
[2024-09-19T18:15:45.436+0000] {logging_mixin.py:190} INFO - Task hostname:060c2ffa21d4 operator:_PythonDecoratedOperator
[2024-09-19T18:15:45.467+0000] {local_task_job_runner.py:261} INFO - Task exited with return code 0
[2024-09-19T18:15:45.501+0000] {taskinstance.py:3891} INFO - 3 downstream tasks scheduled from follow-on schedule check
[2024-09-19T18:15:45.502+0000] {local_task_job_runner.py:240} INFO - ::endgroup::
