[2024-09-20T10:16:15.557+0000] {local_task_job_runner.py:123} INFO - ::group::Pre task execution logs
[2024-09-20T10:16:15.575+0000] {taskinstance.py:2603} INFO - Dependencies all met for dep_context=non-requeueable deps ti=<TaskInstance: dataset_consumes_1.consuming_1 manual__2024-09-20T10:16:11.925361+00:00 [queued]>
[2024-09-20T10:16:15.581+0000] {taskinstance.py:2603} INFO - Dependencies all met for dep_context=requeueable deps ti=<TaskInstance: dataset_consumes_1.consuming_1 manual__2024-09-20T10:16:11.925361+00:00 [queued]>
[2024-09-20T10:16:15.582+0000] {taskinstance.py:2856} INFO - Starting attempt 1 of 1
[2024-09-20T10:16:15.598+0000] {taskinstance.py:2879} INFO - Executing <Task(BashOperator): consuming_1> on 2024-09-20 10:16:11.925361+00:00
[2024-09-20T10:16:15.626+0000] {warnings.py:112} WARNING - /home/***/.local/lib/python3.12/site-packages/***/task/task_runner/standard_task_runner.py:70: DeprecationWarning: This process (pid=98) is multi-threaded, use of fork() may lead to deadlocks in the child.
  pid = os.fork()

[2024-09-20T10:16:15.629+0000] {standard_task_runner.py:72} INFO - Started process 107 to run task
[2024-09-20T10:16:15.627+0000] {standard_task_runner.py:104} INFO - Running: ['***', 'tasks', 'run', 'dataset_consumes_1', 'consuming_1', 'manual__2024-09-20T10:16:11.925361+00:00', '--job-id', '13', '--raw', '--subdir', '/home/***/.local/lib/python3.12/site-packages/***/example_dags/example_datasets.py', '--cfg-path', '/tmp/tmpqkwhj95k']
[2024-09-20T10:16:15.630+0000] {standard_task_runner.py:105} INFO - Job 13: Subtask consuming_1
[2024-09-20T10:16:15.777+0000] {task_command.py:467} INFO - Running <TaskInstance: dataset_consumes_1.consuming_1 manual__2024-09-20T10:16:11.925361+00:00 [running]> on host e7275b2d8499
[2024-09-20T10:16:15.858+0000] {taskinstance.py:3122} INFO - Exporting env vars: AIRFLOW_CTX_DAG_OWNER='***' AIRFLOW_CTX_DAG_ID='dataset_consumes_1' AIRFLOW_CTX_TASK_ID='consuming_1' AIRFLOW_CTX_EXECUTION_DATE='2024-09-20T10:16:11.925361+00:00' AIRFLOW_CTX_TRY_NUMBER='1' AIRFLOW_CTX_DAG_RUN_ID='manual__2024-09-20T10:16:11.925361+00:00'
[2024-09-20T10:16:15.861+0000] {logging_mixin.py:190} INFO - Task instance is in running state
[2024-09-20T10:16:15.861+0000] {logging_mixin.py:190} INFO -  Previous state of the Task instance: queued
[2024-09-20T10:16:15.861+0000] {logging_mixin.py:190} INFO - Current task name:consuming_1 state:running start_date:2024-09-20 10:16:15.575833+00:00
[2024-09-20T10:16:15.861+0000] {logging_mixin.py:190} INFO - Dag name:dataset_consumes_1 and current dag run status:running
[2024-09-20T10:16:15.862+0000] {taskinstance.py:731} INFO - ::endgroup::
[2024-09-20T10:16:15.863+0000] {subprocess.py:63} INFO - Tmp dir root location: /tmp
[2024-09-20T10:16:15.864+0000] {subprocess.py:75} INFO - Running command: ['/usr/bin/bash', '-c', 'sleep 5']
[2024-09-20T10:16:15.874+0000] {subprocess.py:86} INFO - Output:
[2024-09-20T10:16:20.888+0000] {subprocess.py:97} INFO - Command exited with return code 0
[2024-09-20T10:16:20.961+0000] {taskinstance.py:340} INFO - ::group::Post task execution logs
[2024-09-20T10:16:20.962+0000] {taskinstance.py:352} INFO - Marking task as SUCCESS. dag_id=dataset_consumes_1, task_id=consuming_1, run_id=manual__2024-09-20T10:16:11.925361+00:00, execution_date=20240920T101611, start_date=20240920T101615, end_date=20240920T101620
[2024-09-20T10:16:20.982+0000] {logging_mixin.py:190} INFO - Task instance in success state
[2024-09-20T10:16:20.982+0000] {logging_mixin.py:190} INFO -  Previous state of the Task instance: running
[2024-09-20T10:16:20.982+0000] {logging_mixin.py:190} INFO - Dag name:dataset_consumes_1 queued_at:2024-09-20 10:16:12.005523+00:00
[2024-09-20T10:16:20.982+0000] {logging_mixin.py:190} INFO - Task hostname:e7275b2d8499 operator:BashOperator
[2024-09-20T10:16:20.998+0000] {local_task_job_runner.py:261} INFO - Task exited with return code 0
[2024-09-20T10:16:21.012+0000] {taskinstance.py:3891} INFO - 0 downstream tasks scheduled from follow-on schedule check
[2024-09-20T10:16:21.013+0000] {local_task_job_runner.py:240} INFO - ::endgroup::
