[2024-09-20T10:17:51.456+0000] {local_task_job_runner.py:123} INFO - ::group::Pre task execution logs
[2024-09-20T10:17:51.469+0000] {taskinstance.py:2603} INFO - Dependencies all met for dep_context=non-requeueable deps ti=<TaskInstance: example_python_operator.sleep_for_2 manual__2024-09-20T10:17:43.143240+00:00 [queued]>
[2024-09-20T10:17:51.475+0000] {taskinstance.py:2603} INFO - Dependencies all met for dep_context=requeueable deps ti=<TaskInstance: example_python_operator.sleep_for_2 manual__2024-09-20T10:17:43.143240+00:00 [queued]>
[2024-09-20T10:17:51.475+0000] {taskinstance.py:2856} INFO - Starting attempt 1 of 1
[2024-09-20T10:17:51.486+0000] {taskinstance.py:2879} INFO - Executing <Task(PythonOperator): sleep_for_2> on 2024-09-20 10:17:43.143240+00:00
[2024-09-20T10:17:51.501+0000] {warnings.py:112} WARNING - /home/***/.local/lib/python3.12/site-packages/***/task/task_runner/standard_task_runner.py:70: DeprecationWarning: This process (pid=139) is multi-threaded, use of fork() may lead to deadlocks in the child.
  pid = os.fork()

[2024-09-20T10:17:51.504+0000] {standard_task_runner.py:72} INFO - Started process 157 to run task
[2024-09-20T10:17:51.503+0000] {standard_task_runner.py:104} INFO - Running: ['***', 'tasks', 'run', 'example_python_operator', 'sleep_for_2', 'manual__2024-09-20T10:17:43.143240+00:00', '--job-id', '17', '--raw', '--subdir', '/home/***/.local/lib/python3.12/site-packages/***/example_dags/example_python_operator.py', '--cfg-path', '/tmp/tmprn8x0qmh']
[2024-09-20T10:17:51.505+0000] {standard_task_runner.py:105} INFO - Job 17: Subtask sleep_for_2
[2024-09-20T10:17:51.573+0000] {task_command.py:467} INFO - Running <TaskInstance: example_python_operator.sleep_for_2 manual__2024-09-20T10:17:43.143240+00:00 [running]> on host e7275b2d8499
[2024-09-20T10:17:51.686+0000] {taskinstance.py:3122} INFO - Exporting env vars: AIRFLOW_CTX_DAG_OWNER='***' AIRFLOW_CTX_DAG_ID='example_python_operator' AIRFLOW_CTX_TASK_ID='sleep_for_2' AIRFLOW_CTX_EXECUTION_DATE='2024-09-20T10:17:43.143240+00:00' AIRFLOW_CTX_TRY_NUMBER='1' AIRFLOW_CTX_DAG_RUN_ID='manual__2024-09-20T10:17:43.143240+00:00'
[2024-09-20T10:17:51.687+0000] {logging_mixin.py:190} INFO - Task instance is in running state
[2024-09-20T10:17:51.687+0000] {logging_mixin.py:190} INFO -  Previous state of the Task instance: queued
[2024-09-20T10:17:51.687+0000] {logging_mixin.py:190} INFO - Current task name:sleep_for_2 state:running start_date:2024-09-20 10:17:51.470156+00:00
[2024-09-20T10:17:51.687+0000] {logging_mixin.py:190} INFO - Dag name:example_python_operator and current dag run status:running
[2024-09-20T10:17:51.687+0000] {taskinstance.py:731} INFO - ::endgroup::
[2024-09-20T10:17:51.890+0000] {python.py:240} INFO - Done. Returned value was: None
[2024-09-20T10:17:51.910+0000] {taskinstance.py:340} INFO - ::group::Post task execution logs
[2024-09-20T10:17:51.912+0000] {taskinstance.py:352} INFO - Marking task as SUCCESS. dag_id=example_python_operator, task_id=sleep_for_2, run_id=manual__2024-09-20T10:17:43.143240+00:00, execution_date=20240920T101743, start_date=20240920T101751, end_date=20240920T101751
[2024-09-20T10:17:51.935+0000] {logging_mixin.py:190} INFO - Task instance in success state
[2024-09-20T10:17:51.936+0000] {logging_mixin.py:190} INFO -  Previous state of the Task instance: running
[2024-09-20T10:17:51.936+0000] {logging_mixin.py:190} INFO - Dag name:example_python_operator queued_at:2024-09-20 10:17:43.156099+00:00
[2024-09-20T10:17:51.937+0000] {logging_mixin.py:190} INFO - Task hostname:e7275b2d8499 operator:PythonOperator
[2024-09-20T10:17:51.976+0000] {local_task_job_runner.py:261} INFO - Task exited with return code 0
[2024-09-20T10:17:52.009+0000] {taskinstance.py:3891} INFO - 0 downstream tasks scheduled from follow-on schedule check
[2024-09-20T10:17:52.096+0000] {local_task_job_runner.py:240} INFO - ::endgroup::
